[2024-01-04T21:52:43.859+0000] {processor.py:161} INFO - Started process (PID=49) to work on /home/airflow/.local/lib/python3.8/site-packages/airflow/example_dags/example_branch_datetime_operator.py
[2024-01-04T21:52:43.860+0000] {processor.py:830} INFO - Processing file /home/airflow/.local/lib/python3.8/site-packages/airflow/example_dags/example_branch_datetime_operator.py for tasks to queue
[2024-01-04T21:52:43.862+0000] {logging_mixin.py:188} INFO - [2024-01-04T21:52:43.862+0000] {dagbag.py:538} INFO - Filling up the DagBag from /home/airflow/.local/lib/python3.8/site-packages/airflow/example_dags/example_branch_datetime_operator.py
[2024-01-04T21:52:43.870+0000] {processor.py:840} INFO - DAG(s) 'example_branch_datetime_operator_3', 'example_branch_datetime_operator_2', 'example_branch_datetime_operator' retrieved from /home/airflow/.local/lib/python3.8/site-packages/airflow/example_dags/example_branch_datetime_operator.py
[2024-01-04T21:52:43.892+0000] {logging_mixin.py:188} INFO - [2024-01-04T21:52:43.892+0000] {dag.py:3033} INFO - Sync 3 DAGs
[2024-01-04T21:52:43.914+0000] {logging_mixin.py:188} INFO - [2024-01-04T21:52:43.914+0000] {dag.py:3820} INFO - Setting next_dagrun for example_branch_datetime_operator to 2024-01-03T00:00:00+00:00, run_after=2024-01-04T00:00:00+00:00
[2024-01-04T21:52:43.920+0000] {logging_mixin.py:188} INFO - [2024-01-04T21:52:43.920+0000] {dag.py:3820} INFO - Setting next_dagrun for example_branch_datetime_operator_2 to 2024-01-03T00:00:00+00:00, run_after=2024-01-04T00:00:00+00:00
[2024-01-04T21:52:43.923+0000] {logging_mixin.py:188} INFO - [2024-01-04T21:52:43.923+0000] {dag.py:3820} INFO - Setting next_dagrun for example_branch_datetime_operator_3 to 2024-01-03T00:00:00+00:00, run_after=2024-01-04T00:00:00+00:00
[2024-01-04T21:52:43.936+0000] {processor.py:183} INFO - Processing /home/airflow/.local/lib/python3.8/site-packages/airflow/example_dags/example_branch_datetime_operator.py took 0.080 seconds
[2024-01-04T21:53:14.263+0000] {processor.py:161} INFO - Started process (PID=103) to work on /home/airflow/.local/lib/python3.8/site-packages/airflow/example_dags/example_branch_datetime_operator.py
[2024-01-04T21:53:14.264+0000] {processor.py:830} INFO - Processing file /home/airflow/.local/lib/python3.8/site-packages/airflow/example_dags/example_branch_datetime_operator.py for tasks to queue
[2024-01-04T21:53:14.266+0000] {logging_mixin.py:188} INFO - [2024-01-04T21:53:14.266+0000] {dagbag.py:538} INFO - Filling up the DagBag from /home/airflow/.local/lib/python3.8/site-packages/airflow/example_dags/example_branch_datetime_operator.py
[2024-01-04T21:53:14.276+0000] {processor.py:840} INFO - DAG(s) 'example_branch_datetime_operator', 'example_branch_datetime_operator_3', 'example_branch_datetime_operator_2' retrieved from /home/airflow/.local/lib/python3.8/site-packages/airflow/example_dags/example_branch_datetime_operator.py
[2024-01-04T21:53:14.303+0000] {logging_mixin.py:188} INFO - [2024-01-04T21:53:14.303+0000] {dag.py:3033} INFO - Sync 3 DAGs
[2024-01-04T21:53:14.323+0000] {logging_mixin.py:188} INFO - [2024-01-04T21:53:14.323+0000] {dag.py:3820} INFO - Setting next_dagrun for example_branch_datetime_operator to 2024-01-03T00:00:00+00:00, run_after=2024-01-04T00:00:00+00:00
[2024-01-04T21:53:14.329+0000] {logging_mixin.py:188} INFO - [2024-01-04T21:53:14.328+0000] {dag.py:3820} INFO - Setting next_dagrun for example_branch_datetime_operator_2 to 2024-01-03T00:00:00+00:00, run_after=2024-01-04T00:00:00+00:00
[2024-01-04T21:53:14.332+0000] {logging_mixin.py:188} INFO - [2024-01-04T21:53:14.331+0000] {dag.py:3820} INFO - Setting next_dagrun for example_branch_datetime_operator_3 to 2024-01-03T00:00:00+00:00, run_after=2024-01-04T00:00:00+00:00
[2024-01-04T21:53:14.346+0000] {processor.py:183} INFO - Processing /home/airflow/.local/lib/python3.8/site-packages/airflow/example_dags/example_branch_datetime_operator.py took 0.086 seconds
[2024-01-04T21:53:44.750+0000] {processor.py:161} INFO - Started process (PID=158) to work on /home/airflow/.local/lib/python3.8/site-packages/airflow/example_dags/example_branch_datetime_operator.py
[2024-01-04T21:53:44.750+0000] {processor.py:830} INFO - Processing file /home/airflow/.local/lib/python3.8/site-packages/airflow/example_dags/example_branch_datetime_operator.py for tasks to queue
[2024-01-04T21:53:44.752+0000] {logging_mixin.py:188} INFO - [2024-01-04T21:53:44.752+0000] {dagbag.py:538} INFO - Filling up the DagBag from /home/airflow/.local/lib/python3.8/site-packages/airflow/example_dags/example_branch_datetime_operator.py
[2024-01-04T21:53:44.758+0000] {processor.py:840} INFO - DAG(s) 'example_branch_datetime_operator', 'example_branch_datetime_operator_3', 'example_branch_datetime_operator_2' retrieved from /home/airflow/.local/lib/python3.8/site-packages/airflow/example_dags/example_branch_datetime_operator.py
[2024-01-04T21:53:44.775+0000] {logging_mixin.py:188} INFO - [2024-01-04T21:53:44.775+0000] {dag.py:3033} INFO - Sync 3 DAGs
[2024-01-04T21:53:44.791+0000] {logging_mixin.py:188} INFO - [2024-01-04T21:53:44.791+0000] {dag.py:3820} INFO - Setting next_dagrun for example_branch_datetime_operator to 2024-01-03T00:00:00+00:00, run_after=2024-01-04T00:00:00+00:00
[2024-01-04T21:53:44.795+0000] {logging_mixin.py:188} INFO - [2024-01-04T21:53:44.795+0000] {dag.py:3820} INFO - Setting next_dagrun for example_branch_datetime_operator_2 to 2024-01-03T00:00:00+00:00, run_after=2024-01-04T00:00:00+00:00
[2024-01-04T21:53:44.797+0000] {logging_mixin.py:188} INFO - [2024-01-04T21:53:44.797+0000] {dag.py:3820} INFO - Setting next_dagrun for example_branch_datetime_operator_3 to 2024-01-03T00:00:00+00:00, run_after=2024-01-04T00:00:00+00:00
[2024-01-04T21:53:44.808+0000] {processor.py:183} INFO - Processing /home/airflow/.local/lib/python3.8/site-packages/airflow/example_dags/example_branch_datetime_operator.py took 0.061 seconds
[2024-01-04T21:54:15.074+0000] {processor.py:161} INFO - Started process (PID=213) to work on /home/airflow/.local/lib/python3.8/site-packages/airflow/example_dags/example_branch_datetime_operator.py
[2024-01-04T21:54:15.075+0000] {processor.py:830} INFO - Processing file /home/airflow/.local/lib/python3.8/site-packages/airflow/example_dags/example_branch_datetime_operator.py for tasks to queue
[2024-01-04T21:54:15.077+0000] {logging_mixin.py:188} INFO - [2024-01-04T21:54:15.077+0000] {dagbag.py:538} INFO - Filling up the DagBag from /home/airflow/.local/lib/python3.8/site-packages/airflow/example_dags/example_branch_datetime_operator.py
[2024-01-04T21:54:15.086+0000] {processor.py:840} INFO - DAG(s) 'example_branch_datetime_operator', 'example_branch_datetime_operator_2', 'example_branch_datetime_operator_3' retrieved from /home/airflow/.local/lib/python3.8/site-packages/airflow/example_dags/example_branch_datetime_operator.py
[2024-01-04T21:54:15.125+0000] {logging_mixin.py:188} INFO - [2024-01-04T21:54:15.125+0000] {dag.py:3033} INFO - Sync 3 DAGs
[2024-01-04T21:54:15.157+0000] {logging_mixin.py:188} INFO - [2024-01-04T21:54:15.157+0000] {dag.py:3820} INFO - Setting next_dagrun for example_branch_datetime_operator to 2024-01-03T00:00:00+00:00, run_after=2024-01-04T00:00:00+00:00
[2024-01-04T21:54:15.164+0000] {logging_mixin.py:188} INFO - [2024-01-04T21:54:15.163+0000] {dag.py:3820} INFO - Setting next_dagrun for example_branch_datetime_operator_2 to 2024-01-03T00:00:00+00:00, run_after=2024-01-04T00:00:00+00:00
[2024-01-04T21:54:15.166+0000] {logging_mixin.py:188} INFO - [2024-01-04T21:54:15.166+0000] {dag.py:3820} INFO - Setting next_dagrun for example_branch_datetime_operator_3 to 2024-01-03T00:00:00+00:00, run_after=2024-01-04T00:00:00+00:00
[2024-01-04T21:54:15.182+0000] {processor.py:183} INFO - Processing /home/airflow/.local/lib/python3.8/site-packages/airflow/example_dags/example_branch_datetime_operator.py took 0.111 seconds
[2024-01-04T21:54:45.393+0000] {processor.py:161} INFO - Started process (PID=269) to work on /home/airflow/.local/lib/python3.8/site-packages/airflow/example_dags/example_branch_datetime_operator.py
[2024-01-04T21:54:45.393+0000] {processor.py:830} INFO - Processing file /home/airflow/.local/lib/python3.8/site-packages/airflow/example_dags/example_branch_datetime_operator.py for tasks to queue
[2024-01-04T21:54:45.396+0000] {logging_mixin.py:188} INFO - [2024-01-04T21:54:45.396+0000] {dagbag.py:538} INFO - Filling up the DagBag from /home/airflow/.local/lib/python3.8/site-packages/airflow/example_dags/example_branch_datetime_operator.py
[2024-01-04T21:54:45.403+0000] {processor.py:840} INFO - DAG(s) 'example_branch_datetime_operator_2', 'example_branch_datetime_operator', 'example_branch_datetime_operator_3' retrieved from /home/airflow/.local/lib/python3.8/site-packages/airflow/example_dags/example_branch_datetime_operator.py
[2024-01-04T21:54:45.424+0000] {logging_mixin.py:188} INFO - [2024-01-04T21:54:45.424+0000] {dag.py:3033} INFO - Sync 3 DAGs
[2024-01-04T21:54:45.442+0000] {logging_mixin.py:188} INFO - [2024-01-04T21:54:45.441+0000] {dag.py:3820} INFO - Setting next_dagrun for example_branch_datetime_operator to 2024-01-03T00:00:00+00:00, run_after=2024-01-04T00:00:00+00:00
[2024-01-04T21:54:45.446+0000] {logging_mixin.py:188} INFO - [2024-01-04T21:54:45.446+0000] {dag.py:3820} INFO - Setting next_dagrun for example_branch_datetime_operator_2 to 2024-01-03T00:00:00+00:00, run_after=2024-01-04T00:00:00+00:00
[2024-01-04T21:54:45.449+0000] {logging_mixin.py:188} INFO - [2024-01-04T21:54:45.449+0000] {dag.py:3820} INFO - Setting next_dagrun for example_branch_datetime_operator_3 to 2024-01-03T00:00:00+00:00, run_after=2024-01-04T00:00:00+00:00
[2024-01-04T21:54:45.464+0000] {processor.py:183} INFO - Processing /home/airflow/.local/lib/python3.8/site-packages/airflow/example_dags/example_branch_datetime_operator.py took 0.073 seconds
[2024-01-04T21:55:15.576+0000] {processor.py:161} INFO - Started process (PID=324) to work on /home/airflow/.local/lib/python3.8/site-packages/airflow/example_dags/example_branch_datetime_operator.py
[2024-01-04T21:55:15.577+0000] {processor.py:830} INFO - Processing file /home/airflow/.local/lib/python3.8/site-packages/airflow/example_dags/example_branch_datetime_operator.py for tasks to queue
[2024-01-04T21:55:15.579+0000] {logging_mixin.py:188} INFO - [2024-01-04T21:55:15.578+0000] {dagbag.py:538} INFO - Filling up the DagBag from /home/airflow/.local/lib/python3.8/site-packages/airflow/example_dags/example_branch_datetime_operator.py
[2024-01-04T21:55:15.585+0000] {processor.py:840} INFO - DAG(s) 'example_branch_datetime_operator', 'example_branch_datetime_operator_3', 'example_branch_datetime_operator_2' retrieved from /home/airflow/.local/lib/python3.8/site-packages/airflow/example_dags/example_branch_datetime_operator.py
[2024-01-04T21:55:15.604+0000] {logging_mixin.py:188} INFO - [2024-01-04T21:55:15.604+0000] {dag.py:3033} INFO - Sync 3 DAGs
[2024-01-04T21:55:15.621+0000] {logging_mixin.py:188} INFO - [2024-01-04T21:55:15.621+0000] {dag.py:3820} INFO - Setting next_dagrun for example_branch_datetime_operator to 2024-01-03T00:00:00+00:00, run_after=2024-01-04T00:00:00+00:00
[2024-01-04T21:55:15.625+0000] {logging_mixin.py:188} INFO - [2024-01-04T21:55:15.625+0000] {dag.py:3820} INFO - Setting next_dagrun for example_branch_datetime_operator_2 to 2024-01-03T00:00:00+00:00, run_after=2024-01-04T00:00:00+00:00
[2024-01-04T21:55:15.628+0000] {logging_mixin.py:188} INFO - [2024-01-04T21:55:15.628+0000] {dag.py:3820} INFO - Setting next_dagrun for example_branch_datetime_operator_3 to 2024-01-03T00:00:00+00:00, run_after=2024-01-04T00:00:00+00:00
[2024-01-04T21:55:15.650+0000] {processor.py:183} INFO - Processing /home/airflow/.local/lib/python3.8/site-packages/airflow/example_dags/example_branch_datetime_operator.py took 0.076 seconds
[2024-01-04T21:55:45.933+0000] {processor.py:161} INFO - Started process (PID=379) to work on /home/airflow/.local/lib/python3.8/site-packages/airflow/example_dags/example_branch_datetime_operator.py
[2024-01-04T21:55:45.934+0000] {processor.py:830} INFO - Processing file /home/airflow/.local/lib/python3.8/site-packages/airflow/example_dags/example_branch_datetime_operator.py for tasks to queue
[2024-01-04T21:55:45.935+0000] {logging_mixin.py:188} INFO - [2024-01-04T21:55:45.935+0000] {dagbag.py:538} INFO - Filling up the DagBag from /home/airflow/.local/lib/python3.8/site-packages/airflow/example_dags/example_branch_datetime_operator.py
[2024-01-04T21:55:45.943+0000] {processor.py:840} INFO - DAG(s) 'example_branch_datetime_operator_3', 'example_branch_datetime_operator_2', 'example_branch_datetime_operator' retrieved from /home/airflow/.local/lib/python3.8/site-packages/airflow/example_dags/example_branch_datetime_operator.py
[2024-01-04T21:55:45.962+0000] {logging_mixin.py:188} INFO - [2024-01-04T21:55:45.962+0000] {dag.py:3033} INFO - Sync 3 DAGs
[2024-01-04T21:55:45.980+0000] {logging_mixin.py:188} INFO - [2024-01-04T21:55:45.979+0000] {dag.py:3820} INFO - Setting next_dagrun for example_branch_datetime_operator to 2024-01-03T00:00:00+00:00, run_after=2024-01-04T00:00:00+00:00
[2024-01-04T21:55:45.984+0000] {logging_mixin.py:188} INFO - [2024-01-04T21:55:45.984+0000] {dag.py:3820} INFO - Setting next_dagrun for example_branch_datetime_operator_2 to 2024-01-03T00:00:00+00:00, run_after=2024-01-04T00:00:00+00:00
[2024-01-04T21:55:45.987+0000] {logging_mixin.py:188} INFO - [2024-01-04T21:55:45.987+0000] {dag.py:3820} INFO - Setting next_dagrun for example_branch_datetime_operator_3 to 2024-01-03T00:00:00+00:00, run_after=2024-01-04T00:00:00+00:00
[2024-01-04T21:55:46.001+0000] {processor.py:183} INFO - Processing /home/airflow/.local/lib/python3.8/site-packages/airflow/example_dags/example_branch_datetime_operator.py took 0.070 seconds
[2024-01-04T21:56:16.137+0000] {processor.py:161} INFO - Started process (PID=434) to work on /home/airflow/.local/lib/python3.8/site-packages/airflow/example_dags/example_branch_datetime_operator.py
[2024-01-04T21:56:16.138+0000] {processor.py:830} INFO - Processing file /home/airflow/.local/lib/python3.8/site-packages/airflow/example_dags/example_branch_datetime_operator.py for tasks to queue
[2024-01-04T21:56:16.140+0000] {logging_mixin.py:188} INFO - [2024-01-04T21:56:16.139+0000] {dagbag.py:538} INFO - Filling up the DagBag from /home/airflow/.local/lib/python3.8/site-packages/airflow/example_dags/example_branch_datetime_operator.py
[2024-01-04T21:56:16.148+0000] {processor.py:840} INFO - DAG(s) 'example_branch_datetime_operator_2', 'example_branch_datetime_operator', 'example_branch_datetime_operator_3' retrieved from /home/airflow/.local/lib/python3.8/site-packages/airflow/example_dags/example_branch_datetime_operator.py
[2024-01-04T21:56:16.170+0000] {logging_mixin.py:188} INFO - [2024-01-04T21:56:16.169+0000] {dag.py:3033} INFO - Sync 3 DAGs
[2024-01-04T21:56:16.189+0000] {logging_mixin.py:188} INFO - [2024-01-04T21:56:16.188+0000] {dag.py:3820} INFO - Setting next_dagrun for example_branch_datetime_operator to 2024-01-03T00:00:00+00:00, run_after=2024-01-04T00:00:00+00:00
[2024-01-04T21:56:16.194+0000] {logging_mixin.py:188} INFO - [2024-01-04T21:56:16.193+0000] {dag.py:3820} INFO - Setting next_dagrun for example_branch_datetime_operator_2 to 2024-01-03T00:00:00+00:00, run_after=2024-01-04T00:00:00+00:00
[2024-01-04T21:56:16.197+0000] {logging_mixin.py:188} INFO - [2024-01-04T21:56:16.197+0000] {dag.py:3820} INFO - Setting next_dagrun for example_branch_datetime_operator_3 to 2024-01-03T00:00:00+00:00, run_after=2024-01-04T00:00:00+00:00
[2024-01-04T21:56:16.212+0000] {processor.py:183} INFO - Processing /home/airflow/.local/lib/python3.8/site-packages/airflow/example_dags/example_branch_datetime_operator.py took 0.077 seconds
