[2024-01-04T21:52:45.345+0000] {processor.py:161} INFO - Started process (PID=80) to work on /home/airflow/.local/lib/python3.8/site-packages/airflow/example_dags/example_setup_teardown.py
[2024-01-04T21:52:45.346+0000] {processor.py:830} INFO - Processing file /home/airflow/.local/lib/python3.8/site-packages/airflow/example_dags/example_setup_teardown.py for tasks to queue
[2024-01-04T21:52:45.348+0000] {logging_mixin.py:188} INFO - [2024-01-04T21:52:45.348+0000] {dagbag.py:538} INFO - Filling up the DagBag from /home/airflow/.local/lib/python3.8/site-packages/airflow/example_dags/example_setup_teardown.py
[2024-01-04T21:52:45.353+0000] {processor.py:840} INFO - DAG(s) 'example_setup_teardown' retrieved from /home/airflow/.local/lib/python3.8/site-packages/airflow/example_dags/example_setup_teardown.py
[2024-01-04T21:52:45.367+0000] {logging_mixin.py:188} INFO - [2024-01-04T21:52:45.367+0000] {dag.py:3033} INFO - Sync 1 DAGs
[2024-01-04T21:52:45.387+0000] {logging_mixin.py:188} INFO - [2024-01-04T21:52:45.387+0000] {dag.py:3820} INFO - Setting next_dagrun for example_setup_teardown to 2024-01-03T00:00:00+00:00, run_after=2024-01-04T00:00:00+00:00
[2024-01-04T21:52:45.401+0000] {processor.py:183} INFO - Processing /home/airflow/.local/lib/python3.8/site-packages/airflow/example_dags/example_setup_teardown.py took 0.057 seconds
[2024-01-04T21:53:15.945+0000] {processor.py:161} INFO - Started process (PID=134) to work on /home/airflow/.local/lib/python3.8/site-packages/airflow/example_dags/example_setup_teardown.py
[2024-01-04T21:53:15.946+0000] {processor.py:830} INFO - Processing file /home/airflow/.local/lib/python3.8/site-packages/airflow/example_dags/example_setup_teardown.py for tasks to queue
[2024-01-04T21:53:15.948+0000] {logging_mixin.py:188} INFO - [2024-01-04T21:53:15.948+0000] {dagbag.py:538} INFO - Filling up the DagBag from /home/airflow/.local/lib/python3.8/site-packages/airflow/example_dags/example_setup_teardown.py
[2024-01-04T21:53:15.953+0000] {processor.py:840} INFO - DAG(s) 'example_setup_teardown' retrieved from /home/airflow/.local/lib/python3.8/site-packages/airflow/example_dags/example_setup_teardown.py
[2024-01-04T21:53:15.969+0000] {logging_mixin.py:188} INFO - [2024-01-04T21:53:15.969+0000] {dag.py:3033} INFO - Sync 1 DAGs
[2024-01-04T21:53:15.990+0000] {logging_mixin.py:188} INFO - [2024-01-04T21:53:15.990+0000] {dag.py:3820} INFO - Setting next_dagrun for example_setup_teardown to 2024-01-03T00:00:00+00:00, run_after=2024-01-04T00:00:00+00:00
[2024-01-04T21:53:16.008+0000] {processor.py:183} INFO - Processing /home/airflow/.local/lib/python3.8/site-packages/airflow/example_dags/example_setup_teardown.py took 0.066 seconds
[2024-01-04T21:53:46.160+0000] {processor.py:161} INFO - Started process (PID=189) to work on /home/airflow/.local/lib/python3.8/site-packages/airflow/example_dags/example_setup_teardown.py
[2024-01-04T21:53:46.161+0000] {processor.py:830} INFO - Processing file /home/airflow/.local/lib/python3.8/site-packages/airflow/example_dags/example_setup_teardown.py for tasks to queue
[2024-01-04T21:53:46.163+0000] {logging_mixin.py:188} INFO - [2024-01-04T21:53:46.162+0000] {dagbag.py:538} INFO - Filling up the DagBag from /home/airflow/.local/lib/python3.8/site-packages/airflow/example_dags/example_setup_teardown.py
[2024-01-04T21:53:46.168+0000] {processor.py:840} INFO - DAG(s) 'example_setup_teardown' retrieved from /home/airflow/.local/lib/python3.8/site-packages/airflow/example_dags/example_setup_teardown.py
[2024-01-04T21:53:46.187+0000] {logging_mixin.py:188} INFO - [2024-01-04T21:53:46.186+0000] {dag.py:3033} INFO - Sync 1 DAGs
[2024-01-04T21:53:46.205+0000] {logging_mixin.py:188} INFO - [2024-01-04T21:53:46.205+0000] {dag.py:3820} INFO - Setting next_dagrun for example_setup_teardown to 2024-01-03T00:00:00+00:00, run_after=2024-01-04T00:00:00+00:00
[2024-01-04T21:53:46.218+0000] {processor.py:183} INFO - Processing /home/airflow/.local/lib/python3.8/site-packages/airflow/example_dags/example_setup_teardown.py took 0.060 seconds
[2024-01-04T21:54:16.566+0000] {processor.py:161} INFO - Started process (PID=244) to work on /home/airflow/.local/lib/python3.8/site-packages/airflow/example_dags/example_setup_teardown.py
[2024-01-04T21:54:16.567+0000] {processor.py:830} INFO - Processing file /home/airflow/.local/lib/python3.8/site-packages/airflow/example_dags/example_setup_teardown.py for tasks to queue
[2024-01-04T21:54:16.569+0000] {logging_mixin.py:188} INFO - [2024-01-04T21:54:16.568+0000] {dagbag.py:538} INFO - Filling up the DagBag from /home/airflow/.local/lib/python3.8/site-packages/airflow/example_dags/example_setup_teardown.py
[2024-01-04T21:54:16.572+0000] {processor.py:840} INFO - DAG(s) 'example_setup_teardown' retrieved from /home/airflow/.local/lib/python3.8/site-packages/airflow/example_dags/example_setup_teardown.py
[2024-01-04T21:54:16.586+0000] {logging_mixin.py:188} INFO - [2024-01-04T21:54:16.586+0000] {dag.py:3033} INFO - Sync 1 DAGs
[2024-01-04T21:54:16.606+0000] {logging_mixin.py:188} INFO - [2024-01-04T21:54:16.606+0000] {dag.py:3820} INFO - Setting next_dagrun for example_setup_teardown to 2024-01-03T00:00:00+00:00, run_after=2024-01-04T00:00:00+00:00
[2024-01-04T21:54:16.621+0000] {processor.py:183} INFO - Processing /home/airflow/.local/lib/python3.8/site-packages/airflow/example_dags/example_setup_teardown.py took 0.057 seconds
[2024-01-04T21:54:46.699+0000] {processor.py:161} INFO - Started process (PID=300) to work on /home/airflow/.local/lib/python3.8/site-packages/airflow/example_dags/example_setup_teardown.py
[2024-01-04T21:54:46.700+0000] {processor.py:830} INFO - Processing file /home/airflow/.local/lib/python3.8/site-packages/airflow/example_dags/example_setup_teardown.py for tasks to queue
[2024-01-04T21:54:46.702+0000] {logging_mixin.py:188} INFO - [2024-01-04T21:54:46.702+0000] {dagbag.py:538} INFO - Filling up the DagBag from /home/airflow/.local/lib/python3.8/site-packages/airflow/example_dags/example_setup_teardown.py
[2024-01-04T21:54:46.706+0000] {processor.py:840} INFO - DAG(s) 'example_setup_teardown' retrieved from /home/airflow/.local/lib/python3.8/site-packages/airflow/example_dags/example_setup_teardown.py
[2024-01-04T21:54:46.722+0000] {logging_mixin.py:188} INFO - [2024-01-04T21:54:46.721+0000] {dag.py:3033} INFO - Sync 1 DAGs
[2024-01-04T21:54:46.738+0000] {logging_mixin.py:188} INFO - [2024-01-04T21:54:46.738+0000] {dag.py:3820} INFO - Setting next_dagrun for example_setup_teardown to 2024-01-03T00:00:00+00:00, run_after=2024-01-04T00:00:00+00:00
[2024-01-04T21:54:46.755+0000] {processor.py:183} INFO - Processing /home/airflow/.local/lib/python3.8/site-packages/airflow/example_dags/example_setup_teardown.py took 0.058 seconds
[2024-01-04T21:55:17.194+0000] {processor.py:161} INFO - Started process (PID=355) to work on /home/airflow/.local/lib/python3.8/site-packages/airflow/example_dags/example_setup_teardown.py
[2024-01-04T21:55:17.195+0000] {processor.py:830} INFO - Processing file /home/airflow/.local/lib/python3.8/site-packages/airflow/example_dags/example_setup_teardown.py for tasks to queue
[2024-01-04T21:55:17.196+0000] {logging_mixin.py:188} INFO - [2024-01-04T21:55:17.196+0000] {dagbag.py:538} INFO - Filling up the DagBag from /home/airflow/.local/lib/python3.8/site-packages/airflow/example_dags/example_setup_teardown.py
[2024-01-04T21:55:17.201+0000] {processor.py:840} INFO - DAG(s) 'example_setup_teardown' retrieved from /home/airflow/.local/lib/python3.8/site-packages/airflow/example_dags/example_setup_teardown.py
[2024-01-04T21:55:17.214+0000] {logging_mixin.py:188} INFO - [2024-01-04T21:55:17.214+0000] {dag.py:3033} INFO - Sync 1 DAGs
[2024-01-04T21:55:17.230+0000] {logging_mixin.py:188} INFO - [2024-01-04T21:55:17.230+0000] {dag.py:3820} INFO - Setting next_dagrun for example_setup_teardown to 2024-01-03T00:00:00+00:00, run_after=2024-01-04T00:00:00+00:00
[2024-01-04T21:55:17.253+0000] {processor.py:183} INFO - Processing /home/airflow/.local/lib/python3.8/site-packages/airflow/example_dags/example_setup_teardown.py took 0.061 seconds
[2024-01-04T21:55:47.365+0000] {processor.py:161} INFO - Started process (PID=410) to work on /home/airflow/.local/lib/python3.8/site-packages/airflow/example_dags/example_setup_teardown.py
[2024-01-04T21:55:47.366+0000] {processor.py:830} INFO - Processing file /home/airflow/.local/lib/python3.8/site-packages/airflow/example_dags/example_setup_teardown.py for tasks to queue
[2024-01-04T21:55:47.368+0000] {logging_mixin.py:188} INFO - [2024-01-04T21:55:47.368+0000] {dagbag.py:538} INFO - Filling up the DagBag from /home/airflow/.local/lib/python3.8/site-packages/airflow/example_dags/example_setup_teardown.py
[2024-01-04T21:55:47.372+0000] {processor.py:840} INFO - DAG(s) 'example_setup_teardown' retrieved from /home/airflow/.local/lib/python3.8/site-packages/airflow/example_dags/example_setup_teardown.py
[2024-01-04T21:55:47.387+0000] {logging_mixin.py:188} INFO - [2024-01-04T21:55:47.386+0000] {dag.py:3033} INFO - Sync 1 DAGs
[2024-01-04T21:55:47.402+0000] {logging_mixin.py:188} INFO - [2024-01-04T21:55:47.402+0000] {dag.py:3820} INFO - Setting next_dagrun for example_setup_teardown to 2024-01-03T00:00:00+00:00, run_after=2024-01-04T00:00:00+00:00
[2024-01-04T21:55:47.425+0000] {processor.py:183} INFO - Processing /home/airflow/.local/lib/python3.8/site-packages/airflow/example_dags/example_setup_teardown.py took 0.061 seconds
