[2024-01-04T21:52:44.864+0000] {processor.py:161} INFO - Started process (PID=69) to work on /home/airflow/.local/lib/python3.8/site-packages/airflow/example_dags/example_sla_dag.py
[2024-01-04T21:52:44.866+0000] {processor.py:830} INFO - Processing file /home/airflow/.local/lib/python3.8/site-packages/airflow/example_dags/example_sla_dag.py for tasks to queue
[2024-01-04T21:52:44.867+0000] {logging_mixin.py:188} INFO - [2024-01-04T21:52:44.867+0000] {dagbag.py:538} INFO - Filling up the DagBag from /home/airflow/.local/lib/python3.8/site-packages/airflow/example_dags/example_sla_dag.py
[2024-01-04T21:52:44.873+0000] {processor.py:840} INFO - DAG(s) 'example_sla_dag' retrieved from /home/airflow/.local/lib/python3.8/site-packages/airflow/example_dags/example_sla_dag.py
[2024-01-04T21:52:44.887+0000] {logging_mixin.py:188} INFO - [2024-01-04T21:52:44.887+0000] {dag.py:3033} INFO - Sync 1 DAGs
[2024-01-04T21:52:44.905+0000] {logging_mixin.py:188} INFO - [2024-01-04T21:52:44.905+0000] {dag.py:3820} INFO - Setting next_dagrun for example_sla_dag to 2024-01-04T21:50:00+00:00, run_after=2024-01-04T21:52:00+00:00
[2024-01-04T21:52:44.919+0000] {processor.py:183} INFO - Processing /home/airflow/.local/lib/python3.8/site-packages/airflow/example_dags/example_sla_dag.py took 0.057 seconds
[2024-01-04T21:53:15.346+0000] {processor.py:161} INFO - Started process (PID=123) to work on /home/airflow/.local/lib/python3.8/site-packages/airflow/example_dags/example_sla_dag.py
[2024-01-04T21:53:15.347+0000] {processor.py:830} INFO - Processing file /home/airflow/.local/lib/python3.8/site-packages/airflow/example_dags/example_sla_dag.py for tasks to queue
[2024-01-04T21:53:15.349+0000] {logging_mixin.py:188} INFO - [2024-01-04T21:53:15.348+0000] {dagbag.py:538} INFO - Filling up the DagBag from /home/airflow/.local/lib/python3.8/site-packages/airflow/example_dags/example_sla_dag.py
[2024-01-04T21:53:15.355+0000] {processor.py:840} INFO - DAG(s) 'example_sla_dag' retrieved from /home/airflow/.local/lib/python3.8/site-packages/airflow/example_dags/example_sla_dag.py
[2024-01-04T21:53:15.371+0000] {logging_mixin.py:188} INFO - [2024-01-04T21:53:15.370+0000] {dag.py:3033} INFO - Sync 1 DAGs
[2024-01-04T21:53:15.393+0000] {logging_mixin.py:188} INFO - [2024-01-04T21:53:15.393+0000] {dag.py:3820} INFO - Setting next_dagrun for example_sla_dag to 2024-01-04T21:50:00+00:00, run_after=2024-01-04T21:52:00+00:00
[2024-01-04T21:53:15.410+0000] {processor.py:183} INFO - Processing /home/airflow/.local/lib/python3.8/site-packages/airflow/example_dags/example_sla_dag.py took 0.067 seconds
[2024-01-04T21:53:45.523+0000] {processor.py:161} INFO - Started process (PID=178) to work on /home/airflow/.local/lib/python3.8/site-packages/airflow/example_dags/example_sla_dag.py
[2024-01-04T21:53:45.524+0000] {processor.py:830} INFO - Processing file /home/airflow/.local/lib/python3.8/site-packages/airflow/example_dags/example_sla_dag.py for tasks to queue
[2024-01-04T21:53:45.526+0000] {logging_mixin.py:188} INFO - [2024-01-04T21:53:45.526+0000] {dagbag.py:538} INFO - Filling up the DagBag from /home/airflow/.local/lib/python3.8/site-packages/airflow/example_dags/example_sla_dag.py
[2024-01-04T21:53:45.532+0000] {processor.py:840} INFO - DAG(s) 'example_sla_dag' retrieved from /home/airflow/.local/lib/python3.8/site-packages/airflow/example_dags/example_sla_dag.py
[2024-01-04T21:53:45.545+0000] {logging_mixin.py:188} INFO - [2024-01-04T21:53:45.544+0000] {dag.py:3033} INFO - Sync 1 DAGs
[2024-01-04T21:53:45.563+0000] {logging_mixin.py:188} INFO - [2024-01-04T21:53:45.562+0000] {dag.py:3820} INFO - Setting next_dagrun for example_sla_dag to 2024-01-04T21:50:00+00:00, run_after=2024-01-04T21:52:00+00:00
[2024-01-04T21:53:45.577+0000] {processor.py:183} INFO - Processing /home/airflow/.local/lib/python3.8/site-packages/airflow/example_dags/example_sla_dag.py took 0.056 seconds
[2024-01-04T21:54:15.996+0000] {processor.py:161} INFO - Started process (PID=233) to work on /home/airflow/.local/lib/python3.8/site-packages/airflow/example_dags/example_sla_dag.py
[2024-01-04T21:54:15.997+0000] {processor.py:830} INFO - Processing file /home/airflow/.local/lib/python3.8/site-packages/airflow/example_dags/example_sla_dag.py for tasks to queue
[2024-01-04T21:54:15.999+0000] {logging_mixin.py:188} INFO - [2024-01-04T21:54:15.998+0000] {dagbag.py:538} INFO - Filling up the DagBag from /home/airflow/.local/lib/python3.8/site-packages/airflow/example_dags/example_sla_dag.py
[2024-01-04T21:54:16.004+0000] {processor.py:840} INFO - DAG(s) 'example_sla_dag' retrieved from /home/airflow/.local/lib/python3.8/site-packages/airflow/example_dags/example_sla_dag.py
[2024-01-04T21:54:16.018+0000] {logging_mixin.py:188} INFO - [2024-01-04T21:54:16.017+0000] {dag.py:3033} INFO - Sync 1 DAGs
[2024-01-04T21:54:16.034+0000] {logging_mixin.py:188} INFO - [2024-01-04T21:54:16.034+0000] {dag.py:3820} INFO - Setting next_dagrun for example_sla_dag to 2024-01-04T21:52:00+00:00, run_after=2024-01-04T21:54:00+00:00
[2024-01-04T21:54:16.049+0000] {processor.py:183} INFO - Processing /home/airflow/.local/lib/python3.8/site-packages/airflow/example_dags/example_sla_dag.py took 0.056 seconds
[2024-01-04T21:54:46.255+0000] {processor.py:161} INFO - Started process (PID=289) to work on /home/airflow/.local/lib/python3.8/site-packages/airflow/example_dags/example_sla_dag.py
[2024-01-04T21:54:46.256+0000] {processor.py:830} INFO - Processing file /home/airflow/.local/lib/python3.8/site-packages/airflow/example_dags/example_sla_dag.py for tasks to queue
[2024-01-04T21:54:46.258+0000] {logging_mixin.py:188} INFO - [2024-01-04T21:54:46.258+0000] {dagbag.py:538} INFO - Filling up the DagBag from /home/airflow/.local/lib/python3.8/site-packages/airflow/example_dags/example_sla_dag.py
[2024-01-04T21:54:46.263+0000] {processor.py:840} INFO - DAG(s) 'example_sla_dag' retrieved from /home/airflow/.local/lib/python3.8/site-packages/airflow/example_dags/example_sla_dag.py
[2024-01-04T21:54:46.275+0000] {logging_mixin.py:188} INFO - [2024-01-04T21:54:46.275+0000] {dag.py:3033} INFO - Sync 1 DAGs
[2024-01-04T21:54:46.293+0000] {logging_mixin.py:188} INFO - [2024-01-04T21:54:46.293+0000] {dag.py:3820} INFO - Setting next_dagrun for example_sla_dag to 2024-01-04T21:52:00+00:00, run_after=2024-01-04T21:54:00+00:00
[2024-01-04T21:54:46.306+0000] {processor.py:183} INFO - Processing /home/airflow/.local/lib/python3.8/site-packages/airflow/example_dags/example_sla_dag.py took 0.053 seconds
[2024-01-04T21:55:16.542+0000] {processor.py:161} INFO - Started process (PID=344) to work on /home/airflow/.local/lib/python3.8/site-packages/airflow/example_dags/example_sla_dag.py
[2024-01-04T21:55:16.543+0000] {processor.py:830} INFO - Processing file /home/airflow/.local/lib/python3.8/site-packages/airflow/example_dags/example_sla_dag.py for tasks to queue
[2024-01-04T21:55:16.544+0000] {logging_mixin.py:188} INFO - [2024-01-04T21:55:16.544+0000] {dagbag.py:538} INFO - Filling up the DagBag from /home/airflow/.local/lib/python3.8/site-packages/airflow/example_dags/example_sla_dag.py
[2024-01-04T21:55:16.549+0000] {processor.py:840} INFO - DAG(s) 'example_sla_dag' retrieved from /home/airflow/.local/lib/python3.8/site-packages/airflow/example_dags/example_sla_dag.py
[2024-01-04T21:55:16.562+0000] {logging_mixin.py:188} INFO - [2024-01-04T21:55:16.561+0000] {dag.py:3033} INFO - Sync 1 DAGs
[2024-01-04T21:55:16.579+0000] {logging_mixin.py:188} INFO - [2024-01-04T21:55:16.579+0000] {dag.py:3820} INFO - Setting next_dagrun for example_sla_dag to 2024-01-04T21:52:00+00:00, run_after=2024-01-04T21:54:00+00:00
[2024-01-04T21:55:16.602+0000] {processor.py:183} INFO - Processing /home/airflow/.local/lib/python3.8/site-packages/airflow/example_dags/example_sla_dag.py took 0.062 seconds
[2024-01-04T21:55:46.790+0000] {processor.py:161} INFO - Started process (PID=399) to work on /home/airflow/.local/lib/python3.8/site-packages/airflow/example_dags/example_sla_dag.py
[2024-01-04T21:55:46.791+0000] {processor.py:830} INFO - Processing file /home/airflow/.local/lib/python3.8/site-packages/airflow/example_dags/example_sla_dag.py for tasks to queue
[2024-01-04T21:55:46.793+0000] {logging_mixin.py:188} INFO - [2024-01-04T21:55:46.793+0000] {dagbag.py:538} INFO - Filling up the DagBag from /home/airflow/.local/lib/python3.8/site-packages/airflow/example_dags/example_sla_dag.py
[2024-01-04T21:55:46.799+0000] {processor.py:840} INFO - DAG(s) 'example_sla_dag' retrieved from /home/airflow/.local/lib/python3.8/site-packages/airflow/example_dags/example_sla_dag.py
[2024-01-04T21:55:46.812+0000] {logging_mixin.py:188} INFO - [2024-01-04T21:55:46.812+0000] {dag.py:3033} INFO - Sync 1 DAGs
[2024-01-04T21:55:46.829+0000] {logging_mixin.py:188} INFO - [2024-01-04T21:55:46.829+0000] {dag.py:3820} INFO - Setting next_dagrun for example_sla_dag to 2024-01-04T21:52:00+00:00, run_after=2024-01-04T21:54:00+00:00
[2024-01-04T21:55:46.851+0000] {processor.py:183} INFO - Processing /home/airflow/.local/lib/python3.8/site-packages/airflow/example_dags/example_sla_dag.py took 0.062 seconds
[2024-01-04T21:56:17.048+0000] {processor.py:161} INFO - Started process (PID=454) to work on /home/airflow/.local/lib/python3.8/site-packages/airflow/example_dags/example_sla_dag.py
[2024-01-04T21:56:17.049+0000] {processor.py:830} INFO - Processing file /home/airflow/.local/lib/python3.8/site-packages/airflow/example_dags/example_sla_dag.py for tasks to queue
[2024-01-04T21:56:17.051+0000] {logging_mixin.py:188} INFO - [2024-01-04T21:56:17.051+0000] {dagbag.py:538} INFO - Filling up the DagBag from /home/airflow/.local/lib/python3.8/site-packages/airflow/example_dags/example_sla_dag.py
[2024-01-04T21:56:17.057+0000] {processor.py:840} INFO - DAG(s) 'example_sla_dag' retrieved from /home/airflow/.local/lib/python3.8/site-packages/airflow/example_dags/example_sla_dag.py
[2024-01-04T21:56:17.070+0000] {logging_mixin.py:188} INFO - [2024-01-04T21:56:17.070+0000] {dag.py:3033} INFO - Sync 1 DAGs
[2024-01-04T21:56:17.094+0000] {logging_mixin.py:188} INFO - [2024-01-04T21:56:17.094+0000] {dag.py:3820} INFO - Setting next_dagrun for example_sla_dag to 2024-01-04T21:54:00+00:00, run_after=2024-01-04T21:56:00+00:00
[2024-01-04T21:56:17.108+0000] {processor.py:183} INFO - Processing /home/airflow/.local/lib/python3.8/site-packages/airflow/example_dags/example_sla_dag.py took 0.063 seconds
