[2024-01-04T21:52:43.389+0000] {processor.py:161} INFO - Started process (PID=39) to work on /home/airflow/.local/lib/python3.8/site-packages/airflow/example_dags/example_branch_python_dop_operator_3.py
[2024-01-04T21:52:43.391+0000] {processor.py:830} INFO - Processing file /home/airflow/.local/lib/python3.8/site-packages/airflow/example_dags/example_branch_python_dop_operator_3.py for tasks to queue
[2024-01-04T21:52:43.392+0000] {logging_mixin.py:188} INFO - [2024-01-04T21:52:43.392+0000] {dagbag.py:538} INFO - Filling up the DagBag from /home/airflow/.local/lib/python3.8/site-packages/airflow/example_dags/example_branch_python_dop_operator_3.py
[2024-01-04T21:52:43.400+0000] {processor.py:840} INFO - DAG(s) 'example_branch_dop_operator_v3' retrieved from /home/airflow/.local/lib/python3.8/site-packages/airflow/example_dags/example_branch_python_dop_operator_3.py
[2024-01-04T21:52:43.428+0000] {logging_mixin.py:188} INFO - [2024-01-04T21:52:43.428+0000] {dag.py:3033} INFO - Sync 1 DAGs
[2024-01-04T21:52:43.448+0000] {logging_mixin.py:188} INFO - [2024-01-04T21:52:43.448+0000] {dag.py:3820} INFO - Setting next_dagrun for example_branch_dop_operator_v3 to 2024-01-04T21:51:00+00:00, run_after=2024-01-04T21:52:00+00:00
[2024-01-04T21:52:43.463+0000] {processor.py:183} INFO - Processing /home/airflow/.local/lib/python3.8/site-packages/airflow/example_dags/example_branch_python_dop_operator_3.py took 0.075 seconds
[2024-01-04T21:53:13.683+0000] {processor.py:161} INFO - Started process (PID=93) to work on /home/airflow/.local/lib/python3.8/site-packages/airflow/example_dags/example_branch_python_dop_operator_3.py
[2024-01-04T21:53:13.684+0000] {processor.py:830} INFO - Processing file /home/airflow/.local/lib/python3.8/site-packages/airflow/example_dags/example_branch_python_dop_operator_3.py for tasks to queue
[2024-01-04T21:53:13.686+0000] {logging_mixin.py:188} INFO - [2024-01-04T21:53:13.686+0000] {dagbag.py:538} INFO - Filling up the DagBag from /home/airflow/.local/lib/python3.8/site-packages/airflow/example_dags/example_branch_python_dop_operator_3.py
[2024-01-04T21:53:13.693+0000] {processor.py:840} INFO - DAG(s) 'example_branch_dop_operator_v3' retrieved from /home/airflow/.local/lib/python3.8/site-packages/airflow/example_dags/example_branch_python_dop_operator_3.py
[2024-01-04T21:53:13.710+0000] {logging_mixin.py:188} INFO - [2024-01-04T21:53:13.710+0000] {dag.py:3033} INFO - Sync 1 DAGs
[2024-01-04T21:53:13.734+0000] {logging_mixin.py:188} INFO - [2024-01-04T21:53:13.734+0000] {dag.py:3820} INFO - Setting next_dagrun for example_branch_dop_operator_v3 to 2024-01-04T21:52:00+00:00, run_after=2024-01-04T21:53:00+00:00
[2024-01-04T21:53:13.751+0000] {processor.py:183} INFO - Processing /home/airflow/.local/lib/python3.8/site-packages/airflow/example_dags/example_branch_python_dop_operator_3.py took 0.070 seconds
[2024-01-04T21:53:44.249+0000] {processor.py:161} INFO - Started process (PID=148) to work on /home/airflow/.local/lib/python3.8/site-packages/airflow/example_dags/example_branch_python_dop_operator_3.py
[2024-01-04T21:53:44.250+0000] {processor.py:830} INFO - Processing file /home/airflow/.local/lib/python3.8/site-packages/airflow/example_dags/example_branch_python_dop_operator_3.py for tasks to queue
[2024-01-04T21:53:44.251+0000] {logging_mixin.py:188} INFO - [2024-01-04T21:53:44.251+0000] {dagbag.py:538} INFO - Filling up the DagBag from /home/airflow/.local/lib/python3.8/site-packages/airflow/example_dags/example_branch_python_dop_operator_3.py
[2024-01-04T21:53:44.257+0000] {processor.py:840} INFO - DAG(s) 'example_branch_dop_operator_v3' retrieved from /home/airflow/.local/lib/python3.8/site-packages/airflow/example_dags/example_branch_python_dop_operator_3.py
[2024-01-04T21:53:44.270+0000] {logging_mixin.py:188} INFO - [2024-01-04T21:53:44.270+0000] {dag.py:3033} INFO - Sync 1 DAGs
[2024-01-04T21:53:44.288+0000] {logging_mixin.py:188} INFO - [2024-01-04T21:53:44.287+0000] {dag.py:3820} INFO - Setting next_dagrun for example_branch_dop_operator_v3 to 2024-01-04T21:52:00+00:00, run_after=2024-01-04T21:53:00+00:00
[2024-01-04T21:53:44.301+0000] {processor.py:183} INFO - Processing /home/airflow/.local/lib/python3.8/site-packages/airflow/example_dags/example_branch_python_dop_operator_3.py took 0.053 seconds
[2024-01-04T21:54:14.430+0000] {processor.py:161} INFO - Started process (PID=203) to work on /home/airflow/.local/lib/python3.8/site-packages/airflow/example_dags/example_branch_python_dop_operator_3.py
[2024-01-04T21:54:14.431+0000] {processor.py:830} INFO - Processing file /home/airflow/.local/lib/python3.8/site-packages/airflow/example_dags/example_branch_python_dop_operator_3.py for tasks to queue
[2024-01-04T21:54:14.433+0000] {logging_mixin.py:188} INFO - [2024-01-04T21:54:14.433+0000] {dagbag.py:538} INFO - Filling up the DagBag from /home/airflow/.local/lib/python3.8/site-packages/airflow/example_dags/example_branch_python_dop_operator_3.py
[2024-01-04T21:54:14.441+0000] {processor.py:840} INFO - DAG(s) 'example_branch_dop_operator_v3' retrieved from /home/airflow/.local/lib/python3.8/site-packages/airflow/example_dags/example_branch_python_dop_operator_3.py
[2024-01-04T21:54:14.458+0000] {logging_mixin.py:188} INFO - [2024-01-04T21:54:14.458+0000] {dag.py:3033} INFO - Sync 1 DAGs
[2024-01-04T21:54:14.488+0000] {logging_mixin.py:188} INFO - [2024-01-04T21:54:14.488+0000] {dag.py:3820} INFO - Setting next_dagrun for example_branch_dop_operator_v3 to 2024-01-04T21:53:00+00:00, run_after=2024-01-04T21:54:00+00:00
[2024-01-04T21:54:14.511+0000] {processor.py:183} INFO - Processing /home/airflow/.local/lib/python3.8/site-packages/airflow/example_dags/example_branch_python_dop_operator_3.py took 0.085 seconds
[2024-01-04T21:54:44.813+0000] {processor.py:161} INFO - Started process (PID=259) to work on /home/airflow/.local/lib/python3.8/site-packages/airflow/example_dags/example_branch_python_dop_operator_3.py
[2024-01-04T21:54:44.814+0000] {processor.py:830} INFO - Processing file /home/airflow/.local/lib/python3.8/site-packages/airflow/example_dags/example_branch_python_dop_operator_3.py for tasks to queue
[2024-01-04T21:54:44.815+0000] {logging_mixin.py:188} INFO - [2024-01-04T21:54:44.815+0000] {dagbag.py:538} INFO - Filling up the DagBag from /home/airflow/.local/lib/python3.8/site-packages/airflow/example_dags/example_branch_python_dop_operator_3.py
[2024-01-04T21:54:44.820+0000] {processor.py:840} INFO - DAG(s) 'example_branch_dop_operator_v3' retrieved from /home/airflow/.local/lib/python3.8/site-packages/airflow/example_dags/example_branch_python_dop_operator_3.py
[2024-01-04T21:54:44.832+0000] {logging_mixin.py:188} INFO - [2024-01-04T21:54:44.832+0000] {dag.py:3033} INFO - Sync 1 DAGs
[2024-01-04T21:54:44.849+0000] {logging_mixin.py:188} INFO - [2024-01-04T21:54:44.848+0000] {dag.py:3820} INFO - Setting next_dagrun for example_branch_dop_operator_v3 to 2024-01-04T21:53:00+00:00, run_after=2024-01-04T21:54:00+00:00
[2024-01-04T21:54:44.866+0000] {processor.py:183} INFO - Processing /home/airflow/.local/lib/python3.8/site-packages/airflow/example_dags/example_branch_python_dop_operator_3.py took 0.054 seconds
[2024-01-04T21:55:15.011+0000] {processor.py:161} INFO - Started process (PID=314) to work on /home/airflow/.local/lib/python3.8/site-packages/airflow/example_dags/example_branch_python_dop_operator_3.py
[2024-01-04T21:55:15.012+0000] {processor.py:830} INFO - Processing file /home/airflow/.local/lib/python3.8/site-packages/airflow/example_dags/example_branch_python_dop_operator_3.py for tasks to queue
[2024-01-04T21:55:15.014+0000] {logging_mixin.py:188} INFO - [2024-01-04T21:55:15.014+0000] {dagbag.py:538} INFO - Filling up the DagBag from /home/airflow/.local/lib/python3.8/site-packages/airflow/example_dags/example_branch_python_dop_operator_3.py
[2024-01-04T21:55:15.020+0000] {processor.py:840} INFO - DAG(s) 'example_branch_dop_operator_v3' retrieved from /home/airflow/.local/lib/python3.8/site-packages/airflow/example_dags/example_branch_python_dop_operator_3.py
[2024-01-04T21:55:15.033+0000] {logging_mixin.py:188} INFO - [2024-01-04T21:55:15.033+0000] {dag.py:3033} INFO - Sync 1 DAGs
[2024-01-04T21:55:15.052+0000] {logging_mixin.py:188} INFO - [2024-01-04T21:55:15.051+0000] {dag.py:3820} INFO - Setting next_dagrun for example_branch_dop_operator_v3 to 2024-01-04T21:54:00+00:00, run_after=2024-01-04T21:55:00+00:00
[2024-01-04T21:55:15.067+0000] {processor.py:183} INFO - Processing /home/airflow/.local/lib/python3.8/site-packages/airflow/example_dags/example_branch_python_dop_operator_3.py took 0.058 seconds
[2024-01-04T21:55:45.469+0000] {processor.py:161} INFO - Started process (PID=369) to work on /home/airflow/.local/lib/python3.8/site-packages/airflow/example_dags/example_branch_python_dop_operator_3.py
[2024-01-04T21:55:45.470+0000] {processor.py:830} INFO - Processing file /home/airflow/.local/lib/python3.8/site-packages/airflow/example_dags/example_branch_python_dop_operator_3.py for tasks to queue
[2024-01-04T21:55:45.471+0000] {logging_mixin.py:188} INFO - [2024-01-04T21:55:45.471+0000] {dagbag.py:538} INFO - Filling up the DagBag from /home/airflow/.local/lib/python3.8/site-packages/airflow/example_dags/example_branch_python_dop_operator_3.py
[2024-01-04T21:55:45.477+0000] {processor.py:840} INFO - DAG(s) 'example_branch_dop_operator_v3' retrieved from /home/airflow/.local/lib/python3.8/site-packages/airflow/example_dags/example_branch_python_dop_operator_3.py
[2024-01-04T21:55:45.491+0000] {logging_mixin.py:188} INFO - [2024-01-04T21:55:45.490+0000] {dag.py:3033} INFO - Sync 1 DAGs
[2024-01-04T21:55:45.509+0000] {logging_mixin.py:188} INFO - [2024-01-04T21:55:45.509+0000] {dag.py:3820} INFO - Setting next_dagrun for example_branch_dop_operator_v3 to 2024-01-04T21:54:00+00:00, run_after=2024-01-04T21:55:00+00:00
[2024-01-04T21:55:45.523+0000] {processor.py:183} INFO - Processing /home/airflow/.local/lib/python3.8/site-packages/airflow/example_dags/example_branch_python_dop_operator_3.py took 0.056 seconds
[2024-01-04T21:56:15.643+0000] {processor.py:161} INFO - Started process (PID=424) to work on /home/airflow/.local/lib/python3.8/site-packages/airflow/example_dags/example_branch_python_dop_operator_3.py
[2024-01-04T21:56:15.644+0000] {processor.py:830} INFO - Processing file /home/airflow/.local/lib/python3.8/site-packages/airflow/example_dags/example_branch_python_dop_operator_3.py for tasks to queue
[2024-01-04T21:56:15.645+0000] {logging_mixin.py:188} INFO - [2024-01-04T21:56:15.645+0000] {dagbag.py:538} INFO - Filling up the DagBag from /home/airflow/.local/lib/python3.8/site-packages/airflow/example_dags/example_branch_python_dop_operator_3.py
[2024-01-04T21:56:15.650+0000] {processor.py:840} INFO - DAG(s) 'example_branch_dop_operator_v3' retrieved from /home/airflow/.local/lib/python3.8/site-packages/airflow/example_dags/example_branch_python_dop_operator_3.py
[2024-01-04T21:56:15.662+0000] {logging_mixin.py:188} INFO - [2024-01-04T21:56:15.662+0000] {dag.py:3033} INFO - Sync 1 DAGs
[2024-01-04T21:56:15.678+0000] {logging_mixin.py:188} INFO - [2024-01-04T21:56:15.678+0000] {dag.py:3820} INFO - Setting next_dagrun for example_branch_dop_operator_v3 to 2024-01-04T21:55:00+00:00, run_after=2024-01-04T21:56:00+00:00
[2024-01-04T21:56:15.690+0000] {processor.py:183} INFO - Processing /home/airflow/.local/lib/python3.8/site-packages/airflow/example_dags/example_branch_python_dop_operator_3.py took 0.048 seconds
