[2024-01-04T21:52:44.616+0000] {processor.py:161} INFO - Started process (PID=63) to work on /home/airflow/.local/lib/python3.8/site-packages/airflow/example_dags/example_bash_operator.py
[2024-01-04T21:52:44.617+0000] {processor.py:830} INFO - Processing file /home/airflow/.local/lib/python3.8/site-packages/airflow/example_dags/example_bash_operator.py for tasks to queue
[2024-01-04T21:52:44.619+0000] {logging_mixin.py:188} INFO - [2024-01-04T21:52:44.618+0000] {dagbag.py:538} INFO - Filling up the DagBag from /home/airflow/.local/lib/python3.8/site-packages/airflow/example_dags/example_bash_operator.py
[2024-01-04T21:52:44.628+0000] {processor.py:840} INFO - DAG(s) 'example_bash_operator' retrieved from /home/airflow/.local/lib/python3.8/site-packages/airflow/example_dags/example_bash_operator.py
[2024-01-04T21:52:44.654+0000] {logging_mixin.py:188} INFO - [2024-01-04T21:52:44.653+0000] {dag.py:3033} INFO - Sync 1 DAGs
[2024-01-04T21:52:44.671+0000] {logging_mixin.py:188} INFO - [2024-01-04T21:52:44.671+0000] {dag.py:3820} INFO - Setting next_dagrun for example_bash_operator to 2024-01-03T00:00:00+00:00, run_after=2024-01-04T00:00:00+00:00
[2024-01-04T21:52:44.685+0000] {processor.py:183} INFO - Processing /home/airflow/.local/lib/python3.8/site-packages/airflow/example_dags/example_bash_operator.py took 0.071 seconds
[2024-01-04T21:53:15.042+0000] {processor.py:161} INFO - Started process (PID=117) to work on /home/airflow/.local/lib/python3.8/site-packages/airflow/example_dags/example_bash_operator.py
[2024-01-04T21:53:15.043+0000] {processor.py:830} INFO - Processing file /home/airflow/.local/lib/python3.8/site-packages/airflow/example_dags/example_bash_operator.py for tasks to queue
[2024-01-04T21:53:15.045+0000] {logging_mixin.py:188} INFO - [2024-01-04T21:53:15.045+0000] {dagbag.py:538} INFO - Filling up the DagBag from /home/airflow/.local/lib/python3.8/site-packages/airflow/example_dags/example_bash_operator.py
[2024-01-04T21:53:15.057+0000] {processor.py:840} INFO - DAG(s) 'example_bash_operator' retrieved from /home/airflow/.local/lib/python3.8/site-packages/airflow/example_dags/example_bash_operator.py
[2024-01-04T21:53:15.083+0000] {logging_mixin.py:188} INFO - [2024-01-04T21:53:15.083+0000] {dag.py:3033} INFO - Sync 1 DAGs
[2024-01-04T21:53:15.109+0000] {logging_mixin.py:188} INFO - [2024-01-04T21:53:15.109+0000] {dag.py:3820} INFO - Setting next_dagrun for example_bash_operator to 2024-01-03T00:00:00+00:00, run_after=2024-01-04T00:00:00+00:00
[2024-01-04T21:53:15.128+0000] {processor.py:183} INFO - Processing /home/airflow/.local/lib/python3.8/site-packages/airflow/example_dags/example_bash_operator.py took 0.089 seconds
[2024-01-04T21:53:45.357+0000] {processor.py:161} INFO - Started process (PID=173) to work on /home/airflow/.local/lib/python3.8/site-packages/airflow/example_dags/example_bash_operator.py
[2024-01-04T21:53:45.358+0000] {processor.py:830} INFO - Processing file /home/airflow/.local/lib/python3.8/site-packages/airflow/example_dags/example_bash_operator.py for tasks to queue
[2024-01-04T21:53:45.360+0000] {logging_mixin.py:188} INFO - [2024-01-04T21:53:45.359+0000] {dagbag.py:538} INFO - Filling up the DagBag from /home/airflow/.local/lib/python3.8/site-packages/airflow/example_dags/example_bash_operator.py
[2024-01-04T21:53:45.368+0000] {processor.py:840} INFO - DAG(s) 'example_bash_operator' retrieved from /home/airflow/.local/lib/python3.8/site-packages/airflow/example_dags/example_bash_operator.py
[2024-01-04T21:53:45.391+0000] {logging_mixin.py:188} INFO - [2024-01-04T21:53:45.390+0000] {dag.py:3033} INFO - Sync 1 DAGs
[2024-01-04T21:53:45.409+0000] {logging_mixin.py:188} INFO - [2024-01-04T21:53:45.409+0000] {dag.py:3820} INFO - Setting next_dagrun for example_bash_operator to 2024-01-03T00:00:00+00:00, run_after=2024-01-04T00:00:00+00:00
[2024-01-04T21:53:45.424+0000] {processor.py:183} INFO - Processing /home/airflow/.local/lib/python3.8/site-packages/airflow/example_dags/example_bash_operator.py took 0.070 seconds
[2024-01-04T21:54:15.772+0000] {processor.py:161} INFO - Started process (PID=227) to work on /home/airflow/.local/lib/python3.8/site-packages/airflow/example_dags/example_bash_operator.py
[2024-01-04T21:54:15.773+0000] {processor.py:830} INFO - Processing file /home/airflow/.local/lib/python3.8/site-packages/airflow/example_dags/example_bash_operator.py for tasks to queue
[2024-01-04T21:54:15.775+0000] {logging_mixin.py:188} INFO - [2024-01-04T21:54:15.774+0000] {dagbag.py:538} INFO - Filling up the DagBag from /home/airflow/.local/lib/python3.8/site-packages/airflow/example_dags/example_bash_operator.py
[2024-01-04T21:54:15.783+0000] {processor.py:840} INFO - DAG(s) 'example_bash_operator' retrieved from /home/airflow/.local/lib/python3.8/site-packages/airflow/example_dags/example_bash_operator.py
[2024-01-04T21:54:15.805+0000] {logging_mixin.py:188} INFO - [2024-01-04T21:54:15.805+0000] {dag.py:3033} INFO - Sync 1 DAGs
[2024-01-04T21:54:15.824+0000] {logging_mixin.py:188} INFO - [2024-01-04T21:54:15.824+0000] {dag.py:3820} INFO - Setting next_dagrun for example_bash_operator to 2024-01-03T00:00:00+00:00, run_after=2024-01-04T00:00:00+00:00
[2024-01-04T21:54:15.839+0000] {processor.py:183} INFO - Processing /home/airflow/.local/lib/python3.8/site-packages/airflow/example_dags/example_bash_operator.py took 0.070 seconds
[2024-01-04T21:54:46.040+0000] {processor.py:161} INFO - Started process (PID=283) to work on /home/airflow/.local/lib/python3.8/site-packages/airflow/example_dags/example_bash_operator.py
[2024-01-04T21:54:46.041+0000] {processor.py:830} INFO - Processing file /home/airflow/.local/lib/python3.8/site-packages/airflow/example_dags/example_bash_operator.py for tasks to queue
[2024-01-04T21:54:46.043+0000] {logging_mixin.py:188} INFO - [2024-01-04T21:54:46.043+0000] {dagbag.py:538} INFO - Filling up the DagBag from /home/airflow/.local/lib/python3.8/site-packages/airflow/example_dags/example_bash_operator.py
[2024-01-04T21:54:46.051+0000] {processor.py:840} INFO - DAG(s) 'example_bash_operator' retrieved from /home/airflow/.local/lib/python3.8/site-packages/airflow/example_dags/example_bash_operator.py
[2024-01-04T21:54:46.074+0000] {logging_mixin.py:188} INFO - [2024-01-04T21:54:46.074+0000] {dag.py:3033} INFO - Sync 1 DAGs
[2024-01-04T21:54:46.092+0000] {logging_mixin.py:188} INFO - [2024-01-04T21:54:46.092+0000] {dag.py:3820} INFO - Setting next_dagrun for example_bash_operator to 2024-01-03T00:00:00+00:00, run_after=2024-01-04T00:00:00+00:00
[2024-01-04T21:54:46.106+0000] {processor.py:183} INFO - Processing /home/airflow/.local/lib/python3.8/site-packages/airflow/example_dags/example_bash_operator.py took 0.068 seconds
[2024-01-04T21:55:16.318+0000] {processor.py:161} INFO - Started process (PID=338) to work on /home/airflow/.local/lib/python3.8/site-packages/airflow/example_dags/example_bash_operator.py
[2024-01-04T21:55:16.318+0000] {processor.py:830} INFO - Processing file /home/airflow/.local/lib/python3.8/site-packages/airflow/example_dags/example_bash_operator.py for tasks to queue
[2024-01-04T21:55:16.320+0000] {logging_mixin.py:188} INFO - [2024-01-04T21:55:16.320+0000] {dagbag.py:538} INFO - Filling up the DagBag from /home/airflow/.local/lib/python3.8/site-packages/airflow/example_dags/example_bash_operator.py
[2024-01-04T21:55:16.327+0000] {processor.py:840} INFO - DAG(s) 'example_bash_operator' retrieved from /home/airflow/.local/lib/python3.8/site-packages/airflow/example_dags/example_bash_operator.py
[2024-01-04T21:55:16.347+0000] {logging_mixin.py:188} INFO - [2024-01-04T21:55:16.347+0000] {dag.py:3033} INFO - Sync 1 DAGs
[2024-01-04T21:55:16.363+0000] {logging_mixin.py:188} INFO - [2024-01-04T21:55:16.363+0000] {dag.py:3820} INFO - Setting next_dagrun for example_bash_operator to 2024-01-03T00:00:00+00:00, run_after=2024-01-04T00:00:00+00:00
[2024-01-04T21:55:16.382+0000] {processor.py:183} INFO - Processing /home/airflow/.local/lib/python3.8/site-packages/airflow/example_dags/example_bash_operator.py took 0.067 seconds
[2024-01-04T21:55:46.561+0000] {processor.py:161} INFO - Started process (PID=393) to work on /home/airflow/.local/lib/python3.8/site-packages/airflow/example_dags/example_bash_operator.py
[2024-01-04T21:55:46.562+0000] {processor.py:830} INFO - Processing file /home/airflow/.local/lib/python3.8/site-packages/airflow/example_dags/example_bash_operator.py for tasks to queue
[2024-01-04T21:55:46.564+0000] {logging_mixin.py:188} INFO - [2024-01-04T21:55:46.564+0000] {dagbag.py:538} INFO - Filling up the DagBag from /home/airflow/.local/lib/python3.8/site-packages/airflow/example_dags/example_bash_operator.py
[2024-01-04T21:55:46.571+0000] {processor.py:840} INFO - DAG(s) 'example_bash_operator' retrieved from /home/airflow/.local/lib/python3.8/site-packages/airflow/example_dags/example_bash_operator.py
[2024-01-04T21:55:46.592+0000] {logging_mixin.py:188} INFO - [2024-01-04T21:55:46.592+0000] {dag.py:3033} INFO - Sync 1 DAGs
[2024-01-04T21:55:46.609+0000] {logging_mixin.py:188} INFO - [2024-01-04T21:55:46.608+0000] {dag.py:3820} INFO - Setting next_dagrun for example_bash_operator to 2024-01-03T00:00:00+00:00, run_after=2024-01-04T00:00:00+00:00
[2024-01-04T21:55:46.632+0000] {processor.py:183} INFO - Processing /home/airflow/.local/lib/python3.8/site-packages/airflow/example_dags/example_bash_operator.py took 0.074 seconds
[2024-01-04T21:56:16.829+0000] {processor.py:161} INFO - Started process (PID=448) to work on /home/airflow/.local/lib/python3.8/site-packages/airflow/example_dags/example_bash_operator.py
[2024-01-04T21:56:16.830+0000] {processor.py:830} INFO - Processing file /home/airflow/.local/lib/python3.8/site-packages/airflow/example_dags/example_bash_operator.py for tasks to queue
[2024-01-04T21:56:16.831+0000] {logging_mixin.py:188} INFO - [2024-01-04T21:56:16.831+0000] {dagbag.py:538} INFO - Filling up the DagBag from /home/airflow/.local/lib/python3.8/site-packages/airflow/example_dags/example_bash_operator.py
[2024-01-04T21:56:16.838+0000] {processor.py:840} INFO - DAG(s) 'example_bash_operator' retrieved from /home/airflow/.local/lib/python3.8/site-packages/airflow/example_dags/example_bash_operator.py
[2024-01-04T21:56:16.857+0000] {logging_mixin.py:188} INFO - [2024-01-04T21:56:16.857+0000] {dag.py:3033} INFO - Sync 1 DAGs
[2024-01-04T21:56:16.873+0000] {logging_mixin.py:188} INFO - [2024-01-04T21:56:16.873+0000] {dag.py:3820} INFO - Setting next_dagrun for example_bash_operator to 2024-01-03T00:00:00+00:00, run_after=2024-01-04T00:00:00+00:00
[2024-01-04T21:56:16.885+0000] {processor.py:183} INFO - Processing /home/airflow/.local/lib/python3.8/site-packages/airflow/example_dags/example_bash_operator.py took 0.058 seconds
