[2024-01-04T21:52:44.045+0000] {processor.py:161} INFO - Started process (PID=53) to work on /home/airflow/.local/lib/python3.8/site-packages/airflow/example_dags/example_dynamic_task_mapping_with_no_taskflow_operators.py
[2024-01-04T21:52:44.046+0000] {processor.py:830} INFO - Processing file /home/airflow/.local/lib/python3.8/site-packages/airflow/example_dags/example_dynamic_task_mapping_with_no_taskflow_operators.py for tasks to queue
[2024-01-04T21:52:44.047+0000] {logging_mixin.py:188} INFO - [2024-01-04T21:52:44.047+0000] {dagbag.py:538} INFO - Filling up the DagBag from /home/airflow/.local/lib/python3.8/site-packages/airflow/example_dags/example_dynamic_task_mapping_with_no_taskflow_operators.py
[2024-01-04T21:52:44.051+0000] {processor.py:840} INFO - DAG(s) 'example_dynamic_task_mapping_with_no_taskflow_operators' retrieved from /home/airflow/.local/lib/python3.8/site-packages/airflow/example_dags/example_dynamic_task_mapping_with_no_taskflow_operators.py
[2024-01-04T21:52:44.066+0000] {logging_mixin.py:188} INFO - [2024-01-04T21:52:44.066+0000] {dag.py:3033} INFO - Sync 1 DAGs
[2024-01-04T21:52:44.085+0000] {logging_mixin.py:188} INFO - [2024-01-04T21:52:44.084+0000] {dag.py:3820} INFO - Setting next_dagrun for example_dynamic_task_mapping_with_no_taskflow_operators to 2024-01-03T00:00:00+00:00, run_after=2024-01-04T00:00:00+00:00
[2024-01-04T21:52:44.105+0000] {processor.py:183} INFO - Processing /home/airflow/.local/lib/python3.8/site-packages/airflow/example_dags/example_dynamic_task_mapping_with_no_taskflow_operators.py took 0.063 seconds
[2024-01-04T21:53:14.462+0000] {processor.py:161} INFO - Started process (PID=107) to work on /home/airflow/.local/lib/python3.8/site-packages/airflow/example_dags/example_dynamic_task_mapping_with_no_taskflow_operators.py
[2024-01-04T21:53:14.463+0000] {processor.py:830} INFO - Processing file /home/airflow/.local/lib/python3.8/site-packages/airflow/example_dags/example_dynamic_task_mapping_with_no_taskflow_operators.py for tasks to queue
[2024-01-04T21:53:14.465+0000] {logging_mixin.py:188} INFO - [2024-01-04T21:53:14.465+0000] {dagbag.py:538} INFO - Filling up the DagBag from /home/airflow/.local/lib/python3.8/site-packages/airflow/example_dags/example_dynamic_task_mapping_with_no_taskflow_operators.py
[2024-01-04T21:53:14.471+0000] {processor.py:840} INFO - DAG(s) 'example_dynamic_task_mapping_with_no_taskflow_operators' retrieved from /home/airflow/.local/lib/python3.8/site-packages/airflow/example_dags/example_dynamic_task_mapping_with_no_taskflow_operators.py
[2024-01-04T21:53:14.487+0000] {logging_mixin.py:188} INFO - [2024-01-04T21:53:14.486+0000] {dag.py:3033} INFO - Sync 1 DAGs
[2024-01-04T21:53:14.506+0000] {logging_mixin.py:188} INFO - [2024-01-04T21:53:14.506+0000] {dag.py:3820} INFO - Setting next_dagrun for example_dynamic_task_mapping_with_no_taskflow_operators to 2024-01-03T00:00:00+00:00, run_after=2024-01-04T00:00:00+00:00
[2024-01-04T21:53:14.520+0000] {processor.py:183} INFO - Processing /home/airflow/.local/lib/python3.8/site-packages/airflow/example_dags/example_dynamic_task_mapping_with_no_taskflow_operators.py took 0.061 seconds
[2024-01-04T21:53:44.892+0000] {processor.py:161} INFO - Started process (PID=162) to work on /home/airflow/.local/lib/python3.8/site-packages/airflow/example_dags/example_dynamic_task_mapping_with_no_taskflow_operators.py
[2024-01-04T21:53:44.892+0000] {processor.py:830} INFO - Processing file /home/airflow/.local/lib/python3.8/site-packages/airflow/example_dags/example_dynamic_task_mapping_with_no_taskflow_operators.py for tasks to queue
[2024-01-04T21:53:44.894+0000] {logging_mixin.py:188} INFO - [2024-01-04T21:53:44.894+0000] {dagbag.py:538} INFO - Filling up the DagBag from /home/airflow/.local/lib/python3.8/site-packages/airflow/example_dags/example_dynamic_task_mapping_with_no_taskflow_operators.py
[2024-01-04T21:53:44.897+0000] {processor.py:840} INFO - DAG(s) 'example_dynamic_task_mapping_with_no_taskflow_operators' retrieved from /home/airflow/.local/lib/python3.8/site-packages/airflow/example_dags/example_dynamic_task_mapping_with_no_taskflow_operators.py
[2024-01-04T21:53:44.909+0000] {logging_mixin.py:188} INFO - [2024-01-04T21:53:44.909+0000] {dag.py:3033} INFO - Sync 1 DAGs
[2024-01-04T21:53:44.923+0000] {logging_mixin.py:188} INFO - [2024-01-04T21:53:44.923+0000] {dag.py:3820} INFO - Setting next_dagrun for example_dynamic_task_mapping_with_no_taskflow_operators to 2024-01-03T00:00:00+00:00, run_after=2024-01-04T00:00:00+00:00
[2024-01-04T21:53:44.934+0000] {processor.py:183} INFO - Processing /home/airflow/.local/lib/python3.8/site-packages/airflow/example_dags/example_dynamic_task_mapping_with_no_taskflow_operators.py took 0.044 seconds
[2024-01-04T21:54:15.296+0000] {processor.py:161} INFO - Started process (PID=217) to work on /home/airflow/.local/lib/python3.8/site-packages/airflow/example_dags/example_dynamic_task_mapping_with_no_taskflow_operators.py
[2024-01-04T21:54:15.298+0000] {processor.py:830} INFO - Processing file /home/airflow/.local/lib/python3.8/site-packages/airflow/example_dags/example_dynamic_task_mapping_with_no_taskflow_operators.py for tasks to queue
[2024-01-04T21:54:15.300+0000] {logging_mixin.py:188} INFO - [2024-01-04T21:54:15.300+0000] {dagbag.py:538} INFO - Filling up the DagBag from /home/airflow/.local/lib/python3.8/site-packages/airflow/example_dags/example_dynamic_task_mapping_with_no_taskflow_operators.py
[2024-01-04T21:54:15.306+0000] {processor.py:840} INFO - DAG(s) 'example_dynamic_task_mapping_with_no_taskflow_operators' retrieved from /home/airflow/.local/lib/python3.8/site-packages/airflow/example_dags/example_dynamic_task_mapping_with_no_taskflow_operators.py
[2024-01-04T21:54:15.324+0000] {logging_mixin.py:188} INFO - [2024-01-04T21:54:15.324+0000] {dag.py:3033} INFO - Sync 1 DAGs
[2024-01-04T21:54:15.344+0000] {logging_mixin.py:188} INFO - [2024-01-04T21:54:15.344+0000] {dag.py:3820} INFO - Setting next_dagrun for example_dynamic_task_mapping_with_no_taskflow_operators to 2024-01-03T00:00:00+00:00, run_after=2024-01-04T00:00:00+00:00
[2024-01-04T21:54:15.372+0000] {processor.py:183} INFO - Processing /home/airflow/.local/lib/python3.8/site-packages/airflow/example_dags/example_dynamic_task_mapping_with_no_taskflow_operators.py took 0.078 seconds
[2024-01-04T21:54:45.560+0000] {processor.py:161} INFO - Started process (PID=273) to work on /home/airflow/.local/lib/python3.8/site-packages/airflow/example_dags/example_dynamic_task_mapping_with_no_taskflow_operators.py
[2024-01-04T21:54:45.561+0000] {processor.py:830} INFO - Processing file /home/airflow/.local/lib/python3.8/site-packages/airflow/example_dags/example_dynamic_task_mapping_with_no_taskflow_operators.py for tasks to queue
[2024-01-04T21:54:45.562+0000] {logging_mixin.py:188} INFO - [2024-01-04T21:54:45.562+0000] {dagbag.py:538} INFO - Filling up the DagBag from /home/airflow/.local/lib/python3.8/site-packages/airflow/example_dags/example_dynamic_task_mapping_with_no_taskflow_operators.py
[2024-01-04T21:54:45.566+0000] {processor.py:840} INFO - DAG(s) 'example_dynamic_task_mapping_with_no_taskflow_operators' retrieved from /home/airflow/.local/lib/python3.8/site-packages/airflow/example_dags/example_dynamic_task_mapping_with_no_taskflow_operators.py
[2024-01-04T21:54:45.578+0000] {logging_mixin.py:188} INFO - [2024-01-04T21:54:45.577+0000] {dag.py:3033} INFO - Sync 1 DAGs
[2024-01-04T21:54:45.593+0000] {logging_mixin.py:188} INFO - [2024-01-04T21:54:45.592+0000] {dag.py:3820} INFO - Setting next_dagrun for example_dynamic_task_mapping_with_no_taskflow_operators to 2024-01-03T00:00:00+00:00, run_after=2024-01-04T00:00:00+00:00
[2024-01-04T21:54:45.604+0000] {processor.py:183} INFO - Processing /home/airflow/.local/lib/python3.8/site-packages/airflow/example_dags/example_dynamic_task_mapping_with_no_taskflow_operators.py took 0.046 seconds
[2024-01-04T21:55:15.757+0000] {processor.py:161} INFO - Started process (PID=328) to work on /home/airflow/.local/lib/python3.8/site-packages/airflow/example_dags/example_dynamic_task_mapping_with_no_taskflow_operators.py
[2024-01-04T21:55:15.758+0000] {processor.py:830} INFO - Processing file /home/airflow/.local/lib/python3.8/site-packages/airflow/example_dags/example_dynamic_task_mapping_with_no_taskflow_operators.py for tasks to queue
[2024-01-04T21:55:15.760+0000] {logging_mixin.py:188} INFO - [2024-01-04T21:55:15.759+0000] {dagbag.py:538} INFO - Filling up the DagBag from /home/airflow/.local/lib/python3.8/site-packages/airflow/example_dags/example_dynamic_task_mapping_with_no_taskflow_operators.py
[2024-01-04T21:55:15.763+0000] {processor.py:840} INFO - DAG(s) 'example_dynamic_task_mapping_with_no_taskflow_operators' retrieved from /home/airflow/.local/lib/python3.8/site-packages/airflow/example_dags/example_dynamic_task_mapping_with_no_taskflow_operators.py
[2024-01-04T21:55:15.777+0000] {logging_mixin.py:188} INFO - [2024-01-04T21:55:15.776+0000] {dag.py:3033} INFO - Sync 1 DAGs
[2024-01-04T21:55:15.793+0000] {logging_mixin.py:188} INFO - [2024-01-04T21:55:15.792+0000] {dag.py:3820} INFO - Setting next_dagrun for example_dynamic_task_mapping_with_no_taskflow_operators to 2024-01-03T00:00:00+00:00, run_after=2024-01-04T00:00:00+00:00
[2024-01-04T21:55:15.806+0000] {processor.py:183} INFO - Processing /home/airflow/.local/lib/python3.8/site-packages/airflow/example_dags/example_dynamic_task_mapping_with_no_taskflow_operators.py took 0.051 seconds
[2024-01-04T21:55:46.107+0000] {processor.py:161} INFO - Started process (PID=383) to work on /home/airflow/.local/lib/python3.8/site-packages/airflow/example_dags/example_dynamic_task_mapping_with_no_taskflow_operators.py
[2024-01-04T21:55:46.108+0000] {processor.py:830} INFO - Processing file /home/airflow/.local/lib/python3.8/site-packages/airflow/example_dags/example_dynamic_task_mapping_with_no_taskflow_operators.py for tasks to queue
[2024-01-04T21:55:46.109+0000] {logging_mixin.py:188} INFO - [2024-01-04T21:55:46.109+0000] {dagbag.py:538} INFO - Filling up the DagBag from /home/airflow/.local/lib/python3.8/site-packages/airflow/example_dags/example_dynamic_task_mapping_with_no_taskflow_operators.py
[2024-01-04T21:55:46.114+0000] {processor.py:840} INFO - DAG(s) 'example_dynamic_task_mapping_with_no_taskflow_operators' retrieved from /home/airflow/.local/lib/python3.8/site-packages/airflow/example_dags/example_dynamic_task_mapping_with_no_taskflow_operators.py
[2024-01-04T21:55:46.127+0000] {logging_mixin.py:188} INFO - [2024-01-04T21:55:46.127+0000] {dag.py:3033} INFO - Sync 1 DAGs
[2024-01-04T21:55:46.144+0000] {logging_mixin.py:188} INFO - [2024-01-04T21:55:46.143+0000] {dag.py:3820} INFO - Setting next_dagrun for example_dynamic_task_mapping_with_no_taskflow_operators to 2024-01-03T00:00:00+00:00, run_after=2024-01-04T00:00:00+00:00
[2024-01-04T21:55:46.159+0000] {processor.py:183} INFO - Processing /home/airflow/.local/lib/python3.8/site-packages/airflow/example_dags/example_dynamic_task_mapping_with_no_taskflow_operators.py took 0.055 seconds
[2024-01-04T21:56:16.322+0000] {processor.py:161} INFO - Started process (PID=438) to work on /home/airflow/.local/lib/python3.8/site-packages/airflow/example_dags/example_dynamic_task_mapping_with_no_taskflow_operators.py
[2024-01-04T21:56:16.323+0000] {processor.py:830} INFO - Processing file /home/airflow/.local/lib/python3.8/site-packages/airflow/example_dags/example_dynamic_task_mapping_with_no_taskflow_operators.py for tasks to queue
[2024-01-04T21:56:16.325+0000] {logging_mixin.py:188} INFO - [2024-01-04T21:56:16.325+0000] {dagbag.py:538} INFO - Filling up the DagBag from /home/airflow/.local/lib/python3.8/site-packages/airflow/example_dags/example_dynamic_task_mapping_with_no_taskflow_operators.py
[2024-01-04T21:56:16.330+0000] {processor.py:840} INFO - DAG(s) 'example_dynamic_task_mapping_with_no_taskflow_operators' retrieved from /home/airflow/.local/lib/python3.8/site-packages/airflow/example_dags/example_dynamic_task_mapping_with_no_taskflow_operators.py
[2024-01-04T21:56:16.348+0000] {logging_mixin.py:188} INFO - [2024-01-04T21:56:16.348+0000] {dag.py:3033} INFO - Sync 1 DAGs
[2024-01-04T21:56:16.370+0000] {logging_mixin.py:188} INFO - [2024-01-04T21:56:16.370+0000] {dag.py:3820} INFO - Setting next_dagrun for example_dynamic_task_mapping_with_no_taskflow_operators to 2024-01-03T00:00:00+00:00, run_after=2024-01-04T00:00:00+00:00
[2024-01-04T21:56:16.391+0000] {processor.py:183} INFO - Processing /home/airflow/.local/lib/python3.8/site-packages/airflow/example_dags/example_dynamic_task_mapping_with_no_taskflow_operators.py took 0.072 seconds
