[2024-01-04T21:52:43.547+0000] {processor.py:161} INFO - Started process (PID=42) to work on /home/airflow/.local/lib/python3.8/site-packages/airflow/example_dags/example_external_task_marker_dag.py
[2024-01-04T21:52:43.548+0000] {processor.py:830} INFO - Processing file /home/airflow/.local/lib/python3.8/site-packages/airflow/example_dags/example_external_task_marker_dag.py for tasks to queue
[2024-01-04T21:52:43.550+0000] {logging_mixin.py:188} INFO - [2024-01-04T21:52:43.549+0000] {dagbag.py:538} INFO - Filling up the DagBag from /home/airflow/.local/lib/python3.8/site-packages/airflow/example_dags/example_external_task_marker_dag.py
[2024-01-04T21:52:43.557+0000] {processor.py:840} INFO - DAG(s) 'example_external_task_marker_parent', 'example_external_task_marker_child' retrieved from /home/airflow/.local/lib/python3.8/site-packages/airflow/example_dags/example_external_task_marker_dag.py
[2024-01-04T21:52:43.573+0000] {logging_mixin.py:188} INFO - [2024-01-04T21:52:43.573+0000] {dag.py:3033} INFO - Sync 2 DAGs
[2024-01-04T21:52:43.582+0000] {logging_mixin.py:188} INFO - [2024-01-04T21:52:43.582+0000] {dag.py:3820} INFO - Setting next_dagrun for example_external_task_marker_child to None, run_after=None
[2024-01-04T21:52:43.586+0000] {logging_mixin.py:188} INFO - [2024-01-04T21:52:43.586+0000] {dag.py:3820} INFO - Setting next_dagrun for example_external_task_marker_parent to None, run_after=None
[2024-01-04T21:52:43.599+0000] {processor.py:183} INFO - Processing /home/airflow/.local/lib/python3.8/site-packages/airflow/example_dags/example_external_task_marker_dag.py took 0.054 seconds
[2024-01-04T21:53:13.850+0000] {processor.py:161} INFO - Started process (PID=96) to work on /home/airflow/.local/lib/python3.8/site-packages/airflow/example_dags/example_external_task_marker_dag.py
[2024-01-04T21:53:13.851+0000] {processor.py:830} INFO - Processing file /home/airflow/.local/lib/python3.8/site-packages/airflow/example_dags/example_external_task_marker_dag.py for tasks to queue
[2024-01-04T21:53:13.853+0000] {logging_mixin.py:188} INFO - [2024-01-04T21:53:13.853+0000] {dagbag.py:538} INFO - Filling up the DagBag from /home/airflow/.local/lib/python3.8/site-packages/airflow/example_dags/example_external_task_marker_dag.py
[2024-01-04T21:53:13.858+0000] {processor.py:840} INFO - DAG(s) 'example_external_task_marker_parent', 'example_external_task_marker_child' retrieved from /home/airflow/.local/lib/python3.8/site-packages/airflow/example_dags/example_external_task_marker_dag.py
[2024-01-04T21:53:13.879+0000] {logging_mixin.py:188} INFO - [2024-01-04T21:53:13.879+0000] {dag.py:3033} INFO - Sync 2 DAGs
[2024-01-04T21:53:13.894+0000] {logging_mixin.py:188} INFO - [2024-01-04T21:53:13.894+0000] {dag.py:3820} INFO - Setting next_dagrun for example_external_task_marker_child to None, run_after=None
[2024-01-04T21:53:13.898+0000] {logging_mixin.py:188} INFO - [2024-01-04T21:53:13.898+0000] {dag.py:3820} INFO - Setting next_dagrun for example_external_task_marker_parent to None, run_after=None
[2024-01-04T21:53:13.924+0000] {processor.py:183} INFO - Processing /home/airflow/.local/lib/python3.8/site-packages/airflow/example_dags/example_external_task_marker_dag.py took 0.076 seconds
[2024-01-04T21:53:44.389+0000] {processor.py:161} INFO - Started process (PID=151) to work on /home/airflow/.local/lib/python3.8/site-packages/airflow/example_dags/example_external_task_marker_dag.py
[2024-01-04T21:53:44.390+0000] {processor.py:830} INFO - Processing file /home/airflow/.local/lib/python3.8/site-packages/airflow/example_dags/example_external_task_marker_dag.py for tasks to queue
[2024-01-04T21:53:44.392+0000] {logging_mixin.py:188} INFO - [2024-01-04T21:53:44.391+0000] {dagbag.py:538} INFO - Filling up the DagBag from /home/airflow/.local/lib/python3.8/site-packages/airflow/example_dags/example_external_task_marker_dag.py
[2024-01-04T21:53:44.395+0000] {processor.py:840} INFO - DAG(s) 'example_external_task_marker_parent', 'example_external_task_marker_child' retrieved from /home/airflow/.local/lib/python3.8/site-packages/airflow/example_dags/example_external_task_marker_dag.py
[2024-01-04T21:53:44.412+0000] {logging_mixin.py:188} INFO - [2024-01-04T21:53:44.411+0000] {dag.py:3033} INFO - Sync 2 DAGs
[2024-01-04T21:53:44.420+0000] {logging_mixin.py:188} INFO - [2024-01-04T21:53:44.420+0000] {dag.py:3820} INFO - Setting next_dagrun for example_external_task_marker_child to None, run_after=None
[2024-01-04T21:53:44.423+0000] {logging_mixin.py:188} INFO - [2024-01-04T21:53:44.423+0000] {dag.py:3820} INFO - Setting next_dagrun for example_external_task_marker_parent to None, run_after=None
[2024-01-04T21:53:44.433+0000] {processor.py:183} INFO - Processing /home/airflow/.local/lib/python3.8/site-packages/airflow/example_dags/example_external_task_marker_dag.py took 0.045 seconds
[2024-01-04T21:54:14.619+0000] {processor.py:161} INFO - Started process (PID=206) to work on /home/airflow/.local/lib/python3.8/site-packages/airflow/example_dags/example_external_task_marker_dag.py
[2024-01-04T21:54:14.620+0000] {processor.py:830} INFO - Processing file /home/airflow/.local/lib/python3.8/site-packages/airflow/example_dags/example_external_task_marker_dag.py for tasks to queue
[2024-01-04T21:54:14.622+0000] {logging_mixin.py:188} INFO - [2024-01-04T21:54:14.622+0000] {dagbag.py:538} INFO - Filling up the DagBag from /home/airflow/.local/lib/python3.8/site-packages/airflow/example_dags/example_external_task_marker_dag.py
[2024-01-04T21:54:14.626+0000] {processor.py:840} INFO - DAG(s) 'example_external_task_marker_parent', 'example_external_task_marker_child' retrieved from /home/airflow/.local/lib/python3.8/site-packages/airflow/example_dags/example_external_task_marker_dag.py
[2024-01-04T21:54:14.645+0000] {logging_mixin.py:188} INFO - [2024-01-04T21:54:14.645+0000] {dag.py:3033} INFO - Sync 2 DAGs
[2024-01-04T21:54:14.657+0000] {logging_mixin.py:188} INFO - [2024-01-04T21:54:14.656+0000] {dag.py:3820} INFO - Setting next_dagrun for example_external_task_marker_child to None, run_after=None
[2024-01-04T21:54:14.660+0000] {logging_mixin.py:188} INFO - [2024-01-04T21:54:14.660+0000] {dag.py:3820} INFO - Setting next_dagrun for example_external_task_marker_parent to None, run_after=None
[2024-01-04T21:54:14.685+0000] {processor.py:183} INFO - Processing /home/airflow/.local/lib/python3.8/site-packages/airflow/example_dags/example_external_task_marker_dag.py took 0.068 seconds
[2024-01-04T21:54:44.952+0000] {processor.py:161} INFO - Started process (PID=262) to work on /home/airflow/.local/lib/python3.8/site-packages/airflow/example_dags/example_external_task_marker_dag.py
[2024-01-04T21:54:44.953+0000] {processor.py:830} INFO - Processing file /home/airflow/.local/lib/python3.8/site-packages/airflow/example_dags/example_external_task_marker_dag.py for tasks to queue
[2024-01-04T21:54:44.955+0000] {logging_mixin.py:188} INFO - [2024-01-04T21:54:44.955+0000] {dagbag.py:538} INFO - Filling up the DagBag from /home/airflow/.local/lib/python3.8/site-packages/airflow/example_dags/example_external_task_marker_dag.py
[2024-01-04T21:54:44.959+0000] {processor.py:840} INFO - DAG(s) 'example_external_task_marker_child', 'example_external_task_marker_parent' retrieved from /home/airflow/.local/lib/python3.8/site-packages/airflow/example_dags/example_external_task_marker_dag.py
[2024-01-04T21:54:44.976+0000] {logging_mixin.py:188} INFO - [2024-01-04T21:54:44.975+0000] {dag.py:3033} INFO - Sync 2 DAGs
[2024-01-04T21:54:44.985+0000] {logging_mixin.py:188} INFO - [2024-01-04T21:54:44.984+0000] {dag.py:3820} INFO - Setting next_dagrun for example_external_task_marker_child to None, run_after=None
[2024-01-04T21:54:44.988+0000] {logging_mixin.py:188} INFO - [2024-01-04T21:54:44.988+0000] {dag.py:3820} INFO - Setting next_dagrun for example_external_task_marker_parent to None, run_after=None
[2024-01-04T21:54:45.011+0000] {processor.py:183} INFO - Processing /home/airflow/.local/lib/python3.8/site-packages/airflow/example_dags/example_external_task_marker_dag.py took 0.061 seconds
[2024-01-04T21:55:15.169+0000] {processor.py:161} INFO - Started process (PID=317) to work on /home/airflow/.local/lib/python3.8/site-packages/airflow/example_dags/example_external_task_marker_dag.py
[2024-01-04T21:55:15.170+0000] {processor.py:830} INFO - Processing file /home/airflow/.local/lib/python3.8/site-packages/airflow/example_dags/example_external_task_marker_dag.py for tasks to queue
[2024-01-04T21:55:15.172+0000] {logging_mixin.py:188} INFO - [2024-01-04T21:55:15.171+0000] {dagbag.py:538} INFO - Filling up the DagBag from /home/airflow/.local/lib/python3.8/site-packages/airflow/example_dags/example_external_task_marker_dag.py
[2024-01-04T21:55:15.175+0000] {processor.py:840} INFO - DAG(s) 'example_external_task_marker_child', 'example_external_task_marker_parent' retrieved from /home/airflow/.local/lib/python3.8/site-packages/airflow/example_dags/example_external_task_marker_dag.py
[2024-01-04T21:55:15.190+0000] {logging_mixin.py:188} INFO - [2024-01-04T21:55:15.190+0000] {dag.py:3033} INFO - Sync 2 DAGs
[2024-01-04T21:55:15.201+0000] {logging_mixin.py:188} INFO - [2024-01-04T21:55:15.200+0000] {dag.py:3820} INFO - Setting next_dagrun for example_external_task_marker_child to None, run_after=None
[2024-01-04T21:55:15.205+0000] {logging_mixin.py:188} INFO - [2024-01-04T21:55:15.205+0000] {dag.py:3820} INFO - Setting next_dagrun for example_external_task_marker_parent to None, run_after=None
[2024-01-04T21:55:15.228+0000] {processor.py:183} INFO - Processing /home/airflow/.local/lib/python3.8/site-packages/airflow/example_dags/example_external_task_marker_dag.py took 0.061 seconds
[2024-01-04T21:55:45.614+0000] {processor.py:161} INFO - Started process (PID=372) to work on /home/airflow/.local/lib/python3.8/site-packages/airflow/example_dags/example_external_task_marker_dag.py
[2024-01-04T21:55:45.615+0000] {processor.py:830} INFO - Processing file /home/airflow/.local/lib/python3.8/site-packages/airflow/example_dags/example_external_task_marker_dag.py for tasks to queue
[2024-01-04T21:55:45.617+0000] {logging_mixin.py:188} INFO - [2024-01-04T21:55:45.617+0000] {dagbag.py:538} INFO - Filling up the DagBag from /home/airflow/.local/lib/python3.8/site-packages/airflow/example_dags/example_external_task_marker_dag.py
[2024-01-04T21:55:45.621+0000] {processor.py:840} INFO - DAG(s) 'example_external_task_marker_child', 'example_external_task_marker_parent' retrieved from /home/airflow/.local/lib/python3.8/site-packages/airflow/example_dags/example_external_task_marker_dag.py
[2024-01-04T21:55:45.636+0000] {logging_mixin.py:188} INFO - [2024-01-04T21:55:45.636+0000] {dag.py:3033} INFO - Sync 2 DAGs
[2024-01-04T21:55:45.645+0000] {logging_mixin.py:188} INFO - [2024-01-04T21:55:45.645+0000] {dag.py:3820} INFO - Setting next_dagrun for example_external_task_marker_child to None, run_after=None
[2024-01-04T21:55:45.648+0000] {logging_mixin.py:188} INFO - [2024-01-04T21:55:45.648+0000] {dag.py:3820} INFO - Setting next_dagrun for example_external_task_marker_parent to None, run_after=None
[2024-01-04T21:55:45.660+0000] {processor.py:183} INFO - Processing /home/airflow/.local/lib/python3.8/site-packages/airflow/example_dags/example_external_task_marker_dag.py took 0.047 seconds
[2024-01-04T21:56:15.834+0000] {processor.py:161} INFO - Started process (PID=427) to work on /home/airflow/.local/lib/python3.8/site-packages/airflow/example_dags/example_external_task_marker_dag.py
[2024-01-04T21:56:15.834+0000] {processor.py:830} INFO - Processing file /home/airflow/.local/lib/python3.8/site-packages/airflow/example_dags/example_external_task_marker_dag.py for tasks to queue
[2024-01-04T21:56:15.836+0000] {logging_mixin.py:188} INFO - [2024-01-04T21:56:15.835+0000] {dagbag.py:538} INFO - Filling up the DagBag from /home/airflow/.local/lib/python3.8/site-packages/airflow/example_dags/example_external_task_marker_dag.py
[2024-01-04T21:56:15.839+0000] {processor.py:840} INFO - DAG(s) 'example_external_task_marker_child', 'example_external_task_marker_parent' retrieved from /home/airflow/.local/lib/python3.8/site-packages/airflow/example_dags/example_external_task_marker_dag.py
[2024-01-04T21:56:15.853+0000] {logging_mixin.py:188} INFO - [2024-01-04T21:56:15.853+0000] {dag.py:3033} INFO - Sync 2 DAGs
[2024-01-04T21:56:15.862+0000] {logging_mixin.py:188} INFO - [2024-01-04T21:56:15.862+0000] {dag.py:3820} INFO - Setting next_dagrun for example_external_task_marker_child to None, run_after=None
[2024-01-04T21:56:15.865+0000] {logging_mixin.py:188} INFO - [2024-01-04T21:56:15.865+0000] {dag.py:3820} INFO - Setting next_dagrun for example_external_task_marker_parent to None, run_after=None
[2024-01-04T21:56:15.885+0000] {processor.py:183} INFO - Processing /home/airflow/.local/lib/python3.8/site-packages/airflow/example_dags/example_external_task_marker_dag.py took 0.053 seconds
