[2024-01-04T21:52:45.233+0000] {processor.py:161} INFO - Started process (PID=77) to work on /home/airflow/.local/lib/python3.8/site-packages/airflow/example_dags/example_branch_day_of_week_operator.py
[2024-01-04T21:52:45.234+0000] {processor.py:830} INFO - Processing file /home/airflow/.local/lib/python3.8/site-packages/airflow/example_dags/example_branch_day_of_week_operator.py for tasks to queue
[2024-01-04T21:52:45.236+0000] {logging_mixin.py:188} INFO - [2024-01-04T21:52:45.235+0000] {dagbag.py:538} INFO - Filling up the DagBag from /home/airflow/.local/lib/python3.8/site-packages/airflow/example_dags/example_branch_day_of_week_operator.py
[2024-01-04T21:52:45.240+0000] {processor.py:840} INFO - DAG(s) 'example_weekday_branch_operator' retrieved from /home/airflow/.local/lib/python3.8/site-packages/airflow/example_dags/example_branch_day_of_week_operator.py
[2024-01-04T21:52:45.256+0000] {logging_mixin.py:188} INFO - [2024-01-04T21:52:45.256+0000] {dag.py:3033} INFO - Sync 1 DAGs
[2024-01-04T21:52:45.277+0000] {logging_mixin.py:188} INFO - [2024-01-04T21:52:45.276+0000] {dag.py:3820} INFO - Setting next_dagrun for example_weekday_branch_operator to 2024-01-03T00:00:00+00:00, run_after=2024-01-04T00:00:00+00:00
[2024-01-04T21:52:45.289+0000] {processor.py:183} INFO - Processing /home/airflow/.local/lib/python3.8/site-packages/airflow/example_dags/example_branch_day_of_week_operator.py took 0.058 seconds
[2024-01-04T21:53:15.833+0000] {processor.py:161} INFO - Started process (PID=131) to work on /home/airflow/.local/lib/python3.8/site-packages/airflow/example_dags/example_branch_day_of_week_operator.py
[2024-01-04T21:53:15.834+0000] {processor.py:830} INFO - Processing file /home/airflow/.local/lib/python3.8/site-packages/airflow/example_dags/example_branch_day_of_week_operator.py for tasks to queue
[2024-01-04T21:53:15.835+0000] {logging_mixin.py:188} INFO - [2024-01-04T21:53:15.835+0000] {dagbag.py:538} INFO - Filling up the DagBag from /home/airflow/.local/lib/python3.8/site-packages/airflow/example_dags/example_branch_day_of_week_operator.py
[2024-01-04T21:53:15.843+0000] {processor.py:840} INFO - DAG(s) 'example_weekday_branch_operator' retrieved from /home/airflow/.local/lib/python3.8/site-packages/airflow/example_dags/example_branch_day_of_week_operator.py
[2024-01-04T21:53:15.861+0000] {logging_mixin.py:188} INFO - [2024-01-04T21:53:15.861+0000] {dag.py:3033} INFO - Sync 1 DAGs
[2024-01-04T21:53:15.882+0000] {logging_mixin.py:188} INFO - [2024-01-04T21:53:15.882+0000] {dag.py:3820} INFO - Setting next_dagrun for example_weekday_branch_operator to 2024-01-03T00:00:00+00:00, run_after=2024-01-04T00:00:00+00:00
[2024-01-04T21:53:15.900+0000] {processor.py:183} INFO - Processing /home/airflow/.local/lib/python3.8/site-packages/airflow/example_dags/example_branch_day_of_week_operator.py took 0.070 seconds
[2024-01-04T21:53:45.991+0000] {processor.py:161} INFO - Started process (PID=186) to work on /home/airflow/.local/lib/python3.8/site-packages/airflow/example_dags/example_branch_day_of_week_operator.py
[2024-01-04T21:53:45.992+0000] {processor.py:830} INFO - Processing file /home/airflow/.local/lib/python3.8/site-packages/airflow/example_dags/example_branch_day_of_week_operator.py for tasks to queue
[2024-01-04T21:53:45.993+0000] {logging_mixin.py:188} INFO - [2024-01-04T21:53:45.993+0000] {dagbag.py:538} INFO - Filling up the DagBag from /home/airflow/.local/lib/python3.8/site-packages/airflow/example_dags/example_branch_day_of_week_operator.py
[2024-01-04T21:53:45.999+0000] {processor.py:840} INFO - DAG(s) 'example_weekday_branch_operator' retrieved from /home/airflow/.local/lib/python3.8/site-packages/airflow/example_dags/example_branch_day_of_week_operator.py
[2024-01-04T21:53:46.012+0000] {logging_mixin.py:188} INFO - [2024-01-04T21:53:46.012+0000] {dag.py:3033} INFO - Sync 1 DAGs
[2024-01-04T21:53:46.027+0000] {logging_mixin.py:188} INFO - [2024-01-04T21:53:46.027+0000] {dag.py:3820} INFO - Setting next_dagrun for example_weekday_branch_operator to 2024-01-03T00:00:00+00:00, run_after=2024-01-04T00:00:00+00:00
[2024-01-04T21:53:46.048+0000] {processor.py:183} INFO - Processing /home/airflow/.local/lib/python3.8/site-packages/airflow/example_dags/example_branch_day_of_week_operator.py took 0.059 seconds
[2024-01-04T21:54:16.442+0000] {processor.py:161} INFO - Started process (PID=241) to work on /home/airflow/.local/lib/python3.8/site-packages/airflow/example_dags/example_branch_day_of_week_operator.py
[2024-01-04T21:54:16.443+0000] {processor.py:830} INFO - Processing file /home/airflow/.local/lib/python3.8/site-packages/airflow/example_dags/example_branch_day_of_week_operator.py for tasks to queue
[2024-01-04T21:54:16.445+0000] {logging_mixin.py:188} INFO - [2024-01-04T21:54:16.444+0000] {dagbag.py:538} INFO - Filling up the DagBag from /home/airflow/.local/lib/python3.8/site-packages/airflow/example_dags/example_branch_day_of_week_operator.py
[2024-01-04T21:54:16.450+0000] {processor.py:840} INFO - DAG(s) 'example_weekday_branch_operator' retrieved from /home/airflow/.local/lib/python3.8/site-packages/airflow/example_dags/example_branch_day_of_week_operator.py
[2024-01-04T21:54:16.464+0000] {logging_mixin.py:188} INFO - [2024-01-04T21:54:16.464+0000] {dag.py:3033} INFO - Sync 1 DAGs
[2024-01-04T21:54:16.483+0000] {logging_mixin.py:188} INFO - [2024-01-04T21:54:16.483+0000] {dag.py:3820} INFO - Setting next_dagrun for example_weekday_branch_operator to 2024-01-03T00:00:00+00:00, run_after=2024-01-04T00:00:00+00:00
[2024-01-04T21:54:16.498+0000] {processor.py:183} INFO - Processing /home/airflow/.local/lib/python3.8/site-packages/airflow/example_dags/example_branch_day_of_week_operator.py took 0.057 seconds
[2024-01-04T21:54:46.531+0000] {processor.py:161} INFO - Started process (PID=297) to work on /home/airflow/.local/lib/python3.8/site-packages/airflow/example_dags/example_branch_day_of_week_operator.py
[2024-01-04T21:54:46.532+0000] {processor.py:830} INFO - Processing file /home/airflow/.local/lib/python3.8/site-packages/airflow/example_dags/example_branch_day_of_week_operator.py for tasks to queue
[2024-01-04T21:54:46.533+0000] {logging_mixin.py:188} INFO - [2024-01-04T21:54:46.533+0000] {dagbag.py:538} INFO - Filling up the DagBag from /home/airflow/.local/lib/python3.8/site-packages/airflow/example_dags/example_branch_day_of_week_operator.py
[2024-01-04T21:54:46.538+0000] {processor.py:840} INFO - DAG(s) 'example_weekday_branch_operator' retrieved from /home/airflow/.local/lib/python3.8/site-packages/airflow/example_dags/example_branch_day_of_week_operator.py
[2024-01-04T21:54:46.553+0000] {logging_mixin.py:188} INFO - [2024-01-04T21:54:46.553+0000] {dag.py:3033} INFO - Sync 1 DAGs
[2024-01-04T21:54:46.571+0000] {logging_mixin.py:188} INFO - [2024-01-04T21:54:46.571+0000] {dag.py:3820} INFO - Setting next_dagrun for example_weekday_branch_operator to 2024-01-03T00:00:00+00:00, run_after=2024-01-04T00:00:00+00:00
[2024-01-04T21:54:46.593+0000] {processor.py:183} INFO - Processing /home/airflow/.local/lib/python3.8/site-packages/airflow/example_dags/example_branch_day_of_week_operator.py took 0.065 seconds
[2024-01-04T21:55:17.018+0000] {processor.py:161} INFO - Started process (PID=352) to work on /home/airflow/.local/lib/python3.8/site-packages/airflow/example_dags/example_branch_day_of_week_operator.py
[2024-01-04T21:55:17.019+0000] {processor.py:830} INFO - Processing file /home/airflow/.local/lib/python3.8/site-packages/airflow/example_dags/example_branch_day_of_week_operator.py for tasks to queue
[2024-01-04T21:55:17.021+0000] {logging_mixin.py:188} INFO - [2024-01-04T21:55:17.020+0000] {dagbag.py:538} INFO - Filling up the DagBag from /home/airflow/.local/lib/python3.8/site-packages/airflow/example_dags/example_branch_day_of_week_operator.py
[2024-01-04T21:55:17.026+0000] {processor.py:840} INFO - DAG(s) 'example_weekday_branch_operator' retrieved from /home/airflow/.local/lib/python3.8/site-packages/airflow/example_dags/example_branch_day_of_week_operator.py
[2024-01-04T21:55:17.039+0000] {logging_mixin.py:188} INFO - [2024-01-04T21:55:17.039+0000] {dag.py:3033} INFO - Sync 1 DAGs
[2024-01-04T21:55:17.055+0000] {logging_mixin.py:188} INFO - [2024-01-04T21:55:17.055+0000] {dag.py:3820} INFO - Setting next_dagrun for example_weekday_branch_operator to 2024-01-03T00:00:00+00:00, run_after=2024-01-04T00:00:00+00:00
[2024-01-04T21:55:17.077+0000] {processor.py:183} INFO - Processing /home/airflow/.local/lib/python3.8/site-packages/airflow/example_dags/example_branch_day_of_week_operator.py took 0.061 seconds
[2024-01-04T21:55:47.201+0000] {processor.py:161} INFO - Started process (PID=407) to work on /home/airflow/.local/lib/python3.8/site-packages/airflow/example_dags/example_branch_day_of_week_operator.py
[2024-01-04T21:55:47.201+0000] {processor.py:830} INFO - Processing file /home/airflow/.local/lib/python3.8/site-packages/airflow/example_dags/example_branch_day_of_week_operator.py for tasks to queue
[2024-01-04T21:55:47.203+0000] {logging_mixin.py:188} INFO - [2024-01-04T21:55:47.203+0000] {dagbag.py:538} INFO - Filling up the DagBag from /home/airflow/.local/lib/python3.8/site-packages/airflow/example_dags/example_branch_day_of_week_operator.py
[2024-01-04T21:55:47.208+0000] {processor.py:840} INFO - DAG(s) 'example_weekday_branch_operator' retrieved from /home/airflow/.local/lib/python3.8/site-packages/airflow/example_dags/example_branch_day_of_week_operator.py
[2024-01-04T21:55:47.223+0000] {logging_mixin.py:188} INFO - [2024-01-04T21:55:47.223+0000] {dag.py:3033} INFO - Sync 1 DAGs
[2024-01-04T21:55:47.239+0000] {logging_mixin.py:188} INFO - [2024-01-04T21:55:47.239+0000] {dag.py:3820} INFO - Setting next_dagrun for example_weekday_branch_operator to 2024-01-03T00:00:00+00:00, run_after=2024-01-04T00:00:00+00:00
[2024-01-04T21:55:47.254+0000] {processor.py:183} INFO - Processing /home/airflow/.local/lib/python3.8/site-packages/airflow/example_dags/example_branch_day_of_week_operator.py took 0.055 seconds
