[2024-01-04T21:52:43.728+0000] {processor.py:161} INFO - Started process (PID=47) to work on /home/airflow/.local/lib/python3.8/site-packages/airflow/example_dags/example_python_operator.py
[2024-01-04T21:52:43.729+0000] {processor.py:830} INFO - Processing file /home/airflow/.local/lib/python3.8/site-packages/airflow/example_dags/example_python_operator.py for tasks to queue
[2024-01-04T21:52:43.730+0000] {logging_mixin.py:188} INFO - [2024-01-04T21:52:43.730+0000] {dagbag.py:538} INFO - Filling up the DagBag from /home/airflow/.local/lib/python3.8/site-packages/airflow/example_dags/example_python_operator.py
[2024-01-04T21:52:43.739+0000] {processor.py:840} INFO - DAG(s) 'example_python_operator' retrieved from /home/airflow/.local/lib/python3.8/site-packages/airflow/example_dags/example_python_operator.py
[2024-01-04T21:52:43.855+0000] {logging_mixin.py:188} INFO - [2024-01-04T21:52:43.855+0000] {dag.py:3033} INFO - Sync 1 DAGs
[2024-01-04T21:52:43.866+0000] {logging_mixin.py:188} INFO - [2024-01-04T21:52:43.866+0000] {dag.py:3820} INFO - Setting next_dagrun for example_python_operator to None, run_after=None
[2024-01-04T21:52:43.882+0000] {processor.py:183} INFO - Processing /home/airflow/.local/lib/python3.8/site-packages/airflow/example_dags/example_python_operator.py took 0.157 seconds
[2024-01-04T21:53:14.182+0000] {processor.py:161} INFO - Started process (PID=101) to work on /home/airflow/.local/lib/python3.8/site-packages/airflow/example_dags/example_python_operator.py
[2024-01-04T21:53:14.183+0000] {processor.py:830} INFO - Processing file /home/airflow/.local/lib/python3.8/site-packages/airflow/example_dags/example_python_operator.py for tasks to queue
[2024-01-04T21:53:14.185+0000] {logging_mixin.py:188} INFO - [2024-01-04T21:53:14.185+0000] {dagbag.py:538} INFO - Filling up the DagBag from /home/airflow/.local/lib/python3.8/site-packages/airflow/example_dags/example_python_operator.py
[2024-01-04T21:53:14.195+0000] {processor.py:840} INFO - DAG(s) 'example_python_operator' retrieved from /home/airflow/.local/lib/python3.8/site-packages/airflow/example_dags/example_python_operator.py
[2024-01-04T21:53:14.210+0000] {logging_mixin.py:188} INFO - [2024-01-04T21:53:14.210+0000] {dag.py:3033} INFO - Sync 1 DAGs
[2024-01-04T21:53:14.222+0000] {logging_mixin.py:188} INFO - [2024-01-04T21:53:14.222+0000] {dag.py:3820} INFO - Setting next_dagrun for example_python_operator to None, run_after=None
[2024-01-04T21:53:14.237+0000] {processor.py:183} INFO - Processing /home/airflow/.local/lib/python3.8/site-packages/airflow/example_dags/example_python_operator.py took 0.058 seconds
[2024-01-04T21:53:44.625+0000] {processor.py:161} INFO - Started process (PID=156) to work on /home/airflow/.local/lib/python3.8/site-packages/airflow/example_dags/example_python_operator.py
[2024-01-04T21:53:44.626+0000] {processor.py:830} INFO - Processing file /home/airflow/.local/lib/python3.8/site-packages/airflow/example_dags/example_python_operator.py for tasks to queue
[2024-01-04T21:53:44.627+0000] {logging_mixin.py:188} INFO - [2024-01-04T21:53:44.627+0000] {dagbag.py:538} INFO - Filling up the DagBag from /home/airflow/.local/lib/python3.8/site-packages/airflow/example_dags/example_python_operator.py
[2024-01-04T21:53:44.634+0000] {processor.py:840} INFO - DAG(s) 'example_python_operator' retrieved from /home/airflow/.local/lib/python3.8/site-packages/airflow/example_dags/example_python_operator.py
[2024-01-04T21:53:44.649+0000] {logging_mixin.py:188} INFO - [2024-01-04T21:53:44.648+0000] {dag.py:3033} INFO - Sync 1 DAGs
[2024-01-04T21:53:44.657+0000] {logging_mixin.py:188} INFO - [2024-01-04T21:53:44.657+0000] {dag.py:3820} INFO - Setting next_dagrun for example_python_operator to None, run_after=None
[2024-01-04T21:53:44.669+0000] {processor.py:183} INFO - Processing /home/airflow/.local/lib/python3.8/site-packages/airflow/example_dags/example_python_operator.py took 0.047 seconds
[2024-01-04T21:54:14.919+0000] {processor.py:161} INFO - Started process (PID=211) to work on /home/airflow/.local/lib/python3.8/site-packages/airflow/example_dags/example_python_operator.py
[2024-01-04T21:54:14.921+0000] {processor.py:830} INFO - Processing file /home/airflow/.local/lib/python3.8/site-packages/airflow/example_dags/example_python_operator.py for tasks to queue
[2024-01-04T21:54:14.922+0000] {logging_mixin.py:188} INFO - [2024-01-04T21:54:14.922+0000] {dagbag.py:538} INFO - Filling up the DagBag from /home/airflow/.local/lib/python3.8/site-packages/airflow/example_dags/example_python_operator.py
[2024-01-04T21:54:14.930+0000] {processor.py:840} INFO - DAG(s) 'example_python_operator' retrieved from /home/airflow/.local/lib/python3.8/site-packages/airflow/example_dags/example_python_operator.py
[2024-01-04T21:54:14.946+0000] {logging_mixin.py:188} INFO - [2024-01-04T21:54:14.946+0000] {dag.py:3033} INFO - Sync 1 DAGs
[2024-01-04T21:54:14.957+0000] {logging_mixin.py:188} INFO - [2024-01-04T21:54:14.957+0000] {dag.py:3820} INFO - Setting next_dagrun for example_python_operator to None, run_after=None
[2024-01-04T21:54:14.977+0000] {processor.py:183} INFO - Processing /home/airflow/.local/lib/python3.8/site-packages/airflow/example_dags/example_python_operator.py took 0.061 seconds
[2024-01-04T21:54:45.319+0000] {processor.py:161} INFO - Started process (PID=267) to work on /home/airflow/.local/lib/python3.8/site-packages/airflow/example_dags/example_python_operator.py
[2024-01-04T21:54:45.320+0000] {processor.py:830} INFO - Processing file /home/airflow/.local/lib/python3.8/site-packages/airflow/example_dags/example_python_operator.py for tasks to queue
[2024-01-04T21:54:45.322+0000] {logging_mixin.py:188} INFO - [2024-01-04T21:54:45.322+0000] {dagbag.py:538} INFO - Filling up the DagBag from /home/airflow/.local/lib/python3.8/site-packages/airflow/example_dags/example_python_operator.py
[2024-01-04T21:54:45.329+0000] {processor.py:840} INFO - DAG(s) 'example_python_operator' retrieved from /home/airflow/.local/lib/python3.8/site-packages/airflow/example_dags/example_python_operator.py
[2024-01-04T21:54:45.345+0000] {logging_mixin.py:188} INFO - [2024-01-04T21:54:45.344+0000] {dag.py:3033} INFO - Sync 1 DAGs
[2024-01-04T21:54:45.354+0000] {logging_mixin.py:188} INFO - [2024-01-04T21:54:45.354+0000] {dag.py:3820} INFO - Setting next_dagrun for example_python_operator to None, run_after=None
[2024-01-04T21:54:45.369+0000] {processor.py:183} INFO - Processing /home/airflow/.local/lib/python3.8/site-packages/airflow/example_dags/example_python_operator.py took 0.052 seconds
[2024-01-04T21:55:15.431+0000] {processor.py:161} INFO - Started process (PID=322) to work on /home/airflow/.local/lib/python3.8/site-packages/airflow/example_dags/example_python_operator.py
[2024-01-04T21:55:15.433+0000] {processor.py:830} INFO - Processing file /home/airflow/.local/lib/python3.8/site-packages/airflow/example_dags/example_python_operator.py for tasks to queue
[2024-01-04T21:55:15.434+0000] {logging_mixin.py:188} INFO - [2024-01-04T21:55:15.434+0000] {dagbag.py:538} INFO - Filling up the DagBag from /home/airflow/.local/lib/python3.8/site-packages/airflow/example_dags/example_python_operator.py
[2024-01-04T21:55:15.441+0000] {processor.py:840} INFO - DAG(s) 'example_python_operator' retrieved from /home/airflow/.local/lib/python3.8/site-packages/airflow/example_dags/example_python_operator.py
[2024-01-04T21:55:15.457+0000] {logging_mixin.py:188} INFO - [2024-01-04T21:55:15.457+0000] {dag.py:3033} INFO - Sync 1 DAGs
[2024-01-04T21:55:15.467+0000] {logging_mixin.py:188} INFO - [2024-01-04T21:55:15.467+0000] {dag.py:3820} INFO - Setting next_dagrun for example_python_operator to None, run_after=None
[2024-01-04T21:55:15.481+0000] {processor.py:183} INFO - Processing /home/airflow/.local/lib/python3.8/site-packages/airflow/example_dags/example_python_operator.py took 0.052 seconds
[2024-01-04T21:55:45.863+0000] {processor.py:161} INFO - Started process (PID=377) to work on /home/airflow/.local/lib/python3.8/site-packages/airflow/example_dags/example_python_operator.py
[2024-01-04T21:55:45.865+0000] {processor.py:830} INFO - Processing file /home/airflow/.local/lib/python3.8/site-packages/airflow/example_dags/example_python_operator.py for tasks to queue
[2024-01-04T21:55:45.866+0000] {logging_mixin.py:188} INFO - [2024-01-04T21:55:45.866+0000] {dagbag.py:538} INFO - Filling up the DagBag from /home/airflow/.local/lib/python3.8/site-packages/airflow/example_dags/example_python_operator.py
[2024-01-04T21:55:45.873+0000] {processor.py:840} INFO - DAG(s) 'example_python_operator' retrieved from /home/airflow/.local/lib/python3.8/site-packages/airflow/example_dags/example_python_operator.py
[2024-01-04T21:55:45.888+0000] {logging_mixin.py:188} INFO - [2024-01-04T21:55:45.888+0000] {dag.py:3033} INFO - Sync 1 DAGs
[2024-01-04T21:55:45.898+0000] {logging_mixin.py:188} INFO - [2024-01-04T21:55:45.898+0000] {dag.py:3820} INFO - Setting next_dagrun for example_python_operator to None, run_after=None
[2024-01-04T21:55:45.913+0000] {processor.py:183} INFO - Processing /home/airflow/.local/lib/python3.8/site-packages/airflow/example_dags/example_python_operator.py took 0.052 seconds
[2024-01-04T21:56:16.055+0000] {processor.py:161} INFO - Started process (PID=432) to work on /home/airflow/.local/lib/python3.8/site-packages/airflow/example_dags/example_python_operator.py
[2024-01-04T21:56:16.056+0000] {processor.py:830} INFO - Processing file /home/airflow/.local/lib/python3.8/site-packages/airflow/example_dags/example_python_operator.py for tasks to queue
[2024-01-04T21:56:16.057+0000] {logging_mixin.py:188} INFO - [2024-01-04T21:56:16.057+0000] {dagbag.py:538} INFO - Filling up the DagBag from /home/airflow/.local/lib/python3.8/site-packages/airflow/example_dags/example_python_operator.py
[2024-01-04T21:56:16.064+0000] {processor.py:840} INFO - DAG(s) 'example_python_operator' retrieved from /home/airflow/.local/lib/python3.8/site-packages/airflow/example_dags/example_python_operator.py
[2024-01-04T21:56:16.079+0000] {logging_mixin.py:188} INFO - [2024-01-04T21:56:16.079+0000] {dag.py:3033} INFO - Sync 1 DAGs
[2024-01-04T21:56:16.087+0000] {logging_mixin.py:188} INFO - [2024-01-04T21:56:16.087+0000] {dag.py:3820} INFO - Setting next_dagrun for example_python_operator to None, run_after=None
[2024-01-04T21:56:16.112+0000] {processor.py:183} INFO - Processing /home/airflow/.local/lib/python3.8/site-packages/airflow/example_dags/example_python_operator.py took 0.059 seconds
