[2024-01-04T21:52:44.783+0000] {processor.py:161} INFO - Started process (PID=67) to work on /home/airflow/.local/lib/python3.8/site-packages/airflow/example_dags/example_latest_only.py
[2024-01-04T21:52:44.784+0000] {processor.py:830} INFO - Processing file /home/airflow/.local/lib/python3.8/site-packages/airflow/example_dags/example_latest_only.py for tasks to queue
[2024-01-04T21:52:44.786+0000] {logging_mixin.py:188} INFO - [2024-01-04T21:52:44.785+0000] {dagbag.py:538} INFO - Filling up the DagBag from /home/airflow/.local/lib/python3.8/site-packages/airflow/example_dags/example_latest_only.py
[2024-01-04T21:52:44.790+0000] {processor.py:840} INFO - DAG(s) 'latest_only' retrieved from /home/airflow/.local/lib/python3.8/site-packages/airflow/example_dags/example_latest_only.py
[2024-01-04T21:52:44.805+0000] {logging_mixin.py:188} INFO - [2024-01-04T21:52:44.805+0000] {dag.py:3033} INFO - Sync 1 DAGs
[2024-01-04T21:52:44.826+0000] {logging_mixin.py:188} INFO - [2024-01-04T21:52:44.826+0000] {dag.py:3820} INFO - Setting next_dagrun for latest_only to 2024-01-04T16:00:00+00:00, run_after=2024-01-04T20:00:00+00:00
[2024-01-04T21:52:44.840+0000] {processor.py:183} INFO - Processing /home/airflow/.local/lib/python3.8/site-packages/airflow/example_dags/example_latest_only.py took 0.059 seconds
[2024-01-04T21:53:15.250+0000] {processor.py:161} INFO - Started process (PID=121) to work on /home/airflow/.local/lib/python3.8/site-packages/airflow/example_dags/example_latest_only.py
[2024-01-04T21:53:15.251+0000] {processor.py:830} INFO - Processing file /home/airflow/.local/lib/python3.8/site-packages/airflow/example_dags/example_latest_only.py for tasks to queue
[2024-01-04T21:53:15.253+0000] {logging_mixin.py:188} INFO - [2024-01-04T21:53:15.253+0000] {dagbag.py:538} INFO - Filling up the DagBag from /home/airflow/.local/lib/python3.8/site-packages/airflow/example_dags/example_latest_only.py
[2024-01-04T21:53:15.258+0000] {processor.py:840} INFO - DAG(s) 'latest_only' retrieved from /home/airflow/.local/lib/python3.8/site-packages/airflow/example_dags/example_latest_only.py
[2024-01-04T21:53:15.278+0000] {logging_mixin.py:188} INFO - [2024-01-04T21:53:15.278+0000] {dag.py:3033} INFO - Sync 1 DAGs
[2024-01-04T21:53:15.302+0000] {logging_mixin.py:188} INFO - [2024-01-04T21:53:15.302+0000] {dag.py:3820} INFO - Setting next_dagrun for latest_only to 2024-01-04T16:00:00+00:00, run_after=2024-01-04T20:00:00+00:00
[2024-01-04T21:53:15.322+0000] {processor.py:183} INFO - Processing /home/airflow/.local/lib/python3.8/site-packages/airflow/example_dags/example_latest_only.py took 0.075 seconds
[2024-01-04T21:53:45.447+0000] {processor.py:161} INFO - Started process (PID=176) to work on /home/airflow/.local/lib/python3.8/site-packages/airflow/example_dags/example_latest_only.py
[2024-01-04T21:53:45.448+0000] {processor.py:830} INFO - Processing file /home/airflow/.local/lib/python3.8/site-packages/airflow/example_dags/example_latest_only.py for tasks to queue
[2024-01-04T21:53:45.450+0000] {logging_mixin.py:188} INFO - [2024-01-04T21:53:45.450+0000] {dagbag.py:538} INFO - Filling up the DagBag from /home/airflow/.local/lib/python3.8/site-packages/airflow/example_dags/example_latest_only.py
[2024-01-04T21:53:45.454+0000] {processor.py:840} INFO - DAG(s) 'latest_only' retrieved from /home/airflow/.local/lib/python3.8/site-packages/airflow/example_dags/example_latest_only.py
[2024-01-04T21:53:45.470+0000] {logging_mixin.py:188} INFO - [2024-01-04T21:53:45.470+0000] {dag.py:3033} INFO - Sync 1 DAGs
[2024-01-04T21:53:45.488+0000] {logging_mixin.py:188} INFO - [2024-01-04T21:53:45.488+0000] {dag.py:3820} INFO - Setting next_dagrun for latest_only to 2024-01-04T16:00:00+00:00, run_after=2024-01-04T20:00:00+00:00
[2024-01-04T21:53:45.503+0000] {processor.py:183} INFO - Processing /home/airflow/.local/lib/python3.8/site-packages/airflow/example_dags/example_latest_only.py took 0.059 seconds
[2024-01-04T21:54:15.925+0000] {processor.py:161} INFO - Started process (PID=231) to work on /home/airflow/.local/lib/python3.8/site-packages/airflow/example_dags/example_latest_only.py
[2024-01-04T21:54:15.927+0000] {processor.py:830} INFO - Processing file /home/airflow/.local/lib/python3.8/site-packages/airflow/example_dags/example_latest_only.py for tasks to queue
[2024-01-04T21:54:15.928+0000] {logging_mixin.py:188} INFO - [2024-01-04T21:54:15.928+0000] {dagbag.py:538} INFO - Filling up the DagBag from /home/airflow/.local/lib/python3.8/site-packages/airflow/example_dags/example_latest_only.py
[2024-01-04T21:54:15.931+0000] {processor.py:840} INFO - DAG(s) 'latest_only' retrieved from /home/airflow/.local/lib/python3.8/site-packages/airflow/example_dags/example_latest_only.py
[2024-01-04T21:54:15.945+0000] {logging_mixin.py:188} INFO - [2024-01-04T21:54:15.945+0000] {dag.py:3033} INFO - Sync 1 DAGs
[2024-01-04T21:54:15.961+0000] {logging_mixin.py:188} INFO - [2024-01-04T21:54:15.961+0000] {dag.py:3820} INFO - Setting next_dagrun for latest_only to 2024-01-04T16:00:00+00:00, run_after=2024-01-04T20:00:00+00:00
[2024-01-04T21:54:15.976+0000] {processor.py:183} INFO - Processing /home/airflow/.local/lib/python3.8/site-packages/airflow/example_dags/example_latest_only.py took 0.053 seconds
[2024-01-04T21:54:46.191+0000] {processor.py:161} INFO - Started process (PID=287) to work on /home/airflow/.local/lib/python3.8/site-packages/airflow/example_dags/example_latest_only.py
[2024-01-04T21:54:46.192+0000] {processor.py:830} INFO - Processing file /home/airflow/.local/lib/python3.8/site-packages/airflow/example_dags/example_latest_only.py for tasks to queue
[2024-01-04T21:54:46.194+0000] {logging_mixin.py:188} INFO - [2024-01-04T21:54:46.193+0000] {dagbag.py:538} INFO - Filling up the DagBag from /home/airflow/.local/lib/python3.8/site-packages/airflow/example_dags/example_latest_only.py
[2024-01-04T21:54:46.197+0000] {processor.py:840} INFO - DAG(s) 'latest_only' retrieved from /home/airflow/.local/lib/python3.8/site-packages/airflow/example_dags/example_latest_only.py
[2024-01-04T21:54:46.212+0000] {logging_mixin.py:188} INFO - [2024-01-04T21:54:46.212+0000] {dag.py:3033} INFO - Sync 1 DAGs
[2024-01-04T21:54:46.227+0000] {logging_mixin.py:188} INFO - [2024-01-04T21:54:46.226+0000] {dag.py:3820} INFO - Setting next_dagrun for latest_only to 2024-01-04T16:00:00+00:00, run_after=2024-01-04T20:00:00+00:00
[2024-01-04T21:54:46.238+0000] {processor.py:183} INFO - Processing /home/airflow/.local/lib/python3.8/site-packages/airflow/example_dags/example_latest_only.py took 0.049 seconds
[2024-01-04T21:55:16.465+0000] {processor.py:161} INFO - Started process (PID=342) to work on /home/airflow/.local/lib/python3.8/site-packages/airflow/example_dags/example_latest_only.py
[2024-01-04T21:55:16.465+0000] {processor.py:830} INFO - Processing file /home/airflow/.local/lib/python3.8/site-packages/airflow/example_dags/example_latest_only.py for tasks to queue
[2024-01-04T21:55:16.467+0000] {logging_mixin.py:188} INFO - [2024-01-04T21:55:16.467+0000] {dagbag.py:538} INFO - Filling up the DagBag from /home/airflow/.local/lib/python3.8/site-packages/airflow/example_dags/example_latest_only.py
[2024-01-04T21:55:16.470+0000] {processor.py:840} INFO - DAG(s) 'latest_only' retrieved from /home/airflow/.local/lib/python3.8/site-packages/airflow/example_dags/example_latest_only.py
[2024-01-04T21:55:16.483+0000] {logging_mixin.py:188} INFO - [2024-01-04T21:55:16.483+0000] {dag.py:3033} INFO - Sync 1 DAGs
[2024-01-04T21:55:16.498+0000] {logging_mixin.py:188} INFO - [2024-01-04T21:55:16.498+0000] {dag.py:3820} INFO - Setting next_dagrun for latest_only to 2024-01-04T16:00:00+00:00, run_after=2024-01-04T20:00:00+00:00
[2024-01-04T21:55:16.521+0000] {processor.py:183} INFO - Processing /home/airflow/.local/lib/python3.8/site-packages/airflow/example_dags/example_latest_only.py took 0.058 seconds
[2024-01-04T21:55:46.720+0000] {processor.py:161} INFO - Started process (PID=397) to work on /home/airflow/.local/lib/python3.8/site-packages/airflow/example_dags/example_latest_only.py
[2024-01-04T21:55:46.721+0000] {processor.py:830} INFO - Processing file /home/airflow/.local/lib/python3.8/site-packages/airflow/example_dags/example_latest_only.py for tasks to queue
[2024-01-04T21:55:46.723+0000] {logging_mixin.py:188} INFO - [2024-01-04T21:55:46.723+0000] {dagbag.py:538} INFO - Filling up the DagBag from /home/airflow/.local/lib/python3.8/site-packages/airflow/example_dags/example_latest_only.py
[2024-01-04T21:55:46.726+0000] {processor.py:840} INFO - DAG(s) 'latest_only' retrieved from /home/airflow/.local/lib/python3.8/site-packages/airflow/example_dags/example_latest_only.py
[2024-01-04T21:55:46.739+0000] {logging_mixin.py:188} INFO - [2024-01-04T21:55:46.739+0000] {dag.py:3033} INFO - Sync 1 DAGs
[2024-01-04T21:55:46.755+0000] {logging_mixin.py:188} INFO - [2024-01-04T21:55:46.755+0000] {dag.py:3820} INFO - Setting next_dagrun for latest_only to 2024-01-04T16:00:00+00:00, run_after=2024-01-04T20:00:00+00:00
[2024-01-04T21:55:46.768+0000] {processor.py:183} INFO - Processing /home/airflow/.local/lib/python3.8/site-packages/airflow/example_dags/example_latest_only.py took 0.050 seconds
[2024-01-04T21:56:16.973+0000] {processor.py:161} INFO - Started process (PID=452) to work on /home/airflow/.local/lib/python3.8/site-packages/airflow/example_dags/example_latest_only.py
[2024-01-04T21:56:16.974+0000] {processor.py:830} INFO - Processing file /home/airflow/.local/lib/python3.8/site-packages/airflow/example_dags/example_latest_only.py for tasks to queue
[2024-01-04T21:56:16.976+0000] {logging_mixin.py:188} INFO - [2024-01-04T21:56:16.976+0000] {dagbag.py:538} INFO - Filling up the DagBag from /home/airflow/.local/lib/python3.8/site-packages/airflow/example_dags/example_latest_only.py
[2024-01-04T21:56:16.979+0000] {processor.py:840} INFO - DAG(s) 'latest_only' retrieved from /home/airflow/.local/lib/python3.8/site-packages/airflow/example_dags/example_latest_only.py
[2024-01-04T21:56:16.994+0000] {logging_mixin.py:188} INFO - [2024-01-04T21:56:16.994+0000] {dag.py:3033} INFO - Sync 1 DAGs
[2024-01-04T21:56:17.012+0000] {logging_mixin.py:188} INFO - [2024-01-04T21:56:17.012+0000] {dag.py:3820} INFO - Setting next_dagrun for latest_only to 2024-01-04T16:00:00+00:00, run_after=2024-01-04T20:00:00+00:00
[2024-01-04T21:56:17.027+0000] {processor.py:183} INFO - Processing /home/airflow/.local/lib/python3.8/site-packages/airflow/example_dags/example_latest_only.py took 0.056 seconds
