[2024-01-04T21:52:45.180+0000] {processor.py:161} INFO - Started process (PID=76) to work on /home/airflow/.local/lib/python3.8/site-packages/airflow/example_dags/example_latest_only_with_trigger.py
[2024-01-04T21:52:45.181+0000] {processor.py:830} INFO - Processing file /home/airflow/.local/lib/python3.8/site-packages/airflow/example_dags/example_latest_only_with_trigger.py for tasks to queue
[2024-01-04T21:52:45.184+0000] {logging_mixin.py:188} INFO - [2024-01-04T21:52:45.183+0000] {dagbag.py:538} INFO - Filling up the DagBag from /home/airflow/.local/lib/python3.8/site-packages/airflow/example_dags/example_latest_only_with_trigger.py
[2024-01-04T21:52:45.189+0000] {processor.py:840} INFO - DAG(s) 'latest_only_with_trigger' retrieved from /home/airflow/.local/lib/python3.8/site-packages/airflow/example_dags/example_latest_only_with_trigger.py
[2024-01-04T21:52:45.204+0000] {logging_mixin.py:188} INFO - [2024-01-04T21:52:45.204+0000] {dag.py:3033} INFO - Sync 1 DAGs
[2024-01-04T21:52:45.220+0000] {logging_mixin.py:188} INFO - [2024-01-04T21:52:45.220+0000] {dag.py:3820} INFO - Setting next_dagrun for latest_only_with_trigger to 2024-01-04T16:00:00+00:00, run_after=2024-01-04T20:00:00+00:00
[2024-01-04T21:52:45.238+0000] {processor.py:183} INFO - Processing /home/airflow/.local/lib/python3.8/site-packages/airflow/example_dags/example_latest_only_with_trigger.py took 0.060 seconds
[2024-01-04T21:53:15.757+0000] {processor.py:161} INFO - Started process (PID=130) to work on /home/airflow/.local/lib/python3.8/site-packages/airflow/example_dags/example_latest_only_with_trigger.py
[2024-01-04T21:53:15.757+0000] {processor.py:830} INFO - Processing file /home/airflow/.local/lib/python3.8/site-packages/airflow/example_dags/example_latest_only_with_trigger.py for tasks to queue
[2024-01-04T21:53:15.759+0000] {logging_mixin.py:188} INFO - [2024-01-04T21:53:15.759+0000] {dagbag.py:538} INFO - Filling up the DagBag from /home/airflow/.local/lib/python3.8/site-packages/airflow/example_dags/example_latest_only_with_trigger.py
[2024-01-04T21:53:15.764+0000] {processor.py:840} INFO - DAG(s) 'latest_only_with_trigger' retrieved from /home/airflow/.local/lib/python3.8/site-packages/airflow/example_dags/example_latest_only_with_trigger.py
[2024-01-04T21:53:15.778+0000] {logging_mixin.py:188} INFO - [2024-01-04T21:53:15.778+0000] {dag.py:3033} INFO - Sync 1 DAGs
[2024-01-04T21:53:15.797+0000] {logging_mixin.py:188} INFO - [2024-01-04T21:53:15.797+0000] {dag.py:3820} INFO - Setting next_dagrun for latest_only_with_trigger to 2024-01-04T16:00:00+00:00, run_after=2024-01-04T20:00:00+00:00
[2024-01-04T21:53:15.811+0000] {processor.py:183} INFO - Processing /home/airflow/.local/lib/python3.8/site-packages/airflow/example_dags/example_latest_only_with_trigger.py took 0.057 seconds
[2024-01-04T21:53:45.990+0000] {processor.py:161} INFO - Started process (PID=185) to work on /home/airflow/.local/lib/python3.8/site-packages/airflow/example_dags/example_latest_only_with_trigger.py
[2024-01-04T21:53:45.991+0000] {processor.py:830} INFO - Processing file /home/airflow/.local/lib/python3.8/site-packages/airflow/example_dags/example_latest_only_with_trigger.py for tasks to queue
[2024-01-04T21:53:45.992+0000] {logging_mixin.py:188} INFO - [2024-01-04T21:53:45.992+0000] {dagbag.py:538} INFO - Filling up the DagBag from /home/airflow/.local/lib/python3.8/site-packages/airflow/example_dags/example_latest_only_with_trigger.py
[2024-01-04T21:53:45.996+0000] {processor.py:840} INFO - DAG(s) 'latest_only_with_trigger' retrieved from /home/airflow/.local/lib/python3.8/site-packages/airflow/example_dags/example_latest_only_with_trigger.py
[2024-01-04T21:53:46.010+0000] {logging_mixin.py:188} INFO - [2024-01-04T21:53:46.010+0000] {dag.py:3033} INFO - Sync 1 DAGs
[2024-01-04T21:53:46.026+0000] {logging_mixin.py:188} INFO - [2024-01-04T21:53:46.026+0000] {dag.py:3820} INFO - Setting next_dagrun for latest_only_with_trigger to 2024-01-04T16:00:00+00:00, run_after=2024-01-04T20:00:00+00:00
[2024-01-04T21:53:46.048+0000] {processor.py:183} INFO - Processing /home/airflow/.local/lib/python3.8/site-packages/airflow/example_dags/example_latest_only_with_trigger.py took 0.061 seconds
[2024-01-04T21:54:16.367+0000] {processor.py:161} INFO - Started process (PID=240) to work on /home/airflow/.local/lib/python3.8/site-packages/airflow/example_dags/example_latest_only_with_trigger.py
[2024-01-04T21:54:16.367+0000] {processor.py:830} INFO - Processing file /home/airflow/.local/lib/python3.8/site-packages/airflow/example_dags/example_latest_only_with_trigger.py for tasks to queue
[2024-01-04T21:54:16.369+0000] {logging_mixin.py:188} INFO - [2024-01-04T21:54:16.369+0000] {dagbag.py:538} INFO - Filling up the DagBag from /home/airflow/.local/lib/python3.8/site-packages/airflow/example_dags/example_latest_only_with_trigger.py
[2024-01-04T21:54:16.373+0000] {processor.py:840} INFO - DAG(s) 'latest_only_with_trigger' retrieved from /home/airflow/.local/lib/python3.8/site-packages/airflow/example_dags/example_latest_only_with_trigger.py
[2024-01-04T21:54:16.386+0000] {logging_mixin.py:188} INFO - [2024-01-04T21:54:16.385+0000] {dag.py:3033} INFO - Sync 1 DAGs
[2024-01-04T21:54:16.401+0000] {logging_mixin.py:188} INFO - [2024-01-04T21:54:16.401+0000] {dag.py:3820} INFO - Setting next_dagrun for latest_only_with_trigger to 2024-01-04T16:00:00+00:00, run_after=2024-01-04T20:00:00+00:00
[2024-01-04T21:54:16.423+0000] {processor.py:183} INFO - Processing /home/airflow/.local/lib/python3.8/site-packages/airflow/example_dags/example_latest_only_with_trigger.py took 0.058 seconds
[2024-01-04T21:54:46.451+0000] {processor.py:161} INFO - Started process (PID=295) to work on /home/airflow/.local/lib/python3.8/site-packages/airflow/example_dags/example_latest_only_with_trigger.py
[2024-01-04T21:54:46.452+0000] {processor.py:830} INFO - Processing file /home/airflow/.local/lib/python3.8/site-packages/airflow/example_dags/example_latest_only_with_trigger.py for tasks to queue
[2024-01-04T21:54:46.453+0000] {logging_mixin.py:188} INFO - [2024-01-04T21:54:46.453+0000] {dagbag.py:538} INFO - Filling up the DagBag from /home/airflow/.local/lib/python3.8/site-packages/airflow/example_dags/example_latest_only_with_trigger.py
[2024-01-04T21:54:46.457+0000] {processor.py:840} INFO - DAG(s) 'latest_only_with_trigger' retrieved from /home/airflow/.local/lib/python3.8/site-packages/airflow/example_dags/example_latest_only_with_trigger.py
[2024-01-04T21:54:46.473+0000] {logging_mixin.py:188} INFO - [2024-01-04T21:54:46.472+0000] {dag.py:3033} INFO - Sync 1 DAGs
[2024-01-04T21:54:46.497+0000] {logging_mixin.py:188} INFO - [2024-01-04T21:54:46.497+0000] {dag.py:3820} INFO - Setting next_dagrun for latest_only_with_trigger to 2024-01-04T16:00:00+00:00, run_after=2024-01-04T20:00:00+00:00
[2024-01-04T21:54:46.512+0000] {processor.py:183} INFO - Processing /home/airflow/.local/lib/python3.8/site-packages/airflow/example_dags/example_latest_only_with_trigger.py took 0.063 seconds
[2024-01-04T21:55:16.956+0000] {processor.py:161} INFO - Started process (PID=351) to work on /home/airflow/.local/lib/python3.8/site-packages/airflow/example_dags/example_latest_only_with_trigger.py
[2024-01-04T21:55:16.957+0000] {processor.py:830} INFO - Processing file /home/airflow/.local/lib/python3.8/site-packages/airflow/example_dags/example_latest_only_with_trigger.py for tasks to queue
[2024-01-04T21:55:16.958+0000] {logging_mixin.py:188} INFO - [2024-01-04T21:55:16.958+0000] {dagbag.py:538} INFO - Filling up the DagBag from /home/airflow/.local/lib/python3.8/site-packages/airflow/example_dags/example_latest_only_with_trigger.py
[2024-01-04T21:55:16.962+0000] {processor.py:840} INFO - DAG(s) 'latest_only_with_trigger' retrieved from /home/airflow/.local/lib/python3.8/site-packages/airflow/example_dags/example_latest_only_with_trigger.py
[2024-01-04T21:55:16.976+0000] {logging_mixin.py:188} INFO - [2024-01-04T21:55:16.976+0000] {dag.py:3033} INFO - Sync 1 DAGs
[2024-01-04T21:55:16.992+0000] {logging_mixin.py:188} INFO - [2024-01-04T21:55:16.992+0000] {dag.py:3820} INFO - Setting next_dagrun for latest_only_with_trigger to 2024-01-04T16:00:00+00:00, run_after=2024-01-04T20:00:00+00:00
[2024-01-04T21:55:17.006+0000] {processor.py:183} INFO - Processing /home/airflow/.local/lib/python3.8/site-packages/airflow/example_dags/example_latest_only_with_trigger.py took 0.052 seconds
[2024-01-04T21:55:47.181+0000] {processor.py:161} INFO - Started process (PID=406) to work on /home/airflow/.local/lib/python3.8/site-packages/airflow/example_dags/example_latest_only_with_trigger.py
[2024-01-04T21:55:47.182+0000] {processor.py:830} INFO - Processing file /home/airflow/.local/lib/python3.8/site-packages/airflow/example_dags/example_latest_only_with_trigger.py for tasks to queue
[2024-01-04T21:55:47.184+0000] {logging_mixin.py:188} INFO - [2024-01-04T21:55:47.184+0000] {dagbag.py:538} INFO - Filling up the DagBag from /home/airflow/.local/lib/python3.8/site-packages/airflow/example_dags/example_latest_only_with_trigger.py
[2024-01-04T21:55:47.188+0000] {processor.py:840} INFO - DAG(s) 'latest_only_with_trigger' retrieved from /home/airflow/.local/lib/python3.8/site-packages/airflow/example_dags/example_latest_only_with_trigger.py
[2024-01-04T21:55:47.203+0000] {logging_mixin.py:188} INFO - [2024-01-04T21:55:47.203+0000] {dag.py:3033} INFO - Sync 1 DAGs
[2024-01-04T21:55:47.219+0000] {logging_mixin.py:188} INFO - [2024-01-04T21:55:47.219+0000] {dag.py:3820} INFO - Setting next_dagrun for latest_only_with_trigger to 2024-01-04T16:00:00+00:00, run_after=2024-01-04T20:00:00+00:00
[2024-01-04T21:55:47.233+0000] {processor.py:183} INFO - Processing /home/airflow/.local/lib/python3.8/site-packages/airflow/example_dags/example_latest_only_with_trigger.py took 0.054 seconds
