[2024-01-04T21:52:45.421+0000] {processor.py:161} INFO - Started process (PID=81) to work on /home/airflow/.local/lib/python3.8/site-packages/airflow/example_dags/example_sensor_decorator.py
[2024-01-04T21:52:45.421+0000] {processor.py:830} INFO - Processing file /home/airflow/.local/lib/python3.8/site-packages/airflow/example_dags/example_sensor_decorator.py for tasks to queue
[2024-01-04T21:52:45.423+0000] {logging_mixin.py:188} INFO - [2024-01-04T21:52:45.423+0000] {dagbag.py:538} INFO - Filling up the DagBag from /home/airflow/.local/lib/python3.8/site-packages/airflow/example_dags/example_sensor_decorator.py
[2024-01-04T21:52:45.427+0000] {processor.py:840} INFO - DAG(s) 'example_sensor_decorator' retrieved from /home/airflow/.local/lib/python3.8/site-packages/airflow/example_dags/example_sensor_decorator.py
[2024-01-04T21:52:45.440+0000] {logging_mixin.py:188} INFO - [2024-01-04T21:52:45.440+0000] {dag.py:3033} INFO - Sync 1 DAGs
[2024-01-04T21:52:45.450+0000] {logging_mixin.py:188} INFO - [2024-01-04T21:52:45.450+0000] {dag.py:3820} INFO - Setting next_dagrun for example_sensor_decorator to None, run_after=None
[2024-01-04T21:52:45.465+0000] {processor.py:183} INFO - Processing /home/airflow/.local/lib/python3.8/site-packages/airflow/example_dags/example_sensor_decorator.py took 0.046 seconds
[2024-01-04T21:53:16.028+0000] {processor.py:161} INFO - Started process (PID=135) to work on /home/airflow/.local/lib/python3.8/site-packages/airflow/example_dags/example_sensor_decorator.py
[2024-01-04T21:53:16.029+0000] {processor.py:830} INFO - Processing file /home/airflow/.local/lib/python3.8/site-packages/airflow/example_dags/example_sensor_decorator.py for tasks to queue
[2024-01-04T21:53:16.031+0000] {logging_mixin.py:188} INFO - [2024-01-04T21:53:16.031+0000] {dagbag.py:538} INFO - Filling up the DagBag from /home/airflow/.local/lib/python3.8/site-packages/airflow/example_dags/example_sensor_decorator.py
[2024-01-04T21:53:16.036+0000] {processor.py:840} INFO - DAG(s) 'example_sensor_decorator' retrieved from /home/airflow/.local/lib/python3.8/site-packages/airflow/example_dags/example_sensor_decorator.py
[2024-01-04T21:53:16.051+0000] {logging_mixin.py:188} INFO - [2024-01-04T21:53:16.051+0000] {dag.py:3033} INFO - Sync 1 DAGs
[2024-01-04T21:53:16.066+0000] {logging_mixin.py:188} INFO - [2024-01-04T21:53:16.066+0000] {dag.py:3820} INFO - Setting next_dagrun for example_sensor_decorator to None, run_after=None
[2024-01-04T21:53:16.083+0000] {processor.py:183} INFO - Processing /home/airflow/.local/lib/python3.8/site-packages/airflow/example_dags/example_sensor_decorator.py took 0.057 seconds
[2024-01-04T21:53:46.236+0000] {processor.py:161} INFO - Started process (PID=190) to work on /home/airflow/.local/lib/python3.8/site-packages/airflow/example_dags/example_sensor_decorator.py
[2024-01-04T21:53:46.236+0000] {processor.py:830} INFO - Processing file /home/airflow/.local/lib/python3.8/site-packages/airflow/example_dags/example_sensor_decorator.py for tasks to queue
[2024-01-04T21:53:46.238+0000] {logging_mixin.py:188} INFO - [2024-01-04T21:53:46.238+0000] {dagbag.py:538} INFO - Filling up the DagBag from /home/airflow/.local/lib/python3.8/site-packages/airflow/example_dags/example_sensor_decorator.py
[2024-01-04T21:53:46.242+0000] {processor.py:840} INFO - DAG(s) 'example_sensor_decorator' retrieved from /home/airflow/.local/lib/python3.8/site-packages/airflow/example_dags/example_sensor_decorator.py
[2024-01-04T21:53:46.256+0000] {logging_mixin.py:188} INFO - [2024-01-04T21:53:46.256+0000] {dag.py:3033} INFO - Sync 1 DAGs
[2024-01-04T21:53:46.265+0000] {logging_mixin.py:188} INFO - [2024-01-04T21:53:46.265+0000] {dag.py:3820} INFO - Setting next_dagrun for example_sensor_decorator to None, run_after=None
[2024-01-04T21:53:46.279+0000] {processor.py:183} INFO - Processing /home/airflow/.local/lib/python3.8/site-packages/airflow/example_dags/example_sensor_decorator.py took 0.045 seconds
[2024-01-04T21:54:16.631+0000] {processor.py:161} INFO - Started process (PID=246) to work on /home/airflow/.local/lib/python3.8/site-packages/airflow/example_dags/example_sensor_decorator.py
[2024-01-04T21:54:16.633+0000] {processor.py:830} INFO - Processing file /home/airflow/.local/lib/python3.8/site-packages/airflow/example_dags/example_sensor_decorator.py for tasks to queue
[2024-01-04T21:54:16.634+0000] {logging_mixin.py:188} INFO - [2024-01-04T21:54:16.634+0000] {dagbag.py:538} INFO - Filling up the DagBag from /home/airflow/.local/lib/python3.8/site-packages/airflow/example_dags/example_sensor_decorator.py
[2024-01-04T21:54:16.638+0000] {processor.py:840} INFO - DAG(s) 'example_sensor_decorator' retrieved from /home/airflow/.local/lib/python3.8/site-packages/airflow/example_dags/example_sensor_decorator.py
[2024-01-04T21:54:16.653+0000] {logging_mixin.py:188} INFO - [2024-01-04T21:54:16.653+0000] {dag.py:3033} INFO - Sync 1 DAGs
[2024-01-04T21:54:16.662+0000] {logging_mixin.py:188} INFO - [2024-01-04T21:54:16.662+0000] {dag.py:3820} INFO - Setting next_dagrun for example_sensor_decorator to None, run_after=None
[2024-01-04T21:54:16.678+0000] {processor.py:183} INFO - Processing /home/airflow/.local/lib/python3.8/site-packages/airflow/example_dags/example_sensor_decorator.py took 0.048 seconds
[2024-01-04T21:54:46.773+0000] {processor.py:161} INFO - Started process (PID=301) to work on /home/airflow/.local/lib/python3.8/site-packages/airflow/example_dags/example_sensor_decorator.py
[2024-01-04T21:54:46.774+0000] {processor.py:830} INFO - Processing file /home/airflow/.local/lib/python3.8/site-packages/airflow/example_dags/example_sensor_decorator.py for tasks to queue
[2024-01-04T21:54:46.776+0000] {logging_mixin.py:188} INFO - [2024-01-04T21:54:46.776+0000] {dagbag.py:538} INFO - Filling up the DagBag from /home/airflow/.local/lib/python3.8/site-packages/airflow/example_dags/example_sensor_decorator.py
[2024-01-04T21:54:46.780+0000] {processor.py:840} INFO - DAG(s) 'example_sensor_decorator' retrieved from /home/airflow/.local/lib/python3.8/site-packages/airflow/example_dags/example_sensor_decorator.py
[2024-01-04T21:54:46.796+0000] {logging_mixin.py:188} INFO - [2024-01-04T21:54:46.796+0000] {dag.py:3033} INFO - Sync 1 DAGs
[2024-01-04T21:54:46.806+0000] {logging_mixin.py:188} INFO - [2024-01-04T21:54:46.806+0000] {dag.py:3820} INFO - Setting next_dagrun for example_sensor_decorator to None, run_after=None
[2024-01-04T21:54:46.821+0000] {processor.py:183} INFO - Processing /home/airflow/.local/lib/python3.8/site-packages/airflow/example_dags/example_sensor_decorator.py took 0.049 seconds
[2024-01-04T21:55:17.272+0000] {processor.py:161} INFO - Started process (PID=356) to work on /home/airflow/.local/lib/python3.8/site-packages/airflow/example_dags/example_sensor_decorator.py
[2024-01-04T21:55:17.273+0000] {processor.py:830} INFO - Processing file /home/airflow/.local/lib/python3.8/site-packages/airflow/example_dags/example_sensor_decorator.py for tasks to queue
[2024-01-04T21:55:17.274+0000] {logging_mixin.py:188} INFO - [2024-01-04T21:55:17.274+0000] {dagbag.py:538} INFO - Filling up the DagBag from /home/airflow/.local/lib/python3.8/site-packages/airflow/example_dags/example_sensor_decorator.py
[2024-01-04T21:55:17.278+0000] {processor.py:840} INFO - DAG(s) 'example_sensor_decorator' retrieved from /home/airflow/.local/lib/python3.8/site-packages/airflow/example_dags/example_sensor_decorator.py
[2024-01-04T21:55:17.291+0000] {logging_mixin.py:188} INFO - [2024-01-04T21:55:17.291+0000] {dag.py:3033} INFO - Sync 1 DAGs
[2024-01-04T21:55:17.303+0000] {logging_mixin.py:188} INFO - [2024-01-04T21:55:17.302+0000] {dag.py:3820} INFO - Setting next_dagrun for example_sensor_decorator to None, run_after=None
[2024-01-04T21:55:17.318+0000] {processor.py:183} INFO - Processing /home/airflow/.local/lib/python3.8/site-packages/airflow/example_dags/example_sensor_decorator.py took 0.047 seconds
[2024-01-04T21:55:47.443+0000] {processor.py:161} INFO - Started process (PID=411) to work on /home/airflow/.local/lib/python3.8/site-packages/airflow/example_dags/example_sensor_decorator.py
[2024-01-04T21:55:47.444+0000] {processor.py:830} INFO - Processing file /home/airflow/.local/lib/python3.8/site-packages/airflow/example_dags/example_sensor_decorator.py for tasks to queue
[2024-01-04T21:55:47.446+0000] {logging_mixin.py:188} INFO - [2024-01-04T21:55:47.446+0000] {dagbag.py:538} INFO - Filling up the DagBag from /home/airflow/.local/lib/python3.8/site-packages/airflow/example_dags/example_sensor_decorator.py
[2024-01-04T21:55:47.450+0000] {processor.py:840} INFO - DAG(s) 'example_sensor_decorator' retrieved from /home/airflow/.local/lib/python3.8/site-packages/airflow/example_dags/example_sensor_decorator.py
[2024-01-04T21:55:47.464+0000] {logging_mixin.py:188} INFO - [2024-01-04T21:55:47.463+0000] {dag.py:3033} INFO - Sync 1 DAGs
[2024-01-04T21:55:47.476+0000] {logging_mixin.py:188} INFO - [2024-01-04T21:55:47.476+0000] {dag.py:3820} INFO - Setting next_dagrun for example_sensor_decorator to None, run_after=None
[2024-01-04T21:55:47.498+0000] {processor.py:183} INFO - Processing /home/airflow/.local/lib/python3.8/site-packages/airflow/example_dags/example_sensor_decorator.py took 0.056 seconds
