[2024-01-04T21:52:44.938+0000] {processor.py:161} INFO - Started process (PID=71) to work on /home/airflow/.local/lib/python3.8/site-packages/airflow/example_dags/example_local_kubernetes_executor.py
[2024-01-04T21:52:44.939+0000] {processor.py:830} INFO - Processing file /home/airflow/.local/lib/python3.8/site-packages/airflow/example_dags/example_local_kubernetes_executor.py for tasks to queue
[2024-01-04T21:52:44.941+0000] {logging_mixin.py:188} INFO - [2024-01-04T21:52:44.941+0000] {dagbag.py:538} INFO - Filling up the DagBag from /home/airflow/.local/lib/python3.8/site-packages/airflow/example_dags/example_local_kubernetes_executor.py
[2024-01-04T21:52:44.946+0000] {processor.py:840} INFO - DAG(s) 'example_local_kubernetes_executor' retrieved from /home/airflow/.local/lib/python3.8/site-packages/airflow/example_dags/example_local_kubernetes_executor.py
[2024-01-04T21:52:44.968+0000] {logging_mixin.py:188} INFO - [2024-01-04T21:52:44.968+0000] {dag.py:3033} INFO - Sync 1 DAGs
[2024-01-04T21:52:44.978+0000] {logging_mixin.py:188} INFO - [2024-01-04T21:52:44.978+0000] {dag.py:3820} INFO - Setting next_dagrun for example_local_kubernetes_executor to None, run_after=None
[2024-01-04T21:52:44.991+0000] {processor.py:183} INFO - Processing /home/airflow/.local/lib/python3.8/site-packages/airflow/example_dags/example_local_kubernetes_executor.py took 0.055 seconds
[2024-01-04T21:53:15.432+0000] {processor.py:161} INFO - Started process (PID=125) to work on /home/airflow/.local/lib/python3.8/site-packages/airflow/example_dags/example_local_kubernetes_executor.py
[2024-01-04T21:53:15.433+0000] {processor.py:830} INFO - Processing file /home/airflow/.local/lib/python3.8/site-packages/airflow/example_dags/example_local_kubernetes_executor.py for tasks to queue
[2024-01-04T21:53:15.435+0000] {logging_mixin.py:188} INFO - [2024-01-04T21:53:15.435+0000] {dagbag.py:538} INFO - Filling up the DagBag from /home/airflow/.local/lib/python3.8/site-packages/airflow/example_dags/example_local_kubernetes_executor.py
[2024-01-04T21:53:15.442+0000] {processor.py:840} INFO - DAG(s) 'example_local_kubernetes_executor' retrieved from /home/airflow/.local/lib/python3.8/site-packages/airflow/example_dags/example_local_kubernetes_executor.py
[2024-01-04T21:53:15.467+0000] {logging_mixin.py:188} INFO - [2024-01-04T21:53:15.467+0000] {dag.py:3033} INFO - Sync 1 DAGs
[2024-01-04T21:53:15.478+0000] {logging_mixin.py:188} INFO - [2024-01-04T21:53:15.477+0000] {dag.py:3820} INFO - Setting next_dagrun for example_local_kubernetes_executor to None, run_after=None
[2024-01-04T21:53:15.493+0000] {processor.py:183} INFO - Processing /home/airflow/.local/lib/python3.8/site-packages/airflow/example_dags/example_local_kubernetes_executor.py took 0.063 seconds
[2024-01-04T21:53:45.607+0000] {processor.py:161} INFO - Started process (PID=180) to work on /home/airflow/.local/lib/python3.8/site-packages/airflow/example_dags/example_local_kubernetes_executor.py
[2024-01-04T21:53:45.608+0000] {processor.py:830} INFO - Processing file /home/airflow/.local/lib/python3.8/site-packages/airflow/example_dags/example_local_kubernetes_executor.py for tasks to queue
[2024-01-04T21:53:45.611+0000] {logging_mixin.py:188} INFO - [2024-01-04T21:53:45.611+0000] {dagbag.py:538} INFO - Filling up the DagBag from /home/airflow/.local/lib/python3.8/site-packages/airflow/example_dags/example_local_kubernetes_executor.py
[2024-01-04T21:53:45.618+0000] {processor.py:840} INFO - DAG(s) 'example_local_kubernetes_executor' retrieved from /home/airflow/.local/lib/python3.8/site-packages/airflow/example_dags/example_local_kubernetes_executor.py
[2024-01-04T21:53:45.645+0000] {logging_mixin.py:188} INFO - [2024-01-04T21:53:45.645+0000] {dag.py:3033} INFO - Sync 1 DAGs
[2024-01-04T21:53:45.654+0000] {logging_mixin.py:188} INFO - [2024-01-04T21:53:45.654+0000] {dag.py:3820} INFO - Setting next_dagrun for example_local_kubernetes_executor to None, run_after=None
[2024-01-04T21:53:45.669+0000] {processor.py:183} INFO - Processing /home/airflow/.local/lib/python3.8/site-packages/airflow/example_dags/example_local_kubernetes_executor.py took 0.064 seconds
[2024-01-04T21:54:16.069+0000] {processor.py:161} INFO - Started process (PID=235) to work on /home/airflow/.local/lib/python3.8/site-packages/airflow/example_dags/example_local_kubernetes_executor.py
[2024-01-04T21:54:16.070+0000] {processor.py:830} INFO - Processing file /home/airflow/.local/lib/python3.8/site-packages/airflow/example_dags/example_local_kubernetes_executor.py for tasks to queue
[2024-01-04T21:54:16.072+0000] {logging_mixin.py:188} INFO - [2024-01-04T21:54:16.072+0000] {dagbag.py:538} INFO - Filling up the DagBag from /home/airflow/.local/lib/python3.8/site-packages/airflow/example_dags/example_local_kubernetes_executor.py
[2024-01-04T21:54:16.077+0000] {processor.py:840} INFO - DAG(s) 'example_local_kubernetes_executor' retrieved from /home/airflow/.local/lib/python3.8/site-packages/airflow/example_dags/example_local_kubernetes_executor.py
[2024-01-04T21:54:16.098+0000] {logging_mixin.py:188} INFO - [2024-01-04T21:54:16.098+0000] {dag.py:3033} INFO - Sync 1 DAGs
[2024-01-04T21:54:16.109+0000] {logging_mixin.py:188} INFO - [2024-01-04T21:54:16.108+0000] {dag.py:3820} INFO - Setting next_dagrun for example_local_kubernetes_executor to None, run_after=None
[2024-01-04T21:54:16.124+0000] {processor.py:183} INFO - Processing /home/airflow/.local/lib/python3.8/site-packages/airflow/example_dags/example_local_kubernetes_executor.py took 0.057 seconds
[2024-01-04T21:54:46.323+0000] {processor.py:161} INFO - Started process (PID=291) to work on /home/airflow/.local/lib/python3.8/site-packages/airflow/example_dags/example_local_kubernetes_executor.py
[2024-01-04T21:54:46.324+0000] {processor.py:830} INFO - Processing file /home/airflow/.local/lib/python3.8/site-packages/airflow/example_dags/example_local_kubernetes_executor.py for tasks to queue
[2024-01-04T21:54:46.326+0000] {logging_mixin.py:188} INFO - [2024-01-04T21:54:46.326+0000] {dagbag.py:538} INFO - Filling up the DagBag from /home/airflow/.local/lib/python3.8/site-packages/airflow/example_dags/example_local_kubernetes_executor.py
[2024-01-04T21:54:46.330+0000] {processor.py:840} INFO - DAG(s) 'example_local_kubernetes_executor' retrieved from /home/airflow/.local/lib/python3.8/site-packages/airflow/example_dags/example_local_kubernetes_executor.py
[2024-01-04T21:54:46.352+0000] {logging_mixin.py:188} INFO - [2024-01-04T21:54:46.351+0000] {dag.py:3033} INFO - Sync 1 DAGs
[2024-01-04T21:54:46.360+0000] {logging_mixin.py:188} INFO - [2024-01-04T21:54:46.360+0000] {dag.py:3820} INFO - Setting next_dagrun for example_local_kubernetes_executor to None, run_after=None
[2024-01-04T21:54:46.372+0000] {processor.py:183} INFO - Processing /home/airflow/.local/lib/python3.8/site-packages/airflow/example_dags/example_local_kubernetes_executor.py took 0.051 seconds
[2024-01-04T21:55:16.624+0000] {processor.py:161} INFO - Started process (PID=346) to work on /home/airflow/.local/lib/python3.8/site-packages/airflow/example_dags/example_local_kubernetes_executor.py
[2024-01-04T21:55:16.624+0000] {processor.py:830} INFO - Processing file /home/airflow/.local/lib/python3.8/site-packages/airflow/example_dags/example_local_kubernetes_executor.py for tasks to queue
[2024-01-04T21:55:16.627+0000] {logging_mixin.py:188} INFO - [2024-01-04T21:55:16.626+0000] {dagbag.py:538} INFO - Filling up the DagBag from /home/airflow/.local/lib/python3.8/site-packages/airflow/example_dags/example_local_kubernetes_executor.py
[2024-01-04T21:55:16.631+0000] {processor.py:840} INFO - DAG(s) 'example_local_kubernetes_executor' retrieved from /home/airflow/.local/lib/python3.8/site-packages/airflow/example_dags/example_local_kubernetes_executor.py
[2024-01-04T21:55:16.654+0000] {logging_mixin.py:188} INFO - [2024-01-04T21:55:16.654+0000] {dag.py:3033} INFO - Sync 1 DAGs
[2024-01-04T21:55:16.664+0000] {logging_mixin.py:188} INFO - [2024-01-04T21:55:16.664+0000] {dag.py:3820} INFO - Setting next_dagrun for example_local_kubernetes_executor to None, run_after=None
[2024-01-04T21:55:16.685+0000] {processor.py:183} INFO - Processing /home/airflow/.local/lib/python3.8/site-packages/airflow/example_dags/example_local_kubernetes_executor.py took 0.063 seconds
[2024-01-04T21:55:46.941+0000] {processor.py:161} INFO - Started process (PID=401) to work on /home/airflow/.local/lib/python3.8/site-packages/airflow/example_dags/example_local_kubernetes_executor.py
[2024-01-04T21:55:46.942+0000] {processor.py:830} INFO - Processing file /home/airflow/.local/lib/python3.8/site-packages/airflow/example_dags/example_local_kubernetes_executor.py for tasks to queue
[2024-01-04T21:55:46.945+0000] {logging_mixin.py:188} INFO - [2024-01-04T21:55:46.945+0000] {dagbag.py:538} INFO - Filling up the DagBag from /home/airflow/.local/lib/python3.8/site-packages/airflow/example_dags/example_local_kubernetes_executor.py
[2024-01-04T21:55:46.949+0000] {processor.py:840} INFO - DAG(s) 'example_local_kubernetes_executor' retrieved from /home/airflow/.local/lib/python3.8/site-packages/airflow/example_dags/example_local_kubernetes_executor.py
[2024-01-04T21:55:46.976+0000] {logging_mixin.py:188} INFO - [2024-01-04T21:55:46.976+0000] {dag.py:3033} INFO - Sync 1 DAGs
[2024-01-04T21:55:46.985+0000] {logging_mixin.py:188} INFO - [2024-01-04T21:55:46.985+0000] {dag.py:3820} INFO - Setting next_dagrun for example_local_kubernetes_executor to None, run_after=None
[2024-01-04T21:55:47.009+0000] {processor.py:183} INFO - Processing /home/airflow/.local/lib/python3.8/site-packages/airflow/example_dags/example_local_kubernetes_executor.py took 0.071 seconds
[2024-01-04T21:56:17.129+0000] {processor.py:161} INFO - Started process (PID=456) to work on /home/airflow/.local/lib/python3.8/site-packages/airflow/example_dags/example_local_kubernetes_executor.py
[2024-01-04T21:56:17.130+0000] {processor.py:830} INFO - Processing file /home/airflow/.local/lib/python3.8/site-packages/airflow/example_dags/example_local_kubernetes_executor.py for tasks to queue
[2024-01-04T21:56:17.132+0000] {logging_mixin.py:188} INFO - [2024-01-04T21:56:17.132+0000] {dagbag.py:538} INFO - Filling up the DagBag from /home/airflow/.local/lib/python3.8/site-packages/airflow/example_dags/example_local_kubernetes_executor.py
[2024-01-04T21:56:17.138+0000] {processor.py:840} INFO - DAG(s) 'example_local_kubernetes_executor' retrieved from /home/airflow/.local/lib/python3.8/site-packages/airflow/example_dags/example_local_kubernetes_executor.py
[2024-01-04T21:56:17.163+0000] {logging_mixin.py:188} INFO - [2024-01-04T21:56:17.163+0000] {dag.py:3033} INFO - Sync 1 DAGs
[2024-01-04T21:56:17.173+0000] {logging_mixin.py:188} INFO - [2024-01-04T21:56:17.173+0000] {dag.py:3820} INFO - Setting next_dagrun for example_local_kubernetes_executor to None, run_after=None
[2024-01-04T21:56:17.191+0000] {processor.py:183} INFO - Processing /home/airflow/.local/lib/python3.8/site-packages/airflow/example_dags/example_local_kubernetes_executor.py took 0.064 seconds
