[2024-01-04T21:52:44.135+0000] {processor.py:161} INFO - Started process (PID=55) to work on /home/airflow/.local/lib/python3.8/site-packages/airflow/example_dags/example_complex.py
[2024-01-04T21:52:44.139+0000] {processor.py:830} INFO - Processing file /home/airflow/.local/lib/python3.8/site-packages/airflow/example_dags/example_complex.py for tasks to queue
[2024-01-04T21:52:44.142+0000] {logging_mixin.py:188} INFO - [2024-01-04T21:52:44.142+0000] {dagbag.py:538} INFO - Filling up the DagBag from /home/airflow/.local/lib/python3.8/site-packages/airflow/example_dags/example_complex.py
[2024-01-04T21:52:44.151+0000] {processor.py:840} INFO - DAG(s) 'example_complex' retrieved from /home/airflow/.local/lib/python3.8/site-packages/airflow/example_dags/example_complex.py
[2024-01-04T21:52:44.180+0000] {logging_mixin.py:188} INFO - [2024-01-04T21:52:44.180+0000] {dag.py:3033} INFO - Sync 1 DAGs
[2024-01-04T21:52:44.189+0000] {logging_mixin.py:188} INFO - [2024-01-04T21:52:44.189+0000] {dag.py:3820} INFO - Setting next_dagrun for example_complex to None, run_after=None
[2024-01-04T21:52:44.204+0000] {processor.py:183} INFO - Processing /home/airflow/.local/lib/python3.8/site-packages/airflow/example_dags/example_complex.py took 0.071 seconds
[2024-01-04T21:53:14.543+0000] {processor.py:161} INFO - Started process (PID=109) to work on /home/airflow/.local/lib/python3.8/site-packages/airflow/example_dags/example_complex.py
[2024-01-04T21:53:14.544+0000] {processor.py:830} INFO - Processing file /home/airflow/.local/lib/python3.8/site-packages/airflow/example_dags/example_complex.py for tasks to queue
[2024-01-04T21:53:14.545+0000] {logging_mixin.py:188} INFO - [2024-01-04T21:53:14.545+0000] {dagbag.py:538} INFO - Filling up the DagBag from /home/airflow/.local/lib/python3.8/site-packages/airflow/example_dags/example_complex.py
[2024-01-04T21:53:14.556+0000] {processor.py:840} INFO - DAG(s) 'example_complex' retrieved from /home/airflow/.local/lib/python3.8/site-packages/airflow/example_dags/example_complex.py
[2024-01-04T21:53:14.582+0000] {logging_mixin.py:188} INFO - [2024-01-04T21:53:14.582+0000] {dag.py:3033} INFO - Sync 1 DAGs
[2024-01-04T21:53:14.594+0000] {logging_mixin.py:188} INFO - [2024-01-04T21:53:14.594+0000] {dag.py:3820} INFO - Setting next_dagrun for example_complex to None, run_after=None
[2024-01-04T21:53:14.609+0000] {processor.py:183} INFO - Processing /home/airflow/.local/lib/python3.8/site-packages/airflow/example_dags/example_complex.py took 0.069 seconds
[2024-01-04T21:53:44.955+0000] {processor.py:161} INFO - Started process (PID=164) to work on /home/airflow/.local/lib/python3.8/site-packages/airflow/example_dags/example_complex.py
[2024-01-04T21:53:44.956+0000] {processor.py:830} INFO - Processing file /home/airflow/.local/lib/python3.8/site-packages/airflow/example_dags/example_complex.py for tasks to queue
[2024-01-04T21:53:44.957+0000] {logging_mixin.py:188} INFO - [2024-01-04T21:53:44.957+0000] {dagbag.py:538} INFO - Filling up the DagBag from /home/airflow/.local/lib/python3.8/site-packages/airflow/example_dags/example_complex.py
[2024-01-04T21:53:44.964+0000] {processor.py:840} INFO - DAG(s) 'example_complex' retrieved from /home/airflow/.local/lib/python3.8/site-packages/airflow/example_dags/example_complex.py
[2024-01-04T21:53:44.983+0000] {logging_mixin.py:188} INFO - [2024-01-04T21:53:44.983+0000] {dag.py:3033} INFO - Sync 1 DAGs
[2024-01-04T21:53:44.991+0000] {logging_mixin.py:188} INFO - [2024-01-04T21:53:44.991+0000] {dag.py:3820} INFO - Setting next_dagrun for example_complex to None, run_after=None
[2024-01-04T21:53:45.003+0000] {processor.py:183} INFO - Processing /home/airflow/.local/lib/python3.8/site-packages/airflow/example_dags/example_complex.py took 0.050 seconds
[2024-01-04T21:54:15.394+0000] {processor.py:161} INFO - Started process (PID=219) to work on /home/airflow/.local/lib/python3.8/site-packages/airflow/example_dags/example_complex.py
[2024-01-04T21:54:15.395+0000] {processor.py:830} INFO - Processing file /home/airflow/.local/lib/python3.8/site-packages/airflow/example_dags/example_complex.py for tasks to queue
[2024-01-04T21:54:15.397+0000] {logging_mixin.py:188} INFO - [2024-01-04T21:54:15.397+0000] {dagbag.py:538} INFO - Filling up the DagBag from /home/airflow/.local/lib/python3.8/site-packages/airflow/example_dags/example_complex.py
[2024-01-04T21:54:15.405+0000] {processor.py:840} INFO - DAG(s) 'example_complex' retrieved from /home/airflow/.local/lib/python3.8/site-packages/airflow/example_dags/example_complex.py
[2024-01-04T21:54:15.428+0000] {logging_mixin.py:188} INFO - [2024-01-04T21:54:15.428+0000] {dag.py:3033} INFO - Sync 1 DAGs
[2024-01-04T21:54:15.438+0000] {logging_mixin.py:188} INFO - [2024-01-04T21:54:15.438+0000] {dag.py:3820} INFO - Setting next_dagrun for example_complex to None, run_after=None
[2024-01-04T21:54:15.454+0000] {processor.py:183} INFO - Processing /home/airflow/.local/lib/python3.8/site-packages/airflow/example_dags/example_complex.py took 0.063 seconds
[2024-01-04T21:54:45.622+0000] {processor.py:161} INFO - Started process (PID=275) to work on /home/airflow/.local/lib/python3.8/site-packages/airflow/example_dags/example_complex.py
[2024-01-04T21:54:45.623+0000] {processor.py:830} INFO - Processing file /home/airflow/.local/lib/python3.8/site-packages/airflow/example_dags/example_complex.py for tasks to queue
[2024-01-04T21:54:45.624+0000] {logging_mixin.py:188} INFO - [2024-01-04T21:54:45.624+0000] {dagbag.py:538} INFO - Filling up the DagBag from /home/airflow/.local/lib/python3.8/site-packages/airflow/example_dags/example_complex.py
[2024-01-04T21:54:45.631+0000] {processor.py:840} INFO - DAG(s) 'example_complex' retrieved from /home/airflow/.local/lib/python3.8/site-packages/airflow/example_dags/example_complex.py
[2024-01-04T21:54:45.651+0000] {logging_mixin.py:188} INFO - [2024-01-04T21:54:45.651+0000] {dag.py:3033} INFO - Sync 1 DAGs
[2024-01-04T21:54:45.668+0000] {logging_mixin.py:188} INFO - [2024-01-04T21:54:45.668+0000] {dag.py:3820} INFO - Setting next_dagrun for example_complex to None, run_after=None
[2024-01-04T21:54:45.682+0000] {processor.py:183} INFO - Processing /home/airflow/.local/lib/python3.8/site-packages/airflow/example_dags/example_complex.py took 0.062 seconds
[2024-01-04T21:55:15.915+0000] {processor.py:161} INFO - Started process (PID=330) to work on /home/airflow/.local/lib/python3.8/site-packages/airflow/example_dags/example_complex.py
[2024-01-04T21:55:15.916+0000] {processor.py:830} INFO - Processing file /home/airflow/.local/lib/python3.8/site-packages/airflow/example_dags/example_complex.py for tasks to queue
[2024-01-04T21:55:15.918+0000] {logging_mixin.py:188} INFO - [2024-01-04T21:55:15.918+0000] {dagbag.py:538} INFO - Filling up the DagBag from /home/airflow/.local/lib/python3.8/site-packages/airflow/example_dags/example_complex.py
[2024-01-04T21:55:15.925+0000] {processor.py:840} INFO - DAG(s) 'example_complex' retrieved from /home/airflow/.local/lib/python3.8/site-packages/airflow/example_dags/example_complex.py
[2024-01-04T21:55:15.945+0000] {logging_mixin.py:188} INFO - [2024-01-04T21:55:15.945+0000] {dag.py:3033} INFO - Sync 1 DAGs
[2024-01-04T21:55:15.954+0000] {logging_mixin.py:188} INFO - [2024-01-04T21:55:15.954+0000] {dag.py:3820} INFO - Setting next_dagrun for example_complex to None, run_after=None
[2024-01-04T21:55:15.973+0000] {processor.py:183} INFO - Processing /home/airflow/.local/lib/python3.8/site-packages/airflow/example_dags/example_complex.py took 0.060 seconds
[2024-01-04T21:55:46.181+0000] {processor.py:161} INFO - Started process (PID=385) to work on /home/airflow/.local/lib/python3.8/site-packages/airflow/example_dags/example_complex.py
[2024-01-04T21:55:46.182+0000] {processor.py:830} INFO - Processing file /home/airflow/.local/lib/python3.8/site-packages/airflow/example_dags/example_complex.py for tasks to queue
[2024-01-04T21:55:46.184+0000] {logging_mixin.py:188} INFO - [2024-01-04T21:55:46.184+0000] {dagbag.py:538} INFO - Filling up the DagBag from /home/airflow/.local/lib/python3.8/site-packages/airflow/example_dags/example_complex.py
[2024-01-04T21:55:46.192+0000] {processor.py:840} INFO - DAG(s) 'example_complex' retrieved from /home/airflow/.local/lib/python3.8/site-packages/airflow/example_dags/example_complex.py
[2024-01-04T21:55:46.221+0000] {logging_mixin.py:188} INFO - [2024-01-04T21:55:46.220+0000] {dag.py:3033} INFO - Sync 1 DAGs
[2024-01-04T21:55:46.230+0000] {logging_mixin.py:188} INFO - [2024-01-04T21:55:46.230+0000] {dag.py:3820} INFO - Setting next_dagrun for example_complex to None, run_after=None
[2024-01-04T21:55:46.244+0000] {processor.py:183} INFO - Processing /home/airflow/.local/lib/python3.8/site-packages/airflow/example_dags/example_complex.py took 0.066 seconds
[2024-01-04T21:56:16.414+0000] {processor.py:161} INFO - Started process (PID=440) to work on /home/airflow/.local/lib/python3.8/site-packages/airflow/example_dags/example_complex.py
[2024-01-04T21:56:16.415+0000] {processor.py:830} INFO - Processing file /home/airflow/.local/lib/python3.8/site-packages/airflow/example_dags/example_complex.py for tasks to queue
[2024-01-04T21:56:16.417+0000] {logging_mixin.py:188} INFO - [2024-01-04T21:56:16.416+0000] {dagbag.py:538} INFO - Filling up the DagBag from /home/airflow/.local/lib/python3.8/site-packages/airflow/example_dags/example_complex.py
[2024-01-04T21:56:16.427+0000] {processor.py:840} INFO - DAG(s) 'example_complex' retrieved from /home/airflow/.local/lib/python3.8/site-packages/airflow/example_dags/example_complex.py
[2024-01-04T21:56:16.450+0000] {logging_mixin.py:188} INFO - [2024-01-04T21:56:16.450+0000] {dag.py:3033} INFO - Sync 1 DAGs
[2024-01-04T21:56:16.462+0000] {logging_mixin.py:188} INFO - [2024-01-04T21:56:16.462+0000] {dag.py:3820} INFO - Setting next_dagrun for example_complex to None, run_after=None
[2024-01-04T21:56:16.479+0000] {processor.py:183} INFO - Processing /home/airflow/.local/lib/python3.8/site-packages/airflow/example_dags/example_complex.py took 0.067 seconds
