[2024-01-04T21:52:44.729+0000] {processor.py:161} INFO - Started process (PID=66) to work on /home/airflow/.local/lib/python3.8/site-packages/airflow/example_dags/example_time_delta_sensor_async.py
[2024-01-04T21:52:44.730+0000] {processor.py:830} INFO - Processing file /home/airflow/.local/lib/python3.8/site-packages/airflow/example_dags/example_time_delta_sensor_async.py for tasks to queue
[2024-01-04T21:52:44.732+0000] {logging_mixin.py:188} INFO - [2024-01-04T21:52:44.732+0000] {dagbag.py:538} INFO - Filling up the DagBag from /home/airflow/.local/lib/python3.8/site-packages/airflow/example_dags/example_time_delta_sensor_async.py
[2024-01-04T21:52:44.735+0000] {processor.py:840} INFO - DAG(s) 'example_time_delta_sensor_async' retrieved from /home/airflow/.local/lib/python3.8/site-packages/airflow/example_dags/example_time_delta_sensor_async.py
[2024-01-04T21:52:44.748+0000] {logging_mixin.py:188} INFO - [2024-01-04T21:52:44.748+0000] {dag.py:3033} INFO - Sync 1 DAGs
[2024-01-04T21:52:44.757+0000] {logging_mixin.py:188} INFO - [2024-01-04T21:52:44.756+0000] {dag.py:3820} INFO - Setting next_dagrun for example_time_delta_sensor_async to None, run_after=None
[2024-01-04T21:52:44.771+0000] {processor.py:183} INFO - Processing /home/airflow/.local/lib/python3.8/site-packages/airflow/example_dags/example_time_delta_sensor_async.py took 0.044 seconds
[2024-01-04T21:53:15.244+0000] {processor.py:161} INFO - Started process (PID=120) to work on /home/airflow/.local/lib/python3.8/site-packages/airflow/example_dags/example_time_delta_sensor_async.py
[2024-01-04T21:53:15.246+0000] {processor.py:830} INFO - Processing file /home/airflow/.local/lib/python3.8/site-packages/airflow/example_dags/example_time_delta_sensor_async.py for tasks to queue
[2024-01-04T21:53:15.248+0000] {logging_mixin.py:188} INFO - [2024-01-04T21:53:15.248+0000] {dagbag.py:538} INFO - Filling up the DagBag from /home/airflow/.local/lib/python3.8/site-packages/airflow/example_dags/example_time_delta_sensor_async.py
[2024-01-04T21:53:15.252+0000] {processor.py:840} INFO - DAG(s) 'example_time_delta_sensor_async' retrieved from /home/airflow/.local/lib/python3.8/site-packages/airflow/example_dags/example_time_delta_sensor_async.py
[2024-01-04T21:53:15.273+0000] {logging_mixin.py:188} INFO - [2024-01-04T21:53:15.273+0000] {dag.py:3033} INFO - Sync 1 DAGs
[2024-01-04T21:53:15.289+0000] {logging_mixin.py:188} INFO - [2024-01-04T21:53:15.289+0000] {dag.py:3820} INFO - Setting next_dagrun for example_time_delta_sensor_async to None, run_after=None
[2024-01-04T21:53:15.307+0000] {processor.py:183} INFO - Processing /home/airflow/.local/lib/python3.8/site-packages/airflow/example_dags/example_time_delta_sensor_async.py took 0.065 seconds
[2024-01-04T21:53:45.443+0000] {processor.py:161} INFO - Started process (PID=175) to work on /home/airflow/.local/lib/python3.8/site-packages/airflow/example_dags/example_time_delta_sensor_async.py
[2024-01-04T21:53:45.444+0000] {processor.py:830} INFO - Processing file /home/airflow/.local/lib/python3.8/site-packages/airflow/example_dags/example_time_delta_sensor_async.py for tasks to queue
[2024-01-04T21:53:45.446+0000] {logging_mixin.py:188} INFO - [2024-01-04T21:53:45.446+0000] {dagbag.py:538} INFO - Filling up the DagBag from /home/airflow/.local/lib/python3.8/site-packages/airflow/example_dags/example_time_delta_sensor_async.py
[2024-01-04T21:53:45.449+0000] {processor.py:840} INFO - DAG(s) 'example_time_delta_sensor_async' retrieved from /home/airflow/.local/lib/python3.8/site-packages/airflow/example_dags/example_time_delta_sensor_async.py
[2024-01-04T21:53:45.462+0000] {logging_mixin.py:188} INFO - [2024-01-04T21:53:45.461+0000] {dag.py:3033} INFO - Sync 1 DAGs
[2024-01-04T21:53:45.470+0000] {logging_mixin.py:188} INFO - [2024-01-04T21:53:45.470+0000] {dag.py:3820} INFO - Setting next_dagrun for example_time_delta_sensor_async to None, run_after=None
[2024-01-04T21:53:45.484+0000] {processor.py:183} INFO - Processing /home/airflow/.local/lib/python3.8/site-packages/airflow/example_dags/example_time_delta_sensor_async.py took 0.044 seconds
[2024-01-04T21:54:15.912+0000] {processor.py:161} INFO - Started process (PID=230) to work on /home/airflow/.local/lib/python3.8/site-packages/airflow/example_dags/example_time_delta_sensor_async.py
[2024-01-04T21:54:15.913+0000] {processor.py:830} INFO - Processing file /home/airflow/.local/lib/python3.8/site-packages/airflow/example_dags/example_time_delta_sensor_async.py for tasks to queue
[2024-01-04T21:54:15.915+0000] {logging_mixin.py:188} INFO - [2024-01-04T21:54:15.915+0000] {dagbag.py:538} INFO - Filling up the DagBag from /home/airflow/.local/lib/python3.8/site-packages/airflow/example_dags/example_time_delta_sensor_async.py
[2024-01-04T21:54:15.918+0000] {processor.py:840} INFO - DAG(s) 'example_time_delta_sensor_async' retrieved from /home/airflow/.local/lib/python3.8/site-packages/airflow/example_dags/example_time_delta_sensor_async.py
[2024-01-04T21:54:15.933+0000] {logging_mixin.py:188} INFO - [2024-01-04T21:54:15.933+0000] {dag.py:3033} INFO - Sync 1 DAGs
[2024-01-04T21:54:15.943+0000] {logging_mixin.py:188} INFO - [2024-01-04T21:54:15.942+0000] {dag.py:3820} INFO - Setting next_dagrun for example_time_delta_sensor_async to None, run_after=None
[2024-01-04T21:54:15.956+0000] {processor.py:183} INFO - Processing /home/airflow/.local/lib/python3.8/site-packages/airflow/example_dags/example_time_delta_sensor_async.py took 0.046 seconds
[2024-01-04T21:54:46.147+0000] {processor.py:161} INFO - Started process (PID=286) to work on /home/airflow/.local/lib/python3.8/site-packages/airflow/example_dags/example_time_delta_sensor_async.py
[2024-01-04T21:54:46.148+0000] {processor.py:830} INFO - Processing file /home/airflow/.local/lib/python3.8/site-packages/airflow/example_dags/example_time_delta_sensor_async.py for tasks to queue
[2024-01-04T21:54:46.150+0000] {logging_mixin.py:188} INFO - [2024-01-04T21:54:46.150+0000] {dagbag.py:538} INFO - Filling up the DagBag from /home/airflow/.local/lib/python3.8/site-packages/airflow/example_dags/example_time_delta_sensor_async.py
[2024-01-04T21:54:46.153+0000] {processor.py:840} INFO - DAG(s) 'example_time_delta_sensor_async' retrieved from /home/airflow/.local/lib/python3.8/site-packages/airflow/example_dags/example_time_delta_sensor_async.py
[2024-01-04T21:54:46.166+0000] {logging_mixin.py:188} INFO - [2024-01-04T21:54:46.166+0000] {dag.py:3033} INFO - Sync 1 DAGs
[2024-01-04T21:54:46.175+0000] {logging_mixin.py:188} INFO - [2024-01-04T21:54:46.175+0000] {dag.py:3820} INFO - Setting next_dagrun for example_time_delta_sensor_async to None, run_after=None
[2024-01-04T21:54:46.189+0000] {processor.py:183} INFO - Processing /home/airflow/.local/lib/python3.8/site-packages/airflow/example_dags/example_time_delta_sensor_async.py took 0.044 seconds
[2024-01-04T21:55:16.405+0000] {processor.py:161} INFO - Started process (PID=341) to work on /home/airflow/.local/lib/python3.8/site-packages/airflow/example_dags/example_time_delta_sensor_async.py
[2024-01-04T21:55:16.405+0000] {processor.py:830} INFO - Processing file /home/airflow/.local/lib/python3.8/site-packages/airflow/example_dags/example_time_delta_sensor_async.py for tasks to queue
[2024-01-04T21:55:16.407+0000] {logging_mixin.py:188} INFO - [2024-01-04T21:55:16.407+0000] {dagbag.py:538} INFO - Filling up the DagBag from /home/airflow/.local/lib/python3.8/site-packages/airflow/example_dags/example_time_delta_sensor_async.py
[2024-01-04T21:55:16.410+0000] {processor.py:840} INFO - DAG(s) 'example_time_delta_sensor_async' retrieved from /home/airflow/.local/lib/python3.8/site-packages/airflow/example_dags/example_time_delta_sensor_async.py
[2024-01-04T21:55:16.423+0000] {logging_mixin.py:188} INFO - [2024-01-04T21:55:16.423+0000] {dag.py:3033} INFO - Sync 1 DAGs
[2024-01-04T21:55:16.433+0000] {logging_mixin.py:188} INFO - [2024-01-04T21:55:16.433+0000] {dag.py:3820} INFO - Setting next_dagrun for example_time_delta_sensor_async to None, run_after=None
[2024-01-04T21:55:16.446+0000] {processor.py:183} INFO - Processing /home/airflow/.local/lib/python3.8/site-packages/airflow/example_dags/example_time_delta_sensor_async.py took 0.044 seconds
[2024-01-04T21:55:46.655+0000] {processor.py:161} INFO - Started process (PID=396) to work on /home/airflow/.local/lib/python3.8/site-packages/airflow/example_dags/example_time_delta_sensor_async.py
[2024-01-04T21:55:46.656+0000] {processor.py:830} INFO - Processing file /home/airflow/.local/lib/python3.8/site-packages/airflow/example_dags/example_time_delta_sensor_async.py for tasks to queue
[2024-01-04T21:55:46.658+0000] {logging_mixin.py:188} INFO - [2024-01-04T21:55:46.658+0000] {dagbag.py:538} INFO - Filling up the DagBag from /home/airflow/.local/lib/python3.8/site-packages/airflow/example_dags/example_time_delta_sensor_async.py
[2024-01-04T21:55:46.662+0000] {processor.py:840} INFO - DAG(s) 'example_time_delta_sensor_async' retrieved from /home/airflow/.local/lib/python3.8/site-packages/airflow/example_dags/example_time_delta_sensor_async.py
[2024-01-04T21:55:46.676+0000] {logging_mixin.py:188} INFO - [2024-01-04T21:55:46.676+0000] {dag.py:3033} INFO - Sync 1 DAGs
[2024-01-04T21:55:46.685+0000] {logging_mixin.py:188} INFO - [2024-01-04T21:55:46.685+0000] {dag.py:3820} INFO - Setting next_dagrun for example_time_delta_sensor_async to None, run_after=None
[2024-01-04T21:55:46.700+0000] {processor.py:183} INFO - Processing /home/airflow/.local/lib/python3.8/site-packages/airflow/example_dags/example_time_delta_sensor_async.py took 0.046 seconds
[2024-01-04T21:56:16.940+0000] {processor.py:161} INFO - Started process (PID=451) to work on /home/airflow/.local/lib/python3.8/site-packages/airflow/example_dags/example_time_delta_sensor_async.py
[2024-01-04T21:56:16.941+0000] {processor.py:830} INFO - Processing file /home/airflow/.local/lib/python3.8/site-packages/airflow/example_dags/example_time_delta_sensor_async.py for tasks to queue
[2024-01-04T21:56:16.943+0000] {logging_mixin.py:188} INFO - [2024-01-04T21:56:16.943+0000] {dagbag.py:538} INFO - Filling up the DagBag from /home/airflow/.local/lib/python3.8/site-packages/airflow/example_dags/example_time_delta_sensor_async.py
[2024-01-04T21:56:16.946+0000] {processor.py:840} INFO - DAG(s) 'example_time_delta_sensor_async' retrieved from /home/airflow/.local/lib/python3.8/site-packages/airflow/example_dags/example_time_delta_sensor_async.py
[2024-01-04T21:56:16.961+0000] {logging_mixin.py:188} INFO - [2024-01-04T21:56:16.960+0000] {dag.py:3033} INFO - Sync 1 DAGs
[2024-01-04T21:56:16.970+0000] {logging_mixin.py:188} INFO - [2024-01-04T21:56:16.970+0000] {dag.py:3820} INFO - Setting next_dagrun for example_time_delta_sensor_async to None, run_after=None
[2024-01-04T21:56:16.985+0000] {processor.py:183} INFO - Processing /home/airflow/.local/lib/python3.8/site-packages/airflow/example_dags/example_time_delta_sensor_async.py took 0.046 seconds
