[2024-01-04T21:52:44.429+0000] {processor.py:161} INFO - Started process (PID=60) to work on /home/airflow/.local/lib/python3.8/site-packages/airflow/example_dags/example_sensors.py
[2024-01-04T21:52:44.430+0000] {processor.py:830} INFO - Processing file /home/airflow/.local/lib/python3.8/site-packages/airflow/example_dags/example_sensors.py for tasks to queue
[2024-01-04T21:52:44.431+0000] {logging_mixin.py:188} INFO - [2024-01-04T21:52:44.431+0000] {dagbag.py:538} INFO - Filling up the DagBag from /home/airflow/.local/lib/python3.8/site-packages/airflow/example_dags/example_sensors.py
[2024-01-04T21:52:44.438+0000] {processor.py:840} INFO - DAG(s) 'example_sensors' retrieved from /home/airflow/.local/lib/python3.8/site-packages/airflow/example_dags/example_sensors.py
[2024-01-04T21:52:44.459+0000] {logging_mixin.py:188} INFO - [2024-01-04T21:52:44.459+0000] {dag.py:3033} INFO - Sync 1 DAGs
[2024-01-04T21:52:44.469+0000] {logging_mixin.py:188} INFO - [2024-01-04T21:52:44.469+0000] {dag.py:3820} INFO - Setting next_dagrun for example_sensors to None, run_after=None
[2024-01-04T21:52:44.482+0000] {processor.py:183} INFO - Processing /home/airflow/.local/lib/python3.8/site-packages/airflow/example_dags/example_sensors.py took 0.055 seconds
[2024-01-04T21:53:14.884+0000] {processor.py:161} INFO - Started process (PID=114) to work on /home/airflow/.local/lib/python3.8/site-packages/airflow/example_dags/example_sensors.py
[2024-01-04T21:53:14.885+0000] {processor.py:830} INFO - Processing file /home/airflow/.local/lib/python3.8/site-packages/airflow/example_dags/example_sensors.py for tasks to queue
[2024-01-04T21:53:14.887+0000] {logging_mixin.py:188} INFO - [2024-01-04T21:53:14.887+0000] {dagbag.py:538} INFO - Filling up the DagBag from /home/airflow/.local/lib/python3.8/site-packages/airflow/example_dags/example_sensors.py
[2024-01-04T21:53:14.894+0000] {processor.py:840} INFO - DAG(s) 'example_sensors' retrieved from /home/airflow/.local/lib/python3.8/site-packages/airflow/example_dags/example_sensors.py
[2024-01-04T21:53:14.915+0000] {logging_mixin.py:188} INFO - [2024-01-04T21:53:14.915+0000] {dag.py:3033} INFO - Sync 1 DAGs
[2024-01-04T21:53:14.927+0000] {logging_mixin.py:188} INFO - [2024-01-04T21:53:14.927+0000] {dag.py:3820} INFO - Setting next_dagrun for example_sensors to None, run_after=None
[2024-01-04T21:53:14.952+0000] {processor.py:183} INFO - Processing /home/airflow/.local/lib/python3.8/site-packages/airflow/example_dags/example_sensors.py took 0.070 seconds
[2024-01-04T21:53:45.141+0000] {processor.py:161} INFO - Started process (PID=169) to work on /home/airflow/.local/lib/python3.8/site-packages/airflow/example_dags/example_sensors.py
[2024-01-04T21:53:45.142+0000] {processor.py:830} INFO - Processing file /home/airflow/.local/lib/python3.8/site-packages/airflow/example_dags/example_sensors.py for tasks to queue
[2024-01-04T21:53:45.143+0000] {logging_mixin.py:188} INFO - [2024-01-04T21:53:45.143+0000] {dagbag.py:538} INFO - Filling up the DagBag from /home/airflow/.local/lib/python3.8/site-packages/airflow/example_dags/example_sensors.py
[2024-01-04T21:53:45.149+0000] {processor.py:840} INFO - DAG(s) 'example_sensors' retrieved from /home/airflow/.local/lib/python3.8/site-packages/airflow/example_dags/example_sensors.py
[2024-01-04T21:53:45.167+0000] {logging_mixin.py:188} INFO - [2024-01-04T21:53:45.167+0000] {dag.py:3033} INFO - Sync 1 DAGs
[2024-01-04T21:53:45.175+0000] {logging_mixin.py:188} INFO - [2024-01-04T21:53:45.175+0000] {dag.py:3820} INFO - Setting next_dagrun for example_sensors to None, run_after=None
[2024-01-04T21:53:45.192+0000] {processor.py:183} INFO - Processing /home/airflow/.local/lib/python3.8/site-packages/airflow/example_dags/example_sensors.py took 0.053 seconds
[2024-01-04T21:54:15.578+0000] {processor.py:161} INFO - Started process (PID=224) to work on /home/airflow/.local/lib/python3.8/site-packages/airflow/example_dags/example_sensors.py
[2024-01-04T21:54:15.580+0000] {processor.py:830} INFO - Processing file /home/airflow/.local/lib/python3.8/site-packages/airflow/example_dags/example_sensors.py for tasks to queue
[2024-01-04T21:54:15.582+0000] {logging_mixin.py:188} INFO - [2024-01-04T21:54:15.582+0000] {dagbag.py:538} INFO - Filling up the DagBag from /home/airflow/.local/lib/python3.8/site-packages/airflow/example_dags/example_sensors.py
[2024-01-04T21:54:15.589+0000] {processor.py:840} INFO - DAG(s) 'example_sensors' retrieved from /home/airflow/.local/lib/python3.8/site-packages/airflow/example_dags/example_sensors.py
[2024-01-04T21:54:15.622+0000] {logging_mixin.py:188} INFO - [2024-01-04T21:54:15.621+0000] {dag.py:3033} INFO - Sync 1 DAGs
[2024-01-04T21:54:15.637+0000] {logging_mixin.py:188} INFO - [2024-01-04T21:54:15.636+0000] {dag.py:3820} INFO - Setting next_dagrun for example_sensors to None, run_after=None
[2024-01-04T21:54:15.662+0000] {processor.py:183} INFO - Processing /home/airflow/.local/lib/python3.8/site-packages/airflow/example_dags/example_sensors.py took 0.086 seconds
[2024-01-04T21:54:45.929+0000] {processor.py:161} INFO - Started process (PID=280) to work on /home/airflow/.local/lib/python3.8/site-packages/airflow/example_dags/example_sensors.py
[2024-01-04T21:54:45.930+0000] {processor.py:830} INFO - Processing file /home/airflow/.local/lib/python3.8/site-packages/airflow/example_dags/example_sensors.py for tasks to queue
[2024-01-04T21:54:45.931+0000] {logging_mixin.py:188} INFO - [2024-01-04T21:54:45.931+0000] {dagbag.py:538} INFO - Filling up the DagBag from /home/airflow/.local/lib/python3.8/site-packages/airflow/example_dags/example_sensors.py
[2024-01-04T21:54:45.938+0000] {processor.py:840} INFO - DAG(s) 'example_sensors' retrieved from /home/airflow/.local/lib/python3.8/site-packages/airflow/example_dags/example_sensors.py
[2024-01-04T21:54:45.958+0000] {logging_mixin.py:188} INFO - [2024-01-04T21:54:45.958+0000] {dag.py:3033} INFO - Sync 1 DAGs
[2024-01-04T21:54:45.968+0000] {logging_mixin.py:188} INFO - [2024-01-04T21:54:45.968+0000] {dag.py:3820} INFO - Setting next_dagrun for example_sensors to None, run_after=None
[2024-01-04T21:54:45.984+0000] {processor.py:183} INFO - Processing /home/airflow/.local/lib/python3.8/site-packages/airflow/example_dags/example_sensors.py took 0.059 seconds
[2024-01-04T21:55:16.171+0000] {processor.py:161} INFO - Started process (PID=335) to work on /home/airflow/.local/lib/python3.8/site-packages/airflow/example_dags/example_sensors.py
[2024-01-04T21:55:16.171+0000] {processor.py:830} INFO - Processing file /home/airflow/.local/lib/python3.8/site-packages/airflow/example_dags/example_sensors.py for tasks to queue
[2024-01-04T21:55:16.173+0000] {logging_mixin.py:188} INFO - [2024-01-04T21:55:16.173+0000] {dagbag.py:538} INFO - Filling up the DagBag from /home/airflow/.local/lib/python3.8/site-packages/airflow/example_dags/example_sensors.py
[2024-01-04T21:55:16.179+0000] {processor.py:840} INFO - DAG(s) 'example_sensors' retrieved from /home/airflow/.local/lib/python3.8/site-packages/airflow/example_dags/example_sensors.py
[2024-01-04T21:55:16.196+0000] {logging_mixin.py:188} INFO - [2024-01-04T21:55:16.196+0000] {dag.py:3033} INFO - Sync 1 DAGs
[2024-01-04T21:55:16.205+0000] {logging_mixin.py:188} INFO - [2024-01-04T21:55:16.204+0000] {dag.py:3820} INFO - Setting next_dagrun for example_sensors to None, run_after=None
[2024-01-04T21:55:16.231+0000] {processor.py:183} INFO - Processing /home/airflow/.local/lib/python3.8/site-packages/airflow/example_dags/example_sensors.py took 0.063 seconds
[2024-01-04T21:55:46.408+0000] {processor.py:161} INFO - Started process (PID=390) to work on /home/airflow/.local/lib/python3.8/site-packages/airflow/example_dags/example_sensors.py
[2024-01-04T21:55:46.409+0000] {processor.py:830} INFO - Processing file /home/airflow/.local/lib/python3.8/site-packages/airflow/example_dags/example_sensors.py for tasks to queue
[2024-01-04T21:55:46.411+0000] {logging_mixin.py:188} INFO - [2024-01-04T21:55:46.411+0000] {dagbag.py:538} INFO - Filling up the DagBag from /home/airflow/.local/lib/python3.8/site-packages/airflow/example_dags/example_sensors.py
[2024-01-04T21:55:46.417+0000] {processor.py:840} INFO - DAG(s) 'example_sensors' retrieved from /home/airflow/.local/lib/python3.8/site-packages/airflow/example_dags/example_sensors.py
[2024-01-04T21:55:46.433+0000] {logging_mixin.py:188} INFO - [2024-01-04T21:55:46.433+0000] {dag.py:3033} INFO - Sync 1 DAGs
[2024-01-04T21:55:46.442+0000] {logging_mixin.py:188} INFO - [2024-01-04T21:55:46.442+0000] {dag.py:3820} INFO - Setting next_dagrun for example_sensors to None, run_after=None
[2024-01-04T21:55:46.467+0000] {processor.py:183} INFO - Processing /home/airflow/.local/lib/python3.8/site-packages/airflow/example_dags/example_sensors.py took 0.061 seconds
[2024-01-04T21:56:16.658+0000] {processor.py:161} INFO - Started process (PID=444) to work on /home/airflow/.local/lib/python3.8/site-packages/airflow/example_dags/example_sensors.py
[2024-01-04T21:56:16.658+0000] {processor.py:830} INFO - Processing file /home/airflow/.local/lib/python3.8/site-packages/airflow/example_dags/example_sensors.py for tasks to queue
[2024-01-04T21:56:16.660+0000] {logging_mixin.py:188} INFO - [2024-01-04T21:56:16.660+0000] {dagbag.py:538} INFO - Filling up the DagBag from /home/airflow/.local/lib/python3.8/site-packages/airflow/example_dags/example_sensors.py
[2024-01-04T21:56:16.666+0000] {processor.py:840} INFO - DAG(s) 'example_sensors' retrieved from /home/airflow/.local/lib/python3.8/site-packages/airflow/example_dags/example_sensors.py
[2024-01-04T21:56:16.682+0000] {logging_mixin.py:188} INFO - [2024-01-04T21:56:16.681+0000] {dag.py:3033} INFO - Sync 1 DAGs
[2024-01-04T21:56:16.690+0000] {logging_mixin.py:188} INFO - [2024-01-04T21:56:16.690+0000] {dag.py:3820} INFO - Setting next_dagrun for example_sensors to None, run_after=None
[2024-01-04T21:56:16.713+0000] {processor.py:183} INFO - Processing /home/airflow/.local/lib/python3.8/site-packages/airflow/example_dags/example_sensors.py took 0.057 seconds
