[2024-01-04T21:52:44.957+0000] {processor.py:161} INFO - Started process (PID=72) to work on /home/airflow/.local/lib/python3.8/site-packages/airflow/example_dags/example_dag_decorator.py
[2024-01-04T21:52:44.958+0000] {processor.py:830} INFO - Processing file /home/airflow/.local/lib/python3.8/site-packages/airflow/example_dags/example_dag_decorator.py for tasks to queue
[2024-01-04T21:52:44.959+0000] {logging_mixin.py:188} INFO - [2024-01-04T21:52:44.959+0000] {dagbag.py:538} INFO - Filling up the DagBag from /home/airflow/.local/lib/python3.8/site-packages/airflow/example_dags/example_dag_decorator.py
[2024-01-04T21:52:45.048+0000] {processor.py:840} INFO - DAG(s) 'example_dag_decorator' retrieved from /home/airflow/.local/lib/python3.8/site-packages/airflow/example_dags/example_dag_decorator.py
[2024-01-04T21:52:45.129+0000] {logging_mixin.py:188} INFO - [2024-01-04T21:52:45.129+0000] {dag.py:3033} INFO - Sync 1 DAGs
[2024-01-04T21:52:45.139+0000] {logging_mixin.py:188} INFO - [2024-01-04T21:52:45.138+0000] {dag.py:3820} INFO - Setting next_dagrun for example_dag_decorator to None, run_after=None
[2024-01-04T21:52:45.154+0000] {processor.py:183} INFO - Processing /home/airflow/.local/lib/python3.8/site-packages/airflow/example_dags/example_dag_decorator.py took 0.199 seconds
[2024-01-04T21:53:15.518+0000] {processor.py:161} INFO - Started process (PID=127) to work on /home/airflow/.local/lib/python3.8/site-packages/airflow/example_dags/example_dag_decorator.py
[2024-01-04T21:53:15.519+0000] {processor.py:830} INFO - Processing file /home/airflow/.local/lib/python3.8/site-packages/airflow/example_dags/example_dag_decorator.py for tasks to queue
[2024-01-04T21:53:15.521+0000] {logging_mixin.py:188} INFO - [2024-01-04T21:53:15.521+0000] {dagbag.py:538} INFO - Filling up the DagBag from /home/airflow/.local/lib/python3.8/site-packages/airflow/example_dags/example_dag_decorator.py
[2024-01-04T21:53:15.613+0000] {processor.py:840} INFO - DAG(s) 'example_dag_decorator' retrieved from /home/airflow/.local/lib/python3.8/site-packages/airflow/example_dags/example_dag_decorator.py
[2024-01-04T21:53:15.713+0000] {logging_mixin.py:188} INFO - [2024-01-04T21:53:15.713+0000] {dag.py:3033} INFO - Sync 1 DAGs
[2024-01-04T21:53:15.724+0000] {logging_mixin.py:188} INFO - [2024-01-04T21:53:15.724+0000] {dag.py:3820} INFO - Setting next_dagrun for example_dag_decorator to None, run_after=None
[2024-01-04T21:53:15.738+0000] {processor.py:183} INFO - Processing /home/airflow/.local/lib/python3.8/site-packages/airflow/example_dags/example_dag_decorator.py took 0.223 seconds
[2024-01-04T21:53:45.818+0000] {processor.py:161} INFO - Started process (PID=184) to work on /home/airflow/.local/lib/python3.8/site-packages/airflow/example_dags/example_dag_decorator.py
[2024-01-04T21:53:45.819+0000] {processor.py:830} INFO - Processing file /home/airflow/.local/lib/python3.8/site-packages/airflow/example_dags/example_dag_decorator.py for tasks to queue
[2024-01-04T21:53:45.821+0000] {logging_mixin.py:188} INFO - [2024-01-04T21:53:45.820+0000] {dagbag.py:538} INFO - Filling up the DagBag from /home/airflow/.local/lib/python3.8/site-packages/airflow/example_dags/example_dag_decorator.py
[2024-01-04T21:53:45.875+0000] {processor.py:840} INFO - DAG(s) 'example_dag_decorator' retrieved from /home/airflow/.local/lib/python3.8/site-packages/airflow/example_dags/example_dag_decorator.py
[2024-01-04T21:53:45.939+0000] {logging_mixin.py:188} INFO - [2024-01-04T21:53:45.939+0000] {dag.py:3033} INFO - Sync 1 DAGs
[2024-01-04T21:53:45.947+0000] {logging_mixin.py:188} INFO - [2024-01-04T21:53:45.947+0000] {dag.py:3820} INFO - Setting next_dagrun for example_dag_decorator to None, run_after=None
[2024-01-04T21:53:45.970+0000] {processor.py:183} INFO - Processing /home/airflow/.local/lib/python3.8/site-packages/airflow/example_dags/example_dag_decorator.py took 0.154 seconds
[2024-01-04T21:54:16.291+0000] {processor.py:161} INFO - Started process (PID=238) to work on /home/airflow/.local/lib/python3.8/site-packages/airflow/example_dags/example_dag_decorator.py
[2024-01-04T21:54:16.291+0000] {processor.py:830} INFO - Processing file /home/airflow/.local/lib/python3.8/site-packages/airflow/example_dags/example_dag_decorator.py for tasks to queue
[2024-01-04T21:54:16.293+0000] {logging_mixin.py:188} INFO - [2024-01-04T21:54:16.293+0000] {dagbag.py:538} INFO - Filling up the DagBag from /home/airflow/.local/lib/python3.8/site-packages/airflow/example_dags/example_dag_decorator.py
[2024-01-04T21:54:16.356+0000] {processor.py:840} INFO - DAG(s) 'example_dag_decorator' retrieved from /home/airflow/.local/lib/python3.8/site-packages/airflow/example_dags/example_dag_decorator.py
[2024-01-04T21:54:16.426+0000] {logging_mixin.py:188} INFO - [2024-01-04T21:54:16.425+0000] {dag.py:3033} INFO - Sync 1 DAGs
[2024-01-04T21:54:16.435+0000] {logging_mixin.py:188} INFO - [2024-01-04T21:54:16.435+0000] {dag.py:3820} INFO - Setting next_dagrun for example_dag_decorator to None, run_after=None
[2024-01-04T21:54:16.450+0000] {processor.py:183} INFO - Processing /home/airflow/.local/lib/python3.8/site-packages/airflow/example_dags/example_dag_decorator.py took 0.162 seconds
[2024-01-04T21:54:46.491+0000] {processor.py:161} INFO - Started process (PID=296) to work on /home/airflow/.local/lib/python3.8/site-packages/airflow/example_dags/example_dag_decorator.py
[2024-01-04T21:54:46.492+0000] {processor.py:830} INFO - Processing file /home/airflow/.local/lib/python3.8/site-packages/airflow/example_dags/example_dag_decorator.py for tasks to queue
[2024-01-04T21:54:46.495+0000] {logging_mixin.py:188} INFO - [2024-01-04T21:54:46.494+0000] {dagbag.py:538} INFO - Filling up the DagBag from /home/airflow/.local/lib/python3.8/site-packages/airflow/example_dags/example_dag_decorator.py
[2024-01-04T21:54:46.556+0000] {processor.py:840} INFO - DAG(s) 'example_dag_decorator' retrieved from /home/airflow/.local/lib/python3.8/site-packages/airflow/example_dags/example_dag_decorator.py
[2024-01-04T21:54:46.630+0000] {logging_mixin.py:188} INFO - [2024-01-04T21:54:46.629+0000] {dag.py:3033} INFO - Sync 1 DAGs
[2024-01-04T21:54:46.638+0000] {logging_mixin.py:188} INFO - [2024-01-04T21:54:46.638+0000] {dag.py:3820} INFO - Setting next_dagrun for example_dag_decorator to None, run_after=None
[2024-01-04T21:54:46.662+0000] {processor.py:183} INFO - Processing /home/airflow/.local/lib/python3.8/site-packages/airflow/example_dags/example_dag_decorator.py took 0.174 seconds
[2024-01-04T21:55:16.702+0000] {processor.py:161} INFO - Started process (PID=347) to work on /home/airflow/.local/lib/python3.8/site-packages/airflow/example_dags/example_dag_decorator.py
[2024-01-04T21:55:16.702+0000] {processor.py:830} INFO - Processing file /home/airflow/.local/lib/python3.8/site-packages/airflow/example_dags/example_dag_decorator.py for tasks to queue
[2024-01-04T21:55:16.704+0000] {logging_mixin.py:188} INFO - [2024-01-04T21:55:16.704+0000] {dagbag.py:538} INFO - Filling up the DagBag from /home/airflow/.local/lib/python3.8/site-packages/airflow/example_dags/example_dag_decorator.py
[2024-01-04T21:55:16.761+0000] {processor.py:840} INFO - DAG(s) 'example_dag_decorator' retrieved from /home/airflow/.local/lib/python3.8/site-packages/airflow/example_dags/example_dag_decorator.py
[2024-01-04T21:55:16.829+0000] {logging_mixin.py:188} INFO - [2024-01-04T21:55:16.828+0000] {dag.py:3033} INFO - Sync 1 DAGs
[2024-01-04T21:55:16.838+0000] {logging_mixin.py:188} INFO - [2024-01-04T21:55:16.838+0000] {dag.py:3820} INFO - Setting next_dagrun for example_dag_decorator to None, run_after=None
[2024-01-04T21:55:16.851+0000] {processor.py:183} INFO - Processing /home/airflow/.local/lib/python3.8/site-packages/airflow/example_dags/example_dag_decorator.py took 0.151 seconds
[2024-01-04T21:55:46.944+0000] {processor.py:161} INFO - Started process (PID=402) to work on /home/airflow/.local/lib/python3.8/site-packages/airflow/example_dags/example_dag_decorator.py
[2024-01-04T21:55:46.945+0000] {processor.py:830} INFO - Processing file /home/airflow/.local/lib/python3.8/site-packages/airflow/example_dags/example_dag_decorator.py for tasks to queue
[2024-01-04T21:55:46.946+0000] {logging_mixin.py:188} INFO - [2024-01-04T21:55:46.946+0000] {dagbag.py:538} INFO - Filling up the DagBag from /home/airflow/.local/lib/python3.8/site-packages/airflow/example_dags/example_dag_decorator.py
[2024-01-04T21:55:47.008+0000] {processor.py:840} INFO - DAG(s) 'example_dag_decorator' retrieved from /home/airflow/.local/lib/python3.8/site-packages/airflow/example_dags/example_dag_decorator.py
[2024-01-04T21:55:47.087+0000] {logging_mixin.py:188} INFO - [2024-01-04T21:55:47.087+0000] {dag.py:3033} INFO - Sync 1 DAGs
[2024-01-04T21:55:47.096+0000] {logging_mixin.py:188} INFO - [2024-01-04T21:55:47.095+0000] {dag.py:3820} INFO - Setting next_dagrun for example_dag_decorator to None, run_after=None
[2024-01-04T21:55:47.111+0000] {processor.py:183} INFO - Processing /home/airflow/.local/lib/python3.8/site-packages/airflow/example_dags/example_dag_decorator.py took 0.170 seconds
[2024-01-04T21:56:17.218+0000] {processor.py:161} INFO - Started process (PID=458) to work on /home/airflow/.local/lib/python3.8/site-packages/airflow/example_dags/example_dag_decorator.py
[2024-01-04T21:56:17.219+0000] {processor.py:830} INFO - Processing file /home/airflow/.local/lib/python3.8/site-packages/airflow/example_dags/example_dag_decorator.py for tasks to queue
[2024-01-04T21:56:17.221+0000] {logging_mixin.py:188} INFO - [2024-01-04T21:56:17.221+0000] {dagbag.py:538} INFO - Filling up the DagBag from /home/airflow/.local/lib/python3.8/site-packages/airflow/example_dags/example_dag_decorator.py
[2024-01-04T21:56:17.284+0000] {processor.py:840} INFO - DAG(s) 'example_dag_decorator' retrieved from /home/airflow/.local/lib/python3.8/site-packages/airflow/example_dags/example_dag_decorator.py
[2024-01-04T21:56:17.301+0000] {logging_mixin.py:188} INFO - [2024-01-04T21:56:17.301+0000] {dag.py:3033} INFO - Sync 1 DAGs
[2024-01-04T21:56:17.309+0000] {logging_mixin.py:188} INFO - [2024-01-04T21:56:17.309+0000] {dag.py:3820} INFO - Setting next_dagrun for example_dag_decorator to None, run_after=None
[2024-01-04T21:56:17.328+0000] {processor.py:183} INFO - Processing /home/airflow/.local/lib/python3.8/site-packages/airflow/example_dags/example_dag_decorator.py took 0.112 seconds
