[2024-01-04T21:52:43.374+0000] {processor.py:161} INFO - Started process (PID=38) to work on /home/airflow/.local/lib/python3.8/site-packages/airflow/example_dags/example_skip_dag.py
[2024-01-04T21:52:43.375+0000] {processor.py:830} INFO - Processing file /home/airflow/.local/lib/python3.8/site-packages/airflow/example_dags/example_skip_dag.py for tasks to queue
[2024-01-04T21:52:43.376+0000] {logging_mixin.py:188} INFO - [2024-01-04T21:52:43.376+0000] {dagbag.py:538} INFO - Filling up the DagBag from /home/airflow/.local/lib/python3.8/site-packages/airflow/example_dags/example_skip_dag.py
[2024-01-04T21:52:43.385+0000] {processor.py:840} INFO - DAG(s) 'example_skip_dag' retrieved from /home/airflow/.local/lib/python3.8/site-packages/airflow/example_dags/example_skip_dag.py
[2024-01-04T21:52:43.417+0000] {logging_mixin.py:188} INFO - [2024-01-04T21:52:43.417+0000] {dag.py:3033} INFO - Sync 1 DAGs
[2024-01-04T21:52:43.438+0000] {logging_mixin.py:188} INFO - [2024-01-04T21:52:43.438+0000] {dag.py:3820} INFO - Setting next_dagrun for example_skip_dag to 2024-01-03T00:00:00+00:00, run_after=2024-01-04T00:00:00+00:00
[2024-01-04T21:52:43.452+0000] {processor.py:183} INFO - Processing /home/airflow/.local/lib/python3.8/site-packages/airflow/example_dags/example_skip_dag.py took 0.079 seconds
[2024-01-04T21:53:13.679+0000] {processor.py:161} INFO - Started process (PID=92) to work on /home/airflow/.local/lib/python3.8/site-packages/airflow/example_dags/example_skip_dag.py
[2024-01-04T21:53:13.679+0000] {processor.py:830} INFO - Processing file /home/airflow/.local/lib/python3.8/site-packages/airflow/example_dags/example_skip_dag.py for tasks to queue
[2024-01-04T21:53:13.681+0000] {logging_mixin.py:188} INFO - [2024-01-04T21:53:13.681+0000] {dagbag.py:538} INFO - Filling up the DagBag from /home/airflow/.local/lib/python3.8/site-packages/airflow/example_dags/example_skip_dag.py
[2024-01-04T21:53:13.687+0000] {processor.py:840} INFO - DAG(s) 'example_skip_dag' retrieved from /home/airflow/.local/lib/python3.8/site-packages/airflow/example_dags/example_skip_dag.py
[2024-01-04T21:53:13.703+0000] {logging_mixin.py:188} INFO - [2024-01-04T21:53:13.702+0000] {dag.py:3033} INFO - Sync 1 DAGs
[2024-01-04T21:53:13.722+0000] {logging_mixin.py:188} INFO - [2024-01-04T21:53:13.722+0000] {dag.py:3820} INFO - Setting next_dagrun for example_skip_dag to 2024-01-03T00:00:00+00:00, run_after=2024-01-04T00:00:00+00:00
[2024-01-04T21:53:13.747+0000] {processor.py:183} INFO - Processing /home/airflow/.local/lib/python3.8/site-packages/airflow/example_dags/example_skip_dag.py took 0.070 seconds
[2024-01-04T21:53:44.246+0000] {processor.py:161} INFO - Started process (PID=147) to work on /home/airflow/.local/lib/python3.8/site-packages/airflow/example_dags/example_skip_dag.py
[2024-01-04T21:53:44.247+0000] {processor.py:830} INFO - Processing file /home/airflow/.local/lib/python3.8/site-packages/airflow/example_dags/example_skip_dag.py for tasks to queue
[2024-01-04T21:53:44.249+0000] {logging_mixin.py:188} INFO - [2024-01-04T21:53:44.248+0000] {dagbag.py:538} INFO - Filling up the DagBag from /home/airflow/.local/lib/python3.8/site-packages/airflow/example_dags/example_skip_dag.py
[2024-01-04T21:53:44.253+0000] {processor.py:840} INFO - DAG(s) 'example_skip_dag' retrieved from /home/airflow/.local/lib/python3.8/site-packages/airflow/example_dags/example_skip_dag.py
[2024-01-04T21:53:44.266+0000] {logging_mixin.py:188} INFO - [2024-01-04T21:53:44.266+0000] {dag.py:3033} INFO - Sync 1 DAGs
[2024-01-04T21:53:44.281+0000] {logging_mixin.py:188} INFO - [2024-01-04T21:53:44.281+0000] {dag.py:3820} INFO - Setting next_dagrun for example_skip_dag to 2024-01-03T00:00:00+00:00, run_after=2024-01-04T00:00:00+00:00
[2024-01-04T21:53:44.293+0000] {processor.py:183} INFO - Processing /home/airflow/.local/lib/python3.8/site-packages/airflow/example_dags/example_skip_dag.py took 0.049 seconds
[2024-01-04T21:54:14.424+0000] {processor.py:161} INFO - Started process (PID=202) to work on /home/airflow/.local/lib/python3.8/site-packages/airflow/example_dags/example_skip_dag.py
[2024-01-04T21:54:14.426+0000] {processor.py:830} INFO - Processing file /home/airflow/.local/lib/python3.8/site-packages/airflow/example_dags/example_skip_dag.py for tasks to queue
[2024-01-04T21:54:14.428+0000] {logging_mixin.py:188} INFO - [2024-01-04T21:54:14.428+0000] {dagbag.py:538} INFO - Filling up the DagBag from /home/airflow/.local/lib/python3.8/site-packages/airflow/example_dags/example_skip_dag.py
[2024-01-04T21:54:14.433+0000] {processor.py:840} INFO - DAG(s) 'example_skip_dag' retrieved from /home/airflow/.local/lib/python3.8/site-packages/airflow/example_dags/example_skip_dag.py
[2024-01-04T21:54:14.450+0000] {logging_mixin.py:188} INFO - [2024-01-04T21:54:14.450+0000] {dag.py:3033} INFO - Sync 1 DAGs
[2024-01-04T21:54:14.476+0000] {logging_mixin.py:188} INFO - [2024-01-04T21:54:14.476+0000] {dag.py:3820} INFO - Setting next_dagrun for example_skip_dag to 2024-01-03T00:00:00+00:00, run_after=2024-01-04T00:00:00+00:00
[2024-01-04T21:54:14.501+0000] {processor.py:183} INFO - Processing /home/airflow/.local/lib/python3.8/site-packages/airflow/example_dags/example_skip_dag.py took 0.078 seconds
[2024-01-04T21:54:44.811+0000] {processor.py:161} INFO - Started process (PID=258) to work on /home/airflow/.local/lib/python3.8/site-packages/airflow/example_dags/example_skip_dag.py
[2024-01-04T21:54:44.812+0000] {processor.py:830} INFO - Processing file /home/airflow/.local/lib/python3.8/site-packages/airflow/example_dags/example_skip_dag.py for tasks to queue
[2024-01-04T21:54:44.813+0000] {logging_mixin.py:188} INFO - [2024-01-04T21:54:44.813+0000] {dagbag.py:538} INFO - Filling up the DagBag from /home/airflow/.local/lib/python3.8/site-packages/airflow/example_dags/example_skip_dag.py
[2024-01-04T21:54:44.817+0000] {processor.py:840} INFO - DAG(s) 'example_skip_dag' retrieved from /home/airflow/.local/lib/python3.8/site-packages/airflow/example_dags/example_skip_dag.py
[2024-01-04T21:54:44.830+0000] {logging_mixin.py:188} INFO - [2024-01-04T21:54:44.830+0000] {dag.py:3033} INFO - Sync 1 DAGs
[2024-01-04T21:54:44.844+0000] {logging_mixin.py:188} INFO - [2024-01-04T21:54:44.844+0000] {dag.py:3820} INFO - Setting next_dagrun for example_skip_dag to 2024-01-03T00:00:00+00:00, run_after=2024-01-04T00:00:00+00:00
[2024-01-04T21:54:44.866+0000] {processor.py:183} INFO - Processing /home/airflow/.local/lib/python3.8/site-packages/airflow/example_dags/example_skip_dag.py took 0.057 seconds
[2024-01-04T21:55:15.008+0000] {processor.py:161} INFO - Started process (PID=313) to work on /home/airflow/.local/lib/python3.8/site-packages/airflow/example_dags/example_skip_dag.py
[2024-01-04T21:55:15.009+0000] {processor.py:830} INFO - Processing file /home/airflow/.local/lib/python3.8/site-packages/airflow/example_dags/example_skip_dag.py for tasks to queue
[2024-01-04T21:55:15.010+0000] {logging_mixin.py:188} INFO - [2024-01-04T21:55:15.010+0000] {dagbag.py:538} INFO - Filling up the DagBag from /home/airflow/.local/lib/python3.8/site-packages/airflow/example_dags/example_skip_dag.py
[2024-01-04T21:55:15.014+0000] {processor.py:840} INFO - DAG(s) 'example_skip_dag' retrieved from /home/airflow/.local/lib/python3.8/site-packages/airflow/example_dags/example_skip_dag.py
[2024-01-04T21:55:15.028+0000] {logging_mixin.py:188} INFO - [2024-01-04T21:55:15.028+0000] {dag.py:3033} INFO - Sync 1 DAGs
[2024-01-04T21:55:15.043+0000] {logging_mixin.py:188} INFO - [2024-01-04T21:55:15.043+0000] {dag.py:3820} INFO - Setting next_dagrun for example_skip_dag to 2024-01-03T00:00:00+00:00, run_after=2024-01-04T00:00:00+00:00
[2024-01-04T21:55:15.067+0000] {processor.py:183} INFO - Processing /home/airflow/.local/lib/python3.8/site-packages/airflow/example_dags/example_skip_dag.py took 0.061 seconds
[2024-01-04T21:55:45.466+0000] {processor.py:161} INFO - Started process (PID=368) to work on /home/airflow/.local/lib/python3.8/site-packages/airflow/example_dags/example_skip_dag.py
[2024-01-04T21:55:45.466+0000] {processor.py:830} INFO - Processing file /home/airflow/.local/lib/python3.8/site-packages/airflow/example_dags/example_skip_dag.py for tasks to queue
[2024-01-04T21:55:45.468+0000] {logging_mixin.py:188} INFO - [2024-01-04T21:55:45.468+0000] {dagbag.py:538} INFO - Filling up the DagBag from /home/airflow/.local/lib/python3.8/site-packages/airflow/example_dags/example_skip_dag.py
[2024-01-04T21:55:45.472+0000] {processor.py:840} INFO - DAG(s) 'example_skip_dag' retrieved from /home/airflow/.local/lib/python3.8/site-packages/airflow/example_dags/example_skip_dag.py
[2024-01-04T21:55:45.487+0000] {logging_mixin.py:188} INFO - [2024-01-04T21:55:45.486+0000] {dag.py:3033} INFO - Sync 1 DAGs
[2024-01-04T21:55:45.503+0000] {logging_mixin.py:188} INFO - [2024-01-04T21:55:45.503+0000] {dag.py:3820} INFO - Setting next_dagrun for example_skip_dag to 2024-01-03T00:00:00+00:00, run_after=2024-01-04T00:00:00+00:00
[2024-01-04T21:55:45.516+0000] {processor.py:183} INFO - Processing /home/airflow/.local/lib/python3.8/site-packages/airflow/example_dags/example_skip_dag.py took 0.052 seconds
[2024-01-04T21:56:15.642+0000] {processor.py:161} INFO - Started process (PID=423) to work on /home/airflow/.local/lib/python3.8/site-packages/airflow/example_dags/example_skip_dag.py
[2024-01-04T21:56:15.642+0000] {processor.py:830} INFO - Processing file /home/airflow/.local/lib/python3.8/site-packages/airflow/example_dags/example_skip_dag.py for tasks to queue
[2024-01-04T21:56:15.644+0000] {logging_mixin.py:188} INFO - [2024-01-04T21:56:15.644+0000] {dagbag.py:538} INFO - Filling up the DagBag from /home/airflow/.local/lib/python3.8/site-packages/airflow/example_dags/example_skip_dag.py
[2024-01-04T21:56:15.648+0000] {processor.py:840} INFO - DAG(s) 'example_skip_dag' retrieved from /home/airflow/.local/lib/python3.8/site-packages/airflow/example_dags/example_skip_dag.py
[2024-01-04T21:56:15.661+0000] {logging_mixin.py:188} INFO - [2024-01-04T21:56:15.661+0000] {dag.py:3033} INFO - Sync 1 DAGs
[2024-01-04T21:56:15.675+0000] {logging_mixin.py:188} INFO - [2024-01-04T21:56:15.675+0000] {dag.py:3820} INFO - Setting next_dagrun for example_skip_dag to 2024-01-03T00:00:00+00:00, run_after=2024-01-04T00:00:00+00:00
[2024-01-04T21:56:15.688+0000] {processor.py:183} INFO - Processing /home/airflow/.local/lib/python3.8/site-packages/airflow/example_dags/example_skip_dag.py took 0.048 seconds
