[2024-01-04T21:52:43.778+0000] {processor.py:161} INFO - Started process (PID=48) to work on /home/airflow/.local/lib/python3.8/site-packages/airflow/example_dags/example_dynamic_task_mapping.py
[2024-01-04T21:52:43.780+0000] {processor.py:830} INFO - Processing file /home/airflow/.local/lib/python3.8/site-packages/airflow/example_dags/example_dynamic_task_mapping.py for tasks to queue
[2024-01-04T21:52:43.781+0000] {logging_mixin.py:188} INFO - [2024-01-04T21:52:43.781+0000] {dagbag.py:538} INFO - Filling up the DagBag from /home/airflow/.local/lib/python3.8/site-packages/airflow/example_dags/example_dynamic_task_mapping.py
[2024-01-04T21:52:43.788+0000] {processor.py:840} INFO - DAG(s) 'example_dynamic_task_mapping' retrieved from /home/airflow/.local/lib/python3.8/site-packages/airflow/example_dags/example_dynamic_task_mapping.py
[2024-01-04T21:52:43.804+0000] {logging_mixin.py:188} INFO - [2024-01-04T21:52:43.803+0000] {dag.py:3033} INFO - Sync 1 DAGs
[2024-01-04T21:52:43.820+0000] {logging_mixin.py:188} INFO - [2024-01-04T21:52:43.819+0000] {dag.py:3820} INFO - Setting next_dagrun for example_dynamic_task_mapping to 2022-03-04T00:00:00+00:00, run_after=2022-03-05T00:00:00+00:00
[2024-01-04T21:52:43.837+0000] {processor.py:183} INFO - Processing /home/airflow/.local/lib/python3.8/site-packages/airflow/example_dags/example_dynamic_task_mapping.py took 0.061 seconds
[2024-01-04T21:53:14.261+0000] {processor.py:161} INFO - Started process (PID=102) to work on /home/airflow/.local/lib/python3.8/site-packages/airflow/example_dags/example_dynamic_task_mapping.py
[2024-01-04T21:53:14.262+0000] {processor.py:830} INFO - Processing file /home/airflow/.local/lib/python3.8/site-packages/airflow/example_dags/example_dynamic_task_mapping.py for tasks to queue
[2024-01-04T21:53:14.264+0000] {logging_mixin.py:188} INFO - [2024-01-04T21:53:14.264+0000] {dagbag.py:538} INFO - Filling up the DagBag from /home/airflow/.local/lib/python3.8/site-packages/airflow/example_dags/example_dynamic_task_mapping.py
[2024-01-04T21:53:14.270+0000] {processor.py:840} INFO - DAG(s) 'example_dynamic_task_mapping' retrieved from /home/airflow/.local/lib/python3.8/site-packages/airflow/example_dags/example_dynamic_task_mapping.py
[2024-01-04T21:53:14.285+0000] {logging_mixin.py:188} INFO - [2024-01-04T21:53:14.285+0000] {dag.py:3033} INFO - Sync 1 DAGs
[2024-01-04T21:53:14.311+0000] {logging_mixin.py:188} INFO - [2024-01-04T21:53:14.310+0000] {dag.py:3820} INFO - Setting next_dagrun for example_dynamic_task_mapping to 2022-03-04T00:00:00+00:00, run_after=2022-03-05T00:00:00+00:00
[2024-01-04T21:53:14.326+0000] {processor.py:183} INFO - Processing /home/airflow/.local/lib/python3.8/site-packages/airflow/example_dags/example_dynamic_task_mapping.py took 0.070 seconds
[2024-01-04T21:53:44.681+0000] {processor.py:161} INFO - Started process (PID=157) to work on /home/airflow/.local/lib/python3.8/site-packages/airflow/example_dags/example_dynamic_task_mapping.py
[2024-01-04T21:53:44.682+0000] {processor.py:830} INFO - Processing file /home/airflow/.local/lib/python3.8/site-packages/airflow/example_dags/example_dynamic_task_mapping.py for tasks to queue
[2024-01-04T21:53:44.683+0000] {logging_mixin.py:188} INFO - [2024-01-04T21:53:44.683+0000] {dagbag.py:538} INFO - Filling up the DagBag from /home/airflow/.local/lib/python3.8/site-packages/airflow/example_dags/example_dynamic_task_mapping.py
[2024-01-04T21:53:44.687+0000] {processor.py:840} INFO - DAG(s) 'example_dynamic_task_mapping' retrieved from /home/airflow/.local/lib/python3.8/site-packages/airflow/example_dags/example_dynamic_task_mapping.py
[2024-01-04T21:53:44.698+0000] {logging_mixin.py:188} INFO - [2024-01-04T21:53:44.698+0000] {dag.py:3033} INFO - Sync 1 DAGs
[2024-01-04T21:53:44.712+0000] {logging_mixin.py:188} INFO - [2024-01-04T21:53:44.712+0000] {dag.py:3820} INFO - Setting next_dagrun for example_dynamic_task_mapping to 2022-03-04T00:00:00+00:00, run_after=2022-03-05T00:00:00+00:00
[2024-01-04T21:53:44.733+0000] {processor.py:183} INFO - Processing /home/airflow/.local/lib/python3.8/site-packages/airflow/example_dags/example_dynamic_task_mapping.py took 0.053 seconds
[2024-01-04T21:54:14.996+0000] {processor.py:161} INFO - Started process (PID=212) to work on /home/airflow/.local/lib/python3.8/site-packages/airflow/example_dags/example_dynamic_task_mapping.py
[2024-01-04T21:54:14.996+0000] {processor.py:830} INFO - Processing file /home/airflow/.local/lib/python3.8/site-packages/airflow/example_dags/example_dynamic_task_mapping.py for tasks to queue
[2024-01-04T21:54:14.998+0000] {logging_mixin.py:188} INFO - [2024-01-04T21:54:14.998+0000] {dagbag.py:538} INFO - Filling up the DagBag from /home/airflow/.local/lib/python3.8/site-packages/airflow/example_dags/example_dynamic_task_mapping.py
[2024-01-04T21:54:15.003+0000] {processor.py:840} INFO - DAG(s) 'example_dynamic_task_mapping' retrieved from /home/airflow/.local/lib/python3.8/site-packages/airflow/example_dags/example_dynamic_task_mapping.py
[2024-01-04T21:54:15.017+0000] {logging_mixin.py:188} INFO - [2024-01-04T21:54:15.017+0000] {dag.py:3033} INFO - Sync 1 DAGs
[2024-01-04T21:54:15.034+0000] {logging_mixin.py:188} INFO - [2024-01-04T21:54:15.034+0000] {dag.py:3820} INFO - Setting next_dagrun for example_dynamic_task_mapping to 2022-03-04T00:00:00+00:00, run_after=2022-03-05T00:00:00+00:00
[2024-01-04T21:54:15.048+0000] {processor.py:183} INFO - Processing /home/airflow/.local/lib/python3.8/site-packages/airflow/example_dags/example_dynamic_task_mapping.py took 0.054 seconds
[2024-01-04T21:54:45.390+0000] {processor.py:161} INFO - Started process (PID=268) to work on /home/airflow/.local/lib/python3.8/site-packages/airflow/example_dags/example_dynamic_task_mapping.py
[2024-01-04T21:54:45.390+0000] {processor.py:830} INFO - Processing file /home/airflow/.local/lib/python3.8/site-packages/airflow/example_dags/example_dynamic_task_mapping.py for tasks to queue
[2024-01-04T21:54:45.392+0000] {logging_mixin.py:188} INFO - [2024-01-04T21:54:45.392+0000] {dagbag.py:538} INFO - Filling up the DagBag from /home/airflow/.local/lib/python3.8/site-packages/airflow/example_dags/example_dynamic_task_mapping.py
[2024-01-04T21:54:45.397+0000] {processor.py:840} INFO - DAG(s) 'example_dynamic_task_mapping' retrieved from /home/airflow/.local/lib/python3.8/site-packages/airflow/example_dags/example_dynamic_task_mapping.py
[2024-01-04T21:54:45.411+0000] {logging_mixin.py:188} INFO - [2024-01-04T21:54:45.411+0000] {dag.py:3033} INFO - Sync 1 DAGs
[2024-01-04T21:54:45.428+0000] {logging_mixin.py:188} INFO - [2024-01-04T21:54:45.428+0000] {dag.py:3820} INFO - Setting next_dagrun for example_dynamic_task_mapping to 2022-03-04T00:00:00+00:00, run_after=2022-03-05T00:00:00+00:00
[2024-01-04T21:54:45.443+0000] {processor.py:183} INFO - Processing /home/airflow/.local/lib/python3.8/site-packages/airflow/example_dags/example_dynamic_task_mapping.py took 0.056 seconds
[2024-01-04T21:55:15.499+0000] {processor.py:161} INFO - Started process (PID=323) to work on /home/airflow/.local/lib/python3.8/site-packages/airflow/example_dags/example_dynamic_task_mapping.py
[2024-01-04T21:55:15.499+0000] {processor.py:830} INFO - Processing file /home/airflow/.local/lib/python3.8/site-packages/airflow/example_dags/example_dynamic_task_mapping.py for tasks to queue
[2024-01-04T21:55:15.501+0000] {logging_mixin.py:188} INFO - [2024-01-04T21:55:15.501+0000] {dagbag.py:538} INFO - Filling up the DagBag from /home/airflow/.local/lib/python3.8/site-packages/airflow/example_dags/example_dynamic_task_mapping.py
[2024-01-04T21:55:15.505+0000] {processor.py:840} INFO - DAG(s) 'example_dynamic_task_mapping' retrieved from /home/airflow/.local/lib/python3.8/site-packages/airflow/example_dags/example_dynamic_task_mapping.py
[2024-01-04T21:55:15.519+0000] {logging_mixin.py:188} INFO - [2024-01-04T21:55:15.518+0000] {dag.py:3033} INFO - Sync 1 DAGs
[2024-01-04T21:55:15.534+0000] {logging_mixin.py:188} INFO - [2024-01-04T21:55:15.534+0000] {dag.py:3820} INFO - Setting next_dagrun for example_dynamic_task_mapping to 2022-03-04T00:00:00+00:00, run_after=2022-03-05T00:00:00+00:00
[2024-01-04T21:55:15.557+0000] {processor.py:183} INFO - Processing /home/airflow/.local/lib/python3.8/site-packages/airflow/example_dags/example_dynamic_task_mapping.py took 0.060 seconds
[2024-01-04T21:55:45.926+0000] {processor.py:161} INFO - Started process (PID=378) to work on /home/airflow/.local/lib/python3.8/site-packages/airflow/example_dags/example_dynamic_task_mapping.py
[2024-01-04T21:55:45.927+0000] {processor.py:830} INFO - Processing file /home/airflow/.local/lib/python3.8/site-packages/airflow/example_dags/example_dynamic_task_mapping.py for tasks to queue
[2024-01-04T21:55:45.928+0000] {logging_mixin.py:188} INFO - [2024-01-04T21:55:45.928+0000] {dagbag.py:538} INFO - Filling up the DagBag from /home/airflow/.local/lib/python3.8/site-packages/airflow/example_dags/example_dynamic_task_mapping.py
[2024-01-04T21:55:45.933+0000] {processor.py:840} INFO - DAG(s) 'example_dynamic_task_mapping' retrieved from /home/airflow/.local/lib/python3.8/site-packages/airflow/example_dags/example_dynamic_task_mapping.py
[2024-01-04T21:55:45.946+0000] {logging_mixin.py:188} INFO - [2024-01-04T21:55:45.946+0000] {dag.py:3033} INFO - Sync 1 DAGs
[2024-01-04T21:55:45.963+0000] {logging_mixin.py:188} INFO - [2024-01-04T21:55:45.963+0000] {dag.py:3820} INFO - Setting next_dagrun for example_dynamic_task_mapping to 2022-03-04T00:00:00+00:00, run_after=2022-03-05T00:00:00+00:00
[2024-01-04T21:55:45.988+0000] {processor.py:183} INFO - Processing /home/airflow/.local/lib/python3.8/site-packages/airflow/example_dags/example_dynamic_task_mapping.py took 0.064 seconds
[2024-01-04T21:56:16.133+0000] {processor.py:161} INFO - Started process (PID=433) to work on /home/airflow/.local/lib/python3.8/site-packages/airflow/example_dags/example_dynamic_task_mapping.py
[2024-01-04T21:56:16.134+0000] {processor.py:830} INFO - Processing file /home/airflow/.local/lib/python3.8/site-packages/airflow/example_dags/example_dynamic_task_mapping.py for tasks to queue
[2024-01-04T21:56:16.135+0000] {logging_mixin.py:188} INFO - [2024-01-04T21:56:16.135+0000] {dagbag.py:538} INFO - Filling up the DagBag from /home/airflow/.local/lib/python3.8/site-packages/airflow/example_dags/example_dynamic_task_mapping.py
[2024-01-04T21:56:16.141+0000] {processor.py:840} INFO - DAG(s) 'example_dynamic_task_mapping' retrieved from /home/airflow/.local/lib/python3.8/site-packages/airflow/example_dags/example_dynamic_task_mapping.py
[2024-01-04T21:56:16.160+0000] {logging_mixin.py:188} INFO - [2024-01-04T21:56:16.160+0000] {dag.py:3033} INFO - Sync 1 DAGs
[2024-01-04T21:56:16.179+0000] {logging_mixin.py:188} INFO - [2024-01-04T21:56:16.179+0000] {dag.py:3820} INFO - Setting next_dagrun for example_dynamic_task_mapping to 2022-03-04T00:00:00+00:00, run_after=2022-03-05T00:00:00+00:00
[2024-01-04T21:56:16.196+0000] {processor.py:183} INFO - Processing /home/airflow/.local/lib/python3.8/site-packages/airflow/example_dags/example_dynamic_task_mapping.py took 0.065 seconds
