[2024-01-04T21:52:44.421+0000] {processor.py:161} INFO - Started process (PID=59) to work on /home/airflow/.local/lib/python3.8/site-packages/airflow/example_dags/example_datasets.py
[2024-01-04T21:52:44.422+0000] {processor.py:830} INFO - Processing file /home/airflow/.local/lib/python3.8/site-packages/airflow/example_dags/example_datasets.py for tasks to queue
[2024-01-04T21:52:44.424+0000] {logging_mixin.py:188} INFO - [2024-01-04T21:52:44.424+0000] {dagbag.py:538} INFO - Filling up the DagBag from /home/airflow/.local/lib/python3.8/site-packages/airflow/example_dags/example_datasets.py
[2024-01-04T21:52:44.435+0000] {processor.py:840} INFO - DAG(s) 'dataset_produces_2', 'dataset_produces_1', 'dataset_consumes_1_never_scheduled', 'dataset_consumes_1_and_2', 'dataset_consumes_1', 'dataset_consumes_unknown_never_scheduled' retrieved from /home/airflow/.local/lib/python3.8/site-packages/airflow/example_dags/example_datasets.py
[2024-01-04T21:52:44.464+0000] {logging_mixin.py:188} INFO - [2024-01-04T21:52:44.463+0000] {dag.py:3033} INFO - Sync 6 DAGs
[2024-01-04T21:52:44.483+0000] {logging_mixin.py:188} INFO - [2024-01-04T21:52:44.483+0000] {dag.py:3820} INFO - Setting next_dagrun for dataset_consumes_1 to None, run_after=None
[2024-01-04T21:52:44.487+0000] {logging_mixin.py:188} INFO - [2024-01-04T21:52:44.487+0000] {dag.py:3820} INFO - Setting next_dagrun for dataset_consumes_1_and_2 to None, run_after=None
[2024-01-04T21:52:44.489+0000] {logging_mixin.py:188} INFO - [2024-01-04T21:52:44.489+0000] {dag.py:3820} INFO - Setting next_dagrun for dataset_consumes_1_never_scheduled to None, run_after=None
[2024-01-04T21:52:44.490+0000] {logging_mixin.py:188} INFO - [2024-01-04T21:52:44.490+0000] {dag.py:3820} INFO - Setting next_dagrun for dataset_consumes_unknown_never_scheduled to None, run_after=None
[2024-01-04T21:52:44.493+0000] {logging_mixin.py:188} INFO - [2024-01-04T21:52:44.492+0000] {dag.py:3820} INFO - Setting next_dagrun for dataset_produces_1 to 2024-01-03T00:00:00+00:00, run_after=2024-01-04T00:00:00+00:00
[2024-01-04T21:52:44.494+0000] {logging_mixin.py:188} INFO - [2024-01-04T21:52:44.494+0000] {dag.py:3820} INFO - Setting next_dagrun for dataset_produces_2 to None, run_after=None
[2024-01-04T21:52:44.522+0000] {processor.py:183} INFO - Processing /home/airflow/.local/lib/python3.8/site-packages/airflow/example_dags/example_datasets.py took 0.105 seconds
[2024-01-04T21:53:14.768+0000] {processor.py:161} INFO - Started process (PID=113) to work on /home/airflow/.local/lib/python3.8/site-packages/airflow/example_dags/example_datasets.py
[2024-01-04T21:53:14.769+0000] {processor.py:830} INFO - Processing file /home/airflow/.local/lib/python3.8/site-packages/airflow/example_dags/example_datasets.py for tasks to queue
[2024-01-04T21:53:14.771+0000] {logging_mixin.py:188} INFO - [2024-01-04T21:53:14.771+0000] {dagbag.py:538} INFO - Filling up the DagBag from /home/airflow/.local/lib/python3.8/site-packages/airflow/example_dags/example_datasets.py
[2024-01-04T21:53:14.780+0000] {processor.py:840} INFO - DAG(s) 'dataset_consumes_unknown_never_scheduled', 'dataset_produces_2', 'dataset_consumes_1', 'dataset_consumes_1_never_scheduled', 'dataset_produces_1', 'dataset_consumes_1_and_2' retrieved from /home/airflow/.local/lib/python3.8/site-packages/airflow/example_dags/example_datasets.py
[2024-01-04T21:53:14.805+0000] {logging_mixin.py:188} INFO - [2024-01-04T21:53:14.805+0000] {dag.py:3033} INFO - Sync 6 DAGs
[2024-01-04T21:53:14.822+0000] {logging_mixin.py:188} INFO - [2024-01-04T21:53:14.822+0000] {dag.py:3820} INFO - Setting next_dagrun for dataset_consumes_1 to None, run_after=None
[2024-01-04T21:53:14.825+0000] {logging_mixin.py:188} INFO - [2024-01-04T21:53:14.825+0000] {dag.py:3820} INFO - Setting next_dagrun for dataset_consumes_1_and_2 to None, run_after=None
[2024-01-04T21:53:14.826+0000] {logging_mixin.py:188} INFO - [2024-01-04T21:53:14.826+0000] {dag.py:3820} INFO - Setting next_dagrun for dataset_consumes_1_never_scheduled to None, run_after=None
[2024-01-04T21:53:14.827+0000] {logging_mixin.py:188} INFO - [2024-01-04T21:53:14.827+0000] {dag.py:3820} INFO - Setting next_dagrun for dataset_consumes_unknown_never_scheduled to None, run_after=None
[2024-01-04T21:53:14.830+0000] {logging_mixin.py:188} INFO - [2024-01-04T21:53:14.830+0000] {dag.py:3820} INFO - Setting next_dagrun for dataset_produces_1 to 2024-01-03T00:00:00+00:00, run_after=2024-01-04T00:00:00+00:00
[2024-01-04T21:53:14.831+0000] {logging_mixin.py:188} INFO - [2024-01-04T21:53:14.831+0000] {dag.py:3820} INFO - Setting next_dagrun for dataset_produces_2 to None, run_after=None
[2024-01-04T21:53:14.863+0000] {processor.py:183} INFO - Processing /home/airflow/.local/lib/python3.8/site-packages/airflow/example_dags/example_datasets.py took 0.098 seconds
[2024-01-04T21:53:45.107+0000] {processor.py:161} INFO - Started process (PID=168) to work on /home/airflow/.local/lib/python3.8/site-packages/airflow/example_dags/example_datasets.py
[2024-01-04T21:53:45.108+0000] {processor.py:830} INFO - Processing file /home/airflow/.local/lib/python3.8/site-packages/airflow/example_dags/example_datasets.py for tasks to queue
[2024-01-04T21:53:45.109+0000] {logging_mixin.py:188} INFO - [2024-01-04T21:53:45.109+0000] {dagbag.py:538} INFO - Filling up the DagBag from /home/airflow/.local/lib/python3.8/site-packages/airflow/example_dags/example_datasets.py
[2024-01-04T21:53:45.115+0000] {processor.py:840} INFO - DAG(s) 'dataset_consumes_1', 'dataset_produces_1', 'dataset_produces_2', 'dataset_consumes_unknown_never_scheduled', 'dataset_consumes_1_and_2', 'dataset_consumes_1_never_scheduled' retrieved from /home/airflow/.local/lib/python3.8/site-packages/airflow/example_dags/example_datasets.py
[2024-01-04T21:53:45.139+0000] {logging_mixin.py:188} INFO - [2024-01-04T21:53:45.139+0000] {dag.py:3033} INFO - Sync 6 DAGs
[2024-01-04T21:53:45.156+0000] {logging_mixin.py:188} INFO - [2024-01-04T21:53:45.155+0000] {dag.py:3820} INFO - Setting next_dagrun for dataset_consumes_1 to None, run_after=None
[2024-01-04T21:53:45.159+0000] {logging_mixin.py:188} INFO - [2024-01-04T21:53:45.159+0000] {dag.py:3820} INFO - Setting next_dagrun for dataset_consumes_1_and_2 to None, run_after=None
[2024-01-04T21:53:45.161+0000] {logging_mixin.py:188} INFO - [2024-01-04T21:53:45.160+0000] {dag.py:3820} INFO - Setting next_dagrun for dataset_consumes_1_never_scheduled to None, run_after=None
[2024-01-04T21:53:45.162+0000] {logging_mixin.py:188} INFO - [2024-01-04T21:53:45.162+0000] {dag.py:3820} INFO - Setting next_dagrun for dataset_consumes_unknown_never_scheduled to None, run_after=None
[2024-01-04T21:53:45.164+0000] {logging_mixin.py:188} INFO - [2024-01-04T21:53:45.164+0000] {dag.py:3820} INFO - Setting next_dagrun for dataset_produces_1 to 2024-01-03T00:00:00+00:00, run_after=2024-01-04T00:00:00+00:00
[2024-01-04T21:53:45.166+0000] {logging_mixin.py:188} INFO - [2024-01-04T21:53:45.166+0000] {dag.py:3820} INFO - Setting next_dagrun for dataset_produces_2 to None, run_after=None
[2024-01-04T21:53:45.190+0000] {processor.py:183} INFO - Processing /home/airflow/.local/lib/python3.8/site-packages/airflow/example_dags/example_datasets.py took 0.085 seconds
[2024-01-04T21:54:15.551+0000] {processor.py:161} INFO - Started process (PID=223) to work on /home/airflow/.local/lib/python3.8/site-packages/airflow/example_dags/example_datasets.py
[2024-01-04T21:54:15.552+0000] {processor.py:830} INFO - Processing file /home/airflow/.local/lib/python3.8/site-packages/airflow/example_dags/example_datasets.py for tasks to queue
[2024-01-04T21:54:15.554+0000] {logging_mixin.py:188} INFO - [2024-01-04T21:54:15.554+0000] {dagbag.py:538} INFO - Filling up the DagBag from /home/airflow/.local/lib/python3.8/site-packages/airflow/example_dags/example_datasets.py
[2024-01-04T21:54:15.560+0000] {processor.py:840} INFO - DAG(s) 'dataset_consumes_1_and_2', 'dataset_consumes_1_never_scheduled', 'dataset_produces_1', 'dataset_consumes_1', 'dataset_consumes_unknown_never_scheduled', 'dataset_produces_2' retrieved from /home/airflow/.local/lib/python3.8/site-packages/airflow/example_dags/example_datasets.py
[2024-01-04T21:54:15.590+0000] {logging_mixin.py:188} INFO - [2024-01-04T21:54:15.589+0000] {dag.py:3033} INFO - Sync 6 DAGs
[2024-01-04T21:54:15.620+0000] {logging_mixin.py:188} INFO - [2024-01-04T21:54:15.620+0000] {dag.py:3820} INFO - Setting next_dagrun for dataset_consumes_1 to None, run_after=None
[2024-01-04T21:54:15.626+0000] {logging_mixin.py:188} INFO - [2024-01-04T21:54:15.626+0000] {dag.py:3820} INFO - Setting next_dagrun for dataset_consumes_1_and_2 to None, run_after=None
[2024-01-04T21:54:15.628+0000] {logging_mixin.py:188} INFO - [2024-01-04T21:54:15.628+0000] {dag.py:3820} INFO - Setting next_dagrun for dataset_consumes_1_never_scheduled to None, run_after=None
[2024-01-04T21:54:15.631+0000] {logging_mixin.py:188} INFO - [2024-01-04T21:54:15.631+0000] {dag.py:3820} INFO - Setting next_dagrun for dataset_consumes_unknown_never_scheduled to None, run_after=None
[2024-01-04T21:54:15.634+0000] {logging_mixin.py:188} INFO - [2024-01-04T21:54:15.634+0000] {dag.py:3820} INFO - Setting next_dagrun for dataset_produces_1 to 2024-01-03T00:00:00+00:00, run_after=2024-01-04T00:00:00+00:00
[2024-01-04T21:54:15.637+0000] {logging_mixin.py:188} INFO - [2024-01-04T21:54:15.637+0000] {dag.py:3820} INFO - Setting next_dagrun for dataset_produces_2 to None, run_after=None
[2024-01-04T21:54:15.666+0000] {processor.py:183} INFO - Processing /home/airflow/.local/lib/python3.8/site-packages/airflow/example_dags/example_datasets.py took 0.117 seconds
[2024-01-04T21:54:45.857+0000] {processor.py:161} INFO - Started process (PID=279) to work on /home/airflow/.local/lib/python3.8/site-packages/airflow/example_dags/example_datasets.py
[2024-01-04T21:54:45.858+0000] {processor.py:830} INFO - Processing file /home/airflow/.local/lib/python3.8/site-packages/airflow/example_dags/example_datasets.py for tasks to queue
[2024-01-04T21:54:45.860+0000] {logging_mixin.py:188} INFO - [2024-01-04T21:54:45.860+0000] {dagbag.py:538} INFO - Filling up the DagBag from /home/airflow/.local/lib/python3.8/site-packages/airflow/example_dags/example_datasets.py
[2024-01-04T21:54:45.867+0000] {processor.py:840} INFO - DAG(s) 'dataset_consumes_unknown_never_scheduled', 'dataset_consumes_1', 'dataset_produces_2', 'dataset_consumes_1_never_scheduled', 'dataset_produces_1', 'dataset_consumes_1_and_2' retrieved from /home/airflow/.local/lib/python3.8/site-packages/airflow/example_dags/example_datasets.py
[2024-01-04T21:54:45.892+0000] {logging_mixin.py:188} INFO - [2024-01-04T21:54:45.892+0000] {dag.py:3033} INFO - Sync 6 DAGs
[2024-01-04T21:54:45.908+0000] {logging_mixin.py:188} INFO - [2024-01-04T21:54:45.908+0000] {dag.py:3820} INFO - Setting next_dagrun for dataset_consumes_1 to None, run_after=None
[2024-01-04T21:54:45.912+0000] {logging_mixin.py:188} INFO - [2024-01-04T21:54:45.911+0000] {dag.py:3820} INFO - Setting next_dagrun for dataset_consumes_1_and_2 to None, run_after=None
[2024-01-04T21:54:45.913+0000] {logging_mixin.py:188} INFO - [2024-01-04T21:54:45.913+0000] {dag.py:3820} INFO - Setting next_dagrun for dataset_consumes_1_never_scheduled to None, run_after=None
[2024-01-04T21:54:45.914+0000] {logging_mixin.py:188} INFO - [2024-01-04T21:54:45.914+0000] {dag.py:3820} INFO - Setting next_dagrun for dataset_consumes_unknown_never_scheduled to None, run_after=None
[2024-01-04T21:54:45.917+0000] {logging_mixin.py:188} INFO - [2024-01-04T21:54:45.917+0000] {dag.py:3820} INFO - Setting next_dagrun for dataset_produces_1 to 2024-01-03T00:00:00+00:00, run_after=2024-01-04T00:00:00+00:00
[2024-01-04T21:54:45.918+0000] {logging_mixin.py:188} INFO - [2024-01-04T21:54:45.918+0000] {dag.py:3820} INFO - Setting next_dagrun for dataset_produces_2 to None, run_after=None
[2024-01-04T21:54:45.943+0000] {processor.py:183} INFO - Processing /home/airflow/.local/lib/python3.8/site-packages/airflow/example_dags/example_datasets.py took 0.088 seconds
[2024-01-04T21:55:16.065+0000] {processor.py:161} INFO - Started process (PID=334) to work on /home/airflow/.local/lib/python3.8/site-packages/airflow/example_dags/example_datasets.py
[2024-01-04T21:55:16.065+0000] {processor.py:830} INFO - Processing file /home/airflow/.local/lib/python3.8/site-packages/airflow/example_dags/example_datasets.py for tasks to queue
[2024-01-04T21:55:16.067+0000] {logging_mixin.py:188} INFO - [2024-01-04T21:55:16.067+0000] {dagbag.py:538} INFO - Filling up the DagBag from /home/airflow/.local/lib/python3.8/site-packages/airflow/example_dags/example_datasets.py
[2024-01-04T21:55:16.073+0000] {processor.py:840} INFO - DAG(s) 'dataset_consumes_1_never_scheduled', 'dataset_produces_1', 'dataset_consumes_1_and_2', 'dataset_produces_2', 'dataset_consumes_unknown_never_scheduled', 'dataset_consumes_1' retrieved from /home/airflow/.local/lib/python3.8/site-packages/airflow/example_dags/example_datasets.py
[2024-01-04T21:55:16.096+0000] {logging_mixin.py:188} INFO - [2024-01-04T21:55:16.096+0000] {dag.py:3033} INFO - Sync 6 DAGs
[2024-01-04T21:55:16.114+0000] {logging_mixin.py:188} INFO - [2024-01-04T21:55:16.113+0000] {dag.py:3820} INFO - Setting next_dagrun for dataset_consumes_1 to None, run_after=None
[2024-01-04T21:55:16.116+0000] {logging_mixin.py:188} INFO - [2024-01-04T21:55:16.116+0000] {dag.py:3820} INFO - Setting next_dagrun for dataset_consumes_1_and_2 to None, run_after=None
[2024-01-04T21:55:16.118+0000] {logging_mixin.py:188} INFO - [2024-01-04T21:55:16.118+0000] {dag.py:3820} INFO - Setting next_dagrun for dataset_consumes_1_never_scheduled to None, run_after=None
[2024-01-04T21:55:16.119+0000] {logging_mixin.py:188} INFO - [2024-01-04T21:55:16.119+0000] {dag.py:3820} INFO - Setting next_dagrun for dataset_consumes_unknown_never_scheduled to None, run_after=None
[2024-01-04T21:55:16.121+0000] {logging_mixin.py:188} INFO - [2024-01-04T21:55:16.121+0000] {dag.py:3820} INFO - Setting next_dagrun for dataset_produces_1 to 2024-01-03T00:00:00+00:00, run_after=2024-01-04T00:00:00+00:00
[2024-01-04T21:55:16.122+0000] {logging_mixin.py:188} INFO - [2024-01-04T21:55:16.122+0000] {dag.py:3820} INFO - Setting next_dagrun for dataset_produces_2 to None, run_after=None
[2024-01-04T21:55:16.152+0000] {processor.py:183} INFO - Processing /home/airflow/.local/lib/python3.8/site-packages/airflow/example_dags/example_datasets.py took 0.089 seconds
[2024-01-04T21:55:46.405+0000] {processor.py:161} INFO - Started process (PID=389) to work on /home/airflow/.local/lib/python3.8/site-packages/airflow/example_dags/example_datasets.py
[2024-01-04T21:55:46.406+0000] {processor.py:830} INFO - Processing file /home/airflow/.local/lib/python3.8/site-packages/airflow/example_dags/example_datasets.py for tasks to queue
[2024-01-04T21:55:46.407+0000] {logging_mixin.py:188} INFO - [2024-01-04T21:55:46.407+0000] {dagbag.py:538} INFO - Filling up the DagBag from /home/airflow/.local/lib/python3.8/site-packages/airflow/example_dags/example_datasets.py
[2024-01-04T21:55:46.414+0000] {processor.py:840} INFO - DAG(s) 'dataset_consumes_1_and_2', 'dataset_produces_2', 'dataset_consumes_1', 'dataset_produces_1', 'dataset_consumes_1_never_scheduled', 'dataset_consumes_unknown_never_scheduled' retrieved from /home/airflow/.local/lib/python3.8/site-packages/airflow/example_dags/example_datasets.py
[2024-01-04T21:55:46.439+0000] {logging_mixin.py:188} INFO - [2024-01-04T21:55:46.439+0000] {dag.py:3033} INFO - Sync 6 DAGs
[2024-01-04T21:55:46.455+0000] {logging_mixin.py:188} INFO - [2024-01-04T21:55:46.455+0000] {dag.py:3820} INFO - Setting next_dagrun for dataset_consumes_1 to None, run_after=None
[2024-01-04T21:55:46.459+0000] {logging_mixin.py:188} INFO - [2024-01-04T21:55:46.458+0000] {dag.py:3820} INFO - Setting next_dagrun for dataset_consumes_1_and_2 to None, run_after=None
[2024-01-04T21:55:46.460+0000] {logging_mixin.py:188} INFO - [2024-01-04T21:55:46.460+0000] {dag.py:3820} INFO - Setting next_dagrun for dataset_consumes_1_never_scheduled to None, run_after=None
[2024-01-04T21:55:46.461+0000] {logging_mixin.py:188} INFO - [2024-01-04T21:55:46.461+0000] {dag.py:3820} INFO - Setting next_dagrun for dataset_consumes_unknown_never_scheduled to None, run_after=None
[2024-01-04T21:55:46.463+0000] {logging_mixin.py:188} INFO - [2024-01-04T21:55:46.463+0000] {dag.py:3820} INFO - Setting next_dagrun for dataset_produces_1 to 2024-01-03T00:00:00+00:00, run_after=2024-01-04T00:00:00+00:00
[2024-01-04T21:55:46.465+0000] {logging_mixin.py:188} INFO - [2024-01-04T21:55:46.465+0000] {dag.py:3820} INFO - Setting next_dagrun for dataset_produces_2 to None, run_after=None
[2024-01-04T21:55:46.490+0000] {processor.py:183} INFO - Processing /home/airflow/.local/lib/python3.8/site-packages/airflow/example_dags/example_datasets.py took 0.087 seconds
[2024-01-04T21:56:16.731+0000] {processor.py:161} INFO - Started process (PID=445) to work on /home/airflow/.local/lib/python3.8/site-packages/airflow/example_dags/example_datasets.py
[2024-01-04T21:56:16.732+0000] {processor.py:830} INFO - Processing file /home/airflow/.local/lib/python3.8/site-packages/airflow/example_dags/example_datasets.py for tasks to queue
[2024-01-04T21:56:16.733+0000] {logging_mixin.py:188} INFO - [2024-01-04T21:56:16.733+0000] {dagbag.py:538} INFO - Filling up the DagBag from /home/airflow/.local/lib/python3.8/site-packages/airflow/example_dags/example_datasets.py
[2024-01-04T21:56:16.739+0000] {processor.py:840} INFO - DAG(s) 'dataset_consumes_1_never_scheduled', 'dataset_consumes_unknown_never_scheduled', 'dataset_consumes_1', 'dataset_consumes_1_and_2', 'dataset_produces_1', 'dataset_produces_2' retrieved from /home/airflow/.local/lib/python3.8/site-packages/airflow/example_dags/example_datasets.py
[2024-01-04T21:56:16.764+0000] {logging_mixin.py:188} INFO - [2024-01-04T21:56:16.764+0000] {dag.py:3033} INFO - Sync 6 DAGs
[2024-01-04T21:56:16.782+0000] {logging_mixin.py:188} INFO - [2024-01-04T21:56:16.782+0000] {dag.py:3820} INFO - Setting next_dagrun for dataset_consumes_1 to None, run_after=None
[2024-01-04T21:56:16.785+0000] {logging_mixin.py:188} INFO - [2024-01-04T21:56:16.784+0000] {dag.py:3820} INFO - Setting next_dagrun for dataset_consumes_1_and_2 to None, run_after=None
[2024-01-04T21:56:16.786+0000] {logging_mixin.py:188} INFO - [2024-01-04T21:56:16.785+0000] {dag.py:3820} INFO - Setting next_dagrun for dataset_consumes_1_never_scheduled to None, run_after=None
[2024-01-04T21:56:16.786+0000] {logging_mixin.py:188} INFO - [2024-01-04T21:56:16.786+0000] {dag.py:3820} INFO - Setting next_dagrun for dataset_consumes_unknown_never_scheduled to None, run_after=None
[2024-01-04T21:56:16.789+0000] {logging_mixin.py:188} INFO - [2024-01-04T21:56:16.789+0000] {dag.py:3820} INFO - Setting next_dagrun for dataset_produces_1 to 2024-01-03T00:00:00+00:00, run_after=2024-01-04T00:00:00+00:00
[2024-01-04T21:56:16.790+0000] {logging_mixin.py:188} INFO - [2024-01-04T21:56:16.790+0000] {dag.py:3820} INFO - Setting next_dagrun for dataset_produces_2 to None, run_after=None
[2024-01-04T21:56:16.811+0000] {processor.py:183} INFO - Processing /home/airflow/.local/lib/python3.8/site-packages/airflow/example_dags/example_datasets.py took 0.082 seconds
