[2024-01-04T21:52:45.310+0000] {processor.py:161} INFO - Started process (PID=79) to work on /home/airflow/.local/lib/python3.8/site-packages/airflow/example_dags/example_branch_operator.py
[2024-01-04T21:52:45.311+0000] {processor.py:830} INFO - Processing file /home/airflow/.local/lib/python3.8/site-packages/airflow/example_dags/example_branch_operator.py for tasks to queue
[2024-01-04T21:52:45.313+0000] {logging_mixin.py:188} INFO - [2024-01-04T21:52:45.313+0000] {dagbag.py:538} INFO - Filling up the DagBag from /home/airflow/.local/lib/python3.8/site-packages/airflow/example_dags/example_branch_operator.py
[2024-01-04T21:52:45.325+0000] {processor.py:840} INFO - DAG(s) 'example_branch_operator' retrieved from /home/airflow/.local/lib/python3.8/site-packages/airflow/example_dags/example_branch_operator.py
[2024-01-04T21:52:45.402+0000] {logging_mixin.py:188} INFO - [2024-01-04T21:52:45.402+0000] {dag.py:3033} INFO - Sync 1 DAGs
[2024-01-04T21:52:45.421+0000] {logging_mixin.py:188} INFO - [2024-01-04T21:52:45.421+0000] {dag.py:3820} INFO - Setting next_dagrun for example_branch_operator to 2024-01-03T00:00:00+00:00, run_after=2024-01-04T00:00:00+00:00
[2024-01-04T21:52:45.436+0000] {processor.py:183} INFO - Processing /home/airflow/.local/lib/python3.8/site-packages/airflow/example_dags/example_branch_operator.py took 0.129 seconds
[2024-01-04T21:53:15.923+0000] {processor.py:161} INFO - Started process (PID=133) to work on /home/airflow/.local/lib/python3.8/site-packages/airflow/example_dags/example_branch_operator.py
[2024-01-04T21:53:15.924+0000] {processor.py:830} INFO - Processing file /home/airflow/.local/lib/python3.8/site-packages/airflow/example_dags/example_branch_operator.py for tasks to queue
[2024-01-04T21:53:15.926+0000] {logging_mixin.py:188} INFO - [2024-01-04T21:53:15.926+0000] {dagbag.py:538} INFO - Filling up the DagBag from /home/airflow/.local/lib/python3.8/site-packages/airflow/example_dags/example_branch_operator.py
[2024-01-04T21:53:15.943+0000] {processor.py:840} INFO - DAG(s) 'example_branch_operator' retrieved from /home/airflow/.local/lib/python3.8/site-packages/airflow/example_dags/example_branch_operator.py
[2024-01-04T21:53:15.969+0000] {logging_mixin.py:188} INFO - [2024-01-04T21:53:15.969+0000] {dag.py:3033} INFO - Sync 1 DAGs
[2024-01-04T21:53:15.987+0000] {logging_mixin.py:188} INFO - [2024-01-04T21:53:15.987+0000] {dag.py:3820} INFO - Setting next_dagrun for example_branch_operator to 2024-01-03T00:00:00+00:00, run_after=2024-01-04T00:00:00+00:00
[2024-01-04T21:53:16.008+0000] {processor.py:183} INFO - Processing /home/airflow/.local/lib/python3.8/site-packages/airflow/example_dags/example_branch_operator.py took 0.088 seconds
[2024-01-04T21:53:46.158+0000] {processor.py:161} INFO - Started process (PID=188) to work on /home/airflow/.local/lib/python3.8/site-packages/airflow/example_dags/example_branch_operator.py
[2024-01-04T21:53:46.159+0000] {processor.py:830} INFO - Processing file /home/airflow/.local/lib/python3.8/site-packages/airflow/example_dags/example_branch_operator.py for tasks to queue
[2024-01-04T21:53:46.161+0000] {logging_mixin.py:188} INFO - [2024-01-04T21:53:46.161+0000] {dagbag.py:538} INFO - Filling up the DagBag from /home/airflow/.local/lib/python3.8/site-packages/airflow/example_dags/example_branch_operator.py
[2024-01-04T21:53:46.173+0000] {processor.py:840} INFO - DAG(s) 'example_branch_operator' retrieved from /home/airflow/.local/lib/python3.8/site-packages/airflow/example_dags/example_branch_operator.py
[2024-01-04T21:53:46.197+0000] {logging_mixin.py:188} INFO - [2024-01-04T21:53:46.197+0000] {dag.py:3033} INFO - Sync 1 DAGs
[2024-01-04T21:53:46.217+0000] {logging_mixin.py:188} INFO - [2024-01-04T21:53:46.216+0000] {dag.py:3820} INFO - Setting next_dagrun for example_branch_operator to 2024-01-03T00:00:00+00:00, run_after=2024-01-04T00:00:00+00:00
[2024-01-04T21:53:46.233+0000] {processor.py:183} INFO - Processing /home/airflow/.local/lib/python3.8/site-packages/airflow/example_dags/example_branch_operator.py took 0.077 seconds
[2024-01-04T21:54:16.517+0000] {processor.py:161} INFO - Started process (PID=243) to work on /home/airflow/.local/lib/python3.8/site-packages/airflow/example_dags/example_branch_operator.py
[2024-01-04T21:54:16.518+0000] {processor.py:830} INFO - Processing file /home/airflow/.local/lib/python3.8/site-packages/airflow/example_dags/example_branch_operator.py for tasks to queue
[2024-01-04T21:54:16.519+0000] {logging_mixin.py:188} INFO - [2024-01-04T21:54:16.519+0000] {dagbag.py:538} INFO - Filling up the DagBag from /home/airflow/.local/lib/python3.8/site-packages/airflow/example_dags/example_branch_operator.py
[2024-01-04T21:54:16.530+0000] {processor.py:840} INFO - DAG(s) 'example_branch_operator' retrieved from /home/airflow/.local/lib/python3.8/site-packages/airflow/example_dags/example_branch_operator.py
[2024-01-04T21:54:16.550+0000] {logging_mixin.py:188} INFO - [2024-01-04T21:54:16.549+0000] {dag.py:3033} INFO - Sync 1 DAGs
[2024-01-04T21:54:16.568+0000] {logging_mixin.py:188} INFO - [2024-01-04T21:54:16.568+0000] {dag.py:3820} INFO - Setting next_dagrun for example_branch_operator to 2024-01-03T00:00:00+00:00, run_after=2024-01-04T00:00:00+00:00
[2024-01-04T21:54:16.582+0000] {processor.py:183} INFO - Processing /home/airflow/.local/lib/python3.8/site-packages/airflow/example_dags/example_branch_operator.py took 0.067 seconds
[2024-01-04T21:54:46.680+0000] {processor.py:161} INFO - Started process (PID=299) to work on /home/airflow/.local/lib/python3.8/site-packages/airflow/example_dags/example_branch_operator.py
[2024-01-04T21:54:46.681+0000] {processor.py:830} INFO - Processing file /home/airflow/.local/lib/python3.8/site-packages/airflow/example_dags/example_branch_operator.py for tasks to queue
[2024-01-04T21:54:46.682+0000] {logging_mixin.py:188} INFO - [2024-01-04T21:54:46.682+0000] {dagbag.py:538} INFO - Filling up the DagBag from /home/airflow/.local/lib/python3.8/site-packages/airflow/example_dags/example_branch_operator.py
[2024-01-04T21:54:46.694+0000] {processor.py:840} INFO - DAG(s) 'example_branch_operator' retrieved from /home/airflow/.local/lib/python3.8/site-packages/airflow/example_dags/example_branch_operator.py
[2024-01-04T21:54:46.713+0000] {logging_mixin.py:188} INFO - [2024-01-04T21:54:46.713+0000] {dag.py:3033} INFO - Sync 1 DAGs
[2024-01-04T21:54:46.729+0000] {logging_mixin.py:188} INFO - [2024-01-04T21:54:46.729+0000] {dag.py:3820} INFO - Setting next_dagrun for example_branch_operator to 2024-01-03T00:00:00+00:00, run_after=2024-01-04T00:00:00+00:00
[2024-01-04T21:54:46.755+0000] {processor.py:183} INFO - Processing /home/airflow/.local/lib/python3.8/site-packages/airflow/example_dags/example_branch_operator.py took 0.076 seconds
[2024-01-04T21:55:17.191+0000] {processor.py:161} INFO - Started process (PID=354) to work on /home/airflow/.local/lib/python3.8/site-packages/airflow/example_dags/example_branch_operator.py
[2024-01-04T21:55:17.192+0000] {processor.py:830} INFO - Processing file /home/airflow/.local/lib/python3.8/site-packages/airflow/example_dags/example_branch_operator.py for tasks to queue
[2024-01-04T21:55:17.194+0000] {logging_mixin.py:188} INFO - [2024-01-04T21:55:17.193+0000] {dagbag.py:538} INFO - Filling up the DagBag from /home/airflow/.local/lib/python3.8/site-packages/airflow/example_dags/example_branch_operator.py
[2024-01-04T21:55:17.206+0000] {processor.py:840} INFO - DAG(s) 'example_branch_operator' retrieved from /home/airflow/.local/lib/python3.8/site-packages/airflow/example_dags/example_branch_operator.py
[2024-01-04T21:55:17.224+0000] {logging_mixin.py:188} INFO - [2024-01-04T21:55:17.223+0000] {dag.py:3033} INFO - Sync 1 DAGs
[2024-01-04T21:55:17.241+0000] {logging_mixin.py:188} INFO - [2024-01-04T21:55:17.241+0000] {dag.py:3820} INFO - Setting next_dagrun for example_branch_operator to 2024-01-03T00:00:00+00:00, run_after=2024-01-04T00:00:00+00:00
[2024-01-04T21:55:17.253+0000] {processor.py:183} INFO - Processing /home/airflow/.local/lib/python3.8/site-packages/airflow/example_dags/example_branch_operator.py took 0.064 seconds
[2024-01-04T21:55:47.274+0000] {processor.py:161} INFO - Started process (PID=409) to work on /home/airflow/.local/lib/python3.8/site-packages/airflow/example_dags/example_branch_operator.py
[2024-01-04T21:55:47.275+0000] {processor.py:830} INFO - Processing file /home/airflow/.local/lib/python3.8/site-packages/airflow/example_dags/example_branch_operator.py for tasks to queue
[2024-01-04T21:55:47.277+0000] {logging_mixin.py:188} INFO - [2024-01-04T21:55:47.277+0000] {dagbag.py:538} INFO - Filling up the DagBag from /home/airflow/.local/lib/python3.8/site-packages/airflow/example_dags/example_branch_operator.py
[2024-01-04T21:55:47.291+0000] {processor.py:840} INFO - DAG(s) 'example_branch_operator' retrieved from /home/airflow/.local/lib/python3.8/site-packages/airflow/example_dags/example_branch_operator.py
[2024-01-04T21:55:47.310+0000] {logging_mixin.py:188} INFO - [2024-01-04T21:55:47.310+0000] {dag.py:3033} INFO - Sync 1 DAGs
[2024-01-04T21:55:47.330+0000] {logging_mixin.py:188} INFO - [2024-01-04T21:55:47.329+0000] {dag.py:3820} INFO - Setting next_dagrun for example_branch_operator to 2024-01-03T00:00:00+00:00, run_after=2024-01-04T00:00:00+00:00
[2024-01-04T21:55:47.346+0000] {processor.py:183} INFO - Processing /home/airflow/.local/lib/python3.8/site-packages/airflow/example_dags/example_branch_operator.py took 0.074 seconds
