[2024-01-04T21:52:44.505+0000] {processor.py:161} INFO - Started process (PID=61) to work on /home/airflow/.local/lib/python3.8/site-packages/airflow/example_dags/example_task_group.py
[2024-01-04T21:52:44.507+0000] {processor.py:830} INFO - Processing file /home/airflow/.local/lib/python3.8/site-packages/airflow/example_dags/example_task_group.py for tasks to queue
[2024-01-04T21:52:44.509+0000] {logging_mixin.py:188} INFO - [2024-01-04T21:52:44.508+0000] {dagbag.py:538} INFO - Filling up the DagBag from /home/airflow/.local/lib/python3.8/site-packages/airflow/example_dags/example_task_group.py
[2024-01-04T21:52:44.515+0000] {processor.py:840} INFO - DAG(s) 'example_task_group' retrieved from /home/airflow/.local/lib/python3.8/site-packages/airflow/example_dags/example_task_group.py
[2024-01-04T21:52:44.547+0000] {logging_mixin.py:188} INFO - [2024-01-04T21:52:44.547+0000] {dag.py:3033} INFO - Sync 1 DAGs
[2024-01-04T21:52:44.576+0000] {logging_mixin.py:188} INFO - [2024-01-04T21:52:44.575+0000] {dag.py:3820} INFO - Setting next_dagrun for example_task_group to 2024-01-03T00:00:00+00:00, run_after=2024-01-04T00:00:00+00:00
[2024-01-04T21:52:44.593+0000] {processor.py:183} INFO - Processing /home/airflow/.local/lib/python3.8/site-packages/airflow/example_dags/example_task_group.py took 0.090 seconds
[2024-01-04T21:53:14.888+0000] {processor.py:161} INFO - Started process (PID=115) to work on /home/airflow/.local/lib/python3.8/site-packages/airflow/example_dags/example_task_group.py
[2024-01-04T21:53:14.889+0000] {processor.py:830} INFO - Processing file /home/airflow/.local/lib/python3.8/site-packages/airflow/example_dags/example_task_group.py for tasks to queue
[2024-01-04T21:53:14.891+0000] {logging_mixin.py:188} INFO - [2024-01-04T21:53:14.890+0000] {dagbag.py:538} INFO - Filling up the DagBag from /home/airflow/.local/lib/python3.8/site-packages/airflow/example_dags/example_task_group.py
[2024-01-04T21:53:14.895+0000] {processor.py:840} INFO - DAG(s) 'example_task_group' retrieved from /home/airflow/.local/lib/python3.8/site-packages/airflow/example_dags/example_task_group.py
[2024-01-04T21:53:14.910+0000] {logging_mixin.py:188} INFO - [2024-01-04T21:53:14.909+0000] {dag.py:3033} INFO - Sync 1 DAGs
[2024-01-04T21:53:14.929+0000] {logging_mixin.py:188} INFO - [2024-01-04T21:53:14.929+0000] {dag.py:3820} INFO - Setting next_dagrun for example_task_group to 2024-01-03T00:00:00+00:00, run_after=2024-01-04T00:00:00+00:00
[2024-01-04T21:53:14.952+0000] {processor.py:183} INFO - Processing /home/airflow/.local/lib/python3.8/site-packages/airflow/example_dags/example_task_group.py took 0.066 seconds
[2024-01-04T21:53:45.210+0000] {processor.py:161} INFO - Started process (PID=170) to work on /home/airflow/.local/lib/python3.8/site-packages/airflow/example_dags/example_task_group.py
[2024-01-04T21:53:45.211+0000] {processor.py:830} INFO - Processing file /home/airflow/.local/lib/python3.8/site-packages/airflow/example_dags/example_task_group.py for tasks to queue
[2024-01-04T21:53:45.212+0000] {logging_mixin.py:188} INFO - [2024-01-04T21:53:45.212+0000] {dagbag.py:538} INFO - Filling up the DagBag from /home/airflow/.local/lib/python3.8/site-packages/airflow/example_dags/example_task_group.py
[2024-01-04T21:53:45.217+0000] {processor.py:840} INFO - DAG(s) 'example_task_group' retrieved from /home/airflow/.local/lib/python3.8/site-packages/airflow/example_dags/example_task_group.py
[2024-01-04T21:53:45.235+0000] {logging_mixin.py:188} INFO - [2024-01-04T21:53:45.235+0000] {dag.py:3033} INFO - Sync 1 DAGs
[2024-01-04T21:53:45.251+0000] {logging_mixin.py:188} INFO - [2024-01-04T21:53:45.250+0000] {dag.py:3820} INFO - Setting next_dagrun for example_task_group to 2024-01-03T00:00:00+00:00, run_after=2024-01-04T00:00:00+00:00
[2024-01-04T21:53:45.264+0000] {processor.py:183} INFO - Processing /home/airflow/.local/lib/python3.8/site-packages/airflow/example_dags/example_task_group.py took 0.056 seconds
[2024-01-04T21:54:15.682+0000] {processor.py:161} INFO - Started process (PID=225) to work on /home/airflow/.local/lib/python3.8/site-packages/airflow/example_dags/example_task_group.py
[2024-01-04T21:54:15.683+0000] {processor.py:830} INFO - Processing file /home/airflow/.local/lib/python3.8/site-packages/airflow/example_dags/example_task_group.py for tasks to queue
[2024-01-04T21:54:15.685+0000] {logging_mixin.py:188} INFO - [2024-01-04T21:54:15.685+0000] {dagbag.py:538} INFO - Filling up the DagBag from /home/airflow/.local/lib/python3.8/site-packages/airflow/example_dags/example_task_group.py
[2024-01-04T21:54:15.690+0000] {processor.py:840} INFO - DAG(s) 'example_task_group' retrieved from /home/airflow/.local/lib/python3.8/site-packages/airflow/example_dags/example_task_group.py
[2024-01-04T21:54:15.706+0000] {logging_mixin.py:188} INFO - [2024-01-04T21:54:15.706+0000] {dag.py:3033} INFO - Sync 1 DAGs
[2024-01-04T21:54:15.724+0000] {logging_mixin.py:188} INFO - [2024-01-04T21:54:15.724+0000] {dag.py:3820} INFO - Setting next_dagrun for example_task_group to 2024-01-03T00:00:00+00:00, run_after=2024-01-04T00:00:00+00:00
[2024-01-04T21:54:15.749+0000] {processor.py:183} INFO - Processing /home/airflow/.local/lib/python3.8/site-packages/airflow/example_dags/example_task_group.py took 0.069 seconds
[2024-01-04T21:54:45.964+0000] {processor.py:161} INFO - Started process (PID=281) to work on /home/airflow/.local/lib/python3.8/site-packages/airflow/example_dags/example_task_group.py
[2024-01-04T21:54:45.966+0000] {processor.py:830} INFO - Processing file /home/airflow/.local/lib/python3.8/site-packages/airflow/example_dags/example_task_group.py for tasks to queue
[2024-01-04T21:54:45.967+0000] {logging_mixin.py:188} INFO - [2024-01-04T21:54:45.967+0000] {dagbag.py:538} INFO - Filling up the DagBag from /home/airflow/.local/lib/python3.8/site-packages/airflow/example_dags/example_task_group.py
[2024-01-04T21:54:45.972+0000] {processor.py:840} INFO - DAG(s) 'example_task_group' retrieved from /home/airflow/.local/lib/python3.8/site-packages/airflow/example_dags/example_task_group.py
[2024-01-04T21:54:45.988+0000] {logging_mixin.py:188} INFO - [2024-01-04T21:54:45.988+0000] {dag.py:3033} INFO - Sync 1 DAGs
[2024-01-04T21:54:46.006+0000] {logging_mixin.py:188} INFO - [2024-01-04T21:54:46.006+0000] {dag.py:3820} INFO - Setting next_dagrun for example_task_group to 2024-01-03T00:00:00+00:00, run_after=2024-01-04T00:00:00+00:00
[2024-01-04T21:54:46.021+0000] {processor.py:183} INFO - Processing /home/airflow/.local/lib/python3.8/site-packages/airflow/example_dags/example_task_group.py took 0.059 seconds
[2024-01-04T21:55:16.173+0000] {processor.py:161} INFO - Started process (PID=336) to work on /home/airflow/.local/lib/python3.8/site-packages/airflow/example_dags/example_task_group.py
[2024-01-04T21:55:16.174+0000] {processor.py:830} INFO - Processing file /home/airflow/.local/lib/python3.8/site-packages/airflow/example_dags/example_task_group.py for tasks to queue
[2024-01-04T21:55:16.175+0000] {logging_mixin.py:188} INFO - [2024-01-04T21:55:16.175+0000] {dagbag.py:538} INFO - Filling up the DagBag from /home/airflow/.local/lib/python3.8/site-packages/airflow/example_dags/example_task_group.py
[2024-01-04T21:55:16.180+0000] {processor.py:840} INFO - DAG(s) 'example_task_group' retrieved from /home/airflow/.local/lib/python3.8/site-packages/airflow/example_dags/example_task_group.py
[2024-01-04T21:55:16.195+0000] {logging_mixin.py:188} INFO - [2024-01-04T21:55:16.195+0000] {dag.py:3033} INFO - Sync 1 DAGs
[2024-01-04T21:55:16.211+0000] {logging_mixin.py:188} INFO - [2024-01-04T21:55:16.210+0000] {dag.py:3820} INFO - Setting next_dagrun for example_task_group to 2024-01-03T00:00:00+00:00, run_after=2024-01-04T00:00:00+00:00
[2024-01-04T21:55:16.232+0000] {processor.py:183} INFO - Processing /home/airflow/.local/lib/python3.8/site-packages/airflow/example_dags/example_task_group.py took 0.061 seconds
[2024-01-04T21:55:46.486+0000] {processor.py:161} INFO - Started process (PID=391) to work on /home/airflow/.local/lib/python3.8/site-packages/airflow/example_dags/example_task_group.py
[2024-01-04T21:55:46.487+0000] {processor.py:830} INFO - Processing file /home/airflow/.local/lib/python3.8/site-packages/airflow/example_dags/example_task_group.py for tasks to queue
[2024-01-04T21:55:46.490+0000] {logging_mixin.py:188} INFO - [2024-01-04T21:55:46.490+0000] {dagbag.py:538} INFO - Filling up the DagBag from /home/airflow/.local/lib/python3.8/site-packages/airflow/example_dags/example_task_group.py
[2024-01-04T21:55:46.496+0000] {processor.py:840} INFO - DAG(s) 'example_task_group' retrieved from /home/airflow/.local/lib/python3.8/site-packages/airflow/example_dags/example_task_group.py
[2024-01-04T21:55:46.511+0000] {logging_mixin.py:188} INFO - [2024-01-04T21:55:46.511+0000] {dag.py:3033} INFO - Sync 1 DAGs
[2024-01-04T21:55:46.527+0000] {logging_mixin.py:188} INFO - [2024-01-04T21:55:46.527+0000] {dag.py:3820} INFO - Setting next_dagrun for example_task_group to 2024-01-03T00:00:00+00:00, run_after=2024-01-04T00:00:00+00:00
[2024-01-04T21:55:46.541+0000] {processor.py:183} INFO - Processing /home/airflow/.local/lib/python3.8/site-packages/airflow/example_dags/example_task_group.py took 0.058 seconds
[2024-01-04T21:56:16.734+0000] {processor.py:161} INFO - Started process (PID=446) to work on /home/airflow/.local/lib/python3.8/site-packages/airflow/example_dags/example_task_group.py
[2024-01-04T21:56:16.735+0000] {processor.py:830} INFO - Processing file /home/airflow/.local/lib/python3.8/site-packages/airflow/example_dags/example_task_group.py for tasks to queue
[2024-01-04T21:56:16.737+0000] {logging_mixin.py:188} INFO - [2024-01-04T21:56:16.736+0000] {dagbag.py:538} INFO - Filling up the DagBag from /home/airflow/.local/lib/python3.8/site-packages/airflow/example_dags/example_task_group.py
[2024-01-04T21:56:16.741+0000] {processor.py:840} INFO - DAG(s) 'example_task_group' retrieved from /home/airflow/.local/lib/python3.8/site-packages/airflow/example_dags/example_task_group.py
[2024-01-04T21:56:16.755+0000] {logging_mixin.py:188} INFO - [2024-01-04T21:56:16.755+0000] {dag.py:3033} INFO - Sync 1 DAGs
[2024-01-04T21:56:16.772+0000] {logging_mixin.py:188} INFO - [2024-01-04T21:56:16.772+0000] {dag.py:3820} INFO - Setting next_dagrun for example_task_group to 2024-01-03T00:00:00+00:00, run_after=2024-01-04T00:00:00+00:00
[2024-01-04T21:56:16.795+0000] {processor.py:183} INFO - Processing /home/airflow/.local/lib/python3.8/site-packages/airflow/example_dags/example_task_group.py took 0.062 seconds
