[2024-01-04T21:52:45.087+0000] {processor.py:161} INFO - Started process (PID=74) to work on /home/airflow/.local/lib/python3.8/site-packages/airflow/example_dags/example_trigger_target_dag.py
[2024-01-04T21:52:45.088+0000] {processor.py:830} INFO - Processing file /home/airflow/.local/lib/python3.8/site-packages/airflow/example_dags/example_trigger_target_dag.py for tasks to queue
[2024-01-04T21:52:45.090+0000] {logging_mixin.py:188} INFO - [2024-01-04T21:52:45.090+0000] {dagbag.py:538} INFO - Filling up the DagBag from /home/airflow/.local/lib/python3.8/site-packages/airflow/example_dags/example_trigger_target_dag.py
[2024-01-04T21:52:45.096+0000] {processor.py:840} INFO - DAG(s) 'example_trigger_target_dag' retrieved from /home/airflow/.local/lib/python3.8/site-packages/airflow/example_dags/example_trigger_target_dag.py
[2024-01-04T21:52:45.111+0000] {logging_mixin.py:188} INFO - [2024-01-04T21:52:45.111+0000] {dag.py:3033} INFO - Sync 1 DAGs
[2024-01-04T21:52:45.124+0000] {logging_mixin.py:188} INFO - [2024-01-04T21:52:45.123+0000] {dag.py:3820} INFO - Setting next_dagrun for example_trigger_target_dag to None, run_after=None
[2024-01-04T21:52:45.138+0000] {processor.py:183} INFO - Processing /home/airflow/.local/lib/python3.8/site-packages/airflow/example_dags/example_trigger_target_dag.py took 0.054 seconds
[2024-01-04T21:53:15.603+0000] {processor.py:161} INFO - Started process (PID=128) to work on /home/airflow/.local/lib/python3.8/site-packages/airflow/example_dags/example_trigger_target_dag.py
[2024-01-04T21:53:15.604+0000] {processor.py:830} INFO - Processing file /home/airflow/.local/lib/python3.8/site-packages/airflow/example_dags/example_trigger_target_dag.py for tasks to queue
[2024-01-04T21:53:15.606+0000] {logging_mixin.py:188} INFO - [2024-01-04T21:53:15.606+0000] {dagbag.py:538} INFO - Filling up the DagBag from /home/airflow/.local/lib/python3.8/site-packages/airflow/example_dags/example_trigger_target_dag.py
[2024-01-04T21:53:15.610+0000] {processor.py:840} INFO - DAG(s) 'example_trigger_target_dag' retrieved from /home/airflow/.local/lib/python3.8/site-packages/airflow/example_dags/example_trigger_target_dag.py
[2024-01-04T21:53:15.628+0000] {logging_mixin.py:188} INFO - [2024-01-04T21:53:15.628+0000] {dag.py:3033} INFO - Sync 1 DAGs
[2024-01-04T21:53:15.640+0000] {logging_mixin.py:188} INFO - [2024-01-04T21:53:15.640+0000] {dag.py:3820} INFO - Setting next_dagrun for example_trigger_target_dag to None, run_after=None
[2024-01-04T21:53:15.658+0000] {processor.py:183} INFO - Processing /home/airflow/.local/lib/python3.8/site-packages/airflow/example_dags/example_trigger_target_dag.py took 0.058 seconds
[2024-01-04T21:53:45.690+0000] {processor.py:161} INFO - Started process (PID=182) to work on /home/airflow/.local/lib/python3.8/site-packages/airflow/example_dags/example_trigger_target_dag.py
[2024-01-04T21:53:45.691+0000] {processor.py:830} INFO - Processing file /home/airflow/.local/lib/python3.8/site-packages/airflow/example_dags/example_trigger_target_dag.py for tasks to queue
[2024-01-04T21:53:45.692+0000] {logging_mixin.py:188} INFO - [2024-01-04T21:53:45.692+0000] {dagbag.py:538} INFO - Filling up the DagBag from /home/airflow/.local/lib/python3.8/site-packages/airflow/example_dags/example_trigger_target_dag.py
[2024-01-04T21:53:45.696+0000] {processor.py:840} INFO - DAG(s) 'example_trigger_target_dag' retrieved from /home/airflow/.local/lib/python3.8/site-packages/airflow/example_dags/example_trigger_target_dag.py
[2024-01-04T21:53:45.708+0000] {logging_mixin.py:188} INFO - [2024-01-04T21:53:45.708+0000] {dag.py:3033} INFO - Sync 1 DAGs
[2024-01-04T21:53:45.716+0000] {logging_mixin.py:188} INFO - [2024-01-04T21:53:45.716+0000] {dag.py:3820} INFO - Setting next_dagrun for example_trigger_target_dag to None, run_after=None
[2024-01-04T21:53:45.738+0000] {processor.py:183} INFO - Processing /home/airflow/.local/lib/python3.8/site-packages/airflow/example_dags/example_trigger_target_dag.py took 0.051 seconds
[2024-01-04T21:54:16.228+0000] {processor.py:161} INFO - Started process (PID=237) to work on /home/airflow/.local/lib/python3.8/site-packages/airflow/example_dags/example_trigger_target_dag.py
[2024-01-04T21:54:16.229+0000] {processor.py:830} INFO - Processing file /home/airflow/.local/lib/python3.8/site-packages/airflow/example_dags/example_trigger_target_dag.py for tasks to queue
[2024-01-04T21:54:16.231+0000] {logging_mixin.py:188} INFO - [2024-01-04T21:54:16.231+0000] {dagbag.py:538} INFO - Filling up the DagBag from /home/airflow/.local/lib/python3.8/site-packages/airflow/example_dags/example_trigger_target_dag.py
[2024-01-04T21:54:16.235+0000] {processor.py:840} INFO - DAG(s) 'example_trigger_target_dag' retrieved from /home/airflow/.local/lib/python3.8/site-packages/airflow/example_dags/example_trigger_target_dag.py
[2024-01-04T21:54:16.250+0000] {logging_mixin.py:188} INFO - [2024-01-04T21:54:16.249+0000] {dag.py:3033} INFO - Sync 1 DAGs
[2024-01-04T21:54:16.259+0000] {logging_mixin.py:188} INFO - [2024-01-04T21:54:16.259+0000] {dag.py:3820} INFO - Setting next_dagrun for example_trigger_target_dag to None, run_after=None
[2024-01-04T21:54:16.273+0000] {processor.py:183} INFO - Processing /home/airflow/.local/lib/python3.8/site-packages/airflow/example_dags/example_trigger_target_dag.py took 0.047 seconds
[2024-01-04T21:54:46.389+0000] {processor.py:161} INFO - Started process (PID=293) to work on /home/airflow/.local/lib/python3.8/site-packages/airflow/example_dags/example_trigger_target_dag.py
[2024-01-04T21:54:46.390+0000] {processor.py:830} INFO - Processing file /home/airflow/.local/lib/python3.8/site-packages/airflow/example_dags/example_trigger_target_dag.py for tasks to queue
[2024-01-04T21:54:46.392+0000] {logging_mixin.py:188} INFO - [2024-01-04T21:54:46.392+0000] {dagbag.py:538} INFO - Filling up the DagBag from /home/airflow/.local/lib/python3.8/site-packages/airflow/example_dags/example_trigger_target_dag.py
[2024-01-04T21:54:46.395+0000] {processor.py:840} INFO - DAG(s) 'example_trigger_target_dag' retrieved from /home/airflow/.local/lib/python3.8/site-packages/airflow/example_dags/example_trigger_target_dag.py
[2024-01-04T21:54:46.409+0000] {logging_mixin.py:188} INFO - [2024-01-04T21:54:46.409+0000] {dag.py:3033} INFO - Sync 1 DAGs
[2024-01-04T21:54:46.419+0000] {logging_mixin.py:188} INFO - [2024-01-04T21:54:46.419+0000] {dag.py:3820} INFO - Setting next_dagrun for example_trigger_target_dag to None, run_after=None
[2024-01-04T21:54:46.432+0000] {processor.py:183} INFO - Processing /home/airflow/.local/lib/python3.8/site-packages/airflow/example_dags/example_trigger_target_dag.py took 0.045 seconds
[2024-01-04T21:55:16.876+0000] {processor.py:161} INFO - Started process (PID=349) to work on /home/airflow/.local/lib/python3.8/site-packages/airflow/example_dags/example_trigger_target_dag.py
[2024-01-04T21:55:16.877+0000] {processor.py:830} INFO - Processing file /home/airflow/.local/lib/python3.8/site-packages/airflow/example_dags/example_trigger_target_dag.py for tasks to queue
[2024-01-04T21:55:16.880+0000] {logging_mixin.py:188} INFO - [2024-01-04T21:55:16.879+0000] {dagbag.py:538} INFO - Filling up the DagBag from /home/airflow/.local/lib/python3.8/site-packages/airflow/example_dags/example_trigger_target_dag.py
[2024-01-04T21:55:16.884+0000] {processor.py:840} INFO - DAG(s) 'example_trigger_target_dag' retrieved from /home/airflow/.local/lib/python3.8/site-packages/airflow/example_dags/example_trigger_target_dag.py
[2024-01-04T21:55:16.899+0000] {logging_mixin.py:188} INFO - [2024-01-04T21:55:16.899+0000] {dag.py:3033} INFO - Sync 1 DAGs
[2024-01-04T21:55:16.908+0000] {logging_mixin.py:188} INFO - [2024-01-04T21:55:16.907+0000] {dag.py:3820} INFO - Setting next_dagrun for example_trigger_target_dag to None, run_after=None
[2024-01-04T21:55:16.930+0000] {processor.py:183} INFO - Processing /home/airflow/.local/lib/python3.8/site-packages/airflow/example_dags/example_trigger_target_dag.py took 0.057 seconds
[2024-01-04T21:55:47.115+0000] {processor.py:161} INFO - Started process (PID=404) to work on /home/airflow/.local/lib/python3.8/site-packages/airflow/example_dags/example_trigger_target_dag.py
[2024-01-04T21:55:47.117+0000] {processor.py:830} INFO - Processing file /home/airflow/.local/lib/python3.8/site-packages/airflow/example_dags/example_trigger_target_dag.py for tasks to queue
[2024-01-04T21:55:47.119+0000] {logging_mixin.py:188} INFO - [2024-01-04T21:55:47.119+0000] {dagbag.py:538} INFO - Filling up the DagBag from /home/airflow/.local/lib/python3.8/site-packages/airflow/example_dags/example_trigger_target_dag.py
[2024-01-04T21:55:47.122+0000] {processor.py:840} INFO - DAG(s) 'example_trigger_target_dag' retrieved from /home/airflow/.local/lib/python3.8/site-packages/airflow/example_dags/example_trigger_target_dag.py
[2024-01-04T21:55:47.138+0000] {logging_mixin.py:188} INFO - [2024-01-04T21:55:47.138+0000] {dag.py:3033} INFO - Sync 1 DAGs
[2024-01-04T21:55:47.147+0000] {logging_mixin.py:188} INFO - [2024-01-04T21:55:47.147+0000] {dag.py:3820} INFO - Setting next_dagrun for example_trigger_target_dag to None, run_after=None
[2024-01-04T21:55:47.162+0000] {processor.py:183} INFO - Processing /home/airflow/.local/lib/python3.8/site-packages/airflow/example_dags/example_trigger_target_dag.py took 0.050 seconds
[2024-01-04T21:56:17.274+0000] {processor.py:161} INFO - Started process (PID=459) to work on /home/airflow/.local/lib/python3.8/site-packages/airflow/example_dags/example_trigger_target_dag.py
[2024-01-04T21:56:17.275+0000] {processor.py:830} INFO - Processing file /home/airflow/.local/lib/python3.8/site-packages/airflow/example_dags/example_trigger_target_dag.py for tasks to queue
[2024-01-04T21:56:17.277+0000] {logging_mixin.py:188} INFO - [2024-01-04T21:56:17.276+0000] {dagbag.py:538} INFO - Filling up the DagBag from /home/airflow/.local/lib/python3.8/site-packages/airflow/example_dags/example_trigger_target_dag.py
[2024-01-04T21:56:17.280+0000] {processor.py:840} INFO - DAG(s) 'example_trigger_target_dag' retrieved from /home/airflow/.local/lib/python3.8/site-packages/airflow/example_dags/example_trigger_target_dag.py
[2024-01-04T21:56:17.295+0000] {logging_mixin.py:188} INFO - [2024-01-04T21:56:17.294+0000] {dag.py:3033} INFO - Sync 1 DAGs
[2024-01-04T21:56:17.304+0000] {logging_mixin.py:188} INFO - [2024-01-04T21:56:17.304+0000] {dag.py:3820} INFO - Setting next_dagrun for example_trigger_target_dag to None, run_after=None
[2024-01-04T21:56:17.328+0000] {processor.py:183} INFO - Processing /home/airflow/.local/lib/python3.8/site-packages/airflow/example_dags/example_trigger_target_dag.py took 0.056 seconds
