[2024-01-04T21:52:44.796+0000] {processor.py:161} INFO - Started process (PID=68) to work on /home/airflow/.local/lib/python3.8/site-packages/airflow/example_dags/example_short_circuit_operator.py
[2024-01-04T21:52:44.797+0000] {processor.py:830} INFO - Processing file /home/airflow/.local/lib/python3.8/site-packages/airflow/example_dags/example_short_circuit_operator.py for tasks to queue
[2024-01-04T21:52:44.799+0000] {logging_mixin.py:188} INFO - [2024-01-04T21:52:44.799+0000] {dagbag.py:538} INFO - Filling up the DagBag from /home/airflow/.local/lib/python3.8/site-packages/airflow/example_dags/example_short_circuit_operator.py
[2024-01-04T21:52:44.805+0000] {processor.py:840} INFO - DAG(s) 'example_short_circuit_operator' retrieved from /home/airflow/.local/lib/python3.8/site-packages/airflow/example_dags/example_short_circuit_operator.py
[2024-01-04T21:52:44.821+0000] {logging_mixin.py:188} INFO - [2024-01-04T21:52:44.821+0000] {dag.py:3033} INFO - Sync 1 DAGs
[2024-01-04T21:52:44.838+0000] {logging_mixin.py:188} INFO - [2024-01-04T21:52:44.838+0000] {dag.py:3820} INFO - Setting next_dagrun for example_short_circuit_operator to 2024-01-03T00:00:00+00:00, run_after=2024-01-04T00:00:00+00:00
[2024-01-04T21:52:44.863+0000] {processor.py:183} INFO - Processing /home/airflow/.local/lib/python3.8/site-packages/airflow/example_dags/example_short_circuit_operator.py took 0.069 seconds
[2024-01-04T21:53:15.331+0000] {processor.py:161} INFO - Started process (PID=122) to work on /home/airflow/.local/lib/python3.8/site-packages/airflow/example_dags/example_short_circuit_operator.py
[2024-01-04T21:53:15.332+0000] {processor.py:830} INFO - Processing file /home/airflow/.local/lib/python3.8/site-packages/airflow/example_dags/example_short_circuit_operator.py for tasks to queue
[2024-01-04T21:53:15.334+0000] {logging_mixin.py:188} INFO - [2024-01-04T21:53:15.334+0000] {dagbag.py:538} INFO - Filling up the DagBag from /home/airflow/.local/lib/python3.8/site-packages/airflow/example_dags/example_short_circuit_operator.py
[2024-01-04T21:53:15.339+0000] {processor.py:840} INFO - DAG(s) 'example_short_circuit_operator' retrieved from /home/airflow/.local/lib/python3.8/site-packages/airflow/example_dags/example_short_circuit_operator.py
[2024-01-04T21:53:15.357+0000] {logging_mixin.py:188} INFO - [2024-01-04T21:53:15.357+0000] {dag.py:3033} INFO - Sync 1 DAGs
[2024-01-04T21:53:15.378+0000] {logging_mixin.py:188} INFO - [2024-01-04T21:53:15.378+0000] {dag.py:3820} INFO - Setting next_dagrun for example_short_circuit_operator to 2024-01-03T00:00:00+00:00, run_after=2024-01-04T00:00:00+00:00
[2024-01-04T21:53:15.393+0000] {processor.py:183} INFO - Processing /home/airflow/.local/lib/python3.8/site-packages/airflow/example_dags/example_short_circuit_operator.py took 0.065 seconds
[2024-01-04T21:53:45.505+0000] {processor.py:161} INFO - Started process (PID=177) to work on /home/airflow/.local/lib/python3.8/site-packages/airflow/example_dags/example_short_circuit_operator.py
[2024-01-04T21:53:45.506+0000] {processor.py:830} INFO - Processing file /home/airflow/.local/lib/python3.8/site-packages/airflow/example_dags/example_short_circuit_operator.py for tasks to queue
[2024-01-04T21:53:45.508+0000] {logging_mixin.py:188} INFO - [2024-01-04T21:53:45.508+0000] {dagbag.py:538} INFO - Filling up the DagBag from /home/airflow/.local/lib/python3.8/site-packages/airflow/example_dags/example_short_circuit_operator.py
[2024-01-04T21:53:45.514+0000] {processor.py:840} INFO - DAG(s) 'example_short_circuit_operator' retrieved from /home/airflow/.local/lib/python3.8/site-packages/airflow/example_dags/example_short_circuit_operator.py
[2024-01-04T21:53:45.531+0000] {logging_mixin.py:188} INFO - [2024-01-04T21:53:45.531+0000] {dag.py:3033} INFO - Sync 1 DAGs
[2024-01-04T21:53:45.548+0000] {logging_mixin.py:188} INFO - [2024-01-04T21:53:45.548+0000] {dag.py:3820} INFO - Setting next_dagrun for example_short_circuit_operator to 2024-01-03T00:00:00+00:00, run_after=2024-01-04T00:00:00+00:00
[2024-01-04T21:53:45.560+0000] {processor.py:183} INFO - Processing /home/airflow/.local/lib/python3.8/site-packages/airflow/example_dags/example_short_circuit_operator.py took 0.058 seconds
[2024-01-04T21:54:15.974+0000] {processor.py:161} INFO - Started process (PID=232) to work on /home/airflow/.local/lib/python3.8/site-packages/airflow/example_dags/example_short_circuit_operator.py
[2024-01-04T21:54:15.976+0000] {processor.py:830} INFO - Processing file /home/airflow/.local/lib/python3.8/site-packages/airflow/example_dags/example_short_circuit_operator.py for tasks to queue
[2024-01-04T21:54:15.977+0000] {logging_mixin.py:188} INFO - [2024-01-04T21:54:15.977+0000] {dagbag.py:538} INFO - Filling up the DagBag from /home/airflow/.local/lib/python3.8/site-packages/airflow/example_dags/example_short_circuit_operator.py
[2024-01-04T21:54:15.983+0000] {processor.py:840} INFO - DAG(s) 'example_short_circuit_operator' retrieved from /home/airflow/.local/lib/python3.8/site-packages/airflow/example_dags/example_short_circuit_operator.py
[2024-01-04T21:54:16.002+0000] {logging_mixin.py:188} INFO - [2024-01-04T21:54:16.002+0000] {dag.py:3033} INFO - Sync 1 DAGs
[2024-01-04T21:54:16.018+0000] {logging_mixin.py:188} INFO - [2024-01-04T21:54:16.018+0000] {dag.py:3820} INFO - Setting next_dagrun for example_short_circuit_operator to 2024-01-03T00:00:00+00:00, run_after=2024-01-04T00:00:00+00:00
[2024-01-04T21:54:16.041+0000] {processor.py:183} INFO - Processing /home/airflow/.local/lib/python3.8/site-packages/airflow/example_dags/example_short_circuit_operator.py took 0.069 seconds
[2024-01-04T21:54:46.209+0000] {processor.py:161} INFO - Started process (PID=288) to work on /home/airflow/.local/lib/python3.8/site-packages/airflow/example_dags/example_short_circuit_operator.py
[2024-01-04T21:54:46.210+0000] {processor.py:830} INFO - Processing file /home/airflow/.local/lib/python3.8/site-packages/airflow/example_dags/example_short_circuit_operator.py for tasks to queue
[2024-01-04T21:54:46.212+0000] {logging_mixin.py:188} INFO - [2024-01-04T21:54:46.211+0000] {dagbag.py:538} INFO - Filling up the DagBag from /home/airflow/.local/lib/python3.8/site-packages/airflow/example_dags/example_short_circuit_operator.py
[2024-01-04T21:54:46.216+0000] {processor.py:840} INFO - DAG(s) 'example_short_circuit_operator' retrieved from /home/airflow/.local/lib/python3.8/site-packages/airflow/example_dags/example_short_circuit_operator.py
[2024-01-04T21:54:46.231+0000] {logging_mixin.py:188} INFO - [2024-01-04T21:54:46.230+0000] {dag.py:3033} INFO - Sync 1 DAGs
[2024-01-04T21:54:46.246+0000] {logging_mixin.py:188} INFO - [2024-01-04T21:54:46.245+0000] {dag.py:3820} INFO - Setting next_dagrun for example_short_circuit_operator to 2024-01-03T00:00:00+00:00, run_after=2024-01-04T00:00:00+00:00
[2024-01-04T21:54:46.259+0000] {processor.py:183} INFO - Processing /home/airflow/.local/lib/python3.8/site-packages/airflow/example_dags/example_short_circuit_operator.py took 0.051 seconds
[2024-01-04T21:55:16.539+0000] {processor.py:161} INFO - Started process (PID=343) to work on /home/airflow/.local/lib/python3.8/site-packages/airflow/example_dags/example_short_circuit_operator.py
[2024-01-04T21:55:16.540+0000] {processor.py:830} INFO - Processing file /home/airflow/.local/lib/python3.8/site-packages/airflow/example_dags/example_short_circuit_operator.py for tasks to queue
[2024-01-04T21:55:16.541+0000] {logging_mixin.py:188} INFO - [2024-01-04T21:55:16.541+0000] {dagbag.py:538} INFO - Filling up the DagBag from /home/airflow/.local/lib/python3.8/site-packages/airflow/example_dags/example_short_circuit_operator.py
[2024-01-04T21:55:16.546+0000] {processor.py:840} INFO - DAG(s) 'example_short_circuit_operator' retrieved from /home/airflow/.local/lib/python3.8/site-packages/airflow/example_dags/example_short_circuit_operator.py
[2024-01-04T21:55:16.562+0000] {logging_mixin.py:188} INFO - [2024-01-04T21:55:16.562+0000] {dag.py:3033} INFO - Sync 1 DAGs
[2024-01-04T21:55:16.577+0000] {logging_mixin.py:188} INFO - [2024-01-04T21:55:16.577+0000] {dag.py:3820} INFO - Setting next_dagrun for example_short_circuit_operator to 2024-01-03T00:00:00+00:00, run_after=2024-01-04T00:00:00+00:00
[2024-01-04T21:55:16.602+0000] {processor.py:183} INFO - Processing /home/airflow/.local/lib/python3.8/site-packages/airflow/example_dags/example_short_circuit_operator.py took 0.065 seconds
[2024-01-04T21:55:46.787+0000] {processor.py:161} INFO - Started process (PID=398) to work on /home/airflow/.local/lib/python3.8/site-packages/airflow/example_dags/example_short_circuit_operator.py
[2024-01-04T21:55:46.788+0000] {processor.py:830} INFO - Processing file /home/airflow/.local/lib/python3.8/site-packages/airflow/example_dags/example_short_circuit_operator.py for tasks to queue
[2024-01-04T21:55:46.790+0000] {logging_mixin.py:188} INFO - [2024-01-04T21:55:46.789+0000] {dagbag.py:538} INFO - Filling up the DagBag from /home/airflow/.local/lib/python3.8/site-packages/airflow/example_dags/example_short_circuit_operator.py
[2024-01-04T21:55:46.795+0000] {processor.py:840} INFO - DAG(s) 'example_short_circuit_operator' retrieved from /home/airflow/.local/lib/python3.8/site-packages/airflow/example_dags/example_short_circuit_operator.py
[2024-01-04T21:55:46.812+0000] {logging_mixin.py:188} INFO - [2024-01-04T21:55:46.811+0000] {dag.py:3033} INFO - Sync 1 DAGs
[2024-01-04T21:55:46.827+0000] {logging_mixin.py:188} INFO - [2024-01-04T21:55:46.827+0000] {dag.py:3820} INFO - Setting next_dagrun for example_short_circuit_operator to 2024-01-03T00:00:00+00:00, run_after=2024-01-04T00:00:00+00:00
[2024-01-04T21:55:46.851+0000] {processor.py:183} INFO - Processing /home/airflow/.local/lib/python3.8/site-packages/airflow/example_dags/example_short_circuit_operator.py took 0.066 seconds
[2024-01-04T21:56:17.006+0000] {processor.py:161} INFO - Started process (PID=453) to work on /home/airflow/.local/lib/python3.8/site-packages/airflow/example_dags/example_short_circuit_operator.py
[2024-01-04T21:56:17.007+0000] {processor.py:830} INFO - Processing file /home/airflow/.local/lib/python3.8/site-packages/airflow/example_dags/example_short_circuit_operator.py for tasks to queue
[2024-01-04T21:56:17.009+0000] {logging_mixin.py:188} INFO - [2024-01-04T21:56:17.009+0000] {dagbag.py:538} INFO - Filling up the DagBag from /home/airflow/.local/lib/python3.8/site-packages/airflow/example_dags/example_short_circuit_operator.py
[2024-01-04T21:56:17.015+0000] {processor.py:840} INFO - DAG(s) 'example_short_circuit_operator' retrieved from /home/airflow/.local/lib/python3.8/site-packages/airflow/example_dags/example_short_circuit_operator.py
[2024-01-04T21:56:17.032+0000] {logging_mixin.py:188} INFO - [2024-01-04T21:56:17.032+0000] {dag.py:3033} INFO - Sync 1 DAGs
[2024-01-04T21:56:17.051+0000] {logging_mixin.py:188} INFO - [2024-01-04T21:56:17.051+0000] {dag.py:3820} INFO - Setting next_dagrun for example_short_circuit_operator to 2024-01-03T00:00:00+00:00, run_after=2024-01-04T00:00:00+00:00
[2024-01-04T21:56:17.066+0000] {processor.py:183} INFO - Processing /home/airflow/.local/lib/python3.8/site-packages/airflow/example_dags/example_short_circuit_operator.py took 0.062 seconds
