[2024-01-04T21:52:45.162+0000] {processor.py:161} INFO - Started process (PID=75) to work on /home/airflow/.local/lib/python3.8/site-packages/airflow/example_dags/tutorial_dag.py
[2024-01-04T21:52:45.164+0000] {processor.py:830} INFO - Processing file /home/airflow/.local/lib/python3.8/site-packages/airflow/example_dags/tutorial_dag.py for tasks to queue
[2024-01-04T21:52:45.166+0000] {logging_mixin.py:188} INFO - [2024-01-04T21:52:45.166+0000] {dagbag.py:538} INFO - Filling up the DagBag from /home/airflow/.local/lib/python3.8/site-packages/airflow/example_dags/tutorial_dag.py
[2024-01-04T21:52:45.170+0000] {processor.py:840} INFO - DAG(s) 'tutorial_dag' retrieved from /home/airflow/.local/lib/python3.8/site-packages/airflow/example_dags/tutorial_dag.py
[2024-01-04T21:52:45.185+0000] {logging_mixin.py:188} INFO - [2024-01-04T21:52:45.185+0000] {dag.py:3033} INFO - Sync 1 DAGs
[2024-01-04T21:52:45.197+0000] {logging_mixin.py:188} INFO - [2024-01-04T21:52:45.196+0000] {dag.py:3820} INFO - Setting next_dagrun for tutorial_dag to None, run_after=None
[2024-01-04T21:52:45.211+0000] {processor.py:183} INFO - Processing /home/airflow/.local/lib/python3.8/site-packages/airflow/example_dags/tutorial_dag.py took 0.051 seconds
[2024-01-04T21:53:15.681+0000] {processor.py:161} INFO - Started process (PID=129) to work on /home/airflow/.local/lib/python3.8/site-packages/airflow/example_dags/tutorial_dag.py
[2024-01-04T21:53:15.682+0000] {processor.py:830} INFO - Processing file /home/airflow/.local/lib/python3.8/site-packages/airflow/example_dags/tutorial_dag.py for tasks to queue
[2024-01-04T21:53:15.684+0000] {logging_mixin.py:188} INFO - [2024-01-04T21:53:15.684+0000] {dagbag.py:538} INFO - Filling up the DagBag from /home/airflow/.local/lib/python3.8/site-packages/airflow/example_dags/tutorial_dag.py
[2024-01-04T21:53:15.688+0000] {processor.py:840} INFO - DAG(s) 'tutorial_dag' retrieved from /home/airflow/.local/lib/python3.8/site-packages/airflow/example_dags/tutorial_dag.py
[2024-01-04T21:53:15.705+0000] {logging_mixin.py:188} INFO - [2024-01-04T21:53:15.704+0000] {dag.py:3033} INFO - Sync 1 DAGs
[2024-01-04T21:53:15.714+0000] {logging_mixin.py:188} INFO - [2024-01-04T21:53:15.714+0000] {dag.py:3820} INFO - Setting next_dagrun for tutorial_dag to None, run_after=None
[2024-01-04T21:53:15.738+0000] {processor.py:183} INFO - Processing /home/airflow/.local/lib/python3.8/site-packages/airflow/example_dags/tutorial_dag.py took 0.059 seconds
[2024-01-04T21:53:45.756+0000] {processor.py:161} INFO - Started process (PID=183) to work on /home/airflow/.local/lib/python3.8/site-packages/airflow/example_dags/tutorial_dag.py
[2024-01-04T21:53:45.757+0000] {processor.py:830} INFO - Processing file /home/airflow/.local/lib/python3.8/site-packages/airflow/example_dags/tutorial_dag.py for tasks to queue
[2024-01-04T21:53:45.758+0000] {logging_mixin.py:188} INFO - [2024-01-04T21:53:45.758+0000] {dagbag.py:538} INFO - Filling up the DagBag from /home/airflow/.local/lib/python3.8/site-packages/airflow/example_dags/tutorial_dag.py
[2024-01-04T21:53:45.761+0000] {processor.py:840} INFO - DAG(s) 'tutorial_dag' retrieved from /home/airflow/.local/lib/python3.8/site-packages/airflow/example_dags/tutorial_dag.py
[2024-01-04T21:53:45.775+0000] {logging_mixin.py:188} INFO - [2024-01-04T21:53:45.774+0000] {dag.py:3033} INFO - Sync 1 DAGs
[2024-01-04T21:53:45.787+0000] {logging_mixin.py:188} INFO - [2024-01-04T21:53:45.786+0000] {dag.py:3820} INFO - Setting next_dagrun for tutorial_dag to None, run_after=None
[2024-01-04T21:53:45.800+0000] {processor.py:183} INFO - Processing /home/airflow/.local/lib/python3.8/site-packages/airflow/example_dags/tutorial_dag.py took 0.046 seconds
[2024-01-04T21:54:16.294+0000] {processor.py:161} INFO - Started process (PID=239) to work on /home/airflow/.local/lib/python3.8/site-packages/airflow/example_dags/tutorial_dag.py
[2024-01-04T21:54:16.295+0000] {processor.py:830} INFO - Processing file /home/airflow/.local/lib/python3.8/site-packages/airflow/example_dags/tutorial_dag.py for tasks to queue
[2024-01-04T21:54:16.296+0000] {logging_mixin.py:188} INFO - [2024-01-04T21:54:16.296+0000] {dagbag.py:538} INFO - Filling up the DagBag from /home/airflow/.local/lib/python3.8/site-packages/airflow/example_dags/tutorial_dag.py
[2024-01-04T21:54:16.300+0000] {processor.py:840} INFO - DAG(s) 'tutorial_dag' retrieved from /home/airflow/.local/lib/python3.8/site-packages/airflow/example_dags/tutorial_dag.py
[2024-01-04T21:54:16.314+0000] {logging_mixin.py:188} INFO - [2024-01-04T21:54:16.314+0000] {dag.py:3033} INFO - Sync 1 DAGs
[2024-01-04T21:54:16.323+0000] {logging_mixin.py:188} INFO - [2024-01-04T21:54:16.323+0000] {dag.py:3820} INFO - Setting next_dagrun for tutorial_dag to None, run_after=None
[2024-01-04T21:54:16.347+0000] {processor.py:183} INFO - Processing /home/airflow/.local/lib/python3.8/site-packages/airflow/example_dags/tutorial_dag.py took 0.055 seconds
[2024-01-04T21:54:46.418+0000] {processor.py:161} INFO - Started process (PID=294) to work on /home/airflow/.local/lib/python3.8/site-packages/airflow/example_dags/tutorial_dag.py
[2024-01-04T21:54:46.419+0000] {processor.py:830} INFO - Processing file /home/airflow/.local/lib/python3.8/site-packages/airflow/example_dags/tutorial_dag.py for tasks to queue
[2024-01-04T21:54:46.420+0000] {logging_mixin.py:188} INFO - [2024-01-04T21:54:46.420+0000] {dagbag.py:538} INFO - Filling up the DagBag from /home/airflow/.local/lib/python3.8/site-packages/airflow/example_dags/tutorial_dag.py
[2024-01-04T21:54:46.423+0000] {processor.py:840} INFO - DAG(s) 'tutorial_dag' retrieved from /home/airflow/.local/lib/python3.8/site-packages/airflow/example_dags/tutorial_dag.py
[2024-01-04T21:54:46.436+0000] {logging_mixin.py:188} INFO - [2024-01-04T21:54:46.436+0000] {dag.py:3033} INFO - Sync 1 DAGs
[2024-01-04T21:54:46.450+0000] {logging_mixin.py:188} INFO - [2024-01-04T21:54:46.450+0000] {dag.py:3820} INFO - Setting next_dagrun for tutorial_dag to None, run_after=None
[2024-01-04T21:54:46.464+0000] {processor.py:183} INFO - Processing /home/airflow/.local/lib/python3.8/site-packages/airflow/example_dags/tutorial_dag.py took 0.048 seconds
[2024-01-04T21:55:16.949+0000] {processor.py:161} INFO - Started process (PID=350) to work on /home/airflow/.local/lib/python3.8/site-packages/airflow/example_dags/tutorial_dag.py
[2024-01-04T21:55:16.950+0000] {processor.py:830} INFO - Processing file /home/airflow/.local/lib/python3.8/site-packages/airflow/example_dags/tutorial_dag.py for tasks to queue
[2024-01-04T21:55:16.951+0000] {logging_mixin.py:188} INFO - [2024-01-04T21:55:16.951+0000] {dagbag.py:538} INFO - Filling up the DagBag from /home/airflow/.local/lib/python3.8/site-packages/airflow/example_dags/tutorial_dag.py
[2024-01-04T21:55:16.955+0000] {processor.py:840} INFO - DAG(s) 'tutorial_dag' retrieved from /home/airflow/.local/lib/python3.8/site-packages/airflow/example_dags/tutorial_dag.py
[2024-01-04T21:55:16.969+0000] {logging_mixin.py:188} INFO - [2024-01-04T21:55:16.968+0000] {dag.py:3033} INFO - Sync 1 DAGs
[2024-01-04T21:55:16.977+0000] {logging_mixin.py:188} INFO - [2024-01-04T21:55:16.977+0000] {dag.py:3820} INFO - Setting next_dagrun for tutorial_dag to None, run_after=None
[2024-01-04T21:55:17.001+0000] {processor.py:183} INFO - Processing /home/airflow/.local/lib/python3.8/site-packages/airflow/example_dags/tutorial_dag.py took 0.054 seconds
[2024-01-04T21:55:47.133+0000] {processor.py:161} INFO - Started process (PID=405) to work on /home/airflow/.local/lib/python3.8/site-packages/airflow/example_dags/tutorial_dag.py
[2024-01-04T21:55:47.134+0000] {processor.py:830} INFO - Processing file /home/airflow/.local/lib/python3.8/site-packages/airflow/example_dags/tutorial_dag.py for tasks to queue
[2024-01-04T21:55:47.135+0000] {logging_mixin.py:188} INFO - [2024-01-04T21:55:47.135+0000] {dagbag.py:538} INFO - Filling up the DagBag from /home/airflow/.local/lib/python3.8/site-packages/airflow/example_dags/tutorial_dag.py
[2024-01-04T21:55:47.139+0000] {processor.py:840} INFO - DAG(s) 'tutorial_dag' retrieved from /home/airflow/.local/lib/python3.8/site-packages/airflow/example_dags/tutorial_dag.py
[2024-01-04T21:55:47.153+0000] {logging_mixin.py:188} INFO - [2024-01-04T21:55:47.153+0000] {dag.py:3033} INFO - Sync 1 DAGs
[2024-01-04T21:55:47.164+0000] {logging_mixin.py:188} INFO - [2024-01-04T21:55:47.164+0000] {dag.py:3820} INFO - Setting next_dagrun for tutorial_dag to None, run_after=None
[2024-01-04T21:55:47.179+0000] {processor.py:183} INFO - Processing /home/airflow/.local/lib/python3.8/site-packages/airflow/example_dags/tutorial_dag.py took 0.049 seconds
[2024-01-04T21:56:17.346+0000] {processor.py:161} INFO - Started process (PID=460) to work on /home/airflow/.local/lib/python3.8/site-packages/airflow/example_dags/tutorial_dag.py
[2024-01-04T21:56:17.347+0000] {processor.py:830} INFO - Processing file /home/airflow/.local/lib/python3.8/site-packages/airflow/example_dags/tutorial_dag.py for tasks to queue
[2024-01-04T21:56:17.348+0000] {logging_mixin.py:188} INFO - [2024-01-04T21:56:17.348+0000] {dagbag.py:538} INFO - Filling up the DagBag from /home/airflow/.local/lib/python3.8/site-packages/airflow/example_dags/tutorial_dag.py
[2024-01-04T21:56:17.351+0000] {processor.py:840} INFO - DAG(s) 'tutorial_dag' retrieved from /home/airflow/.local/lib/python3.8/site-packages/airflow/example_dags/tutorial_dag.py
[2024-01-04T21:56:17.516+0000] {logging_mixin.py:188} INFO - [2024-01-04T21:56:17.516+0000] {process_utils.py:262} INFO - Waiting up to 5 seconds for processes to exit...
