[2024-01-04T21:52:43.483+0000] {processor.py:161} INFO - Started process (PID=41) to work on /home/airflow/.local/lib/python3.8/site-packages/airflow/example_dags/tutorial.py
[2024-01-04T21:52:43.484+0000] {processor.py:830} INFO - Processing file /home/airflow/.local/lib/python3.8/site-packages/airflow/example_dags/tutorial.py for tasks to queue
[2024-01-04T21:52:43.485+0000] {logging_mixin.py:188} INFO - [2024-01-04T21:52:43.485+0000] {dagbag.py:538} INFO - Filling up the DagBag from /home/airflow/.local/lib/python3.8/site-packages/airflow/example_dags/tutorial.py
[2024-01-04T21:52:43.490+0000] {processor.py:840} INFO - DAG(s) 'tutorial' retrieved from /home/airflow/.local/lib/python3.8/site-packages/airflow/example_dags/tutorial.py
[2024-01-04T21:52:43.506+0000] {logging_mixin.py:188} INFO - [2024-01-04T21:52:43.506+0000] {dag.py:3033} INFO - Sync 1 DAGs
[2024-01-04T21:52:43.522+0000] {logging_mixin.py:188} INFO - [2024-01-04T21:52:43.522+0000] {dag.py:3820} INFO - Setting next_dagrun for tutorial to 2024-01-03T00:00:00+00:00, run_after=2024-01-04T00:00:00+00:00
[2024-01-04T21:52:43.535+0000] {processor.py:183} INFO - Processing /home/airflow/.local/lib/python3.8/site-packages/airflow/example_dags/tutorial.py took 0.054 seconds
[2024-01-04T21:53:13.847+0000] {processor.py:161} INFO - Started process (PID=95) to work on /home/airflow/.local/lib/python3.8/site-packages/airflow/example_dags/tutorial.py
[2024-01-04T21:53:13.848+0000] {processor.py:830} INFO - Processing file /home/airflow/.local/lib/python3.8/site-packages/airflow/example_dags/tutorial.py for tasks to queue
[2024-01-04T21:53:13.850+0000] {logging_mixin.py:188} INFO - [2024-01-04T21:53:13.850+0000] {dagbag.py:538} INFO - Filling up the DagBag from /home/airflow/.local/lib/python3.8/site-packages/airflow/example_dags/tutorial.py
[2024-01-04T21:53:13.855+0000] {processor.py:840} INFO - DAG(s) 'tutorial' retrieved from /home/airflow/.local/lib/python3.8/site-packages/airflow/example_dags/tutorial.py
[2024-01-04T21:53:13.872+0000] {logging_mixin.py:188} INFO - [2024-01-04T21:53:13.872+0000] {dag.py:3033} INFO - Sync 1 DAGs
[2024-01-04T21:53:13.896+0000] {logging_mixin.py:188} INFO - [2024-01-04T21:53:13.895+0000] {dag.py:3820} INFO - Setting next_dagrun for tutorial to 2024-01-03T00:00:00+00:00, run_after=2024-01-04T00:00:00+00:00
[2024-01-04T21:53:13.924+0000] {processor.py:183} INFO - Processing /home/airflow/.local/lib/python3.8/site-packages/airflow/example_dags/tutorial.py took 0.080 seconds
[2024-01-04T21:53:44.320+0000] {processor.py:161} INFO - Started process (PID=150) to work on /home/airflow/.local/lib/python3.8/site-packages/airflow/example_dags/tutorial.py
[2024-01-04T21:53:44.321+0000] {processor.py:830} INFO - Processing file /home/airflow/.local/lib/python3.8/site-packages/airflow/example_dags/tutorial.py for tasks to queue
[2024-01-04T21:53:44.323+0000] {logging_mixin.py:188} INFO - [2024-01-04T21:53:44.323+0000] {dagbag.py:538} INFO - Filling up the DagBag from /home/airflow/.local/lib/python3.8/site-packages/airflow/example_dags/tutorial.py
[2024-01-04T21:53:44.327+0000] {processor.py:840} INFO - DAG(s) 'tutorial' retrieved from /home/airflow/.local/lib/python3.8/site-packages/airflow/example_dags/tutorial.py
[2024-01-04T21:53:44.342+0000] {logging_mixin.py:188} INFO - [2024-01-04T21:53:44.341+0000] {dag.py:3033} INFO - Sync 1 DAGs
[2024-01-04T21:53:44.357+0000] {logging_mixin.py:188} INFO - [2024-01-04T21:53:44.356+0000] {dag.py:3820} INFO - Setting next_dagrun for tutorial to 2024-01-03T00:00:00+00:00, run_after=2024-01-04T00:00:00+00:00
[2024-01-04T21:53:44.371+0000] {processor.py:183} INFO - Processing /home/airflow/.local/lib/python3.8/site-packages/airflow/example_dags/tutorial.py took 0.052 seconds
[2024-01-04T21:54:14.535+0000] {processor.py:161} INFO - Started process (PID=205) to work on /home/airflow/.local/lib/python3.8/site-packages/airflow/example_dags/tutorial.py
[2024-01-04T21:54:14.537+0000] {processor.py:830} INFO - Processing file /home/airflow/.local/lib/python3.8/site-packages/airflow/example_dags/tutorial.py for tasks to queue
[2024-01-04T21:54:14.540+0000] {logging_mixin.py:188} INFO - [2024-01-04T21:54:14.540+0000] {dagbag.py:538} INFO - Filling up the DagBag from /home/airflow/.local/lib/python3.8/site-packages/airflow/example_dags/tutorial.py
[2024-01-04T21:54:14.545+0000] {processor.py:840} INFO - DAG(s) 'tutorial' retrieved from /home/airflow/.local/lib/python3.8/site-packages/airflow/example_dags/tutorial.py
[2024-01-04T21:54:14.563+0000] {logging_mixin.py:188} INFO - [2024-01-04T21:54:14.562+0000] {dag.py:3033} INFO - Sync 1 DAGs
[2024-01-04T21:54:14.581+0000] {logging_mixin.py:188} INFO - [2024-01-04T21:54:14.581+0000] {dag.py:3820} INFO - Setting next_dagrun for tutorial to 2024-01-03T00:00:00+00:00, run_after=2024-01-04T00:00:00+00:00
[2024-01-04T21:54:14.601+0000] {processor.py:183} INFO - Processing /home/airflow/.local/lib/python3.8/site-packages/airflow/example_dags/tutorial.py took 0.067 seconds
[2024-01-04T21:54:44.949+0000] {processor.py:161} INFO - Started process (PID=261) to work on /home/airflow/.local/lib/python3.8/site-packages/airflow/example_dags/tutorial.py
[2024-01-04T21:54:44.950+0000] {processor.py:830} INFO - Processing file /home/airflow/.local/lib/python3.8/site-packages/airflow/example_dags/tutorial.py for tasks to queue
[2024-01-04T21:54:44.952+0000] {logging_mixin.py:188} INFO - [2024-01-04T21:54:44.951+0000] {dagbag.py:538} INFO - Filling up the DagBag from /home/airflow/.local/lib/python3.8/site-packages/airflow/example_dags/tutorial.py
[2024-01-04T21:54:44.956+0000] {processor.py:840} INFO - DAG(s) 'tutorial' retrieved from /home/airflow/.local/lib/python3.8/site-packages/airflow/example_dags/tutorial.py
[2024-01-04T21:54:44.971+0000] {logging_mixin.py:188} INFO - [2024-01-04T21:54:44.970+0000] {dag.py:3033} INFO - Sync 1 DAGs
[2024-01-04T21:54:44.987+0000] {logging_mixin.py:188} INFO - [2024-01-04T21:54:44.986+0000] {dag.py:3820} INFO - Setting next_dagrun for tutorial to 2024-01-03T00:00:00+00:00, run_after=2024-01-04T00:00:00+00:00
[2024-01-04T21:54:45.012+0000] {processor.py:183} INFO - Processing /home/airflow/.local/lib/python3.8/site-packages/airflow/example_dags/tutorial.py took 0.065 seconds
[2024-01-04T21:55:15.167+0000] {processor.py:161} INFO - Started process (PID=316) to work on /home/airflow/.local/lib/python3.8/site-packages/airflow/example_dags/tutorial.py
[2024-01-04T21:55:15.168+0000] {processor.py:830} INFO - Processing file /home/airflow/.local/lib/python3.8/site-packages/airflow/example_dags/tutorial.py for tasks to queue
[2024-01-04T21:55:15.170+0000] {logging_mixin.py:188} INFO - [2024-01-04T21:55:15.170+0000] {dagbag.py:538} INFO - Filling up the DagBag from /home/airflow/.local/lib/python3.8/site-packages/airflow/example_dags/tutorial.py
[2024-01-04T21:55:15.174+0000] {processor.py:840} INFO - DAG(s) 'tutorial' retrieved from /home/airflow/.local/lib/python3.8/site-packages/airflow/example_dags/tutorial.py
[2024-01-04T21:55:15.187+0000] {logging_mixin.py:188} INFO - [2024-01-04T21:55:15.187+0000] {dag.py:3033} INFO - Sync 1 DAGs
[2024-01-04T21:55:15.208+0000] {logging_mixin.py:188} INFO - [2024-01-04T21:55:15.208+0000] {dag.py:3820} INFO - Setting next_dagrun for tutorial to 2024-01-03T00:00:00+00:00, run_after=2024-01-04T00:00:00+00:00
[2024-01-04T21:55:15.228+0000] {processor.py:183} INFO - Processing /home/airflow/.local/lib/python3.8/site-packages/airflow/example_dags/tutorial.py took 0.065 seconds
[2024-01-04T21:55:45.541+0000] {processor.py:161} INFO - Started process (PID=371) to work on /home/airflow/.local/lib/python3.8/site-packages/airflow/example_dags/tutorial.py
[2024-01-04T21:55:45.541+0000] {processor.py:830} INFO - Processing file /home/airflow/.local/lib/python3.8/site-packages/airflow/example_dags/tutorial.py for tasks to queue
[2024-01-04T21:55:45.543+0000] {logging_mixin.py:188} INFO - [2024-01-04T21:55:45.543+0000] {dagbag.py:538} INFO - Filling up the DagBag from /home/airflow/.local/lib/python3.8/site-packages/airflow/example_dags/tutorial.py
[2024-01-04T21:55:45.547+0000] {processor.py:840} INFO - DAG(s) 'tutorial' retrieved from /home/airflow/.local/lib/python3.8/site-packages/airflow/example_dags/tutorial.py
[2024-01-04T21:55:45.561+0000] {logging_mixin.py:188} INFO - [2024-01-04T21:55:45.560+0000] {dag.py:3033} INFO - Sync 1 DAGs
[2024-01-04T21:55:45.575+0000] {logging_mixin.py:188} INFO - [2024-01-04T21:55:45.575+0000] {dag.py:3820} INFO - Setting next_dagrun for tutorial to 2024-01-03T00:00:00+00:00, run_after=2024-01-04T00:00:00+00:00
[2024-01-04T21:55:45.595+0000] {processor.py:183} INFO - Processing /home/airflow/.local/lib/python3.8/site-packages/airflow/example_dags/tutorial.py took 0.057 seconds
[2024-01-04T21:56:15.775+0000] {processor.py:161} INFO - Started process (PID=426) to work on /home/airflow/.local/lib/python3.8/site-packages/airflow/example_dags/tutorial.py
[2024-01-04T21:56:15.776+0000] {processor.py:830} INFO - Processing file /home/airflow/.local/lib/python3.8/site-packages/airflow/example_dags/tutorial.py for tasks to queue
[2024-01-04T21:56:15.777+0000] {logging_mixin.py:188} INFO - [2024-01-04T21:56:15.777+0000] {dagbag.py:538} INFO - Filling up the DagBag from /home/airflow/.local/lib/python3.8/site-packages/airflow/example_dags/tutorial.py
[2024-01-04T21:56:15.781+0000] {processor.py:840} INFO - DAG(s) 'tutorial' retrieved from /home/airflow/.local/lib/python3.8/site-packages/airflow/example_dags/tutorial.py
[2024-01-04T21:56:15.793+0000] {logging_mixin.py:188} INFO - [2024-01-04T21:56:15.792+0000] {dag.py:3033} INFO - Sync 1 DAGs
[2024-01-04T21:56:15.806+0000] {logging_mixin.py:188} INFO - [2024-01-04T21:56:15.806+0000] {dag.py:3820} INFO - Setting next_dagrun for tutorial to 2024-01-03T00:00:00+00:00, run_after=2024-01-04T00:00:00+00:00
[2024-01-04T21:56:15.817+0000] {processor.py:183} INFO - Processing /home/airflow/.local/lib/python3.8/site-packages/airflow/example_dags/tutorial.py took 0.044 seconds
