[2024-01-04T21:52:43.905+0000] {processor.py:161} INFO - Started process (PID=50) to work on /home/airflow/.local/lib/python3.8/site-packages/airflow/example_dags/tutorial_taskflow_api.py
[2024-01-04T21:52:43.907+0000] {processor.py:830} INFO - Processing file /home/airflow/.local/lib/python3.8/site-packages/airflow/example_dags/tutorial_taskflow_api.py for tasks to queue
[2024-01-04T21:52:43.909+0000] {logging_mixin.py:188} INFO - [2024-01-04T21:52:43.908+0000] {dagbag.py:538} INFO - Filling up the DagBag from /home/airflow/.local/lib/python3.8/site-packages/airflow/example_dags/tutorial_taskflow_api.py
[2024-01-04T21:52:43.915+0000] {processor.py:840} INFO - DAG(s) 'tutorial_taskflow_api' retrieved from /home/airflow/.local/lib/python3.8/site-packages/airflow/example_dags/tutorial_taskflow_api.py
[2024-01-04T21:52:43.932+0000] {logging_mixin.py:188} INFO - [2024-01-04T21:52:43.932+0000] {dag.py:3033} INFO - Sync 1 DAGs
[2024-01-04T21:52:43.941+0000] {logging_mixin.py:188} INFO - [2024-01-04T21:52:43.941+0000] {dag.py:3820} INFO - Setting next_dagrun for tutorial_taskflow_api to None, run_after=None
[2024-01-04T21:52:43.957+0000] {processor.py:183} INFO - Processing /home/airflow/.local/lib/python3.8/site-packages/airflow/example_dags/tutorial_taskflow_api.py took 0.054 seconds
[2024-01-04T21:53:14.346+0000] {processor.py:161} INFO - Started process (PID=104) to work on /home/airflow/.local/lib/python3.8/site-packages/airflow/example_dags/tutorial_taskflow_api.py
[2024-01-04T21:53:14.347+0000] {processor.py:830} INFO - Processing file /home/airflow/.local/lib/python3.8/site-packages/airflow/example_dags/tutorial_taskflow_api.py for tasks to queue
[2024-01-04T21:53:14.349+0000] {logging_mixin.py:188} INFO - [2024-01-04T21:53:14.348+0000] {dagbag.py:538} INFO - Filling up the DagBag from /home/airflow/.local/lib/python3.8/site-packages/airflow/example_dags/tutorial_taskflow_api.py
[2024-01-04T21:53:14.354+0000] {processor.py:840} INFO - DAG(s) 'tutorial_taskflow_api' retrieved from /home/airflow/.local/lib/python3.8/site-packages/airflow/example_dags/tutorial_taskflow_api.py
[2024-01-04T21:53:14.370+0000] {logging_mixin.py:188} INFO - [2024-01-04T21:53:14.369+0000] {dag.py:3033} INFO - Sync 1 DAGs
[2024-01-04T21:53:14.382+0000] {logging_mixin.py:188} INFO - [2024-01-04T21:53:14.382+0000] {dag.py:3820} INFO - Setting next_dagrun for tutorial_taskflow_api to None, run_after=None
[2024-01-04T21:53:14.395+0000] {processor.py:183} INFO - Processing /home/airflow/.local/lib/python3.8/site-packages/airflow/example_dags/tutorial_taskflow_api.py took 0.051 seconds
[2024-01-04T21:53:44.752+0000] {processor.py:161} INFO - Started process (PID=159) to work on /home/airflow/.local/lib/python3.8/site-packages/airflow/example_dags/tutorial_taskflow_api.py
[2024-01-04T21:53:44.752+0000] {processor.py:830} INFO - Processing file /home/airflow/.local/lib/python3.8/site-packages/airflow/example_dags/tutorial_taskflow_api.py for tasks to queue
[2024-01-04T21:53:44.754+0000] {logging_mixin.py:188} INFO - [2024-01-04T21:53:44.754+0000] {dagbag.py:538} INFO - Filling up the DagBag from /home/airflow/.local/lib/python3.8/site-packages/airflow/example_dags/tutorial_taskflow_api.py
[2024-01-04T21:53:44.757+0000] {processor.py:840} INFO - DAG(s) 'tutorial_taskflow_api' retrieved from /home/airflow/.local/lib/python3.8/site-packages/airflow/example_dags/tutorial_taskflow_api.py
[2024-01-04T21:53:44.770+0000] {logging_mixin.py:188} INFO - [2024-01-04T21:53:44.770+0000] {dag.py:3033} INFO - Sync 1 DAGs
[2024-01-04T21:53:44.779+0000] {logging_mixin.py:188} INFO - [2024-01-04T21:53:44.779+0000] {dag.py:3820} INFO - Setting next_dagrun for tutorial_taskflow_api to None, run_after=None
[2024-01-04T21:53:44.791+0000] {processor.py:183} INFO - Processing /home/airflow/.local/lib/python3.8/site-packages/airflow/example_dags/tutorial_taskflow_api.py took 0.041 seconds
[2024-01-04T21:54:15.077+0000] {processor.py:161} INFO - Started process (PID=214) to work on /home/airflow/.local/lib/python3.8/site-packages/airflow/example_dags/tutorial_taskflow_api.py
[2024-01-04T21:54:15.078+0000] {processor.py:830} INFO - Processing file /home/airflow/.local/lib/python3.8/site-packages/airflow/example_dags/tutorial_taskflow_api.py for tasks to queue
[2024-01-04T21:54:15.081+0000] {logging_mixin.py:188} INFO - [2024-01-04T21:54:15.081+0000] {dagbag.py:538} INFO - Filling up the DagBag from /home/airflow/.local/lib/python3.8/site-packages/airflow/example_dags/tutorial_taskflow_api.py
[2024-01-04T21:54:15.087+0000] {processor.py:840} INFO - DAG(s) 'tutorial_taskflow_api' retrieved from /home/airflow/.local/lib/python3.8/site-packages/airflow/example_dags/tutorial_taskflow_api.py
[2024-01-04T21:54:15.115+0000] {logging_mixin.py:188} INFO - [2024-01-04T21:54:15.115+0000] {dag.py:3033} INFO - Sync 1 DAGs
[2024-01-04T21:54:15.134+0000] {logging_mixin.py:188} INFO - [2024-01-04T21:54:15.134+0000] {dag.py:3820} INFO - Setting next_dagrun for tutorial_taskflow_api to None, run_after=None
[2024-01-04T21:54:15.158+0000] {processor.py:183} INFO - Processing /home/airflow/.local/lib/python3.8/site-packages/airflow/example_dags/tutorial_taskflow_api.py took 0.084 seconds
[2024-01-04T21:54:45.462+0000] {processor.py:161} INFO - Started process (PID=270) to work on /home/airflow/.local/lib/python3.8/site-packages/airflow/example_dags/tutorial_taskflow_api.py
[2024-01-04T21:54:45.463+0000] {processor.py:830} INFO - Processing file /home/airflow/.local/lib/python3.8/site-packages/airflow/example_dags/tutorial_taskflow_api.py for tasks to queue
[2024-01-04T21:54:45.464+0000] {logging_mixin.py:188} INFO - [2024-01-04T21:54:45.464+0000] {dagbag.py:538} INFO - Filling up the DagBag from /home/airflow/.local/lib/python3.8/site-packages/airflow/example_dags/tutorial_taskflow_api.py
[2024-01-04T21:54:45.469+0000] {processor.py:840} INFO - DAG(s) 'tutorial_taskflow_api' retrieved from /home/airflow/.local/lib/python3.8/site-packages/airflow/example_dags/tutorial_taskflow_api.py
[2024-01-04T21:54:45.484+0000] {logging_mixin.py:188} INFO - [2024-01-04T21:54:45.483+0000] {dag.py:3033} INFO - Sync 1 DAGs
[2024-01-04T21:54:45.493+0000] {logging_mixin.py:188} INFO - [2024-01-04T21:54:45.493+0000] {dag.py:3820} INFO - Setting next_dagrun for tutorial_taskflow_api to None, run_after=None
[2024-01-04T21:54:45.506+0000] {processor.py:183} INFO - Processing /home/airflow/.local/lib/python3.8/site-packages/airflow/example_dags/tutorial_taskflow_api.py took 0.046 seconds
[2024-01-04T21:55:15.669+0000] {processor.py:161} INFO - Started process (PID=325) to work on /home/airflow/.local/lib/python3.8/site-packages/airflow/example_dags/tutorial_taskflow_api.py
[2024-01-04T21:55:15.670+0000] {processor.py:830} INFO - Processing file /home/airflow/.local/lib/python3.8/site-packages/airflow/example_dags/tutorial_taskflow_api.py for tasks to queue
[2024-01-04T21:55:15.671+0000] {logging_mixin.py:188} INFO - [2024-01-04T21:55:15.671+0000] {dagbag.py:538} INFO - Filling up the DagBag from /home/airflow/.local/lib/python3.8/site-packages/airflow/example_dags/tutorial_taskflow_api.py
[2024-01-04T21:55:15.676+0000] {processor.py:840} INFO - DAG(s) 'tutorial_taskflow_api' retrieved from /home/airflow/.local/lib/python3.8/site-packages/airflow/example_dags/tutorial_taskflow_api.py
[2024-01-04T21:55:15.690+0000] {logging_mixin.py:188} INFO - [2024-01-04T21:55:15.690+0000] {dag.py:3033} INFO - Sync 1 DAGs
[2024-01-04T21:55:15.700+0000] {logging_mixin.py:188} INFO - [2024-01-04T21:55:15.700+0000] {dag.py:3820} INFO - Setting next_dagrun for tutorial_taskflow_api to None, run_after=None
[2024-01-04T21:55:15.726+0000] {processor.py:183} INFO - Processing /home/airflow/.local/lib/python3.8/site-packages/airflow/example_dags/tutorial_taskflow_api.py took 0.059 seconds
[2024-01-04T21:55:46.007+0000] {processor.py:161} INFO - Started process (PID=380) to work on /home/airflow/.local/lib/python3.8/site-packages/airflow/example_dags/tutorial_taskflow_api.py
[2024-01-04T21:55:46.008+0000] {processor.py:830} INFO - Processing file /home/airflow/.local/lib/python3.8/site-packages/airflow/example_dags/tutorial_taskflow_api.py for tasks to queue
[2024-01-04T21:55:46.009+0000] {logging_mixin.py:188} INFO - [2024-01-04T21:55:46.009+0000] {dagbag.py:538} INFO - Filling up the DagBag from /home/airflow/.local/lib/python3.8/site-packages/airflow/example_dags/tutorial_taskflow_api.py
[2024-01-04T21:55:46.014+0000] {processor.py:840} INFO - DAG(s) 'tutorial_taskflow_api' retrieved from /home/airflow/.local/lib/python3.8/site-packages/airflow/example_dags/tutorial_taskflow_api.py
[2024-01-04T21:55:46.028+0000] {logging_mixin.py:188} INFO - [2024-01-04T21:55:46.028+0000] {dag.py:3033} INFO - Sync 1 DAGs
[2024-01-04T21:55:46.038+0000] {logging_mixin.py:188} INFO - [2024-01-04T21:55:46.038+0000] {dag.py:3820} INFO - Setting next_dagrun for tutorial_taskflow_api to None, run_after=None
[2024-01-04T21:55:46.052+0000] {processor.py:183} INFO - Processing /home/airflow/.local/lib/python3.8/site-packages/airflow/example_dags/tutorial_taskflow_api.py took 0.047 seconds
[2024-01-04T21:56:16.215+0000] {processor.py:161} INFO - Started process (PID=435) to work on /home/airflow/.local/lib/python3.8/site-packages/airflow/example_dags/tutorial_taskflow_api.py
[2024-01-04T21:56:16.216+0000] {processor.py:830} INFO - Processing file /home/airflow/.local/lib/python3.8/site-packages/airflow/example_dags/tutorial_taskflow_api.py for tasks to queue
[2024-01-04T21:56:16.218+0000] {logging_mixin.py:188} INFO - [2024-01-04T21:56:16.218+0000] {dagbag.py:538} INFO - Filling up the DagBag from /home/airflow/.local/lib/python3.8/site-packages/airflow/example_dags/tutorial_taskflow_api.py
[2024-01-04T21:56:16.222+0000] {processor.py:840} INFO - DAG(s) 'tutorial_taskflow_api' retrieved from /home/airflow/.local/lib/python3.8/site-packages/airflow/example_dags/tutorial_taskflow_api.py
[2024-01-04T21:56:16.238+0000] {logging_mixin.py:188} INFO - [2024-01-04T21:56:16.237+0000] {dag.py:3033} INFO - Sync 1 DAGs
[2024-01-04T21:56:16.249+0000] {logging_mixin.py:188} INFO - [2024-01-04T21:56:16.249+0000] {dag.py:3820} INFO - Setting next_dagrun for tutorial_taskflow_api to None, run_after=None
[2024-01-04T21:56:16.279+0000] {processor.py:183} INFO - Processing /home/airflow/.local/lib/python3.8/site-packages/airflow/example_dags/tutorial_taskflow_api.py took 0.065 seconds
