[2024-01-04T21:52:44.356+0000] {processor.py:161} INFO - Started process (PID=58) to work on /home/airflow/.local/lib/python3.8/site-packages/airflow/example_dags/tutorial_objectstorage.py
[2024-01-04T21:52:44.358+0000] {processor.py:830} INFO - Processing file /home/airflow/.local/lib/python3.8/site-packages/airflow/example_dags/tutorial_objectstorage.py for tasks to queue
[2024-01-04T21:52:44.359+0000] {logging_mixin.py:188} INFO - [2024-01-04T21:52:44.359+0000] {dagbag.py:538} INFO - Filling up the DagBag from /home/airflow/.local/lib/python3.8/site-packages/airflow/example_dags/tutorial_objectstorage.py
[2024-01-04T21:52:44.364+0000] {processor.py:840} INFO - DAG(s) 'tutorial_objectstorage' retrieved from /home/airflow/.local/lib/python3.8/site-packages/airflow/example_dags/tutorial_objectstorage.py
[2024-01-04T21:52:44.378+0000] {logging_mixin.py:188} INFO - [2024-01-04T21:52:44.377+0000] {dag.py:3033} INFO - Sync 1 DAGs
[2024-01-04T21:52:44.387+0000] {logging_mixin.py:188} INFO - [2024-01-04T21:52:44.386+0000] {dag.py:3820} INFO - Setting next_dagrun for tutorial_objectstorage to None, run_after=None
[2024-01-04T21:52:44.400+0000] {processor.py:183} INFO - Processing /home/airflow/.local/lib/python3.8/site-packages/airflow/example_dags/tutorial_objectstorage.py took 0.046 seconds
[2024-01-04T21:53:14.700+0000] {processor.py:161} INFO - Started process (PID=112) to work on /home/airflow/.local/lib/python3.8/site-packages/airflow/example_dags/tutorial_objectstorage.py
[2024-01-04T21:53:14.701+0000] {processor.py:830} INFO - Processing file /home/airflow/.local/lib/python3.8/site-packages/airflow/example_dags/tutorial_objectstorage.py for tasks to queue
[2024-01-04T21:53:14.703+0000] {logging_mixin.py:188} INFO - [2024-01-04T21:53:14.703+0000] {dagbag.py:538} INFO - Filling up the DagBag from /home/airflow/.local/lib/python3.8/site-packages/airflow/example_dags/tutorial_objectstorage.py
[2024-01-04T21:53:14.707+0000] {processor.py:840} INFO - DAG(s) 'tutorial_objectstorage' retrieved from /home/airflow/.local/lib/python3.8/site-packages/airflow/example_dags/tutorial_objectstorage.py
[2024-01-04T21:53:14.721+0000] {logging_mixin.py:188} INFO - [2024-01-04T21:53:14.721+0000] {dag.py:3033} INFO - Sync 1 DAGs
[2024-01-04T21:53:14.732+0000] {logging_mixin.py:188} INFO - [2024-01-04T21:53:14.732+0000] {dag.py:3820} INFO - Setting next_dagrun for tutorial_objectstorage to None, run_after=None
[2024-01-04T21:53:14.746+0000] {processor.py:183} INFO - Processing /home/airflow/.local/lib/python3.8/site-packages/airflow/example_dags/tutorial_objectstorage.py took 0.048 seconds
[2024-01-04T21:53:45.083+0000] {processor.py:161} INFO - Started process (PID=167) to work on /home/airflow/.local/lib/python3.8/site-packages/airflow/example_dags/tutorial_objectstorage.py
[2024-01-04T21:53:45.084+0000] {processor.py:830} INFO - Processing file /home/airflow/.local/lib/python3.8/site-packages/airflow/example_dags/tutorial_objectstorage.py for tasks to queue
[2024-01-04T21:53:45.086+0000] {logging_mixin.py:188} INFO - [2024-01-04T21:53:45.085+0000] {dagbag.py:538} INFO - Filling up the DagBag from /home/airflow/.local/lib/python3.8/site-packages/airflow/example_dags/tutorial_objectstorage.py
[2024-01-04T21:53:45.089+0000] {processor.py:840} INFO - DAG(s) 'tutorial_objectstorage' retrieved from /home/airflow/.local/lib/python3.8/site-packages/airflow/example_dags/tutorial_objectstorage.py
[2024-01-04T21:53:45.102+0000] {logging_mixin.py:188} INFO - [2024-01-04T21:53:45.102+0000] {dag.py:3033} INFO - Sync 1 DAGs
[2024-01-04T21:53:45.111+0000] {logging_mixin.py:188} INFO - [2024-01-04T21:53:45.111+0000] {dag.py:3820} INFO - Setting next_dagrun for tutorial_objectstorage to None, run_after=None
[2024-01-04T21:53:45.123+0000] {processor.py:183} INFO - Processing /home/airflow/.local/lib/python3.8/site-packages/airflow/example_dags/tutorial_objectstorage.py took 0.042 seconds
[2024-01-04T21:54:15.510+0000] {processor.py:161} INFO - Started process (PID=222) to work on /home/airflow/.local/lib/python3.8/site-packages/airflow/example_dags/tutorial_objectstorage.py
[2024-01-04T21:54:15.511+0000] {processor.py:830} INFO - Processing file /home/airflow/.local/lib/python3.8/site-packages/airflow/example_dags/tutorial_objectstorage.py for tasks to queue
[2024-01-04T21:54:15.512+0000] {logging_mixin.py:188} INFO - [2024-01-04T21:54:15.512+0000] {dagbag.py:538} INFO - Filling up the DagBag from /home/airflow/.local/lib/python3.8/site-packages/airflow/example_dags/tutorial_objectstorage.py
[2024-01-04T21:54:15.516+0000] {processor.py:840} INFO - DAG(s) 'tutorial_objectstorage' retrieved from /home/airflow/.local/lib/python3.8/site-packages/airflow/example_dags/tutorial_objectstorage.py
[2024-01-04T21:54:15.530+0000] {logging_mixin.py:188} INFO - [2024-01-04T21:54:15.530+0000] {dag.py:3033} INFO - Sync 1 DAGs
[2024-01-04T21:54:15.540+0000] {logging_mixin.py:188} INFO - [2024-01-04T21:54:15.540+0000] {dag.py:3820} INFO - Setting next_dagrun for tutorial_objectstorage to None, run_after=None
[2024-01-04T21:54:15.556+0000] {processor.py:183} INFO - Processing /home/airflow/.local/lib/python3.8/site-packages/airflow/example_dags/tutorial_objectstorage.py took 0.048 seconds
[2024-01-04T21:54:45.855+0000] {processor.py:161} INFO - Started process (PID=278) to work on /home/airflow/.local/lib/python3.8/site-packages/airflow/example_dags/tutorial_objectstorage.py
[2024-01-04T21:54:45.856+0000] {processor.py:830} INFO - Processing file /home/airflow/.local/lib/python3.8/site-packages/airflow/example_dags/tutorial_objectstorage.py for tasks to queue
[2024-01-04T21:54:45.857+0000] {logging_mixin.py:188} INFO - [2024-01-04T21:54:45.857+0000] {dagbag.py:538} INFO - Filling up the DagBag from /home/airflow/.local/lib/python3.8/site-packages/airflow/example_dags/tutorial_objectstorage.py
[2024-01-04T21:54:45.862+0000] {processor.py:840} INFO - DAG(s) 'tutorial_objectstorage' retrieved from /home/airflow/.local/lib/python3.8/site-packages/airflow/example_dags/tutorial_objectstorage.py
[2024-01-04T21:54:45.876+0000] {logging_mixin.py:188} INFO - [2024-01-04T21:54:45.876+0000] {dag.py:3033} INFO - Sync 1 DAGs
[2024-01-04T21:54:45.885+0000] {logging_mixin.py:188} INFO - [2024-01-04T21:54:45.884+0000] {dag.py:3820} INFO - Setting next_dagrun for tutorial_objectstorage to None, run_after=None
[2024-01-04T21:54:45.908+0000] {processor.py:183} INFO - Processing /home/airflow/.local/lib/python3.8/site-packages/airflow/example_dags/tutorial_objectstorage.py took 0.055 seconds
[2024-01-04T21:55:15.996+0000] {processor.py:161} INFO - Started process (PID=333) to work on /home/airflow/.local/lib/python3.8/site-packages/airflow/example_dags/tutorial_objectstorage.py
[2024-01-04T21:55:15.996+0000] {processor.py:830} INFO - Processing file /home/airflow/.local/lib/python3.8/site-packages/airflow/example_dags/tutorial_objectstorage.py for tasks to queue
[2024-01-04T21:55:15.998+0000] {logging_mixin.py:188} INFO - [2024-01-04T21:55:15.998+0000] {dagbag.py:538} INFO - Filling up the DagBag from /home/airflow/.local/lib/python3.8/site-packages/airflow/example_dags/tutorial_objectstorage.py
[2024-01-04T21:55:16.002+0000] {processor.py:840} INFO - DAG(s) 'tutorial_objectstorage' retrieved from /home/airflow/.local/lib/python3.8/site-packages/airflow/example_dags/tutorial_objectstorage.py
[2024-01-04T21:55:16.015+0000] {logging_mixin.py:188} INFO - [2024-01-04T21:55:16.015+0000] {dag.py:3033} INFO - Sync 1 DAGs
[2024-01-04T21:55:16.023+0000] {logging_mixin.py:188} INFO - [2024-01-04T21:55:16.023+0000] {dag.py:3820} INFO - Setting next_dagrun for tutorial_objectstorage to None, run_after=None
[2024-01-04T21:55:16.046+0000] {processor.py:183} INFO - Processing /home/airflow/.local/lib/python3.8/site-packages/airflow/example_dags/tutorial_objectstorage.py took 0.053 seconds
[2024-01-04T21:55:46.333+0000] {processor.py:161} INFO - Started process (PID=388) to work on /home/airflow/.local/lib/python3.8/site-packages/airflow/example_dags/tutorial_objectstorage.py
[2024-01-04T21:55:46.334+0000] {processor.py:830} INFO - Processing file /home/airflow/.local/lib/python3.8/site-packages/airflow/example_dags/tutorial_objectstorage.py for tasks to queue
[2024-01-04T21:55:46.336+0000] {logging_mixin.py:188} INFO - [2024-01-04T21:55:46.336+0000] {dagbag.py:538} INFO - Filling up the DagBag from /home/airflow/.local/lib/python3.8/site-packages/airflow/example_dags/tutorial_objectstorage.py
[2024-01-04T21:55:46.340+0000] {processor.py:840} INFO - DAG(s) 'tutorial_objectstorage' retrieved from /home/airflow/.local/lib/python3.8/site-packages/airflow/example_dags/tutorial_objectstorage.py
[2024-01-04T21:55:46.353+0000] {logging_mixin.py:188} INFO - [2024-01-04T21:55:46.353+0000] {dag.py:3033} INFO - Sync 1 DAGs
[2024-01-04T21:55:46.361+0000] {logging_mixin.py:188} INFO - [2024-01-04T21:55:46.361+0000] {dag.py:3820} INFO - Setting next_dagrun for tutorial_objectstorage to None, run_after=None
[2024-01-04T21:55:46.385+0000] {processor.py:183} INFO - Processing /home/airflow/.local/lib/python3.8/site-packages/airflow/example_dags/tutorial_objectstorage.py took 0.054 seconds
[2024-01-04T21:56:16.587+0000] {processor.py:161} INFO - Started process (PID=443) to work on /home/airflow/.local/lib/python3.8/site-packages/airflow/example_dags/tutorial_objectstorage.py
[2024-01-04T21:56:16.588+0000] {processor.py:830} INFO - Processing file /home/airflow/.local/lib/python3.8/site-packages/airflow/example_dags/tutorial_objectstorage.py for tasks to queue
[2024-01-04T21:56:16.589+0000] {logging_mixin.py:188} INFO - [2024-01-04T21:56:16.589+0000] {dagbag.py:538} INFO - Filling up the DagBag from /home/airflow/.local/lib/python3.8/site-packages/airflow/example_dags/tutorial_objectstorage.py
[2024-01-04T21:56:16.593+0000] {processor.py:840} INFO - DAG(s) 'tutorial_objectstorage' retrieved from /home/airflow/.local/lib/python3.8/site-packages/airflow/example_dags/tutorial_objectstorage.py
[2024-01-04T21:56:16.607+0000] {logging_mixin.py:188} INFO - [2024-01-04T21:56:16.607+0000] {dag.py:3033} INFO - Sync 1 DAGs
[2024-01-04T21:56:16.616+0000] {logging_mixin.py:188} INFO - [2024-01-04T21:56:16.616+0000] {dag.py:3820} INFO - Setting next_dagrun for tutorial_objectstorage to None, run_after=None
[2024-01-04T21:56:16.639+0000] {processor.py:183} INFO - Processing /home/airflow/.local/lib/python3.8/site-packages/airflow/example_dags/tutorial_objectstorage.py took 0.055 seconds
