[2024-01-03T02:12:52.324+0000] {processor.py:161} INFO - Started process (PID=52) to work on /home/airflow/.local/lib/python3.8/site-packages/airflow/example_dags/example_kubernetes_executor.py
[2024-01-03T02:12:52.325+0000] {processor.py:830} INFO - Processing file /home/airflow/.local/lib/python3.8/site-packages/airflow/example_dags/example_kubernetes_executor.py for tasks to queue
[2024-01-03T02:12:52.345+0000] {logging_mixin.py:188} INFO - [2024-01-03T02:12:52.345+0000] {dagbag.py:538} INFO - Filling up the DagBag from /home/airflow/.local/lib/python3.8/site-packages/airflow/example_dags/example_kubernetes_executor.py
[2024-01-03T02:12:52.362+0000] {processor.py:840} INFO - DAG(s) 'example_kubernetes_executor' retrieved from /home/airflow/.local/lib/python3.8/site-packages/airflow/example_dags/example_kubernetes_executor.py
[2024-01-03T02:12:52.371+0000] {logging_mixin.py:188} INFO - [2024-01-03T02:12:52.371+0000] {dag.py:3033} INFO - Sync 1 DAGs
[2024-01-03T02:12:52.386+0000] {logging_mixin.py:188} INFO - [2024-01-03T02:12:52.385+0000] {dag.py:3820} INFO - Setting next_dagrun for example_kubernetes_executor to None, run_after=None
[2024-01-03T02:12:52.455+0000] {processor.py:183} INFO - Processing /home/airflow/.local/lib/python3.8/site-packages/airflow/example_dags/example_kubernetes_executor.py took 0.133 seconds
[2024-01-03T02:18:54.671+0000] {processor.py:161} INFO - Started process (PID=51) to work on /home/airflow/.local/lib/python3.8/site-packages/airflow/example_dags/example_kubernetes_executor.py
[2024-01-03T02:18:54.672+0000] {processor.py:830} INFO - Processing file /home/airflow/.local/lib/python3.8/site-packages/airflow/example_dags/example_kubernetes_executor.py for tasks to queue
[2024-01-03T02:18:54.674+0000] {logging_mixin.py:188} INFO - [2024-01-03T02:18:54.674+0000] {dagbag.py:538} INFO - Filling up the DagBag from /home/airflow/.local/lib/python3.8/site-packages/airflow/example_dags/example_kubernetes_executor.py
[2024-01-03T02:18:54.683+0000] {processor.py:840} INFO - DAG(s) 'example_kubernetes_executor' retrieved from /home/airflow/.local/lib/python3.8/site-packages/airflow/example_dags/example_kubernetes_executor.py
[2024-01-03T02:18:54.767+0000] {logging_mixin.py:188} INFO - [2024-01-03T02:18:54.767+0000] {dag.py:3033} INFO - Sync 1 DAGs
[2024-01-03T02:18:54.776+0000] {logging_mixin.py:188} INFO - [2024-01-03T02:18:54.776+0000] {dag.py:3820} INFO - Setting next_dagrun for example_kubernetes_executor to None, run_after=None
[2024-01-03T02:18:54.796+0000] {processor.py:183} INFO - Processing /home/airflow/.local/lib/python3.8/site-packages/airflow/example_dags/example_kubernetes_executor.py took 0.128 seconds
[2024-01-03T02:19:25.465+0000] {processor.py:161} INFO - Started process (PID=106) to work on /home/airflow/.local/lib/python3.8/site-packages/airflow/example_dags/example_kubernetes_executor.py
[2024-01-03T02:19:25.466+0000] {processor.py:830} INFO - Processing file /home/airflow/.local/lib/python3.8/site-packages/airflow/example_dags/example_kubernetes_executor.py for tasks to queue
[2024-01-03T02:19:25.468+0000] {logging_mixin.py:188} INFO - [2024-01-03T02:19:25.467+0000] {dagbag.py:538} INFO - Filling up the DagBag from /home/airflow/.local/lib/python3.8/site-packages/airflow/example_dags/example_kubernetes_executor.py
[2024-01-03T02:19:25.477+0000] {processor.py:840} INFO - DAG(s) 'example_kubernetes_executor' retrieved from /home/airflow/.local/lib/python3.8/site-packages/airflow/example_dags/example_kubernetes_executor.py
[2024-01-03T02:19:25.500+0000] {logging_mixin.py:188} INFO - [2024-01-03T02:19:25.499+0000] {dag.py:3033} INFO - Sync 1 DAGs
[2024-01-03T02:19:25.509+0000] {logging_mixin.py:188} INFO - [2024-01-03T02:19:25.508+0000] {dag.py:3820} INFO - Setting next_dagrun for example_kubernetes_executor to None, run_after=None
[2024-01-03T02:19:25.520+0000] {processor.py:183} INFO - Processing /home/airflow/.local/lib/python3.8/site-packages/airflow/example_dags/example_kubernetes_executor.py took 0.057 seconds
[2024-01-03T02:19:55.663+0000] {processor.py:161} INFO - Started process (PID=161) to work on /home/airflow/.local/lib/python3.8/site-packages/airflow/example_dags/example_kubernetes_executor.py
[2024-01-03T02:19:55.664+0000] {processor.py:830} INFO - Processing file /home/airflow/.local/lib/python3.8/site-packages/airflow/example_dags/example_kubernetes_executor.py for tasks to queue
[2024-01-03T02:19:55.666+0000] {logging_mixin.py:188} INFO - [2024-01-03T02:19:55.665+0000] {dagbag.py:538} INFO - Filling up the DagBag from /home/airflow/.local/lib/python3.8/site-packages/airflow/example_dags/example_kubernetes_executor.py
[2024-01-03T02:19:55.675+0000] {processor.py:840} INFO - DAG(s) 'example_kubernetes_executor' retrieved from /home/airflow/.local/lib/python3.8/site-packages/airflow/example_dags/example_kubernetes_executor.py
[2024-01-03T02:19:55.699+0000] {logging_mixin.py:188} INFO - [2024-01-03T02:19:55.699+0000] {dag.py:3033} INFO - Sync 1 DAGs
[2024-01-03T02:19:55.707+0000] {logging_mixin.py:188} INFO - [2024-01-03T02:19:55.707+0000] {dag.py:3820} INFO - Setting next_dagrun for example_kubernetes_executor to None, run_after=None
[2024-01-03T02:19:55.720+0000] {processor.py:183} INFO - Processing /home/airflow/.local/lib/python3.8/site-packages/airflow/example_dags/example_kubernetes_executor.py took 0.059 seconds
[2024-01-03T02:20:25.781+0000] {processor.py:161} INFO - Started process (PID=216) to work on /home/airflow/.local/lib/python3.8/site-packages/airflow/example_dags/example_kubernetes_executor.py
[2024-01-03T02:20:25.782+0000] {processor.py:830} INFO - Processing file /home/airflow/.local/lib/python3.8/site-packages/airflow/example_dags/example_kubernetes_executor.py for tasks to queue
[2024-01-03T02:20:25.783+0000] {logging_mixin.py:188} INFO - [2024-01-03T02:20:25.783+0000] {dagbag.py:538} INFO - Filling up the DagBag from /home/airflow/.local/lib/python3.8/site-packages/airflow/example_dags/example_kubernetes_executor.py
[2024-01-03T02:20:25.792+0000] {processor.py:840} INFO - DAG(s) 'example_kubernetes_executor' retrieved from /home/airflow/.local/lib/python3.8/site-packages/airflow/example_dags/example_kubernetes_executor.py
[2024-01-03T02:20:25.800+0000] {logging_mixin.py:188} INFO - [2024-01-03T02:20:25.800+0000] {dag.py:3033} INFO - Sync 1 DAGs
[2024-01-03T02:20:25.810+0000] {logging_mixin.py:188} INFO - [2024-01-03T02:20:25.809+0000] {dag.py:3820} INFO - Setting next_dagrun for example_kubernetes_executor to None, run_after=None
[2024-01-03T02:20:25.823+0000] {processor.py:183} INFO - Processing /home/airflow/.local/lib/python3.8/site-packages/airflow/example_dags/example_kubernetes_executor.py took 0.044 seconds
[2024-01-03T02:20:56.520+0000] {processor.py:161} INFO - Started process (PID=271) to work on /home/airflow/.local/lib/python3.8/site-packages/airflow/example_dags/example_kubernetes_executor.py
[2024-01-03T02:20:56.521+0000] {processor.py:830} INFO - Processing file /home/airflow/.local/lib/python3.8/site-packages/airflow/example_dags/example_kubernetes_executor.py for tasks to queue
[2024-01-03T02:20:56.522+0000] {logging_mixin.py:188} INFO - [2024-01-03T02:20:56.522+0000] {dagbag.py:538} INFO - Filling up the DagBag from /home/airflow/.local/lib/python3.8/site-packages/airflow/example_dags/example_kubernetes_executor.py
[2024-01-03T02:20:56.531+0000] {processor.py:840} INFO - DAG(s) 'example_kubernetes_executor' retrieved from /home/airflow/.local/lib/python3.8/site-packages/airflow/example_dags/example_kubernetes_executor.py
[2024-01-03T02:20:56.539+0000] {logging_mixin.py:188} INFO - [2024-01-03T02:20:56.539+0000] {dag.py:3033} INFO - Sync 1 DAGs
[2024-01-03T02:20:56.548+0000] {logging_mixin.py:188} INFO - [2024-01-03T02:20:56.548+0000] {dag.py:3820} INFO - Setting next_dagrun for example_kubernetes_executor to None, run_after=None
[2024-01-03T02:20:56.561+0000] {processor.py:183} INFO - Processing /home/airflow/.local/lib/python3.8/site-packages/airflow/example_dags/example_kubernetes_executor.py took 0.043 seconds
[2024-01-03T02:21:27.582+0000] {processor.py:161} INFO - Started process (PID=326) to work on /home/airflow/.local/lib/python3.8/site-packages/airflow/example_dags/example_kubernetes_executor.py
[2024-01-03T02:21:27.583+0000] {processor.py:830} INFO - Processing file /home/airflow/.local/lib/python3.8/site-packages/airflow/example_dags/example_kubernetes_executor.py for tasks to queue
[2024-01-03T02:21:27.585+0000] {logging_mixin.py:188} INFO - [2024-01-03T02:21:27.584+0000] {dagbag.py:538} INFO - Filling up the DagBag from /home/airflow/.local/lib/python3.8/site-packages/airflow/example_dags/example_kubernetes_executor.py
[2024-01-03T02:21:27.593+0000] {processor.py:840} INFO - DAG(s) 'example_kubernetes_executor' retrieved from /home/airflow/.local/lib/python3.8/site-packages/airflow/example_dags/example_kubernetes_executor.py
[2024-01-03T02:21:27.671+0000] {logging_mixin.py:188} INFO - [2024-01-03T02:21:27.671+0000] {dag.py:3033} INFO - Sync 1 DAGs
[2024-01-03T02:21:27.679+0000] {logging_mixin.py:188} INFO - [2024-01-03T02:21:27.679+0000] {dag.py:3820} INFO - Setting next_dagrun for example_kubernetes_executor to None, run_after=None
[2024-01-03T02:21:27.692+0000] {processor.py:183} INFO - Processing /home/airflow/.local/lib/python3.8/site-packages/airflow/example_dags/example_kubernetes_executor.py took 0.112 seconds
[2024-01-03T02:21:58.388+0000] {processor.py:161} INFO - Started process (PID=381) to work on /home/airflow/.local/lib/python3.8/site-packages/airflow/example_dags/example_kubernetes_executor.py
[2024-01-03T02:21:58.388+0000] {processor.py:830} INFO - Processing file /home/airflow/.local/lib/python3.8/site-packages/airflow/example_dags/example_kubernetes_executor.py for tasks to queue
[2024-01-03T02:21:58.390+0000] {logging_mixin.py:188} INFO - [2024-01-03T02:21:58.390+0000] {dagbag.py:538} INFO - Filling up the DagBag from /home/airflow/.local/lib/python3.8/site-packages/airflow/example_dags/example_kubernetes_executor.py
[2024-01-03T02:21:58.398+0000] {processor.py:840} INFO - DAG(s) 'example_kubernetes_executor' retrieved from /home/airflow/.local/lib/python3.8/site-packages/airflow/example_dags/example_kubernetes_executor.py
[2024-01-03T02:21:58.421+0000] {logging_mixin.py:188} INFO - [2024-01-03T02:21:58.421+0000] {dag.py:3033} INFO - Sync 1 DAGs
[2024-01-03T02:21:58.430+0000] {logging_mixin.py:188} INFO - [2024-01-03T02:21:58.429+0000] {dag.py:3820} INFO - Setting next_dagrun for example_kubernetes_executor to None, run_after=None
[2024-01-03T02:21:58.442+0000] {processor.py:183} INFO - Processing /home/airflow/.local/lib/python3.8/site-packages/airflow/example_dags/example_kubernetes_executor.py took 0.056 seconds
[2024-01-03T02:22:28.570+0000] {processor.py:161} INFO - Started process (PID=436) to work on /home/airflow/.local/lib/python3.8/site-packages/airflow/example_dags/example_kubernetes_executor.py
[2024-01-03T02:22:28.571+0000] {processor.py:830} INFO - Processing file /home/airflow/.local/lib/python3.8/site-packages/airflow/example_dags/example_kubernetes_executor.py for tasks to queue
[2024-01-03T02:22:28.573+0000] {logging_mixin.py:188} INFO - [2024-01-03T02:22:28.573+0000] {dagbag.py:538} INFO - Filling up the DagBag from /home/airflow/.local/lib/python3.8/site-packages/airflow/example_dags/example_kubernetes_executor.py
[2024-01-03T02:22:28.585+0000] {processor.py:840} INFO - DAG(s) 'example_kubernetes_executor' retrieved from /home/airflow/.local/lib/python3.8/site-packages/airflow/example_dags/example_kubernetes_executor.py
[2024-01-03T02:22:28.611+0000] {logging_mixin.py:188} INFO - [2024-01-03T02:22:28.611+0000] {dag.py:3033} INFO - Sync 1 DAGs
[2024-01-03T02:22:28.619+0000] {logging_mixin.py:188} INFO - [2024-01-03T02:22:28.619+0000] {dag.py:3820} INFO - Setting next_dagrun for example_kubernetes_executor to None, run_after=None
[2024-01-03T02:22:28.633+0000] {processor.py:183} INFO - Processing /home/airflow/.local/lib/python3.8/site-packages/airflow/example_dags/example_kubernetes_executor.py took 0.065 seconds
[2024-01-03T02:22:58.891+0000] {processor.py:161} INFO - Started process (PID=491) to work on /home/airflow/.local/lib/python3.8/site-packages/airflow/example_dags/example_kubernetes_executor.py
[2024-01-03T02:22:58.892+0000] {processor.py:830} INFO - Processing file /home/airflow/.local/lib/python3.8/site-packages/airflow/example_dags/example_kubernetes_executor.py for tasks to queue
[2024-01-03T02:22:58.893+0000] {logging_mixin.py:188} INFO - [2024-01-03T02:22:58.893+0000] {dagbag.py:538} INFO - Filling up the DagBag from /home/airflow/.local/lib/python3.8/site-packages/airflow/example_dags/example_kubernetes_executor.py
[2024-01-03T02:22:58.905+0000] {processor.py:840} INFO - DAG(s) 'example_kubernetes_executor' retrieved from /home/airflow/.local/lib/python3.8/site-packages/airflow/example_dags/example_kubernetes_executor.py
[2024-01-03T02:22:58.935+0000] {logging_mixin.py:188} INFO - [2024-01-03T02:22:58.934+0000] {dag.py:3033} INFO - Sync 1 DAGs
[2024-01-03T02:22:58.947+0000] {logging_mixin.py:188} INFO - [2024-01-03T02:22:58.947+0000] {dag.py:3820} INFO - Setting next_dagrun for example_kubernetes_executor to None, run_after=None
[2024-01-03T02:22:58.962+0000] {processor.py:183} INFO - Processing /home/airflow/.local/lib/python3.8/site-packages/airflow/example_dags/example_kubernetes_executor.py took 0.073 seconds
[2024-01-03T02:23:29.176+0000] {processor.py:161} INFO - Started process (PID=546) to work on /home/airflow/.local/lib/python3.8/site-packages/airflow/example_dags/example_kubernetes_executor.py
[2024-01-03T02:23:29.177+0000] {processor.py:830} INFO - Processing file /home/airflow/.local/lib/python3.8/site-packages/airflow/example_dags/example_kubernetes_executor.py for tasks to queue
[2024-01-03T02:23:29.179+0000] {logging_mixin.py:188} INFO - [2024-01-03T02:23:29.179+0000] {dagbag.py:538} INFO - Filling up the DagBag from /home/airflow/.local/lib/python3.8/site-packages/airflow/example_dags/example_kubernetes_executor.py
[2024-01-03T02:23:29.188+0000] {processor.py:840} INFO - DAG(s) 'example_kubernetes_executor' retrieved from /home/airflow/.local/lib/python3.8/site-packages/airflow/example_dags/example_kubernetes_executor.py
[2024-01-03T02:23:29.213+0000] {logging_mixin.py:188} INFO - [2024-01-03T02:23:29.213+0000] {dag.py:3033} INFO - Sync 1 DAGs
[2024-01-03T02:23:29.223+0000] {logging_mixin.py:188} INFO - [2024-01-03T02:23:29.223+0000] {dag.py:3820} INFO - Setting next_dagrun for example_kubernetes_executor to None, run_after=None
[2024-01-03T02:23:29.237+0000] {processor.py:183} INFO - Processing /home/airflow/.local/lib/python3.8/site-packages/airflow/example_dags/example_kubernetes_executor.py took 0.063 seconds
[2024-01-03T02:23:59.377+0000] {processor.py:161} INFO - Started process (PID=601) to work on /home/airflow/.local/lib/python3.8/site-packages/airflow/example_dags/example_kubernetes_executor.py
[2024-01-03T02:23:59.378+0000] {processor.py:830} INFO - Processing file /home/airflow/.local/lib/python3.8/site-packages/airflow/example_dags/example_kubernetes_executor.py for tasks to queue
[2024-01-03T02:23:59.379+0000] {logging_mixin.py:188} INFO - [2024-01-03T02:23:59.379+0000] {dagbag.py:538} INFO - Filling up the DagBag from /home/airflow/.local/lib/python3.8/site-packages/airflow/example_dags/example_kubernetes_executor.py
[2024-01-03T02:23:59.389+0000] {processor.py:840} INFO - DAG(s) 'example_kubernetes_executor' retrieved from /home/airflow/.local/lib/python3.8/site-packages/airflow/example_dags/example_kubernetes_executor.py
[2024-01-03T02:23:59.416+0000] {logging_mixin.py:188} INFO - [2024-01-03T02:23:59.416+0000] {dag.py:3033} INFO - Sync 1 DAGs
[2024-01-03T02:23:59.428+0000] {logging_mixin.py:188} INFO - [2024-01-03T02:23:59.427+0000] {dag.py:3820} INFO - Setting next_dagrun for example_kubernetes_executor to None, run_after=None
[2024-01-03T02:23:59.442+0000] {processor.py:183} INFO - Processing /home/airflow/.local/lib/python3.8/site-packages/airflow/example_dags/example_kubernetes_executor.py took 0.068 seconds
[2024-01-03T02:24:30.328+0000] {processor.py:161} INFO - Started process (PID=656) to work on /home/airflow/.local/lib/python3.8/site-packages/airflow/example_dags/example_kubernetes_executor.py
[2024-01-03T02:24:30.329+0000] {processor.py:830} INFO - Processing file /home/airflow/.local/lib/python3.8/site-packages/airflow/example_dags/example_kubernetes_executor.py for tasks to queue
[2024-01-03T02:24:30.330+0000] {logging_mixin.py:188} INFO - [2024-01-03T02:24:30.330+0000] {dagbag.py:538} INFO - Filling up the DagBag from /home/airflow/.local/lib/python3.8/site-packages/airflow/example_dags/example_kubernetes_executor.py
[2024-01-03T02:24:30.339+0000] {processor.py:840} INFO - DAG(s) 'example_kubernetes_executor' retrieved from /home/airflow/.local/lib/python3.8/site-packages/airflow/example_dags/example_kubernetes_executor.py
[2024-01-03T02:24:30.361+0000] {logging_mixin.py:188} INFO - [2024-01-03T02:24:30.361+0000] {dag.py:3033} INFO - Sync 1 DAGs
[2024-01-03T02:24:30.370+0000] {logging_mixin.py:188} INFO - [2024-01-03T02:24:30.370+0000] {dag.py:3820} INFO - Setting next_dagrun for example_kubernetes_executor to None, run_after=None
[2024-01-03T02:24:30.382+0000] {processor.py:183} INFO - Processing /home/airflow/.local/lib/python3.8/site-packages/airflow/example_dags/example_kubernetes_executor.py took 0.056 seconds
[2024-01-03T02:25:01.112+0000] {processor.py:161} INFO - Started process (PID=711) to work on /home/airflow/.local/lib/python3.8/site-packages/airflow/example_dags/example_kubernetes_executor.py
[2024-01-03T02:25:01.112+0000] {processor.py:830} INFO - Processing file /home/airflow/.local/lib/python3.8/site-packages/airflow/example_dags/example_kubernetes_executor.py for tasks to queue
[2024-01-03T02:25:01.114+0000] {logging_mixin.py:188} INFO - [2024-01-03T02:25:01.114+0000] {dagbag.py:538} INFO - Filling up the DagBag from /home/airflow/.local/lib/python3.8/site-packages/airflow/example_dags/example_kubernetes_executor.py
[2024-01-03T02:25:01.122+0000] {processor.py:840} INFO - DAG(s) 'example_kubernetes_executor' retrieved from /home/airflow/.local/lib/python3.8/site-packages/airflow/example_dags/example_kubernetes_executor.py
[2024-01-03T02:25:01.145+0000] {logging_mixin.py:188} INFO - [2024-01-03T02:25:01.145+0000] {dag.py:3033} INFO - Sync 1 DAGs
[2024-01-03T02:25:01.154+0000] {logging_mixin.py:188} INFO - [2024-01-03T02:25:01.153+0000] {dag.py:3820} INFO - Setting next_dagrun for example_kubernetes_executor to None, run_after=None
[2024-01-03T02:25:01.166+0000] {processor.py:183} INFO - Processing /home/airflow/.local/lib/python3.8/site-packages/airflow/example_dags/example_kubernetes_executor.py took 0.056 seconds
[2024-01-03T02:25:31.267+0000] {processor.py:161} INFO - Started process (PID=766) to work on /home/airflow/.local/lib/python3.8/site-packages/airflow/example_dags/example_kubernetes_executor.py
[2024-01-03T02:25:31.268+0000] {processor.py:830} INFO - Processing file /home/airflow/.local/lib/python3.8/site-packages/airflow/example_dags/example_kubernetes_executor.py for tasks to queue
[2024-01-03T02:25:31.270+0000] {logging_mixin.py:188} INFO - [2024-01-03T02:25:31.270+0000] {dagbag.py:538} INFO - Filling up the DagBag from /home/airflow/.local/lib/python3.8/site-packages/airflow/example_dags/example_kubernetes_executor.py
[2024-01-03T02:25:31.280+0000] {processor.py:840} INFO - DAG(s) 'example_kubernetes_executor' retrieved from /home/airflow/.local/lib/python3.8/site-packages/airflow/example_dags/example_kubernetes_executor.py
[2024-01-03T02:25:31.304+0000] {logging_mixin.py:188} INFO - [2024-01-03T02:25:31.304+0000] {dag.py:3033} INFO - Sync 1 DAGs
[2024-01-03T02:25:31.313+0000] {logging_mixin.py:188} INFO - [2024-01-03T02:25:31.312+0000] {dag.py:3820} INFO - Setting next_dagrun for example_kubernetes_executor to None, run_after=None
[2024-01-03T02:25:31.325+0000] {processor.py:183} INFO - Processing /home/airflow/.local/lib/python3.8/site-packages/airflow/example_dags/example_kubernetes_executor.py took 0.060 seconds
[2024-01-03T02:26:01.513+0000] {processor.py:161} INFO - Started process (PID=821) to work on /home/airflow/.local/lib/python3.8/site-packages/airflow/example_dags/example_kubernetes_executor.py
[2024-01-03T02:26:01.513+0000] {processor.py:830} INFO - Processing file /home/airflow/.local/lib/python3.8/site-packages/airflow/example_dags/example_kubernetes_executor.py for tasks to queue
[2024-01-03T02:26:01.515+0000] {logging_mixin.py:188} INFO - [2024-01-03T02:26:01.515+0000] {dagbag.py:538} INFO - Filling up the DagBag from /home/airflow/.local/lib/python3.8/site-packages/airflow/example_dags/example_kubernetes_executor.py
[2024-01-03T02:26:01.523+0000] {processor.py:840} INFO - DAG(s) 'example_kubernetes_executor' retrieved from /home/airflow/.local/lib/python3.8/site-packages/airflow/example_dags/example_kubernetes_executor.py
[2024-01-03T02:26:01.546+0000] {logging_mixin.py:188} INFO - [2024-01-03T02:26:01.546+0000] {dag.py:3033} INFO - Sync 1 DAGs
[2024-01-03T02:26:01.554+0000] {logging_mixin.py:188} INFO - [2024-01-03T02:26:01.554+0000] {dag.py:3820} INFO - Setting next_dagrun for example_kubernetes_executor to None, run_after=None
[2024-01-03T02:26:01.566+0000] {processor.py:183} INFO - Processing /home/airflow/.local/lib/python3.8/site-packages/airflow/example_dags/example_kubernetes_executor.py took 0.055 seconds
[2024-01-03T02:26:31.599+0000] {processor.py:161} INFO - Started process (PID=876) to work on /home/airflow/.local/lib/python3.8/site-packages/airflow/example_dags/example_kubernetes_executor.py
[2024-01-03T02:26:31.599+0000] {processor.py:830} INFO - Processing file /home/airflow/.local/lib/python3.8/site-packages/airflow/example_dags/example_kubernetes_executor.py for tasks to queue
[2024-01-03T02:26:31.601+0000] {logging_mixin.py:188} INFO - [2024-01-03T02:26:31.601+0000] {dagbag.py:538} INFO - Filling up the DagBag from /home/airflow/.local/lib/python3.8/site-packages/airflow/example_dags/example_kubernetes_executor.py
[2024-01-03T02:26:31.610+0000] {processor.py:840} INFO - DAG(s) 'example_kubernetes_executor' retrieved from /home/airflow/.local/lib/python3.8/site-packages/airflow/example_dags/example_kubernetes_executor.py
[2024-01-03T02:26:31.633+0000] {logging_mixin.py:188} INFO - [2024-01-03T02:26:31.633+0000] {dag.py:3033} INFO - Sync 1 DAGs
[2024-01-03T02:26:31.643+0000] {logging_mixin.py:188} INFO - [2024-01-03T02:26:31.642+0000] {dag.py:3820} INFO - Setting next_dagrun for example_kubernetes_executor to None, run_after=None
[2024-01-03T02:26:31.655+0000] {processor.py:183} INFO - Processing /home/airflow/.local/lib/python3.8/site-packages/airflow/example_dags/example_kubernetes_executor.py took 0.058 seconds
[2024-01-03T02:27:02.380+0000] {processor.py:161} INFO - Started process (PID=931) to work on /home/airflow/.local/lib/python3.8/site-packages/airflow/example_dags/example_kubernetes_executor.py
[2024-01-03T02:27:02.381+0000] {processor.py:830} INFO - Processing file /home/airflow/.local/lib/python3.8/site-packages/airflow/example_dags/example_kubernetes_executor.py for tasks to queue
[2024-01-03T02:27:02.383+0000] {logging_mixin.py:188} INFO - [2024-01-03T02:27:02.383+0000] {dagbag.py:538} INFO - Filling up the DagBag from /home/airflow/.local/lib/python3.8/site-packages/airflow/example_dags/example_kubernetes_executor.py
[2024-01-03T02:27:02.391+0000] {processor.py:840} INFO - DAG(s) 'example_kubernetes_executor' retrieved from /home/airflow/.local/lib/python3.8/site-packages/airflow/example_dags/example_kubernetes_executor.py
[2024-01-03T02:27:02.414+0000] {logging_mixin.py:188} INFO - [2024-01-03T02:27:02.414+0000] {dag.py:3033} INFO - Sync 1 DAGs
[2024-01-03T02:27:02.423+0000] {logging_mixin.py:188} INFO - [2024-01-03T02:27:02.423+0000] {dag.py:3820} INFO - Setting next_dagrun for example_kubernetes_executor to None, run_after=None
[2024-01-03T02:27:02.435+0000] {processor.py:183} INFO - Processing /home/airflow/.local/lib/python3.8/site-packages/airflow/example_dags/example_kubernetes_executor.py took 0.056 seconds
[2024-01-03T02:27:33.216+0000] {processor.py:161} INFO - Started process (PID=986) to work on /home/airflow/.local/lib/python3.8/site-packages/airflow/example_dags/example_kubernetes_executor.py
[2024-01-03T02:27:33.216+0000] {processor.py:830} INFO - Processing file /home/airflow/.local/lib/python3.8/site-packages/airflow/example_dags/example_kubernetes_executor.py for tasks to queue
[2024-01-03T02:27:33.218+0000] {logging_mixin.py:188} INFO - [2024-01-03T02:27:33.218+0000] {dagbag.py:538} INFO - Filling up the DagBag from /home/airflow/.local/lib/python3.8/site-packages/airflow/example_dags/example_kubernetes_executor.py
[2024-01-03T02:27:33.226+0000] {processor.py:840} INFO - DAG(s) 'example_kubernetes_executor' retrieved from /home/airflow/.local/lib/python3.8/site-packages/airflow/example_dags/example_kubernetes_executor.py
[2024-01-03T02:27:33.248+0000] {logging_mixin.py:188} INFO - [2024-01-03T02:27:33.248+0000] {dag.py:3033} INFO - Sync 1 DAGs
[2024-01-03T02:27:33.256+0000] {logging_mixin.py:188} INFO - [2024-01-03T02:27:33.256+0000] {dag.py:3820} INFO - Setting next_dagrun for example_kubernetes_executor to None, run_after=None
[2024-01-03T02:27:33.268+0000] {processor.py:183} INFO - Processing /home/airflow/.local/lib/python3.8/site-packages/airflow/example_dags/example_kubernetes_executor.py took 0.054 seconds
[2024-01-03T02:28:04.056+0000] {processor.py:161} INFO - Started process (PID=1041) to work on /home/airflow/.local/lib/python3.8/site-packages/airflow/example_dags/example_kubernetes_executor.py
[2024-01-03T02:28:04.057+0000] {processor.py:830} INFO - Processing file /home/airflow/.local/lib/python3.8/site-packages/airflow/example_dags/example_kubernetes_executor.py for tasks to queue
[2024-01-03T02:28:04.058+0000] {logging_mixin.py:188} INFO - [2024-01-03T02:28:04.058+0000] {dagbag.py:538} INFO - Filling up the DagBag from /home/airflow/.local/lib/python3.8/site-packages/airflow/example_dags/example_kubernetes_executor.py
[2024-01-03T02:28:04.067+0000] {processor.py:840} INFO - DAG(s) 'example_kubernetes_executor' retrieved from /home/airflow/.local/lib/python3.8/site-packages/airflow/example_dags/example_kubernetes_executor.py
[2024-01-03T02:28:04.089+0000] {logging_mixin.py:188} INFO - [2024-01-03T02:28:04.089+0000] {dag.py:3033} INFO - Sync 1 DAGs
[2024-01-03T02:28:04.097+0000] {logging_mixin.py:188} INFO - [2024-01-03T02:28:04.097+0000] {dag.py:3820} INFO - Setting next_dagrun for example_kubernetes_executor to None, run_after=None
[2024-01-03T02:28:04.109+0000] {processor.py:183} INFO - Processing /home/airflow/.local/lib/python3.8/site-packages/airflow/example_dags/example_kubernetes_executor.py took 0.055 seconds
[2024-01-03T02:28:34.852+0000] {processor.py:161} INFO - Started process (PID=1096) to work on /home/airflow/.local/lib/python3.8/site-packages/airflow/example_dags/example_kubernetes_executor.py
[2024-01-03T02:28:34.852+0000] {processor.py:830} INFO - Processing file /home/airflow/.local/lib/python3.8/site-packages/airflow/example_dags/example_kubernetes_executor.py for tasks to queue
[2024-01-03T02:28:34.854+0000] {logging_mixin.py:188} INFO - [2024-01-03T02:28:34.854+0000] {dagbag.py:538} INFO - Filling up the DagBag from /home/airflow/.local/lib/python3.8/site-packages/airflow/example_dags/example_kubernetes_executor.py
[2024-01-03T02:28:34.863+0000] {processor.py:840} INFO - DAG(s) 'example_kubernetes_executor' retrieved from /home/airflow/.local/lib/python3.8/site-packages/airflow/example_dags/example_kubernetes_executor.py
[2024-01-03T02:28:34.885+0000] {logging_mixin.py:188} INFO - [2024-01-03T02:28:34.885+0000] {dag.py:3033} INFO - Sync 1 DAGs
[2024-01-03T02:28:34.894+0000] {logging_mixin.py:188} INFO - [2024-01-03T02:28:34.894+0000] {dag.py:3820} INFO - Setting next_dagrun for example_kubernetes_executor to None, run_after=None
[2024-01-03T02:28:34.905+0000] {processor.py:183} INFO - Processing /home/airflow/.local/lib/python3.8/site-packages/airflow/example_dags/example_kubernetes_executor.py took 0.056 seconds
[2024-01-03T02:29:05.620+0000] {processor.py:161} INFO - Started process (PID=1151) to work on /home/airflow/.local/lib/python3.8/site-packages/airflow/example_dags/example_kubernetes_executor.py
[2024-01-03T02:29:05.621+0000] {processor.py:830} INFO - Processing file /home/airflow/.local/lib/python3.8/site-packages/airflow/example_dags/example_kubernetes_executor.py for tasks to queue
[2024-01-03T02:29:05.622+0000] {logging_mixin.py:188} INFO - [2024-01-03T02:29:05.622+0000] {dagbag.py:538} INFO - Filling up the DagBag from /home/airflow/.local/lib/python3.8/site-packages/airflow/example_dags/example_kubernetes_executor.py
[2024-01-03T02:29:05.631+0000] {processor.py:840} INFO - DAG(s) 'example_kubernetes_executor' retrieved from /home/airflow/.local/lib/python3.8/site-packages/airflow/example_dags/example_kubernetes_executor.py
[2024-01-03T02:29:05.654+0000] {logging_mixin.py:188} INFO - [2024-01-03T02:29:05.654+0000] {dag.py:3033} INFO - Sync 1 DAGs
[2024-01-03T02:29:05.663+0000] {logging_mixin.py:188} INFO - [2024-01-03T02:29:05.663+0000] {dag.py:3820} INFO - Setting next_dagrun for example_kubernetes_executor to None, run_after=None
[2024-01-03T02:29:05.675+0000] {processor.py:183} INFO - Processing /home/airflow/.local/lib/python3.8/site-packages/airflow/example_dags/example_kubernetes_executor.py took 0.057 seconds
[2024-01-03T02:29:36.430+0000] {processor.py:161} INFO - Started process (PID=1206) to work on /home/airflow/.local/lib/python3.8/site-packages/airflow/example_dags/example_kubernetes_executor.py
[2024-01-03T02:29:36.431+0000] {processor.py:830} INFO - Processing file /home/airflow/.local/lib/python3.8/site-packages/airflow/example_dags/example_kubernetes_executor.py for tasks to queue
[2024-01-03T02:29:36.432+0000] {logging_mixin.py:188} INFO - [2024-01-03T02:29:36.432+0000] {dagbag.py:538} INFO - Filling up the DagBag from /home/airflow/.local/lib/python3.8/site-packages/airflow/example_dags/example_kubernetes_executor.py
[2024-01-03T02:29:36.441+0000] {processor.py:840} INFO - DAG(s) 'example_kubernetes_executor' retrieved from /home/airflow/.local/lib/python3.8/site-packages/airflow/example_dags/example_kubernetes_executor.py
[2024-01-03T02:29:36.463+0000] {logging_mixin.py:188} INFO - [2024-01-03T02:29:36.463+0000] {dag.py:3033} INFO - Sync 1 DAGs
[2024-01-03T02:29:36.472+0000] {logging_mixin.py:188} INFO - [2024-01-03T02:29:36.472+0000] {dag.py:3820} INFO - Setting next_dagrun for example_kubernetes_executor to None, run_after=None
[2024-01-03T02:29:36.484+0000] {processor.py:183} INFO - Processing /home/airflow/.local/lib/python3.8/site-packages/airflow/example_dags/example_kubernetes_executor.py took 0.056 seconds
[2024-01-03T02:30:07.501+0000] {processor.py:161} INFO - Started process (PID=1261) to work on /home/airflow/.local/lib/python3.8/site-packages/airflow/example_dags/example_kubernetes_executor.py
[2024-01-03T02:30:07.502+0000] {processor.py:830} INFO - Processing file /home/airflow/.local/lib/python3.8/site-packages/airflow/example_dags/example_kubernetes_executor.py for tasks to queue
[2024-01-03T02:30:07.503+0000] {logging_mixin.py:188} INFO - [2024-01-03T02:30:07.503+0000] {dagbag.py:538} INFO - Filling up the DagBag from /home/airflow/.local/lib/python3.8/site-packages/airflow/example_dags/example_kubernetes_executor.py
[2024-01-03T02:30:07.512+0000] {processor.py:840} INFO - DAG(s) 'example_kubernetes_executor' retrieved from /home/airflow/.local/lib/python3.8/site-packages/airflow/example_dags/example_kubernetes_executor.py
[2024-01-03T02:30:07.535+0000] {logging_mixin.py:188} INFO - [2024-01-03T02:30:07.535+0000] {dag.py:3033} INFO - Sync 1 DAGs
[2024-01-03T02:30:07.544+0000] {logging_mixin.py:188} INFO - [2024-01-03T02:30:07.544+0000] {dag.py:3820} INFO - Setting next_dagrun for example_kubernetes_executor to None, run_after=None
[2024-01-03T02:30:07.557+0000] {processor.py:183} INFO - Processing /home/airflow/.local/lib/python3.8/site-packages/airflow/example_dags/example_kubernetes_executor.py took 0.057 seconds
[2024-01-03T02:30:38.507+0000] {processor.py:161} INFO - Started process (PID=1316) to work on /home/airflow/.local/lib/python3.8/site-packages/airflow/example_dags/example_kubernetes_executor.py
[2024-01-03T02:30:38.508+0000] {processor.py:830} INFO - Processing file /home/airflow/.local/lib/python3.8/site-packages/airflow/example_dags/example_kubernetes_executor.py for tasks to queue
[2024-01-03T02:30:38.509+0000] {logging_mixin.py:188} INFO - [2024-01-03T02:30:38.509+0000] {dagbag.py:538} INFO - Filling up the DagBag from /home/airflow/.local/lib/python3.8/site-packages/airflow/example_dags/example_kubernetes_executor.py
[2024-01-03T02:30:38.518+0000] {processor.py:840} INFO - DAG(s) 'example_kubernetes_executor' retrieved from /home/airflow/.local/lib/python3.8/site-packages/airflow/example_dags/example_kubernetes_executor.py
[2024-01-03T02:30:38.542+0000] {logging_mixin.py:188} INFO - [2024-01-03T02:30:38.542+0000] {dag.py:3033} INFO - Sync 1 DAGs
[2024-01-03T02:30:38.551+0000] {logging_mixin.py:188} INFO - [2024-01-03T02:30:38.551+0000] {dag.py:3820} INFO - Setting next_dagrun for example_kubernetes_executor to None, run_after=None
[2024-01-03T02:30:38.566+0000] {processor.py:183} INFO - Processing /home/airflow/.local/lib/python3.8/site-packages/airflow/example_dags/example_kubernetes_executor.py took 0.061 seconds
[2024-01-03T02:31:08.700+0000] {processor.py:161} INFO - Started process (PID=1371) to work on /home/airflow/.local/lib/python3.8/site-packages/airflow/example_dags/example_kubernetes_executor.py
[2024-01-03T02:31:08.701+0000] {processor.py:830} INFO - Processing file /home/airflow/.local/lib/python3.8/site-packages/airflow/example_dags/example_kubernetes_executor.py for tasks to queue
[2024-01-03T02:31:08.703+0000] {logging_mixin.py:188} INFO - [2024-01-03T02:31:08.702+0000] {dagbag.py:538} INFO - Filling up the DagBag from /home/airflow/.local/lib/python3.8/site-packages/airflow/example_dags/example_kubernetes_executor.py
[2024-01-03T02:31:08.712+0000] {processor.py:840} INFO - DAG(s) 'example_kubernetes_executor' retrieved from /home/airflow/.local/lib/python3.8/site-packages/airflow/example_dags/example_kubernetes_executor.py
[2024-01-03T02:31:08.739+0000] {logging_mixin.py:188} INFO - [2024-01-03T02:31:08.739+0000] {dag.py:3033} INFO - Sync 1 DAGs
[2024-01-03T02:31:08.749+0000] {logging_mixin.py:188} INFO - [2024-01-03T02:31:08.749+0000] {dag.py:3820} INFO - Setting next_dagrun for example_kubernetes_executor to None, run_after=None
[2024-01-03T02:31:08.764+0000] {processor.py:183} INFO - Processing /home/airflow/.local/lib/python3.8/site-packages/airflow/example_dags/example_kubernetes_executor.py took 0.066 seconds
[2024-01-03T02:31:38.954+0000] {processor.py:161} INFO - Started process (PID=1426) to work on /home/airflow/.local/lib/python3.8/site-packages/airflow/example_dags/example_kubernetes_executor.py
[2024-01-03T02:31:38.955+0000] {processor.py:830} INFO - Processing file /home/airflow/.local/lib/python3.8/site-packages/airflow/example_dags/example_kubernetes_executor.py for tasks to queue
[2024-01-03T02:31:38.956+0000] {logging_mixin.py:188} INFO - [2024-01-03T02:31:38.956+0000] {dagbag.py:538} INFO - Filling up the DagBag from /home/airflow/.local/lib/python3.8/site-packages/airflow/example_dags/example_kubernetes_executor.py
[2024-01-03T02:31:38.966+0000] {processor.py:840} INFO - DAG(s) 'example_kubernetes_executor' retrieved from /home/airflow/.local/lib/python3.8/site-packages/airflow/example_dags/example_kubernetes_executor.py
[2024-01-03T02:31:38.994+0000] {logging_mixin.py:188} INFO - [2024-01-03T02:31:38.993+0000] {dag.py:3033} INFO - Sync 1 DAGs
[2024-01-03T02:31:39.003+0000] {logging_mixin.py:188} INFO - [2024-01-03T02:31:39.003+0000] {dag.py:3820} INFO - Setting next_dagrun for example_kubernetes_executor to None, run_after=None
[2024-01-03T02:31:39.017+0000] {processor.py:183} INFO - Processing /home/airflow/.local/lib/python3.8/site-packages/airflow/example_dags/example_kubernetes_executor.py took 0.066 seconds
[2024-01-03T02:32:09.084+0000] {processor.py:161} INFO - Started process (PID=1481) to work on /home/airflow/.local/lib/python3.8/site-packages/airflow/example_dags/example_kubernetes_executor.py
[2024-01-03T02:32:09.084+0000] {processor.py:830} INFO - Processing file /home/airflow/.local/lib/python3.8/site-packages/airflow/example_dags/example_kubernetes_executor.py for tasks to queue
[2024-01-03T02:32:09.086+0000] {logging_mixin.py:188} INFO - [2024-01-03T02:32:09.086+0000] {dagbag.py:538} INFO - Filling up the DagBag from /home/airflow/.local/lib/python3.8/site-packages/airflow/example_dags/example_kubernetes_executor.py
[2024-01-03T02:32:09.095+0000] {processor.py:840} INFO - DAG(s) 'example_kubernetes_executor' retrieved from /home/airflow/.local/lib/python3.8/site-packages/airflow/example_dags/example_kubernetes_executor.py
[2024-01-03T02:32:09.119+0000] {logging_mixin.py:188} INFO - [2024-01-03T02:32:09.119+0000] {dag.py:3033} INFO - Sync 1 DAGs
[2024-01-03T02:32:09.128+0000] {logging_mixin.py:188} INFO - [2024-01-03T02:32:09.128+0000] {dag.py:3820} INFO - Setting next_dagrun for example_kubernetes_executor to None, run_after=None
[2024-01-03T02:32:09.141+0000] {processor.py:183} INFO - Processing /home/airflow/.local/lib/python3.8/site-packages/airflow/example_dags/example_kubernetes_executor.py took 0.059 seconds
[2024-01-03T02:32:39.196+0000] {processor.py:161} INFO - Started process (PID=1536) to work on /home/airflow/.local/lib/python3.8/site-packages/airflow/example_dags/example_kubernetes_executor.py
[2024-01-03T02:32:39.197+0000] {processor.py:830} INFO - Processing file /home/airflow/.local/lib/python3.8/site-packages/airflow/example_dags/example_kubernetes_executor.py for tasks to queue
[2024-01-03T02:32:39.198+0000] {logging_mixin.py:188} INFO - [2024-01-03T02:32:39.198+0000] {dagbag.py:538} INFO - Filling up the DagBag from /home/airflow/.local/lib/python3.8/site-packages/airflow/example_dags/example_kubernetes_executor.py
[2024-01-03T02:32:39.206+0000] {processor.py:840} INFO - DAG(s) 'example_kubernetes_executor' retrieved from /home/airflow/.local/lib/python3.8/site-packages/airflow/example_dags/example_kubernetes_executor.py
[2024-01-03T02:32:39.230+0000] {logging_mixin.py:188} INFO - [2024-01-03T02:32:39.230+0000] {dag.py:3033} INFO - Sync 1 DAGs
[2024-01-03T02:32:39.240+0000] {logging_mixin.py:188} INFO - [2024-01-03T02:32:39.240+0000] {dag.py:3820} INFO - Setting next_dagrun for example_kubernetes_executor to None, run_after=None
[2024-01-03T02:32:39.252+0000] {processor.py:183} INFO - Processing /home/airflow/.local/lib/python3.8/site-packages/airflow/example_dags/example_kubernetes_executor.py took 0.059 seconds
[2024-01-03T02:33:09.318+0000] {processor.py:161} INFO - Started process (PID=1591) to work on /home/airflow/.local/lib/python3.8/site-packages/airflow/example_dags/example_kubernetes_executor.py
[2024-01-03T02:33:09.319+0000] {processor.py:830} INFO - Processing file /home/airflow/.local/lib/python3.8/site-packages/airflow/example_dags/example_kubernetes_executor.py for tasks to queue
[2024-01-03T02:33:09.320+0000] {logging_mixin.py:188} INFO - [2024-01-03T02:33:09.320+0000] {dagbag.py:538} INFO - Filling up the DagBag from /home/airflow/.local/lib/python3.8/site-packages/airflow/example_dags/example_kubernetes_executor.py
[2024-01-03T02:33:09.328+0000] {processor.py:840} INFO - DAG(s) 'example_kubernetes_executor' retrieved from /home/airflow/.local/lib/python3.8/site-packages/airflow/example_dags/example_kubernetes_executor.py
[2024-01-03T02:33:09.351+0000] {logging_mixin.py:188} INFO - [2024-01-03T02:33:09.351+0000] {dag.py:3033} INFO - Sync 1 DAGs
[2024-01-03T02:33:09.361+0000] {logging_mixin.py:188} INFO - [2024-01-03T02:33:09.361+0000] {dag.py:3820} INFO - Setting next_dagrun for example_kubernetes_executor to None, run_after=None
[2024-01-03T02:33:09.374+0000] {processor.py:183} INFO - Processing /home/airflow/.local/lib/python3.8/site-packages/airflow/example_dags/example_kubernetes_executor.py took 0.058 seconds
[2024-01-03T02:33:39.475+0000] {processor.py:161} INFO - Started process (PID=1646) to work on /home/airflow/.local/lib/python3.8/site-packages/airflow/example_dags/example_kubernetes_executor.py
[2024-01-03T02:33:39.476+0000] {processor.py:830} INFO - Processing file /home/airflow/.local/lib/python3.8/site-packages/airflow/example_dags/example_kubernetes_executor.py for tasks to queue
[2024-01-03T02:33:39.478+0000] {logging_mixin.py:188} INFO - [2024-01-03T02:33:39.477+0000] {dagbag.py:538} INFO - Filling up the DagBag from /home/airflow/.local/lib/python3.8/site-packages/airflow/example_dags/example_kubernetes_executor.py
[2024-01-03T02:33:39.486+0000] {processor.py:840} INFO - DAG(s) 'example_kubernetes_executor' retrieved from /home/airflow/.local/lib/python3.8/site-packages/airflow/example_dags/example_kubernetes_executor.py
[2024-01-03T02:33:39.510+0000] {logging_mixin.py:188} INFO - [2024-01-03T02:33:39.510+0000] {dag.py:3033} INFO - Sync 1 DAGs
[2024-01-03T02:33:39.519+0000] {logging_mixin.py:188} INFO - [2024-01-03T02:33:39.519+0000] {dag.py:3820} INFO - Setting next_dagrun for example_kubernetes_executor to None, run_after=None
[2024-01-03T02:33:39.531+0000] {processor.py:183} INFO - Processing /home/airflow/.local/lib/python3.8/site-packages/airflow/example_dags/example_kubernetes_executor.py took 0.058 seconds
[2024-01-03T02:34:09.569+0000] {processor.py:161} INFO - Started process (PID=1701) to work on /home/airflow/.local/lib/python3.8/site-packages/airflow/example_dags/example_kubernetes_executor.py
[2024-01-03T02:34:09.569+0000] {processor.py:830} INFO - Processing file /home/airflow/.local/lib/python3.8/site-packages/airflow/example_dags/example_kubernetes_executor.py for tasks to queue
[2024-01-03T02:34:09.571+0000] {logging_mixin.py:188} INFO - [2024-01-03T02:34:09.571+0000] {dagbag.py:538} INFO - Filling up the DagBag from /home/airflow/.local/lib/python3.8/site-packages/airflow/example_dags/example_kubernetes_executor.py
[2024-01-03T02:34:09.580+0000] {processor.py:840} INFO - DAG(s) 'example_kubernetes_executor' retrieved from /home/airflow/.local/lib/python3.8/site-packages/airflow/example_dags/example_kubernetes_executor.py
[2024-01-03T02:34:09.603+0000] {logging_mixin.py:188} INFO - [2024-01-03T02:34:09.602+0000] {dag.py:3033} INFO - Sync 1 DAGs
[2024-01-03T02:34:09.611+0000] {logging_mixin.py:188} INFO - [2024-01-03T02:34:09.611+0000] {dag.py:3820} INFO - Setting next_dagrun for example_kubernetes_executor to None, run_after=None
[2024-01-03T02:34:09.623+0000] {processor.py:183} INFO - Processing /home/airflow/.local/lib/python3.8/site-packages/airflow/example_dags/example_kubernetes_executor.py took 0.057 seconds
[2024-01-03T02:34:40.242+0000] {processor.py:161} INFO - Started process (PID=1757) to work on /home/airflow/.local/lib/python3.8/site-packages/airflow/example_dags/example_kubernetes_executor.py
[2024-01-03T02:34:40.243+0000] {processor.py:830} INFO - Processing file /home/airflow/.local/lib/python3.8/site-packages/airflow/example_dags/example_kubernetes_executor.py for tasks to queue
[2024-01-03T02:34:40.244+0000] {logging_mixin.py:188} INFO - [2024-01-03T02:34:40.244+0000] {dagbag.py:538} INFO - Filling up the DagBag from /home/airflow/.local/lib/python3.8/site-packages/airflow/example_dags/example_kubernetes_executor.py
[2024-01-03T02:34:40.253+0000] {processor.py:840} INFO - DAG(s) 'example_kubernetes_executor' retrieved from /home/airflow/.local/lib/python3.8/site-packages/airflow/example_dags/example_kubernetes_executor.py
[2024-01-03T02:34:40.276+0000] {logging_mixin.py:188} INFO - [2024-01-03T02:34:40.276+0000] {dag.py:3033} INFO - Sync 1 DAGs
[2024-01-03T02:34:40.286+0000] {logging_mixin.py:188} INFO - [2024-01-03T02:34:40.285+0000] {dag.py:3820} INFO - Setting next_dagrun for example_kubernetes_executor to None, run_after=None
[2024-01-03T02:34:40.297+0000] {processor.py:183} INFO - Processing /home/airflow/.local/lib/python3.8/site-packages/airflow/example_dags/example_kubernetes_executor.py took 0.057 seconds
[2024-01-03T02:35:11.092+0000] {processor.py:161} INFO - Started process (PID=1812) to work on /home/airflow/.local/lib/python3.8/site-packages/airflow/example_dags/example_kubernetes_executor.py
[2024-01-03T02:35:11.092+0000] {processor.py:830} INFO - Processing file /home/airflow/.local/lib/python3.8/site-packages/airflow/example_dags/example_kubernetes_executor.py for tasks to queue
[2024-01-03T02:35:11.094+0000] {logging_mixin.py:188} INFO - [2024-01-03T02:35:11.094+0000] {dagbag.py:538} INFO - Filling up the DagBag from /home/airflow/.local/lib/python3.8/site-packages/airflow/example_dags/example_kubernetes_executor.py
[2024-01-03T02:35:11.103+0000] {processor.py:840} INFO - DAG(s) 'example_kubernetes_executor' retrieved from /home/airflow/.local/lib/python3.8/site-packages/airflow/example_dags/example_kubernetes_executor.py
[2024-01-03T02:35:11.127+0000] {logging_mixin.py:188} INFO - [2024-01-03T02:35:11.127+0000] {dag.py:3033} INFO - Sync 1 DAGs
[2024-01-03T02:35:11.136+0000] {logging_mixin.py:188} INFO - [2024-01-03T02:35:11.136+0000] {dag.py:3820} INFO - Setting next_dagrun for example_kubernetes_executor to None, run_after=None
[2024-01-03T02:35:11.148+0000] {processor.py:183} INFO - Processing /home/airflow/.local/lib/python3.8/site-packages/airflow/example_dags/example_kubernetes_executor.py took 0.059 seconds
[2024-01-03T02:35:41.974+0000] {processor.py:161} INFO - Started process (PID=1867) to work on /home/airflow/.local/lib/python3.8/site-packages/airflow/example_dags/example_kubernetes_executor.py
[2024-01-03T02:35:41.975+0000] {processor.py:830} INFO - Processing file /home/airflow/.local/lib/python3.8/site-packages/airflow/example_dags/example_kubernetes_executor.py for tasks to queue
[2024-01-03T02:35:41.976+0000] {logging_mixin.py:188} INFO - [2024-01-03T02:35:41.976+0000] {dagbag.py:538} INFO - Filling up the DagBag from /home/airflow/.local/lib/python3.8/site-packages/airflow/example_dags/example_kubernetes_executor.py
[2024-01-03T02:35:41.987+0000] {processor.py:840} INFO - DAG(s) 'example_kubernetes_executor' retrieved from /home/airflow/.local/lib/python3.8/site-packages/airflow/example_dags/example_kubernetes_executor.py
[2024-01-03T02:35:42.011+0000] {logging_mixin.py:188} INFO - [2024-01-03T02:35:42.010+0000] {dag.py:3033} INFO - Sync 1 DAGs
[2024-01-03T02:35:42.021+0000] {logging_mixin.py:188} INFO - [2024-01-03T02:35:42.021+0000] {dag.py:3820} INFO - Setting next_dagrun for example_kubernetes_executor to None, run_after=None
[2024-01-03T02:35:42.033+0000] {processor.py:183} INFO - Processing /home/airflow/.local/lib/python3.8/site-packages/airflow/example_dags/example_kubernetes_executor.py took 0.061 seconds
[2024-01-03T02:36:12.779+0000] {processor.py:161} INFO - Started process (PID=1922) to work on /home/airflow/.local/lib/python3.8/site-packages/airflow/example_dags/example_kubernetes_executor.py
[2024-01-03T02:36:12.780+0000] {processor.py:830} INFO - Processing file /home/airflow/.local/lib/python3.8/site-packages/airflow/example_dags/example_kubernetes_executor.py for tasks to queue
[2024-01-03T02:36:12.781+0000] {logging_mixin.py:188} INFO - [2024-01-03T02:36:12.781+0000] {dagbag.py:538} INFO - Filling up the DagBag from /home/airflow/.local/lib/python3.8/site-packages/airflow/example_dags/example_kubernetes_executor.py
[2024-01-03T02:36:12.790+0000] {processor.py:840} INFO - DAG(s) 'example_kubernetes_executor' retrieved from /home/airflow/.local/lib/python3.8/site-packages/airflow/example_dags/example_kubernetes_executor.py
[2024-01-03T02:36:12.813+0000] {logging_mixin.py:188} INFO - [2024-01-03T02:36:12.813+0000] {dag.py:3033} INFO - Sync 1 DAGs
[2024-01-03T02:36:12.822+0000] {logging_mixin.py:188} INFO - [2024-01-03T02:36:12.821+0000] {dag.py:3820} INFO - Setting next_dagrun for example_kubernetes_executor to None, run_after=None
[2024-01-03T02:36:12.833+0000] {processor.py:183} INFO - Processing /home/airflow/.local/lib/python3.8/site-packages/airflow/example_dags/example_kubernetes_executor.py took 0.057 seconds
[2024-01-03T02:36:42.912+0000] {processor.py:161} INFO - Started process (PID=1977) to work on /home/airflow/.local/lib/python3.8/site-packages/airflow/example_dags/example_kubernetes_executor.py
[2024-01-03T02:36:42.912+0000] {processor.py:830} INFO - Processing file /home/airflow/.local/lib/python3.8/site-packages/airflow/example_dags/example_kubernetes_executor.py for tasks to queue
[2024-01-03T02:36:42.914+0000] {logging_mixin.py:188} INFO - [2024-01-03T02:36:42.914+0000] {dagbag.py:538} INFO - Filling up the DagBag from /home/airflow/.local/lib/python3.8/site-packages/airflow/example_dags/example_kubernetes_executor.py
[2024-01-03T02:36:42.922+0000] {processor.py:840} INFO - DAG(s) 'example_kubernetes_executor' retrieved from /home/airflow/.local/lib/python3.8/site-packages/airflow/example_dags/example_kubernetes_executor.py
[2024-01-03T02:36:42.946+0000] {logging_mixin.py:188} INFO - [2024-01-03T02:36:42.946+0000] {dag.py:3033} INFO - Sync 1 DAGs
[2024-01-03T02:36:42.956+0000] {logging_mixin.py:188} INFO - [2024-01-03T02:36:42.955+0000] {dag.py:3820} INFO - Setting next_dagrun for example_kubernetes_executor to None, run_after=None
[2024-01-03T02:36:42.969+0000] {processor.py:183} INFO - Processing /home/airflow/.local/lib/python3.8/site-packages/airflow/example_dags/example_kubernetes_executor.py took 0.059 seconds
[2024-01-03T02:41:32.046+0000] {processor.py:161} INFO - Started process (PID=2038) to work on /home/airflow/.local/lib/python3.8/site-packages/airflow/example_dags/example_kubernetes_executor.py
[2024-01-03T02:41:32.047+0000] {processor.py:830} INFO - Processing file /home/airflow/.local/lib/python3.8/site-packages/airflow/example_dags/example_kubernetes_executor.py for tasks to queue
[2024-01-03T02:41:32.049+0000] {logging_mixin.py:188} INFO - [2024-01-03T02:41:32.048+0000] {dagbag.py:538} INFO - Filling up the DagBag from /home/airflow/.local/lib/python3.8/site-packages/airflow/example_dags/example_kubernetes_executor.py
[2024-01-03T02:41:32.087+0000] {processor.py:840} INFO - DAG(s) 'example_kubernetes_executor' retrieved from /home/airflow/.local/lib/python3.8/site-packages/airflow/example_dags/example_kubernetes_executor.py
[2024-01-03T02:41:32.127+0000] {logging_mixin.py:188} INFO - [2024-01-03T02:41:32.126+0000] {dag.py:3033} INFO - Sync 1 DAGs
[2024-01-03T02:41:32.139+0000] {logging_mixin.py:188} INFO - [2024-01-03T02:41:32.138+0000] {dag.py:3820} INFO - Setting next_dagrun for example_kubernetes_executor to None, run_after=None
[2024-01-03T02:41:32.157+0000] {processor.py:183} INFO - Processing /home/airflow/.local/lib/python3.8/site-packages/airflow/example_dags/example_kubernetes_executor.py took 0.114 seconds
[2024-01-03T02:42:02.859+0000] {processor.py:161} INFO - Started process (PID=2093) to work on /home/airflow/.local/lib/python3.8/site-packages/airflow/example_dags/example_kubernetes_executor.py
[2024-01-03T02:42:02.860+0000] {processor.py:830} INFO - Processing file /home/airflow/.local/lib/python3.8/site-packages/airflow/example_dags/example_kubernetes_executor.py for tasks to queue
[2024-01-03T02:42:02.861+0000] {logging_mixin.py:188} INFO - [2024-01-03T02:42:02.861+0000] {dagbag.py:538} INFO - Filling up the DagBag from /home/airflow/.local/lib/python3.8/site-packages/airflow/example_dags/example_kubernetes_executor.py
[2024-01-03T02:42:02.870+0000] {processor.py:840} INFO - DAG(s) 'example_kubernetes_executor' retrieved from /home/airflow/.local/lib/python3.8/site-packages/airflow/example_dags/example_kubernetes_executor.py
[2024-01-03T02:42:02.895+0000] {logging_mixin.py:188} INFO - [2024-01-03T02:42:02.894+0000] {dag.py:3033} INFO - Sync 1 DAGs
[2024-01-03T02:42:02.904+0000] {logging_mixin.py:188} INFO - [2024-01-03T02:42:02.903+0000] {dag.py:3820} INFO - Setting next_dagrun for example_kubernetes_executor to None, run_after=None
[2024-01-03T02:42:02.916+0000] {processor.py:183} INFO - Processing /home/airflow/.local/lib/python3.8/site-packages/airflow/example_dags/example_kubernetes_executor.py took 0.059 seconds
[2024-01-03T02:42:33.129+0000] {processor.py:161} INFO - Started process (PID=2148) to work on /home/airflow/.local/lib/python3.8/site-packages/airflow/example_dags/example_kubernetes_executor.py
[2024-01-03T02:42:33.130+0000] {processor.py:830} INFO - Processing file /home/airflow/.local/lib/python3.8/site-packages/airflow/example_dags/example_kubernetes_executor.py for tasks to queue
[2024-01-03T02:42:33.132+0000] {logging_mixin.py:188} INFO - [2024-01-03T02:42:33.132+0000] {dagbag.py:538} INFO - Filling up the DagBag from /home/airflow/.local/lib/python3.8/site-packages/airflow/example_dags/example_kubernetes_executor.py
[2024-01-03T02:42:33.141+0000] {processor.py:840} INFO - DAG(s) 'example_kubernetes_executor' retrieved from /home/airflow/.local/lib/python3.8/site-packages/airflow/example_dags/example_kubernetes_executor.py
[2024-01-03T02:42:33.166+0000] {logging_mixin.py:188} INFO - [2024-01-03T02:42:33.166+0000] {dag.py:3033} INFO - Sync 1 DAGs
[2024-01-03T02:42:33.175+0000] {logging_mixin.py:188} INFO - [2024-01-03T02:42:33.175+0000] {dag.py:3820} INFO - Setting next_dagrun for example_kubernetes_executor to None, run_after=None
[2024-01-03T02:42:33.196+0000] {processor.py:183} INFO - Processing /home/airflow/.local/lib/python3.8/site-packages/airflow/example_dags/example_kubernetes_executor.py took 0.068 seconds
[2024-01-03T02:43:03.432+0000] {processor.py:161} INFO - Started process (PID=2203) to work on /home/airflow/.local/lib/python3.8/site-packages/airflow/example_dags/example_kubernetes_executor.py
[2024-01-03T02:43:03.433+0000] {processor.py:830} INFO - Processing file /home/airflow/.local/lib/python3.8/site-packages/airflow/example_dags/example_kubernetes_executor.py for tasks to queue
[2024-01-03T02:43:03.434+0000] {logging_mixin.py:188} INFO - [2024-01-03T02:43:03.434+0000] {dagbag.py:538} INFO - Filling up the DagBag from /home/airflow/.local/lib/python3.8/site-packages/airflow/example_dags/example_kubernetes_executor.py
[2024-01-03T02:43:03.444+0000] {processor.py:840} INFO - DAG(s) 'example_kubernetes_executor' retrieved from /home/airflow/.local/lib/python3.8/site-packages/airflow/example_dags/example_kubernetes_executor.py
[2024-01-03T02:43:03.471+0000] {logging_mixin.py:188} INFO - [2024-01-03T02:43:03.471+0000] {dag.py:3033} INFO - Sync 1 DAGs
[2024-01-03T02:43:03.480+0000] {logging_mixin.py:188} INFO - [2024-01-03T02:43:03.480+0000] {dag.py:3820} INFO - Setting next_dagrun for example_kubernetes_executor to None, run_after=None
[2024-01-03T02:43:03.494+0000] {processor.py:183} INFO - Processing /home/airflow/.local/lib/python3.8/site-packages/airflow/example_dags/example_kubernetes_executor.py took 0.064 seconds
[2024-01-03T02:43:34.459+0000] {processor.py:161} INFO - Started process (PID=2258) to work on /home/airflow/.local/lib/python3.8/site-packages/airflow/example_dags/example_kubernetes_executor.py
[2024-01-03T02:43:34.460+0000] {processor.py:830} INFO - Processing file /home/airflow/.local/lib/python3.8/site-packages/airflow/example_dags/example_kubernetes_executor.py for tasks to queue
[2024-01-03T02:43:34.461+0000] {logging_mixin.py:188} INFO - [2024-01-03T02:43:34.461+0000] {dagbag.py:538} INFO - Filling up the DagBag from /home/airflow/.local/lib/python3.8/site-packages/airflow/example_dags/example_kubernetes_executor.py
[2024-01-03T02:43:34.471+0000] {processor.py:840} INFO - DAG(s) 'example_kubernetes_executor' retrieved from /home/airflow/.local/lib/python3.8/site-packages/airflow/example_dags/example_kubernetes_executor.py
[2024-01-03T02:43:34.496+0000] {logging_mixin.py:188} INFO - [2024-01-03T02:43:34.496+0000] {dag.py:3033} INFO - Sync 1 DAGs
[2024-01-03T02:43:34.633+0000] {logging_mixin.py:188} INFO - [2024-01-03T02:43:34.632+0000] {dag.py:3820} INFO - Setting next_dagrun for example_kubernetes_executor to None, run_after=None
[2024-01-03T02:43:34.650+0000] {processor.py:183} INFO - Processing /home/airflow/.local/lib/python3.8/site-packages/airflow/example_dags/example_kubernetes_executor.py took 0.193 seconds
[2024-01-03T02:44:04.939+0000] {processor.py:161} INFO - Started process (PID=2313) to work on /home/airflow/.local/lib/python3.8/site-packages/airflow/example_dags/example_kubernetes_executor.py
[2024-01-03T02:44:04.940+0000] {processor.py:830} INFO - Processing file /home/airflow/.local/lib/python3.8/site-packages/airflow/example_dags/example_kubernetes_executor.py for tasks to queue
[2024-01-03T02:44:04.941+0000] {logging_mixin.py:188} INFO - [2024-01-03T02:44:04.941+0000] {dagbag.py:538} INFO - Filling up the DagBag from /home/airflow/.local/lib/python3.8/site-packages/airflow/example_dags/example_kubernetes_executor.py
[2024-01-03T02:44:04.950+0000] {processor.py:840} INFO - DAG(s) 'example_kubernetes_executor' retrieved from /home/airflow/.local/lib/python3.8/site-packages/airflow/example_dags/example_kubernetes_executor.py
[2024-01-03T02:44:04.973+0000] {logging_mixin.py:188} INFO - [2024-01-03T02:44:04.973+0000] {dag.py:3033} INFO - Sync 1 DAGs
[2024-01-03T02:44:05.092+0000] {logging_mixin.py:188} INFO - [2024-01-03T02:44:05.092+0000] {dag.py:3820} INFO - Setting next_dagrun for example_kubernetes_executor to None, run_after=None
[2024-01-03T02:44:05.104+0000] {processor.py:183} INFO - Processing /home/airflow/.local/lib/python3.8/site-packages/airflow/example_dags/example_kubernetes_executor.py took 0.167 seconds
[2024-01-03T02:44:35.393+0000] {processor.py:161} INFO - Started process (PID=2368) to work on /home/airflow/.local/lib/python3.8/site-packages/airflow/example_dags/example_kubernetes_executor.py
[2024-01-03T02:44:35.394+0000] {processor.py:830} INFO - Processing file /home/airflow/.local/lib/python3.8/site-packages/airflow/example_dags/example_kubernetes_executor.py for tasks to queue
[2024-01-03T02:44:35.395+0000] {logging_mixin.py:188} INFO - [2024-01-03T02:44:35.395+0000] {dagbag.py:538} INFO - Filling up the DagBag from /home/airflow/.local/lib/python3.8/site-packages/airflow/example_dags/example_kubernetes_executor.py
[2024-01-03T02:44:35.404+0000] {processor.py:840} INFO - DAG(s) 'example_kubernetes_executor' retrieved from /home/airflow/.local/lib/python3.8/site-packages/airflow/example_dags/example_kubernetes_executor.py
[2024-01-03T02:44:35.428+0000] {logging_mixin.py:188} INFO - [2024-01-03T02:44:35.427+0000] {dag.py:3033} INFO - Sync 1 DAGs
[2024-01-03T02:44:35.544+0000] {logging_mixin.py:188} INFO - [2024-01-03T02:44:35.544+0000] {dag.py:3820} INFO - Setting next_dagrun for example_kubernetes_executor to None, run_after=None
[2024-01-03T02:44:35.556+0000] {processor.py:183} INFO - Processing /home/airflow/.local/lib/python3.8/site-packages/airflow/example_dags/example_kubernetes_executor.py took 0.164 seconds
[2024-01-03T02:45:05.998+0000] {processor.py:161} INFO - Started process (PID=2423) to work on /home/airflow/.local/lib/python3.8/site-packages/airflow/example_dags/example_kubernetes_executor.py
[2024-01-03T02:45:05.999+0000] {processor.py:830} INFO - Processing file /home/airflow/.local/lib/python3.8/site-packages/airflow/example_dags/example_kubernetes_executor.py for tasks to queue
[2024-01-03T02:45:06.001+0000] {logging_mixin.py:188} INFO - [2024-01-03T02:45:06.001+0000] {dagbag.py:538} INFO - Filling up the DagBag from /home/airflow/.local/lib/python3.8/site-packages/airflow/example_dags/example_kubernetes_executor.py
[2024-01-03T02:45:06.010+0000] {processor.py:840} INFO - DAG(s) 'example_kubernetes_executor' retrieved from /home/airflow/.local/lib/python3.8/site-packages/airflow/example_dags/example_kubernetes_executor.py
[2024-01-03T02:45:06.034+0000] {logging_mixin.py:188} INFO - [2024-01-03T02:45:06.033+0000] {dag.py:3033} INFO - Sync 1 DAGs
[2024-01-03T02:45:06.042+0000] {logging_mixin.py:188} INFO - [2024-01-03T02:45:06.042+0000] {dag.py:3820} INFO - Setting next_dagrun for example_kubernetes_executor to None, run_after=None
[2024-01-03T02:45:06.056+0000] {processor.py:183} INFO - Processing /home/airflow/.local/lib/python3.8/site-packages/airflow/example_dags/example_kubernetes_executor.py took 0.060 seconds
[2024-01-03T02:45:36.433+0000] {processor.py:161} INFO - Started process (PID=2478) to work on /home/airflow/.local/lib/python3.8/site-packages/airflow/example_dags/example_kubernetes_executor.py
[2024-01-03T02:45:36.434+0000] {processor.py:830} INFO - Processing file /home/airflow/.local/lib/python3.8/site-packages/airflow/example_dags/example_kubernetes_executor.py for tasks to queue
[2024-01-03T02:45:36.436+0000] {logging_mixin.py:188} INFO - [2024-01-03T02:45:36.436+0000] {dagbag.py:538} INFO - Filling up the DagBag from /home/airflow/.local/lib/python3.8/site-packages/airflow/example_dags/example_kubernetes_executor.py
[2024-01-03T02:45:36.445+0000] {processor.py:840} INFO - DAG(s) 'example_kubernetes_executor' retrieved from /home/airflow/.local/lib/python3.8/site-packages/airflow/example_dags/example_kubernetes_executor.py
[2024-01-03T02:45:36.469+0000] {logging_mixin.py:188} INFO - [2024-01-03T02:45:36.469+0000] {dag.py:3033} INFO - Sync 1 DAGs
[2024-01-03T02:45:36.477+0000] {logging_mixin.py:188} INFO - [2024-01-03T02:45:36.477+0000] {dag.py:3820} INFO - Setting next_dagrun for example_kubernetes_executor to None, run_after=None
[2024-01-03T02:45:36.490+0000] {processor.py:183} INFO - Processing /home/airflow/.local/lib/python3.8/site-packages/airflow/example_dags/example_kubernetes_executor.py took 0.059 seconds
[2024-01-03T02:46:07.421+0000] {processor.py:161} INFO - Started process (PID=2533) to work on /home/airflow/.local/lib/python3.8/site-packages/airflow/example_dags/example_kubernetes_executor.py
[2024-01-03T02:46:07.422+0000] {processor.py:830} INFO - Processing file /home/airflow/.local/lib/python3.8/site-packages/airflow/example_dags/example_kubernetes_executor.py for tasks to queue
[2024-01-03T02:46:07.423+0000] {logging_mixin.py:188} INFO - [2024-01-03T02:46:07.423+0000] {dagbag.py:538} INFO - Filling up the DagBag from /home/airflow/.local/lib/python3.8/site-packages/airflow/example_dags/example_kubernetes_executor.py
[2024-01-03T02:46:07.436+0000] {processor.py:840} INFO - DAG(s) 'example_kubernetes_executor' retrieved from /home/airflow/.local/lib/python3.8/site-packages/airflow/example_dags/example_kubernetes_executor.py
[2024-01-03T02:46:07.576+0000] {logging_mixin.py:188} INFO - [2024-01-03T02:46:07.576+0000] {dag.py:3033} INFO - Sync 1 DAGs
[2024-01-03T02:46:07.585+0000] {logging_mixin.py:188} INFO - [2024-01-03T02:46:07.585+0000] {dag.py:3820} INFO - Setting next_dagrun for example_kubernetes_executor to None, run_after=None
[2024-01-03T02:46:07.601+0000] {processor.py:183} INFO - Processing /home/airflow/.local/lib/python3.8/site-packages/airflow/example_dags/example_kubernetes_executor.py took 0.182 seconds
[2024-01-03T02:46:37.832+0000] {processor.py:161} INFO - Started process (PID=2588) to work on /home/airflow/.local/lib/python3.8/site-packages/airflow/example_dags/example_kubernetes_executor.py
[2024-01-03T02:46:37.832+0000] {processor.py:830} INFO - Processing file /home/airflow/.local/lib/python3.8/site-packages/airflow/example_dags/example_kubernetes_executor.py for tasks to queue
[2024-01-03T02:46:37.835+0000] {logging_mixin.py:188} INFO - [2024-01-03T02:46:37.834+0000] {dagbag.py:538} INFO - Filling up the DagBag from /home/airflow/.local/lib/python3.8/site-packages/airflow/example_dags/example_kubernetes_executor.py
[2024-01-03T02:46:37.846+0000] {processor.py:840} INFO - DAG(s) 'example_kubernetes_executor' retrieved from /home/airflow/.local/lib/python3.8/site-packages/airflow/example_dags/example_kubernetes_executor.py
[2024-01-03T02:46:37.980+0000] {logging_mixin.py:188} INFO - [2024-01-03T02:46:37.980+0000] {dag.py:3033} INFO - Sync 1 DAGs
[2024-01-03T02:46:37.989+0000] {logging_mixin.py:188} INFO - [2024-01-03T02:46:37.989+0000] {dag.py:3820} INFO - Setting next_dagrun for example_kubernetes_executor to None, run_after=None
[2024-01-03T02:46:38.003+0000] {processor.py:183} INFO - Processing /home/airflow/.local/lib/python3.8/site-packages/airflow/example_dags/example_kubernetes_executor.py took 0.174 seconds
[2024-01-03T02:47:08.807+0000] {processor.py:161} INFO - Started process (PID=2642) to work on /home/airflow/.local/lib/python3.8/site-packages/airflow/example_dags/example_kubernetes_executor.py
[2024-01-03T02:47:08.808+0000] {processor.py:830} INFO - Processing file /home/airflow/.local/lib/python3.8/site-packages/airflow/example_dags/example_kubernetes_executor.py for tasks to queue
[2024-01-03T02:47:08.809+0000] {logging_mixin.py:188} INFO - [2024-01-03T02:47:08.809+0000] {dagbag.py:538} INFO - Filling up the DagBag from /home/airflow/.local/lib/python3.8/site-packages/airflow/example_dags/example_kubernetes_executor.py
[2024-01-03T02:47:08.820+0000] {processor.py:840} INFO - DAG(s) 'example_kubernetes_executor' retrieved from /home/airflow/.local/lib/python3.8/site-packages/airflow/example_dags/example_kubernetes_executor.py
[2024-01-03T02:47:08.849+0000] {logging_mixin.py:188} INFO - [2024-01-03T02:47:08.849+0000] {dag.py:3033} INFO - Sync 1 DAGs
[2024-01-03T02:47:08.861+0000] {logging_mixin.py:188} INFO - [2024-01-03T02:47:08.860+0000] {dag.py:3820} INFO - Setting next_dagrun for example_kubernetes_executor to None, run_after=None
[2024-01-03T02:47:08.875+0000] {processor.py:183} INFO - Processing /home/airflow/.local/lib/python3.8/site-packages/airflow/example_dags/example_kubernetes_executor.py took 0.070 seconds
