[2024-01-03T02:18:55.862+0000] {processor.py:161} INFO - Started process (PID=68) to work on /home/airflow/.local/lib/python3.8/site-packages/airflow/example_dags/example_short_circuit_operator.py
[2024-01-03T02:18:55.863+0000] {processor.py:830} INFO - Processing file /home/airflow/.local/lib/python3.8/site-packages/airflow/example_dags/example_short_circuit_operator.py for tasks to queue
[2024-01-03T02:18:55.865+0000] {logging_mixin.py:188} INFO - [2024-01-03T02:18:55.865+0000] {dagbag.py:538} INFO - Filling up the DagBag from /home/airflow/.local/lib/python3.8/site-packages/airflow/example_dags/example_short_circuit_operator.py
[2024-01-03T02:18:55.871+0000] {processor.py:840} INFO - DAG(s) 'example_short_circuit_operator' retrieved from /home/airflow/.local/lib/python3.8/site-packages/airflow/example_dags/example_short_circuit_operator.py
[2024-01-03T02:18:55.943+0000] {logging_mixin.py:188} INFO - [2024-01-03T02:18:55.943+0000] {dag.py:3033} INFO - Sync 1 DAGs
[2024-01-03T02:18:55.959+0000] {logging_mixin.py:188} INFO - [2024-01-03T02:18:55.958+0000] {dag.py:3820} INFO - Setting next_dagrun for example_short_circuit_operator to 2024-01-02T00:00:00+00:00, run_after=2024-01-03T00:00:00+00:00
[2024-01-03T02:18:55.973+0000] {processor.py:183} INFO - Processing /home/airflow/.local/lib/python3.8/site-packages/airflow/example_dags/example_short_circuit_operator.py took 0.112 seconds
[2024-01-03T02:19:26.108+0000] {processor.py:161} INFO - Started process (PID=123) to work on /home/airflow/.local/lib/python3.8/site-packages/airflow/example_dags/example_short_circuit_operator.py
[2024-01-03T02:19:26.109+0000] {processor.py:830} INFO - Processing file /home/airflow/.local/lib/python3.8/site-packages/airflow/example_dags/example_short_circuit_operator.py for tasks to queue
[2024-01-03T02:19:26.111+0000] {logging_mixin.py:188} INFO - [2024-01-03T02:19:26.111+0000] {dagbag.py:538} INFO - Filling up the DagBag from /home/airflow/.local/lib/python3.8/site-packages/airflow/example_dags/example_short_circuit_operator.py
[2024-01-03T02:19:26.116+0000] {processor.py:840} INFO - DAG(s) 'example_short_circuit_operator' retrieved from /home/airflow/.local/lib/python3.8/site-packages/airflow/example_dags/example_short_circuit_operator.py
[2024-01-03T02:19:26.131+0000] {logging_mixin.py:188} INFO - [2024-01-03T02:19:26.130+0000] {dag.py:3033} INFO - Sync 1 DAGs
[2024-01-03T02:19:26.144+0000] {logging_mixin.py:188} INFO - [2024-01-03T02:19:26.144+0000] {dag.py:3820} INFO - Setting next_dagrun for example_short_circuit_operator to 2024-01-02T00:00:00+00:00, run_after=2024-01-03T00:00:00+00:00
[2024-01-03T02:19:26.156+0000] {processor.py:183} INFO - Processing /home/airflow/.local/lib/python3.8/site-packages/airflow/example_dags/example_short_circuit_operator.py took 0.050 seconds
[2024-01-03T02:19:56.272+0000] {processor.py:161} INFO - Started process (PID=178) to work on /home/airflow/.local/lib/python3.8/site-packages/airflow/example_dags/example_short_circuit_operator.py
[2024-01-03T02:19:56.272+0000] {processor.py:830} INFO - Processing file /home/airflow/.local/lib/python3.8/site-packages/airflow/example_dags/example_short_circuit_operator.py for tasks to queue
[2024-01-03T02:19:56.274+0000] {logging_mixin.py:188} INFO - [2024-01-03T02:19:56.274+0000] {dagbag.py:538} INFO - Filling up the DagBag from /home/airflow/.local/lib/python3.8/site-packages/airflow/example_dags/example_short_circuit_operator.py
[2024-01-03T02:19:56.279+0000] {processor.py:840} INFO - DAG(s) 'example_short_circuit_operator' retrieved from /home/airflow/.local/lib/python3.8/site-packages/airflow/example_dags/example_short_circuit_operator.py
[2024-01-03T02:19:56.293+0000] {logging_mixin.py:188} INFO - [2024-01-03T02:19:56.293+0000] {dag.py:3033} INFO - Sync 1 DAGs
[2024-01-03T02:19:56.308+0000] {logging_mixin.py:188} INFO - [2024-01-03T02:19:56.308+0000] {dag.py:3820} INFO - Setting next_dagrun for example_short_circuit_operator to 2024-01-02T00:00:00+00:00, run_after=2024-01-03T00:00:00+00:00
[2024-01-03T02:19:56.322+0000] {processor.py:183} INFO - Processing /home/airflow/.local/lib/python3.8/site-packages/airflow/example_dags/example_short_circuit_operator.py took 0.052 seconds
[2024-01-03T02:20:26.361+0000] {processor.py:161} INFO - Started process (PID=233) to work on /home/airflow/.local/lib/python3.8/site-packages/airflow/example_dags/example_short_circuit_operator.py
[2024-01-03T02:20:26.362+0000] {processor.py:830} INFO - Processing file /home/airflow/.local/lib/python3.8/site-packages/airflow/example_dags/example_short_circuit_operator.py for tasks to queue
[2024-01-03T02:20:26.363+0000] {logging_mixin.py:188} INFO - [2024-01-03T02:20:26.363+0000] {dagbag.py:538} INFO - Filling up the DagBag from /home/airflow/.local/lib/python3.8/site-packages/airflow/example_dags/example_short_circuit_operator.py
[2024-01-03T02:20:26.368+0000] {processor.py:840} INFO - DAG(s) 'example_short_circuit_operator' retrieved from /home/airflow/.local/lib/python3.8/site-packages/airflow/example_dags/example_short_circuit_operator.py
[2024-01-03T02:20:26.375+0000] {logging_mixin.py:188} INFO - [2024-01-03T02:20:26.375+0000] {dag.py:3033} INFO - Sync 1 DAGs
[2024-01-03T02:20:26.390+0000] {logging_mixin.py:188} INFO - [2024-01-03T02:20:26.390+0000] {dag.py:3820} INFO - Setting next_dagrun for example_short_circuit_operator to 2024-01-02T00:00:00+00:00, run_after=2024-01-03T00:00:00+00:00
[2024-01-03T02:20:26.404+0000] {processor.py:183} INFO - Processing /home/airflow/.local/lib/python3.8/site-packages/airflow/example_dags/example_short_circuit_operator.py took 0.045 seconds
[2024-01-03T02:20:57.086+0000] {processor.py:161} INFO - Started process (PID=288) to work on /home/airflow/.local/lib/python3.8/site-packages/airflow/example_dags/example_short_circuit_operator.py
[2024-01-03T02:20:57.087+0000] {processor.py:830} INFO - Processing file /home/airflow/.local/lib/python3.8/site-packages/airflow/example_dags/example_short_circuit_operator.py for tasks to queue
[2024-01-03T02:20:57.089+0000] {logging_mixin.py:188} INFO - [2024-01-03T02:20:57.088+0000] {dagbag.py:538} INFO - Filling up the DagBag from /home/airflow/.local/lib/python3.8/site-packages/airflow/example_dags/example_short_circuit_operator.py
[2024-01-03T02:20:57.094+0000] {processor.py:840} INFO - DAG(s) 'example_short_circuit_operator' retrieved from /home/airflow/.local/lib/python3.8/site-packages/airflow/example_dags/example_short_circuit_operator.py
[2024-01-03T02:20:57.102+0000] {logging_mixin.py:188} INFO - [2024-01-03T02:20:57.101+0000] {dag.py:3033} INFO - Sync 1 DAGs
[2024-01-03T02:20:57.119+0000] {logging_mixin.py:188} INFO - [2024-01-03T02:20:57.119+0000] {dag.py:3820} INFO - Setting next_dagrun for example_short_circuit_operator to 2024-01-02T00:00:00+00:00, run_after=2024-01-03T00:00:00+00:00
[2024-01-03T02:20:57.132+0000] {processor.py:183} INFO - Processing /home/airflow/.local/lib/python3.8/site-packages/airflow/example_dags/example_short_circuit_operator.py took 0.048 seconds
[2024-01-03T02:21:28.626+0000] {processor.py:161} INFO - Started process (PID=343) to work on /home/airflow/.local/lib/python3.8/site-packages/airflow/example_dags/example_short_circuit_operator.py
[2024-01-03T02:21:28.627+0000] {processor.py:830} INFO - Processing file /home/airflow/.local/lib/python3.8/site-packages/airflow/example_dags/example_short_circuit_operator.py for tasks to queue
[2024-01-03T02:21:28.628+0000] {logging_mixin.py:188} INFO - [2024-01-03T02:21:28.628+0000] {dagbag.py:538} INFO - Filling up the DagBag from /home/airflow/.local/lib/python3.8/site-packages/airflow/example_dags/example_short_circuit_operator.py
[2024-01-03T02:21:28.633+0000] {processor.py:840} INFO - DAG(s) 'example_short_circuit_operator' retrieved from /home/airflow/.local/lib/python3.8/site-packages/airflow/example_dags/example_short_circuit_operator.py
[2024-01-03T02:21:28.698+0000] {logging_mixin.py:188} INFO - [2024-01-03T02:21:28.698+0000] {dag.py:3033} INFO - Sync 1 DAGs
[2024-01-03T02:21:28.712+0000] {logging_mixin.py:188} INFO - [2024-01-03T02:21:28.712+0000] {dag.py:3820} INFO - Setting next_dagrun for example_short_circuit_operator to 2024-01-02T00:00:00+00:00, run_after=2024-01-03T00:00:00+00:00
[2024-01-03T02:21:28.725+0000] {processor.py:183} INFO - Processing /home/airflow/.local/lib/python3.8/site-packages/airflow/example_dags/example_short_circuit_operator.py took 0.101 seconds
[2024-01-03T02:21:59.033+0000] {processor.py:161} INFO - Started process (PID=398) to work on /home/airflow/.local/lib/python3.8/site-packages/airflow/example_dags/example_short_circuit_operator.py
[2024-01-03T02:21:59.034+0000] {processor.py:830} INFO - Processing file /home/airflow/.local/lib/python3.8/site-packages/airflow/example_dags/example_short_circuit_operator.py for tasks to queue
[2024-01-03T02:21:59.035+0000] {logging_mixin.py:188} INFO - [2024-01-03T02:21:59.035+0000] {dagbag.py:538} INFO - Filling up the DagBag from /home/airflow/.local/lib/python3.8/site-packages/airflow/example_dags/example_short_circuit_operator.py
[2024-01-03T02:21:59.040+0000] {processor.py:840} INFO - DAG(s) 'example_short_circuit_operator' retrieved from /home/airflow/.local/lib/python3.8/site-packages/airflow/example_dags/example_short_circuit_operator.py
[2024-01-03T02:21:59.055+0000] {logging_mixin.py:188} INFO - [2024-01-03T02:21:59.054+0000] {dag.py:3033} INFO - Sync 1 DAGs
[2024-01-03T02:21:59.069+0000] {logging_mixin.py:188} INFO - [2024-01-03T02:21:59.069+0000] {dag.py:3820} INFO - Setting next_dagrun for example_short_circuit_operator to 2024-01-02T00:00:00+00:00, run_after=2024-01-03T00:00:00+00:00
[2024-01-03T02:21:59.081+0000] {processor.py:183} INFO - Processing /home/airflow/.local/lib/python3.8/site-packages/airflow/example_dags/example_short_circuit_operator.py took 0.050 seconds
[2024-01-03T02:22:29.334+0000] {processor.py:161} INFO - Started process (PID=453) to work on /home/airflow/.local/lib/python3.8/site-packages/airflow/example_dags/example_short_circuit_operator.py
[2024-01-03T02:22:29.335+0000] {processor.py:830} INFO - Processing file /home/airflow/.local/lib/python3.8/site-packages/airflow/example_dags/example_short_circuit_operator.py for tasks to queue
[2024-01-03T02:22:29.337+0000] {logging_mixin.py:188} INFO - [2024-01-03T02:22:29.337+0000] {dagbag.py:538} INFO - Filling up the DagBag from /home/airflow/.local/lib/python3.8/site-packages/airflow/example_dags/example_short_circuit_operator.py
[2024-01-03T02:22:29.342+0000] {processor.py:840} INFO - DAG(s) 'example_short_circuit_operator' retrieved from /home/airflow/.local/lib/python3.8/site-packages/airflow/example_dags/example_short_circuit_operator.py
[2024-01-03T02:22:29.359+0000] {logging_mixin.py:188} INFO - [2024-01-03T02:22:29.359+0000] {dag.py:3033} INFO - Sync 1 DAGs
[2024-01-03T02:22:29.377+0000] {logging_mixin.py:188} INFO - [2024-01-03T02:22:29.376+0000] {dag.py:3820} INFO - Setting next_dagrun for example_short_circuit_operator to 2024-01-02T00:00:00+00:00, run_after=2024-01-03T00:00:00+00:00
[2024-01-03T02:22:29.391+0000] {processor.py:183} INFO - Processing /home/airflow/.local/lib/python3.8/site-packages/airflow/example_dags/example_short_circuit_operator.py took 0.059 seconds
[2024-01-03T02:22:59.540+0000] {processor.py:161} INFO - Started process (PID=508) to work on /home/airflow/.local/lib/python3.8/site-packages/airflow/example_dags/example_short_circuit_operator.py
[2024-01-03T02:22:59.541+0000] {processor.py:830} INFO - Processing file /home/airflow/.local/lib/python3.8/site-packages/airflow/example_dags/example_short_circuit_operator.py for tasks to queue
[2024-01-03T02:22:59.542+0000] {logging_mixin.py:188} INFO - [2024-01-03T02:22:59.542+0000] {dagbag.py:538} INFO - Filling up the DagBag from /home/airflow/.local/lib/python3.8/site-packages/airflow/example_dags/example_short_circuit_operator.py
[2024-01-03T02:22:59.548+0000] {processor.py:840} INFO - DAG(s) 'example_short_circuit_operator' retrieved from /home/airflow/.local/lib/python3.8/site-packages/airflow/example_dags/example_short_circuit_operator.py
[2024-01-03T02:22:59.564+0000] {logging_mixin.py:188} INFO - [2024-01-03T02:22:59.564+0000] {dag.py:3033} INFO - Sync 1 DAGs
[2024-01-03T02:22:59.580+0000] {logging_mixin.py:188} INFO - [2024-01-03T02:22:59.580+0000] {dag.py:3820} INFO - Setting next_dagrun for example_short_circuit_operator to 2024-01-02T00:00:00+00:00, run_after=2024-01-03T00:00:00+00:00
[2024-01-03T02:22:59.592+0000] {processor.py:183} INFO - Processing /home/airflow/.local/lib/python3.8/site-packages/airflow/example_dags/example_short_circuit_operator.py took 0.054 seconds
[2024-01-03T02:23:29.849+0000] {processor.py:161} INFO - Started process (PID=563) to work on /home/airflow/.local/lib/python3.8/site-packages/airflow/example_dags/example_short_circuit_operator.py
[2024-01-03T02:23:29.850+0000] {processor.py:830} INFO - Processing file /home/airflow/.local/lib/python3.8/site-packages/airflow/example_dags/example_short_circuit_operator.py for tasks to queue
[2024-01-03T02:23:29.852+0000] {logging_mixin.py:188} INFO - [2024-01-03T02:23:29.852+0000] {dagbag.py:538} INFO - Filling up the DagBag from /home/airflow/.local/lib/python3.8/site-packages/airflow/example_dags/example_short_circuit_operator.py
[2024-01-03T02:23:29.858+0000] {processor.py:840} INFO - DAG(s) 'example_short_circuit_operator' retrieved from /home/airflow/.local/lib/python3.8/site-packages/airflow/example_dags/example_short_circuit_operator.py
[2024-01-03T02:23:29.875+0000] {logging_mixin.py:188} INFO - [2024-01-03T02:23:29.874+0000] {dag.py:3033} INFO - Sync 1 DAGs
[2024-01-03T02:23:29.891+0000] {logging_mixin.py:188} INFO - [2024-01-03T02:23:29.891+0000] {dag.py:3820} INFO - Setting next_dagrun for example_short_circuit_operator to 2024-01-02T00:00:00+00:00, run_after=2024-01-03T00:00:00+00:00
[2024-01-03T02:23:29.903+0000] {processor.py:183} INFO - Processing /home/airflow/.local/lib/python3.8/site-packages/airflow/example_dags/example_short_circuit_operator.py took 0.056 seconds
[2024-01-03T02:24:00.105+0000] {processor.py:161} INFO - Started process (PID=618) to work on /home/airflow/.local/lib/python3.8/site-packages/airflow/example_dags/example_short_circuit_operator.py
[2024-01-03T02:24:00.107+0000] {processor.py:830} INFO - Processing file /home/airflow/.local/lib/python3.8/site-packages/airflow/example_dags/example_short_circuit_operator.py for tasks to queue
[2024-01-03T02:24:00.109+0000] {logging_mixin.py:188} INFO - [2024-01-03T02:24:00.109+0000] {dagbag.py:538} INFO - Filling up the DagBag from /home/airflow/.local/lib/python3.8/site-packages/airflow/example_dags/example_short_circuit_operator.py
[2024-01-03T02:24:00.116+0000] {processor.py:840} INFO - DAG(s) 'example_short_circuit_operator' retrieved from /home/airflow/.local/lib/python3.8/site-packages/airflow/example_dags/example_short_circuit_operator.py
[2024-01-03T02:24:00.136+0000] {logging_mixin.py:188} INFO - [2024-01-03T02:24:00.136+0000] {dag.py:3033} INFO - Sync 1 DAGs
[2024-01-03T02:24:00.160+0000] {logging_mixin.py:188} INFO - [2024-01-03T02:24:00.159+0000] {dag.py:3820} INFO - Setting next_dagrun for example_short_circuit_operator to 2024-01-02T00:00:00+00:00, run_after=2024-01-03T00:00:00+00:00
[2024-01-03T02:24:00.174+0000] {processor.py:183} INFO - Processing /home/airflow/.local/lib/python3.8/site-packages/airflow/example_dags/example_short_circuit_operator.py took 0.072 seconds
[2024-01-03T02:24:30.932+0000] {processor.py:161} INFO - Started process (PID=673) to work on /home/airflow/.local/lib/python3.8/site-packages/airflow/example_dags/example_short_circuit_operator.py
[2024-01-03T02:24:30.933+0000] {processor.py:830} INFO - Processing file /home/airflow/.local/lib/python3.8/site-packages/airflow/example_dags/example_short_circuit_operator.py for tasks to queue
[2024-01-03T02:24:30.935+0000] {logging_mixin.py:188} INFO - [2024-01-03T02:24:30.934+0000] {dagbag.py:538} INFO - Filling up the DagBag from /home/airflow/.local/lib/python3.8/site-packages/airflow/example_dags/example_short_circuit_operator.py
[2024-01-03T02:24:30.940+0000] {processor.py:840} INFO - DAG(s) 'example_short_circuit_operator' retrieved from /home/airflow/.local/lib/python3.8/site-packages/airflow/example_dags/example_short_circuit_operator.py
[2024-01-03T02:24:30.954+0000] {logging_mixin.py:188} INFO - [2024-01-03T02:24:30.954+0000] {dag.py:3033} INFO - Sync 1 DAGs
[2024-01-03T02:24:30.971+0000] {logging_mixin.py:188} INFO - [2024-01-03T02:24:30.971+0000] {dag.py:3820} INFO - Setting next_dagrun for example_short_circuit_operator to 2024-01-02T00:00:00+00:00, run_after=2024-01-03T00:00:00+00:00
[2024-01-03T02:24:30.983+0000] {processor.py:183} INFO - Processing /home/airflow/.local/lib/python3.8/site-packages/airflow/example_dags/example_short_circuit_operator.py took 0.053 seconds
[2024-01-03T02:25:01.752+0000] {processor.py:161} INFO - Started process (PID=728) to work on /home/airflow/.local/lib/python3.8/site-packages/airflow/example_dags/example_short_circuit_operator.py
[2024-01-03T02:25:01.753+0000] {processor.py:830} INFO - Processing file /home/airflow/.local/lib/python3.8/site-packages/airflow/example_dags/example_short_circuit_operator.py for tasks to queue
[2024-01-03T02:25:01.754+0000] {logging_mixin.py:188} INFO - [2024-01-03T02:25:01.754+0000] {dagbag.py:538} INFO - Filling up the DagBag from /home/airflow/.local/lib/python3.8/site-packages/airflow/example_dags/example_short_circuit_operator.py
[2024-01-03T02:25:01.759+0000] {processor.py:840} INFO - DAG(s) 'example_short_circuit_operator' retrieved from /home/airflow/.local/lib/python3.8/site-packages/airflow/example_dags/example_short_circuit_operator.py
[2024-01-03T02:25:01.774+0000] {logging_mixin.py:188} INFO - [2024-01-03T02:25:01.774+0000] {dag.py:3033} INFO - Sync 1 DAGs
[2024-01-03T02:25:01.787+0000] {logging_mixin.py:188} INFO - [2024-01-03T02:25:01.787+0000] {dag.py:3820} INFO - Setting next_dagrun for example_short_circuit_operator to 2024-01-02T00:00:00+00:00, run_after=2024-01-03T00:00:00+00:00
[2024-01-03T02:25:01.802+0000] {processor.py:183} INFO - Processing /home/airflow/.local/lib/python3.8/site-packages/airflow/example_dags/example_short_circuit_operator.py took 0.052 seconds
[2024-01-03T02:25:31.967+0000] {processor.py:161} INFO - Started process (PID=783) to work on /home/airflow/.local/lib/python3.8/site-packages/airflow/example_dags/example_short_circuit_operator.py
[2024-01-03T02:25:31.967+0000] {processor.py:830} INFO - Processing file /home/airflow/.local/lib/python3.8/site-packages/airflow/example_dags/example_short_circuit_operator.py for tasks to queue
[2024-01-03T02:25:31.969+0000] {logging_mixin.py:188} INFO - [2024-01-03T02:25:31.969+0000] {dagbag.py:538} INFO - Filling up the DagBag from /home/airflow/.local/lib/python3.8/site-packages/airflow/example_dags/example_short_circuit_operator.py
[2024-01-03T02:25:31.975+0000] {processor.py:840} INFO - DAG(s) 'example_short_circuit_operator' retrieved from /home/airflow/.local/lib/python3.8/site-packages/airflow/example_dags/example_short_circuit_operator.py
[2024-01-03T02:25:31.991+0000] {logging_mixin.py:188} INFO - [2024-01-03T02:25:31.991+0000] {dag.py:3033} INFO - Sync 1 DAGs
[2024-01-03T02:25:32.007+0000] {logging_mixin.py:188} INFO - [2024-01-03T02:25:32.007+0000] {dag.py:3820} INFO - Setting next_dagrun for example_short_circuit_operator to 2024-01-02T00:00:00+00:00, run_after=2024-01-03T00:00:00+00:00
[2024-01-03T02:25:32.020+0000] {processor.py:183} INFO - Processing /home/airflow/.local/lib/python3.8/site-packages/airflow/example_dags/example_short_circuit_operator.py took 0.055 seconds
[2024-01-03T02:26:02.144+0000] {processor.py:161} INFO - Started process (PID=838) to work on /home/airflow/.local/lib/python3.8/site-packages/airflow/example_dags/example_short_circuit_operator.py
[2024-01-03T02:26:02.145+0000] {processor.py:830} INFO - Processing file /home/airflow/.local/lib/python3.8/site-packages/airflow/example_dags/example_short_circuit_operator.py for tasks to queue
[2024-01-03T02:26:02.146+0000] {logging_mixin.py:188} INFO - [2024-01-03T02:26:02.146+0000] {dagbag.py:538} INFO - Filling up the DagBag from /home/airflow/.local/lib/python3.8/site-packages/airflow/example_dags/example_short_circuit_operator.py
[2024-01-03T02:26:02.151+0000] {processor.py:840} INFO - DAG(s) 'example_short_circuit_operator' retrieved from /home/airflow/.local/lib/python3.8/site-packages/airflow/example_dags/example_short_circuit_operator.py
[2024-01-03T02:26:02.167+0000] {logging_mixin.py:188} INFO - [2024-01-03T02:26:02.167+0000] {dag.py:3033} INFO - Sync 1 DAGs
[2024-01-03T02:26:02.182+0000] {logging_mixin.py:188} INFO - [2024-01-03T02:26:02.181+0000] {dag.py:3820} INFO - Setting next_dagrun for example_short_circuit_operator to 2024-01-02T00:00:00+00:00, run_after=2024-01-03T00:00:00+00:00
[2024-01-03T02:26:02.193+0000] {processor.py:183} INFO - Processing /home/airflow/.local/lib/python3.8/site-packages/airflow/example_dags/example_short_circuit_operator.py took 0.051 seconds
[2024-01-03T02:26:32.221+0000] {processor.py:161} INFO - Started process (PID=893) to work on /home/airflow/.local/lib/python3.8/site-packages/airflow/example_dags/example_short_circuit_operator.py
[2024-01-03T02:26:32.222+0000] {processor.py:830} INFO - Processing file /home/airflow/.local/lib/python3.8/site-packages/airflow/example_dags/example_short_circuit_operator.py for tasks to queue
[2024-01-03T02:26:32.224+0000] {logging_mixin.py:188} INFO - [2024-01-03T02:26:32.223+0000] {dagbag.py:538} INFO - Filling up the DagBag from /home/airflow/.local/lib/python3.8/site-packages/airflow/example_dags/example_short_circuit_operator.py
[2024-01-03T02:26:32.229+0000] {processor.py:840} INFO - DAG(s) 'example_short_circuit_operator' retrieved from /home/airflow/.local/lib/python3.8/site-packages/airflow/example_dags/example_short_circuit_operator.py
[2024-01-03T02:26:32.245+0000] {logging_mixin.py:188} INFO - [2024-01-03T02:26:32.245+0000] {dag.py:3033} INFO - Sync 1 DAGs
[2024-01-03T02:26:32.262+0000] {logging_mixin.py:188} INFO - [2024-01-03T02:26:32.261+0000] {dag.py:3820} INFO - Setting next_dagrun for example_short_circuit_operator to 2024-01-02T00:00:00+00:00, run_after=2024-01-03T00:00:00+00:00
[2024-01-03T02:26:32.276+0000] {processor.py:183} INFO - Processing /home/airflow/.local/lib/python3.8/site-packages/airflow/example_dags/example_short_circuit_operator.py took 0.056 seconds
[2024-01-03T02:27:02.985+0000] {processor.py:161} INFO - Started process (PID=948) to work on /home/airflow/.local/lib/python3.8/site-packages/airflow/example_dags/example_short_circuit_operator.py
[2024-01-03T02:27:02.986+0000] {processor.py:830} INFO - Processing file /home/airflow/.local/lib/python3.8/site-packages/airflow/example_dags/example_short_circuit_operator.py for tasks to queue
[2024-01-03T02:27:02.987+0000] {logging_mixin.py:188} INFO - [2024-01-03T02:27:02.987+0000] {dagbag.py:538} INFO - Filling up the DagBag from /home/airflow/.local/lib/python3.8/site-packages/airflow/example_dags/example_short_circuit_operator.py
[2024-01-03T02:27:02.992+0000] {processor.py:840} INFO - DAG(s) 'example_short_circuit_operator' retrieved from /home/airflow/.local/lib/python3.8/site-packages/airflow/example_dags/example_short_circuit_operator.py
[2024-01-03T02:27:03.006+0000] {logging_mixin.py:188} INFO - [2024-01-03T02:27:03.006+0000] {dag.py:3033} INFO - Sync 1 DAGs
[2024-01-03T02:27:03.020+0000] {logging_mixin.py:188} INFO - [2024-01-03T02:27:03.020+0000] {dag.py:3820} INFO - Setting next_dagrun for example_short_circuit_operator to 2024-01-02T00:00:00+00:00, run_after=2024-01-03T00:00:00+00:00
[2024-01-03T02:27:03.033+0000] {processor.py:183} INFO - Processing /home/airflow/.local/lib/python3.8/site-packages/airflow/example_dags/example_short_circuit_operator.py took 0.049 seconds
[2024-01-03T02:27:33.821+0000] {processor.py:161} INFO - Started process (PID=1003) to work on /home/airflow/.local/lib/python3.8/site-packages/airflow/example_dags/example_short_circuit_operator.py
[2024-01-03T02:27:33.822+0000] {processor.py:830} INFO - Processing file /home/airflow/.local/lib/python3.8/site-packages/airflow/example_dags/example_short_circuit_operator.py for tasks to queue
[2024-01-03T02:27:33.824+0000] {logging_mixin.py:188} INFO - [2024-01-03T02:27:33.823+0000] {dagbag.py:538} INFO - Filling up the DagBag from /home/airflow/.local/lib/python3.8/site-packages/airflow/example_dags/example_short_circuit_operator.py
[2024-01-03T02:27:33.829+0000] {processor.py:840} INFO - DAG(s) 'example_short_circuit_operator' retrieved from /home/airflow/.local/lib/python3.8/site-packages/airflow/example_dags/example_short_circuit_operator.py
[2024-01-03T02:27:33.844+0000] {logging_mixin.py:188} INFO - [2024-01-03T02:27:33.843+0000] {dag.py:3033} INFO - Sync 1 DAGs
[2024-01-03T02:27:33.858+0000] {logging_mixin.py:188} INFO - [2024-01-03T02:27:33.858+0000] {dag.py:3820} INFO - Setting next_dagrun for example_short_circuit_operator to 2024-01-02T00:00:00+00:00, run_after=2024-01-03T00:00:00+00:00
[2024-01-03T02:27:33.871+0000] {processor.py:183} INFO - Processing /home/airflow/.local/lib/python3.8/site-packages/airflow/example_dags/example_short_circuit_operator.py took 0.052 seconds
[2024-01-03T02:28:04.654+0000] {processor.py:161} INFO - Started process (PID=1058) to work on /home/airflow/.local/lib/python3.8/site-packages/airflow/example_dags/example_short_circuit_operator.py
[2024-01-03T02:28:04.655+0000] {processor.py:830} INFO - Processing file /home/airflow/.local/lib/python3.8/site-packages/airflow/example_dags/example_short_circuit_operator.py for tasks to queue
[2024-01-03T02:28:04.656+0000] {logging_mixin.py:188} INFO - [2024-01-03T02:28:04.656+0000] {dagbag.py:538} INFO - Filling up the DagBag from /home/airflow/.local/lib/python3.8/site-packages/airflow/example_dags/example_short_circuit_operator.py
[2024-01-03T02:28:04.662+0000] {processor.py:840} INFO - DAG(s) 'example_short_circuit_operator' retrieved from /home/airflow/.local/lib/python3.8/site-packages/airflow/example_dags/example_short_circuit_operator.py
[2024-01-03T02:28:04.677+0000] {logging_mixin.py:188} INFO - [2024-01-03T02:28:04.676+0000] {dag.py:3033} INFO - Sync 1 DAGs
[2024-01-03T02:28:04.691+0000] {logging_mixin.py:188} INFO - [2024-01-03T02:28:04.690+0000] {dag.py:3820} INFO - Setting next_dagrun for example_short_circuit_operator to 2024-01-02T00:00:00+00:00, run_after=2024-01-03T00:00:00+00:00
[2024-01-03T02:28:04.702+0000] {processor.py:183} INFO - Processing /home/airflow/.local/lib/python3.8/site-packages/airflow/example_dags/example_short_circuit_operator.py took 0.050 seconds
[2024-01-03T02:28:35.451+0000] {processor.py:161} INFO - Started process (PID=1113) to work on /home/airflow/.local/lib/python3.8/site-packages/airflow/example_dags/example_short_circuit_operator.py
[2024-01-03T02:28:35.452+0000] {processor.py:830} INFO - Processing file /home/airflow/.local/lib/python3.8/site-packages/airflow/example_dags/example_short_circuit_operator.py for tasks to queue
[2024-01-03T02:28:35.453+0000] {logging_mixin.py:188} INFO - [2024-01-03T02:28:35.453+0000] {dagbag.py:538} INFO - Filling up the DagBag from /home/airflow/.local/lib/python3.8/site-packages/airflow/example_dags/example_short_circuit_operator.py
[2024-01-03T02:28:35.458+0000] {processor.py:840} INFO - DAG(s) 'example_short_circuit_operator' retrieved from /home/airflow/.local/lib/python3.8/site-packages/airflow/example_dags/example_short_circuit_operator.py
[2024-01-03T02:28:35.473+0000] {logging_mixin.py:188} INFO - [2024-01-03T02:28:35.473+0000] {dag.py:3033} INFO - Sync 1 DAGs
[2024-01-03T02:28:35.487+0000] {logging_mixin.py:188} INFO - [2024-01-03T02:28:35.487+0000] {dag.py:3820} INFO - Setting next_dagrun for example_short_circuit_operator to 2024-01-02T00:00:00+00:00, run_after=2024-01-03T00:00:00+00:00
[2024-01-03T02:28:35.499+0000] {processor.py:183} INFO - Processing /home/airflow/.local/lib/python3.8/site-packages/airflow/example_dags/example_short_circuit_operator.py took 0.051 seconds
[2024-01-03T02:29:06.268+0000] {processor.py:161} INFO - Started process (PID=1168) to work on /home/airflow/.local/lib/python3.8/site-packages/airflow/example_dags/example_short_circuit_operator.py
[2024-01-03T02:29:06.269+0000] {processor.py:830} INFO - Processing file /home/airflow/.local/lib/python3.8/site-packages/airflow/example_dags/example_short_circuit_operator.py for tasks to queue
[2024-01-03T02:29:06.270+0000] {logging_mixin.py:188} INFO - [2024-01-03T02:29:06.270+0000] {dagbag.py:538} INFO - Filling up the DagBag from /home/airflow/.local/lib/python3.8/site-packages/airflow/example_dags/example_short_circuit_operator.py
[2024-01-03T02:29:06.275+0000] {processor.py:840} INFO - DAG(s) 'example_short_circuit_operator' retrieved from /home/airflow/.local/lib/python3.8/site-packages/airflow/example_dags/example_short_circuit_operator.py
[2024-01-03T02:29:06.291+0000] {logging_mixin.py:188} INFO - [2024-01-03T02:29:06.290+0000] {dag.py:3033} INFO - Sync 1 DAGs
[2024-01-03T02:29:06.305+0000] {logging_mixin.py:188} INFO - [2024-01-03T02:29:06.305+0000] {dag.py:3820} INFO - Setting next_dagrun for example_short_circuit_operator to 2024-01-02T00:00:00+00:00, run_after=2024-01-03T00:00:00+00:00
[2024-01-03T02:29:06.317+0000] {processor.py:183} INFO - Processing /home/airflow/.local/lib/python3.8/site-packages/airflow/example_dags/example_short_circuit_operator.py took 0.051 seconds
[2024-01-03T02:29:37.032+0000] {processor.py:161} INFO - Started process (PID=1223) to work on /home/airflow/.local/lib/python3.8/site-packages/airflow/example_dags/example_short_circuit_operator.py
[2024-01-03T02:29:37.033+0000] {processor.py:830} INFO - Processing file /home/airflow/.local/lib/python3.8/site-packages/airflow/example_dags/example_short_circuit_operator.py for tasks to queue
[2024-01-03T02:29:37.034+0000] {logging_mixin.py:188} INFO - [2024-01-03T02:29:37.034+0000] {dagbag.py:538} INFO - Filling up the DagBag from /home/airflow/.local/lib/python3.8/site-packages/airflow/example_dags/example_short_circuit_operator.py
[2024-01-03T02:29:37.039+0000] {processor.py:840} INFO - DAG(s) 'example_short_circuit_operator' retrieved from /home/airflow/.local/lib/python3.8/site-packages/airflow/example_dags/example_short_circuit_operator.py
[2024-01-03T02:29:37.054+0000] {logging_mixin.py:188} INFO - [2024-01-03T02:29:37.054+0000] {dag.py:3033} INFO - Sync 1 DAGs
[2024-01-03T02:29:37.069+0000] {logging_mixin.py:188} INFO - [2024-01-03T02:29:37.069+0000] {dag.py:3820} INFO - Setting next_dagrun for example_short_circuit_operator to 2024-01-02T00:00:00+00:00, run_after=2024-01-03T00:00:00+00:00
[2024-01-03T02:29:37.081+0000] {processor.py:183} INFO - Processing /home/airflow/.local/lib/python3.8/site-packages/airflow/example_dags/example_short_circuit_operator.py took 0.051 seconds
[2024-01-03T02:30:08.113+0000] {processor.py:161} INFO - Started process (PID=1278) to work on /home/airflow/.local/lib/python3.8/site-packages/airflow/example_dags/example_short_circuit_operator.py
[2024-01-03T02:30:08.114+0000] {processor.py:830} INFO - Processing file /home/airflow/.local/lib/python3.8/site-packages/airflow/example_dags/example_short_circuit_operator.py for tasks to queue
[2024-01-03T02:30:08.115+0000] {logging_mixin.py:188} INFO - [2024-01-03T02:30:08.115+0000] {dagbag.py:538} INFO - Filling up the DagBag from /home/airflow/.local/lib/python3.8/site-packages/airflow/example_dags/example_short_circuit_operator.py
[2024-01-03T02:30:08.120+0000] {processor.py:840} INFO - DAG(s) 'example_short_circuit_operator' retrieved from /home/airflow/.local/lib/python3.8/site-packages/airflow/example_dags/example_short_circuit_operator.py
[2024-01-03T02:30:08.135+0000] {logging_mixin.py:188} INFO - [2024-01-03T02:30:08.135+0000] {dag.py:3033} INFO - Sync 1 DAGs
[2024-01-03T02:30:08.150+0000] {logging_mixin.py:188} INFO - [2024-01-03T02:30:08.150+0000] {dag.py:3820} INFO - Setting next_dagrun for example_short_circuit_operator to 2024-01-02T00:00:00+00:00, run_after=2024-01-03T00:00:00+00:00
[2024-01-03T02:30:08.162+0000] {processor.py:183} INFO - Processing /home/airflow/.local/lib/python3.8/site-packages/airflow/example_dags/example_short_circuit_operator.py took 0.050 seconds
[2024-01-03T02:30:39.125+0000] {processor.py:161} INFO - Started process (PID=1333) to work on /home/airflow/.local/lib/python3.8/site-packages/airflow/example_dags/example_short_circuit_operator.py
[2024-01-03T02:30:39.126+0000] {processor.py:830} INFO - Processing file /home/airflow/.local/lib/python3.8/site-packages/airflow/example_dags/example_short_circuit_operator.py for tasks to queue
[2024-01-03T02:30:39.127+0000] {logging_mixin.py:188} INFO - [2024-01-03T02:30:39.127+0000] {dagbag.py:538} INFO - Filling up the DagBag from /home/airflow/.local/lib/python3.8/site-packages/airflow/example_dags/example_short_circuit_operator.py
[2024-01-03T02:30:39.133+0000] {processor.py:840} INFO - DAG(s) 'example_short_circuit_operator' retrieved from /home/airflow/.local/lib/python3.8/site-packages/airflow/example_dags/example_short_circuit_operator.py
[2024-01-03T02:30:39.148+0000] {logging_mixin.py:188} INFO - [2024-01-03T02:30:39.148+0000] {dag.py:3033} INFO - Sync 1 DAGs
[2024-01-03T02:30:39.164+0000] {logging_mixin.py:188} INFO - [2024-01-03T02:30:39.164+0000] {dag.py:3820} INFO - Setting next_dagrun for example_short_circuit_operator to 2024-01-02T00:00:00+00:00, run_after=2024-01-03T00:00:00+00:00
[2024-01-03T02:30:39.179+0000] {processor.py:183} INFO - Processing /home/airflow/.local/lib/python3.8/site-packages/airflow/example_dags/example_short_circuit_operator.py took 0.055 seconds
[2024-01-03T02:31:09.460+0000] {processor.py:161} INFO - Started process (PID=1388) to work on /home/airflow/.local/lib/python3.8/site-packages/airflow/example_dags/example_short_circuit_operator.py
[2024-01-03T02:31:09.461+0000] {processor.py:830} INFO - Processing file /home/airflow/.local/lib/python3.8/site-packages/airflow/example_dags/example_short_circuit_operator.py for tasks to queue
[2024-01-03T02:31:09.462+0000] {logging_mixin.py:188} INFO - [2024-01-03T02:31:09.462+0000] {dagbag.py:538} INFO - Filling up the DagBag from /home/airflow/.local/lib/python3.8/site-packages/airflow/example_dags/example_short_circuit_operator.py
[2024-01-03T02:31:09.467+0000] {processor.py:840} INFO - DAG(s) 'example_short_circuit_operator' retrieved from /home/airflow/.local/lib/python3.8/site-packages/airflow/example_dags/example_short_circuit_operator.py
[2024-01-03T02:31:09.482+0000] {logging_mixin.py:188} INFO - [2024-01-03T02:31:09.481+0000] {dag.py:3033} INFO - Sync 1 DAGs
[2024-01-03T02:31:09.495+0000] {logging_mixin.py:188} INFO - [2024-01-03T02:31:09.495+0000] {dag.py:3820} INFO - Setting next_dagrun for example_short_circuit_operator to 2024-01-02T00:00:00+00:00, run_after=2024-01-03T00:00:00+00:00
[2024-01-03T02:31:09.508+0000] {processor.py:183} INFO - Processing /home/airflow/.local/lib/python3.8/site-packages/airflow/example_dags/example_short_circuit_operator.py took 0.050 seconds
[2024-01-03T02:31:39.631+0000] {processor.py:161} INFO - Started process (PID=1443) to work on /home/airflow/.local/lib/python3.8/site-packages/airflow/example_dags/example_short_circuit_operator.py
[2024-01-03T02:31:39.632+0000] {processor.py:830} INFO - Processing file /home/airflow/.local/lib/python3.8/site-packages/airflow/example_dags/example_short_circuit_operator.py for tasks to queue
[2024-01-03T02:31:39.634+0000] {logging_mixin.py:188} INFO - [2024-01-03T02:31:39.634+0000] {dagbag.py:538} INFO - Filling up the DagBag from /home/airflow/.local/lib/python3.8/site-packages/airflow/example_dags/example_short_circuit_operator.py
[2024-01-03T02:31:39.639+0000] {processor.py:840} INFO - DAG(s) 'example_short_circuit_operator' retrieved from /home/airflow/.local/lib/python3.8/site-packages/airflow/example_dags/example_short_circuit_operator.py
[2024-01-03T02:31:39.655+0000] {logging_mixin.py:188} INFO - [2024-01-03T02:31:39.655+0000] {dag.py:3033} INFO - Sync 1 DAGs
[2024-01-03T02:31:39.671+0000] {logging_mixin.py:188} INFO - [2024-01-03T02:31:39.671+0000] {dag.py:3820} INFO - Setting next_dagrun for example_short_circuit_operator to 2024-01-02T00:00:00+00:00, run_after=2024-01-03T00:00:00+00:00
[2024-01-03T02:31:39.688+0000] {processor.py:183} INFO - Processing /home/airflow/.local/lib/python3.8/site-packages/airflow/example_dags/example_short_circuit_operator.py took 0.058 seconds
[2024-01-03T02:32:09.805+0000] {processor.py:161} INFO - Started process (PID=1498) to work on /home/airflow/.local/lib/python3.8/site-packages/airflow/example_dags/example_short_circuit_operator.py
[2024-01-03T02:32:09.806+0000] {processor.py:830} INFO - Processing file /home/airflow/.local/lib/python3.8/site-packages/airflow/example_dags/example_short_circuit_operator.py for tasks to queue
[2024-01-03T02:32:09.808+0000] {logging_mixin.py:188} INFO - [2024-01-03T02:32:09.808+0000] {dagbag.py:538} INFO - Filling up the DagBag from /home/airflow/.local/lib/python3.8/site-packages/airflow/example_dags/example_short_circuit_operator.py
[2024-01-03T02:32:09.813+0000] {processor.py:840} INFO - DAG(s) 'example_short_circuit_operator' retrieved from /home/airflow/.local/lib/python3.8/site-packages/airflow/example_dags/example_short_circuit_operator.py
[2024-01-03T02:32:09.828+0000] {logging_mixin.py:188} INFO - [2024-01-03T02:32:09.827+0000] {dag.py:3033} INFO - Sync 1 DAGs
[2024-01-03T02:32:09.842+0000] {logging_mixin.py:188} INFO - [2024-01-03T02:32:09.842+0000] {dag.py:3820} INFO - Setting next_dagrun for example_short_circuit_operator to 2024-01-02T00:00:00+00:00, run_after=2024-01-03T00:00:00+00:00
[2024-01-03T02:32:09.856+0000] {processor.py:183} INFO - Processing /home/airflow/.local/lib/python3.8/site-packages/airflow/example_dags/example_short_circuit_operator.py took 0.053 seconds
[2024-01-03T02:32:39.893+0000] {processor.py:161} INFO - Started process (PID=1553) to work on /home/airflow/.local/lib/python3.8/site-packages/airflow/example_dags/example_short_circuit_operator.py
[2024-01-03T02:32:39.894+0000] {processor.py:830} INFO - Processing file /home/airflow/.local/lib/python3.8/site-packages/airflow/example_dags/example_short_circuit_operator.py for tasks to queue
[2024-01-03T02:32:39.895+0000] {logging_mixin.py:188} INFO - [2024-01-03T02:32:39.895+0000] {dagbag.py:538} INFO - Filling up the DagBag from /home/airflow/.local/lib/python3.8/site-packages/airflow/example_dags/example_short_circuit_operator.py
[2024-01-03T02:32:39.900+0000] {processor.py:840} INFO - DAG(s) 'example_short_circuit_operator' retrieved from /home/airflow/.local/lib/python3.8/site-packages/airflow/example_dags/example_short_circuit_operator.py
[2024-01-03T02:32:39.914+0000] {logging_mixin.py:188} INFO - [2024-01-03T02:32:39.914+0000] {dag.py:3033} INFO - Sync 1 DAGs
[2024-01-03T02:32:39.928+0000] {logging_mixin.py:188} INFO - [2024-01-03T02:32:39.928+0000] {dag.py:3820} INFO - Setting next_dagrun for example_short_circuit_operator to 2024-01-02T00:00:00+00:00, run_after=2024-01-03T00:00:00+00:00
[2024-01-03T02:32:39.941+0000] {processor.py:183} INFO - Processing /home/airflow/.local/lib/python3.8/site-packages/airflow/example_dags/example_short_circuit_operator.py took 0.050 seconds
[2024-01-03T02:33:10.021+0000] {processor.py:161} INFO - Started process (PID=1608) to work on /home/airflow/.local/lib/python3.8/site-packages/airflow/example_dags/example_short_circuit_operator.py
[2024-01-03T02:33:10.022+0000] {processor.py:830} INFO - Processing file /home/airflow/.local/lib/python3.8/site-packages/airflow/example_dags/example_short_circuit_operator.py for tasks to queue
[2024-01-03T02:33:10.024+0000] {logging_mixin.py:188} INFO - [2024-01-03T02:33:10.024+0000] {dagbag.py:538} INFO - Filling up the DagBag from /home/airflow/.local/lib/python3.8/site-packages/airflow/example_dags/example_short_circuit_operator.py
[2024-01-03T02:33:10.028+0000] {processor.py:840} INFO - DAG(s) 'example_short_circuit_operator' retrieved from /home/airflow/.local/lib/python3.8/site-packages/airflow/example_dags/example_short_circuit_operator.py
[2024-01-03T02:33:10.044+0000] {logging_mixin.py:188} INFO - [2024-01-03T02:33:10.044+0000] {dag.py:3033} INFO - Sync 1 DAGs
[2024-01-03T02:33:10.060+0000] {logging_mixin.py:188} INFO - [2024-01-03T02:33:10.060+0000] {dag.py:3820} INFO - Setting next_dagrun for example_short_circuit_operator to 2024-01-02T00:00:00+00:00, run_after=2024-01-03T00:00:00+00:00
[2024-01-03T02:33:10.076+0000] {processor.py:183} INFO - Processing /home/airflow/.local/lib/python3.8/site-packages/airflow/example_dags/example_short_circuit_operator.py took 0.057 seconds
[2024-01-03T02:33:40.212+0000] {processor.py:161} INFO - Started process (PID=1663) to work on /home/airflow/.local/lib/python3.8/site-packages/airflow/example_dags/example_short_circuit_operator.py
[2024-01-03T02:33:40.213+0000] {processor.py:830} INFO - Processing file /home/airflow/.local/lib/python3.8/site-packages/airflow/example_dags/example_short_circuit_operator.py for tasks to queue
[2024-01-03T02:33:40.215+0000] {logging_mixin.py:188} INFO - [2024-01-03T02:33:40.215+0000] {dagbag.py:538} INFO - Filling up the DagBag from /home/airflow/.local/lib/python3.8/site-packages/airflow/example_dags/example_short_circuit_operator.py
[2024-01-03T02:33:40.220+0000] {processor.py:840} INFO - DAG(s) 'example_short_circuit_operator' retrieved from /home/airflow/.local/lib/python3.8/site-packages/airflow/example_dags/example_short_circuit_operator.py
[2024-01-03T02:33:40.235+0000] {logging_mixin.py:188} INFO - [2024-01-03T02:33:40.235+0000] {dag.py:3033} INFO - Sync 1 DAGs
[2024-01-03T02:33:40.250+0000] {logging_mixin.py:188} INFO - [2024-01-03T02:33:40.250+0000] {dag.py:3820} INFO - Setting next_dagrun for example_short_circuit_operator to 2024-01-02T00:00:00+00:00, run_after=2024-01-03T00:00:00+00:00
[2024-01-03T02:33:40.264+0000] {processor.py:183} INFO - Processing /home/airflow/.local/lib/python3.8/site-packages/airflow/example_dags/example_short_circuit_operator.py took 0.054 seconds
[2024-01-03T02:34:11.125+0000] {processor.py:161} INFO - Started process (PID=1718) to work on /home/airflow/.local/lib/python3.8/site-packages/airflow/example_dags/example_short_circuit_operator.py
[2024-01-03T02:34:11.125+0000] {processor.py:830} INFO - Processing file /home/airflow/.local/lib/python3.8/site-packages/airflow/example_dags/example_short_circuit_operator.py for tasks to queue
[2024-01-03T02:34:11.127+0000] {logging_mixin.py:188} INFO - [2024-01-03T02:34:11.127+0000] {dagbag.py:538} INFO - Filling up the DagBag from /home/airflow/.local/lib/python3.8/site-packages/airflow/example_dags/example_short_circuit_operator.py
[2024-01-03T02:34:11.131+0000] {processor.py:840} INFO - DAG(s) 'example_short_circuit_operator' retrieved from /home/airflow/.local/lib/python3.8/site-packages/airflow/example_dags/example_short_circuit_operator.py
[2024-01-03T02:34:11.146+0000] {logging_mixin.py:188} INFO - [2024-01-03T02:34:11.146+0000] {dag.py:3033} INFO - Sync 1 DAGs
[2024-01-03T02:34:11.162+0000] {logging_mixin.py:188} INFO - [2024-01-03T02:34:11.162+0000] {dag.py:3820} INFO - Setting next_dagrun for example_short_circuit_operator to 2024-01-02T00:00:00+00:00, run_after=2024-01-03T00:00:00+00:00
[2024-01-03T02:34:11.175+0000] {processor.py:183} INFO - Processing /home/airflow/.local/lib/python3.8/site-packages/airflow/example_dags/example_short_circuit_operator.py took 0.053 seconds
[2024-01-03T02:34:41.808+0000] {processor.py:161} INFO - Started process (PID=1774) to work on /home/airflow/.local/lib/python3.8/site-packages/airflow/example_dags/example_short_circuit_operator.py
[2024-01-03T02:34:41.808+0000] {processor.py:830} INFO - Processing file /home/airflow/.local/lib/python3.8/site-packages/airflow/example_dags/example_short_circuit_operator.py for tasks to queue
[2024-01-03T02:34:41.810+0000] {logging_mixin.py:188} INFO - [2024-01-03T02:34:41.810+0000] {dagbag.py:538} INFO - Filling up the DagBag from /home/airflow/.local/lib/python3.8/site-packages/airflow/example_dags/example_short_circuit_operator.py
[2024-01-03T02:34:41.814+0000] {processor.py:840} INFO - DAG(s) 'example_short_circuit_operator' retrieved from /home/airflow/.local/lib/python3.8/site-packages/airflow/example_dags/example_short_circuit_operator.py
[2024-01-03T02:34:41.829+0000] {logging_mixin.py:188} INFO - [2024-01-03T02:34:41.829+0000] {dag.py:3033} INFO - Sync 1 DAGs
[2024-01-03T02:34:41.844+0000] {logging_mixin.py:188} INFO - [2024-01-03T02:34:41.844+0000] {dag.py:3820} INFO - Setting next_dagrun for example_short_circuit_operator to 2024-01-02T00:00:00+00:00, run_after=2024-01-03T00:00:00+00:00
[2024-01-03T02:34:41.857+0000] {processor.py:183} INFO - Processing /home/airflow/.local/lib/python3.8/site-packages/airflow/example_dags/example_short_circuit_operator.py took 0.052 seconds
[2024-01-03T02:35:12.643+0000] {processor.py:161} INFO - Started process (PID=1829) to work on /home/airflow/.local/lib/python3.8/site-packages/airflow/example_dags/example_short_circuit_operator.py
[2024-01-03T02:35:12.644+0000] {processor.py:830} INFO - Processing file /home/airflow/.local/lib/python3.8/site-packages/airflow/example_dags/example_short_circuit_operator.py for tasks to queue
[2024-01-03T02:35:12.646+0000] {logging_mixin.py:188} INFO - [2024-01-03T02:35:12.646+0000] {dagbag.py:538} INFO - Filling up the DagBag from /home/airflow/.local/lib/python3.8/site-packages/airflow/example_dags/example_short_circuit_operator.py
[2024-01-03T02:35:12.650+0000] {processor.py:840} INFO - DAG(s) 'example_short_circuit_operator' retrieved from /home/airflow/.local/lib/python3.8/site-packages/airflow/example_dags/example_short_circuit_operator.py
[2024-01-03T02:35:12.666+0000] {logging_mixin.py:188} INFO - [2024-01-03T02:35:12.666+0000] {dag.py:3033} INFO - Sync 1 DAGs
[2024-01-03T02:35:12.681+0000] {logging_mixin.py:188} INFO - [2024-01-03T02:35:12.681+0000] {dag.py:3820} INFO - Setting next_dagrun for example_short_circuit_operator to 2024-01-02T00:00:00+00:00, run_after=2024-01-03T00:00:00+00:00
[2024-01-03T02:35:12.695+0000] {processor.py:183} INFO - Processing /home/airflow/.local/lib/python3.8/site-packages/airflow/example_dags/example_short_circuit_operator.py took 0.054 seconds
[2024-01-03T02:35:43.534+0000] {processor.py:161} INFO - Started process (PID=1884) to work on /home/airflow/.local/lib/python3.8/site-packages/airflow/example_dags/example_short_circuit_operator.py
[2024-01-03T02:35:43.535+0000] {processor.py:830} INFO - Processing file /home/airflow/.local/lib/python3.8/site-packages/airflow/example_dags/example_short_circuit_operator.py for tasks to queue
[2024-01-03T02:35:43.537+0000] {logging_mixin.py:188} INFO - [2024-01-03T02:35:43.537+0000] {dagbag.py:538} INFO - Filling up the DagBag from /home/airflow/.local/lib/python3.8/site-packages/airflow/example_dags/example_short_circuit_operator.py
[2024-01-03T02:35:43.541+0000] {processor.py:840} INFO - DAG(s) 'example_short_circuit_operator' retrieved from /home/airflow/.local/lib/python3.8/site-packages/airflow/example_dags/example_short_circuit_operator.py
[2024-01-03T02:35:43.555+0000] {logging_mixin.py:188} INFO - [2024-01-03T02:35:43.555+0000] {dag.py:3033} INFO - Sync 1 DAGs
[2024-01-03T02:35:43.570+0000] {logging_mixin.py:188} INFO - [2024-01-03T02:35:43.570+0000] {dag.py:3820} INFO - Setting next_dagrun for example_short_circuit_operator to 2024-01-02T00:00:00+00:00, run_after=2024-01-03T00:00:00+00:00
[2024-01-03T02:35:43.583+0000] {processor.py:183} INFO - Processing /home/airflow/.local/lib/python3.8/site-packages/airflow/example_dags/example_short_circuit_operator.py took 0.050 seconds
[2024-01-03T02:36:14.360+0000] {processor.py:161} INFO - Started process (PID=1939) to work on /home/airflow/.local/lib/python3.8/site-packages/airflow/example_dags/example_short_circuit_operator.py
[2024-01-03T02:36:14.361+0000] {processor.py:830} INFO - Processing file /home/airflow/.local/lib/python3.8/site-packages/airflow/example_dags/example_short_circuit_operator.py for tasks to queue
[2024-01-03T02:36:14.363+0000] {logging_mixin.py:188} INFO - [2024-01-03T02:36:14.362+0000] {dagbag.py:538} INFO - Filling up the DagBag from /home/airflow/.local/lib/python3.8/site-packages/airflow/example_dags/example_short_circuit_operator.py
[2024-01-03T02:36:14.367+0000] {processor.py:840} INFO - DAG(s) 'example_short_circuit_operator' retrieved from /home/airflow/.local/lib/python3.8/site-packages/airflow/example_dags/example_short_circuit_operator.py
[2024-01-03T02:36:14.384+0000] {logging_mixin.py:188} INFO - [2024-01-03T02:36:14.384+0000] {dag.py:3033} INFO - Sync 1 DAGs
[2024-01-03T02:36:14.400+0000] {logging_mixin.py:188} INFO - [2024-01-03T02:36:14.400+0000] {dag.py:3820} INFO - Setting next_dagrun for example_short_circuit_operator to 2024-01-02T00:00:00+00:00, run_after=2024-01-03T00:00:00+00:00
[2024-01-03T02:36:14.414+0000] {processor.py:183} INFO - Processing /home/airflow/.local/lib/python3.8/site-packages/airflow/example_dags/example_short_circuit_operator.py took 0.056 seconds
[2024-01-03T02:36:44.500+0000] {processor.py:161} INFO - Started process (PID=1994) to work on /home/airflow/.local/lib/python3.8/site-packages/airflow/example_dags/example_short_circuit_operator.py
[2024-01-03T02:36:44.500+0000] {processor.py:830} INFO - Processing file /home/airflow/.local/lib/python3.8/site-packages/airflow/example_dags/example_short_circuit_operator.py for tasks to queue
[2024-01-03T02:36:44.502+0000] {logging_mixin.py:188} INFO - [2024-01-03T02:36:44.502+0000] {dagbag.py:538} INFO - Filling up the DagBag from /home/airflow/.local/lib/python3.8/site-packages/airflow/example_dags/example_short_circuit_operator.py
[2024-01-03T02:36:44.506+0000] {processor.py:840} INFO - DAG(s) 'example_short_circuit_operator' retrieved from /home/airflow/.local/lib/python3.8/site-packages/airflow/example_dags/example_short_circuit_operator.py
[2024-01-03T02:36:44.521+0000] {logging_mixin.py:188} INFO - [2024-01-03T02:36:44.521+0000] {dag.py:3033} INFO - Sync 1 DAGs
[2024-01-03T02:36:44.536+0000] {logging_mixin.py:188} INFO - [2024-01-03T02:36:44.536+0000] {dag.py:3820} INFO - Setting next_dagrun for example_short_circuit_operator to 2024-01-02T00:00:00+00:00, run_after=2024-01-03T00:00:00+00:00
[2024-01-03T02:36:44.549+0000] {processor.py:183} INFO - Processing /home/airflow/.local/lib/python3.8/site-packages/airflow/example_dags/example_short_circuit_operator.py took 0.052 seconds
[2024-01-03T02:41:32.895+0000] {processor.py:161} INFO - Started process (PID=2055) to work on /home/airflow/.local/lib/python3.8/site-packages/airflow/example_dags/example_short_circuit_operator.py
[2024-01-03T02:41:32.896+0000] {processor.py:830} INFO - Processing file /home/airflow/.local/lib/python3.8/site-packages/airflow/example_dags/example_short_circuit_operator.py for tasks to queue
[2024-01-03T02:41:32.898+0000] {logging_mixin.py:188} INFO - [2024-01-03T02:41:32.898+0000] {dagbag.py:538} INFO - Filling up the DagBag from /home/airflow/.local/lib/python3.8/site-packages/airflow/example_dags/example_short_circuit_operator.py
[2024-01-03T02:41:32.904+0000] {processor.py:840} INFO - DAG(s) 'example_short_circuit_operator' retrieved from /home/airflow/.local/lib/python3.8/site-packages/airflow/example_dags/example_short_circuit_operator.py
[2024-01-03T02:41:32.927+0000] {logging_mixin.py:188} INFO - [2024-01-03T02:41:32.926+0000] {dag.py:3033} INFO - Sync 1 DAGs
[2024-01-03T02:41:32.948+0000] {logging_mixin.py:188} INFO - [2024-01-03T02:41:32.948+0000] {dag.py:3820} INFO - Setting next_dagrun for example_short_circuit_operator to 2024-01-02T00:00:00+00:00, run_after=2024-01-03T00:00:00+00:00
[2024-01-03T02:41:32.965+0000] {processor.py:183} INFO - Processing /home/airflow/.local/lib/python3.8/site-packages/airflow/example_dags/example_short_circuit_operator.py took 0.072 seconds
[2024-01-03T02:42:03.576+0000] {processor.py:161} INFO - Started process (PID=2110) to work on /home/airflow/.local/lib/python3.8/site-packages/airflow/example_dags/example_short_circuit_operator.py
[2024-01-03T02:42:03.577+0000] {processor.py:830} INFO - Processing file /home/airflow/.local/lib/python3.8/site-packages/airflow/example_dags/example_short_circuit_operator.py for tasks to queue
[2024-01-03T02:42:03.579+0000] {logging_mixin.py:188} INFO - [2024-01-03T02:42:03.579+0000] {dagbag.py:538} INFO - Filling up the DagBag from /home/airflow/.local/lib/python3.8/site-packages/airflow/example_dags/example_short_circuit_operator.py
[2024-01-03T02:42:03.583+0000] {processor.py:840} INFO - DAG(s) 'example_short_circuit_operator' retrieved from /home/airflow/.local/lib/python3.8/site-packages/airflow/example_dags/example_short_circuit_operator.py
[2024-01-03T02:42:03.598+0000] {logging_mixin.py:188} INFO - [2024-01-03T02:42:03.598+0000] {dag.py:3033} INFO - Sync 1 DAGs
[2024-01-03T02:42:03.614+0000] {logging_mixin.py:188} INFO - [2024-01-03T02:42:03.614+0000] {dag.py:3820} INFO - Setting next_dagrun for example_short_circuit_operator to 2024-01-02T00:00:00+00:00, run_after=2024-01-03T00:00:00+00:00
[2024-01-03T02:42:03.627+0000] {processor.py:183} INFO - Processing /home/airflow/.local/lib/python3.8/site-packages/airflow/example_dags/example_short_circuit_operator.py took 0.053 seconds
[2024-01-03T02:42:33.837+0000] {processor.py:161} INFO - Started process (PID=2165) to work on /home/airflow/.local/lib/python3.8/site-packages/airflow/example_dags/example_short_circuit_operator.py
[2024-01-03T02:42:33.838+0000] {processor.py:830} INFO - Processing file /home/airflow/.local/lib/python3.8/site-packages/airflow/example_dags/example_short_circuit_operator.py for tasks to queue
[2024-01-03T02:42:33.839+0000] {logging_mixin.py:188} INFO - [2024-01-03T02:42:33.839+0000] {dagbag.py:538} INFO - Filling up the DagBag from /home/airflow/.local/lib/python3.8/site-packages/airflow/example_dags/example_short_circuit_operator.py
[2024-01-03T02:42:33.846+0000] {processor.py:840} INFO - DAG(s) 'example_short_circuit_operator' retrieved from /home/airflow/.local/lib/python3.8/site-packages/airflow/example_dags/example_short_circuit_operator.py
[2024-01-03T02:42:33.865+0000] {logging_mixin.py:188} INFO - [2024-01-03T02:42:33.865+0000] {dag.py:3033} INFO - Sync 1 DAGs
[2024-01-03T02:42:33.886+0000] {logging_mixin.py:188} INFO - [2024-01-03T02:42:33.885+0000] {dag.py:3820} INFO - Setting next_dagrun for example_short_circuit_operator to 2024-01-02T00:00:00+00:00, run_after=2024-01-03T00:00:00+00:00
[2024-01-03T02:42:33.903+0000] {processor.py:183} INFO - Processing /home/airflow/.local/lib/python3.8/site-packages/airflow/example_dags/example_short_circuit_operator.py took 0.069 seconds
[2024-01-03T02:43:04.103+0000] {processor.py:161} INFO - Started process (PID=2220) to work on /home/airflow/.local/lib/python3.8/site-packages/airflow/example_dags/example_short_circuit_operator.py
[2024-01-03T02:43:04.104+0000] {processor.py:830} INFO - Processing file /home/airflow/.local/lib/python3.8/site-packages/airflow/example_dags/example_short_circuit_operator.py for tasks to queue
[2024-01-03T02:43:04.105+0000] {logging_mixin.py:188} INFO - [2024-01-03T02:43:04.105+0000] {dagbag.py:538} INFO - Filling up the DagBag from /home/airflow/.local/lib/python3.8/site-packages/airflow/example_dags/example_short_circuit_operator.py
[2024-01-03T02:43:04.111+0000] {processor.py:840} INFO - DAG(s) 'example_short_circuit_operator' retrieved from /home/airflow/.local/lib/python3.8/site-packages/airflow/example_dags/example_short_circuit_operator.py
[2024-01-03T02:43:04.127+0000] {logging_mixin.py:188} INFO - [2024-01-03T02:43:04.127+0000] {dag.py:3033} INFO - Sync 1 DAGs
[2024-01-03T02:43:04.141+0000] {logging_mixin.py:188} INFO - [2024-01-03T02:43:04.141+0000] {dag.py:3820} INFO - Setting next_dagrun for example_short_circuit_operator to 2024-01-02T00:00:00+00:00, run_after=2024-01-03T00:00:00+00:00
[2024-01-03T02:43:04.154+0000] {processor.py:183} INFO - Processing /home/airflow/.local/lib/python3.8/site-packages/airflow/example_dags/example_short_circuit_operator.py took 0.053 seconds
[2024-01-03T02:43:35.190+0000] {processor.py:161} INFO - Started process (PID=2275) to work on /home/airflow/.local/lib/python3.8/site-packages/airflow/example_dags/example_short_circuit_operator.py
[2024-01-03T02:43:35.190+0000] {processor.py:830} INFO - Processing file /home/airflow/.local/lib/python3.8/site-packages/airflow/example_dags/example_short_circuit_operator.py for tasks to queue
[2024-01-03T02:43:35.192+0000] {logging_mixin.py:188} INFO - [2024-01-03T02:43:35.192+0000] {dagbag.py:538} INFO - Filling up the DagBag from /home/airflow/.local/lib/python3.8/site-packages/airflow/example_dags/example_short_circuit_operator.py
[2024-01-03T02:43:35.197+0000] {processor.py:840} INFO - DAG(s) 'example_short_circuit_operator' retrieved from /home/airflow/.local/lib/python3.8/site-packages/airflow/example_dags/example_short_circuit_operator.py
[2024-01-03T02:43:35.212+0000] {logging_mixin.py:188} INFO - [2024-01-03T02:43:35.212+0000] {dag.py:3033} INFO - Sync 1 DAGs
[2024-01-03T02:43:35.228+0000] {logging_mixin.py:188} INFO - [2024-01-03T02:43:35.227+0000] {dag.py:3820} INFO - Setting next_dagrun for example_short_circuit_operator to 2024-01-02T00:00:00+00:00, run_after=2024-01-03T00:00:00+00:00
[2024-01-03T02:43:35.241+0000] {processor.py:183} INFO - Processing /home/airflow/.local/lib/python3.8/site-packages/airflow/example_dags/example_short_circuit_operator.py took 0.053 seconds
[2024-01-03T02:44:05.988+0000] {processor.py:161} INFO - Started process (PID=2330) to work on /home/airflow/.local/lib/python3.8/site-packages/airflow/example_dags/example_short_circuit_operator.py
[2024-01-03T02:44:05.988+0000] {processor.py:830} INFO - Processing file /home/airflow/.local/lib/python3.8/site-packages/airflow/example_dags/example_short_circuit_operator.py for tasks to queue
[2024-01-03T02:44:05.990+0000] {logging_mixin.py:188} INFO - [2024-01-03T02:44:05.989+0000] {dagbag.py:538} INFO - Filling up the DagBag from /home/airflow/.local/lib/python3.8/site-packages/airflow/example_dags/example_short_circuit_operator.py
[2024-01-03T02:44:05.994+0000] {processor.py:840} INFO - DAG(s) 'example_short_circuit_operator' retrieved from /home/airflow/.local/lib/python3.8/site-packages/airflow/example_dags/example_short_circuit_operator.py
[2024-01-03T02:44:06.010+0000] {logging_mixin.py:188} INFO - [2024-01-03T02:44:06.009+0000] {dag.py:3033} INFO - Sync 1 DAGs
[2024-01-03T02:44:06.024+0000] {logging_mixin.py:188} INFO - [2024-01-03T02:44:06.024+0000] {dag.py:3820} INFO - Setting next_dagrun for example_short_circuit_operator to 2024-01-02T00:00:00+00:00, run_after=2024-01-03T00:00:00+00:00
[2024-01-03T02:44:06.036+0000] {processor.py:183} INFO - Processing /home/airflow/.local/lib/python3.8/site-packages/airflow/example_dags/example_short_circuit_operator.py took 0.050 seconds
[2024-01-03T02:44:37.022+0000] {processor.py:161} INFO - Started process (PID=2385) to work on /home/airflow/.local/lib/python3.8/site-packages/airflow/example_dags/example_short_circuit_operator.py
[2024-01-03T02:44:37.023+0000] {processor.py:830} INFO - Processing file /home/airflow/.local/lib/python3.8/site-packages/airflow/example_dags/example_short_circuit_operator.py for tasks to queue
[2024-01-03T02:44:37.024+0000] {logging_mixin.py:188} INFO - [2024-01-03T02:44:37.024+0000] {dagbag.py:538} INFO - Filling up the DagBag from /home/airflow/.local/lib/python3.8/site-packages/airflow/example_dags/example_short_circuit_operator.py
[2024-01-03T02:44:37.029+0000] {processor.py:840} INFO - DAG(s) 'example_short_circuit_operator' retrieved from /home/airflow/.local/lib/python3.8/site-packages/airflow/example_dags/example_short_circuit_operator.py
[2024-01-03T02:44:37.045+0000] {logging_mixin.py:188} INFO - [2024-01-03T02:44:37.045+0000] {dag.py:3033} INFO - Sync 1 DAGs
[2024-01-03T02:44:37.164+0000] {logging_mixin.py:188} INFO - [2024-01-03T02:44:37.164+0000] {dag.py:3820} INFO - Setting next_dagrun for example_short_circuit_operator to 2024-01-02T00:00:00+00:00, run_after=2024-01-03T00:00:00+00:00
[2024-01-03T02:44:37.176+0000] {processor.py:183} INFO - Processing /home/airflow/.local/lib/python3.8/site-packages/airflow/example_dags/example_short_circuit_operator.py took 0.155 seconds
[2024-01-03T02:45:07.289+0000] {processor.py:161} INFO - Started process (PID=2440) to work on /home/airflow/.local/lib/python3.8/site-packages/airflow/example_dags/example_short_circuit_operator.py
[2024-01-03T02:45:07.290+0000] {processor.py:830} INFO - Processing file /home/airflow/.local/lib/python3.8/site-packages/airflow/example_dags/example_short_circuit_operator.py for tasks to queue
[2024-01-03T02:45:07.292+0000] {logging_mixin.py:188} INFO - [2024-01-03T02:45:07.291+0000] {dagbag.py:538} INFO - Filling up the DagBag from /home/airflow/.local/lib/python3.8/site-packages/airflow/example_dags/example_short_circuit_operator.py
[2024-01-03T02:45:07.296+0000] {processor.py:840} INFO - DAG(s) 'example_short_circuit_operator' retrieved from /home/airflow/.local/lib/python3.8/site-packages/airflow/example_dags/example_short_circuit_operator.py
[2024-01-03T02:45:07.311+0000] {logging_mixin.py:188} INFO - [2024-01-03T02:45:07.311+0000] {dag.py:3033} INFO - Sync 1 DAGs
[2024-01-03T02:45:07.326+0000] {logging_mixin.py:188} INFO - [2024-01-03T02:45:07.326+0000] {dag.py:3820} INFO - Setting next_dagrun for example_short_circuit_operator to 2024-01-02T00:00:00+00:00, run_after=2024-01-03T00:00:00+00:00
[2024-01-03T02:45:07.464+0000] {processor.py:183} INFO - Processing /home/airflow/.local/lib/python3.8/site-packages/airflow/example_dags/example_short_circuit_operator.py took 0.177 seconds
[2024-01-03T02:45:38.102+0000] {processor.py:161} INFO - Started process (PID=2495) to work on /home/airflow/.local/lib/python3.8/site-packages/airflow/example_dags/example_short_circuit_operator.py
[2024-01-03T02:45:38.102+0000] {processor.py:830} INFO - Processing file /home/airflow/.local/lib/python3.8/site-packages/airflow/example_dags/example_short_circuit_operator.py for tasks to queue
[2024-01-03T02:45:38.104+0000] {logging_mixin.py:188} INFO - [2024-01-03T02:45:38.104+0000] {dagbag.py:538} INFO - Filling up the DagBag from /home/airflow/.local/lib/python3.8/site-packages/airflow/example_dags/example_short_circuit_operator.py
[2024-01-03T02:45:38.109+0000] {processor.py:840} INFO - DAG(s) 'example_short_circuit_operator' retrieved from /home/airflow/.local/lib/python3.8/site-packages/airflow/example_dags/example_short_circuit_operator.py
[2024-01-03T02:45:38.124+0000] {logging_mixin.py:188} INFO - [2024-01-03T02:45:38.124+0000] {dag.py:3033} INFO - Sync 1 DAGs
[2024-01-03T02:45:38.139+0000] {logging_mixin.py:188} INFO - [2024-01-03T02:45:38.139+0000] {dag.py:3820} INFO - Setting next_dagrun for example_short_circuit_operator to 2024-01-02T00:00:00+00:00, run_after=2024-01-03T00:00:00+00:00
[2024-01-03T02:45:38.152+0000] {processor.py:183} INFO - Processing /home/airflow/.local/lib/python3.8/site-packages/airflow/example_dags/example_short_circuit_operator.py took 0.052 seconds
[2024-01-03T02:46:08.403+0000] {processor.py:161} INFO - Started process (PID=2550) to work on /home/airflow/.local/lib/python3.8/site-packages/airflow/example_dags/example_short_circuit_operator.py
[2024-01-03T02:46:08.404+0000] {processor.py:830} INFO - Processing file /home/airflow/.local/lib/python3.8/site-packages/airflow/example_dags/example_short_circuit_operator.py for tasks to queue
[2024-01-03T02:46:08.406+0000] {logging_mixin.py:188} INFO - [2024-01-03T02:46:08.406+0000] {dagbag.py:538} INFO - Filling up the DagBag from /home/airflow/.local/lib/python3.8/site-packages/airflow/example_dags/example_short_circuit_operator.py
[2024-01-03T02:46:08.412+0000] {processor.py:840} INFO - DAG(s) 'example_short_circuit_operator' retrieved from /home/airflow/.local/lib/python3.8/site-packages/airflow/example_dags/example_short_circuit_operator.py
[2024-01-03T02:46:08.432+0000] {logging_mixin.py:188} INFO - [2024-01-03T02:46:08.432+0000] {dag.py:3033} INFO - Sync 1 DAGs
[2024-01-03T02:46:08.450+0000] {logging_mixin.py:188} INFO - [2024-01-03T02:46:08.450+0000] {dag.py:3820} INFO - Setting next_dagrun for example_short_circuit_operator to 2024-01-02T00:00:00+00:00, run_after=2024-01-03T00:00:00+00:00
[2024-01-03T02:46:08.466+0000] {processor.py:183} INFO - Processing /home/airflow/.local/lib/python3.8/site-packages/airflow/example_dags/example_short_circuit_operator.py took 0.065 seconds
[2024-01-03T02:46:39.574+0000] {processor.py:161} INFO - Started process (PID=2605) to work on /home/airflow/.local/lib/python3.8/site-packages/airflow/example_dags/example_short_circuit_operator.py
[2024-01-03T02:46:39.575+0000] {processor.py:830} INFO - Processing file /home/airflow/.local/lib/python3.8/site-packages/airflow/example_dags/example_short_circuit_operator.py for tasks to queue
[2024-01-03T02:46:39.576+0000] {logging_mixin.py:188} INFO - [2024-01-03T02:46:39.576+0000] {dagbag.py:538} INFO - Filling up the DagBag from /home/airflow/.local/lib/python3.8/site-packages/airflow/example_dags/example_short_circuit_operator.py
[2024-01-03T02:46:39.581+0000] {processor.py:840} INFO - DAG(s) 'example_short_circuit_operator' retrieved from /home/airflow/.local/lib/python3.8/site-packages/airflow/example_dags/example_short_circuit_operator.py
[2024-01-03T02:46:39.705+0000] {logging_mixin.py:188} INFO - [2024-01-03T02:46:39.705+0000] {dag.py:3033} INFO - Sync 1 DAGs
[2024-01-03T02:46:39.718+0000] {logging_mixin.py:188} INFO - [2024-01-03T02:46:39.718+0000] {dag.py:3820} INFO - Setting next_dagrun for example_short_circuit_operator to 2024-01-02T00:00:00+00:00, run_after=2024-01-03T00:00:00+00:00
[2024-01-03T02:46:39.729+0000] {processor.py:183} INFO - Processing /home/airflow/.local/lib/python3.8/site-packages/airflow/example_dags/example_short_circuit_operator.py took 0.157 seconds
[2024-01-03T02:47:10.499+0000] {processor.py:161} INFO - Started process (PID=2659) to work on /home/airflow/.local/lib/python3.8/site-packages/airflow/example_dags/example_short_circuit_operator.py
[2024-01-03T02:47:10.500+0000] {processor.py:830} INFO - Processing file /home/airflow/.local/lib/python3.8/site-packages/airflow/example_dags/example_short_circuit_operator.py for tasks to queue
[2024-01-03T02:47:10.501+0000] {logging_mixin.py:188} INFO - [2024-01-03T02:47:10.501+0000] {dagbag.py:538} INFO - Filling up the DagBag from /home/airflow/.local/lib/python3.8/site-packages/airflow/example_dags/example_short_circuit_operator.py
[2024-01-03T02:47:10.507+0000] {processor.py:840} INFO - DAG(s) 'example_short_circuit_operator' retrieved from /home/airflow/.local/lib/python3.8/site-packages/airflow/example_dags/example_short_circuit_operator.py
[2024-01-03T02:47:10.524+0000] {logging_mixin.py:188} INFO - [2024-01-03T02:47:10.524+0000] {dag.py:3033} INFO - Sync 1 DAGs
[2024-01-03T02:47:10.540+0000] {logging_mixin.py:188} INFO - [2024-01-03T02:47:10.540+0000] {dag.py:3820} INFO - Setting next_dagrun for example_short_circuit_operator to 2024-01-02T00:00:00+00:00, run_after=2024-01-03T00:00:00+00:00
[2024-01-03T02:47:10.555+0000] {processor.py:183} INFO - Processing /home/airflow/.local/lib/python3.8/site-packages/airflow/example_dags/example_short_circuit_operator.py took 0.059 seconds
