[2024-01-03T02:12:55.045+0000] {processor.py:161} INFO - Started process (PID=57) to work on /home/airflow/.local/lib/python3.8/site-packages/airflow/example_dags/example_xcomargs.py
[2024-01-03T02:12:55.046+0000] {processor.py:830} INFO - Processing file /home/airflow/.local/lib/python3.8/site-packages/airflow/example_dags/example_xcomargs.py for tasks to queue
[2024-01-03T02:12:55.050+0000] {logging_mixin.py:188} INFO - [2024-01-03T02:12:55.048+0000] {dagbag.py:538} INFO - Filling up the DagBag from /home/airflow/.local/lib/python3.8/site-packages/airflow/example_dags/example_xcomargs.py
[2024-01-03T02:12:55.073+0000] {processor.py:840} INFO - DAG(s) 'example_xcom_args_with_operators', 'example_xcom_args' retrieved from /home/airflow/.local/lib/python3.8/site-packages/airflow/example_dags/example_xcomargs.py
[2024-01-03T02:12:55.182+0000] {logging_mixin.py:188} INFO - [2024-01-03T02:12:55.180+0000] {dag.py:3033} INFO - Sync 2 DAGs
[2024-01-03T02:18:55.096+0000] {processor.py:161} INFO - Started process (PID=56) to work on /home/airflow/.local/lib/python3.8/site-packages/airflow/example_dags/example_xcomargs.py
[2024-01-03T02:18:55.097+0000] {processor.py:830} INFO - Processing file /home/airflow/.local/lib/python3.8/site-packages/airflow/example_dags/example_xcomargs.py for tasks to queue
[2024-01-03T02:18:55.099+0000] {logging_mixin.py:188} INFO - [2024-01-03T02:18:55.098+0000] {dagbag.py:538} INFO - Filling up the DagBag from /home/airflow/.local/lib/python3.8/site-packages/airflow/example_dags/example_xcomargs.py
[2024-01-03T02:18:55.104+0000] {processor.py:840} INFO - DAG(s) 'example_xcom_args_with_operators', 'example_xcom_args' retrieved from /home/airflow/.local/lib/python3.8/site-packages/airflow/example_dags/example_xcomargs.py
[2024-01-03T02:18:55.195+0000] {logging_mixin.py:188} INFO - [2024-01-03T02:18:55.195+0000] {dag.py:3033} INFO - Sync 2 DAGs
[2024-01-03T02:18:55.203+0000] {logging_mixin.py:188} INFO - [2024-01-03T02:18:55.203+0000] {dag.py:3820} INFO - Setting next_dagrun for example_xcom_args to None, run_after=None
[2024-01-03T02:18:55.206+0000] {logging_mixin.py:188} INFO - [2024-01-03T02:18:55.206+0000] {dag.py:3820} INFO - Setting next_dagrun for example_xcom_args_with_operators to None, run_after=None
[2024-01-03T02:18:55.223+0000] {processor.py:183} INFO - Processing /home/airflow/.local/lib/python3.8/site-packages/airflow/example_dags/example_xcomargs.py took 0.130 seconds
[2024-01-03T02:19:25.627+0000] {processor.py:161} INFO - Started process (PID=111) to work on /home/airflow/.local/lib/python3.8/site-packages/airflow/example_dags/example_xcomargs.py
[2024-01-03T02:19:25.627+0000] {processor.py:830} INFO - Processing file /home/airflow/.local/lib/python3.8/site-packages/airflow/example_dags/example_xcomargs.py for tasks to queue
[2024-01-03T02:19:25.629+0000] {logging_mixin.py:188} INFO - [2024-01-03T02:19:25.629+0000] {dagbag.py:538} INFO - Filling up the DagBag from /home/airflow/.local/lib/python3.8/site-packages/airflow/example_dags/example_xcomargs.py
[2024-01-03T02:19:25.633+0000] {processor.py:840} INFO - DAG(s) 'example_xcom_args_with_operators', 'example_xcom_args' retrieved from /home/airflow/.local/lib/python3.8/site-packages/airflow/example_dags/example_xcomargs.py
[2024-01-03T02:19:25.648+0000] {logging_mixin.py:188} INFO - [2024-01-03T02:19:25.647+0000] {dag.py:3033} INFO - Sync 2 DAGs
[2024-01-03T02:19:25.656+0000] {logging_mixin.py:188} INFO - [2024-01-03T02:19:25.656+0000] {dag.py:3820} INFO - Setting next_dagrun for example_xcom_args to None, run_after=None
[2024-01-03T02:19:25.659+0000] {logging_mixin.py:188} INFO - [2024-01-03T02:19:25.659+0000] {dag.py:3820} INFO - Setting next_dagrun for example_xcom_args_with_operators to None, run_after=None
[2024-01-03T02:19:25.669+0000] {processor.py:183} INFO - Processing /home/airflow/.local/lib/python3.8/site-packages/airflow/example_dags/example_xcomargs.py took 0.044 seconds
[2024-01-03T02:19:55.831+0000] {processor.py:161} INFO - Started process (PID=166) to work on /home/airflow/.local/lib/python3.8/site-packages/airflow/example_dags/example_xcomargs.py
[2024-01-03T02:19:55.832+0000] {processor.py:830} INFO - Processing file /home/airflow/.local/lib/python3.8/site-packages/airflow/example_dags/example_xcomargs.py for tasks to queue
[2024-01-03T02:19:55.834+0000] {logging_mixin.py:188} INFO - [2024-01-03T02:19:55.834+0000] {dagbag.py:538} INFO - Filling up the DagBag from /home/airflow/.local/lib/python3.8/site-packages/airflow/example_dags/example_xcomargs.py
[2024-01-03T02:19:55.839+0000] {processor.py:840} INFO - DAG(s) 'example_xcom_args', 'example_xcom_args_with_operators' retrieved from /home/airflow/.local/lib/python3.8/site-packages/airflow/example_dags/example_xcomargs.py
[2024-01-03T02:19:55.853+0000] {logging_mixin.py:188} INFO - [2024-01-03T02:19:55.853+0000] {dag.py:3033} INFO - Sync 2 DAGs
[2024-01-03T02:19:55.862+0000] {logging_mixin.py:188} INFO - [2024-01-03T02:19:55.862+0000] {dag.py:3820} INFO - Setting next_dagrun for example_xcom_args to None, run_after=None
[2024-01-03T02:19:55.864+0000] {logging_mixin.py:188} INFO - [2024-01-03T02:19:55.864+0000] {dag.py:3820} INFO - Setting next_dagrun for example_xcom_args_with_operators to None, run_after=None
[2024-01-03T02:19:55.875+0000] {processor.py:183} INFO - Processing /home/airflow/.local/lib/python3.8/site-packages/airflow/example_dags/example_xcomargs.py took 0.046 seconds
[2024-01-03T02:20:25.929+0000] {processor.py:161} INFO - Started process (PID=221) to work on /home/airflow/.local/lib/python3.8/site-packages/airflow/example_dags/example_xcomargs.py
[2024-01-03T02:20:25.930+0000] {processor.py:830} INFO - Processing file /home/airflow/.local/lib/python3.8/site-packages/airflow/example_dags/example_xcomargs.py for tasks to queue
[2024-01-03T02:20:25.932+0000] {logging_mixin.py:188} INFO - [2024-01-03T02:20:25.931+0000] {dagbag.py:538} INFO - Filling up the DagBag from /home/airflow/.local/lib/python3.8/site-packages/airflow/example_dags/example_xcomargs.py
[2024-01-03T02:20:25.937+0000] {processor.py:840} INFO - DAG(s) 'example_xcom_args', 'example_xcom_args_with_operators' retrieved from /home/airflow/.local/lib/python3.8/site-packages/airflow/example_dags/example_xcomargs.py
[2024-01-03T02:20:25.945+0000] {logging_mixin.py:188} INFO - [2024-01-03T02:20:25.945+0000] {dag.py:3033} INFO - Sync 2 DAGs
[2024-01-03T02:20:25.956+0000] {logging_mixin.py:188} INFO - [2024-01-03T02:20:25.956+0000] {dag.py:3820} INFO - Setting next_dagrun for example_xcom_args to None, run_after=None
[2024-01-03T02:20:25.959+0000] {logging_mixin.py:188} INFO - [2024-01-03T02:20:25.959+0000] {dag.py:3820} INFO - Setting next_dagrun for example_xcom_args_with_operators to None, run_after=None
[2024-01-03T02:20:25.973+0000] {processor.py:183} INFO - Processing /home/airflow/.local/lib/python3.8/site-packages/airflow/example_dags/example_xcomargs.py took 0.046 seconds
[2024-01-03T02:20:56.659+0000] {processor.py:161} INFO - Started process (PID=276) to work on /home/airflow/.local/lib/python3.8/site-packages/airflow/example_dags/example_xcomargs.py
[2024-01-03T02:20:56.660+0000] {processor.py:830} INFO - Processing file /home/airflow/.local/lib/python3.8/site-packages/airflow/example_dags/example_xcomargs.py for tasks to queue
[2024-01-03T02:20:56.662+0000] {logging_mixin.py:188} INFO - [2024-01-03T02:20:56.661+0000] {dagbag.py:538} INFO - Filling up the DagBag from /home/airflow/.local/lib/python3.8/site-packages/airflow/example_dags/example_xcomargs.py
[2024-01-03T02:20:56.667+0000] {processor.py:840} INFO - DAG(s) 'example_xcom_args', 'example_xcom_args_with_operators' retrieved from /home/airflow/.local/lib/python3.8/site-packages/airflow/example_dags/example_xcomargs.py
[2024-01-03T02:20:56.675+0000] {logging_mixin.py:188} INFO - [2024-01-03T02:20:56.675+0000] {dag.py:3033} INFO - Sync 2 DAGs
[2024-01-03T02:20:56.685+0000] {logging_mixin.py:188} INFO - [2024-01-03T02:20:56.685+0000] {dag.py:3820} INFO - Setting next_dagrun for example_xcom_args to None, run_after=None
[2024-01-03T02:20:56.689+0000] {logging_mixin.py:188} INFO - [2024-01-03T02:20:56.689+0000] {dag.py:3820} INFO - Setting next_dagrun for example_xcom_args_with_operators to None, run_after=None
[2024-01-03T02:20:56.703+0000] {processor.py:183} INFO - Processing /home/airflow/.local/lib/python3.8/site-packages/airflow/example_dags/example_xcomargs.py took 0.046 seconds
[2024-01-03T02:21:27.937+0000] {processor.py:161} INFO - Started process (PID=331) to work on /home/airflow/.local/lib/python3.8/site-packages/airflow/example_dags/example_xcomargs.py
[2024-01-03T02:21:27.937+0000] {processor.py:830} INFO - Processing file /home/airflow/.local/lib/python3.8/site-packages/airflow/example_dags/example_xcomargs.py for tasks to queue
[2024-01-03T02:21:27.939+0000] {logging_mixin.py:188} INFO - [2024-01-03T02:21:27.939+0000] {dagbag.py:538} INFO - Filling up the DagBag from /home/airflow/.local/lib/python3.8/site-packages/airflow/example_dags/example_xcomargs.py
[2024-01-03T02:21:27.944+0000] {processor.py:840} INFO - DAG(s) 'example_xcom_args', 'example_xcom_args_with_operators' retrieved from /home/airflow/.local/lib/python3.8/site-packages/airflow/example_dags/example_xcomargs.py
[2024-01-03T02:21:28.017+0000] {logging_mixin.py:188} INFO - [2024-01-03T02:21:28.016+0000] {dag.py:3033} INFO - Sync 2 DAGs
[2024-01-03T02:21:28.025+0000] {logging_mixin.py:188} INFO - [2024-01-03T02:21:28.025+0000] {dag.py:3820} INFO - Setting next_dagrun for example_xcom_args to None, run_after=None
[2024-01-03T02:21:28.027+0000] {logging_mixin.py:188} INFO - [2024-01-03T02:21:28.027+0000] {dag.py:3820} INFO - Setting next_dagrun for example_xcom_args_with_operators to None, run_after=None
[2024-01-03T02:21:28.038+0000] {processor.py:183} INFO - Processing /home/airflow/.local/lib/python3.8/site-packages/airflow/example_dags/example_xcomargs.py took 0.103 seconds
[2024-01-03T02:21:58.586+0000] {processor.py:161} INFO - Started process (PID=386) to work on /home/airflow/.local/lib/python3.8/site-packages/airflow/example_dags/example_xcomargs.py
[2024-01-03T02:21:58.587+0000] {processor.py:830} INFO - Processing file /home/airflow/.local/lib/python3.8/site-packages/airflow/example_dags/example_xcomargs.py for tasks to queue
[2024-01-03T02:21:58.589+0000] {logging_mixin.py:188} INFO - [2024-01-03T02:21:58.589+0000] {dagbag.py:538} INFO - Filling up the DagBag from /home/airflow/.local/lib/python3.8/site-packages/airflow/example_dags/example_xcomargs.py
[2024-01-03T02:21:58.594+0000] {processor.py:840} INFO - DAG(s) 'example_xcom_args', 'example_xcom_args_with_operators' retrieved from /home/airflow/.local/lib/python3.8/site-packages/airflow/example_dags/example_xcomargs.py
[2024-01-03T02:21:58.609+0000] {logging_mixin.py:188} INFO - [2024-01-03T02:21:58.609+0000] {dag.py:3033} INFO - Sync 2 DAGs
[2024-01-03T02:21:58.618+0000] {logging_mixin.py:188} INFO - [2024-01-03T02:21:58.618+0000] {dag.py:3820} INFO - Setting next_dagrun for example_xcom_args to None, run_after=None
[2024-01-03T02:21:58.620+0000] {logging_mixin.py:188} INFO - [2024-01-03T02:21:58.620+0000] {dag.py:3820} INFO - Setting next_dagrun for example_xcom_args_with_operators to None, run_after=None
[2024-01-03T02:21:58.631+0000] {processor.py:183} INFO - Processing /home/airflow/.local/lib/python3.8/site-packages/airflow/example_dags/example_xcomargs.py took 0.046 seconds
[2024-01-03T02:22:28.788+0000] {processor.py:161} INFO - Started process (PID=441) to work on /home/airflow/.local/lib/python3.8/site-packages/airflow/example_dags/example_xcomargs.py
[2024-01-03T02:22:28.789+0000] {processor.py:830} INFO - Processing file /home/airflow/.local/lib/python3.8/site-packages/airflow/example_dags/example_xcomargs.py for tasks to queue
[2024-01-03T02:22:28.792+0000] {logging_mixin.py:188} INFO - [2024-01-03T02:22:28.791+0000] {dagbag.py:538} INFO - Filling up the DagBag from /home/airflow/.local/lib/python3.8/site-packages/airflow/example_dags/example_xcomargs.py
[2024-01-03T02:22:28.799+0000] {processor.py:840} INFO - DAG(s) 'example_xcom_args', 'example_xcom_args_with_operators' retrieved from /home/airflow/.local/lib/python3.8/site-packages/airflow/example_dags/example_xcomargs.py
[2024-01-03T02:22:28.818+0000] {logging_mixin.py:188} INFO - [2024-01-03T02:22:28.818+0000] {dag.py:3033} INFO - Sync 2 DAGs
[2024-01-03T02:22:28.830+0000] {logging_mixin.py:188} INFO - [2024-01-03T02:22:28.830+0000] {dag.py:3820} INFO - Setting next_dagrun for example_xcom_args to None, run_after=None
[2024-01-03T02:22:28.838+0000] {logging_mixin.py:188} INFO - [2024-01-03T02:22:28.838+0000] {dag.py:3820} INFO - Setting next_dagrun for example_xcom_args_with_operators to None, run_after=None
[2024-01-03T02:22:28.854+0000] {processor.py:183} INFO - Processing /home/airflow/.local/lib/python3.8/site-packages/airflow/example_dags/example_xcomargs.py took 0.068 seconds
[2024-01-03T02:22:59.109+0000] {processor.py:161} INFO - Started process (PID=496) to work on /home/airflow/.local/lib/python3.8/site-packages/airflow/example_dags/example_xcomargs.py
[2024-01-03T02:22:59.109+0000] {processor.py:830} INFO - Processing file /home/airflow/.local/lib/python3.8/site-packages/airflow/example_dags/example_xcomargs.py for tasks to queue
[2024-01-03T02:22:59.111+0000] {logging_mixin.py:188} INFO - [2024-01-03T02:22:59.111+0000] {dagbag.py:538} INFO - Filling up the DagBag from /home/airflow/.local/lib/python3.8/site-packages/airflow/example_dags/example_xcomargs.py
[2024-01-03T02:22:59.116+0000] {processor.py:840} INFO - DAG(s) 'example_xcom_args_with_operators', 'example_xcom_args' retrieved from /home/airflow/.local/lib/python3.8/site-packages/airflow/example_dags/example_xcomargs.py
[2024-01-03T02:22:59.134+0000] {logging_mixin.py:188} INFO - [2024-01-03T02:22:59.134+0000] {dag.py:3033} INFO - Sync 2 DAGs
[2024-01-03T02:22:59.144+0000] {logging_mixin.py:188} INFO - [2024-01-03T02:22:59.144+0000] {dag.py:3820} INFO - Setting next_dagrun for example_xcom_args to None, run_after=None
[2024-01-03T02:22:59.147+0000] {logging_mixin.py:188} INFO - [2024-01-03T02:22:59.147+0000] {dag.py:3820} INFO - Setting next_dagrun for example_xcom_args_with_operators to None, run_after=None
[2024-01-03T02:22:59.159+0000] {processor.py:183} INFO - Processing /home/airflow/.local/lib/python3.8/site-packages/airflow/example_dags/example_xcomargs.py took 0.053 seconds
[2024-01-03T02:23:29.401+0000] {processor.py:161} INFO - Started process (PID=551) to work on /home/airflow/.local/lib/python3.8/site-packages/airflow/example_dags/example_xcomargs.py
[2024-01-03T02:23:29.402+0000] {processor.py:830} INFO - Processing file /home/airflow/.local/lib/python3.8/site-packages/airflow/example_dags/example_xcomargs.py for tasks to queue
[2024-01-03T02:23:29.404+0000] {logging_mixin.py:188} INFO - [2024-01-03T02:23:29.403+0000] {dagbag.py:538} INFO - Filling up the DagBag from /home/airflow/.local/lib/python3.8/site-packages/airflow/example_dags/example_xcomargs.py
[2024-01-03T02:23:29.409+0000] {processor.py:840} INFO - DAG(s) 'example_xcom_args_with_operators', 'example_xcom_args' retrieved from /home/airflow/.local/lib/python3.8/site-packages/airflow/example_dags/example_xcomargs.py
[2024-01-03T02:23:29.425+0000] {logging_mixin.py:188} INFO - [2024-01-03T02:23:29.424+0000] {dag.py:3033} INFO - Sync 2 DAGs
[2024-01-03T02:23:29.434+0000] {logging_mixin.py:188} INFO - [2024-01-03T02:23:29.434+0000] {dag.py:3820} INFO - Setting next_dagrun for example_xcom_args to None, run_after=None
[2024-01-03T02:23:29.437+0000] {logging_mixin.py:188} INFO - [2024-01-03T02:23:29.437+0000] {dag.py:3820} INFO - Setting next_dagrun for example_xcom_args_with_operators to None, run_after=None
[2024-01-03T02:23:29.449+0000] {processor.py:183} INFO - Processing /home/airflow/.local/lib/python3.8/site-packages/airflow/example_dags/example_xcomargs.py took 0.050 seconds
[2024-01-03T02:23:59.590+0000] {processor.py:161} INFO - Started process (PID=606) to work on /home/airflow/.local/lib/python3.8/site-packages/airflow/example_dags/example_xcomargs.py
[2024-01-03T02:23:59.591+0000] {processor.py:830} INFO - Processing file /home/airflow/.local/lib/python3.8/site-packages/airflow/example_dags/example_xcomargs.py for tasks to queue
[2024-01-03T02:23:59.594+0000] {logging_mixin.py:188} INFO - [2024-01-03T02:23:59.594+0000] {dagbag.py:538} INFO - Filling up the DagBag from /home/airflow/.local/lib/python3.8/site-packages/airflow/example_dags/example_xcomargs.py
[2024-01-03T02:23:59.604+0000] {processor.py:840} INFO - DAG(s) 'example_xcom_args', 'example_xcom_args_with_operators' retrieved from /home/airflow/.local/lib/python3.8/site-packages/airflow/example_dags/example_xcomargs.py
[2024-01-03T02:23:59.623+0000] {logging_mixin.py:188} INFO - [2024-01-03T02:23:59.623+0000] {dag.py:3033} INFO - Sync 2 DAGs
[2024-01-03T02:23:59.633+0000] {logging_mixin.py:188} INFO - [2024-01-03T02:23:59.633+0000] {dag.py:3820} INFO - Setting next_dagrun for example_xcom_args to None, run_after=None
[2024-01-03T02:23:59.636+0000] {logging_mixin.py:188} INFO - [2024-01-03T02:23:59.636+0000] {dag.py:3820} INFO - Setting next_dagrun for example_xcom_args_with_operators to None, run_after=None
[2024-01-03T02:23:59.651+0000] {processor.py:183} INFO - Processing /home/airflow/.local/lib/python3.8/site-packages/airflow/example_dags/example_xcomargs.py took 0.064 seconds
[2024-01-03T02:24:30.499+0000] {processor.py:161} INFO - Started process (PID=661) to work on /home/airflow/.local/lib/python3.8/site-packages/airflow/example_dags/example_xcomargs.py
[2024-01-03T02:24:30.499+0000] {processor.py:830} INFO - Processing file /home/airflow/.local/lib/python3.8/site-packages/airflow/example_dags/example_xcomargs.py for tasks to queue
[2024-01-03T02:24:30.501+0000] {logging_mixin.py:188} INFO - [2024-01-03T02:24:30.501+0000] {dagbag.py:538} INFO - Filling up the DagBag from /home/airflow/.local/lib/python3.8/site-packages/airflow/example_dags/example_xcomargs.py
[2024-01-03T02:24:30.506+0000] {processor.py:840} INFO - DAG(s) 'example_xcom_args', 'example_xcom_args_with_operators' retrieved from /home/airflow/.local/lib/python3.8/site-packages/airflow/example_dags/example_xcomargs.py
[2024-01-03T02:24:30.521+0000] {logging_mixin.py:188} INFO - [2024-01-03T02:24:30.521+0000] {dag.py:3033} INFO - Sync 2 DAGs
[2024-01-03T02:24:30.531+0000] {logging_mixin.py:188} INFO - [2024-01-03T02:24:30.531+0000] {dag.py:3820} INFO - Setting next_dagrun for example_xcom_args to None, run_after=None
[2024-01-03T02:24:30.534+0000] {logging_mixin.py:188} INFO - [2024-01-03T02:24:30.534+0000] {dag.py:3820} INFO - Setting next_dagrun for example_xcom_args_with_operators to None, run_after=None
[2024-01-03T02:24:30.545+0000] {processor.py:183} INFO - Processing /home/airflow/.local/lib/python3.8/site-packages/airflow/example_dags/example_xcomargs.py took 0.048 seconds
[2024-01-03T02:25:01.310+0000] {processor.py:161} INFO - Started process (PID=716) to work on /home/airflow/.local/lib/python3.8/site-packages/airflow/example_dags/example_xcomargs.py
[2024-01-03T02:25:01.311+0000] {processor.py:830} INFO - Processing file /home/airflow/.local/lib/python3.8/site-packages/airflow/example_dags/example_xcomargs.py for tasks to queue
[2024-01-03T02:25:01.312+0000] {logging_mixin.py:188} INFO - [2024-01-03T02:25:01.312+0000] {dagbag.py:538} INFO - Filling up the DagBag from /home/airflow/.local/lib/python3.8/site-packages/airflow/example_dags/example_xcomargs.py
[2024-01-03T02:25:01.317+0000] {processor.py:840} INFO - DAG(s) 'example_xcom_args', 'example_xcom_args_with_operators' retrieved from /home/airflow/.local/lib/python3.8/site-packages/airflow/example_dags/example_xcomargs.py
[2024-01-03T02:25:01.332+0000] {logging_mixin.py:188} INFO - [2024-01-03T02:25:01.332+0000] {dag.py:3033} INFO - Sync 2 DAGs
[2024-01-03T02:25:01.341+0000] {logging_mixin.py:188} INFO - [2024-01-03T02:25:01.340+0000] {dag.py:3820} INFO - Setting next_dagrun for example_xcom_args to None, run_after=None
[2024-01-03T02:25:01.343+0000] {logging_mixin.py:188} INFO - [2024-01-03T02:25:01.343+0000] {dag.py:3820} INFO - Setting next_dagrun for example_xcom_args_with_operators to None, run_after=None
[2024-01-03T02:25:01.353+0000] {processor.py:183} INFO - Processing /home/airflow/.local/lib/python3.8/site-packages/airflow/example_dags/example_xcomargs.py took 0.045 seconds
[2024-01-03T02:25:31.442+0000] {processor.py:161} INFO - Started process (PID=771) to work on /home/airflow/.local/lib/python3.8/site-packages/airflow/example_dags/example_xcomargs.py
[2024-01-03T02:25:31.443+0000] {processor.py:830} INFO - Processing file /home/airflow/.local/lib/python3.8/site-packages/airflow/example_dags/example_xcomargs.py for tasks to queue
[2024-01-03T02:25:31.444+0000] {logging_mixin.py:188} INFO - [2024-01-03T02:25:31.444+0000] {dagbag.py:538} INFO - Filling up the DagBag from /home/airflow/.local/lib/python3.8/site-packages/airflow/example_dags/example_xcomargs.py
[2024-01-03T02:25:31.449+0000] {processor.py:840} INFO - DAG(s) 'example_xcom_args', 'example_xcom_args_with_operators' retrieved from /home/airflow/.local/lib/python3.8/site-packages/airflow/example_dags/example_xcomargs.py
[2024-01-03T02:25:31.464+0000] {logging_mixin.py:188} INFO - [2024-01-03T02:25:31.464+0000] {dag.py:3033} INFO - Sync 2 DAGs
[2024-01-03T02:25:31.473+0000] {logging_mixin.py:188} INFO - [2024-01-03T02:25:31.473+0000] {dag.py:3820} INFO - Setting next_dagrun for example_xcom_args to None, run_after=None
[2024-01-03T02:25:31.476+0000] {logging_mixin.py:188} INFO - [2024-01-03T02:25:31.476+0000] {dag.py:3820} INFO - Setting next_dagrun for example_xcom_args_with_operators to None, run_after=None
[2024-01-03T02:25:31.487+0000] {processor.py:183} INFO - Processing /home/airflow/.local/lib/python3.8/site-packages/airflow/example_dags/example_xcomargs.py took 0.047 seconds
[2024-01-03T02:26:01.713+0000] {processor.py:161} INFO - Started process (PID=826) to work on /home/airflow/.local/lib/python3.8/site-packages/airflow/example_dags/example_xcomargs.py
[2024-01-03T02:26:01.714+0000] {processor.py:830} INFO - Processing file /home/airflow/.local/lib/python3.8/site-packages/airflow/example_dags/example_xcomargs.py for tasks to queue
[2024-01-03T02:26:01.716+0000] {logging_mixin.py:188} INFO - [2024-01-03T02:26:01.715+0000] {dagbag.py:538} INFO - Filling up the DagBag from /home/airflow/.local/lib/python3.8/site-packages/airflow/example_dags/example_xcomargs.py
[2024-01-03T02:26:01.721+0000] {processor.py:840} INFO - DAG(s) 'example_xcom_args', 'example_xcom_args_with_operators' retrieved from /home/airflow/.local/lib/python3.8/site-packages/airflow/example_dags/example_xcomargs.py
[2024-01-03T02:26:01.738+0000] {logging_mixin.py:188} INFO - [2024-01-03T02:26:01.738+0000] {dag.py:3033} INFO - Sync 2 DAGs
[2024-01-03T02:26:01.747+0000] {logging_mixin.py:188} INFO - [2024-01-03T02:26:01.746+0000] {dag.py:3820} INFO - Setting next_dagrun for example_xcom_args to None, run_after=None
[2024-01-03T02:26:01.749+0000] {logging_mixin.py:188} INFO - [2024-01-03T02:26:01.749+0000] {dag.py:3820} INFO - Setting next_dagrun for example_xcom_args_with_operators to None, run_after=None
[2024-01-03T02:26:01.760+0000] {processor.py:183} INFO - Processing /home/airflow/.local/lib/python3.8/site-packages/airflow/example_dags/example_xcomargs.py took 0.049 seconds
[2024-01-03T02:26:31.803+0000] {processor.py:161} INFO - Started process (PID=881) to work on /home/airflow/.local/lib/python3.8/site-packages/airflow/example_dags/example_xcomargs.py
[2024-01-03T02:26:31.804+0000] {processor.py:830} INFO - Processing file /home/airflow/.local/lib/python3.8/site-packages/airflow/example_dags/example_xcomargs.py for tasks to queue
[2024-01-03T02:26:31.805+0000] {logging_mixin.py:188} INFO - [2024-01-03T02:26:31.805+0000] {dagbag.py:538} INFO - Filling up the DagBag from /home/airflow/.local/lib/python3.8/site-packages/airflow/example_dags/example_xcomargs.py
[2024-01-03T02:26:31.811+0000] {processor.py:840} INFO - DAG(s) 'example_xcom_args_with_operators', 'example_xcom_args' retrieved from /home/airflow/.local/lib/python3.8/site-packages/airflow/example_dags/example_xcomargs.py
[2024-01-03T02:26:31.827+0000] {logging_mixin.py:188} INFO - [2024-01-03T02:26:31.827+0000] {dag.py:3033} INFO - Sync 2 DAGs
[2024-01-03T02:26:31.836+0000] {logging_mixin.py:188} INFO - [2024-01-03T02:26:31.836+0000] {dag.py:3820} INFO - Setting next_dagrun for example_xcom_args to None, run_after=None
[2024-01-03T02:26:31.839+0000] {logging_mixin.py:188} INFO - [2024-01-03T02:26:31.839+0000] {dag.py:3820} INFO - Setting next_dagrun for example_xcom_args_with_operators to None, run_after=None
[2024-01-03T02:26:31.850+0000] {processor.py:183} INFO - Processing /home/airflow/.local/lib/python3.8/site-packages/airflow/example_dags/example_xcomargs.py took 0.049 seconds
[2024-01-03T02:27:02.547+0000] {processor.py:161} INFO - Started process (PID=936) to work on /home/airflow/.local/lib/python3.8/site-packages/airflow/example_dags/example_xcomargs.py
[2024-01-03T02:27:02.548+0000] {processor.py:830} INFO - Processing file /home/airflow/.local/lib/python3.8/site-packages/airflow/example_dags/example_xcomargs.py for tasks to queue
[2024-01-03T02:27:02.549+0000] {logging_mixin.py:188} INFO - [2024-01-03T02:27:02.549+0000] {dagbag.py:538} INFO - Filling up the DagBag from /home/airflow/.local/lib/python3.8/site-packages/airflow/example_dags/example_xcomargs.py
[2024-01-03T02:27:02.554+0000] {processor.py:840} INFO - DAG(s) 'example_xcom_args_with_operators', 'example_xcom_args' retrieved from /home/airflow/.local/lib/python3.8/site-packages/airflow/example_dags/example_xcomargs.py
[2024-01-03T02:27:02.569+0000] {logging_mixin.py:188} INFO - [2024-01-03T02:27:02.569+0000] {dag.py:3033} INFO - Sync 2 DAGs
[2024-01-03T02:27:02.578+0000] {logging_mixin.py:188} INFO - [2024-01-03T02:27:02.578+0000] {dag.py:3820} INFO - Setting next_dagrun for example_xcom_args to None, run_after=None
[2024-01-03T02:27:02.581+0000] {logging_mixin.py:188} INFO - [2024-01-03T02:27:02.581+0000] {dag.py:3820} INFO - Setting next_dagrun for example_xcom_args_with_operators to None, run_after=None
[2024-01-03T02:27:02.592+0000] {processor.py:183} INFO - Processing /home/airflow/.local/lib/python3.8/site-packages/airflow/example_dags/example_xcomargs.py took 0.047 seconds
[2024-01-03T02:27:33.394+0000] {processor.py:161} INFO - Started process (PID=991) to work on /home/airflow/.local/lib/python3.8/site-packages/airflow/example_dags/example_xcomargs.py
[2024-01-03T02:27:33.395+0000] {processor.py:830} INFO - Processing file /home/airflow/.local/lib/python3.8/site-packages/airflow/example_dags/example_xcomargs.py for tasks to queue
[2024-01-03T02:27:33.396+0000] {logging_mixin.py:188} INFO - [2024-01-03T02:27:33.396+0000] {dagbag.py:538} INFO - Filling up the DagBag from /home/airflow/.local/lib/python3.8/site-packages/airflow/example_dags/example_xcomargs.py
[2024-01-03T02:27:33.401+0000] {processor.py:840} INFO - DAG(s) 'example_xcom_args_with_operators', 'example_xcom_args' retrieved from /home/airflow/.local/lib/python3.8/site-packages/airflow/example_dags/example_xcomargs.py
[2024-01-03T02:27:33.418+0000] {logging_mixin.py:188} INFO - [2024-01-03T02:27:33.418+0000] {dag.py:3033} INFO - Sync 2 DAGs
[2024-01-03T02:27:33.428+0000] {logging_mixin.py:188} INFO - [2024-01-03T02:27:33.428+0000] {dag.py:3820} INFO - Setting next_dagrun for example_xcom_args to None, run_after=None
[2024-01-03T02:27:33.431+0000] {logging_mixin.py:188} INFO - [2024-01-03T02:27:33.431+0000] {dag.py:3820} INFO - Setting next_dagrun for example_xcom_args_with_operators to None, run_after=None
[2024-01-03T02:27:33.442+0000] {processor.py:183} INFO - Processing /home/airflow/.local/lib/python3.8/site-packages/airflow/example_dags/example_xcomargs.py took 0.050 seconds
[2024-01-03T02:28:04.230+0000] {processor.py:161} INFO - Started process (PID=1046) to work on /home/airflow/.local/lib/python3.8/site-packages/airflow/example_dags/example_xcomargs.py
[2024-01-03T02:28:04.231+0000] {processor.py:830} INFO - Processing file /home/airflow/.local/lib/python3.8/site-packages/airflow/example_dags/example_xcomargs.py for tasks to queue
[2024-01-03T02:28:04.232+0000] {logging_mixin.py:188} INFO - [2024-01-03T02:28:04.232+0000] {dagbag.py:538} INFO - Filling up the DagBag from /home/airflow/.local/lib/python3.8/site-packages/airflow/example_dags/example_xcomargs.py
[2024-01-03T02:28:04.237+0000] {processor.py:840} INFO - DAG(s) 'example_xcom_args_with_operators', 'example_xcom_args' retrieved from /home/airflow/.local/lib/python3.8/site-packages/airflow/example_dags/example_xcomargs.py
[2024-01-03T02:28:04.253+0000] {logging_mixin.py:188} INFO - [2024-01-03T02:28:04.253+0000] {dag.py:3033} INFO - Sync 2 DAGs
[2024-01-03T02:28:04.262+0000] {logging_mixin.py:188} INFO - [2024-01-03T02:28:04.262+0000] {dag.py:3820} INFO - Setting next_dagrun for example_xcom_args to None, run_after=None
[2024-01-03T02:28:04.265+0000] {logging_mixin.py:188} INFO - [2024-01-03T02:28:04.265+0000] {dag.py:3820} INFO - Setting next_dagrun for example_xcom_args_with_operators to None, run_after=None
[2024-01-03T02:28:04.275+0000] {processor.py:183} INFO - Processing /home/airflow/.local/lib/python3.8/site-packages/airflow/example_dags/example_xcomargs.py took 0.048 seconds
[2024-01-03T02:28:35.027+0000] {processor.py:161} INFO - Started process (PID=1101) to work on /home/airflow/.local/lib/python3.8/site-packages/airflow/example_dags/example_xcomargs.py
[2024-01-03T02:28:35.027+0000] {processor.py:830} INFO - Processing file /home/airflow/.local/lib/python3.8/site-packages/airflow/example_dags/example_xcomargs.py for tasks to queue
[2024-01-03T02:28:35.029+0000] {logging_mixin.py:188} INFO - [2024-01-03T02:28:35.029+0000] {dagbag.py:538} INFO - Filling up the DagBag from /home/airflow/.local/lib/python3.8/site-packages/airflow/example_dags/example_xcomargs.py
[2024-01-03T02:28:35.033+0000] {processor.py:840} INFO - DAG(s) 'example_xcom_args_with_operators', 'example_xcom_args' retrieved from /home/airflow/.local/lib/python3.8/site-packages/airflow/example_dags/example_xcomargs.py
[2024-01-03T02:28:35.049+0000] {logging_mixin.py:188} INFO - [2024-01-03T02:28:35.049+0000] {dag.py:3033} INFO - Sync 2 DAGs
[2024-01-03T02:28:35.058+0000] {logging_mixin.py:188} INFO - [2024-01-03T02:28:35.058+0000] {dag.py:3820} INFO - Setting next_dagrun for example_xcom_args to None, run_after=None
[2024-01-03T02:28:35.061+0000] {logging_mixin.py:188} INFO - [2024-01-03T02:28:35.061+0000] {dag.py:3820} INFO - Setting next_dagrun for example_xcom_args_with_operators to None, run_after=None
[2024-01-03T02:28:35.072+0000] {processor.py:183} INFO - Processing /home/airflow/.local/lib/python3.8/site-packages/airflow/example_dags/example_xcomargs.py took 0.047 seconds
[2024-01-03T02:29:05.818+0000] {processor.py:161} INFO - Started process (PID=1156) to work on /home/airflow/.local/lib/python3.8/site-packages/airflow/example_dags/example_xcomargs.py
[2024-01-03T02:29:05.819+0000] {processor.py:830} INFO - Processing file /home/airflow/.local/lib/python3.8/site-packages/airflow/example_dags/example_xcomargs.py for tasks to queue
[2024-01-03T02:29:05.820+0000] {logging_mixin.py:188} INFO - [2024-01-03T02:29:05.820+0000] {dagbag.py:538} INFO - Filling up the DagBag from /home/airflow/.local/lib/python3.8/site-packages/airflow/example_dags/example_xcomargs.py
[2024-01-03T02:29:05.825+0000] {processor.py:840} INFO - DAG(s) 'example_xcom_args_with_operators', 'example_xcom_args' retrieved from /home/airflow/.local/lib/python3.8/site-packages/airflow/example_dags/example_xcomargs.py
[2024-01-03T02:29:05.839+0000] {logging_mixin.py:188} INFO - [2024-01-03T02:29:05.839+0000] {dag.py:3033} INFO - Sync 2 DAGs
[2024-01-03T02:29:05.848+0000] {logging_mixin.py:188} INFO - [2024-01-03T02:29:05.848+0000] {dag.py:3820} INFO - Setting next_dagrun for example_xcom_args to None, run_after=None
[2024-01-03T02:29:05.850+0000] {logging_mixin.py:188} INFO - [2024-01-03T02:29:05.850+0000] {dag.py:3820} INFO - Setting next_dagrun for example_xcom_args_with_operators to None, run_after=None
[2024-01-03T02:29:05.860+0000] {processor.py:183} INFO - Processing /home/airflow/.local/lib/python3.8/site-packages/airflow/example_dags/example_xcomargs.py took 0.044 seconds
[2024-01-03T02:29:36.608+0000] {processor.py:161} INFO - Started process (PID=1211) to work on /home/airflow/.local/lib/python3.8/site-packages/airflow/example_dags/example_xcomargs.py
[2024-01-03T02:29:36.608+0000] {processor.py:830} INFO - Processing file /home/airflow/.local/lib/python3.8/site-packages/airflow/example_dags/example_xcomargs.py for tasks to queue
[2024-01-03T02:29:36.610+0000] {logging_mixin.py:188} INFO - [2024-01-03T02:29:36.610+0000] {dagbag.py:538} INFO - Filling up the DagBag from /home/airflow/.local/lib/python3.8/site-packages/airflow/example_dags/example_xcomargs.py
[2024-01-03T02:29:36.615+0000] {processor.py:840} INFO - DAG(s) 'example_xcom_args_with_operators', 'example_xcom_args' retrieved from /home/airflow/.local/lib/python3.8/site-packages/airflow/example_dags/example_xcomargs.py
[2024-01-03T02:29:36.631+0000] {logging_mixin.py:188} INFO - [2024-01-03T02:29:36.631+0000] {dag.py:3033} INFO - Sync 2 DAGs
[2024-01-03T02:29:36.640+0000] {logging_mixin.py:188} INFO - [2024-01-03T02:29:36.640+0000] {dag.py:3820} INFO - Setting next_dagrun for example_xcom_args to None, run_after=None
[2024-01-03T02:29:36.643+0000] {logging_mixin.py:188} INFO - [2024-01-03T02:29:36.642+0000] {dag.py:3820} INFO - Setting next_dagrun for example_xcom_args_with_operators to None, run_after=None
[2024-01-03T02:29:36.654+0000] {processor.py:183} INFO - Processing /home/airflow/.local/lib/python3.8/site-packages/airflow/example_dags/example_xcomargs.py took 0.048 seconds
[2024-01-03T02:30:07.687+0000] {processor.py:161} INFO - Started process (PID=1266) to work on /home/airflow/.local/lib/python3.8/site-packages/airflow/example_dags/example_xcomargs.py
[2024-01-03T02:30:07.688+0000] {processor.py:830} INFO - Processing file /home/airflow/.local/lib/python3.8/site-packages/airflow/example_dags/example_xcomargs.py for tasks to queue
[2024-01-03T02:30:07.689+0000] {logging_mixin.py:188} INFO - [2024-01-03T02:30:07.689+0000] {dagbag.py:538} INFO - Filling up the DagBag from /home/airflow/.local/lib/python3.8/site-packages/airflow/example_dags/example_xcomargs.py
[2024-01-03T02:30:07.694+0000] {processor.py:840} INFO - DAG(s) 'example_xcom_args_with_operators', 'example_xcom_args' retrieved from /home/airflow/.local/lib/python3.8/site-packages/airflow/example_dags/example_xcomargs.py
[2024-01-03T02:30:07.711+0000] {logging_mixin.py:188} INFO - [2024-01-03T02:30:07.711+0000] {dag.py:3033} INFO - Sync 2 DAGs
[2024-01-03T02:30:07.722+0000] {logging_mixin.py:188} INFO - [2024-01-03T02:30:07.721+0000] {dag.py:3820} INFO - Setting next_dagrun for example_xcom_args to None, run_after=None
[2024-01-03T02:30:07.725+0000] {logging_mixin.py:188} INFO - [2024-01-03T02:30:07.725+0000] {dag.py:3820} INFO - Setting next_dagrun for example_xcom_args_with_operators to None, run_after=None
[2024-01-03T02:30:07.735+0000] {processor.py:183} INFO - Processing /home/airflow/.local/lib/python3.8/site-packages/airflow/example_dags/example_xcomargs.py took 0.050 seconds
[2024-01-03T02:30:38.695+0000] {processor.py:161} INFO - Started process (PID=1321) to work on /home/airflow/.local/lib/python3.8/site-packages/airflow/example_dags/example_xcomargs.py
[2024-01-03T02:30:38.696+0000] {processor.py:830} INFO - Processing file /home/airflow/.local/lib/python3.8/site-packages/airflow/example_dags/example_xcomargs.py for tasks to queue
[2024-01-03T02:30:38.697+0000] {logging_mixin.py:188} INFO - [2024-01-03T02:30:38.697+0000] {dagbag.py:538} INFO - Filling up the DagBag from /home/airflow/.local/lib/python3.8/site-packages/airflow/example_dags/example_xcomargs.py
[2024-01-03T02:30:38.703+0000] {processor.py:840} INFO - DAG(s) 'example_xcom_args', 'example_xcom_args_with_operators' retrieved from /home/airflow/.local/lib/python3.8/site-packages/airflow/example_dags/example_xcomargs.py
[2024-01-03T02:30:38.720+0000] {logging_mixin.py:188} INFO - [2024-01-03T02:30:38.720+0000] {dag.py:3033} INFO - Sync 2 DAGs
[2024-01-03T02:30:38.731+0000] {logging_mixin.py:188} INFO - [2024-01-03T02:30:38.730+0000] {dag.py:3820} INFO - Setting next_dagrun for example_xcom_args to None, run_after=None
[2024-01-03T02:30:38.734+0000] {logging_mixin.py:188} INFO - [2024-01-03T02:30:38.734+0000] {dag.py:3820} INFO - Setting next_dagrun for example_xcom_args_with_operators to None, run_after=None
[2024-01-03T02:30:38.746+0000] {processor.py:183} INFO - Processing /home/airflow/.local/lib/python3.8/site-packages/airflow/example_dags/example_xcomargs.py took 0.053 seconds
[2024-01-03T02:31:08.949+0000] {processor.py:161} INFO - Started process (PID=1376) to work on /home/airflow/.local/lib/python3.8/site-packages/airflow/example_dags/example_xcomargs.py
[2024-01-03T02:31:08.950+0000] {processor.py:830} INFO - Processing file /home/airflow/.local/lib/python3.8/site-packages/airflow/example_dags/example_xcomargs.py for tasks to queue
[2024-01-03T02:31:08.951+0000] {logging_mixin.py:188} INFO - [2024-01-03T02:31:08.951+0000] {dagbag.py:538} INFO - Filling up the DagBag from /home/airflow/.local/lib/python3.8/site-packages/airflow/example_dags/example_xcomargs.py
[2024-01-03T02:31:08.957+0000] {processor.py:840} INFO - DAG(s) 'example_xcom_args', 'example_xcom_args_with_operators' retrieved from /home/airflow/.local/lib/python3.8/site-packages/airflow/example_dags/example_xcomargs.py
[2024-01-03T02:31:08.973+0000] {logging_mixin.py:188} INFO - [2024-01-03T02:31:08.973+0000] {dag.py:3033} INFO - Sync 2 DAGs
[2024-01-03T02:31:08.983+0000] {logging_mixin.py:188} INFO - [2024-01-03T02:31:08.983+0000] {dag.py:3820} INFO - Setting next_dagrun for example_xcom_args to None, run_after=None
[2024-01-03T02:31:08.987+0000] {logging_mixin.py:188} INFO - [2024-01-03T02:31:08.986+0000] {dag.py:3820} INFO - Setting next_dagrun for example_xcom_args_with_operators to None, run_after=None
[2024-01-03T02:31:08.998+0000] {processor.py:183} INFO - Processing /home/airflow/.local/lib/python3.8/site-packages/airflow/example_dags/example_xcomargs.py took 0.051 seconds
[2024-01-03T02:31:39.197+0000] {processor.py:161} INFO - Started process (PID=1431) to work on /home/airflow/.local/lib/python3.8/site-packages/airflow/example_dags/example_xcomargs.py
[2024-01-03T02:31:39.198+0000] {processor.py:830} INFO - Processing file /home/airflow/.local/lib/python3.8/site-packages/airflow/example_dags/example_xcomargs.py for tasks to queue
[2024-01-03T02:31:39.199+0000] {logging_mixin.py:188} INFO - [2024-01-03T02:31:39.199+0000] {dagbag.py:538} INFO - Filling up the DagBag from /home/airflow/.local/lib/python3.8/site-packages/airflow/example_dags/example_xcomargs.py
[2024-01-03T02:31:39.204+0000] {processor.py:840} INFO - DAG(s) 'example_xcom_args', 'example_xcom_args_with_operators' retrieved from /home/airflow/.local/lib/python3.8/site-packages/airflow/example_dags/example_xcomargs.py
[2024-01-03T02:31:39.219+0000] {logging_mixin.py:188} INFO - [2024-01-03T02:31:39.219+0000] {dag.py:3033} INFO - Sync 2 DAGs
[2024-01-03T02:31:39.228+0000] {logging_mixin.py:188} INFO - [2024-01-03T02:31:39.228+0000] {dag.py:3820} INFO - Setting next_dagrun for example_xcom_args to None, run_after=None
[2024-01-03T02:31:39.231+0000] {logging_mixin.py:188} INFO - [2024-01-03T02:31:39.231+0000] {dag.py:3820} INFO - Setting next_dagrun for example_xcom_args_with_operators to None, run_after=None
[2024-01-03T02:31:39.242+0000] {processor.py:183} INFO - Processing /home/airflow/.local/lib/python3.8/site-packages/airflow/example_dags/example_xcomargs.py took 0.046 seconds
[2024-01-03T02:32:09.319+0000] {processor.py:161} INFO - Started process (PID=1486) to work on /home/airflow/.local/lib/python3.8/site-packages/airflow/example_dags/example_xcomargs.py
[2024-01-03T02:32:09.320+0000] {processor.py:830} INFO - Processing file /home/airflow/.local/lib/python3.8/site-packages/airflow/example_dags/example_xcomargs.py for tasks to queue
[2024-01-03T02:32:09.321+0000] {logging_mixin.py:188} INFO - [2024-01-03T02:32:09.321+0000] {dagbag.py:538} INFO - Filling up the DagBag from /home/airflow/.local/lib/python3.8/site-packages/airflow/example_dags/example_xcomargs.py
[2024-01-03T02:32:09.326+0000] {processor.py:840} INFO - DAG(s) 'example_xcom_args_with_operators', 'example_xcom_args' retrieved from /home/airflow/.local/lib/python3.8/site-packages/airflow/example_dags/example_xcomargs.py
[2024-01-03T02:32:09.343+0000] {logging_mixin.py:188} INFO - [2024-01-03T02:32:09.342+0000] {dag.py:3033} INFO - Sync 2 DAGs
[2024-01-03T02:32:09.352+0000] {logging_mixin.py:188} INFO - [2024-01-03T02:32:09.352+0000] {dag.py:3820} INFO - Setting next_dagrun for example_xcom_args to None, run_after=None
[2024-01-03T02:32:09.356+0000] {logging_mixin.py:188} INFO - [2024-01-03T02:32:09.356+0000] {dag.py:3820} INFO - Setting next_dagrun for example_xcom_args_with_operators to None, run_after=None
[2024-01-03T02:32:09.369+0000] {processor.py:183} INFO - Processing /home/airflow/.local/lib/python3.8/site-packages/airflow/example_dags/example_xcomargs.py took 0.052 seconds
[2024-01-03T02:32:39.440+0000] {processor.py:161} INFO - Started process (PID=1541) to work on /home/airflow/.local/lib/python3.8/site-packages/airflow/example_dags/example_xcomargs.py
[2024-01-03T02:32:39.441+0000] {processor.py:830} INFO - Processing file /home/airflow/.local/lib/python3.8/site-packages/airflow/example_dags/example_xcomargs.py for tasks to queue
[2024-01-03T02:32:39.442+0000] {logging_mixin.py:188} INFO - [2024-01-03T02:32:39.442+0000] {dagbag.py:538} INFO - Filling up the DagBag from /home/airflow/.local/lib/python3.8/site-packages/airflow/example_dags/example_xcomargs.py
[2024-01-03T02:32:39.447+0000] {processor.py:840} INFO - DAG(s) 'example_xcom_args', 'example_xcom_args_with_operators' retrieved from /home/airflow/.local/lib/python3.8/site-packages/airflow/example_dags/example_xcomargs.py
[2024-01-03T02:32:39.462+0000] {logging_mixin.py:188} INFO - [2024-01-03T02:32:39.462+0000] {dag.py:3033} INFO - Sync 2 DAGs
[2024-01-03T02:32:39.471+0000] {logging_mixin.py:188} INFO - [2024-01-03T02:32:39.471+0000] {dag.py:3820} INFO - Setting next_dagrun for example_xcom_args to None, run_after=None
[2024-01-03T02:32:39.474+0000] {logging_mixin.py:188} INFO - [2024-01-03T02:32:39.474+0000] {dag.py:3820} INFO - Setting next_dagrun for example_xcom_args_with_operators to None, run_after=None
[2024-01-03T02:32:39.485+0000] {processor.py:183} INFO - Processing /home/airflow/.local/lib/python3.8/site-packages/airflow/example_dags/example_xcomargs.py took 0.048 seconds
[2024-01-03T02:33:09.539+0000] {processor.py:161} INFO - Started process (PID=1596) to work on /home/airflow/.local/lib/python3.8/site-packages/airflow/example_dags/example_xcomargs.py
[2024-01-03T02:33:09.540+0000] {processor.py:830} INFO - Processing file /home/airflow/.local/lib/python3.8/site-packages/airflow/example_dags/example_xcomargs.py for tasks to queue
[2024-01-03T02:33:09.541+0000] {logging_mixin.py:188} INFO - [2024-01-03T02:33:09.541+0000] {dagbag.py:538} INFO - Filling up the DagBag from /home/airflow/.local/lib/python3.8/site-packages/airflow/example_dags/example_xcomargs.py
[2024-01-03T02:33:09.546+0000] {processor.py:840} INFO - DAG(s) 'example_xcom_args_with_operators', 'example_xcom_args' retrieved from /home/airflow/.local/lib/python3.8/site-packages/airflow/example_dags/example_xcomargs.py
[2024-01-03T02:33:09.561+0000] {logging_mixin.py:188} INFO - [2024-01-03T02:33:09.561+0000] {dag.py:3033} INFO - Sync 2 DAGs
[2024-01-03T02:33:09.570+0000] {logging_mixin.py:188} INFO - [2024-01-03T02:33:09.570+0000] {dag.py:3820} INFO - Setting next_dagrun for example_xcom_args to None, run_after=None
[2024-01-03T02:33:09.573+0000] {logging_mixin.py:188} INFO - [2024-01-03T02:33:09.573+0000] {dag.py:3820} INFO - Setting next_dagrun for example_xcom_args_with_operators to None, run_after=None
[2024-01-03T02:33:09.584+0000] {processor.py:183} INFO - Processing /home/airflow/.local/lib/python3.8/site-packages/airflow/example_dags/example_xcomargs.py took 0.047 seconds
[2024-01-03T02:33:39.652+0000] {processor.py:161} INFO - Started process (PID=1651) to work on /home/airflow/.local/lib/python3.8/site-packages/airflow/example_dags/example_xcomargs.py
[2024-01-03T02:33:39.653+0000] {processor.py:830} INFO - Processing file /home/airflow/.local/lib/python3.8/site-packages/airflow/example_dags/example_xcomargs.py for tasks to queue
[2024-01-03T02:33:39.654+0000] {logging_mixin.py:188} INFO - [2024-01-03T02:33:39.654+0000] {dagbag.py:538} INFO - Filling up the DagBag from /home/airflow/.local/lib/python3.8/site-packages/airflow/example_dags/example_xcomargs.py
[2024-01-03T02:33:39.659+0000] {processor.py:840} INFO - DAG(s) 'example_xcom_args_with_operators', 'example_xcom_args' retrieved from /home/airflow/.local/lib/python3.8/site-packages/airflow/example_dags/example_xcomargs.py
[2024-01-03T02:33:39.675+0000] {logging_mixin.py:188} INFO - [2024-01-03T02:33:39.675+0000] {dag.py:3033} INFO - Sync 2 DAGs
[2024-01-03T02:33:39.685+0000] {logging_mixin.py:188} INFO - [2024-01-03T02:33:39.684+0000] {dag.py:3820} INFO - Setting next_dagrun for example_xcom_args to None, run_after=None
[2024-01-03T02:33:39.687+0000] {logging_mixin.py:188} INFO - [2024-01-03T02:33:39.687+0000] {dag.py:3820} INFO - Setting next_dagrun for example_xcom_args_with_operators to None, run_after=None
[2024-01-03T02:33:39.698+0000] {processor.py:183} INFO - Processing /home/airflow/.local/lib/python3.8/site-packages/airflow/example_dags/example_xcomargs.py took 0.048 seconds
[2024-01-03T02:34:09.748+0000] {processor.py:161} INFO - Started process (PID=1706) to work on /home/airflow/.local/lib/python3.8/site-packages/airflow/example_dags/example_xcomargs.py
[2024-01-03T02:34:09.748+0000] {processor.py:830} INFO - Processing file /home/airflow/.local/lib/python3.8/site-packages/airflow/example_dags/example_xcomargs.py for tasks to queue
[2024-01-03T02:34:09.750+0000] {logging_mixin.py:188} INFO - [2024-01-03T02:34:09.749+0000] {dagbag.py:538} INFO - Filling up the DagBag from /home/airflow/.local/lib/python3.8/site-packages/airflow/example_dags/example_xcomargs.py
[2024-01-03T02:34:09.755+0000] {processor.py:840} INFO - DAG(s) 'example_xcom_args', 'example_xcom_args_with_operators' retrieved from /home/airflow/.local/lib/python3.8/site-packages/airflow/example_dags/example_xcomargs.py
[2024-01-03T02:34:09.770+0000] {logging_mixin.py:188} INFO - [2024-01-03T02:34:09.770+0000] {dag.py:3033} INFO - Sync 2 DAGs
[2024-01-03T02:34:09.779+0000] {logging_mixin.py:188} INFO - [2024-01-03T02:34:09.779+0000] {dag.py:3820} INFO - Setting next_dagrun for example_xcom_args to None, run_after=None
[2024-01-03T02:34:09.782+0000] {logging_mixin.py:188} INFO - [2024-01-03T02:34:09.782+0000] {dag.py:3820} INFO - Setting next_dagrun for example_xcom_args_with_operators to None, run_after=None
[2024-01-03T02:34:09.794+0000] {processor.py:183} INFO - Processing /home/airflow/.local/lib/python3.8/site-packages/airflow/example_dags/example_xcomargs.py took 0.048 seconds
[2024-01-03T02:34:40.426+0000] {processor.py:161} INFO - Started process (PID=1762) to work on /home/airflow/.local/lib/python3.8/site-packages/airflow/example_dags/example_xcomargs.py
[2024-01-03T02:34:40.427+0000] {processor.py:830} INFO - Processing file /home/airflow/.local/lib/python3.8/site-packages/airflow/example_dags/example_xcomargs.py for tasks to queue
[2024-01-03T02:34:40.428+0000] {logging_mixin.py:188} INFO - [2024-01-03T02:34:40.428+0000] {dagbag.py:538} INFO - Filling up the DagBag from /home/airflow/.local/lib/python3.8/site-packages/airflow/example_dags/example_xcomargs.py
[2024-01-03T02:34:40.434+0000] {processor.py:840} INFO - DAG(s) 'example_xcom_args_with_operators', 'example_xcom_args' retrieved from /home/airflow/.local/lib/python3.8/site-packages/airflow/example_dags/example_xcomargs.py
[2024-01-03T02:34:40.451+0000] {logging_mixin.py:188} INFO - [2024-01-03T02:34:40.450+0000] {dag.py:3033} INFO - Sync 2 DAGs
[2024-01-03T02:34:40.461+0000] {logging_mixin.py:188} INFO - [2024-01-03T02:34:40.461+0000] {dag.py:3820} INFO - Setting next_dagrun for example_xcom_args to None, run_after=None
[2024-01-03T02:34:40.464+0000] {logging_mixin.py:188} INFO - [2024-01-03T02:34:40.464+0000] {dag.py:3820} INFO - Setting next_dagrun for example_xcom_args_with_operators to None, run_after=None
[2024-01-03T02:34:40.476+0000] {processor.py:183} INFO - Processing /home/airflow/.local/lib/python3.8/site-packages/airflow/example_dags/example_xcomargs.py took 0.052 seconds
[2024-01-03T02:35:11.271+0000] {processor.py:161} INFO - Started process (PID=1817) to work on /home/airflow/.local/lib/python3.8/site-packages/airflow/example_dags/example_xcomargs.py
[2024-01-03T02:35:11.271+0000] {processor.py:830} INFO - Processing file /home/airflow/.local/lib/python3.8/site-packages/airflow/example_dags/example_xcomargs.py for tasks to queue
[2024-01-03T02:35:11.273+0000] {logging_mixin.py:188} INFO - [2024-01-03T02:35:11.273+0000] {dagbag.py:538} INFO - Filling up the DagBag from /home/airflow/.local/lib/python3.8/site-packages/airflow/example_dags/example_xcomargs.py
[2024-01-03T02:35:11.278+0000] {processor.py:840} INFO - DAG(s) 'example_xcom_args_with_operators', 'example_xcom_args' retrieved from /home/airflow/.local/lib/python3.8/site-packages/airflow/example_dags/example_xcomargs.py
[2024-01-03T02:35:11.294+0000] {logging_mixin.py:188} INFO - [2024-01-03T02:35:11.294+0000] {dag.py:3033} INFO - Sync 2 DAGs
[2024-01-03T02:35:11.303+0000] {logging_mixin.py:188} INFO - [2024-01-03T02:35:11.303+0000] {dag.py:3820} INFO - Setting next_dagrun for example_xcom_args to None, run_after=None
[2024-01-03T02:35:11.306+0000] {logging_mixin.py:188} INFO - [2024-01-03T02:35:11.306+0000] {dag.py:3820} INFO - Setting next_dagrun for example_xcom_args_with_operators to None, run_after=None
[2024-01-03T02:35:11.317+0000] {processor.py:183} INFO - Processing /home/airflow/.local/lib/python3.8/site-packages/airflow/example_dags/example_xcomargs.py took 0.048 seconds
[2024-01-03T02:35:42.152+0000] {processor.py:161} INFO - Started process (PID=1872) to work on /home/airflow/.local/lib/python3.8/site-packages/airflow/example_dags/example_xcomargs.py
[2024-01-03T02:35:42.152+0000] {processor.py:830} INFO - Processing file /home/airflow/.local/lib/python3.8/site-packages/airflow/example_dags/example_xcomargs.py for tasks to queue
[2024-01-03T02:35:42.154+0000] {logging_mixin.py:188} INFO - [2024-01-03T02:35:42.154+0000] {dagbag.py:538} INFO - Filling up the DagBag from /home/airflow/.local/lib/python3.8/site-packages/airflow/example_dags/example_xcomargs.py
[2024-01-03T02:35:42.159+0000] {processor.py:840} INFO - DAG(s) 'example_xcom_args_with_operators', 'example_xcom_args' retrieved from /home/airflow/.local/lib/python3.8/site-packages/airflow/example_dags/example_xcomargs.py
[2024-01-03T02:35:42.177+0000] {logging_mixin.py:188} INFO - [2024-01-03T02:35:42.177+0000] {dag.py:3033} INFO - Sync 2 DAGs
[2024-01-03T02:35:42.187+0000] {logging_mixin.py:188} INFO - [2024-01-03T02:35:42.187+0000] {dag.py:3820} INFO - Setting next_dagrun for example_xcom_args to None, run_after=None
[2024-01-03T02:35:42.190+0000] {logging_mixin.py:188} INFO - [2024-01-03T02:35:42.190+0000] {dag.py:3820} INFO - Setting next_dagrun for example_xcom_args_with_operators to None, run_after=None
[2024-01-03T02:35:42.202+0000] {processor.py:183} INFO - Processing /home/airflow/.local/lib/python3.8/site-packages/airflow/example_dags/example_xcomargs.py took 0.053 seconds
[2024-01-03T02:36:12.959+0000] {processor.py:161} INFO - Started process (PID=1927) to work on /home/airflow/.local/lib/python3.8/site-packages/airflow/example_dags/example_xcomargs.py
[2024-01-03T02:36:12.960+0000] {processor.py:830} INFO - Processing file /home/airflow/.local/lib/python3.8/site-packages/airflow/example_dags/example_xcomargs.py for tasks to queue
[2024-01-03T02:36:12.961+0000] {logging_mixin.py:188} INFO - [2024-01-03T02:36:12.961+0000] {dagbag.py:538} INFO - Filling up the DagBag from /home/airflow/.local/lib/python3.8/site-packages/airflow/example_dags/example_xcomargs.py
[2024-01-03T02:36:12.966+0000] {processor.py:840} INFO - DAG(s) 'example_xcom_args_with_operators', 'example_xcom_args' retrieved from /home/airflow/.local/lib/python3.8/site-packages/airflow/example_dags/example_xcomargs.py
[2024-01-03T02:36:12.982+0000] {logging_mixin.py:188} INFO - [2024-01-03T02:36:12.982+0000] {dag.py:3033} INFO - Sync 2 DAGs
[2024-01-03T02:36:12.993+0000] {logging_mixin.py:188} INFO - [2024-01-03T02:36:12.993+0000] {dag.py:3820} INFO - Setting next_dagrun for example_xcom_args to None, run_after=None
[2024-01-03T02:36:12.995+0000] {logging_mixin.py:188} INFO - [2024-01-03T02:36:12.995+0000] {dag.py:3820} INFO - Setting next_dagrun for example_xcom_args_with_operators to None, run_after=None
[2024-01-03T02:36:13.006+0000] {processor.py:183} INFO - Processing /home/airflow/.local/lib/python3.8/site-packages/airflow/example_dags/example_xcomargs.py took 0.049 seconds
[2024-01-03T02:36:43.122+0000] {processor.py:161} INFO - Started process (PID=1982) to work on /home/airflow/.local/lib/python3.8/site-packages/airflow/example_dags/example_xcomargs.py
[2024-01-03T02:36:43.123+0000] {processor.py:830} INFO - Processing file /home/airflow/.local/lib/python3.8/site-packages/airflow/example_dags/example_xcomargs.py for tasks to queue
[2024-01-03T02:36:43.125+0000] {logging_mixin.py:188} INFO - [2024-01-03T02:36:43.124+0000] {dagbag.py:538} INFO - Filling up the DagBag from /home/airflow/.local/lib/python3.8/site-packages/airflow/example_dags/example_xcomargs.py
[2024-01-03T02:36:43.130+0000] {processor.py:840} INFO - DAG(s) 'example_xcom_args', 'example_xcom_args_with_operators' retrieved from /home/airflow/.local/lib/python3.8/site-packages/airflow/example_dags/example_xcomargs.py
[2024-01-03T02:36:43.147+0000] {logging_mixin.py:188} INFO - [2024-01-03T02:36:43.147+0000] {dag.py:3033} INFO - Sync 2 DAGs
[2024-01-03T02:36:43.157+0000] {logging_mixin.py:188} INFO - [2024-01-03T02:36:43.157+0000] {dag.py:3820} INFO - Setting next_dagrun for example_xcom_args to None, run_after=None
[2024-01-03T02:36:43.160+0000] {logging_mixin.py:188} INFO - [2024-01-03T02:36:43.160+0000] {dag.py:3820} INFO - Setting next_dagrun for example_xcom_args_with_operators to None, run_after=None
[2024-01-03T02:36:43.170+0000] {processor.py:183} INFO - Processing /home/airflow/.local/lib/python3.8/site-packages/airflow/example_dags/example_xcomargs.py took 0.050 seconds
[2024-01-03T02:41:32.330+0000] {processor.py:161} INFO - Started process (PID=2043) to work on /home/airflow/.local/lib/python3.8/site-packages/airflow/example_dags/example_xcomargs.py
[2024-01-03T02:41:32.331+0000] {processor.py:830} INFO - Processing file /home/airflow/.local/lib/python3.8/site-packages/airflow/example_dags/example_xcomargs.py for tasks to queue
[2024-01-03T02:41:32.333+0000] {logging_mixin.py:188} INFO - [2024-01-03T02:41:32.332+0000] {dagbag.py:538} INFO - Filling up the DagBag from /home/airflow/.local/lib/python3.8/site-packages/airflow/example_dags/example_xcomargs.py
[2024-01-03T02:41:32.341+0000] {processor.py:840} INFO - DAG(s) 'example_xcom_args_with_operators', 'example_xcom_args' retrieved from /home/airflow/.local/lib/python3.8/site-packages/airflow/example_dags/example_xcomargs.py
[2024-01-03T02:41:32.362+0000] {logging_mixin.py:188} INFO - [2024-01-03T02:41:32.362+0000] {dag.py:3033} INFO - Sync 2 DAGs
[2024-01-03T02:41:32.376+0000] {logging_mixin.py:188} INFO - [2024-01-03T02:41:32.376+0000] {dag.py:3820} INFO - Setting next_dagrun for example_xcom_args to None, run_after=None
[2024-01-03T02:41:32.381+0000] {logging_mixin.py:188} INFO - [2024-01-03T02:41:32.381+0000] {dag.py:3820} INFO - Setting next_dagrun for example_xcom_args_with_operators to None, run_after=None
[2024-01-03T02:41:32.399+0000] {processor.py:183} INFO - Processing /home/airflow/.local/lib/python3.8/site-packages/airflow/example_dags/example_xcomargs.py took 0.072 seconds
[2024-01-03T02:42:03.060+0000] {processor.py:161} INFO - Started process (PID=2098) to work on /home/airflow/.local/lib/python3.8/site-packages/airflow/example_dags/example_xcomargs.py
[2024-01-03T02:42:03.061+0000] {processor.py:830} INFO - Processing file /home/airflow/.local/lib/python3.8/site-packages/airflow/example_dags/example_xcomargs.py for tasks to queue
[2024-01-03T02:42:03.063+0000] {logging_mixin.py:188} INFO - [2024-01-03T02:42:03.063+0000] {dagbag.py:538} INFO - Filling up the DagBag from /home/airflow/.local/lib/python3.8/site-packages/airflow/example_dags/example_xcomargs.py
[2024-01-03T02:42:03.068+0000] {processor.py:840} INFO - DAG(s) 'example_xcom_args', 'example_xcom_args_with_operators' retrieved from /home/airflow/.local/lib/python3.8/site-packages/airflow/example_dags/example_xcomargs.py
[2024-01-03T02:42:03.084+0000] {logging_mixin.py:188} INFO - [2024-01-03T02:42:03.084+0000] {dag.py:3033} INFO - Sync 2 DAGs
[2024-01-03T02:42:03.093+0000] {logging_mixin.py:188} INFO - [2024-01-03T02:42:03.093+0000] {dag.py:3820} INFO - Setting next_dagrun for example_xcom_args to None, run_after=None
[2024-01-03T02:42:03.096+0000] {logging_mixin.py:188} INFO - [2024-01-03T02:42:03.096+0000] {dag.py:3820} INFO - Setting next_dagrun for example_xcom_args_with_operators to None, run_after=None
[2024-01-03T02:42:03.107+0000] {processor.py:183} INFO - Processing /home/airflow/.local/lib/python3.8/site-packages/airflow/example_dags/example_xcomargs.py took 0.048 seconds
[2024-01-03T02:42:33.366+0000] {processor.py:161} INFO - Started process (PID=2153) to work on /home/airflow/.local/lib/python3.8/site-packages/airflow/example_dags/example_xcomargs.py
[2024-01-03T02:42:33.367+0000] {processor.py:830} INFO - Processing file /home/airflow/.local/lib/python3.8/site-packages/airflow/example_dags/example_xcomargs.py for tasks to queue
[2024-01-03T02:42:33.369+0000] {logging_mixin.py:188} INFO - [2024-01-03T02:42:33.369+0000] {dagbag.py:538} INFO - Filling up the DagBag from /home/airflow/.local/lib/python3.8/site-packages/airflow/example_dags/example_xcomargs.py
[2024-01-03T02:42:33.375+0000] {processor.py:840} INFO - DAG(s) 'example_xcom_args', 'example_xcom_args_with_operators' retrieved from /home/airflow/.local/lib/python3.8/site-packages/airflow/example_dags/example_xcomargs.py
[2024-01-03T02:42:33.394+0000] {logging_mixin.py:188} INFO - [2024-01-03T02:42:33.394+0000] {dag.py:3033} INFO - Sync 2 DAGs
[2024-01-03T02:42:33.406+0000] {logging_mixin.py:188} INFO - [2024-01-03T02:42:33.405+0000] {dag.py:3820} INFO - Setting next_dagrun for example_xcom_args to None, run_after=None
[2024-01-03T02:42:33.409+0000] {logging_mixin.py:188} INFO - [2024-01-03T02:42:33.409+0000] {dag.py:3820} INFO - Setting next_dagrun for example_xcom_args_with_operators to None, run_after=None
[2024-01-03T02:42:33.423+0000] {processor.py:183} INFO - Processing /home/airflow/.local/lib/python3.8/site-packages/airflow/example_dags/example_xcomargs.py took 0.059 seconds
[2024-01-03T02:43:03.627+0000] {processor.py:161} INFO - Started process (PID=2208) to work on /home/airflow/.local/lib/python3.8/site-packages/airflow/example_dags/example_xcomargs.py
[2024-01-03T02:43:03.628+0000] {processor.py:830} INFO - Processing file /home/airflow/.local/lib/python3.8/site-packages/airflow/example_dags/example_xcomargs.py for tasks to queue
[2024-01-03T02:43:03.630+0000] {logging_mixin.py:188} INFO - [2024-01-03T02:43:03.630+0000] {dagbag.py:538} INFO - Filling up the DagBag from /home/airflow/.local/lib/python3.8/site-packages/airflow/example_dags/example_xcomargs.py
[2024-01-03T02:43:03.636+0000] {processor.py:840} INFO - DAG(s) 'example_xcom_args_with_operators', 'example_xcom_args' retrieved from /home/airflow/.local/lib/python3.8/site-packages/airflow/example_dags/example_xcomargs.py
[2024-01-03T02:43:03.655+0000] {logging_mixin.py:188} INFO - [2024-01-03T02:43:03.655+0000] {dag.py:3033} INFO - Sync 2 DAGs
[2024-01-03T02:43:03.666+0000] {logging_mixin.py:188} INFO - [2024-01-03T02:43:03.666+0000] {dag.py:3820} INFO - Setting next_dagrun for example_xcom_args to None, run_after=None
[2024-01-03T02:43:03.670+0000] {logging_mixin.py:188} INFO - [2024-01-03T02:43:03.669+0000] {dag.py:3820} INFO - Setting next_dagrun for example_xcom_args_with_operators to None, run_after=None
[2024-01-03T02:43:03.682+0000] {processor.py:183} INFO - Processing /home/airflow/.local/lib/python3.8/site-packages/airflow/example_dags/example_xcomargs.py took 0.057 seconds
[2024-01-03T02:43:34.750+0000] {processor.py:161} INFO - Started process (PID=2263) to work on /home/airflow/.local/lib/python3.8/site-packages/airflow/example_dags/example_xcomargs.py
[2024-01-03T02:43:34.751+0000] {processor.py:830} INFO - Processing file /home/airflow/.local/lib/python3.8/site-packages/airflow/example_dags/example_xcomargs.py for tasks to queue
[2024-01-03T02:43:34.753+0000] {logging_mixin.py:188} INFO - [2024-01-03T02:43:34.753+0000] {dagbag.py:538} INFO - Filling up the DagBag from /home/airflow/.local/lib/python3.8/site-packages/airflow/example_dags/example_xcomargs.py
[2024-01-03T02:43:34.759+0000] {processor.py:840} INFO - DAG(s) 'example_xcom_args_with_operators', 'example_xcom_args' retrieved from /home/airflow/.local/lib/python3.8/site-packages/airflow/example_dags/example_xcomargs.py
[2024-01-03T02:43:34.777+0000] {logging_mixin.py:188} INFO - [2024-01-03T02:43:34.777+0000] {dag.py:3033} INFO - Sync 2 DAGs
[2024-01-03T02:43:34.790+0000] {logging_mixin.py:188} INFO - [2024-01-03T02:43:34.790+0000] {dag.py:3820} INFO - Setting next_dagrun for example_xcom_args to None, run_after=None
[2024-01-03T02:43:34.794+0000] {logging_mixin.py:188} INFO - [2024-01-03T02:43:34.793+0000] {dag.py:3820} INFO - Setting next_dagrun for example_xcom_args_with_operators to None, run_after=None
[2024-01-03T02:43:34.807+0000] {processor.py:183} INFO - Processing /home/airflow/.local/lib/python3.8/site-packages/airflow/example_dags/example_xcomargs.py took 0.059 seconds
[2024-01-03T02:44:05.411+0000] {processor.py:161} INFO - Started process (PID=2318) to work on /home/airflow/.local/lib/python3.8/site-packages/airflow/example_dags/example_xcomargs.py
[2024-01-03T02:44:05.412+0000] {processor.py:830} INFO - Processing file /home/airflow/.local/lib/python3.8/site-packages/airflow/example_dags/example_xcomargs.py for tasks to queue
[2024-01-03T02:44:05.413+0000] {logging_mixin.py:188} INFO - [2024-01-03T02:44:05.413+0000] {dagbag.py:538} INFO - Filling up the DagBag from /home/airflow/.local/lib/python3.8/site-packages/airflow/example_dags/example_xcomargs.py
[2024-01-03T02:44:05.419+0000] {processor.py:840} INFO - DAG(s) 'example_xcom_args', 'example_xcom_args_with_operators' retrieved from /home/airflow/.local/lib/python3.8/site-packages/airflow/example_dags/example_xcomargs.py
[2024-01-03T02:44:05.435+0000] {logging_mixin.py:188} INFO - [2024-01-03T02:44:05.435+0000] {dag.py:3033} INFO - Sync 2 DAGs
[2024-01-03T02:44:05.550+0000] {logging_mixin.py:188} INFO - [2024-01-03T02:44:05.550+0000] {dag.py:3820} INFO - Setting next_dagrun for example_xcom_args to None, run_after=None
[2024-01-03T02:44:05.554+0000] {logging_mixin.py:188} INFO - [2024-01-03T02:44:05.553+0000] {dag.py:3820} INFO - Setting next_dagrun for example_xcom_args_with_operators to None, run_after=None
[2024-01-03T02:44:05.564+0000] {processor.py:183} INFO - Processing /home/airflow/.local/lib/python3.8/site-packages/airflow/example_dags/example_xcomargs.py took 0.155 seconds
[2024-01-03T02:44:35.793+0000] {processor.py:161} INFO - Started process (PID=2373) to work on /home/airflow/.local/lib/python3.8/site-packages/airflow/example_dags/example_xcomargs.py
[2024-01-03T02:44:35.794+0000] {processor.py:830} INFO - Processing file /home/airflow/.local/lib/python3.8/site-packages/airflow/example_dags/example_xcomargs.py for tasks to queue
[2024-01-03T02:44:35.795+0000] {logging_mixin.py:188} INFO - [2024-01-03T02:44:35.795+0000] {dagbag.py:538} INFO - Filling up the DagBag from /home/airflow/.local/lib/python3.8/site-packages/airflow/example_dags/example_xcomargs.py
[2024-01-03T02:44:35.800+0000] {processor.py:840} INFO - DAG(s) 'example_xcom_args', 'example_xcom_args_with_operators' retrieved from /home/airflow/.local/lib/python3.8/site-packages/airflow/example_dags/example_xcomargs.py
[2024-01-03T02:44:35.816+0000] {logging_mixin.py:188} INFO - [2024-01-03T02:44:35.816+0000] {dag.py:3033} INFO - Sync 2 DAGs
[2024-01-03T02:44:35.927+0000] {logging_mixin.py:188} INFO - [2024-01-03T02:44:35.927+0000] {dag.py:3820} INFO - Setting next_dagrun for example_xcom_args to None, run_after=None
[2024-01-03T02:44:35.930+0000] {logging_mixin.py:188} INFO - [2024-01-03T02:44:35.930+0000] {dag.py:3820} INFO - Setting next_dagrun for example_xcom_args_with_operators to None, run_after=None
[2024-01-03T02:44:35.941+0000] {processor.py:183} INFO - Processing /home/airflow/.local/lib/python3.8/site-packages/airflow/example_dags/example_xcomargs.py took 0.150 seconds
[2024-01-03T02:45:06.198+0000] {processor.py:161} INFO - Started process (PID=2428) to work on /home/airflow/.local/lib/python3.8/site-packages/airflow/example_dags/example_xcomargs.py
[2024-01-03T02:45:06.199+0000] {processor.py:830} INFO - Processing file /home/airflow/.local/lib/python3.8/site-packages/airflow/example_dags/example_xcomargs.py for tasks to queue
[2024-01-03T02:45:06.200+0000] {logging_mixin.py:188} INFO - [2024-01-03T02:45:06.200+0000] {dagbag.py:538} INFO - Filling up the DagBag from /home/airflow/.local/lib/python3.8/site-packages/airflow/example_dags/example_xcomargs.py
[2024-01-03T02:45:06.205+0000] {processor.py:840} INFO - DAG(s) 'example_xcom_args_with_operators', 'example_xcom_args' retrieved from /home/airflow/.local/lib/python3.8/site-packages/airflow/example_dags/example_xcomargs.py
[2024-01-03T02:45:06.220+0000] {logging_mixin.py:188} INFO - [2024-01-03T02:45:06.220+0000] {dag.py:3033} INFO - Sync 2 DAGs
[2024-01-03T02:45:06.229+0000] {logging_mixin.py:188} INFO - [2024-01-03T02:45:06.229+0000] {dag.py:3820} INFO - Setting next_dagrun for example_xcom_args to None, run_after=None
[2024-01-03T02:45:06.232+0000] {logging_mixin.py:188} INFO - [2024-01-03T02:45:06.232+0000] {dag.py:3820} INFO - Setting next_dagrun for example_xcom_args_with_operators to None, run_after=None
[2024-01-03T02:45:06.243+0000] {processor.py:183} INFO - Processing /home/airflow/.local/lib/python3.8/site-packages/airflow/example_dags/example_xcomargs.py took 0.047 seconds
[2024-01-03T02:45:36.617+0000] {processor.py:161} INFO - Started process (PID=2483) to work on /home/airflow/.local/lib/python3.8/site-packages/airflow/example_dags/example_xcomargs.py
[2024-01-03T02:45:36.618+0000] {processor.py:830} INFO - Processing file /home/airflow/.local/lib/python3.8/site-packages/airflow/example_dags/example_xcomargs.py for tasks to queue
[2024-01-03T02:45:36.621+0000] {logging_mixin.py:188} INFO - [2024-01-03T02:45:36.620+0000] {dagbag.py:538} INFO - Filling up the DagBag from /home/airflow/.local/lib/python3.8/site-packages/airflow/example_dags/example_xcomargs.py
[2024-01-03T02:45:36.630+0000] {processor.py:840} INFO - DAG(s) 'example_xcom_args_with_operators', 'example_xcom_args' retrieved from /home/airflow/.local/lib/python3.8/site-packages/airflow/example_dags/example_xcomargs.py
[2024-01-03T02:45:36.657+0000] {logging_mixin.py:188} INFO - [2024-01-03T02:45:36.657+0000] {dag.py:3033} INFO - Sync 2 DAGs
[2024-01-03T02:45:36.668+0000] {logging_mixin.py:188} INFO - [2024-01-03T02:45:36.668+0000] {dag.py:3820} INFO - Setting next_dagrun for example_xcom_args to None, run_after=None
[2024-01-03T02:45:36.671+0000] {logging_mixin.py:188} INFO - [2024-01-03T02:45:36.671+0000] {dag.py:3820} INFO - Setting next_dagrun for example_xcom_args_with_operators to None, run_after=None
[2024-01-03T02:45:36.684+0000] {processor.py:183} INFO - Processing /home/airflow/.local/lib/python3.8/site-packages/airflow/example_dags/example_xcomargs.py took 0.070 seconds
[2024-01-03T02:46:07.919+0000] {processor.py:161} INFO - Started process (PID=2538) to work on /home/airflow/.local/lib/python3.8/site-packages/airflow/example_dags/example_xcomargs.py
[2024-01-03T02:46:07.921+0000] {processor.py:830} INFO - Processing file /home/airflow/.local/lib/python3.8/site-packages/airflow/example_dags/example_xcomargs.py for tasks to queue
[2024-01-03T02:46:07.922+0000] {logging_mixin.py:188} INFO - [2024-01-03T02:46:07.922+0000] {dagbag.py:538} INFO - Filling up the DagBag from /home/airflow/.local/lib/python3.8/site-packages/airflow/example_dags/example_xcomargs.py
[2024-01-03T02:46:07.928+0000] {processor.py:840} INFO - DAG(s) 'example_xcom_args_with_operators', 'example_xcom_args' retrieved from /home/airflow/.local/lib/python3.8/site-packages/airflow/example_dags/example_xcomargs.py
[2024-01-03T02:46:07.948+0000] {logging_mixin.py:188} INFO - [2024-01-03T02:46:07.947+0000] {dag.py:3033} INFO - Sync 2 DAGs
[2024-01-03T02:46:07.958+0000] {logging_mixin.py:188} INFO - [2024-01-03T02:46:07.958+0000] {dag.py:3820} INFO - Setting next_dagrun for example_xcom_args to None, run_after=None
[2024-01-03T02:46:07.962+0000] {logging_mixin.py:188} INFO - [2024-01-03T02:46:07.962+0000] {dag.py:3820} INFO - Setting next_dagrun for example_xcom_args_with_operators to None, run_after=None
[2024-01-03T02:46:07.975+0000] {processor.py:183} INFO - Processing /home/airflow/.local/lib/python3.8/site-packages/airflow/example_dags/example_xcomargs.py took 0.058 seconds
[2024-01-03T02:46:38.375+0000] {processor.py:161} INFO - Started process (PID=2593) to work on /home/airflow/.local/lib/python3.8/site-packages/airflow/example_dags/example_xcomargs.py
[2024-01-03T02:46:38.376+0000] {processor.py:830} INFO - Processing file /home/airflow/.local/lib/python3.8/site-packages/airflow/example_dags/example_xcomargs.py for tasks to queue
[2024-01-03T02:46:38.377+0000] {logging_mixin.py:188} INFO - [2024-01-03T02:46:38.377+0000] {dagbag.py:538} INFO - Filling up the DagBag from /home/airflow/.local/lib/python3.8/site-packages/airflow/example_dags/example_xcomargs.py
[2024-01-03T02:46:38.383+0000] {processor.py:840} INFO - DAG(s) 'example_xcom_args', 'example_xcom_args_with_operators' retrieved from /home/airflow/.local/lib/python3.8/site-packages/airflow/example_dags/example_xcomargs.py
[2024-01-03T02:46:38.495+0000] {logging_mixin.py:188} INFO - [2024-01-03T02:46:38.494+0000] {dag.py:3033} INFO - Sync 2 DAGs
[2024-01-03T02:46:38.503+0000] {logging_mixin.py:188} INFO - [2024-01-03T02:46:38.503+0000] {dag.py:3820} INFO - Setting next_dagrun for example_xcom_args to None, run_after=None
[2024-01-03T02:46:38.506+0000] {logging_mixin.py:188} INFO - [2024-01-03T02:46:38.506+0000] {dag.py:3820} INFO - Setting next_dagrun for example_xcom_args_with_operators to None, run_after=None
[2024-01-03T02:46:38.516+0000] {processor.py:183} INFO - Processing /home/airflow/.local/lib/python3.8/site-packages/airflow/example_dags/example_xcomargs.py took 0.143 seconds
[2024-01-03T02:47:09.008+0000] {processor.py:161} INFO - Started process (PID=2647) to work on /home/airflow/.local/lib/python3.8/site-packages/airflow/example_dags/example_xcomargs.py
[2024-01-03T02:47:09.009+0000] {processor.py:830} INFO - Processing file /home/airflow/.local/lib/python3.8/site-packages/airflow/example_dags/example_xcomargs.py for tasks to queue
[2024-01-03T02:47:09.010+0000] {logging_mixin.py:188} INFO - [2024-01-03T02:47:09.010+0000] {dagbag.py:538} INFO - Filling up the DagBag from /home/airflow/.local/lib/python3.8/site-packages/airflow/example_dags/example_xcomargs.py
[2024-01-03T02:47:09.016+0000] {processor.py:840} INFO - DAG(s) 'example_xcom_args_with_operators', 'example_xcom_args' retrieved from /home/airflow/.local/lib/python3.8/site-packages/airflow/example_dags/example_xcomargs.py
[2024-01-03T02:47:09.034+0000] {logging_mixin.py:188} INFO - [2024-01-03T02:47:09.033+0000] {dag.py:3033} INFO - Sync 2 DAGs
[2024-01-03T02:47:09.043+0000] {logging_mixin.py:188} INFO - [2024-01-03T02:47:09.043+0000] {dag.py:3820} INFO - Setting next_dagrun for example_xcom_args to None, run_after=None
[2024-01-03T02:47:09.046+0000] {logging_mixin.py:188} INFO - [2024-01-03T02:47:09.046+0000] {dag.py:3820} INFO - Setting next_dagrun for example_xcom_args_with_operators to None, run_after=None
[2024-01-03T02:47:09.058+0000] {processor.py:183} INFO - Processing /home/airflow/.local/lib/python3.8/site-packages/airflow/example_dags/example_xcomargs.py took 0.051 seconds
