[2024-01-03T02:18:56.653+0000] {processor.py:161} INFO - Started process (PID=79) to work on /home/airflow/.local/lib/python3.8/site-packages/airflow/example_dags/example_branch_operator.py
[2024-01-03T02:18:56.654+0000] {processor.py:830} INFO - Processing file /home/airflow/.local/lib/python3.8/site-packages/airflow/example_dags/example_branch_operator.py for tasks to queue
[2024-01-03T02:18:56.656+0000] {logging_mixin.py:188} INFO - [2024-01-03T02:18:56.656+0000] {dagbag.py:538} INFO - Filling up the DagBag from /home/airflow/.local/lib/python3.8/site-packages/airflow/example_dags/example_branch_operator.py
[2024-01-03T02:18:56.670+0000] {processor.py:840} INFO - DAG(s) 'example_branch_operator' retrieved from /home/airflow/.local/lib/python3.8/site-packages/airflow/example_dags/example_branch_operator.py
[2024-01-03T02:18:56.741+0000] {logging_mixin.py:188} INFO - [2024-01-03T02:18:56.741+0000] {dag.py:3033} INFO - Sync 1 DAGs
[2024-01-03T02:18:56.758+0000] {logging_mixin.py:188} INFO - [2024-01-03T02:18:56.758+0000] {dag.py:3820} INFO - Setting next_dagrun for example_branch_operator to 2024-01-02T00:00:00+00:00, run_after=2024-01-03T00:00:00+00:00
[2024-01-03T02:18:56.772+0000] {processor.py:183} INFO - Processing /home/airflow/.local/lib/python3.8/site-packages/airflow/example_dags/example_branch_operator.py took 0.122 seconds
[2024-01-03T02:19:27.564+0000] {processor.py:161} INFO - Started process (PID=134) to work on /home/airflow/.local/lib/python3.8/site-packages/airflow/example_dags/example_branch_operator.py
[2024-01-03T02:19:27.565+0000] {processor.py:830} INFO - Processing file /home/airflow/.local/lib/python3.8/site-packages/airflow/example_dags/example_branch_operator.py for tasks to queue
[2024-01-03T02:19:27.567+0000] {logging_mixin.py:188} INFO - [2024-01-03T02:19:27.567+0000] {dagbag.py:538} INFO - Filling up the DagBag from /home/airflow/.local/lib/python3.8/site-packages/airflow/example_dags/example_branch_operator.py
[2024-01-03T02:19:27.581+0000] {processor.py:840} INFO - DAG(s) 'example_branch_operator' retrieved from /home/airflow/.local/lib/python3.8/site-packages/airflow/example_dags/example_branch_operator.py
[2024-01-03T02:19:27.605+0000] {logging_mixin.py:188} INFO - [2024-01-03T02:19:27.605+0000] {dag.py:3033} INFO - Sync 1 DAGs
[2024-01-03T02:19:27.625+0000] {logging_mixin.py:188} INFO - [2024-01-03T02:19:27.625+0000] {dag.py:3820} INFO - Setting next_dagrun for example_branch_operator to 2024-01-02T00:00:00+00:00, run_after=2024-01-03T00:00:00+00:00
[2024-01-03T02:19:27.642+0000] {processor.py:183} INFO - Processing /home/airflow/.local/lib/python3.8/site-packages/airflow/example_dags/example_branch_operator.py took 0.080 seconds
[2024-01-03T02:19:57.789+0000] {processor.py:161} INFO - Started process (PID=189) to work on /home/airflow/.local/lib/python3.8/site-packages/airflow/example_dags/example_branch_operator.py
[2024-01-03T02:19:57.790+0000] {processor.py:830} INFO - Processing file /home/airflow/.local/lib/python3.8/site-packages/airflow/example_dags/example_branch_operator.py for tasks to queue
[2024-01-03T02:19:57.792+0000] {logging_mixin.py:188} INFO - [2024-01-03T02:19:57.791+0000] {dagbag.py:538} INFO - Filling up the DagBag from /home/airflow/.local/lib/python3.8/site-packages/airflow/example_dags/example_branch_operator.py
[2024-01-03T02:19:57.804+0000] {processor.py:840} INFO - DAG(s) 'example_branch_operator' retrieved from /home/airflow/.local/lib/python3.8/site-packages/airflow/example_dags/example_branch_operator.py
[2024-01-03T02:19:57.823+0000] {logging_mixin.py:188} INFO - [2024-01-03T02:19:57.823+0000] {dag.py:3033} INFO - Sync 1 DAGs
[2024-01-03T02:19:57.840+0000] {logging_mixin.py:188} INFO - [2024-01-03T02:19:57.839+0000] {dag.py:3820} INFO - Setting next_dagrun for example_branch_operator to 2024-01-02T00:00:00+00:00, run_after=2024-01-03T00:00:00+00:00
[2024-01-03T02:19:57.853+0000] {processor.py:183} INFO - Processing /home/airflow/.local/lib/python3.8/site-packages/airflow/example_dags/example_branch_operator.py took 0.067 seconds
[2024-01-03T02:20:28.830+0000] {processor.py:161} INFO - Started process (PID=244) to work on /home/airflow/.local/lib/python3.8/site-packages/airflow/example_dags/example_branch_operator.py
[2024-01-03T02:20:28.831+0000] {processor.py:830} INFO - Processing file /home/airflow/.local/lib/python3.8/site-packages/airflow/example_dags/example_branch_operator.py for tasks to queue
[2024-01-03T02:20:28.832+0000] {logging_mixin.py:188} INFO - [2024-01-03T02:20:28.832+0000] {dagbag.py:538} INFO - Filling up the DagBag from /home/airflow/.local/lib/python3.8/site-packages/airflow/example_dags/example_branch_operator.py
[2024-01-03T02:20:28.843+0000] {processor.py:840} INFO - DAG(s) 'example_branch_operator' retrieved from /home/airflow/.local/lib/python3.8/site-packages/airflow/example_dags/example_branch_operator.py
[2024-01-03T02:20:28.851+0000] {logging_mixin.py:188} INFO - [2024-01-03T02:20:28.851+0000] {dag.py:3033} INFO - Sync 1 DAGs
[2024-01-03T02:20:28.867+0000] {logging_mixin.py:188} INFO - [2024-01-03T02:20:28.866+0000] {dag.py:3820} INFO - Setting next_dagrun for example_branch_operator to 2024-01-02T00:00:00+00:00, run_after=2024-01-03T00:00:00+00:00
[2024-01-03T02:20:28.879+0000] {processor.py:183} INFO - Processing /home/airflow/.local/lib/python3.8/site-packages/airflow/example_dags/example_branch_operator.py took 0.051 seconds
[2024-01-03T02:20:59.495+0000] {processor.py:161} INFO - Started process (PID=299) to work on /home/airflow/.local/lib/python3.8/site-packages/airflow/example_dags/example_branch_operator.py
[2024-01-03T02:20:59.496+0000] {processor.py:830} INFO - Processing file /home/airflow/.local/lib/python3.8/site-packages/airflow/example_dags/example_branch_operator.py for tasks to queue
[2024-01-03T02:20:59.497+0000] {logging_mixin.py:188} INFO - [2024-01-03T02:20:59.497+0000] {dagbag.py:538} INFO - Filling up the DagBag from /home/airflow/.local/lib/python3.8/site-packages/airflow/example_dags/example_branch_operator.py
[2024-01-03T02:20:59.509+0000] {processor.py:840} INFO - DAG(s) 'example_branch_operator' retrieved from /home/airflow/.local/lib/python3.8/site-packages/airflow/example_dags/example_branch_operator.py
[2024-01-03T02:20:59.516+0000] {logging_mixin.py:188} INFO - [2024-01-03T02:20:59.516+0000] {dag.py:3033} INFO - Sync 1 DAGs
[2024-01-03T02:20:59.532+0000] {logging_mixin.py:188} INFO - [2024-01-03T02:20:59.532+0000] {dag.py:3820} INFO - Setting next_dagrun for example_branch_operator to 2024-01-02T00:00:00+00:00, run_after=2024-01-03T00:00:00+00:00
[2024-01-03T02:20:59.545+0000] {processor.py:183} INFO - Processing /home/airflow/.local/lib/python3.8/site-packages/airflow/example_dags/example_branch_operator.py took 0.052 seconds
[2024-01-03T02:21:30.327+0000] {processor.py:161} INFO - Started process (PID=354) to work on /home/airflow/.local/lib/python3.8/site-packages/airflow/example_dags/example_branch_operator.py
[2024-01-03T02:21:30.328+0000] {processor.py:830} INFO - Processing file /home/airflow/.local/lib/python3.8/site-packages/airflow/example_dags/example_branch_operator.py for tasks to queue
[2024-01-03T02:21:30.329+0000] {logging_mixin.py:188} INFO - [2024-01-03T02:21:30.329+0000] {dagbag.py:538} INFO - Filling up the DagBag from /home/airflow/.local/lib/python3.8/site-packages/airflow/example_dags/example_branch_operator.py
[2024-01-03T02:21:30.341+0000] {processor.py:840} INFO - DAG(s) 'example_branch_operator' retrieved from /home/airflow/.local/lib/python3.8/site-packages/airflow/example_dags/example_branch_operator.py
[2024-01-03T02:21:30.422+0000] {logging_mixin.py:188} INFO - [2024-01-03T02:21:30.422+0000] {dag.py:3033} INFO - Sync 1 DAGs
[2024-01-03T02:21:30.436+0000] {logging_mixin.py:188} INFO - [2024-01-03T02:21:30.436+0000] {dag.py:3820} INFO - Setting next_dagrun for example_branch_operator to 2024-01-02T00:00:00+00:00, run_after=2024-01-03T00:00:00+00:00
[2024-01-03T02:21:30.449+0000] {processor.py:183} INFO - Processing /home/airflow/.local/lib/python3.8/site-packages/airflow/example_dags/example_branch_operator.py took 0.124 seconds
[2024-01-03T02:22:00.533+0000] {processor.py:161} INFO - Started process (PID=409) to work on /home/airflow/.local/lib/python3.8/site-packages/airflow/example_dags/example_branch_operator.py
[2024-01-03T02:22:00.534+0000] {processor.py:830} INFO - Processing file /home/airflow/.local/lib/python3.8/site-packages/airflow/example_dags/example_branch_operator.py for tasks to queue
[2024-01-03T02:22:00.536+0000] {logging_mixin.py:188} INFO - [2024-01-03T02:22:00.536+0000] {dagbag.py:538} INFO - Filling up the DagBag from /home/airflow/.local/lib/python3.8/site-packages/airflow/example_dags/example_branch_operator.py
[2024-01-03T02:22:00.550+0000] {processor.py:840} INFO - DAG(s) 'example_branch_operator' retrieved from /home/airflow/.local/lib/python3.8/site-packages/airflow/example_dags/example_branch_operator.py
[2024-01-03T02:22:00.574+0000] {logging_mixin.py:188} INFO - [2024-01-03T02:22:00.573+0000] {dag.py:3033} INFO - Sync 1 DAGs
[2024-01-03T02:22:00.604+0000] {logging_mixin.py:188} INFO - [2024-01-03T02:22:00.604+0000] {dag.py:3820} INFO - Setting next_dagrun for example_branch_operator to 2024-01-02T00:00:00+00:00, run_after=2024-01-03T00:00:00+00:00
[2024-01-03T02:22:00.635+0000] {processor.py:183} INFO - Processing /home/airflow/.local/lib/python3.8/site-packages/airflow/example_dags/example_branch_operator.py took 0.103 seconds
[2024-01-03T02:22:30.822+0000] {processor.py:161} INFO - Started process (PID=464) to work on /home/airflow/.local/lib/python3.8/site-packages/airflow/example_dags/example_branch_operator.py
[2024-01-03T02:22:30.822+0000] {processor.py:830} INFO - Processing file /home/airflow/.local/lib/python3.8/site-packages/airflow/example_dags/example_branch_operator.py for tasks to queue
[2024-01-03T02:22:30.824+0000] {logging_mixin.py:188} INFO - [2024-01-03T02:22:30.823+0000] {dagbag.py:538} INFO - Filling up the DagBag from /home/airflow/.local/lib/python3.8/site-packages/airflow/example_dags/example_branch_operator.py
[2024-01-03T02:22:30.834+0000] {processor.py:840} INFO - DAG(s) 'example_branch_operator' retrieved from /home/airflow/.local/lib/python3.8/site-packages/airflow/example_dags/example_branch_operator.py
[2024-01-03T02:22:30.852+0000] {logging_mixin.py:188} INFO - [2024-01-03T02:22:30.852+0000] {dag.py:3033} INFO - Sync 1 DAGs
[2024-01-03T02:22:30.872+0000] {logging_mixin.py:188} INFO - [2024-01-03T02:22:30.872+0000] {dag.py:3820} INFO - Setting next_dagrun for example_branch_operator to 2024-01-02T00:00:00+00:00, run_after=2024-01-03T00:00:00+00:00
[2024-01-03T02:22:30.888+0000] {processor.py:183} INFO - Processing /home/airflow/.local/lib/python3.8/site-packages/airflow/example_dags/example_branch_operator.py took 0.068 seconds
[2024-01-03T02:23:00.958+0000] {processor.py:161} INFO - Started process (PID=519) to work on /home/airflow/.local/lib/python3.8/site-packages/airflow/example_dags/example_branch_operator.py
[2024-01-03T02:23:00.959+0000] {processor.py:830} INFO - Processing file /home/airflow/.local/lib/python3.8/site-packages/airflow/example_dags/example_branch_operator.py for tasks to queue
[2024-01-03T02:23:00.960+0000] {logging_mixin.py:188} INFO - [2024-01-03T02:23:00.960+0000] {dagbag.py:538} INFO - Filling up the DagBag from /home/airflow/.local/lib/python3.8/site-packages/airflow/example_dags/example_branch_operator.py
[2024-01-03T02:23:00.971+0000] {processor.py:840} INFO - DAG(s) 'example_branch_operator' retrieved from /home/airflow/.local/lib/python3.8/site-packages/airflow/example_dags/example_branch_operator.py
[2024-01-03T02:23:00.990+0000] {logging_mixin.py:188} INFO - [2024-01-03T02:23:00.989+0000] {dag.py:3033} INFO - Sync 1 DAGs
[2024-01-03T02:23:01.005+0000] {logging_mixin.py:188} INFO - [2024-01-03T02:23:01.005+0000] {dag.py:3820} INFO - Setting next_dagrun for example_branch_operator to 2024-01-02T00:00:00+00:00, run_after=2024-01-03T00:00:00+00:00
[2024-01-03T02:23:01.020+0000] {processor.py:183} INFO - Processing /home/airflow/.local/lib/python3.8/site-packages/airflow/example_dags/example_branch_operator.py took 0.064 seconds
[2024-01-03T02:23:31.134+0000] {processor.py:161} INFO - Started process (PID=573) to work on /home/airflow/.local/lib/python3.8/site-packages/airflow/example_dags/example_branch_operator.py
[2024-01-03T02:23:31.135+0000] {processor.py:830} INFO - Processing file /home/airflow/.local/lib/python3.8/site-packages/airflow/example_dags/example_branch_operator.py for tasks to queue
[2024-01-03T02:23:31.136+0000] {logging_mixin.py:188} INFO - [2024-01-03T02:23:31.136+0000] {dagbag.py:538} INFO - Filling up the DagBag from /home/airflow/.local/lib/python3.8/site-packages/airflow/example_dags/example_branch_operator.py
[2024-01-03T02:23:31.146+0000] {processor.py:840} INFO - DAG(s) 'example_branch_operator' retrieved from /home/airflow/.local/lib/python3.8/site-packages/airflow/example_dags/example_branch_operator.py
[2024-01-03T02:23:31.164+0000] {logging_mixin.py:188} INFO - [2024-01-03T02:23:31.164+0000] {dag.py:3033} INFO - Sync 1 DAGs
[2024-01-03T02:23:31.179+0000] {logging_mixin.py:188} INFO - [2024-01-03T02:23:31.178+0000] {dag.py:3820} INFO - Setting next_dagrun for example_branch_operator to 2024-01-02T00:00:00+00:00, run_after=2024-01-03T00:00:00+00:00
[2024-01-03T02:23:31.191+0000] {processor.py:183} INFO - Processing /home/airflow/.local/lib/python3.8/site-packages/airflow/example_dags/example_branch_operator.py took 0.059 seconds
[2024-01-03T02:24:01.555+0000] {processor.py:161} INFO - Started process (PID=629) to work on /home/airflow/.local/lib/python3.8/site-packages/airflow/example_dags/example_branch_operator.py
[2024-01-03T02:24:01.556+0000] {processor.py:830} INFO - Processing file /home/airflow/.local/lib/python3.8/site-packages/airflow/example_dags/example_branch_operator.py for tasks to queue
[2024-01-03T02:24:01.558+0000] {logging_mixin.py:188} INFO - [2024-01-03T02:24:01.558+0000] {dagbag.py:538} INFO - Filling up the DagBag from /home/airflow/.local/lib/python3.8/site-packages/airflow/example_dags/example_branch_operator.py
[2024-01-03T02:24:01.569+0000] {processor.py:840} INFO - DAG(s) 'example_branch_operator' retrieved from /home/airflow/.local/lib/python3.8/site-packages/airflow/example_dags/example_branch_operator.py
[2024-01-03T02:24:01.587+0000] {logging_mixin.py:188} INFO - [2024-01-03T02:24:01.587+0000] {dag.py:3033} INFO - Sync 1 DAGs
[2024-01-03T02:24:01.604+0000] {logging_mixin.py:188} INFO - [2024-01-03T02:24:01.604+0000] {dag.py:3820} INFO - Setting next_dagrun for example_branch_operator to 2024-01-02T00:00:00+00:00, run_after=2024-01-03T00:00:00+00:00
[2024-01-03T02:24:01.618+0000] {processor.py:183} INFO - Processing /home/airflow/.local/lib/python3.8/site-packages/airflow/example_dags/example_branch_operator.py took 0.066 seconds
[2024-01-03T02:24:32.343+0000] {processor.py:161} INFO - Started process (PID=684) to work on /home/airflow/.local/lib/python3.8/site-packages/airflow/example_dags/example_branch_operator.py
[2024-01-03T02:24:32.343+0000] {processor.py:830} INFO - Processing file /home/airflow/.local/lib/python3.8/site-packages/airflow/example_dags/example_branch_operator.py for tasks to queue
[2024-01-03T02:24:32.345+0000] {logging_mixin.py:188} INFO - [2024-01-03T02:24:32.345+0000] {dagbag.py:538} INFO - Filling up the DagBag from /home/airflow/.local/lib/python3.8/site-packages/airflow/example_dags/example_branch_operator.py
[2024-01-03T02:24:32.355+0000] {processor.py:840} INFO - DAG(s) 'example_branch_operator' retrieved from /home/airflow/.local/lib/python3.8/site-packages/airflow/example_dags/example_branch_operator.py
[2024-01-03T02:24:32.373+0000] {logging_mixin.py:188} INFO - [2024-01-03T02:24:32.373+0000] {dag.py:3033} INFO - Sync 1 DAGs
[2024-01-03T02:24:32.389+0000] {logging_mixin.py:188} INFO - [2024-01-03T02:24:32.388+0000] {dag.py:3820} INFO - Setting next_dagrun for example_branch_operator to 2024-01-02T00:00:00+00:00, run_after=2024-01-03T00:00:00+00:00
[2024-01-03T02:24:32.402+0000] {processor.py:183} INFO - Processing /home/airflow/.local/lib/python3.8/site-packages/airflow/example_dags/example_branch_operator.py took 0.062 seconds
[2024-01-03T02:25:03.166+0000] {processor.py:161} INFO - Started process (PID=739) to work on /home/airflow/.local/lib/python3.8/site-packages/airflow/example_dags/example_branch_operator.py
[2024-01-03T02:25:03.167+0000] {processor.py:830} INFO - Processing file /home/airflow/.local/lib/python3.8/site-packages/airflow/example_dags/example_branch_operator.py for tasks to queue
[2024-01-03T02:25:03.168+0000] {logging_mixin.py:188} INFO - [2024-01-03T02:25:03.168+0000] {dagbag.py:538} INFO - Filling up the DagBag from /home/airflow/.local/lib/python3.8/site-packages/airflow/example_dags/example_branch_operator.py
[2024-01-03T02:25:03.179+0000] {processor.py:840} INFO - DAG(s) 'example_branch_operator' retrieved from /home/airflow/.local/lib/python3.8/site-packages/airflow/example_dags/example_branch_operator.py
[2024-01-03T02:25:03.195+0000] {logging_mixin.py:188} INFO - [2024-01-03T02:25:03.195+0000] {dag.py:3033} INFO - Sync 1 DAGs
[2024-01-03T02:25:03.211+0000] {logging_mixin.py:188} INFO - [2024-01-03T02:25:03.211+0000] {dag.py:3820} INFO - Setting next_dagrun for example_branch_operator to 2024-01-02T00:00:00+00:00, run_after=2024-01-03T00:00:00+00:00
[2024-01-03T02:25:03.225+0000] {processor.py:183} INFO - Processing /home/airflow/.local/lib/python3.8/site-packages/airflow/example_dags/example_branch_operator.py took 0.060 seconds
[2024-01-03T02:25:33.293+0000] {processor.py:161} INFO - Started process (PID=793) to work on /home/airflow/.local/lib/python3.8/site-packages/airflow/example_dags/example_branch_operator.py
[2024-01-03T02:25:33.294+0000] {processor.py:830} INFO - Processing file /home/airflow/.local/lib/python3.8/site-packages/airflow/example_dags/example_branch_operator.py for tasks to queue
[2024-01-03T02:25:33.295+0000] {logging_mixin.py:188} INFO - [2024-01-03T02:25:33.295+0000] {dagbag.py:538} INFO - Filling up the DagBag from /home/airflow/.local/lib/python3.8/site-packages/airflow/example_dags/example_branch_operator.py
[2024-01-03T02:25:33.307+0000] {processor.py:840} INFO - DAG(s) 'example_branch_operator' retrieved from /home/airflow/.local/lib/python3.8/site-packages/airflow/example_dags/example_branch_operator.py
[2024-01-03T02:25:33.324+0000] {logging_mixin.py:188} INFO - [2024-01-03T02:25:33.324+0000] {dag.py:3033} INFO - Sync 1 DAGs
[2024-01-03T02:25:33.340+0000] {logging_mixin.py:188} INFO - [2024-01-03T02:25:33.340+0000] {dag.py:3820} INFO - Setting next_dagrun for example_branch_operator to 2024-01-02T00:00:00+00:00, run_after=2024-01-03T00:00:00+00:00
[2024-01-03T02:25:33.353+0000] {processor.py:183} INFO - Processing /home/airflow/.local/lib/python3.8/site-packages/airflow/example_dags/example_branch_operator.py took 0.062 seconds
[2024-01-03T02:26:03.418+0000] {processor.py:161} INFO - Started process (PID=848) to work on /home/airflow/.local/lib/python3.8/site-packages/airflow/example_dags/example_branch_operator.py
[2024-01-03T02:26:03.419+0000] {processor.py:830} INFO - Processing file /home/airflow/.local/lib/python3.8/site-packages/airflow/example_dags/example_branch_operator.py for tasks to queue
[2024-01-03T02:26:03.420+0000] {logging_mixin.py:188} INFO - [2024-01-03T02:26:03.420+0000] {dagbag.py:538} INFO - Filling up the DagBag from /home/airflow/.local/lib/python3.8/site-packages/airflow/example_dags/example_branch_operator.py
[2024-01-03T02:26:03.431+0000] {processor.py:840} INFO - DAG(s) 'example_branch_operator' retrieved from /home/airflow/.local/lib/python3.8/site-packages/airflow/example_dags/example_branch_operator.py
[2024-01-03T02:26:03.447+0000] {logging_mixin.py:188} INFO - [2024-01-03T02:26:03.447+0000] {dag.py:3033} INFO - Sync 1 DAGs
[2024-01-03T02:26:03.462+0000] {logging_mixin.py:188} INFO - [2024-01-03T02:26:03.462+0000] {dag.py:3820} INFO - Setting next_dagrun for example_branch_operator to 2024-01-02T00:00:00+00:00, run_after=2024-01-03T00:00:00+00:00
[2024-01-03T02:26:03.475+0000] {processor.py:183} INFO - Processing /home/airflow/.local/lib/python3.8/site-packages/airflow/example_dags/example_branch_operator.py took 0.059 seconds
[2024-01-03T02:26:33.501+0000] {processor.py:161} INFO - Started process (PID=903) to work on /home/airflow/.local/lib/python3.8/site-packages/airflow/example_dags/example_branch_operator.py
[2024-01-03T02:26:33.502+0000] {processor.py:830} INFO - Processing file /home/airflow/.local/lib/python3.8/site-packages/airflow/example_dags/example_branch_operator.py for tasks to queue
[2024-01-03T02:26:33.504+0000] {logging_mixin.py:188} INFO - [2024-01-03T02:26:33.503+0000] {dagbag.py:538} INFO - Filling up the DagBag from /home/airflow/.local/lib/python3.8/site-packages/airflow/example_dags/example_branch_operator.py
[2024-01-03T02:26:33.515+0000] {processor.py:840} INFO - DAG(s) 'example_branch_operator' retrieved from /home/airflow/.local/lib/python3.8/site-packages/airflow/example_dags/example_branch_operator.py
[2024-01-03T02:26:33.532+0000] {logging_mixin.py:188} INFO - [2024-01-03T02:26:33.532+0000] {dag.py:3033} INFO - Sync 1 DAGs
[2024-01-03T02:26:33.549+0000] {logging_mixin.py:188} INFO - [2024-01-03T02:26:33.549+0000] {dag.py:3820} INFO - Setting next_dagrun for example_branch_operator to 2024-01-02T00:00:00+00:00, run_after=2024-01-03T00:00:00+00:00
[2024-01-03T02:26:33.562+0000] {processor.py:183} INFO - Processing /home/airflow/.local/lib/python3.8/site-packages/airflow/example_dags/example_branch_operator.py took 0.062 seconds
[2024-01-03T02:27:04.300+0000] {processor.py:161} INFO - Started process (PID=958) to work on /home/airflow/.local/lib/python3.8/site-packages/airflow/example_dags/example_branch_operator.py
[2024-01-03T02:27:04.300+0000] {processor.py:830} INFO - Processing file /home/airflow/.local/lib/python3.8/site-packages/airflow/example_dags/example_branch_operator.py for tasks to queue
[2024-01-03T02:27:04.302+0000] {logging_mixin.py:188} INFO - [2024-01-03T02:27:04.302+0000] {dagbag.py:538} INFO - Filling up the DagBag from /home/airflow/.local/lib/python3.8/site-packages/airflow/example_dags/example_branch_operator.py
[2024-01-03T02:27:04.313+0000] {processor.py:840} INFO - DAG(s) 'example_branch_operator' retrieved from /home/airflow/.local/lib/python3.8/site-packages/airflow/example_dags/example_branch_operator.py
[2024-01-03T02:27:04.331+0000] {logging_mixin.py:188} INFO - [2024-01-03T02:27:04.330+0000] {dag.py:3033} INFO - Sync 1 DAGs
[2024-01-03T02:27:04.345+0000] {logging_mixin.py:188} INFO - [2024-01-03T02:27:04.345+0000] {dag.py:3820} INFO - Setting next_dagrun for example_branch_operator to 2024-01-02T00:00:00+00:00, run_after=2024-01-03T00:00:00+00:00
[2024-01-03T02:27:04.357+0000] {processor.py:183} INFO - Processing /home/airflow/.local/lib/python3.8/site-packages/airflow/example_dags/example_branch_operator.py took 0.060 seconds
[2024-01-03T02:27:35.159+0000] {processor.py:161} INFO - Started process (PID=1013) to work on /home/airflow/.local/lib/python3.8/site-packages/airflow/example_dags/example_branch_operator.py
[2024-01-03T02:27:35.160+0000] {processor.py:830} INFO - Processing file /home/airflow/.local/lib/python3.8/site-packages/airflow/example_dags/example_branch_operator.py for tasks to queue
[2024-01-03T02:27:35.161+0000] {logging_mixin.py:188} INFO - [2024-01-03T02:27:35.161+0000] {dagbag.py:538} INFO - Filling up the DagBag from /home/airflow/.local/lib/python3.8/site-packages/airflow/example_dags/example_branch_operator.py
[2024-01-03T02:27:35.172+0000] {processor.py:840} INFO - DAG(s) 'example_branch_operator' retrieved from /home/airflow/.local/lib/python3.8/site-packages/airflow/example_dags/example_branch_operator.py
[2024-01-03T02:27:35.188+0000] {logging_mixin.py:188} INFO - [2024-01-03T02:27:35.188+0000] {dag.py:3033} INFO - Sync 1 DAGs
[2024-01-03T02:27:35.203+0000] {logging_mixin.py:188} INFO - [2024-01-03T02:27:35.203+0000] {dag.py:3820} INFO - Setting next_dagrun for example_branch_operator to 2024-01-02T00:00:00+00:00, run_after=2024-01-03T00:00:00+00:00
[2024-01-03T02:27:35.216+0000] {processor.py:183} INFO - Processing /home/airflow/.local/lib/python3.8/site-packages/airflow/example_dags/example_branch_operator.py took 0.058 seconds
[2024-01-03T02:28:05.936+0000] {processor.py:161} INFO - Started process (PID=1068) to work on /home/airflow/.local/lib/python3.8/site-packages/airflow/example_dags/example_branch_operator.py
[2024-01-03T02:28:05.937+0000] {processor.py:830} INFO - Processing file /home/airflow/.local/lib/python3.8/site-packages/airflow/example_dags/example_branch_operator.py for tasks to queue
[2024-01-03T02:28:05.938+0000] {logging_mixin.py:188} INFO - [2024-01-03T02:28:05.938+0000] {dagbag.py:538} INFO - Filling up the DagBag from /home/airflow/.local/lib/python3.8/site-packages/airflow/example_dags/example_branch_operator.py
[2024-01-03T02:28:05.949+0000] {processor.py:840} INFO - DAG(s) 'example_branch_operator' retrieved from /home/airflow/.local/lib/python3.8/site-packages/airflow/example_dags/example_branch_operator.py
[2024-01-03T02:28:05.965+0000] {logging_mixin.py:188} INFO - [2024-01-03T02:28:05.965+0000] {dag.py:3033} INFO - Sync 1 DAGs
[2024-01-03T02:28:05.981+0000] {logging_mixin.py:188} INFO - [2024-01-03T02:28:05.980+0000] {dag.py:3820} INFO - Setting next_dagrun for example_branch_operator to 2024-01-02T00:00:00+00:00, run_after=2024-01-03T00:00:00+00:00
[2024-01-03T02:28:05.993+0000] {processor.py:183} INFO - Processing /home/airflow/.local/lib/python3.8/site-packages/airflow/example_dags/example_branch_operator.py took 0.058 seconds
[2024-01-03T02:28:36.732+0000] {processor.py:161} INFO - Started process (PID=1123) to work on /home/airflow/.local/lib/python3.8/site-packages/airflow/example_dags/example_branch_operator.py
[2024-01-03T02:28:36.733+0000] {processor.py:830} INFO - Processing file /home/airflow/.local/lib/python3.8/site-packages/airflow/example_dags/example_branch_operator.py for tasks to queue
[2024-01-03T02:28:36.734+0000] {logging_mixin.py:188} INFO - [2024-01-03T02:28:36.734+0000] {dagbag.py:538} INFO - Filling up the DagBag from /home/airflow/.local/lib/python3.8/site-packages/airflow/example_dags/example_branch_operator.py
[2024-01-03T02:28:36.744+0000] {processor.py:840} INFO - DAG(s) 'example_branch_operator' retrieved from /home/airflow/.local/lib/python3.8/site-packages/airflow/example_dags/example_branch_operator.py
[2024-01-03T02:28:36.762+0000] {logging_mixin.py:188} INFO - [2024-01-03T02:28:36.762+0000] {dag.py:3033} INFO - Sync 1 DAGs
[2024-01-03T02:28:36.777+0000] {logging_mixin.py:188} INFO - [2024-01-03T02:28:36.777+0000] {dag.py:3820} INFO - Setting next_dagrun for example_branch_operator to 2024-01-02T00:00:00+00:00, run_after=2024-01-03T00:00:00+00:00
[2024-01-03T02:28:36.790+0000] {processor.py:183} INFO - Processing /home/airflow/.local/lib/python3.8/site-packages/airflow/example_dags/example_branch_operator.py took 0.060 seconds
[2024-01-03T02:29:07.553+0000] {processor.py:161} INFO - Started process (PID=1178) to work on /home/airflow/.local/lib/python3.8/site-packages/airflow/example_dags/example_branch_operator.py
[2024-01-03T02:29:07.554+0000] {processor.py:830} INFO - Processing file /home/airflow/.local/lib/python3.8/site-packages/airflow/example_dags/example_branch_operator.py for tasks to queue
[2024-01-03T02:29:07.555+0000] {logging_mixin.py:188} INFO - [2024-01-03T02:29:07.555+0000] {dagbag.py:538} INFO - Filling up the DagBag from /home/airflow/.local/lib/python3.8/site-packages/airflow/example_dags/example_branch_operator.py
[2024-01-03T02:29:07.566+0000] {processor.py:840} INFO - DAG(s) 'example_branch_operator' retrieved from /home/airflow/.local/lib/python3.8/site-packages/airflow/example_dags/example_branch_operator.py
[2024-01-03T02:29:07.583+0000] {logging_mixin.py:188} INFO - [2024-01-03T02:29:07.582+0000] {dag.py:3033} INFO - Sync 1 DAGs
[2024-01-03T02:29:07.597+0000] {logging_mixin.py:188} INFO - [2024-01-03T02:29:07.597+0000] {dag.py:3820} INFO - Setting next_dagrun for example_branch_operator to 2024-01-02T00:00:00+00:00, run_after=2024-01-03T00:00:00+00:00
[2024-01-03T02:29:07.609+0000] {processor.py:183} INFO - Processing /home/airflow/.local/lib/python3.8/site-packages/airflow/example_dags/example_branch_operator.py took 0.058 seconds
[2024-01-03T02:29:38.343+0000] {processor.py:161} INFO - Started process (PID=1233) to work on /home/airflow/.local/lib/python3.8/site-packages/airflow/example_dags/example_branch_operator.py
[2024-01-03T02:29:38.344+0000] {processor.py:830} INFO - Processing file /home/airflow/.local/lib/python3.8/site-packages/airflow/example_dags/example_branch_operator.py for tasks to queue
[2024-01-03T02:29:38.346+0000] {logging_mixin.py:188} INFO - [2024-01-03T02:29:38.346+0000] {dagbag.py:538} INFO - Filling up the DagBag from /home/airflow/.local/lib/python3.8/site-packages/airflow/example_dags/example_branch_operator.py
[2024-01-03T02:29:38.359+0000] {processor.py:840} INFO - DAG(s) 'example_branch_operator' retrieved from /home/airflow/.local/lib/python3.8/site-packages/airflow/example_dags/example_branch_operator.py
[2024-01-03T02:29:38.380+0000] {logging_mixin.py:188} INFO - [2024-01-03T02:29:38.380+0000] {dag.py:3033} INFO - Sync 1 DAGs
[2024-01-03T02:29:38.398+0000] {logging_mixin.py:188} INFO - [2024-01-03T02:29:38.397+0000] {dag.py:3820} INFO - Setting next_dagrun for example_branch_operator to 2024-01-02T00:00:00+00:00, run_after=2024-01-03T00:00:00+00:00
[2024-01-03T02:29:38.412+0000] {processor.py:183} INFO - Processing /home/airflow/.local/lib/python3.8/site-packages/airflow/example_dags/example_branch_operator.py took 0.071 seconds
[2024-01-03T02:30:08.432+0000] {processor.py:161} INFO - Started process (PID=1287) to work on /home/airflow/.local/lib/python3.8/site-packages/airflow/example_dags/example_branch_operator.py
[2024-01-03T02:30:08.433+0000] {processor.py:830} INFO - Processing file /home/airflow/.local/lib/python3.8/site-packages/airflow/example_dags/example_branch_operator.py for tasks to queue
[2024-01-03T02:30:08.434+0000] {logging_mixin.py:188} INFO - [2024-01-03T02:30:08.434+0000] {dagbag.py:538} INFO - Filling up the DagBag from /home/airflow/.local/lib/python3.8/site-packages/airflow/example_dags/example_branch_operator.py
[2024-01-03T02:30:08.444+0000] {processor.py:840} INFO - DAG(s) 'example_branch_operator' retrieved from /home/airflow/.local/lib/python3.8/site-packages/airflow/example_dags/example_branch_operator.py
[2024-01-03T02:30:08.461+0000] {logging_mixin.py:188} INFO - [2024-01-03T02:30:08.461+0000] {dag.py:3033} INFO - Sync 1 DAGs
[2024-01-03T02:30:08.476+0000] {logging_mixin.py:188} INFO - [2024-01-03T02:30:08.476+0000] {dag.py:3820} INFO - Setting next_dagrun for example_branch_operator to 2024-01-02T00:00:00+00:00, run_after=2024-01-03T00:00:00+00:00
[2024-01-03T02:30:08.487+0000] {processor.py:183} INFO - Processing /home/airflow/.local/lib/python3.8/site-packages/airflow/example_dags/example_branch_operator.py took 0.057 seconds
[2024-01-03T02:30:39.505+0000] {processor.py:161} INFO - Started process (PID=1343) to work on /home/airflow/.local/lib/python3.8/site-packages/airflow/example_dags/example_branch_operator.py
[2024-01-03T02:30:39.506+0000] {processor.py:830} INFO - Processing file /home/airflow/.local/lib/python3.8/site-packages/airflow/example_dags/example_branch_operator.py for tasks to queue
[2024-01-03T02:30:39.508+0000] {logging_mixin.py:188} INFO - [2024-01-03T02:30:39.508+0000] {dagbag.py:538} INFO - Filling up the DagBag from /home/airflow/.local/lib/python3.8/site-packages/airflow/example_dags/example_branch_operator.py
[2024-01-03T02:30:39.520+0000] {processor.py:840} INFO - DAG(s) 'example_branch_operator' retrieved from /home/airflow/.local/lib/python3.8/site-packages/airflow/example_dags/example_branch_operator.py
[2024-01-03T02:30:39.540+0000] {logging_mixin.py:188} INFO - [2024-01-03T02:30:39.540+0000] {dag.py:3033} INFO - Sync 1 DAGs
[2024-01-03T02:30:39.558+0000] {logging_mixin.py:188} INFO - [2024-01-03T02:30:39.558+0000] {dag.py:3820} INFO - Setting next_dagrun for example_branch_operator to 2024-01-02T00:00:00+00:00, run_after=2024-01-03T00:00:00+00:00
[2024-01-03T02:30:39.572+0000] {processor.py:183} INFO - Processing /home/airflow/.local/lib/python3.8/site-packages/airflow/example_dags/example_branch_operator.py took 0.069 seconds
[2024-01-03T02:31:09.876+0000] {processor.py:161} INFO - Started process (PID=1398) to work on /home/airflow/.local/lib/python3.8/site-packages/airflow/example_dags/example_branch_operator.py
[2024-01-03T02:31:09.876+0000] {processor.py:830} INFO - Processing file /home/airflow/.local/lib/python3.8/site-packages/airflow/example_dags/example_branch_operator.py for tasks to queue
[2024-01-03T02:31:09.878+0000] {logging_mixin.py:188} INFO - [2024-01-03T02:31:09.878+0000] {dagbag.py:538} INFO - Filling up the DagBag from /home/airflow/.local/lib/python3.8/site-packages/airflow/example_dags/example_branch_operator.py
[2024-01-03T02:31:09.889+0000] {processor.py:840} INFO - DAG(s) 'example_branch_operator' retrieved from /home/airflow/.local/lib/python3.8/site-packages/airflow/example_dags/example_branch_operator.py
[2024-01-03T02:31:09.906+0000] {logging_mixin.py:188} INFO - [2024-01-03T02:31:09.906+0000] {dag.py:3033} INFO - Sync 1 DAGs
[2024-01-03T02:31:09.922+0000] {logging_mixin.py:188} INFO - [2024-01-03T02:31:09.922+0000] {dag.py:3820} INFO - Setting next_dagrun for example_branch_operator to 2024-01-02T00:00:00+00:00, run_after=2024-01-03T00:00:00+00:00
[2024-01-03T02:31:09.934+0000] {processor.py:183} INFO - Processing /home/airflow/.local/lib/python3.8/site-packages/airflow/example_dags/example_branch_operator.py took 0.061 seconds
[2024-01-03T02:31:40.000+0000] {processor.py:161} INFO - Started process (PID=1453) to work on /home/airflow/.local/lib/python3.8/site-packages/airflow/example_dags/example_branch_operator.py
[2024-01-03T02:31:40.000+0000] {processor.py:830} INFO - Processing file /home/airflow/.local/lib/python3.8/site-packages/airflow/example_dags/example_branch_operator.py for tasks to queue
[2024-01-03T02:31:40.002+0000] {logging_mixin.py:188} INFO - [2024-01-03T02:31:40.002+0000] {dagbag.py:538} INFO - Filling up the DagBag from /home/airflow/.local/lib/python3.8/site-packages/airflow/example_dags/example_branch_operator.py
[2024-01-03T02:31:40.012+0000] {processor.py:840} INFO - DAG(s) 'example_branch_operator' retrieved from /home/airflow/.local/lib/python3.8/site-packages/airflow/example_dags/example_branch_operator.py
[2024-01-03T02:31:40.030+0000] {logging_mixin.py:188} INFO - [2024-01-03T02:31:40.030+0000] {dag.py:3033} INFO - Sync 1 DAGs
[2024-01-03T02:31:40.047+0000] {logging_mixin.py:188} INFO - [2024-01-03T02:31:40.046+0000] {dag.py:3820} INFO - Setting next_dagrun for example_branch_operator to 2024-01-02T00:00:00+00:00, run_after=2024-01-03T00:00:00+00:00
[2024-01-03T02:31:40.063+0000] {processor.py:183} INFO - Processing /home/airflow/.local/lib/python3.8/site-packages/airflow/example_dags/example_branch_operator.py took 0.066 seconds
[2024-01-03T02:32:10.133+0000] {processor.py:161} INFO - Started process (PID=1508) to work on /home/airflow/.local/lib/python3.8/site-packages/airflow/example_dags/example_branch_operator.py
[2024-01-03T02:32:10.133+0000] {processor.py:830} INFO - Processing file /home/airflow/.local/lib/python3.8/site-packages/airflow/example_dags/example_branch_operator.py for tasks to queue
[2024-01-03T02:32:10.135+0000] {logging_mixin.py:188} INFO - [2024-01-03T02:32:10.135+0000] {dagbag.py:538} INFO - Filling up the DagBag from /home/airflow/.local/lib/python3.8/site-packages/airflow/example_dags/example_branch_operator.py
[2024-01-03T02:32:10.145+0000] {processor.py:840} INFO - DAG(s) 'example_branch_operator' retrieved from /home/airflow/.local/lib/python3.8/site-packages/airflow/example_dags/example_branch_operator.py
[2024-01-03T02:32:10.162+0000] {logging_mixin.py:188} INFO - [2024-01-03T02:32:10.162+0000] {dag.py:3033} INFO - Sync 1 DAGs
[2024-01-03T02:32:10.178+0000] {logging_mixin.py:188} INFO - [2024-01-03T02:32:10.178+0000] {dag.py:3820} INFO - Setting next_dagrun for example_branch_operator to 2024-01-02T00:00:00+00:00, run_after=2024-01-03T00:00:00+00:00
[2024-01-03T02:32:10.193+0000] {processor.py:183} INFO - Processing /home/airflow/.local/lib/python3.8/site-packages/airflow/example_dags/example_branch_operator.py took 0.062 seconds
[2024-01-03T02:32:40.220+0000] {processor.py:161} INFO - Started process (PID=1563) to work on /home/airflow/.local/lib/python3.8/site-packages/airflow/example_dags/example_branch_operator.py
[2024-01-03T02:32:40.220+0000] {processor.py:830} INFO - Processing file /home/airflow/.local/lib/python3.8/site-packages/airflow/example_dags/example_branch_operator.py for tasks to queue
[2024-01-03T02:32:40.222+0000] {logging_mixin.py:188} INFO - [2024-01-03T02:32:40.222+0000] {dagbag.py:538} INFO - Filling up the DagBag from /home/airflow/.local/lib/python3.8/site-packages/airflow/example_dags/example_branch_operator.py
[2024-01-03T02:32:40.233+0000] {processor.py:840} INFO - DAG(s) 'example_branch_operator' retrieved from /home/airflow/.local/lib/python3.8/site-packages/airflow/example_dags/example_branch_operator.py
[2024-01-03T02:32:40.251+0000] {logging_mixin.py:188} INFO - [2024-01-03T02:32:40.250+0000] {dag.py:3033} INFO - Sync 1 DAGs
[2024-01-03T02:32:40.267+0000] {logging_mixin.py:188} INFO - [2024-01-03T02:32:40.267+0000] {dag.py:3820} INFO - Setting next_dagrun for example_branch_operator to 2024-01-02T00:00:00+00:00, run_after=2024-01-03T00:00:00+00:00
[2024-01-03T02:32:40.280+0000] {processor.py:183} INFO - Processing /home/airflow/.local/lib/python3.8/site-packages/airflow/example_dags/example_branch_operator.py took 0.062 seconds
[2024-01-03T02:33:10.395+0000] {processor.py:161} INFO - Started process (PID=1618) to work on /home/airflow/.local/lib/python3.8/site-packages/airflow/example_dags/example_branch_operator.py
[2024-01-03T02:33:10.396+0000] {processor.py:830} INFO - Processing file /home/airflow/.local/lib/python3.8/site-packages/airflow/example_dags/example_branch_operator.py for tasks to queue
[2024-01-03T02:33:10.397+0000] {logging_mixin.py:188} INFO - [2024-01-03T02:33:10.397+0000] {dagbag.py:538} INFO - Filling up the DagBag from /home/airflow/.local/lib/python3.8/site-packages/airflow/example_dags/example_branch_operator.py
[2024-01-03T02:33:10.408+0000] {processor.py:840} INFO - DAG(s) 'example_branch_operator' retrieved from /home/airflow/.local/lib/python3.8/site-packages/airflow/example_dags/example_branch_operator.py
[2024-01-03T02:33:10.427+0000] {logging_mixin.py:188} INFO - [2024-01-03T02:33:10.427+0000] {dag.py:3033} INFO - Sync 1 DAGs
[2024-01-03T02:33:10.444+0000] {logging_mixin.py:188} INFO - [2024-01-03T02:33:10.444+0000] {dag.py:3820} INFO - Setting next_dagrun for example_branch_operator to 2024-01-02T00:00:00+00:00, run_after=2024-01-03T00:00:00+00:00
[2024-01-03T02:33:10.458+0000] {processor.py:183} INFO - Processing /home/airflow/.local/lib/python3.8/site-packages/airflow/example_dags/example_branch_operator.py took 0.065 seconds
[2024-01-03T02:33:40.551+0000] {processor.py:161} INFO - Started process (PID=1673) to work on /home/airflow/.local/lib/python3.8/site-packages/airflow/example_dags/example_branch_operator.py
[2024-01-03T02:33:40.552+0000] {processor.py:830} INFO - Processing file /home/airflow/.local/lib/python3.8/site-packages/airflow/example_dags/example_branch_operator.py for tasks to queue
[2024-01-03T02:33:40.553+0000] {logging_mixin.py:188} INFO - [2024-01-03T02:33:40.553+0000] {dagbag.py:538} INFO - Filling up the DagBag from /home/airflow/.local/lib/python3.8/site-packages/airflow/example_dags/example_branch_operator.py
[2024-01-03T02:33:40.564+0000] {processor.py:840} INFO - DAG(s) 'example_branch_operator' retrieved from /home/airflow/.local/lib/python3.8/site-packages/airflow/example_dags/example_branch_operator.py
[2024-01-03T02:33:40.581+0000] {logging_mixin.py:188} INFO - [2024-01-03T02:33:40.581+0000] {dag.py:3033} INFO - Sync 1 DAGs
[2024-01-03T02:33:40.596+0000] {logging_mixin.py:188} INFO - [2024-01-03T02:33:40.596+0000] {dag.py:3820} INFO - Setting next_dagrun for example_branch_operator to 2024-01-02T00:00:00+00:00, run_after=2024-01-03T00:00:00+00:00
[2024-01-03T02:33:40.611+0000] {processor.py:183} INFO - Processing /home/airflow/.local/lib/python3.8/site-packages/airflow/example_dags/example_branch_operator.py took 0.062 seconds
[2024-01-03T02:34:11.461+0000] {processor.py:161} INFO - Started process (PID=1728) to work on /home/airflow/.local/lib/python3.8/site-packages/airflow/example_dags/example_branch_operator.py
[2024-01-03T02:34:11.462+0000] {processor.py:830} INFO - Processing file /home/airflow/.local/lib/python3.8/site-packages/airflow/example_dags/example_branch_operator.py for tasks to queue
[2024-01-03T02:34:11.463+0000] {logging_mixin.py:188} INFO - [2024-01-03T02:34:11.463+0000] {dagbag.py:538} INFO - Filling up the DagBag from /home/airflow/.local/lib/python3.8/site-packages/airflow/example_dags/example_branch_operator.py
[2024-01-03T02:34:11.480+0000] {processor.py:840} INFO - DAG(s) 'example_branch_operator' retrieved from /home/airflow/.local/lib/python3.8/site-packages/airflow/example_dags/example_branch_operator.py
[2024-01-03T02:34:11.498+0000] {logging_mixin.py:188} INFO - [2024-01-03T02:34:11.498+0000] {dag.py:3033} INFO - Sync 1 DAGs
[2024-01-03T02:34:11.513+0000] {logging_mixin.py:188} INFO - [2024-01-03T02:34:11.513+0000] {dag.py:3820} INFO - Setting next_dagrun for example_branch_operator to 2024-01-02T00:00:00+00:00, run_after=2024-01-03T00:00:00+00:00
[2024-01-03T02:34:11.526+0000] {processor.py:183} INFO - Processing /home/airflow/.local/lib/python3.8/site-packages/airflow/example_dags/example_branch_operator.py took 0.067 seconds
[2024-01-03T02:34:42.139+0000] {processor.py:161} INFO - Started process (PID=1784) to work on /home/airflow/.local/lib/python3.8/site-packages/airflow/example_dags/example_branch_operator.py
[2024-01-03T02:34:42.140+0000] {processor.py:830} INFO - Processing file /home/airflow/.local/lib/python3.8/site-packages/airflow/example_dags/example_branch_operator.py for tasks to queue
[2024-01-03T02:34:42.141+0000] {logging_mixin.py:188} INFO - [2024-01-03T02:34:42.141+0000] {dagbag.py:538} INFO - Filling up the DagBag from /home/airflow/.local/lib/python3.8/site-packages/airflow/example_dags/example_branch_operator.py
[2024-01-03T02:34:42.152+0000] {processor.py:840} INFO - DAG(s) 'example_branch_operator' retrieved from /home/airflow/.local/lib/python3.8/site-packages/airflow/example_dags/example_branch_operator.py
[2024-01-03T02:34:42.170+0000] {logging_mixin.py:188} INFO - [2024-01-03T02:34:42.170+0000] {dag.py:3033} INFO - Sync 1 DAGs
[2024-01-03T02:34:42.187+0000] {logging_mixin.py:188} INFO - [2024-01-03T02:34:42.187+0000] {dag.py:3820} INFO - Setting next_dagrun for example_branch_operator to 2024-01-02T00:00:00+00:00, run_after=2024-01-03T00:00:00+00:00
[2024-01-03T02:34:42.201+0000] {processor.py:183} INFO - Processing /home/airflow/.local/lib/python3.8/site-packages/airflow/example_dags/example_branch_operator.py took 0.065 seconds
[2024-01-03T02:35:12.983+0000] {processor.py:161} INFO - Started process (PID=1839) to work on /home/airflow/.local/lib/python3.8/site-packages/airflow/example_dags/example_branch_operator.py
[2024-01-03T02:35:12.984+0000] {processor.py:830} INFO - Processing file /home/airflow/.local/lib/python3.8/site-packages/airflow/example_dags/example_branch_operator.py for tasks to queue
[2024-01-03T02:35:12.986+0000] {logging_mixin.py:188} INFO - [2024-01-03T02:35:12.985+0000] {dagbag.py:538} INFO - Filling up the DagBag from /home/airflow/.local/lib/python3.8/site-packages/airflow/example_dags/example_branch_operator.py
[2024-01-03T02:35:12.997+0000] {processor.py:840} INFO - DAG(s) 'example_branch_operator' retrieved from /home/airflow/.local/lib/python3.8/site-packages/airflow/example_dags/example_branch_operator.py
[2024-01-03T02:35:13.015+0000] {logging_mixin.py:188} INFO - [2024-01-03T02:35:13.015+0000] {dag.py:3033} INFO - Sync 1 DAGs
[2024-01-03T02:35:13.032+0000] {logging_mixin.py:188} INFO - [2024-01-03T02:35:13.032+0000] {dag.py:3820} INFO - Setting next_dagrun for example_branch_operator to 2024-01-02T00:00:00+00:00, run_after=2024-01-03T00:00:00+00:00
[2024-01-03T02:35:13.045+0000] {processor.py:183} INFO - Processing /home/airflow/.local/lib/python3.8/site-packages/airflow/example_dags/example_branch_operator.py took 0.064 seconds
[2024-01-03T02:35:43.867+0000] {processor.py:161} INFO - Started process (PID=1894) to work on /home/airflow/.local/lib/python3.8/site-packages/airflow/example_dags/example_branch_operator.py
[2024-01-03T02:35:43.868+0000] {processor.py:830} INFO - Processing file /home/airflow/.local/lib/python3.8/site-packages/airflow/example_dags/example_branch_operator.py for tasks to queue
[2024-01-03T02:35:43.869+0000] {logging_mixin.py:188} INFO - [2024-01-03T02:35:43.869+0000] {dagbag.py:538} INFO - Filling up the DagBag from /home/airflow/.local/lib/python3.8/site-packages/airflow/example_dags/example_branch_operator.py
[2024-01-03T02:35:43.880+0000] {processor.py:840} INFO - DAG(s) 'example_branch_operator' retrieved from /home/airflow/.local/lib/python3.8/site-packages/airflow/example_dags/example_branch_operator.py
[2024-01-03T02:35:43.899+0000] {logging_mixin.py:188} INFO - [2024-01-03T02:35:43.899+0000] {dag.py:3033} INFO - Sync 1 DAGs
[2024-01-03T02:35:43.915+0000] {logging_mixin.py:188} INFO - [2024-01-03T02:35:43.915+0000] {dag.py:3820} INFO - Setting next_dagrun for example_branch_operator to 2024-01-02T00:00:00+00:00, run_after=2024-01-03T00:00:00+00:00
[2024-01-03T02:35:43.930+0000] {processor.py:183} INFO - Processing /home/airflow/.local/lib/python3.8/site-packages/airflow/example_dags/example_branch_operator.py took 0.065 seconds
[2024-01-03T02:36:14.712+0000] {processor.py:161} INFO - Started process (PID=1949) to work on /home/airflow/.local/lib/python3.8/site-packages/airflow/example_dags/example_branch_operator.py
[2024-01-03T02:36:14.713+0000] {processor.py:830} INFO - Processing file /home/airflow/.local/lib/python3.8/site-packages/airflow/example_dags/example_branch_operator.py for tasks to queue
[2024-01-03T02:36:14.714+0000] {logging_mixin.py:188} INFO - [2024-01-03T02:36:14.714+0000] {dagbag.py:538} INFO - Filling up the DagBag from /home/airflow/.local/lib/python3.8/site-packages/airflow/example_dags/example_branch_operator.py
[2024-01-03T02:36:14.726+0000] {processor.py:840} INFO - DAG(s) 'example_branch_operator' retrieved from /home/airflow/.local/lib/python3.8/site-packages/airflow/example_dags/example_branch_operator.py
[2024-01-03T02:36:14.747+0000] {logging_mixin.py:188} INFO - [2024-01-03T02:36:14.746+0000] {dag.py:3033} INFO - Sync 1 DAGs
[2024-01-03T02:36:14.766+0000] {logging_mixin.py:188} INFO - [2024-01-03T02:36:14.766+0000] {dag.py:3820} INFO - Setting next_dagrun for example_branch_operator to 2024-01-02T00:00:00+00:00, run_after=2024-01-03T00:00:00+00:00
[2024-01-03T02:36:14.783+0000] {processor.py:183} INFO - Processing /home/airflow/.local/lib/python3.8/site-packages/airflow/example_dags/example_branch_operator.py took 0.074 seconds
[2024-01-03T02:36:44.889+0000] {processor.py:161} INFO - Started process (PID=2004) to work on /home/airflow/.local/lib/python3.8/site-packages/airflow/example_dags/example_branch_operator.py
[2024-01-03T02:36:44.890+0000] {processor.py:830} INFO - Processing file /home/airflow/.local/lib/python3.8/site-packages/airflow/example_dags/example_branch_operator.py for tasks to queue
[2024-01-03T02:36:44.891+0000] {logging_mixin.py:188} INFO - [2024-01-03T02:36:44.891+0000] {dagbag.py:538} INFO - Filling up the DagBag from /home/airflow/.local/lib/python3.8/site-packages/airflow/example_dags/example_branch_operator.py
[2024-01-03T02:36:44.901+0000] {processor.py:840} INFO - DAG(s) 'example_branch_operator' retrieved from /home/airflow/.local/lib/python3.8/site-packages/airflow/example_dags/example_branch_operator.py
[2024-01-03T02:36:44.919+0000] {logging_mixin.py:188} INFO - [2024-01-03T02:36:44.919+0000] {dag.py:3033} INFO - Sync 1 DAGs
[2024-01-03T02:36:44.936+0000] {logging_mixin.py:188} INFO - [2024-01-03T02:36:44.936+0000] {dag.py:3820} INFO - Setting next_dagrun for example_branch_operator to 2024-01-02T00:00:00+00:00, run_after=2024-01-03T00:00:00+00:00
[2024-01-03T02:36:44.950+0000] {processor.py:183} INFO - Processing /home/airflow/.local/lib/python3.8/site-packages/airflow/example_dags/example_branch_operator.py took 0.063 seconds
[2024-01-03T02:41:33.619+0000] {processor.py:161} INFO - Started process (PID=2066) to work on /home/airflow/.local/lib/python3.8/site-packages/airflow/example_dags/example_branch_operator.py
[2024-01-03T02:41:33.620+0000] {processor.py:830} INFO - Processing file /home/airflow/.local/lib/python3.8/site-packages/airflow/example_dags/example_branch_operator.py for tasks to queue
[2024-01-03T02:41:33.623+0000] {logging_mixin.py:188} INFO - [2024-01-03T02:41:33.623+0000] {dagbag.py:538} INFO - Filling up the DagBag from /home/airflow/.local/lib/python3.8/site-packages/airflow/example_dags/example_branch_operator.py
[2024-01-03T02:41:33.642+0000] {processor.py:840} INFO - DAG(s) 'example_branch_operator' retrieved from /home/airflow/.local/lib/python3.8/site-packages/airflow/example_dags/example_branch_operator.py
[2024-01-03T02:41:33.665+0000] {logging_mixin.py:188} INFO - [2024-01-03T02:41:33.665+0000] {dag.py:3033} INFO - Sync 1 DAGs
[2024-01-03T02:41:33.686+0000] {logging_mixin.py:188} INFO - [2024-01-03T02:41:33.686+0000] {dag.py:3820} INFO - Setting next_dagrun for example_branch_operator to 2024-01-02T00:00:00+00:00, run_after=2024-01-03T00:00:00+00:00
[2024-01-03T02:41:33.708+0000] {processor.py:183} INFO - Processing /home/airflow/.local/lib/python3.8/site-packages/airflow/example_dags/example_branch_operator.py took 0.092 seconds
[2024-01-03T02:42:04.199+0000] {processor.py:161} INFO - Started process (PID=2121) to work on /home/airflow/.local/lib/python3.8/site-packages/airflow/example_dags/example_branch_operator.py
[2024-01-03T02:42:04.201+0000] {processor.py:830} INFO - Processing file /home/airflow/.local/lib/python3.8/site-packages/airflow/example_dags/example_branch_operator.py for tasks to queue
[2024-01-03T02:42:04.204+0000] {logging_mixin.py:188} INFO - [2024-01-03T02:42:04.203+0000] {dagbag.py:538} INFO - Filling up the DagBag from /home/airflow/.local/lib/python3.8/site-packages/airflow/example_dags/example_branch_operator.py
[2024-01-03T02:42:04.224+0000] {processor.py:840} INFO - DAG(s) 'example_branch_operator' retrieved from /home/airflow/.local/lib/python3.8/site-packages/airflow/example_dags/example_branch_operator.py
[2024-01-03T02:42:04.245+0000] {logging_mixin.py:188} INFO - [2024-01-03T02:42:04.245+0000] {dag.py:3033} INFO - Sync 1 DAGs
[2024-01-03T02:42:04.269+0000] {logging_mixin.py:188} INFO - [2024-01-03T02:42:04.268+0000] {dag.py:3820} INFO - Setting next_dagrun for example_branch_operator to 2024-01-02T00:00:00+00:00, run_after=2024-01-03T00:00:00+00:00
[2024-01-03T02:42:04.287+0000] {processor.py:183} INFO - Processing /home/airflow/.local/lib/python3.8/site-packages/airflow/example_dags/example_branch_operator.py took 0.091 seconds
[2024-01-03T02:42:34.329+0000] {processor.py:161} INFO - Started process (PID=2175) to work on /home/airflow/.local/lib/python3.8/site-packages/airflow/example_dags/example_branch_operator.py
[2024-01-03T02:42:34.330+0000] {processor.py:830} INFO - Processing file /home/airflow/.local/lib/python3.8/site-packages/airflow/example_dags/example_branch_operator.py for tasks to queue
[2024-01-03T02:42:34.332+0000] {logging_mixin.py:188} INFO - [2024-01-03T02:42:34.332+0000] {dagbag.py:538} INFO - Filling up the DagBag from /home/airflow/.local/lib/python3.8/site-packages/airflow/example_dags/example_branch_operator.py
[2024-01-03T02:42:34.343+0000] {processor.py:840} INFO - DAG(s) 'example_branch_operator' retrieved from /home/airflow/.local/lib/python3.8/site-packages/airflow/example_dags/example_branch_operator.py
[2024-01-03T02:42:34.362+0000] {logging_mixin.py:188} INFO - [2024-01-03T02:42:34.362+0000] {dag.py:3033} INFO - Sync 1 DAGs
[2024-01-03T02:42:34.381+0000] {logging_mixin.py:188} INFO - [2024-01-03T02:42:34.381+0000] {dag.py:3820} INFO - Setting next_dagrun for example_branch_operator to 2024-01-02T00:00:00+00:00, run_after=2024-01-03T00:00:00+00:00
[2024-01-03T02:42:34.504+0000] {processor.py:183} INFO - Processing /home/airflow/.local/lib/python3.8/site-packages/airflow/example_dags/example_branch_operator.py took 0.176 seconds
[2024-01-03T02:43:04.562+0000] {processor.py:161} INFO - Started process (PID=2230) to work on /home/airflow/.local/lib/python3.8/site-packages/airflow/example_dags/example_branch_operator.py
[2024-01-03T02:43:04.563+0000] {processor.py:830} INFO - Processing file /home/airflow/.local/lib/python3.8/site-packages/airflow/example_dags/example_branch_operator.py for tasks to queue
[2024-01-03T02:43:04.565+0000] {logging_mixin.py:188} INFO - [2024-01-03T02:43:04.565+0000] {dagbag.py:538} INFO - Filling up the DagBag from /home/airflow/.local/lib/python3.8/site-packages/airflow/example_dags/example_branch_operator.py
[2024-01-03T02:43:04.577+0000] {processor.py:840} INFO - DAG(s) 'example_branch_operator' retrieved from /home/airflow/.local/lib/python3.8/site-packages/airflow/example_dags/example_branch_operator.py
[2024-01-03T02:43:04.596+0000] {logging_mixin.py:188} INFO - [2024-01-03T02:43:04.596+0000] {dag.py:3033} INFO - Sync 1 DAGs
[2024-01-03T02:43:04.613+0000] {logging_mixin.py:188} INFO - [2024-01-03T02:43:04.613+0000] {dag.py:3820} INFO - Setting next_dagrun for example_branch_operator to 2024-01-02T00:00:00+00:00, run_after=2024-01-03T00:00:00+00:00
[2024-01-03T02:43:04.627+0000] {processor.py:183} INFO - Processing /home/airflow/.local/lib/python3.8/site-packages/airflow/example_dags/example_branch_operator.py took 0.067 seconds
[2024-01-03T02:43:35.591+0000] {processor.py:161} INFO - Started process (PID=2285) to work on /home/airflow/.local/lib/python3.8/site-packages/airflow/example_dags/example_branch_operator.py
[2024-01-03T02:43:35.591+0000] {processor.py:830} INFO - Processing file /home/airflow/.local/lib/python3.8/site-packages/airflow/example_dags/example_branch_operator.py for tasks to queue
[2024-01-03T02:43:35.593+0000] {logging_mixin.py:188} INFO - [2024-01-03T02:43:35.593+0000] {dagbag.py:538} INFO - Filling up the DagBag from /home/airflow/.local/lib/python3.8/site-packages/airflow/example_dags/example_branch_operator.py
[2024-01-03T02:43:35.604+0000] {processor.py:840} INFO - DAG(s) 'example_branch_operator' retrieved from /home/airflow/.local/lib/python3.8/site-packages/airflow/example_dags/example_branch_operator.py
[2024-01-03T02:43:35.621+0000] {logging_mixin.py:188} INFO - [2024-01-03T02:43:35.621+0000] {dag.py:3033} INFO - Sync 1 DAGs
[2024-01-03T02:43:35.637+0000] {logging_mixin.py:188} INFO - [2024-01-03T02:43:35.637+0000] {dag.py:3820} INFO - Setting next_dagrun for example_branch_operator to 2024-01-02T00:00:00+00:00, run_after=2024-01-03T00:00:00+00:00
[2024-01-03T02:43:35.649+0000] {processor.py:183} INFO - Processing /home/airflow/.local/lib/python3.8/site-packages/airflow/example_dags/example_branch_operator.py took 0.061 seconds
[2024-01-03T02:44:06.319+0000] {processor.py:161} INFO - Started process (PID=2340) to work on /home/airflow/.local/lib/python3.8/site-packages/airflow/example_dags/example_branch_operator.py
[2024-01-03T02:44:06.320+0000] {processor.py:830} INFO - Processing file /home/airflow/.local/lib/python3.8/site-packages/airflow/example_dags/example_branch_operator.py for tasks to queue
[2024-01-03T02:44:06.321+0000] {logging_mixin.py:188} INFO - [2024-01-03T02:44:06.321+0000] {dagbag.py:538} INFO - Filling up the DagBag from /home/airflow/.local/lib/python3.8/site-packages/airflow/example_dags/example_branch_operator.py
[2024-01-03T02:44:06.332+0000] {processor.py:840} INFO - DAG(s) 'example_branch_operator' retrieved from /home/airflow/.local/lib/python3.8/site-packages/airflow/example_dags/example_branch_operator.py
[2024-01-03T02:44:06.350+0000] {logging_mixin.py:188} INFO - [2024-01-03T02:44:06.350+0000] {dag.py:3033} INFO - Sync 1 DAGs
[2024-01-03T02:44:06.366+0000] {logging_mixin.py:188} INFO - [2024-01-03T02:44:06.366+0000] {dag.py:3820} INFO - Setting next_dagrun for example_branch_operator to 2024-01-02T00:00:00+00:00, run_after=2024-01-03T00:00:00+00:00
[2024-01-03T02:44:06.380+0000] {processor.py:183} INFO - Processing /home/airflow/.local/lib/python3.8/site-packages/airflow/example_dags/example_branch_operator.py took 0.062 seconds
[2024-01-03T02:44:37.982+0000] {processor.py:161} INFO - Started process (PID=2395) to work on /home/airflow/.local/lib/python3.8/site-packages/airflow/example_dags/example_branch_operator.py
[2024-01-03T02:44:37.983+0000] {processor.py:830} INFO - Processing file /home/airflow/.local/lib/python3.8/site-packages/airflow/example_dags/example_branch_operator.py for tasks to queue
[2024-01-03T02:44:37.984+0000] {logging_mixin.py:188} INFO - [2024-01-03T02:44:37.984+0000] {dagbag.py:538} INFO - Filling up the DagBag from /home/airflow/.local/lib/python3.8/site-packages/airflow/example_dags/example_branch_operator.py
[2024-01-03T02:44:37.996+0000] {processor.py:840} INFO - DAG(s) 'example_branch_operator' retrieved from /home/airflow/.local/lib/python3.8/site-packages/airflow/example_dags/example_branch_operator.py
[2024-01-03T02:44:38.014+0000] {logging_mixin.py:188} INFO - [2024-01-03T02:44:38.014+0000] {dag.py:3033} INFO - Sync 1 DAGs
[2024-01-03T02:44:38.030+0000] {logging_mixin.py:188} INFO - [2024-01-03T02:44:38.030+0000] {dag.py:3820} INFO - Setting next_dagrun for example_branch_operator to 2024-01-02T00:00:00+00:00, run_after=2024-01-03T00:00:00+00:00
[2024-01-03T02:44:38.043+0000] {processor.py:183} INFO - Processing /home/airflow/.local/lib/python3.8/site-packages/airflow/example_dags/example_branch_operator.py took 0.063 seconds
[2024-01-03T02:45:08.231+0000] {processor.py:161} INFO - Started process (PID=2450) to work on /home/airflow/.local/lib/python3.8/site-packages/airflow/example_dags/example_branch_operator.py
[2024-01-03T02:45:08.232+0000] {processor.py:830} INFO - Processing file /home/airflow/.local/lib/python3.8/site-packages/airflow/example_dags/example_branch_operator.py for tasks to queue
[2024-01-03T02:45:08.233+0000] {logging_mixin.py:188} INFO - [2024-01-03T02:45:08.233+0000] {dagbag.py:538} INFO - Filling up the DagBag from /home/airflow/.local/lib/python3.8/site-packages/airflow/example_dags/example_branch_operator.py
[2024-01-03T02:45:08.244+0000] {processor.py:840} INFO - DAG(s) 'example_branch_operator' retrieved from /home/airflow/.local/lib/python3.8/site-packages/airflow/example_dags/example_branch_operator.py
[2024-01-03T02:45:08.264+0000] {logging_mixin.py:188} INFO - [2024-01-03T02:45:08.264+0000] {dag.py:3033} INFO - Sync 1 DAGs
[2024-01-03T02:45:08.381+0000] {logging_mixin.py:188} INFO - [2024-01-03T02:45:08.381+0000] {dag.py:3820} INFO - Setting next_dagrun for example_branch_operator to 2024-01-02T00:00:00+00:00, run_after=2024-01-03T00:00:00+00:00
[2024-01-03T02:45:08.393+0000] {processor.py:183} INFO - Processing /home/airflow/.local/lib/python3.8/site-packages/airflow/example_dags/example_branch_operator.py took 0.164 seconds
[2024-01-03T02:45:38.570+0000] {processor.py:161} INFO - Started process (PID=2505) to work on /home/airflow/.local/lib/python3.8/site-packages/airflow/example_dags/example_branch_operator.py
[2024-01-03T02:45:38.571+0000] {processor.py:830} INFO - Processing file /home/airflow/.local/lib/python3.8/site-packages/airflow/example_dags/example_branch_operator.py for tasks to queue
[2024-01-03T02:45:38.572+0000] {logging_mixin.py:188} INFO - [2024-01-03T02:45:38.572+0000] {dagbag.py:538} INFO - Filling up the DagBag from /home/airflow/.local/lib/python3.8/site-packages/airflow/example_dags/example_branch_operator.py
[2024-01-03T02:45:38.585+0000] {processor.py:840} INFO - DAG(s) 'example_branch_operator' retrieved from /home/airflow/.local/lib/python3.8/site-packages/airflow/example_dags/example_branch_operator.py
[2024-01-03T02:45:38.605+0000] {logging_mixin.py:188} INFO - [2024-01-03T02:45:38.605+0000] {dag.py:3033} INFO - Sync 1 DAGs
[2024-01-03T02:45:38.732+0000] {logging_mixin.py:188} INFO - [2024-01-03T02:45:38.732+0000] {dag.py:3820} INFO - Setting next_dagrun for example_branch_operator to 2024-01-02T00:00:00+00:00, run_after=2024-01-03T00:00:00+00:00
[2024-01-03T02:45:38.744+0000] {processor.py:183} INFO - Processing /home/airflow/.local/lib/python3.8/site-packages/airflow/example_dags/example_branch_operator.py took 0.176 seconds
[2024-01-03T02:46:08.767+0000] {processor.py:161} INFO - Started process (PID=2560) to work on /home/airflow/.local/lib/python3.8/site-packages/airflow/example_dags/example_branch_operator.py
[2024-01-03T02:46:08.768+0000] {processor.py:830} INFO - Processing file /home/airflow/.local/lib/python3.8/site-packages/airflow/example_dags/example_branch_operator.py for tasks to queue
[2024-01-03T02:46:08.770+0000] {logging_mixin.py:188} INFO - [2024-01-03T02:46:08.769+0000] {dagbag.py:538} INFO - Filling up the DagBag from /home/airflow/.local/lib/python3.8/site-packages/airflow/example_dags/example_branch_operator.py
[2024-01-03T02:46:08.781+0000] {processor.py:840} INFO - DAG(s) 'example_branch_operator' retrieved from /home/airflow/.local/lib/python3.8/site-packages/airflow/example_dags/example_branch_operator.py
[2024-01-03T02:46:08.799+0000] {logging_mixin.py:188} INFO - [2024-01-03T02:46:08.799+0000] {dag.py:3033} INFO - Sync 1 DAGs
[2024-01-03T02:46:08.816+0000] {logging_mixin.py:188} INFO - [2024-01-03T02:46:08.816+0000] {dag.py:3820} INFO - Setting next_dagrun for example_branch_operator to 2024-01-02T00:00:00+00:00, run_after=2024-01-03T00:00:00+00:00
[2024-01-03T02:46:08.941+0000] {processor.py:183} INFO - Processing /home/airflow/.local/lib/python3.8/site-packages/airflow/example_dags/example_branch_operator.py took 0.176 seconds
[2024-01-03T02:46:40.440+0000] {processor.py:161} INFO - Started process (PID=2615) to work on /home/airflow/.local/lib/python3.8/site-packages/airflow/example_dags/example_branch_operator.py
[2024-01-03T02:46:40.441+0000] {processor.py:830} INFO - Processing file /home/airflow/.local/lib/python3.8/site-packages/airflow/example_dags/example_branch_operator.py for tasks to queue
[2024-01-03T02:46:40.443+0000] {logging_mixin.py:188} INFO - [2024-01-03T02:46:40.443+0000] {dagbag.py:538} INFO - Filling up the DagBag from /home/airflow/.local/lib/python3.8/site-packages/airflow/example_dags/example_branch_operator.py
[2024-01-03T02:46:40.557+0000] {processor.py:840} INFO - DAG(s) 'example_branch_operator' retrieved from /home/airflow/.local/lib/python3.8/site-packages/airflow/example_dags/example_branch_operator.py
[2024-01-03T02:46:40.573+0000] {logging_mixin.py:188} INFO - [2024-01-03T02:46:40.573+0000] {dag.py:3033} INFO - Sync 1 DAGs
[2024-01-03T02:46:40.588+0000] {logging_mixin.py:188} INFO - [2024-01-03T02:46:40.587+0000] {dag.py:3820} INFO - Setting next_dagrun for example_branch_operator to 2024-01-02T00:00:00+00:00, run_after=2024-01-03T00:00:00+00:00
[2024-01-03T02:46:40.599+0000] {processor.py:183} INFO - Processing /home/airflow/.local/lib/python3.8/site-packages/airflow/example_dags/example_branch_operator.py took 0.161 seconds
[2024-01-03T02:47:10.879+0000] {processor.py:161} INFO - Started process (PID=2669) to work on /home/airflow/.local/lib/python3.8/site-packages/airflow/example_dags/example_branch_operator.py
[2024-01-03T02:47:10.880+0000] {processor.py:830} INFO - Processing file /home/airflow/.local/lib/python3.8/site-packages/airflow/example_dags/example_branch_operator.py for tasks to queue
[2024-01-03T02:47:10.882+0000] {logging_mixin.py:188} INFO - [2024-01-03T02:47:10.881+0000] {dagbag.py:538} INFO - Filling up the DagBag from /home/airflow/.local/lib/python3.8/site-packages/airflow/example_dags/example_branch_operator.py
[2024-01-03T02:47:10.893+0000] {processor.py:840} INFO - DAG(s) 'example_branch_operator' retrieved from /home/airflow/.local/lib/python3.8/site-packages/airflow/example_dags/example_branch_operator.py
[2024-01-03T02:47:10.913+0000] {logging_mixin.py:188} INFO - [2024-01-03T02:47:10.912+0000] {dag.py:3033} INFO - Sync 1 DAGs
[2024-01-03T02:47:10.931+0000] {logging_mixin.py:188} INFO - [2024-01-03T02:47:10.930+0000] {dag.py:3820} INFO - Setting next_dagrun for example_branch_operator to 2024-01-02T00:00:00+00:00, run_after=2024-01-03T00:00:00+00:00
[2024-01-03T02:47:10.946+0000] {processor.py:183} INFO - Processing /home/airflow/.local/lib/python3.8/site-packages/airflow/example_dags/example_branch_operator.py took 0.069 seconds
