[2024-01-03T02:12:51.774+0000] {processor.py:161} INFO - Started process (PID=41) to work on /home/airflow/.local/lib/python3.8/site-packages/airflow/example_dags/example_setup_teardown_taskflow.py
[2024-01-03T02:12:51.775+0000] {processor.py:830} INFO - Processing file /home/airflow/.local/lib/python3.8/site-packages/airflow/example_dags/example_setup_teardown_taskflow.py for tasks to queue
[2024-01-03T02:12:51.776+0000] {logging_mixin.py:188} INFO - [2024-01-03T02:12:51.776+0000] {dagbag.py:538} INFO - Filling up the DagBag from /home/airflow/.local/lib/python3.8/site-packages/airflow/example_dags/example_setup_teardown_taskflow.py
[2024-01-03T02:12:51.786+0000] {processor.py:840} INFO - DAG(s) 'example_setup_teardown_taskflow' retrieved from /home/airflow/.local/lib/python3.8/site-packages/airflow/example_dags/example_setup_teardown_taskflow.py
[2024-01-03T02:12:51.794+0000] {logging_mixin.py:188} INFO - [2024-01-03T02:12:51.794+0000] {dag.py:3033} INFO - Sync 1 DAGs
[2024-01-03T02:12:51.817+0000] {logging_mixin.py:188} INFO - [2024-01-03T02:12:51.816+0000] {dag.py:3820} INFO - Setting next_dagrun for example_setup_teardown_taskflow to 2024-01-02T00:00:00+00:00, run_after=2024-01-03T00:00:00+00:00
[2024-01-03T02:12:51.832+0000] {processor.py:183} INFO - Processing /home/airflow/.local/lib/python3.8/site-packages/airflow/example_dags/example_setup_teardown_taskflow.py took 0.060 seconds
[2024-01-03T02:18:53.760+0000] {processor.py:161} INFO - Started process (PID=40) to work on /home/airflow/.local/lib/python3.8/site-packages/airflow/example_dags/example_setup_teardown_taskflow.py
[2024-01-03T02:18:53.761+0000] {processor.py:830} INFO - Processing file /home/airflow/.local/lib/python3.8/site-packages/airflow/example_dags/example_setup_teardown_taskflow.py for tasks to queue
[2024-01-03T02:18:53.763+0000] {logging_mixin.py:188} INFO - [2024-01-03T02:18:53.762+0000] {dagbag.py:538} INFO - Filling up the DagBag from /home/airflow/.local/lib/python3.8/site-packages/airflow/example_dags/example_setup_teardown_taskflow.py
[2024-01-03T02:18:53.770+0000] {processor.py:840} INFO - DAG(s) 'example_setup_teardown_taskflow' retrieved from /home/airflow/.local/lib/python3.8/site-packages/airflow/example_dags/example_setup_teardown_taskflow.py
[2024-01-03T02:18:53.845+0000] {logging_mixin.py:188} INFO - [2024-01-03T02:18:53.845+0000] {dag.py:3033} INFO - Sync 1 DAGs
[2024-01-03T02:18:53.862+0000] {logging_mixin.py:188} INFO - [2024-01-03T02:18:53.862+0000] {dag.py:3820} INFO - Setting next_dagrun for example_setup_teardown_taskflow to 2024-01-02T00:00:00+00:00, run_after=2024-01-03T00:00:00+00:00
[2024-01-03T02:18:53.877+0000] {processor.py:183} INFO - Processing /home/airflow/.local/lib/python3.8/site-packages/airflow/example_dags/example_setup_teardown_taskflow.py took 0.118 seconds
[2024-01-03T02:19:24.007+0000] {processor.py:161} INFO - Started process (PID=95) to work on /home/airflow/.local/lib/python3.8/site-packages/airflow/example_dags/example_setup_teardown_taskflow.py
[2024-01-03T02:19:24.008+0000] {processor.py:830} INFO - Processing file /home/airflow/.local/lib/python3.8/site-packages/airflow/example_dags/example_setup_teardown_taskflow.py for tasks to queue
[2024-01-03T02:19:24.010+0000] {logging_mixin.py:188} INFO - [2024-01-03T02:19:24.010+0000] {dagbag.py:538} INFO - Filling up the DagBag from /home/airflow/.local/lib/python3.8/site-packages/airflow/example_dags/example_setup_teardown_taskflow.py
[2024-01-03T02:19:24.016+0000] {processor.py:840} INFO - DAG(s) 'example_setup_teardown_taskflow' retrieved from /home/airflow/.local/lib/python3.8/site-packages/airflow/example_dags/example_setup_teardown_taskflow.py
[2024-01-03T02:19:24.032+0000] {logging_mixin.py:188} INFO - [2024-01-03T02:19:24.032+0000] {dag.py:3033} INFO - Sync 1 DAGs
[2024-01-03T02:19:24.051+0000] {logging_mixin.py:188} INFO - [2024-01-03T02:19:24.051+0000] {dag.py:3820} INFO - Setting next_dagrun for example_setup_teardown_taskflow to 2024-01-02T00:00:00+00:00, run_after=2024-01-03T00:00:00+00:00
[2024-01-03T02:19:24.065+0000] {processor.py:183} INFO - Processing /home/airflow/.local/lib/python3.8/site-packages/airflow/example_dags/example_setup_teardown_taskflow.py took 0.060 seconds
[2024-01-03T02:19:54.259+0000] {processor.py:161} INFO - Started process (PID=150) to work on /home/airflow/.local/lib/python3.8/site-packages/airflow/example_dags/example_setup_teardown_taskflow.py
[2024-01-03T02:19:54.260+0000] {processor.py:830} INFO - Processing file /home/airflow/.local/lib/python3.8/site-packages/airflow/example_dags/example_setup_teardown_taskflow.py for tasks to queue
[2024-01-03T02:19:54.261+0000] {logging_mixin.py:188} INFO - [2024-01-03T02:19:54.261+0000] {dagbag.py:538} INFO - Filling up the DagBag from /home/airflow/.local/lib/python3.8/site-packages/airflow/example_dags/example_setup_teardown_taskflow.py
[2024-01-03T02:19:54.267+0000] {processor.py:840} INFO - DAG(s) 'example_setup_teardown_taskflow' retrieved from /home/airflow/.local/lib/python3.8/site-packages/airflow/example_dags/example_setup_teardown_taskflow.py
[2024-01-03T02:19:54.280+0000] {logging_mixin.py:188} INFO - [2024-01-03T02:19:54.280+0000] {dag.py:3033} INFO - Sync 1 DAGs
[2024-01-03T02:19:54.295+0000] {logging_mixin.py:188} INFO - [2024-01-03T02:19:54.294+0000] {dag.py:3820} INFO - Setting next_dagrun for example_setup_teardown_taskflow to 2024-01-02T00:00:00+00:00, run_after=2024-01-03T00:00:00+00:00
[2024-01-03T02:19:54.306+0000] {processor.py:183} INFO - Processing /home/airflow/.local/lib/python3.8/site-packages/airflow/example_dags/example_setup_teardown_taskflow.py took 0.049 seconds
[2024-01-03T02:20:24.410+0000] {processor.py:161} INFO - Started process (PID=205) to work on /home/airflow/.local/lib/python3.8/site-packages/airflow/example_dags/example_setup_teardown_taskflow.py
[2024-01-03T02:20:24.411+0000] {processor.py:830} INFO - Processing file /home/airflow/.local/lib/python3.8/site-packages/airflow/example_dags/example_setup_teardown_taskflow.py for tasks to queue
[2024-01-03T02:20:24.412+0000] {logging_mixin.py:188} INFO - [2024-01-03T02:20:24.412+0000] {dagbag.py:538} INFO - Filling up the DagBag from /home/airflow/.local/lib/python3.8/site-packages/airflow/example_dags/example_setup_teardown_taskflow.py
[2024-01-03T02:20:24.421+0000] {processor.py:840} INFO - DAG(s) 'example_setup_teardown_taskflow' retrieved from /home/airflow/.local/lib/python3.8/site-packages/airflow/example_dags/example_setup_teardown_taskflow.py
[2024-01-03T02:20:24.429+0000] {logging_mixin.py:188} INFO - [2024-01-03T02:20:24.429+0000] {dag.py:3033} INFO - Sync 1 DAGs
[2024-01-03T02:20:24.446+0000] {logging_mixin.py:188} INFO - [2024-01-03T02:20:24.446+0000] {dag.py:3820} INFO - Setting next_dagrun for example_setup_teardown_taskflow to 2024-01-02T00:00:00+00:00, run_after=2024-01-03T00:00:00+00:00
[2024-01-03T02:20:24.457+0000] {processor.py:183} INFO - Processing /home/airflow/.local/lib/python3.8/site-packages/airflow/example_dags/example_setup_teardown_taskflow.py took 0.049 seconds
[2024-01-03T02:20:55.124+0000] {processor.py:161} INFO - Started process (PID=260) to work on /home/airflow/.local/lib/python3.8/site-packages/airflow/example_dags/example_setup_teardown_taskflow.py
[2024-01-03T02:20:55.125+0000] {processor.py:830} INFO - Processing file /home/airflow/.local/lib/python3.8/site-packages/airflow/example_dags/example_setup_teardown_taskflow.py for tasks to queue
[2024-01-03T02:20:55.126+0000] {logging_mixin.py:188} INFO - [2024-01-03T02:20:55.126+0000] {dagbag.py:538} INFO - Filling up the DagBag from /home/airflow/.local/lib/python3.8/site-packages/airflow/example_dags/example_setup_teardown_taskflow.py
[2024-01-03T02:20:55.132+0000] {processor.py:840} INFO - DAG(s) 'example_setup_teardown_taskflow' retrieved from /home/airflow/.local/lib/python3.8/site-packages/airflow/example_dags/example_setup_teardown_taskflow.py
[2024-01-03T02:20:55.140+0000] {logging_mixin.py:188} INFO - [2024-01-03T02:20:55.140+0000] {dag.py:3033} INFO - Sync 1 DAGs
[2024-01-03T02:20:55.155+0000] {logging_mixin.py:188} INFO - [2024-01-03T02:20:55.155+0000] {dag.py:3820} INFO - Setting next_dagrun for example_setup_teardown_taskflow to 2024-01-02T00:00:00+00:00, run_after=2024-01-03T00:00:00+00:00
[2024-01-03T02:20:55.168+0000] {processor.py:183} INFO - Processing /home/airflow/.local/lib/python3.8/site-packages/airflow/example_dags/example_setup_teardown_taskflow.py took 0.046 seconds
[2024-01-03T02:21:25.849+0000] {processor.py:161} INFO - Started process (PID=315) to work on /home/airflow/.local/lib/python3.8/site-packages/airflow/example_dags/example_setup_teardown_taskflow.py
[2024-01-03T02:21:25.850+0000] {processor.py:830} INFO - Processing file /home/airflow/.local/lib/python3.8/site-packages/airflow/example_dags/example_setup_teardown_taskflow.py for tasks to queue
[2024-01-03T02:21:25.851+0000] {logging_mixin.py:188} INFO - [2024-01-03T02:21:25.851+0000] {dagbag.py:538} INFO - Filling up the DagBag from /home/airflow/.local/lib/python3.8/site-packages/airflow/example_dags/example_setup_teardown_taskflow.py
[2024-01-03T02:21:25.857+0000] {processor.py:840} INFO - DAG(s) 'example_setup_teardown_taskflow' retrieved from /home/airflow/.local/lib/python3.8/site-packages/airflow/example_dags/example_setup_teardown_taskflow.py
[2024-01-03T02:21:25.921+0000] {logging_mixin.py:188} INFO - [2024-01-03T02:21:25.921+0000] {dag.py:3033} INFO - Sync 1 DAGs
[2024-01-03T02:21:25.934+0000] {logging_mixin.py:188} INFO - [2024-01-03T02:21:25.934+0000] {dag.py:3820} INFO - Setting next_dagrun for example_setup_teardown_taskflow to 2024-01-02T00:00:00+00:00, run_after=2024-01-03T00:00:00+00:00
[2024-01-03T02:21:25.946+0000] {processor.py:183} INFO - Processing /home/airflow/.local/lib/python3.8/site-packages/airflow/example_dags/example_setup_teardown_taskflow.py took 0.099 seconds
[2024-01-03T02:21:56.030+0000] {processor.py:161} INFO - Started process (PID=370) to work on /home/airflow/.local/lib/python3.8/site-packages/airflow/example_dags/example_setup_teardown_taskflow.py
[2024-01-03T02:21:56.030+0000] {processor.py:830} INFO - Processing file /home/airflow/.local/lib/python3.8/site-packages/airflow/example_dags/example_setup_teardown_taskflow.py for tasks to queue
[2024-01-03T02:21:56.032+0000] {logging_mixin.py:188} INFO - [2024-01-03T02:21:56.032+0000] {dagbag.py:538} INFO - Filling up the DagBag from /home/airflow/.local/lib/python3.8/site-packages/airflow/example_dags/example_setup_teardown_taskflow.py
[2024-01-03T02:21:56.038+0000] {processor.py:840} INFO - DAG(s) 'example_setup_teardown_taskflow' retrieved from /home/airflow/.local/lib/python3.8/site-packages/airflow/example_dags/example_setup_teardown_taskflow.py
[2024-01-03T02:21:56.051+0000] {logging_mixin.py:188} INFO - [2024-01-03T02:21:56.051+0000] {dag.py:3033} INFO - Sync 1 DAGs
[2024-01-03T02:21:56.065+0000] {logging_mixin.py:188} INFO - [2024-01-03T02:21:56.065+0000] {dag.py:3820} INFO - Setting next_dagrun for example_setup_teardown_taskflow to 2024-01-02T00:00:00+00:00, run_after=2024-01-03T00:00:00+00:00
[2024-01-03T02:21:56.077+0000] {processor.py:183} INFO - Processing /home/airflow/.local/lib/python3.8/site-packages/airflow/example_dags/example_setup_teardown_taskflow.py took 0.049 seconds
[2024-01-03T02:22:26.184+0000] {processor.py:161} INFO - Started process (PID=425) to work on /home/airflow/.local/lib/python3.8/site-packages/airflow/example_dags/example_setup_teardown_taskflow.py
[2024-01-03T02:22:26.185+0000] {processor.py:830} INFO - Processing file /home/airflow/.local/lib/python3.8/site-packages/airflow/example_dags/example_setup_teardown_taskflow.py for tasks to queue
[2024-01-03T02:22:26.186+0000] {logging_mixin.py:188} INFO - [2024-01-03T02:22:26.186+0000] {dagbag.py:538} INFO - Filling up the DagBag from /home/airflow/.local/lib/python3.8/site-packages/airflow/example_dags/example_setup_teardown_taskflow.py
[2024-01-03T02:22:26.193+0000] {processor.py:840} INFO - DAG(s) 'example_setup_teardown_taskflow' retrieved from /home/airflow/.local/lib/python3.8/site-packages/airflow/example_dags/example_setup_teardown_taskflow.py
[2024-01-03T02:22:26.208+0000] {logging_mixin.py:188} INFO - [2024-01-03T02:22:26.208+0000] {dag.py:3033} INFO - Sync 1 DAGs
[2024-01-03T02:22:26.224+0000] {logging_mixin.py:188} INFO - [2024-01-03T02:22:26.224+0000] {dag.py:3820} INFO - Setting next_dagrun for example_setup_teardown_taskflow to 2024-01-02T00:00:00+00:00, run_after=2024-01-03T00:00:00+00:00
[2024-01-03T02:22:26.237+0000] {processor.py:183} INFO - Processing /home/airflow/.local/lib/python3.8/site-packages/airflow/example_dags/example_setup_teardown_taskflow.py took 0.055 seconds
[2024-01-03T02:22:56.474+0000] {processor.py:161} INFO - Started process (PID=480) to work on /home/airflow/.local/lib/python3.8/site-packages/airflow/example_dags/example_setup_teardown_taskflow.py
[2024-01-03T02:22:56.474+0000] {processor.py:830} INFO - Processing file /home/airflow/.local/lib/python3.8/site-packages/airflow/example_dags/example_setup_teardown_taskflow.py for tasks to queue
[2024-01-03T02:22:56.476+0000] {logging_mixin.py:188} INFO - [2024-01-03T02:22:56.476+0000] {dagbag.py:538} INFO - Filling up the DagBag from /home/airflow/.local/lib/python3.8/site-packages/airflow/example_dags/example_setup_teardown_taskflow.py
[2024-01-03T02:22:56.482+0000] {processor.py:840} INFO - DAG(s) 'example_setup_teardown_taskflow' retrieved from /home/airflow/.local/lib/python3.8/site-packages/airflow/example_dags/example_setup_teardown_taskflow.py
[2024-01-03T02:22:56.496+0000] {logging_mixin.py:188} INFO - [2024-01-03T02:22:56.496+0000] {dag.py:3033} INFO - Sync 1 DAGs
[2024-01-03T02:22:56.511+0000] {logging_mixin.py:188} INFO - [2024-01-03T02:22:56.510+0000] {dag.py:3820} INFO - Setting next_dagrun for example_setup_teardown_taskflow to 2024-01-02T00:00:00+00:00, run_after=2024-01-03T00:00:00+00:00
[2024-01-03T02:22:56.523+0000] {processor.py:183} INFO - Processing /home/airflow/.local/lib/python3.8/site-packages/airflow/example_dags/example_setup_teardown_taskflow.py took 0.051 seconds
[2024-01-03T02:23:26.688+0000] {processor.py:161} INFO - Started process (PID=535) to work on /home/airflow/.local/lib/python3.8/site-packages/airflow/example_dags/example_setup_teardown_taskflow.py
[2024-01-03T02:23:26.689+0000] {processor.py:830} INFO - Processing file /home/airflow/.local/lib/python3.8/site-packages/airflow/example_dags/example_setup_teardown_taskflow.py for tasks to queue
[2024-01-03T02:23:26.691+0000] {logging_mixin.py:188} INFO - [2024-01-03T02:23:26.691+0000] {dagbag.py:538} INFO - Filling up the DagBag from /home/airflow/.local/lib/python3.8/site-packages/airflow/example_dags/example_setup_teardown_taskflow.py
[2024-01-03T02:23:26.698+0000] {processor.py:840} INFO - DAG(s) 'example_setup_teardown_taskflow' retrieved from /home/airflow/.local/lib/python3.8/site-packages/airflow/example_dags/example_setup_teardown_taskflow.py
[2024-01-03T02:23:26.714+0000] {logging_mixin.py:188} INFO - [2024-01-03T02:23:26.713+0000] {dag.py:3033} INFO - Sync 1 DAGs
[2024-01-03T02:23:26.739+0000] {logging_mixin.py:188} INFO - [2024-01-03T02:23:26.739+0000] {dag.py:3820} INFO - Setting next_dagrun for example_setup_teardown_taskflow to 2024-01-02T00:00:00+00:00, run_after=2024-01-03T00:00:00+00:00
[2024-01-03T02:23:26.752+0000] {processor.py:183} INFO - Processing /home/airflow/.local/lib/python3.8/site-packages/airflow/example_dags/example_setup_teardown_taskflow.py took 0.065 seconds
[2024-01-03T02:23:56.856+0000] {processor.py:161} INFO - Started process (PID=590) to work on /home/airflow/.local/lib/python3.8/site-packages/airflow/example_dags/example_setup_teardown_taskflow.py
[2024-01-03T02:23:56.857+0000] {processor.py:830} INFO - Processing file /home/airflow/.local/lib/python3.8/site-packages/airflow/example_dags/example_setup_teardown_taskflow.py for tasks to queue
[2024-01-03T02:23:56.858+0000] {logging_mixin.py:188} INFO - [2024-01-03T02:23:56.858+0000] {dagbag.py:538} INFO - Filling up the DagBag from /home/airflow/.local/lib/python3.8/site-packages/airflow/example_dags/example_setup_teardown_taskflow.py
[2024-01-03T02:23:56.864+0000] {processor.py:840} INFO - DAG(s) 'example_setup_teardown_taskflow' retrieved from /home/airflow/.local/lib/python3.8/site-packages/airflow/example_dags/example_setup_teardown_taskflow.py
[2024-01-03T02:23:56.879+0000] {logging_mixin.py:188} INFO - [2024-01-03T02:23:56.879+0000] {dag.py:3033} INFO - Sync 1 DAGs
[2024-01-03T02:23:56.894+0000] {logging_mixin.py:188} INFO - [2024-01-03T02:23:56.894+0000] {dag.py:3820} INFO - Setting next_dagrun for example_setup_teardown_taskflow to 2024-01-02T00:00:00+00:00, run_after=2024-01-03T00:00:00+00:00
[2024-01-03T02:23:56.907+0000] {processor.py:183} INFO - Processing /home/airflow/.local/lib/python3.8/site-packages/airflow/example_dags/example_setup_teardown_taskflow.py took 0.053 seconds
[2024-01-03T02:24:26.931+0000] {processor.py:161} INFO - Started process (PID=645) to work on /home/airflow/.local/lib/python3.8/site-packages/airflow/example_dags/example_setup_teardown_taskflow.py
[2024-01-03T02:24:26.931+0000] {processor.py:830} INFO - Processing file /home/airflow/.local/lib/python3.8/site-packages/airflow/example_dags/example_setup_teardown_taskflow.py for tasks to queue
[2024-01-03T02:24:26.933+0000] {logging_mixin.py:188} INFO - [2024-01-03T02:24:26.933+0000] {dagbag.py:538} INFO - Filling up the DagBag from /home/airflow/.local/lib/python3.8/site-packages/airflow/example_dags/example_setup_teardown_taskflow.py
[2024-01-03T02:24:26.939+0000] {processor.py:840} INFO - DAG(s) 'example_setup_teardown_taskflow' retrieved from /home/airflow/.local/lib/python3.8/site-packages/airflow/example_dags/example_setup_teardown_taskflow.py
[2024-01-03T02:24:26.953+0000] {logging_mixin.py:188} INFO - [2024-01-03T02:24:26.953+0000] {dag.py:3033} INFO - Sync 1 DAGs
[2024-01-03T02:24:26.966+0000] {logging_mixin.py:188} INFO - [2024-01-03T02:24:26.966+0000] {dag.py:3820} INFO - Setting next_dagrun for example_setup_teardown_taskflow to 2024-01-02T00:00:00+00:00, run_after=2024-01-03T00:00:00+00:00
[2024-01-03T02:24:26.978+0000] {processor.py:183} INFO - Processing /home/airflow/.local/lib/python3.8/site-packages/airflow/example_dags/example_setup_teardown_taskflow.py took 0.050 seconds
[2024-01-03T02:24:57.695+0000] {processor.py:161} INFO - Started process (PID=700) to work on /home/airflow/.local/lib/python3.8/site-packages/airflow/example_dags/example_setup_teardown_taskflow.py
[2024-01-03T02:24:57.696+0000] {processor.py:830} INFO - Processing file /home/airflow/.local/lib/python3.8/site-packages/airflow/example_dags/example_setup_teardown_taskflow.py for tasks to queue
[2024-01-03T02:24:57.697+0000] {logging_mixin.py:188} INFO - [2024-01-03T02:24:57.697+0000] {dagbag.py:538} INFO - Filling up the DagBag from /home/airflow/.local/lib/python3.8/site-packages/airflow/example_dags/example_setup_teardown_taskflow.py
[2024-01-03T02:24:57.703+0000] {processor.py:840} INFO - DAG(s) 'example_setup_teardown_taskflow' retrieved from /home/airflow/.local/lib/python3.8/site-packages/airflow/example_dags/example_setup_teardown_taskflow.py
[2024-01-03T02:24:57.716+0000] {logging_mixin.py:188} INFO - [2024-01-03T02:24:57.716+0000] {dag.py:3033} INFO - Sync 1 DAGs
[2024-01-03T02:24:57.731+0000] {logging_mixin.py:188} INFO - [2024-01-03T02:24:57.730+0000] {dag.py:3820} INFO - Setting next_dagrun for example_setup_teardown_taskflow to 2024-01-02T00:00:00+00:00, run_after=2024-01-03T00:00:00+00:00
[2024-01-03T02:24:57.742+0000] {processor.py:183} INFO - Processing /home/airflow/.local/lib/python3.8/site-packages/airflow/example_dags/example_setup_teardown_taskflow.py took 0.049 seconds
[2024-01-03T02:25:27.821+0000] {processor.py:161} INFO - Started process (PID=755) to work on /home/airflow/.local/lib/python3.8/site-packages/airflow/example_dags/example_setup_teardown_taskflow.py
[2024-01-03T02:25:27.822+0000] {processor.py:830} INFO - Processing file /home/airflow/.local/lib/python3.8/site-packages/airflow/example_dags/example_setup_teardown_taskflow.py for tasks to queue
[2024-01-03T02:25:27.824+0000] {logging_mixin.py:188} INFO - [2024-01-03T02:25:27.824+0000] {dagbag.py:538} INFO - Filling up the DagBag from /home/airflow/.local/lib/python3.8/site-packages/airflow/example_dags/example_setup_teardown_taskflow.py
[2024-01-03T02:25:27.829+0000] {processor.py:840} INFO - DAG(s) 'example_setup_teardown_taskflow' retrieved from /home/airflow/.local/lib/python3.8/site-packages/airflow/example_dags/example_setup_teardown_taskflow.py
[2024-01-03T02:25:27.843+0000] {logging_mixin.py:188} INFO - [2024-01-03T02:25:27.842+0000] {dag.py:3033} INFO - Sync 1 DAGs
[2024-01-03T02:25:27.856+0000] {logging_mixin.py:188} INFO - [2024-01-03T02:25:27.856+0000] {dag.py:3820} INFO - Setting next_dagrun for example_setup_teardown_taskflow to 2024-01-02T00:00:00+00:00, run_after=2024-01-03T00:00:00+00:00
[2024-01-03T02:25:27.867+0000] {processor.py:183} INFO - Processing /home/airflow/.local/lib/python3.8/site-packages/airflow/example_dags/example_setup_teardown_taskflow.py took 0.048 seconds
[2024-01-03T02:25:57.973+0000] {processor.py:161} INFO - Started process (PID=810) to work on /home/airflow/.local/lib/python3.8/site-packages/airflow/example_dags/example_setup_teardown_taskflow.py
[2024-01-03T02:25:57.974+0000] {processor.py:830} INFO - Processing file /home/airflow/.local/lib/python3.8/site-packages/airflow/example_dags/example_setup_teardown_taskflow.py for tasks to queue
[2024-01-03T02:25:57.975+0000] {logging_mixin.py:188} INFO - [2024-01-03T02:25:57.975+0000] {dagbag.py:538} INFO - Filling up the DagBag from /home/airflow/.local/lib/python3.8/site-packages/airflow/example_dags/example_setup_teardown_taskflow.py
[2024-01-03T02:25:57.981+0000] {processor.py:840} INFO - DAG(s) 'example_setup_teardown_taskflow' retrieved from /home/airflow/.local/lib/python3.8/site-packages/airflow/example_dags/example_setup_teardown_taskflow.py
[2024-01-03T02:25:57.994+0000] {logging_mixin.py:188} INFO - [2024-01-03T02:25:57.994+0000] {dag.py:3033} INFO - Sync 1 DAGs
[2024-01-03T02:25:58.008+0000] {logging_mixin.py:188} INFO - [2024-01-03T02:25:58.008+0000] {dag.py:3820} INFO - Setting next_dagrun for example_setup_teardown_taskflow to 2024-01-02T00:00:00+00:00, run_after=2024-01-03T00:00:00+00:00
[2024-01-03T02:25:58.019+0000] {processor.py:183} INFO - Processing /home/airflow/.local/lib/python3.8/site-packages/airflow/example_dags/example_setup_teardown_taskflow.py took 0.048 seconds
[2024-01-03T02:26:28.175+0000] {processor.py:161} INFO - Started process (PID=865) to work on /home/airflow/.local/lib/python3.8/site-packages/airflow/example_dags/example_setup_teardown_taskflow.py
[2024-01-03T02:26:28.176+0000] {processor.py:830} INFO - Processing file /home/airflow/.local/lib/python3.8/site-packages/airflow/example_dags/example_setup_teardown_taskflow.py for tasks to queue
[2024-01-03T02:26:28.177+0000] {logging_mixin.py:188} INFO - [2024-01-03T02:26:28.177+0000] {dagbag.py:538} INFO - Filling up the DagBag from /home/airflow/.local/lib/python3.8/site-packages/airflow/example_dags/example_setup_teardown_taskflow.py
[2024-01-03T02:26:28.183+0000] {processor.py:840} INFO - DAG(s) 'example_setup_teardown_taskflow' retrieved from /home/airflow/.local/lib/python3.8/site-packages/airflow/example_dags/example_setup_teardown_taskflow.py
[2024-01-03T02:26:28.197+0000] {logging_mixin.py:188} INFO - [2024-01-03T02:26:28.197+0000] {dag.py:3033} INFO - Sync 1 DAGs
[2024-01-03T02:26:28.211+0000] {logging_mixin.py:188} INFO - [2024-01-03T02:26:28.211+0000] {dag.py:3820} INFO - Setting next_dagrun for example_setup_teardown_taskflow to 2024-01-02T00:00:00+00:00, run_after=2024-01-03T00:00:00+00:00
[2024-01-03T02:26:28.224+0000] {processor.py:183} INFO - Processing /home/airflow/.local/lib/python3.8/site-packages/airflow/example_dags/example_setup_teardown_taskflow.py took 0.050 seconds
[2024-01-03T02:26:58.978+0000] {processor.py:161} INFO - Started process (PID=920) to work on /home/airflow/.local/lib/python3.8/site-packages/airflow/example_dags/example_setup_teardown_taskflow.py
[2024-01-03T02:26:58.979+0000] {processor.py:830} INFO - Processing file /home/airflow/.local/lib/python3.8/site-packages/airflow/example_dags/example_setup_teardown_taskflow.py for tasks to queue
[2024-01-03T02:26:58.981+0000] {logging_mixin.py:188} INFO - [2024-01-03T02:26:58.980+0000] {dagbag.py:538} INFO - Filling up the DagBag from /home/airflow/.local/lib/python3.8/site-packages/airflow/example_dags/example_setup_teardown_taskflow.py
[2024-01-03T02:26:58.987+0000] {processor.py:840} INFO - DAG(s) 'example_setup_teardown_taskflow' retrieved from /home/airflow/.local/lib/python3.8/site-packages/airflow/example_dags/example_setup_teardown_taskflow.py
[2024-01-03T02:26:59.000+0000] {logging_mixin.py:188} INFO - [2024-01-03T02:26:58.999+0000] {dag.py:3033} INFO - Sync 1 DAGs
[2024-01-03T02:26:59.013+0000] {logging_mixin.py:188} INFO - [2024-01-03T02:26:59.013+0000] {dag.py:3820} INFO - Setting next_dagrun for example_setup_teardown_taskflow to 2024-01-02T00:00:00+00:00, run_after=2024-01-03T00:00:00+00:00
[2024-01-03T02:26:59.025+0000] {processor.py:183} INFO - Processing /home/airflow/.local/lib/python3.8/site-packages/airflow/example_dags/example_setup_teardown_taskflow.py took 0.048 seconds
[2024-01-03T02:27:29.755+0000] {processor.py:161} INFO - Started process (PID=975) to work on /home/airflow/.local/lib/python3.8/site-packages/airflow/example_dags/example_setup_teardown_taskflow.py
[2024-01-03T02:27:29.756+0000] {processor.py:830} INFO - Processing file /home/airflow/.local/lib/python3.8/site-packages/airflow/example_dags/example_setup_teardown_taskflow.py for tasks to queue
[2024-01-03T02:27:29.757+0000] {logging_mixin.py:188} INFO - [2024-01-03T02:27:29.757+0000] {dagbag.py:538} INFO - Filling up the DagBag from /home/airflow/.local/lib/python3.8/site-packages/airflow/example_dags/example_setup_teardown_taskflow.py
[2024-01-03T02:27:29.763+0000] {processor.py:840} INFO - DAG(s) 'example_setup_teardown_taskflow' retrieved from /home/airflow/.local/lib/python3.8/site-packages/airflow/example_dags/example_setup_teardown_taskflow.py
[2024-01-03T02:27:29.776+0000] {logging_mixin.py:188} INFO - [2024-01-03T02:27:29.776+0000] {dag.py:3033} INFO - Sync 1 DAGs
[2024-01-03T02:27:29.790+0000] {logging_mixin.py:188} INFO - [2024-01-03T02:27:29.790+0000] {dag.py:3820} INFO - Setting next_dagrun for example_setup_teardown_taskflow to 2024-01-02T00:00:00+00:00, run_after=2024-01-03T00:00:00+00:00
[2024-01-03T02:27:29.802+0000] {processor.py:183} INFO - Processing /home/airflow/.local/lib/python3.8/site-packages/airflow/example_dags/example_setup_teardown_taskflow.py took 0.049 seconds
[2024-01-03T02:28:00.663+0000] {processor.py:161} INFO - Started process (PID=1030) to work on /home/airflow/.local/lib/python3.8/site-packages/airflow/example_dags/example_setup_teardown_taskflow.py
[2024-01-03T02:28:00.664+0000] {processor.py:830} INFO - Processing file /home/airflow/.local/lib/python3.8/site-packages/airflow/example_dags/example_setup_teardown_taskflow.py for tasks to queue
[2024-01-03T02:28:00.665+0000] {logging_mixin.py:188} INFO - [2024-01-03T02:28:00.665+0000] {dagbag.py:538} INFO - Filling up the DagBag from /home/airflow/.local/lib/python3.8/site-packages/airflow/example_dags/example_setup_teardown_taskflow.py
[2024-01-03T02:28:00.672+0000] {processor.py:840} INFO - DAG(s) 'example_setup_teardown_taskflow' retrieved from /home/airflow/.local/lib/python3.8/site-packages/airflow/example_dags/example_setup_teardown_taskflow.py
[2024-01-03T02:28:00.686+0000] {logging_mixin.py:188} INFO - [2024-01-03T02:28:00.685+0000] {dag.py:3033} INFO - Sync 1 DAGs
[2024-01-03T02:28:00.700+0000] {logging_mixin.py:188} INFO - [2024-01-03T02:28:00.700+0000] {dag.py:3820} INFO - Setting next_dagrun for example_setup_teardown_taskflow to 2024-01-02T00:00:00+00:00, run_after=2024-01-03T00:00:00+00:00
[2024-01-03T02:28:00.712+0000] {processor.py:183} INFO - Processing /home/airflow/.local/lib/python3.8/site-packages/airflow/example_dags/example_setup_teardown_taskflow.py took 0.051 seconds
[2024-01-03T02:28:31.504+0000] {processor.py:161} INFO - Started process (PID=1085) to work on /home/airflow/.local/lib/python3.8/site-packages/airflow/example_dags/example_setup_teardown_taskflow.py
[2024-01-03T02:28:31.505+0000] {processor.py:830} INFO - Processing file /home/airflow/.local/lib/python3.8/site-packages/airflow/example_dags/example_setup_teardown_taskflow.py for tasks to queue
[2024-01-03T02:28:31.506+0000] {logging_mixin.py:188} INFO - [2024-01-03T02:28:31.506+0000] {dagbag.py:538} INFO - Filling up the DagBag from /home/airflow/.local/lib/python3.8/site-packages/airflow/example_dags/example_setup_teardown_taskflow.py
[2024-01-03T02:28:31.515+0000] {processor.py:840} INFO - DAG(s) 'example_setup_teardown_taskflow' retrieved from /home/airflow/.local/lib/python3.8/site-packages/airflow/example_dags/example_setup_teardown_taskflow.py
[2024-01-03T02:28:31.531+0000] {logging_mixin.py:188} INFO - [2024-01-03T02:28:31.531+0000] {dag.py:3033} INFO - Sync 1 DAGs
[2024-01-03T02:28:31.549+0000] {logging_mixin.py:188} INFO - [2024-01-03T02:28:31.549+0000] {dag.py:3820} INFO - Setting next_dagrun for example_setup_teardown_taskflow to 2024-01-02T00:00:00+00:00, run_after=2024-01-03T00:00:00+00:00
[2024-01-03T02:28:31.564+0000] {processor.py:183} INFO - Processing /home/airflow/.local/lib/python3.8/site-packages/airflow/example_dags/example_setup_teardown_taskflow.py took 0.062 seconds
[2024-01-03T02:29:02.207+0000] {processor.py:161} INFO - Started process (PID=1140) to work on /home/airflow/.local/lib/python3.8/site-packages/airflow/example_dags/example_setup_teardown_taskflow.py
[2024-01-03T02:29:02.208+0000] {processor.py:830} INFO - Processing file /home/airflow/.local/lib/python3.8/site-packages/airflow/example_dags/example_setup_teardown_taskflow.py for tasks to queue
[2024-01-03T02:29:02.209+0000] {logging_mixin.py:188} INFO - [2024-01-03T02:29:02.209+0000] {dagbag.py:538} INFO - Filling up the DagBag from /home/airflow/.local/lib/python3.8/site-packages/airflow/example_dags/example_setup_teardown_taskflow.py
[2024-01-03T02:29:02.215+0000] {processor.py:840} INFO - DAG(s) 'example_setup_teardown_taskflow' retrieved from /home/airflow/.local/lib/python3.8/site-packages/airflow/example_dags/example_setup_teardown_taskflow.py
[2024-01-03T02:29:02.229+0000] {logging_mixin.py:188} INFO - [2024-01-03T02:29:02.228+0000] {dag.py:3033} INFO - Sync 1 DAGs
[2024-01-03T02:29:02.242+0000] {logging_mixin.py:188} INFO - [2024-01-03T02:29:02.242+0000] {dag.py:3820} INFO - Setting next_dagrun for example_setup_teardown_taskflow to 2024-01-02T00:00:00+00:00, run_after=2024-01-03T00:00:00+00:00
[2024-01-03T02:29:02.254+0000] {processor.py:183} INFO - Processing /home/airflow/.local/lib/python3.8/site-packages/airflow/example_dags/example_setup_teardown_taskflow.py took 0.048 seconds
[2024-01-03T02:29:32.951+0000] {processor.py:161} INFO - Started process (PID=1195) to work on /home/airflow/.local/lib/python3.8/site-packages/airflow/example_dags/example_setup_teardown_taskflow.py
[2024-01-03T02:29:32.951+0000] {processor.py:830} INFO - Processing file /home/airflow/.local/lib/python3.8/site-packages/airflow/example_dags/example_setup_teardown_taskflow.py for tasks to queue
[2024-01-03T02:29:32.953+0000] {logging_mixin.py:188} INFO - [2024-01-03T02:29:32.953+0000] {dagbag.py:538} INFO - Filling up the DagBag from /home/airflow/.local/lib/python3.8/site-packages/airflow/example_dags/example_setup_teardown_taskflow.py
[2024-01-03T02:29:32.959+0000] {processor.py:840} INFO - DAG(s) 'example_setup_teardown_taskflow' retrieved from /home/airflow/.local/lib/python3.8/site-packages/airflow/example_dags/example_setup_teardown_taskflow.py
[2024-01-03T02:29:32.972+0000] {logging_mixin.py:188} INFO - [2024-01-03T02:29:32.972+0000] {dag.py:3033} INFO - Sync 1 DAGs
[2024-01-03T02:29:32.986+0000] {logging_mixin.py:188} INFO - [2024-01-03T02:29:32.986+0000] {dag.py:3820} INFO - Setting next_dagrun for example_setup_teardown_taskflow to 2024-01-02T00:00:00+00:00, run_after=2024-01-03T00:00:00+00:00
[2024-01-03T02:29:32.998+0000] {processor.py:183} INFO - Processing /home/airflow/.local/lib/python3.8/site-packages/airflow/example_dags/example_setup_teardown_taskflow.py took 0.049 seconds
[2024-01-03T02:30:03.044+0000] {processor.py:161} INFO - Started process (PID=1250) to work on /home/airflow/.local/lib/python3.8/site-packages/airflow/example_dags/example_setup_teardown_taskflow.py
[2024-01-03T02:30:03.044+0000] {processor.py:830} INFO - Processing file /home/airflow/.local/lib/python3.8/site-packages/airflow/example_dags/example_setup_teardown_taskflow.py for tasks to queue
[2024-01-03T02:30:03.046+0000] {logging_mixin.py:188} INFO - [2024-01-03T02:30:03.046+0000] {dagbag.py:538} INFO - Filling up the DagBag from /home/airflow/.local/lib/python3.8/site-packages/airflow/example_dags/example_setup_teardown_taskflow.py
[2024-01-03T02:30:03.052+0000] {processor.py:840} INFO - DAG(s) 'example_setup_teardown_taskflow' retrieved from /home/airflow/.local/lib/python3.8/site-packages/airflow/example_dags/example_setup_teardown_taskflow.py
[2024-01-03T02:30:03.065+0000] {logging_mixin.py:188} INFO - [2024-01-03T02:30:03.065+0000] {dag.py:3033} INFO - Sync 1 DAGs
[2024-01-03T02:30:03.079+0000] {logging_mixin.py:188} INFO - [2024-01-03T02:30:03.079+0000] {dag.py:3820} INFO - Setting next_dagrun for example_setup_teardown_taskflow to 2024-01-02T00:00:00+00:00, run_after=2024-01-03T00:00:00+00:00
[2024-01-03T02:30:03.090+0000] {processor.py:183} INFO - Processing /home/airflow/.local/lib/python3.8/site-packages/airflow/example_dags/example_setup_teardown_taskflow.py took 0.049 seconds
[2024-01-03T02:30:34.055+0000] {processor.py:161} INFO - Started process (PID=1305) to work on /home/airflow/.local/lib/python3.8/site-packages/airflow/example_dags/example_setup_teardown_taskflow.py
[2024-01-03T02:30:34.056+0000] {processor.py:830} INFO - Processing file /home/airflow/.local/lib/python3.8/site-packages/airflow/example_dags/example_setup_teardown_taskflow.py for tasks to queue
[2024-01-03T02:30:34.058+0000] {logging_mixin.py:188} INFO - [2024-01-03T02:30:34.058+0000] {dagbag.py:538} INFO - Filling up the DagBag from /home/airflow/.local/lib/python3.8/site-packages/airflow/example_dags/example_setup_teardown_taskflow.py
[2024-01-03T02:30:34.065+0000] {processor.py:840} INFO - DAG(s) 'example_setup_teardown_taskflow' retrieved from /home/airflow/.local/lib/python3.8/site-packages/airflow/example_dags/example_setup_teardown_taskflow.py
[2024-01-03T02:30:34.081+0000] {logging_mixin.py:188} INFO - [2024-01-03T02:30:34.081+0000] {dag.py:3033} INFO - Sync 1 DAGs
[2024-01-03T02:30:34.097+0000] {logging_mixin.py:188} INFO - [2024-01-03T02:30:34.097+0000] {dag.py:3820} INFO - Setting next_dagrun for example_setup_teardown_taskflow to 2024-01-02T00:00:00+00:00, run_after=2024-01-03T00:00:00+00:00
[2024-01-03T02:30:34.111+0000] {processor.py:183} INFO - Processing /home/airflow/.local/lib/python3.8/site-packages/airflow/example_dags/example_setup_teardown_taskflow.py took 0.058 seconds
[2024-01-03T02:31:04.138+0000] {processor.py:161} INFO - Started process (PID=1360) to work on /home/airflow/.local/lib/python3.8/site-packages/airflow/example_dags/example_setup_teardown_taskflow.py
[2024-01-03T02:31:04.139+0000] {processor.py:830} INFO - Processing file /home/airflow/.local/lib/python3.8/site-packages/airflow/example_dags/example_setup_teardown_taskflow.py for tasks to queue
[2024-01-03T02:31:04.140+0000] {logging_mixin.py:188} INFO - [2024-01-03T02:31:04.140+0000] {dagbag.py:538} INFO - Filling up the DagBag from /home/airflow/.local/lib/python3.8/site-packages/airflow/example_dags/example_setup_teardown_taskflow.py
[2024-01-03T02:31:04.146+0000] {processor.py:840} INFO - DAG(s) 'example_setup_teardown_taskflow' retrieved from /home/airflow/.local/lib/python3.8/site-packages/airflow/example_dags/example_setup_teardown_taskflow.py
[2024-01-03T02:31:04.159+0000] {logging_mixin.py:188} INFO - [2024-01-03T02:31:04.159+0000] {dag.py:3033} INFO - Sync 1 DAGs
[2024-01-03T02:31:04.173+0000] {logging_mixin.py:188} INFO - [2024-01-03T02:31:04.173+0000] {dag.py:3820} INFO - Setting next_dagrun for example_setup_teardown_taskflow to 2024-01-02T00:00:00+00:00, run_after=2024-01-03T00:00:00+00:00
[2024-01-03T02:31:04.185+0000] {processor.py:183} INFO - Processing /home/airflow/.local/lib/python3.8/site-packages/airflow/example_dags/example_setup_teardown_taskflow.py took 0.049 seconds
[2024-01-03T02:31:34.451+0000] {processor.py:161} INFO - Started process (PID=1415) to work on /home/airflow/.local/lib/python3.8/site-packages/airflow/example_dags/example_setup_teardown_taskflow.py
[2024-01-03T02:31:34.452+0000] {processor.py:830} INFO - Processing file /home/airflow/.local/lib/python3.8/site-packages/airflow/example_dags/example_setup_teardown_taskflow.py for tasks to queue
[2024-01-03T02:31:34.454+0000] {logging_mixin.py:188} INFO - [2024-01-03T02:31:34.453+0000] {dagbag.py:538} INFO - Filling up the DagBag from /home/airflow/.local/lib/python3.8/site-packages/airflow/example_dags/example_setup_teardown_taskflow.py
[2024-01-03T02:31:34.460+0000] {processor.py:840} INFO - DAG(s) 'example_setup_teardown_taskflow' retrieved from /home/airflow/.local/lib/python3.8/site-packages/airflow/example_dags/example_setup_teardown_taskflow.py
[2024-01-03T02:31:34.473+0000] {logging_mixin.py:188} INFO - [2024-01-03T02:31:34.473+0000] {dag.py:3033} INFO - Sync 1 DAGs
[2024-01-03T02:31:34.488+0000] {logging_mixin.py:188} INFO - [2024-01-03T02:31:34.488+0000] {dag.py:3820} INFO - Setting next_dagrun for example_setup_teardown_taskflow to 2024-01-02T00:00:00+00:00, run_after=2024-01-03T00:00:00+00:00
[2024-01-03T02:31:34.499+0000] {processor.py:183} INFO - Processing /home/airflow/.local/lib/python3.8/site-packages/airflow/example_dags/example_setup_teardown_taskflow.py took 0.050 seconds
[2024-01-03T02:32:04.580+0000] {processor.py:161} INFO - Started process (PID=1470) to work on /home/airflow/.local/lib/python3.8/site-packages/airflow/example_dags/example_setup_teardown_taskflow.py
[2024-01-03T02:32:04.581+0000] {processor.py:830} INFO - Processing file /home/airflow/.local/lib/python3.8/site-packages/airflow/example_dags/example_setup_teardown_taskflow.py for tasks to queue
[2024-01-03T02:32:04.583+0000] {logging_mixin.py:188} INFO - [2024-01-03T02:32:04.583+0000] {dagbag.py:538} INFO - Filling up the DagBag from /home/airflow/.local/lib/python3.8/site-packages/airflow/example_dags/example_setup_teardown_taskflow.py
[2024-01-03T02:32:04.589+0000] {processor.py:840} INFO - DAG(s) 'example_setup_teardown_taskflow' retrieved from /home/airflow/.local/lib/python3.8/site-packages/airflow/example_dags/example_setup_teardown_taskflow.py
[2024-01-03T02:32:04.602+0000] {logging_mixin.py:188} INFO - [2024-01-03T02:32:04.602+0000] {dag.py:3033} INFO - Sync 1 DAGs
[2024-01-03T02:32:04.617+0000] {logging_mixin.py:188} INFO - [2024-01-03T02:32:04.617+0000] {dag.py:3820} INFO - Setting next_dagrun for example_setup_teardown_taskflow to 2024-01-02T00:00:00+00:00, run_after=2024-01-03T00:00:00+00:00
[2024-01-03T02:32:04.629+0000] {processor.py:183} INFO - Processing /home/airflow/.local/lib/python3.8/site-packages/airflow/example_dags/example_setup_teardown_taskflow.py took 0.051 seconds
[2024-01-03T02:32:34.774+0000] {processor.py:161} INFO - Started process (PID=1525) to work on /home/airflow/.local/lib/python3.8/site-packages/airflow/example_dags/example_setup_teardown_taskflow.py
[2024-01-03T02:32:34.775+0000] {processor.py:830} INFO - Processing file /home/airflow/.local/lib/python3.8/site-packages/airflow/example_dags/example_setup_teardown_taskflow.py for tasks to queue
[2024-01-03T02:32:34.777+0000] {logging_mixin.py:188} INFO - [2024-01-03T02:32:34.777+0000] {dagbag.py:538} INFO - Filling up the DagBag from /home/airflow/.local/lib/python3.8/site-packages/airflow/example_dags/example_setup_teardown_taskflow.py
[2024-01-03T02:32:34.783+0000] {processor.py:840} INFO - DAG(s) 'example_setup_teardown_taskflow' retrieved from /home/airflow/.local/lib/python3.8/site-packages/airflow/example_dags/example_setup_teardown_taskflow.py
[2024-01-03T02:32:34.798+0000] {logging_mixin.py:188} INFO - [2024-01-03T02:32:34.798+0000] {dag.py:3033} INFO - Sync 1 DAGs
[2024-01-03T02:32:34.816+0000] {logging_mixin.py:188} INFO - [2024-01-03T02:32:34.816+0000] {dag.py:3820} INFO - Setting next_dagrun for example_setup_teardown_taskflow to 2024-01-02T00:00:00+00:00, run_after=2024-01-03T00:00:00+00:00
[2024-01-03T02:32:34.830+0000] {processor.py:183} INFO - Processing /home/airflow/.local/lib/python3.8/site-packages/airflow/example_dags/example_setup_teardown_taskflow.py took 0.057 seconds
[2024-01-03T02:33:04.845+0000] {processor.py:161} INFO - Started process (PID=1580) to work on /home/airflow/.local/lib/python3.8/site-packages/airflow/example_dags/example_setup_teardown_taskflow.py
[2024-01-03T02:33:04.846+0000] {processor.py:830} INFO - Processing file /home/airflow/.local/lib/python3.8/site-packages/airflow/example_dags/example_setup_teardown_taskflow.py for tasks to queue
[2024-01-03T02:33:04.847+0000] {logging_mixin.py:188} INFO - [2024-01-03T02:33:04.847+0000] {dagbag.py:538} INFO - Filling up the DagBag from /home/airflow/.local/lib/python3.8/site-packages/airflow/example_dags/example_setup_teardown_taskflow.py
[2024-01-03T02:33:04.853+0000] {processor.py:840} INFO - DAG(s) 'example_setup_teardown_taskflow' retrieved from /home/airflow/.local/lib/python3.8/site-packages/airflow/example_dags/example_setup_teardown_taskflow.py
[2024-01-03T02:33:04.866+0000] {logging_mixin.py:188} INFO - [2024-01-03T02:33:04.866+0000] {dag.py:3033} INFO - Sync 1 DAGs
[2024-01-03T02:33:04.880+0000] {logging_mixin.py:188} INFO - [2024-01-03T02:33:04.880+0000] {dag.py:3820} INFO - Setting next_dagrun for example_setup_teardown_taskflow to 2024-01-02T00:00:00+00:00, run_after=2024-01-03T00:00:00+00:00
[2024-01-03T02:33:04.891+0000] {processor.py:183} INFO - Processing /home/airflow/.local/lib/python3.8/site-packages/airflow/example_dags/example_setup_teardown_taskflow.py took 0.048 seconds
[2024-01-03T02:33:34.995+0000] {processor.py:161} INFO - Started process (PID=1635) to work on /home/airflow/.local/lib/python3.8/site-packages/airflow/example_dags/example_setup_teardown_taskflow.py
[2024-01-03T02:33:34.996+0000] {processor.py:830} INFO - Processing file /home/airflow/.local/lib/python3.8/site-packages/airflow/example_dags/example_setup_teardown_taskflow.py for tasks to queue
[2024-01-03T02:33:34.997+0000] {logging_mixin.py:188} INFO - [2024-01-03T02:33:34.997+0000] {dagbag.py:538} INFO - Filling up the DagBag from /home/airflow/.local/lib/python3.8/site-packages/airflow/example_dags/example_setup_teardown_taskflow.py
[2024-01-03T02:33:35.003+0000] {processor.py:840} INFO - DAG(s) 'example_setup_teardown_taskflow' retrieved from /home/airflow/.local/lib/python3.8/site-packages/airflow/example_dags/example_setup_teardown_taskflow.py
[2024-01-03T02:33:35.016+0000] {logging_mixin.py:188} INFO - [2024-01-03T02:33:35.016+0000] {dag.py:3033} INFO - Sync 1 DAGs
[2024-01-03T02:33:35.030+0000] {logging_mixin.py:188} INFO - [2024-01-03T02:33:35.030+0000] {dag.py:3820} INFO - Setting next_dagrun for example_setup_teardown_taskflow to 2024-01-02T00:00:00+00:00, run_after=2024-01-03T00:00:00+00:00
[2024-01-03T02:33:35.041+0000] {processor.py:183} INFO - Processing /home/airflow/.local/lib/python3.8/site-packages/airflow/example_dags/example_setup_teardown_taskflow.py took 0.048 seconds
[2024-01-03T02:34:05.152+0000] {processor.py:161} INFO - Started process (PID=1690) to work on /home/airflow/.local/lib/python3.8/site-packages/airflow/example_dags/example_setup_teardown_taskflow.py
[2024-01-03T02:34:05.153+0000] {processor.py:830} INFO - Processing file /home/airflow/.local/lib/python3.8/site-packages/airflow/example_dags/example_setup_teardown_taskflow.py for tasks to queue
[2024-01-03T02:34:05.155+0000] {logging_mixin.py:188} INFO - [2024-01-03T02:34:05.154+0000] {dagbag.py:538} INFO - Filling up the DagBag from /home/airflow/.local/lib/python3.8/site-packages/airflow/example_dags/example_setup_teardown_taskflow.py
[2024-01-03T02:34:05.162+0000] {processor.py:840} INFO - DAG(s) 'example_setup_teardown_taskflow' retrieved from /home/airflow/.local/lib/python3.8/site-packages/airflow/example_dags/example_setup_teardown_taskflow.py
[2024-01-03T02:34:05.178+0000] {logging_mixin.py:188} INFO - [2024-01-03T02:34:05.178+0000] {dag.py:3033} INFO - Sync 1 DAGs
[2024-01-03T02:34:05.197+0000] {logging_mixin.py:188} INFO - [2024-01-03T02:34:05.197+0000] {dag.py:3820} INFO - Setting next_dagrun for example_setup_teardown_taskflow to 2024-01-02T00:00:00+00:00, run_after=2024-01-03T00:00:00+00:00
[2024-01-03T02:34:05.212+0000] {processor.py:183} INFO - Processing /home/airflow/.local/lib/python3.8/site-packages/airflow/example_dags/example_setup_teardown_taskflow.py took 0.062 seconds
[2024-01-03T02:34:35.897+0000] {processor.py:161} INFO - Started process (PID=1746) to work on /home/airflow/.local/lib/python3.8/site-packages/airflow/example_dags/example_setup_teardown_taskflow.py
[2024-01-03T02:34:35.898+0000] {processor.py:830} INFO - Processing file /home/airflow/.local/lib/python3.8/site-packages/airflow/example_dags/example_setup_teardown_taskflow.py for tasks to queue
[2024-01-03T02:34:35.899+0000] {logging_mixin.py:188} INFO - [2024-01-03T02:34:35.899+0000] {dagbag.py:538} INFO - Filling up the DagBag from /home/airflow/.local/lib/python3.8/site-packages/airflow/example_dags/example_setup_teardown_taskflow.py
[2024-01-03T02:34:35.905+0000] {processor.py:840} INFO - DAG(s) 'example_setup_teardown_taskflow' retrieved from /home/airflow/.local/lib/python3.8/site-packages/airflow/example_dags/example_setup_teardown_taskflow.py
[2024-01-03T02:34:35.920+0000] {logging_mixin.py:188} INFO - [2024-01-03T02:34:35.920+0000] {dag.py:3033} INFO - Sync 1 DAGs
[2024-01-03T02:34:35.935+0000] {logging_mixin.py:188} INFO - [2024-01-03T02:34:35.935+0000] {dag.py:3820} INFO - Setting next_dagrun for example_setup_teardown_taskflow to 2024-01-02T00:00:00+00:00, run_after=2024-01-03T00:00:00+00:00
[2024-01-03T02:34:35.948+0000] {processor.py:183} INFO - Processing /home/airflow/.local/lib/python3.8/site-packages/airflow/example_dags/example_setup_teardown_taskflow.py took 0.052 seconds
[2024-01-03T02:35:06.664+0000] {processor.py:161} INFO - Started process (PID=1801) to work on /home/airflow/.local/lib/python3.8/site-packages/airflow/example_dags/example_setup_teardown_taskflow.py
[2024-01-03T02:35:06.665+0000] {processor.py:830} INFO - Processing file /home/airflow/.local/lib/python3.8/site-packages/airflow/example_dags/example_setup_teardown_taskflow.py for tasks to queue
[2024-01-03T02:35:06.667+0000] {logging_mixin.py:188} INFO - [2024-01-03T02:35:06.666+0000] {dagbag.py:538} INFO - Filling up the DagBag from /home/airflow/.local/lib/python3.8/site-packages/airflow/example_dags/example_setup_teardown_taskflow.py
[2024-01-03T02:35:06.673+0000] {processor.py:840} INFO - DAG(s) 'example_setup_teardown_taskflow' retrieved from /home/airflow/.local/lib/python3.8/site-packages/airflow/example_dags/example_setup_teardown_taskflow.py
[2024-01-03T02:35:06.687+0000] {logging_mixin.py:188} INFO - [2024-01-03T02:35:06.687+0000] {dag.py:3033} INFO - Sync 1 DAGs
[2024-01-03T02:35:06.703+0000] {logging_mixin.py:188} INFO - [2024-01-03T02:35:06.702+0000] {dag.py:3820} INFO - Setting next_dagrun for example_setup_teardown_taskflow to 2024-01-02T00:00:00+00:00, run_after=2024-01-03T00:00:00+00:00
[2024-01-03T02:35:06.716+0000] {processor.py:183} INFO - Processing /home/airflow/.local/lib/python3.8/site-packages/airflow/example_dags/example_setup_teardown_taskflow.py took 0.054 seconds
[2024-01-03T02:35:37.504+0000] {processor.py:161} INFO - Started process (PID=1856) to work on /home/airflow/.local/lib/python3.8/site-packages/airflow/example_dags/example_setup_teardown_taskflow.py
[2024-01-03T02:35:37.504+0000] {processor.py:830} INFO - Processing file /home/airflow/.local/lib/python3.8/site-packages/airflow/example_dags/example_setup_teardown_taskflow.py for tasks to queue
[2024-01-03T02:35:37.506+0000] {logging_mixin.py:188} INFO - [2024-01-03T02:35:37.506+0000] {dagbag.py:538} INFO - Filling up the DagBag from /home/airflow/.local/lib/python3.8/site-packages/airflow/example_dags/example_setup_teardown_taskflow.py
[2024-01-03T02:35:37.512+0000] {processor.py:840} INFO - DAG(s) 'example_setup_teardown_taskflow' retrieved from /home/airflow/.local/lib/python3.8/site-packages/airflow/example_dags/example_setup_teardown_taskflow.py
[2024-01-03T02:35:37.526+0000] {logging_mixin.py:188} INFO - [2024-01-03T02:35:37.525+0000] {dag.py:3033} INFO - Sync 1 DAGs
[2024-01-03T02:35:37.540+0000] {logging_mixin.py:188} INFO - [2024-01-03T02:35:37.540+0000] {dag.py:3820} INFO - Setting next_dagrun for example_setup_teardown_taskflow to 2024-01-02T00:00:00+00:00, run_after=2024-01-03T00:00:00+00:00
[2024-01-03T02:35:37.553+0000] {processor.py:183} INFO - Processing /home/airflow/.local/lib/python3.8/site-packages/airflow/example_dags/example_setup_teardown_taskflow.py took 0.051 seconds
[2024-01-03T02:36:08.292+0000] {processor.py:161} INFO - Started process (PID=1911) to work on /home/airflow/.local/lib/python3.8/site-packages/airflow/example_dags/example_setup_teardown_taskflow.py
[2024-01-03T02:36:08.293+0000] {processor.py:830} INFO - Processing file /home/airflow/.local/lib/python3.8/site-packages/airflow/example_dags/example_setup_teardown_taskflow.py for tasks to queue
[2024-01-03T02:36:08.294+0000] {logging_mixin.py:188} INFO - [2024-01-03T02:36:08.294+0000] {dagbag.py:538} INFO - Filling up the DagBag from /home/airflow/.local/lib/python3.8/site-packages/airflow/example_dags/example_setup_teardown_taskflow.py
[2024-01-03T02:36:08.300+0000] {processor.py:840} INFO - DAG(s) 'example_setup_teardown_taskflow' retrieved from /home/airflow/.local/lib/python3.8/site-packages/airflow/example_dags/example_setup_teardown_taskflow.py
[2024-01-03T02:36:08.313+0000] {logging_mixin.py:188} INFO - [2024-01-03T02:36:08.313+0000] {dag.py:3033} INFO - Sync 1 DAGs
[2024-01-03T02:36:08.327+0000] {logging_mixin.py:188} INFO - [2024-01-03T02:36:08.327+0000] {dag.py:3820} INFO - Setting next_dagrun for example_setup_teardown_taskflow to 2024-01-02T00:00:00+00:00, run_after=2024-01-03T00:00:00+00:00
[2024-01-03T02:36:08.338+0000] {processor.py:183} INFO - Processing /home/airflow/.local/lib/python3.8/site-packages/airflow/example_dags/example_setup_teardown_taskflow.py took 0.049 seconds
[2024-01-03T02:36:38.380+0000] {processor.py:161} INFO - Started process (PID=1966) to work on /home/airflow/.local/lib/python3.8/site-packages/airflow/example_dags/example_setup_teardown_taskflow.py
[2024-01-03T02:36:38.381+0000] {processor.py:830} INFO - Processing file /home/airflow/.local/lib/python3.8/site-packages/airflow/example_dags/example_setup_teardown_taskflow.py for tasks to queue
[2024-01-03T02:36:38.382+0000] {logging_mixin.py:188} INFO - [2024-01-03T02:36:38.382+0000] {dagbag.py:538} INFO - Filling up the DagBag from /home/airflow/.local/lib/python3.8/site-packages/airflow/example_dags/example_setup_teardown_taskflow.py
[2024-01-03T02:36:38.388+0000] {processor.py:840} INFO - DAG(s) 'example_setup_teardown_taskflow' retrieved from /home/airflow/.local/lib/python3.8/site-packages/airflow/example_dags/example_setup_teardown_taskflow.py
[2024-01-03T02:36:38.402+0000] {logging_mixin.py:188} INFO - [2024-01-03T02:36:38.402+0000] {dag.py:3033} INFO - Sync 1 DAGs
[2024-01-03T02:36:38.416+0000] {logging_mixin.py:188} INFO - [2024-01-03T02:36:38.416+0000] {dag.py:3820} INFO - Setting next_dagrun for example_setup_teardown_taskflow to 2024-01-02T00:00:00+00:00, run_after=2024-01-03T00:00:00+00:00
[2024-01-03T02:36:38.428+0000] {processor.py:183} INFO - Processing /home/airflow/.local/lib/python3.8/site-packages/airflow/example_dags/example_setup_teardown_taskflow.py took 0.049 seconds
[2024-01-03T02:41:31.287+0000] {processor.py:161} INFO - Started process (PID=2027) to work on /home/airflow/.local/lib/python3.8/site-packages/airflow/example_dags/example_setup_teardown_taskflow.py
[2024-01-03T02:41:31.289+0000] {processor.py:830} INFO - Processing file /home/airflow/.local/lib/python3.8/site-packages/airflow/example_dags/example_setup_teardown_taskflow.py for tasks to queue
[2024-01-03T02:41:31.293+0000] {logging_mixin.py:188} INFO - [2024-01-03T02:41:31.293+0000] {dagbag.py:538} INFO - Filling up the DagBag from /home/airflow/.local/lib/python3.8/site-packages/airflow/example_dags/example_setup_teardown_taskflow.py
[2024-01-03T02:41:31.322+0000] {processor.py:840} INFO - DAG(s) 'example_setup_teardown_taskflow' retrieved from /home/airflow/.local/lib/python3.8/site-packages/airflow/example_dags/example_setup_teardown_taskflow.py
[2024-01-03T02:41:31.354+0000] {logging_mixin.py:188} INFO - [2024-01-03T02:41:31.354+0000] {dag.py:3033} INFO - Sync 1 DAGs
[2024-01-03T02:41:31.383+0000] {logging_mixin.py:188} INFO - [2024-01-03T02:41:31.382+0000] {dag.py:3820} INFO - Setting next_dagrun for example_setup_teardown_taskflow to 2024-01-02T00:00:00+00:00, run_after=2024-01-03T00:00:00+00:00
[2024-01-03T02:41:31.405+0000] {processor.py:183} INFO - Processing /home/airflow/.local/lib/python3.8/site-packages/airflow/example_dags/example_setup_teardown_taskflow.py took 0.121 seconds
[2024-01-03T02:42:01.491+0000] {processor.py:161} INFO - Started process (PID=2082) to work on /home/airflow/.local/lib/python3.8/site-packages/airflow/example_dags/example_setup_teardown_taskflow.py
[2024-01-03T02:42:01.492+0000] {processor.py:830} INFO - Processing file /home/airflow/.local/lib/python3.8/site-packages/airflow/example_dags/example_setup_teardown_taskflow.py for tasks to queue
[2024-01-03T02:42:01.493+0000] {logging_mixin.py:188} INFO - [2024-01-03T02:42:01.493+0000] {dagbag.py:538} INFO - Filling up the DagBag from /home/airflow/.local/lib/python3.8/site-packages/airflow/example_dags/example_setup_teardown_taskflow.py
[2024-01-03T02:42:01.500+0000] {processor.py:840} INFO - DAG(s) 'example_setup_teardown_taskflow' retrieved from /home/airflow/.local/lib/python3.8/site-packages/airflow/example_dags/example_setup_teardown_taskflow.py
[2024-01-03T02:42:01.514+0000] {logging_mixin.py:188} INFO - [2024-01-03T02:42:01.514+0000] {dag.py:3033} INFO - Sync 1 DAGs
[2024-01-03T02:42:01.529+0000] {logging_mixin.py:188} INFO - [2024-01-03T02:42:01.529+0000] {dag.py:3820} INFO - Setting next_dagrun for example_setup_teardown_taskflow to 2024-01-02T00:00:00+00:00, run_after=2024-01-03T00:00:00+00:00
[2024-01-03T02:42:01.541+0000] {processor.py:183} INFO - Processing /home/airflow/.local/lib/python3.8/site-packages/airflow/example_dags/example_setup_teardown_taskflow.py took 0.052 seconds
[2024-01-03T02:42:31.693+0000] {processor.py:161} INFO - Started process (PID=2137) to work on /home/airflow/.local/lib/python3.8/site-packages/airflow/example_dags/example_setup_teardown_taskflow.py
[2024-01-03T02:42:31.694+0000] {processor.py:830} INFO - Processing file /home/airflow/.local/lib/python3.8/site-packages/airflow/example_dags/example_setup_teardown_taskflow.py for tasks to queue
[2024-01-03T02:42:31.696+0000] {logging_mixin.py:188} INFO - [2024-01-03T02:42:31.695+0000] {dagbag.py:538} INFO - Filling up the DagBag from /home/airflow/.local/lib/python3.8/site-packages/airflow/example_dags/example_setup_teardown_taskflow.py
[2024-01-03T02:42:31.703+0000] {processor.py:840} INFO - DAG(s) 'example_setup_teardown_taskflow' retrieved from /home/airflow/.local/lib/python3.8/site-packages/airflow/example_dags/example_setup_teardown_taskflow.py
[2024-01-03T02:42:31.718+0000] {logging_mixin.py:188} INFO - [2024-01-03T02:42:31.718+0000] {dag.py:3033} INFO - Sync 1 DAGs
[2024-01-03T02:42:31.734+0000] {logging_mixin.py:188} INFO - [2024-01-03T02:42:31.734+0000] {dag.py:3820} INFO - Setting next_dagrun for example_setup_teardown_taskflow to 2024-01-02T00:00:00+00:00, run_after=2024-01-03T00:00:00+00:00
[2024-01-03T02:42:31.751+0000] {processor.py:183} INFO - Processing /home/airflow/.local/lib/python3.8/site-packages/airflow/example_dags/example_setup_teardown_taskflow.py took 0.059 seconds
[2024-01-03T02:43:02.005+0000] {processor.py:161} INFO - Started process (PID=2192) to work on /home/airflow/.local/lib/python3.8/site-packages/airflow/example_dags/example_setup_teardown_taskflow.py
[2024-01-03T02:43:02.006+0000] {processor.py:830} INFO - Processing file /home/airflow/.local/lib/python3.8/site-packages/airflow/example_dags/example_setup_teardown_taskflow.py for tasks to queue
[2024-01-03T02:43:02.007+0000] {logging_mixin.py:188} INFO - [2024-01-03T02:43:02.007+0000] {dagbag.py:538} INFO - Filling up the DagBag from /home/airflow/.local/lib/python3.8/site-packages/airflow/example_dags/example_setup_teardown_taskflow.py
[2024-01-03T02:43:02.014+0000] {processor.py:840} INFO - DAG(s) 'example_setup_teardown_taskflow' retrieved from /home/airflow/.local/lib/python3.8/site-packages/airflow/example_dags/example_setup_teardown_taskflow.py
[2024-01-03T02:43:02.029+0000] {logging_mixin.py:188} INFO - [2024-01-03T02:43:02.029+0000] {dag.py:3033} INFO - Sync 1 DAGs
[2024-01-03T02:43:02.046+0000] {logging_mixin.py:188} INFO - [2024-01-03T02:43:02.046+0000] {dag.py:3820} INFO - Setting next_dagrun for example_setup_teardown_taskflow to 2024-01-02T00:00:00+00:00, run_after=2024-01-03T00:00:00+00:00
[2024-01-03T02:43:02.060+0000] {processor.py:183} INFO - Processing /home/airflow/.local/lib/python3.8/site-packages/airflow/example_dags/example_setup_teardown_taskflow.py took 0.058 seconds
[2024-01-03T02:43:32.347+0000] {processor.py:161} INFO - Started process (PID=2247) to work on /home/airflow/.local/lib/python3.8/site-packages/airflow/example_dags/example_setup_teardown_taskflow.py
[2024-01-03T02:43:32.348+0000] {processor.py:830} INFO - Processing file /home/airflow/.local/lib/python3.8/site-packages/airflow/example_dags/example_setup_teardown_taskflow.py for tasks to queue
[2024-01-03T02:43:32.350+0000] {logging_mixin.py:188} INFO - [2024-01-03T02:43:32.349+0000] {dagbag.py:538} INFO - Filling up the DagBag from /home/airflow/.local/lib/python3.8/site-packages/airflow/example_dags/example_setup_teardown_taskflow.py
[2024-01-03T02:43:32.355+0000] {processor.py:840} INFO - DAG(s) 'example_setup_teardown_taskflow' retrieved from /home/airflow/.local/lib/python3.8/site-packages/airflow/example_dags/example_setup_teardown_taskflow.py
[2024-01-03T02:43:32.369+0000] {logging_mixin.py:188} INFO - [2024-01-03T02:43:32.369+0000] {dag.py:3033} INFO - Sync 1 DAGs
[2024-01-03T02:43:32.383+0000] {logging_mixin.py:188} INFO - [2024-01-03T02:43:32.383+0000] {dag.py:3820} INFO - Setting next_dagrun for example_setup_teardown_taskflow to 2024-01-02T00:00:00+00:00, run_after=2024-01-03T00:00:00+00:00
[2024-01-03T02:43:32.491+0000] {processor.py:183} INFO - Processing /home/airflow/.local/lib/python3.8/site-packages/airflow/example_dags/example_setup_teardown_taskflow.py took 0.145 seconds
[2024-01-03T02:44:03.152+0000] {processor.py:161} INFO - Started process (PID=2302) to work on /home/airflow/.local/lib/python3.8/site-packages/airflow/example_dags/example_setup_teardown_taskflow.py
[2024-01-03T02:44:03.153+0000] {processor.py:830} INFO - Processing file /home/airflow/.local/lib/python3.8/site-packages/airflow/example_dags/example_setup_teardown_taskflow.py for tasks to queue
[2024-01-03T02:44:03.154+0000] {logging_mixin.py:188} INFO - [2024-01-03T02:44:03.154+0000] {dagbag.py:538} INFO - Filling up the DagBag from /home/airflow/.local/lib/python3.8/site-packages/airflow/example_dags/example_setup_teardown_taskflow.py
[2024-01-03T02:44:03.161+0000] {processor.py:840} INFO - DAG(s) 'example_setup_teardown_taskflow' retrieved from /home/airflow/.local/lib/python3.8/site-packages/airflow/example_dags/example_setup_teardown_taskflow.py
[2024-01-03T02:44:03.175+0000] {logging_mixin.py:188} INFO - [2024-01-03T02:44:03.175+0000] {dag.py:3033} INFO - Sync 1 DAGs
[2024-01-03T02:44:03.191+0000] {logging_mixin.py:188} INFO - [2024-01-03T02:44:03.191+0000] {dag.py:3820} INFO - Setting next_dagrun for example_setup_teardown_taskflow to 2024-01-02T00:00:00+00:00, run_after=2024-01-03T00:00:00+00:00
[2024-01-03T02:44:03.204+0000] {processor.py:183} INFO - Processing /home/airflow/.local/lib/python3.8/site-packages/airflow/example_dags/example_setup_teardown_taskflow.py took 0.053 seconds
[2024-01-03T02:44:33.907+0000] {processor.py:161} INFO - Started process (PID=2357) to work on /home/airflow/.local/lib/python3.8/site-packages/airflow/example_dags/example_setup_teardown_taskflow.py
[2024-01-03T02:44:33.907+0000] {processor.py:830} INFO - Processing file /home/airflow/.local/lib/python3.8/site-packages/airflow/example_dags/example_setup_teardown_taskflow.py for tasks to queue
[2024-01-03T02:44:33.909+0000] {logging_mixin.py:188} INFO - [2024-01-03T02:44:33.909+0000] {dagbag.py:538} INFO - Filling up the DagBag from /home/airflow/.local/lib/python3.8/site-packages/airflow/example_dags/example_setup_teardown_taskflow.py
[2024-01-03T02:44:33.915+0000] {processor.py:840} INFO - DAG(s) 'example_setup_teardown_taskflow' retrieved from /home/airflow/.local/lib/python3.8/site-packages/airflow/example_dags/example_setup_teardown_taskflow.py
[2024-01-03T02:44:33.928+0000] {logging_mixin.py:188} INFO - [2024-01-03T02:44:33.928+0000] {dag.py:3033} INFO - Sync 1 DAGs
[2024-01-03T02:44:33.943+0000] {logging_mixin.py:188} INFO - [2024-01-03T02:44:33.942+0000] {dag.py:3820} INFO - Setting next_dagrun for example_setup_teardown_taskflow to 2024-01-02T00:00:00+00:00, run_after=2024-01-03T00:00:00+00:00
[2024-01-03T02:44:33.955+0000] {processor.py:183} INFO - Processing /home/airflow/.local/lib/python3.8/site-packages/airflow/example_dags/example_setup_teardown_taskflow.py took 0.050 seconds
[2024-01-03T02:45:04.636+0000] {processor.py:161} INFO - Started process (PID=2412) to work on /home/airflow/.local/lib/python3.8/site-packages/airflow/example_dags/example_setup_teardown_taskflow.py
[2024-01-03T02:45:04.637+0000] {processor.py:830} INFO - Processing file /home/airflow/.local/lib/python3.8/site-packages/airflow/example_dags/example_setup_teardown_taskflow.py for tasks to queue
[2024-01-03T02:45:04.638+0000] {logging_mixin.py:188} INFO - [2024-01-03T02:45:04.638+0000] {dagbag.py:538} INFO - Filling up the DagBag from /home/airflow/.local/lib/python3.8/site-packages/airflow/example_dags/example_setup_teardown_taskflow.py
[2024-01-03T02:45:04.644+0000] {processor.py:840} INFO - DAG(s) 'example_setup_teardown_taskflow' retrieved from /home/airflow/.local/lib/python3.8/site-packages/airflow/example_dags/example_setup_teardown_taskflow.py
[2024-01-03T02:45:04.659+0000] {logging_mixin.py:188} INFO - [2024-01-03T02:45:04.659+0000] {dag.py:3033} INFO - Sync 1 DAGs
[2024-01-03T02:45:04.675+0000] {logging_mixin.py:188} INFO - [2024-01-03T02:45:04.675+0000] {dag.py:3820} INFO - Setting next_dagrun for example_setup_teardown_taskflow to 2024-01-02T00:00:00+00:00, run_after=2024-01-03T00:00:00+00:00
[2024-01-03T02:45:04.687+0000] {processor.py:183} INFO - Processing /home/airflow/.local/lib/python3.8/site-packages/airflow/example_dags/example_setup_teardown_taskflow.py took 0.053 seconds
[2024-01-03T02:45:35.031+0000] {processor.py:161} INFO - Started process (PID=2467) to work on /home/airflow/.local/lib/python3.8/site-packages/airflow/example_dags/example_setup_teardown_taskflow.py
[2024-01-03T02:45:35.032+0000] {processor.py:830} INFO - Processing file /home/airflow/.local/lib/python3.8/site-packages/airflow/example_dags/example_setup_teardown_taskflow.py for tasks to queue
[2024-01-03T02:45:35.033+0000] {logging_mixin.py:188} INFO - [2024-01-03T02:45:35.033+0000] {dagbag.py:538} INFO - Filling up the DagBag from /home/airflow/.local/lib/python3.8/site-packages/airflow/example_dags/example_setup_teardown_taskflow.py
[2024-01-03T02:45:35.039+0000] {processor.py:840} INFO - DAG(s) 'example_setup_teardown_taskflow' retrieved from /home/airflow/.local/lib/python3.8/site-packages/airflow/example_dags/example_setup_teardown_taskflow.py
[2024-01-03T02:45:35.053+0000] {logging_mixin.py:188} INFO - [2024-01-03T02:45:35.053+0000] {dag.py:3033} INFO - Sync 1 DAGs
[2024-01-03T02:45:35.068+0000] {logging_mixin.py:188} INFO - [2024-01-03T02:45:35.068+0000] {dag.py:3820} INFO - Setting next_dagrun for example_setup_teardown_taskflow to 2024-01-02T00:00:00+00:00, run_after=2024-01-03T00:00:00+00:00
[2024-01-03T02:45:35.080+0000] {processor.py:183} INFO - Processing /home/airflow/.local/lib/python3.8/site-packages/airflow/example_dags/example_setup_teardown_taskflow.py took 0.051 seconds
[2024-01-03T02:46:05.377+0000] {processor.py:161} INFO - Started process (PID=2522) to work on /home/airflow/.local/lib/python3.8/site-packages/airflow/example_dags/example_setup_teardown_taskflow.py
[2024-01-03T02:46:05.378+0000] {processor.py:830} INFO - Processing file /home/airflow/.local/lib/python3.8/site-packages/airflow/example_dags/example_setup_teardown_taskflow.py for tasks to queue
[2024-01-03T02:46:05.380+0000] {logging_mixin.py:188} INFO - [2024-01-03T02:46:05.379+0000] {dagbag.py:538} INFO - Filling up the DagBag from /home/airflow/.local/lib/python3.8/site-packages/airflow/example_dags/example_setup_teardown_taskflow.py
[2024-01-03T02:46:05.386+0000] {processor.py:840} INFO - DAG(s) 'example_setup_teardown_taskflow' retrieved from /home/airflow/.local/lib/python3.8/site-packages/airflow/example_dags/example_setup_teardown_taskflow.py
[2024-01-03T02:46:05.402+0000] {logging_mixin.py:188} INFO - [2024-01-03T02:46:05.401+0000] {dag.py:3033} INFO - Sync 1 DAGs
[2024-01-03T02:46:05.543+0000] {logging_mixin.py:188} INFO - [2024-01-03T02:46:05.543+0000] {dag.py:3820} INFO - Setting next_dagrun for example_setup_teardown_taskflow to 2024-01-02T00:00:00+00:00, run_after=2024-01-03T00:00:00+00:00
[2024-01-03T02:46:05.558+0000] {processor.py:183} INFO - Processing /home/airflow/.local/lib/python3.8/site-packages/airflow/example_dags/example_setup_teardown_taskflow.py took 0.182 seconds
[2024-01-03T02:46:36.576+0000] {processor.py:161} INFO - Started process (PID=2577) to work on /home/airflow/.local/lib/python3.8/site-packages/airflow/example_dags/example_setup_teardown_taskflow.py
[2024-01-03T02:46:36.576+0000] {processor.py:830} INFO - Processing file /home/airflow/.local/lib/python3.8/site-packages/airflow/example_dags/example_setup_teardown_taskflow.py for tasks to queue
[2024-01-03T02:46:36.578+0000] {logging_mixin.py:188} INFO - [2024-01-03T02:46:36.578+0000] {dagbag.py:538} INFO - Filling up the DagBag from /home/airflow/.local/lib/python3.8/site-packages/airflow/example_dags/example_setup_teardown_taskflow.py
[2024-01-03T02:46:36.584+0000] {processor.py:840} INFO - DAG(s) 'example_setup_teardown_taskflow' retrieved from /home/airflow/.local/lib/python3.8/site-packages/airflow/example_dags/example_setup_teardown_taskflow.py
[2024-01-03T02:46:36.597+0000] {logging_mixin.py:188} INFO - [2024-01-03T02:46:36.597+0000] {dag.py:3033} INFO - Sync 1 DAGs
[2024-01-03T02:46:36.716+0000] {logging_mixin.py:188} INFO - [2024-01-03T02:46:36.716+0000] {dag.py:3820} INFO - Setting next_dagrun for example_setup_teardown_taskflow to 2024-01-02T00:00:00+00:00, run_after=2024-01-03T00:00:00+00:00
[2024-01-03T02:46:36.729+0000] {processor.py:183} INFO - Processing /home/airflow/.local/lib/python3.8/site-packages/airflow/example_dags/example_setup_teardown_taskflow.py took 0.156 seconds
[2024-01-03T02:47:07.429+0000] {processor.py:161} INFO - Started process (PID=2631) to work on /home/airflow/.local/lib/python3.8/site-packages/airflow/example_dags/example_setup_teardown_taskflow.py
[2024-01-03T02:47:07.430+0000] {processor.py:830} INFO - Processing file /home/airflow/.local/lib/python3.8/site-packages/airflow/example_dags/example_setup_teardown_taskflow.py for tasks to queue
[2024-01-03T02:47:07.432+0000] {logging_mixin.py:188} INFO - [2024-01-03T02:47:07.432+0000] {dagbag.py:538} INFO - Filling up the DagBag from /home/airflow/.local/lib/python3.8/site-packages/airflow/example_dags/example_setup_teardown_taskflow.py
[2024-01-03T02:47:07.439+0000] {processor.py:840} INFO - DAG(s) 'example_setup_teardown_taskflow' retrieved from /home/airflow/.local/lib/python3.8/site-packages/airflow/example_dags/example_setup_teardown_taskflow.py
[2024-01-03T02:47:07.452+0000] {logging_mixin.py:188} INFO - [2024-01-03T02:47:07.451+0000] {dag.py:3033} INFO - Sync 1 DAGs
[2024-01-03T02:47:07.466+0000] {logging_mixin.py:188} INFO - [2024-01-03T02:47:07.466+0000] {dag.py:3820} INFO - Setting next_dagrun for example_setup_teardown_taskflow to 2024-01-02T00:00:00+00:00, run_after=2024-01-03T00:00:00+00:00
[2024-01-03T02:47:07.479+0000] {processor.py:183} INFO - Processing /home/airflow/.local/lib/python3.8/site-packages/airflow/example_dags/example_setup_teardown_taskflow.py took 0.052 seconds
