[2024-01-03T02:18:56.643+0000] {processor.py:161} INFO - Started process (PID=78) to work on /home/airflow/.local/lib/python3.8/site-packages/airflow/example_dags/example_params_trigger_ui.py
[2024-01-03T02:18:56.644+0000] {processor.py:830} INFO - Processing file /home/airflow/.local/lib/python3.8/site-packages/airflow/example_dags/example_params_trigger_ui.py for tasks to queue
[2024-01-03T02:18:56.646+0000] {logging_mixin.py:188} INFO - [2024-01-03T02:18:56.646+0000] {dagbag.py:538} INFO - Filling up the DagBag from /home/airflow/.local/lib/python3.8/site-packages/airflow/example_dags/example_params_trigger_ui.py
[2024-01-03T02:18:56.656+0000] {processor.py:840} INFO - DAG(s) 'example_params_trigger_ui' retrieved from /home/airflow/.local/lib/python3.8/site-packages/airflow/example_dags/example_params_trigger_ui.py
[2024-01-03T02:18:56.747+0000] {logging_mixin.py:188} INFO - [2024-01-03T02:18:56.747+0000] {dag.py:3033} INFO - Sync 1 DAGs
[2024-01-03T02:18:56.756+0000] {logging_mixin.py:188} INFO - [2024-01-03T02:18:56.756+0000] {dag.py:3820} INFO - Setting next_dagrun for example_params_trigger_ui to None, run_after=None
[2024-01-03T02:18:56.770+0000] {processor.py:183} INFO - Processing /home/airflow/.local/lib/python3.8/site-packages/airflow/example_dags/example_params_trigger_ui.py took 0.129 seconds
[2024-01-03T02:19:27.501+0000] {processor.py:161} INFO - Started process (PID=133) to work on /home/airflow/.local/lib/python3.8/site-packages/airflow/example_dags/example_params_trigger_ui.py
[2024-01-03T02:19:27.502+0000] {processor.py:830} INFO - Processing file /home/airflow/.local/lib/python3.8/site-packages/airflow/example_dags/example_params_trigger_ui.py for tasks to queue
[2024-01-03T02:19:27.504+0000] {logging_mixin.py:188} INFO - [2024-01-03T02:19:27.504+0000] {dagbag.py:538} INFO - Filling up the DagBag from /home/airflow/.local/lib/python3.8/site-packages/airflow/example_dags/example_params_trigger_ui.py
[2024-01-03T02:19:27.515+0000] {processor.py:840} INFO - DAG(s) 'example_params_trigger_ui' retrieved from /home/airflow/.local/lib/python3.8/site-packages/airflow/example_dags/example_params_trigger_ui.py
[2024-01-03T02:19:27.550+0000] {logging_mixin.py:188} INFO - [2024-01-03T02:19:27.550+0000] {dag.py:3033} INFO - Sync 1 DAGs
[2024-01-03T02:19:27.561+0000] {logging_mixin.py:188} INFO - [2024-01-03T02:19:27.561+0000] {dag.py:3820} INFO - Setting next_dagrun for example_params_trigger_ui to None, run_after=None
[2024-01-03T02:19:27.577+0000] {processor.py:183} INFO - Processing /home/airflow/.local/lib/python3.8/site-packages/airflow/example_dags/example_params_trigger_ui.py took 0.078 seconds
[2024-01-03T02:19:57.689+0000] {processor.py:161} INFO - Started process (PID=188) to work on /home/airflow/.local/lib/python3.8/site-packages/airflow/example_dags/example_params_trigger_ui.py
[2024-01-03T02:19:57.691+0000] {processor.py:830} INFO - Processing file /home/airflow/.local/lib/python3.8/site-packages/airflow/example_dags/example_params_trigger_ui.py for tasks to queue
[2024-01-03T02:19:57.694+0000] {logging_mixin.py:188} INFO - [2024-01-03T02:19:57.693+0000] {dagbag.py:538} INFO - Filling up the DagBag from /home/airflow/.local/lib/python3.8/site-packages/airflow/example_dags/example_params_trigger_ui.py
[2024-01-03T02:19:57.708+0000] {processor.py:840} INFO - DAG(s) 'example_params_trigger_ui' retrieved from /home/airflow/.local/lib/python3.8/site-packages/airflow/example_dags/example_params_trigger_ui.py
[2024-01-03T02:19:57.749+0000] {logging_mixin.py:188} INFO - [2024-01-03T02:19:57.749+0000] {dag.py:3033} INFO - Sync 1 DAGs
[2024-01-03T02:19:57.758+0000] {logging_mixin.py:188} INFO - [2024-01-03T02:19:57.758+0000] {dag.py:3820} INFO - Setting next_dagrun for example_params_trigger_ui to None, run_after=None
[2024-01-03T02:19:57.770+0000] {processor.py:183} INFO - Processing /home/airflow/.local/lib/python3.8/site-packages/airflow/example_dags/example_params_trigger_ui.py took 0.086 seconds
[2024-01-03T02:20:28.716+0000] {processor.py:161} INFO - Started process (PID=243) to work on /home/airflow/.local/lib/python3.8/site-packages/airflow/example_dags/example_params_trigger_ui.py
[2024-01-03T02:20:28.717+0000] {processor.py:830} INFO - Processing file /home/airflow/.local/lib/python3.8/site-packages/airflow/example_dags/example_params_trigger_ui.py for tasks to queue
[2024-01-03T02:20:28.718+0000] {logging_mixin.py:188} INFO - [2024-01-03T02:20:28.718+0000] {dagbag.py:538} INFO - Filling up the DagBag from /home/airflow/.local/lib/python3.8/site-packages/airflow/example_dags/example_params_trigger_ui.py
[2024-01-03T02:20:28.727+0000] {processor.py:840} INFO - DAG(s) 'example_params_trigger_ui' retrieved from /home/airflow/.local/lib/python3.8/site-packages/airflow/example_dags/example_params_trigger_ui.py
[2024-01-03T02:20:28.735+0000] {logging_mixin.py:188} INFO - [2024-01-03T02:20:28.735+0000] {dag.py:3033} INFO - Sync 1 DAGs
[2024-01-03T02:20:28.747+0000] {logging_mixin.py:188} INFO - [2024-01-03T02:20:28.747+0000] {dag.py:3820} INFO - Setting next_dagrun for example_params_trigger_ui to None, run_after=None
[2024-01-03T02:20:28.762+0000] {processor.py:183} INFO - Processing /home/airflow/.local/lib/python3.8/site-packages/airflow/example_dags/example_params_trigger_ui.py took 0.048 seconds
[2024-01-03T02:20:59.394+0000] {processor.py:161} INFO - Started process (PID=298) to work on /home/airflow/.local/lib/python3.8/site-packages/airflow/example_dags/example_params_trigger_ui.py
[2024-01-03T02:20:59.394+0000] {processor.py:830} INFO - Processing file /home/airflow/.local/lib/python3.8/site-packages/airflow/example_dags/example_params_trigger_ui.py for tasks to queue
[2024-01-03T02:20:59.396+0000] {logging_mixin.py:188} INFO - [2024-01-03T02:20:59.396+0000] {dagbag.py:538} INFO - Filling up the DagBag from /home/airflow/.local/lib/python3.8/site-packages/airflow/example_dags/example_params_trigger_ui.py
[2024-01-03T02:20:59.404+0000] {processor.py:840} INFO - DAG(s) 'example_params_trigger_ui' retrieved from /home/airflow/.local/lib/python3.8/site-packages/airflow/example_dags/example_params_trigger_ui.py
[2024-01-03T02:20:59.413+0000] {logging_mixin.py:188} INFO - [2024-01-03T02:20:59.413+0000] {dag.py:3033} INFO - Sync 1 DAGs
[2024-01-03T02:20:59.422+0000] {logging_mixin.py:188} INFO - [2024-01-03T02:20:59.422+0000] {dag.py:3820} INFO - Setting next_dagrun for example_params_trigger_ui to None, run_after=None
[2024-01-03T02:20:59.435+0000] {processor.py:183} INFO - Processing /home/airflow/.local/lib/python3.8/site-packages/airflow/example_dags/example_params_trigger_ui.py took 0.043 seconds
[2024-01-03T02:21:30.197+0000] {processor.py:161} INFO - Started process (PID=353) to work on /home/airflow/.local/lib/python3.8/site-packages/airflow/example_dags/example_params_trigger_ui.py
[2024-01-03T02:21:30.197+0000] {processor.py:830} INFO - Processing file /home/airflow/.local/lib/python3.8/site-packages/airflow/example_dags/example_params_trigger_ui.py for tasks to queue
[2024-01-03T02:21:30.199+0000] {logging_mixin.py:188} INFO - [2024-01-03T02:21:30.198+0000] {dagbag.py:538} INFO - Filling up the DagBag from /home/airflow/.local/lib/python3.8/site-packages/airflow/example_dags/example_params_trigger_ui.py
[2024-01-03T02:21:30.207+0000] {processor.py:840} INFO - DAG(s) 'example_params_trigger_ui' retrieved from /home/airflow/.local/lib/python3.8/site-packages/airflow/example_dags/example_params_trigger_ui.py
[2024-01-03T02:21:30.288+0000] {logging_mixin.py:188} INFO - [2024-01-03T02:21:30.288+0000] {dag.py:3033} INFO - Sync 1 DAGs
[2024-01-03T02:21:30.296+0000] {logging_mixin.py:188} INFO - [2024-01-03T02:21:30.296+0000] {dag.py:3820} INFO - Setting next_dagrun for example_params_trigger_ui to None, run_after=None
[2024-01-03T02:21:30.309+0000] {processor.py:183} INFO - Processing /home/airflow/.local/lib/python3.8/site-packages/airflow/example_dags/example_params_trigger_ui.py took 0.114 seconds
[2024-01-03T02:22:00.365+0000] {processor.py:161} INFO - Started process (PID=408) to work on /home/airflow/.local/lib/python3.8/site-packages/airflow/example_dags/example_params_trigger_ui.py
[2024-01-03T02:22:00.366+0000] {processor.py:830} INFO - Processing file /home/airflow/.local/lib/python3.8/site-packages/airflow/example_dags/example_params_trigger_ui.py for tasks to queue
[2024-01-03T02:22:00.368+0000] {logging_mixin.py:188} INFO - [2024-01-03T02:22:00.368+0000] {dagbag.py:538} INFO - Filling up the DagBag from /home/airflow/.local/lib/python3.8/site-packages/airflow/example_dags/example_params_trigger_ui.py
[2024-01-03T02:22:00.377+0000] {processor.py:840} INFO - DAG(s) 'example_params_trigger_ui' retrieved from /home/airflow/.local/lib/python3.8/site-packages/airflow/example_dags/example_params_trigger_ui.py
[2024-01-03T02:22:00.410+0000] {logging_mixin.py:188} INFO - [2024-01-03T02:22:00.410+0000] {dag.py:3033} INFO - Sync 1 DAGs
[2024-01-03T02:22:00.420+0000] {logging_mixin.py:188} INFO - [2024-01-03T02:22:00.420+0000] {dag.py:3820} INFO - Setting next_dagrun for example_params_trigger_ui to None, run_after=None
[2024-01-03T02:22:00.434+0000] {processor.py:183} INFO - Processing /home/airflow/.local/lib/python3.8/site-packages/airflow/example_dags/example_params_trigger_ui.py took 0.070 seconds
[2024-01-03T02:22:30.731+0000] {processor.py:161} INFO - Started process (PID=463) to work on /home/airflow/.local/lib/python3.8/site-packages/airflow/example_dags/example_params_trigger_ui.py
[2024-01-03T02:22:30.732+0000] {processor.py:830} INFO - Processing file /home/airflow/.local/lib/python3.8/site-packages/airflow/example_dags/example_params_trigger_ui.py for tasks to queue
[2024-01-03T02:22:30.734+0000] {logging_mixin.py:188} INFO - [2024-01-03T02:22:30.734+0000] {dagbag.py:538} INFO - Filling up the DagBag from /home/airflow/.local/lib/python3.8/site-packages/airflow/example_dags/example_params_trigger_ui.py
[2024-01-03T02:22:30.743+0000] {processor.py:840} INFO - DAG(s) 'example_params_trigger_ui' retrieved from /home/airflow/.local/lib/python3.8/site-packages/airflow/example_dags/example_params_trigger_ui.py
[2024-01-03T02:22:30.777+0000] {logging_mixin.py:188} INFO - [2024-01-03T02:22:30.777+0000] {dag.py:3033} INFO - Sync 1 DAGs
[2024-01-03T02:22:30.787+0000] {logging_mixin.py:188} INFO - [2024-01-03T02:22:30.787+0000] {dag.py:3820} INFO - Setting next_dagrun for example_params_trigger_ui to None, run_after=None
[2024-01-03T02:22:30.804+0000] {processor.py:183} INFO - Processing /home/airflow/.local/lib/python3.8/site-packages/airflow/example_dags/example_params_trigger_ui.py took 0.076 seconds
[2024-01-03T02:23:00.872+0000] {processor.py:161} INFO - Started process (PID=517) to work on /home/airflow/.local/lib/python3.8/site-packages/airflow/example_dags/example_params_trigger_ui.py
[2024-01-03T02:23:00.872+0000] {processor.py:830} INFO - Processing file /home/airflow/.local/lib/python3.8/site-packages/airflow/example_dags/example_params_trigger_ui.py for tasks to queue
[2024-01-03T02:23:00.874+0000] {logging_mixin.py:188} INFO - [2024-01-03T02:23:00.874+0000] {dagbag.py:538} INFO - Filling up the DagBag from /home/airflow/.local/lib/python3.8/site-packages/airflow/example_dags/example_params_trigger_ui.py
[2024-01-03T02:23:00.882+0000] {processor.py:840} INFO - DAG(s) 'example_params_trigger_ui' retrieved from /home/airflow/.local/lib/python3.8/site-packages/airflow/example_dags/example_params_trigger_ui.py
[2024-01-03T02:23:00.914+0000] {logging_mixin.py:188} INFO - [2024-01-03T02:23:00.914+0000] {dag.py:3033} INFO - Sync 1 DAGs
[2024-01-03T02:23:00.924+0000] {logging_mixin.py:188} INFO - [2024-01-03T02:23:00.924+0000] {dag.py:3820} INFO - Setting next_dagrun for example_params_trigger_ui to None, run_after=None
[2024-01-03T02:23:00.937+0000] {processor.py:183} INFO - Processing /home/airflow/.local/lib/python3.8/site-packages/airflow/example_dags/example_params_trigger_ui.py took 0.067 seconds
[2024-01-03T02:23:31.131+0000] {processor.py:161} INFO - Started process (PID=572) to work on /home/airflow/.local/lib/python3.8/site-packages/airflow/example_dags/example_params_trigger_ui.py
[2024-01-03T02:23:31.131+0000] {processor.py:830} INFO - Processing file /home/airflow/.local/lib/python3.8/site-packages/airflow/example_dags/example_params_trigger_ui.py for tasks to queue
[2024-01-03T02:23:31.133+0000] {logging_mixin.py:188} INFO - [2024-01-03T02:23:31.133+0000] {dagbag.py:538} INFO - Filling up the DagBag from /home/airflow/.local/lib/python3.8/site-packages/airflow/example_dags/example_params_trigger_ui.py
[2024-01-03T02:23:31.142+0000] {processor.py:840} INFO - DAG(s) 'example_params_trigger_ui' retrieved from /home/airflow/.local/lib/python3.8/site-packages/airflow/example_dags/example_params_trigger_ui.py
[2024-01-03T02:23:31.176+0000] {logging_mixin.py:188} INFO - [2024-01-03T02:23:31.176+0000] {dag.py:3033} INFO - Sync 1 DAGs
[2024-01-03T02:23:31.184+0000] {logging_mixin.py:188} INFO - [2024-01-03T02:23:31.184+0000] {dag.py:3820} INFO - Setting next_dagrun for example_params_trigger_ui to None, run_after=None
[2024-01-03T02:23:31.196+0000] {processor.py:183} INFO - Processing /home/airflow/.local/lib/python3.8/site-packages/airflow/example_dags/example_params_trigger_ui.py took 0.067 seconds
[2024-01-03T02:24:01.459+0000] {processor.py:161} INFO - Started process (PID=628) to work on /home/airflow/.local/lib/python3.8/site-packages/airflow/example_dags/example_params_trigger_ui.py
[2024-01-03T02:24:01.460+0000] {processor.py:830} INFO - Processing file /home/airflow/.local/lib/python3.8/site-packages/airflow/example_dags/example_params_trigger_ui.py for tasks to queue
[2024-01-03T02:24:01.461+0000] {logging_mixin.py:188} INFO - [2024-01-03T02:24:01.461+0000] {dagbag.py:538} INFO - Filling up the DagBag from /home/airflow/.local/lib/python3.8/site-packages/airflow/example_dags/example_params_trigger_ui.py
[2024-01-03T02:24:01.470+0000] {processor.py:840} INFO - DAG(s) 'example_params_trigger_ui' retrieved from /home/airflow/.local/lib/python3.8/site-packages/airflow/example_dags/example_params_trigger_ui.py
[2024-01-03T02:24:01.507+0000] {logging_mixin.py:188} INFO - [2024-01-03T02:24:01.507+0000] {dag.py:3033} INFO - Sync 1 DAGs
[2024-01-03T02:24:01.518+0000] {logging_mixin.py:188} INFO - [2024-01-03T02:24:01.517+0000] {dag.py:3820} INFO - Setting next_dagrun for example_params_trigger_ui to None, run_after=None
[2024-01-03T02:24:01.533+0000] {processor.py:183} INFO - Processing /home/airflow/.local/lib/python3.8/site-packages/airflow/example_dags/example_params_trigger_ui.py took 0.076 seconds
[2024-01-03T02:24:32.256+0000] {processor.py:161} INFO - Started process (PID=683) to work on /home/airflow/.local/lib/python3.8/site-packages/airflow/example_dags/example_params_trigger_ui.py
[2024-01-03T02:24:32.257+0000] {processor.py:830} INFO - Processing file /home/airflow/.local/lib/python3.8/site-packages/airflow/example_dags/example_params_trigger_ui.py for tasks to queue
[2024-01-03T02:24:32.258+0000] {logging_mixin.py:188} INFO - [2024-01-03T02:24:32.258+0000] {dagbag.py:538} INFO - Filling up the DagBag from /home/airflow/.local/lib/python3.8/site-packages/airflow/example_dags/example_params_trigger_ui.py
[2024-01-03T02:24:32.268+0000] {processor.py:840} INFO - DAG(s) 'example_params_trigger_ui' retrieved from /home/airflow/.local/lib/python3.8/site-packages/airflow/example_dags/example_params_trigger_ui.py
[2024-01-03T02:24:32.303+0000] {logging_mixin.py:188} INFO - [2024-01-03T02:24:32.303+0000] {dag.py:3033} INFO - Sync 1 DAGs
[2024-01-03T02:24:32.312+0000] {logging_mixin.py:188} INFO - [2024-01-03T02:24:32.312+0000] {dag.py:3820} INFO - Setting next_dagrun for example_params_trigger_ui to None, run_after=None
[2024-01-03T02:24:32.325+0000] {processor.py:183} INFO - Processing /home/airflow/.local/lib/python3.8/site-packages/airflow/example_dags/example_params_trigger_ui.py took 0.070 seconds
[2024-01-03T02:25:03.083+0000] {processor.py:161} INFO - Started process (PID=738) to work on /home/airflow/.local/lib/python3.8/site-packages/airflow/example_dags/example_params_trigger_ui.py
[2024-01-03T02:25:03.084+0000] {processor.py:830} INFO - Processing file /home/airflow/.local/lib/python3.8/site-packages/airflow/example_dags/example_params_trigger_ui.py for tasks to queue
[2024-01-03T02:25:03.086+0000] {logging_mixin.py:188} INFO - [2024-01-03T02:25:03.086+0000] {dagbag.py:538} INFO - Filling up the DagBag from /home/airflow/.local/lib/python3.8/site-packages/airflow/example_dags/example_params_trigger_ui.py
[2024-01-03T02:25:03.094+0000] {processor.py:840} INFO - DAG(s) 'example_params_trigger_ui' retrieved from /home/airflow/.local/lib/python3.8/site-packages/airflow/example_dags/example_params_trigger_ui.py
[2024-01-03T02:25:03.127+0000] {logging_mixin.py:188} INFO - [2024-01-03T02:25:03.127+0000] {dag.py:3033} INFO - Sync 1 DAGs
[2024-01-03T02:25:03.137+0000] {logging_mixin.py:188} INFO - [2024-01-03T02:25:03.137+0000] {dag.py:3820} INFO - Setting next_dagrun for example_params_trigger_ui to None, run_after=None
[2024-01-03T02:25:03.149+0000] {processor.py:183} INFO - Processing /home/airflow/.local/lib/python3.8/site-packages/airflow/example_dags/example_params_trigger_ui.py took 0.067 seconds
[2024-01-03T02:25:33.291+0000] {processor.py:161} INFO - Started process (PID=792) to work on /home/airflow/.local/lib/python3.8/site-packages/airflow/example_dags/example_params_trigger_ui.py
[2024-01-03T02:25:33.292+0000] {processor.py:830} INFO - Processing file /home/airflow/.local/lib/python3.8/site-packages/airflow/example_dags/example_params_trigger_ui.py for tasks to queue
[2024-01-03T02:25:33.293+0000] {logging_mixin.py:188} INFO - [2024-01-03T02:25:33.293+0000] {dagbag.py:538} INFO - Filling up the DagBag from /home/airflow/.local/lib/python3.8/site-packages/airflow/example_dags/example_params_trigger_ui.py
[2024-01-03T02:25:33.301+0000] {processor.py:840} INFO - DAG(s) 'example_params_trigger_ui' retrieved from /home/airflow/.local/lib/python3.8/site-packages/airflow/example_dags/example_params_trigger_ui.py
[2024-01-03T02:25:33.338+0000] {logging_mixin.py:188} INFO - [2024-01-03T02:25:33.338+0000] {dag.py:3033} INFO - Sync 1 DAGs
[2024-01-03T02:25:33.348+0000] {logging_mixin.py:188} INFO - [2024-01-03T02:25:33.347+0000] {dag.py:3820} INFO - Setting next_dagrun for example_params_trigger_ui to None, run_after=None
[2024-01-03T02:25:33.361+0000] {processor.py:183} INFO - Processing /home/airflow/.local/lib/python3.8/site-packages/airflow/example_dags/example_params_trigger_ui.py took 0.072 seconds
[2024-01-03T02:26:03.415+0000] {processor.py:161} INFO - Started process (PID=847) to work on /home/airflow/.local/lib/python3.8/site-packages/airflow/example_dags/example_params_trigger_ui.py
[2024-01-03T02:26:03.416+0000] {processor.py:830} INFO - Processing file /home/airflow/.local/lib/python3.8/site-packages/airflow/example_dags/example_params_trigger_ui.py for tasks to queue
[2024-01-03T02:26:03.417+0000] {logging_mixin.py:188} INFO - [2024-01-03T02:26:03.417+0000] {dagbag.py:538} INFO - Filling up the DagBag from /home/airflow/.local/lib/python3.8/site-packages/airflow/example_dags/example_params_trigger_ui.py
[2024-01-03T02:26:03.425+0000] {processor.py:840} INFO - DAG(s) 'example_params_trigger_ui' retrieved from /home/airflow/.local/lib/python3.8/site-packages/airflow/example_dags/example_params_trigger_ui.py
[2024-01-03T02:26:03.459+0000] {logging_mixin.py:188} INFO - [2024-01-03T02:26:03.459+0000] {dag.py:3033} INFO - Sync 1 DAGs
[2024-01-03T02:26:03.469+0000] {logging_mixin.py:188} INFO - [2024-01-03T02:26:03.468+0000] {dag.py:3820} INFO - Setting next_dagrun for example_params_trigger_ui to None, run_after=None
[2024-01-03T02:26:03.482+0000] {processor.py:183} INFO - Processing /home/airflow/.local/lib/python3.8/site-packages/airflow/example_dags/example_params_trigger_ui.py took 0.068 seconds
[2024-01-03T02:26:33.499+0000] {processor.py:161} INFO - Started process (PID=902) to work on /home/airflow/.local/lib/python3.8/site-packages/airflow/example_dags/example_params_trigger_ui.py
[2024-01-03T02:26:33.500+0000] {processor.py:830} INFO - Processing file /home/airflow/.local/lib/python3.8/site-packages/airflow/example_dags/example_params_trigger_ui.py for tasks to queue
[2024-01-03T02:26:33.501+0000] {logging_mixin.py:188} INFO - [2024-01-03T02:26:33.501+0000] {dagbag.py:538} INFO - Filling up the DagBag from /home/airflow/.local/lib/python3.8/site-packages/airflow/example_dags/example_params_trigger_ui.py
[2024-01-03T02:26:33.510+0000] {processor.py:840} INFO - DAG(s) 'example_params_trigger_ui' retrieved from /home/airflow/.local/lib/python3.8/site-packages/airflow/example_dags/example_params_trigger_ui.py
[2024-01-03T02:26:33.544+0000] {logging_mixin.py:188} INFO - [2024-01-03T02:26:33.544+0000] {dag.py:3033} INFO - Sync 1 DAGs
[2024-01-03T02:26:33.553+0000] {logging_mixin.py:188} INFO - [2024-01-03T02:26:33.553+0000] {dag.py:3820} INFO - Setting next_dagrun for example_params_trigger_ui to None, run_after=None
[2024-01-03T02:26:33.565+0000] {processor.py:183} INFO - Processing /home/airflow/.local/lib/python3.8/site-packages/airflow/example_dags/example_params_trigger_ui.py took 0.069 seconds
[2024-01-03T02:27:04.297+0000] {processor.py:161} INFO - Started process (PID=957) to work on /home/airflow/.local/lib/python3.8/site-packages/airflow/example_dags/example_params_trigger_ui.py
[2024-01-03T02:27:04.297+0000] {processor.py:830} INFO - Processing file /home/airflow/.local/lib/python3.8/site-packages/airflow/example_dags/example_params_trigger_ui.py for tasks to queue
[2024-01-03T02:27:04.299+0000] {logging_mixin.py:188} INFO - [2024-01-03T02:27:04.299+0000] {dagbag.py:538} INFO - Filling up the DagBag from /home/airflow/.local/lib/python3.8/site-packages/airflow/example_dags/example_params_trigger_ui.py
[2024-01-03T02:27:04.307+0000] {processor.py:840} INFO - DAG(s) 'example_params_trigger_ui' retrieved from /home/airflow/.local/lib/python3.8/site-packages/airflow/example_dags/example_params_trigger_ui.py
[2024-01-03T02:27:04.341+0000] {logging_mixin.py:188} INFO - [2024-01-03T02:27:04.341+0000] {dag.py:3033} INFO - Sync 1 DAGs
[2024-01-03T02:27:04.349+0000] {logging_mixin.py:188} INFO - [2024-01-03T02:27:04.349+0000] {dag.py:3820} INFO - Setting next_dagrun for example_params_trigger_ui to None, run_after=None
[2024-01-03T02:27:04.361+0000] {processor.py:183} INFO - Processing /home/airflow/.local/lib/python3.8/site-packages/airflow/example_dags/example_params_trigger_ui.py took 0.066 seconds
[2024-01-03T02:27:35.157+0000] {processor.py:161} INFO - Started process (PID=1012) to work on /home/airflow/.local/lib/python3.8/site-packages/airflow/example_dags/example_params_trigger_ui.py
[2024-01-03T02:27:35.157+0000] {processor.py:830} INFO - Processing file /home/airflow/.local/lib/python3.8/site-packages/airflow/example_dags/example_params_trigger_ui.py for tasks to queue
[2024-01-03T02:27:35.159+0000] {logging_mixin.py:188} INFO - [2024-01-03T02:27:35.158+0000] {dagbag.py:538} INFO - Filling up the DagBag from /home/airflow/.local/lib/python3.8/site-packages/airflow/example_dags/example_params_trigger_ui.py
[2024-01-03T02:27:35.167+0000] {processor.py:840} INFO - DAG(s) 'example_params_trigger_ui' retrieved from /home/airflow/.local/lib/python3.8/site-packages/airflow/example_dags/example_params_trigger_ui.py
[2024-01-03T02:27:35.201+0000] {logging_mixin.py:188} INFO - [2024-01-03T02:27:35.201+0000] {dag.py:3033} INFO - Sync 1 DAGs
[2024-01-03T02:27:35.210+0000] {logging_mixin.py:188} INFO - [2024-01-03T02:27:35.210+0000] {dag.py:3820} INFO - Setting next_dagrun for example_params_trigger_ui to None, run_after=None
[2024-01-03T02:27:35.222+0000] {processor.py:183} INFO - Processing /home/airflow/.local/lib/python3.8/site-packages/airflow/example_dags/example_params_trigger_ui.py took 0.067 seconds
[2024-01-03T02:28:05.934+0000] {processor.py:161} INFO - Started process (PID=1067) to work on /home/airflow/.local/lib/python3.8/site-packages/airflow/example_dags/example_params_trigger_ui.py
[2024-01-03T02:28:05.935+0000] {processor.py:830} INFO - Processing file /home/airflow/.local/lib/python3.8/site-packages/airflow/example_dags/example_params_trigger_ui.py for tasks to queue
[2024-01-03T02:28:05.936+0000] {logging_mixin.py:188} INFO - [2024-01-03T02:28:05.936+0000] {dagbag.py:538} INFO - Filling up the DagBag from /home/airflow/.local/lib/python3.8/site-packages/airflow/example_dags/example_params_trigger_ui.py
[2024-01-03T02:28:05.945+0000] {processor.py:840} INFO - DAG(s) 'example_params_trigger_ui' retrieved from /home/airflow/.local/lib/python3.8/site-packages/airflow/example_dags/example_params_trigger_ui.py
[2024-01-03T02:28:05.979+0000] {logging_mixin.py:188} INFO - [2024-01-03T02:28:05.979+0000] {dag.py:3033} INFO - Sync 1 DAGs
[2024-01-03T02:28:05.988+0000] {logging_mixin.py:188} INFO - [2024-01-03T02:28:05.988+0000] {dag.py:3820} INFO - Setting next_dagrun for example_params_trigger_ui to None, run_after=None
[2024-01-03T02:28:06.001+0000] {processor.py:183} INFO - Processing /home/airflow/.local/lib/python3.8/site-packages/airflow/example_dags/example_params_trigger_ui.py took 0.069 seconds
[2024-01-03T02:28:36.729+0000] {processor.py:161} INFO - Started process (PID=1122) to work on /home/airflow/.local/lib/python3.8/site-packages/airflow/example_dags/example_params_trigger_ui.py
[2024-01-03T02:28:36.730+0000] {processor.py:830} INFO - Processing file /home/airflow/.local/lib/python3.8/site-packages/airflow/example_dags/example_params_trigger_ui.py for tasks to queue
[2024-01-03T02:28:36.731+0000] {logging_mixin.py:188} INFO - [2024-01-03T02:28:36.731+0000] {dagbag.py:538} INFO - Filling up the DagBag from /home/airflow/.local/lib/python3.8/site-packages/airflow/example_dags/example_params_trigger_ui.py
[2024-01-03T02:28:36.740+0000] {processor.py:840} INFO - DAG(s) 'example_params_trigger_ui' retrieved from /home/airflow/.local/lib/python3.8/site-packages/airflow/example_dags/example_params_trigger_ui.py
[2024-01-03T02:28:36.774+0000] {logging_mixin.py:188} INFO - [2024-01-03T02:28:36.774+0000] {dag.py:3033} INFO - Sync 1 DAGs
[2024-01-03T02:28:36.783+0000] {logging_mixin.py:188} INFO - [2024-01-03T02:28:36.783+0000] {dag.py:3820} INFO - Setting next_dagrun for example_params_trigger_ui to None, run_after=None
[2024-01-03T02:28:36.795+0000] {processor.py:183} INFO - Processing /home/airflow/.local/lib/python3.8/site-packages/airflow/example_dags/example_params_trigger_ui.py took 0.068 seconds
[2024-01-03T02:29:07.551+0000] {processor.py:161} INFO - Started process (PID=1177) to work on /home/airflow/.local/lib/python3.8/site-packages/airflow/example_dags/example_params_trigger_ui.py
[2024-01-03T02:29:07.552+0000] {processor.py:830} INFO - Processing file /home/airflow/.local/lib/python3.8/site-packages/airflow/example_dags/example_params_trigger_ui.py for tasks to queue
[2024-01-03T02:29:07.553+0000] {logging_mixin.py:188} INFO - [2024-01-03T02:29:07.553+0000] {dagbag.py:538} INFO - Filling up the DagBag from /home/airflow/.local/lib/python3.8/site-packages/airflow/example_dags/example_params_trigger_ui.py
[2024-01-03T02:29:07.561+0000] {processor.py:840} INFO - DAG(s) 'example_params_trigger_ui' retrieved from /home/airflow/.local/lib/python3.8/site-packages/airflow/example_dags/example_params_trigger_ui.py
[2024-01-03T02:29:07.595+0000] {logging_mixin.py:188} INFO - [2024-01-03T02:29:07.595+0000] {dag.py:3033} INFO - Sync 1 DAGs
[2024-01-03T02:29:07.604+0000] {logging_mixin.py:188} INFO - [2024-01-03T02:29:07.603+0000] {dag.py:3820} INFO - Setting next_dagrun for example_params_trigger_ui to None, run_after=None
[2024-01-03T02:29:07.616+0000] {processor.py:183} INFO - Processing /home/airflow/.local/lib/python3.8/site-packages/airflow/example_dags/example_params_trigger_ui.py took 0.067 seconds
[2024-01-03T02:29:38.340+0000] {processor.py:161} INFO - Started process (PID=1232) to work on /home/airflow/.local/lib/python3.8/site-packages/airflow/example_dags/example_params_trigger_ui.py
[2024-01-03T02:29:38.341+0000] {processor.py:830} INFO - Processing file /home/airflow/.local/lib/python3.8/site-packages/airflow/example_dags/example_params_trigger_ui.py for tasks to queue
[2024-01-03T02:29:38.342+0000] {logging_mixin.py:188} INFO - [2024-01-03T02:29:38.342+0000] {dagbag.py:538} INFO - Filling up the DagBag from /home/airflow/.local/lib/python3.8/site-packages/airflow/example_dags/example_params_trigger_ui.py
[2024-01-03T02:29:38.352+0000] {processor.py:840} INFO - DAG(s) 'example_params_trigger_ui' retrieved from /home/airflow/.local/lib/python3.8/site-packages/airflow/example_dags/example_params_trigger_ui.py
[2024-01-03T02:29:38.398+0000] {logging_mixin.py:188} INFO - [2024-01-03T02:29:38.398+0000] {dag.py:3033} INFO - Sync 1 DAGs
[2024-01-03T02:29:38.409+0000] {logging_mixin.py:188} INFO - [2024-01-03T02:29:38.408+0000] {dag.py:3820} INFO - Setting next_dagrun for example_params_trigger_ui to None, run_after=None
[2024-01-03T02:29:38.423+0000] {processor.py:183} INFO - Processing /home/airflow/.local/lib/python3.8/site-packages/airflow/example_dags/example_params_trigger_ui.py took 0.085 seconds
[2024-01-03T02:30:08.505+0000] {processor.py:161} INFO - Started process (PID=1288) to work on /home/airflow/.local/lib/python3.8/site-packages/airflow/example_dags/example_params_trigger_ui.py
[2024-01-03T02:30:08.505+0000] {processor.py:830} INFO - Processing file /home/airflow/.local/lib/python3.8/site-packages/airflow/example_dags/example_params_trigger_ui.py for tasks to queue
[2024-01-03T02:30:08.507+0000] {logging_mixin.py:188} INFO - [2024-01-03T02:30:08.507+0000] {dagbag.py:538} INFO - Filling up the DagBag from /home/airflow/.local/lib/python3.8/site-packages/airflow/example_dags/example_params_trigger_ui.py
[2024-01-03T02:30:08.515+0000] {processor.py:840} INFO - DAG(s) 'example_params_trigger_ui' retrieved from /home/airflow/.local/lib/python3.8/site-packages/airflow/example_dags/example_params_trigger_ui.py
[2024-01-03T02:30:08.548+0000] {logging_mixin.py:188} INFO - [2024-01-03T02:30:08.548+0000] {dag.py:3033} INFO - Sync 1 DAGs
[2024-01-03T02:30:08.557+0000] {logging_mixin.py:188} INFO - [2024-01-03T02:30:08.557+0000] {dag.py:3820} INFO - Setting next_dagrun for example_params_trigger_ui to None, run_after=None
[2024-01-03T02:30:08.570+0000] {processor.py:183} INFO - Processing /home/airflow/.local/lib/python3.8/site-packages/airflow/example_dags/example_params_trigger_ui.py took 0.067 seconds
[2024-01-03T02:30:39.447+0000] {processor.py:161} INFO - Started process (PID=1342) to work on /home/airflow/.local/lib/python3.8/site-packages/airflow/example_dags/example_params_trigger_ui.py
[2024-01-03T02:30:39.448+0000] {processor.py:830} INFO - Processing file /home/airflow/.local/lib/python3.8/site-packages/airflow/example_dags/example_params_trigger_ui.py for tasks to queue
[2024-01-03T02:30:39.450+0000] {logging_mixin.py:188} INFO - [2024-01-03T02:30:39.450+0000] {dagbag.py:538} INFO - Filling up the DagBag from /home/airflow/.local/lib/python3.8/site-packages/airflow/example_dags/example_params_trigger_ui.py
[2024-01-03T02:30:39.460+0000] {processor.py:840} INFO - DAG(s) 'example_params_trigger_ui' retrieved from /home/airflow/.local/lib/python3.8/site-packages/airflow/example_dags/example_params_trigger_ui.py
[2024-01-03T02:30:39.499+0000] {logging_mixin.py:188} INFO - [2024-01-03T02:30:39.499+0000] {dag.py:3033} INFO - Sync 1 DAGs
[2024-01-03T02:30:39.509+0000] {logging_mixin.py:188} INFO - [2024-01-03T02:30:39.509+0000] {dag.py:3820} INFO - Setting next_dagrun for example_params_trigger_ui to None, run_after=None
[2024-01-03T02:30:39.523+0000] {processor.py:183} INFO - Processing /home/airflow/.local/lib/python3.8/site-packages/airflow/example_dags/example_params_trigger_ui.py took 0.078 seconds
[2024-01-03T02:31:09.873+0000] {processor.py:161} INFO - Started process (PID=1397) to work on /home/airflow/.local/lib/python3.8/site-packages/airflow/example_dags/example_params_trigger_ui.py
[2024-01-03T02:31:09.874+0000] {processor.py:830} INFO - Processing file /home/airflow/.local/lib/python3.8/site-packages/airflow/example_dags/example_params_trigger_ui.py for tasks to queue
[2024-01-03T02:31:09.875+0000] {logging_mixin.py:188} INFO - [2024-01-03T02:31:09.875+0000] {dagbag.py:538} INFO - Filling up the DagBag from /home/airflow/.local/lib/python3.8/site-packages/airflow/example_dags/example_params_trigger_ui.py
[2024-01-03T02:31:09.884+0000] {processor.py:840} INFO - DAG(s) 'example_params_trigger_ui' retrieved from /home/airflow/.local/lib/python3.8/site-packages/airflow/example_dags/example_params_trigger_ui.py
[2024-01-03T02:31:09.920+0000] {logging_mixin.py:188} INFO - [2024-01-03T02:31:09.920+0000] {dag.py:3033} INFO - Sync 1 DAGs
[2024-01-03T02:31:09.930+0000] {logging_mixin.py:188} INFO - [2024-01-03T02:31:09.930+0000] {dag.py:3820} INFO - Setting next_dagrun for example_params_trigger_ui to None, run_after=None
[2024-01-03T02:31:09.943+0000] {processor.py:183} INFO - Processing /home/airflow/.local/lib/python3.8/site-packages/airflow/example_dags/example_params_trigger_ui.py took 0.072 seconds
[2024-01-03T02:31:39.974+0000] {processor.py:161} INFO - Started process (PID=1452) to work on /home/airflow/.local/lib/python3.8/site-packages/airflow/example_dags/example_params_trigger_ui.py
[2024-01-03T02:31:39.975+0000] {processor.py:830} INFO - Processing file /home/airflow/.local/lib/python3.8/site-packages/airflow/example_dags/example_params_trigger_ui.py for tasks to queue
[2024-01-03T02:31:39.977+0000] {logging_mixin.py:188} INFO - [2024-01-03T02:31:39.977+0000] {dagbag.py:538} INFO - Filling up the DagBag from /home/airflow/.local/lib/python3.8/site-packages/airflow/example_dags/example_params_trigger_ui.py
[2024-01-03T02:31:39.986+0000] {processor.py:840} INFO - DAG(s) 'example_params_trigger_ui' retrieved from /home/airflow/.local/lib/python3.8/site-packages/airflow/example_dags/example_params_trigger_ui.py
[2024-01-03T02:31:40.022+0000] {logging_mixin.py:188} INFO - [2024-01-03T02:31:40.022+0000] {dag.py:3033} INFO - Sync 1 DAGs
[2024-01-03T02:31:40.030+0000] {logging_mixin.py:188} INFO - [2024-01-03T02:31:40.030+0000] {dag.py:3820} INFO - Setting next_dagrun for example_params_trigger_ui to None, run_after=None
[2024-01-03T02:31:40.043+0000] {processor.py:183} INFO - Processing /home/airflow/.local/lib/python3.8/site-packages/airflow/example_dags/example_params_trigger_ui.py took 0.071 seconds
[2024-01-03T02:32:10.107+0000] {processor.py:161} INFO - Started process (PID=1507) to work on /home/airflow/.local/lib/python3.8/site-packages/airflow/example_dags/example_params_trigger_ui.py
[2024-01-03T02:32:10.108+0000] {processor.py:830} INFO - Processing file /home/airflow/.local/lib/python3.8/site-packages/airflow/example_dags/example_params_trigger_ui.py for tasks to queue
[2024-01-03T02:32:10.110+0000] {logging_mixin.py:188} INFO - [2024-01-03T02:32:10.110+0000] {dagbag.py:538} INFO - Filling up the DagBag from /home/airflow/.local/lib/python3.8/site-packages/airflow/example_dags/example_params_trigger_ui.py
[2024-01-03T02:32:10.118+0000] {processor.py:840} INFO - DAG(s) 'example_params_trigger_ui' retrieved from /home/airflow/.local/lib/python3.8/site-packages/airflow/example_dags/example_params_trigger_ui.py
[2024-01-03T02:32:10.151+0000] {logging_mixin.py:188} INFO - [2024-01-03T02:32:10.151+0000] {dag.py:3033} INFO - Sync 1 DAGs
[2024-01-03T02:32:10.160+0000] {logging_mixin.py:188} INFO - [2024-01-03T02:32:10.159+0000] {dag.py:3820} INFO - Setting next_dagrun for example_params_trigger_ui to None, run_after=None
[2024-01-03T02:32:10.172+0000] {processor.py:183} INFO - Processing /home/airflow/.local/lib/python3.8/site-packages/airflow/example_dags/example_params_trigger_ui.py took 0.066 seconds
[2024-01-03T02:32:40.198+0000] {processor.py:161} INFO - Started process (PID=1562) to work on /home/airflow/.local/lib/python3.8/site-packages/airflow/example_dags/example_params_trigger_ui.py
[2024-01-03T02:32:40.199+0000] {processor.py:830} INFO - Processing file /home/airflow/.local/lib/python3.8/site-packages/airflow/example_dags/example_params_trigger_ui.py for tasks to queue
[2024-01-03T02:32:40.201+0000] {logging_mixin.py:188} INFO - [2024-01-03T02:32:40.200+0000] {dagbag.py:538} INFO - Filling up the DagBag from /home/airflow/.local/lib/python3.8/site-packages/airflow/example_dags/example_params_trigger_ui.py
[2024-01-03T02:32:40.209+0000] {processor.py:840} INFO - DAG(s) 'example_params_trigger_ui' retrieved from /home/airflow/.local/lib/python3.8/site-packages/airflow/example_dags/example_params_trigger_ui.py
[2024-01-03T02:32:40.245+0000] {logging_mixin.py:188} INFO - [2024-01-03T02:32:40.245+0000] {dag.py:3033} INFO - Sync 1 DAGs
[2024-01-03T02:32:40.254+0000] {logging_mixin.py:188} INFO - [2024-01-03T02:32:40.254+0000] {dag.py:3820} INFO - Setting next_dagrun for example_params_trigger_ui to None, run_after=None
[2024-01-03T02:32:40.267+0000] {processor.py:183} INFO - Processing /home/airflow/.local/lib/python3.8/site-packages/airflow/example_dags/example_params_trigger_ui.py took 0.071 seconds
[2024-01-03T02:33:10.369+0000] {processor.py:161} INFO - Started process (PID=1617) to work on /home/airflow/.local/lib/python3.8/site-packages/airflow/example_dags/example_params_trigger_ui.py
[2024-01-03T02:33:10.370+0000] {processor.py:830} INFO - Processing file /home/airflow/.local/lib/python3.8/site-packages/airflow/example_dags/example_params_trigger_ui.py for tasks to queue
[2024-01-03T02:33:10.371+0000] {logging_mixin.py:188} INFO - [2024-01-03T02:33:10.371+0000] {dagbag.py:538} INFO - Filling up the DagBag from /home/airflow/.local/lib/python3.8/site-packages/airflow/example_dags/example_params_trigger_ui.py
[2024-01-03T02:33:10.380+0000] {processor.py:840} INFO - DAG(s) 'example_params_trigger_ui' retrieved from /home/airflow/.local/lib/python3.8/site-packages/airflow/example_dags/example_params_trigger_ui.py
[2024-01-03T02:33:10.415+0000] {logging_mixin.py:188} INFO - [2024-01-03T02:33:10.415+0000] {dag.py:3033} INFO - Sync 1 DAGs
[2024-01-03T02:33:10.425+0000] {logging_mixin.py:188} INFO - [2024-01-03T02:33:10.425+0000] {dag.py:3820} INFO - Setting next_dagrun for example_params_trigger_ui to None, run_after=None
[2024-01-03T02:33:10.438+0000] {processor.py:183} INFO - Processing /home/airflow/.local/lib/python3.8/site-packages/airflow/example_dags/example_params_trigger_ui.py took 0.071 seconds
[2024-01-03T02:33:40.533+0000] {processor.py:161} INFO - Started process (PID=1672) to work on /home/airflow/.local/lib/python3.8/site-packages/airflow/example_dags/example_params_trigger_ui.py
[2024-01-03T02:33:40.534+0000] {processor.py:830} INFO - Processing file /home/airflow/.local/lib/python3.8/site-packages/airflow/example_dags/example_params_trigger_ui.py for tasks to queue
[2024-01-03T02:33:40.536+0000] {logging_mixin.py:188} INFO - [2024-01-03T02:33:40.535+0000] {dagbag.py:538} INFO - Filling up the DagBag from /home/airflow/.local/lib/python3.8/site-packages/airflow/example_dags/example_params_trigger_ui.py
[2024-01-03T02:33:40.544+0000] {processor.py:840} INFO - DAG(s) 'example_params_trigger_ui' retrieved from /home/airflow/.local/lib/python3.8/site-packages/airflow/example_dags/example_params_trigger_ui.py
[2024-01-03T02:33:40.579+0000] {logging_mixin.py:188} INFO - [2024-01-03T02:33:40.579+0000] {dag.py:3033} INFO - Sync 1 DAGs
[2024-01-03T02:33:40.588+0000] {logging_mixin.py:188} INFO - [2024-01-03T02:33:40.588+0000] {dag.py:3820} INFO - Setting next_dagrun for example_params_trigger_ui to None, run_after=None
[2024-01-03T02:33:40.601+0000] {processor.py:183} INFO - Processing /home/airflow/.local/lib/python3.8/site-packages/airflow/example_dags/example_params_trigger_ui.py took 0.070 seconds
[2024-01-03T02:34:11.431+0000] {processor.py:161} INFO - Started process (PID=1727) to work on /home/airflow/.local/lib/python3.8/site-packages/airflow/example_dags/example_params_trigger_ui.py
[2024-01-03T02:34:11.432+0000] {processor.py:830} INFO - Processing file /home/airflow/.local/lib/python3.8/site-packages/airflow/example_dags/example_params_trigger_ui.py for tasks to queue
[2024-01-03T02:34:11.434+0000] {logging_mixin.py:188} INFO - [2024-01-03T02:34:11.433+0000] {dagbag.py:538} INFO - Filling up the DagBag from /home/airflow/.local/lib/python3.8/site-packages/airflow/example_dags/example_params_trigger_ui.py
[2024-01-03T02:34:11.442+0000] {processor.py:840} INFO - DAG(s) 'example_params_trigger_ui' retrieved from /home/airflow/.local/lib/python3.8/site-packages/airflow/example_dags/example_params_trigger_ui.py
[2024-01-03T02:34:11.485+0000] {logging_mixin.py:188} INFO - [2024-01-03T02:34:11.485+0000] {dag.py:3033} INFO - Sync 1 DAGs
[2024-01-03T02:34:11.494+0000] {logging_mixin.py:188} INFO - [2024-01-03T02:34:11.493+0000] {dag.py:3820} INFO - Setting next_dagrun for example_params_trigger_ui to None, run_after=None
[2024-01-03T02:34:11.506+0000] {processor.py:183} INFO - Processing /home/airflow/.local/lib/python3.8/site-packages/airflow/example_dags/example_params_trigger_ui.py took 0.077 seconds
[2024-01-03T02:34:42.109+0000] {processor.py:161} INFO - Started process (PID=1783) to work on /home/airflow/.local/lib/python3.8/site-packages/airflow/example_dags/example_params_trigger_ui.py
[2024-01-03T02:34:42.110+0000] {processor.py:830} INFO - Processing file /home/airflow/.local/lib/python3.8/site-packages/airflow/example_dags/example_params_trigger_ui.py for tasks to queue
[2024-01-03T02:34:42.111+0000] {logging_mixin.py:188} INFO - [2024-01-03T02:34:42.111+0000] {dagbag.py:538} INFO - Filling up the DagBag from /home/airflow/.local/lib/python3.8/site-packages/airflow/example_dags/example_params_trigger_ui.py
[2024-01-03T02:34:42.119+0000] {processor.py:840} INFO - DAG(s) 'example_params_trigger_ui' retrieved from /home/airflow/.local/lib/python3.8/site-packages/airflow/example_dags/example_params_trigger_ui.py
[2024-01-03T02:34:42.155+0000] {logging_mixin.py:188} INFO - [2024-01-03T02:34:42.155+0000] {dag.py:3033} INFO - Sync 1 DAGs
[2024-01-03T02:34:42.164+0000] {logging_mixin.py:188} INFO - [2024-01-03T02:34:42.164+0000] {dag.py:3820} INFO - Setting next_dagrun for example_params_trigger_ui to None, run_after=None
[2024-01-03T02:34:42.177+0000] {processor.py:183} INFO - Processing /home/airflow/.local/lib/python3.8/site-packages/airflow/example_dags/example_params_trigger_ui.py took 0.070 seconds
[2024-01-03T02:35:12.949+0000] {processor.py:161} INFO - Started process (PID=1838) to work on /home/airflow/.local/lib/python3.8/site-packages/airflow/example_dags/example_params_trigger_ui.py
[2024-01-03T02:35:12.950+0000] {processor.py:830} INFO - Processing file /home/airflow/.local/lib/python3.8/site-packages/airflow/example_dags/example_params_trigger_ui.py for tasks to queue
[2024-01-03T02:35:12.951+0000] {logging_mixin.py:188} INFO - [2024-01-03T02:35:12.951+0000] {dagbag.py:538} INFO - Filling up the DagBag from /home/airflow/.local/lib/python3.8/site-packages/airflow/example_dags/example_params_trigger_ui.py
[2024-01-03T02:35:12.959+0000] {processor.py:840} INFO - DAG(s) 'example_params_trigger_ui' retrieved from /home/airflow/.local/lib/python3.8/site-packages/airflow/example_dags/example_params_trigger_ui.py
[2024-01-03T02:35:12.995+0000] {logging_mixin.py:188} INFO - [2024-01-03T02:35:12.994+0000] {dag.py:3033} INFO - Sync 1 DAGs
[2024-01-03T02:35:13.004+0000] {logging_mixin.py:188} INFO - [2024-01-03T02:35:13.004+0000] {dag.py:3820} INFO - Setting next_dagrun for example_params_trigger_ui to None, run_after=None
[2024-01-03T02:35:13.016+0000] {processor.py:183} INFO - Processing /home/airflow/.local/lib/python3.8/site-packages/airflow/example_dags/example_params_trigger_ui.py took 0.068 seconds
[2024-01-03T02:35:43.839+0000] {processor.py:161} INFO - Started process (PID=1893) to work on /home/airflow/.local/lib/python3.8/site-packages/airflow/example_dags/example_params_trigger_ui.py
[2024-01-03T02:35:43.840+0000] {processor.py:830} INFO - Processing file /home/airflow/.local/lib/python3.8/site-packages/airflow/example_dags/example_params_trigger_ui.py for tasks to queue
[2024-01-03T02:35:43.841+0000] {logging_mixin.py:188} INFO - [2024-01-03T02:35:43.841+0000] {dagbag.py:538} INFO - Filling up the DagBag from /home/airflow/.local/lib/python3.8/site-packages/airflow/example_dags/example_params_trigger_ui.py
[2024-01-03T02:35:43.849+0000] {processor.py:840} INFO - DAG(s) 'example_params_trigger_ui' retrieved from /home/airflow/.local/lib/python3.8/site-packages/airflow/example_dags/example_params_trigger_ui.py
[2024-01-03T02:35:43.886+0000] {logging_mixin.py:188} INFO - [2024-01-03T02:35:43.886+0000] {dag.py:3033} INFO - Sync 1 DAGs
[2024-01-03T02:35:43.895+0000] {logging_mixin.py:188} INFO - [2024-01-03T02:35:43.895+0000] {dag.py:3820} INFO - Setting next_dagrun for example_params_trigger_ui to None, run_after=None
[2024-01-03T02:35:43.907+0000] {processor.py:183} INFO - Processing /home/airflow/.local/lib/python3.8/site-packages/airflow/example_dags/example_params_trigger_ui.py took 0.070 seconds
[2024-01-03T02:36:14.682+0000] {processor.py:161} INFO - Started process (PID=1948) to work on /home/airflow/.local/lib/python3.8/site-packages/airflow/example_dags/example_params_trigger_ui.py
[2024-01-03T02:36:14.683+0000] {processor.py:830} INFO - Processing file /home/airflow/.local/lib/python3.8/site-packages/airflow/example_dags/example_params_trigger_ui.py for tasks to queue
[2024-01-03T02:36:14.684+0000] {logging_mixin.py:188} INFO - [2024-01-03T02:36:14.684+0000] {dagbag.py:538} INFO - Filling up the DagBag from /home/airflow/.local/lib/python3.8/site-packages/airflow/example_dags/example_params_trigger_ui.py
[2024-01-03T02:36:14.693+0000] {processor.py:840} INFO - DAG(s) 'example_params_trigger_ui' retrieved from /home/airflow/.local/lib/python3.8/site-packages/airflow/example_dags/example_params_trigger_ui.py
[2024-01-03T02:36:14.729+0000] {logging_mixin.py:188} INFO - [2024-01-03T02:36:14.728+0000] {dag.py:3033} INFO - Sync 1 DAGs
[2024-01-03T02:36:14.739+0000] {logging_mixin.py:188} INFO - [2024-01-03T02:36:14.738+0000] {dag.py:3820} INFO - Setting next_dagrun for example_params_trigger_ui to None, run_after=None
[2024-01-03T02:36:14.753+0000] {processor.py:183} INFO - Processing /home/airflow/.local/lib/python3.8/site-packages/airflow/example_dags/example_params_trigger_ui.py took 0.073 seconds
[2024-01-03T02:36:44.857+0000] {processor.py:161} INFO - Started process (PID=2003) to work on /home/airflow/.local/lib/python3.8/site-packages/airflow/example_dags/example_params_trigger_ui.py
[2024-01-03T02:36:44.858+0000] {processor.py:830} INFO - Processing file /home/airflow/.local/lib/python3.8/site-packages/airflow/example_dags/example_params_trigger_ui.py for tasks to queue
[2024-01-03T02:36:44.859+0000] {logging_mixin.py:188} INFO - [2024-01-03T02:36:44.859+0000] {dagbag.py:538} INFO - Filling up the DagBag from /home/airflow/.local/lib/python3.8/site-packages/airflow/example_dags/example_params_trigger_ui.py
[2024-01-03T02:36:44.867+0000] {processor.py:840} INFO - DAG(s) 'example_params_trigger_ui' retrieved from /home/airflow/.local/lib/python3.8/site-packages/airflow/example_dags/example_params_trigger_ui.py
[2024-01-03T02:36:44.902+0000] {logging_mixin.py:188} INFO - [2024-01-03T02:36:44.902+0000] {dag.py:3033} INFO - Sync 1 DAGs
[2024-01-03T02:36:44.911+0000] {logging_mixin.py:188} INFO - [2024-01-03T02:36:44.910+0000] {dag.py:3820} INFO - Setting next_dagrun for example_params_trigger_ui to None, run_after=None
[2024-01-03T02:36:44.922+0000] {processor.py:183} INFO - Processing /home/airflow/.local/lib/python3.8/site-packages/airflow/example_dags/example_params_trigger_ui.py took 0.067 seconds
[2024-01-03T02:41:33.504+0000] {processor.py:161} INFO - Started process (PID=2065) to work on /home/airflow/.local/lib/python3.8/site-packages/airflow/example_dags/example_params_trigger_ui.py
[2024-01-03T02:41:33.506+0000] {processor.py:830} INFO - Processing file /home/airflow/.local/lib/python3.8/site-packages/airflow/example_dags/example_params_trigger_ui.py for tasks to queue
[2024-01-03T02:41:33.508+0000] {logging_mixin.py:188} INFO - [2024-01-03T02:41:33.508+0000] {dagbag.py:538} INFO - Filling up the DagBag from /home/airflow/.local/lib/python3.8/site-packages/airflow/example_dags/example_params_trigger_ui.py
[2024-01-03T02:41:33.518+0000] {processor.py:840} INFO - DAG(s) 'example_params_trigger_ui' retrieved from /home/airflow/.local/lib/python3.8/site-packages/airflow/example_dags/example_params_trigger_ui.py
[2024-01-03T02:41:33.561+0000] {logging_mixin.py:188} INFO - [2024-01-03T02:41:33.561+0000] {dag.py:3033} INFO - Sync 1 DAGs
[2024-01-03T02:41:33.574+0000] {logging_mixin.py:188} INFO - [2024-01-03T02:41:33.574+0000] {dag.py:3820} INFO - Setting next_dagrun for example_params_trigger_ui to None, run_after=None
[2024-01-03T02:41:33.593+0000] {processor.py:183} INFO - Processing /home/airflow/.local/lib/python3.8/site-packages/airflow/example_dags/example_params_trigger_ui.py took 0.091 seconds
[2024-01-03T02:42:04.082+0000] {processor.py:161} INFO - Started process (PID=2119) to work on /home/airflow/.local/lib/python3.8/site-packages/airflow/example_dags/example_params_trigger_ui.py
[2024-01-03T02:42:04.083+0000] {processor.py:830} INFO - Processing file /home/airflow/.local/lib/python3.8/site-packages/airflow/example_dags/example_params_trigger_ui.py for tasks to queue
[2024-01-03T02:42:04.085+0000] {logging_mixin.py:188} INFO - [2024-01-03T02:42:04.085+0000] {dagbag.py:538} INFO - Filling up the DagBag from /home/airflow/.local/lib/python3.8/site-packages/airflow/example_dags/example_params_trigger_ui.py
[2024-01-03T02:42:04.097+0000] {processor.py:840} INFO - DAG(s) 'example_params_trigger_ui' retrieved from /home/airflow/.local/lib/python3.8/site-packages/airflow/example_dags/example_params_trigger_ui.py
[2024-01-03T02:42:04.145+0000] {logging_mixin.py:188} INFO - [2024-01-03T02:42:04.145+0000] {dag.py:3033} INFO - Sync 1 DAGs
[2024-01-03T02:42:04.157+0000] {logging_mixin.py:188} INFO - [2024-01-03T02:42:04.157+0000] {dag.py:3820} INFO - Setting next_dagrun for example_params_trigger_ui to None, run_after=None
[2024-01-03T02:42:04.175+0000] {processor.py:183} INFO - Processing /home/airflow/.local/lib/python3.8/site-packages/airflow/example_dags/example_params_trigger_ui.py took 0.095 seconds
[2024-01-03T02:42:34.239+0000] {processor.py:161} INFO - Started process (PID=2174) to work on /home/airflow/.local/lib/python3.8/site-packages/airflow/example_dags/example_params_trigger_ui.py
[2024-01-03T02:42:34.240+0000] {processor.py:830} INFO - Processing file /home/airflow/.local/lib/python3.8/site-packages/airflow/example_dags/example_params_trigger_ui.py for tasks to queue
[2024-01-03T02:42:34.242+0000] {logging_mixin.py:188} INFO - [2024-01-03T02:42:34.241+0000] {dagbag.py:538} INFO - Filling up the DagBag from /home/airflow/.local/lib/python3.8/site-packages/airflow/example_dags/example_params_trigger_ui.py
[2024-01-03T02:42:34.250+0000] {processor.py:840} INFO - DAG(s) 'example_params_trigger_ui' retrieved from /home/airflow/.local/lib/python3.8/site-packages/airflow/example_dags/example_params_trigger_ui.py
[2024-01-03T02:42:34.285+0000] {logging_mixin.py:188} INFO - [2024-01-03T02:42:34.284+0000] {dag.py:3033} INFO - Sync 1 DAGs
[2024-01-03T02:42:34.295+0000] {logging_mixin.py:188} INFO - [2024-01-03T02:42:34.295+0000] {dag.py:3820} INFO - Setting next_dagrun for example_params_trigger_ui to None, run_after=None
[2024-01-03T02:42:34.310+0000] {processor.py:183} INFO - Processing /home/airflow/.local/lib/python3.8/site-packages/airflow/example_dags/example_params_trigger_ui.py took 0.073 seconds
[2024-01-03T02:43:04.472+0000] {processor.py:161} INFO - Started process (PID=2229) to work on /home/airflow/.local/lib/python3.8/site-packages/airflow/example_dags/example_params_trigger_ui.py
[2024-01-03T02:43:04.472+0000] {processor.py:830} INFO - Processing file /home/airflow/.local/lib/python3.8/site-packages/airflow/example_dags/example_params_trigger_ui.py for tasks to queue
[2024-01-03T02:43:04.474+0000] {logging_mixin.py:188} INFO - [2024-01-03T02:43:04.473+0000] {dagbag.py:538} INFO - Filling up the DagBag from /home/airflow/.local/lib/python3.8/site-packages/airflow/example_dags/example_params_trigger_ui.py
[2024-01-03T02:43:04.482+0000] {processor.py:840} INFO - DAG(s) 'example_params_trigger_ui' retrieved from /home/airflow/.local/lib/python3.8/site-packages/airflow/example_dags/example_params_trigger_ui.py
[2024-01-03T02:43:04.520+0000] {logging_mixin.py:188} INFO - [2024-01-03T02:43:04.520+0000] {dag.py:3033} INFO - Sync 1 DAGs
[2024-01-03T02:43:04.530+0000] {logging_mixin.py:188} INFO - [2024-01-03T02:43:04.530+0000] {dag.py:3820} INFO - Setting next_dagrun for example_params_trigger_ui to None, run_after=None
[2024-01-03T02:43:04.544+0000] {processor.py:183} INFO - Processing /home/airflow/.local/lib/python3.8/site-packages/airflow/example_dags/example_params_trigger_ui.py took 0.075 seconds
[2024-01-03T02:43:35.509+0000] {processor.py:161} INFO - Started process (PID=2284) to work on /home/airflow/.local/lib/python3.8/site-packages/airflow/example_dags/example_params_trigger_ui.py
[2024-01-03T02:43:35.510+0000] {processor.py:830} INFO - Processing file /home/airflow/.local/lib/python3.8/site-packages/airflow/example_dags/example_params_trigger_ui.py for tasks to queue
[2024-01-03T02:43:35.511+0000] {logging_mixin.py:188} INFO - [2024-01-03T02:43:35.511+0000] {dagbag.py:538} INFO - Filling up the DagBag from /home/airflow/.local/lib/python3.8/site-packages/airflow/example_dags/example_params_trigger_ui.py
[2024-01-03T02:43:35.519+0000] {processor.py:840} INFO - DAG(s) 'example_params_trigger_ui' retrieved from /home/airflow/.local/lib/python3.8/site-packages/airflow/example_dags/example_params_trigger_ui.py
[2024-01-03T02:43:35.552+0000] {logging_mixin.py:188} INFO - [2024-01-03T02:43:35.552+0000] {dag.py:3033} INFO - Sync 1 DAGs
[2024-01-03T02:43:35.561+0000] {logging_mixin.py:188} INFO - [2024-01-03T02:43:35.561+0000] {dag.py:3820} INFO - Setting next_dagrun for example_params_trigger_ui to None, run_after=None
[2024-01-03T02:43:35.573+0000] {processor.py:183} INFO - Processing /home/airflow/.local/lib/python3.8/site-packages/airflow/example_dags/example_params_trigger_ui.py took 0.066 seconds
[2024-01-03T02:44:06.301+0000] {processor.py:161} INFO - Started process (PID=2339) to work on /home/airflow/.local/lib/python3.8/site-packages/airflow/example_dags/example_params_trigger_ui.py
[2024-01-03T02:44:06.302+0000] {processor.py:830} INFO - Processing file /home/airflow/.local/lib/python3.8/site-packages/airflow/example_dags/example_params_trigger_ui.py for tasks to queue
[2024-01-03T02:44:06.304+0000] {logging_mixin.py:188} INFO - [2024-01-03T02:44:06.303+0000] {dagbag.py:538} INFO - Filling up the DagBag from /home/airflow/.local/lib/python3.8/site-packages/airflow/example_dags/example_params_trigger_ui.py
[2024-01-03T02:44:06.312+0000] {processor.py:840} INFO - DAG(s) 'example_params_trigger_ui' retrieved from /home/airflow/.local/lib/python3.8/site-packages/airflow/example_dags/example_params_trigger_ui.py
[2024-01-03T02:44:06.347+0000] {logging_mixin.py:188} INFO - [2024-01-03T02:44:06.347+0000] {dag.py:3033} INFO - Sync 1 DAGs
[2024-01-03T02:44:06.356+0000] {logging_mixin.py:188} INFO - [2024-01-03T02:44:06.356+0000] {dag.py:3820} INFO - Setting next_dagrun for example_params_trigger_ui to None, run_after=None
[2024-01-03T02:44:06.368+0000] {processor.py:183} INFO - Processing /home/airflow/.local/lib/python3.8/site-packages/airflow/example_dags/example_params_trigger_ui.py took 0.068 seconds
[2024-01-03T02:44:37.890+0000] {processor.py:161} INFO - Started process (PID=2394) to work on /home/airflow/.local/lib/python3.8/site-packages/airflow/example_dags/example_params_trigger_ui.py
[2024-01-03T02:44:37.891+0000] {processor.py:830} INFO - Processing file /home/airflow/.local/lib/python3.8/site-packages/airflow/example_dags/example_params_trigger_ui.py for tasks to queue
[2024-01-03T02:44:37.892+0000] {logging_mixin.py:188} INFO - [2024-01-03T02:44:37.892+0000] {dagbag.py:538} INFO - Filling up the DagBag from /home/airflow/.local/lib/python3.8/site-packages/airflow/example_dags/example_params_trigger_ui.py
[2024-01-03T02:44:37.901+0000] {processor.py:840} INFO - DAG(s) 'example_params_trigger_ui' retrieved from /home/airflow/.local/lib/python3.8/site-packages/airflow/example_dags/example_params_trigger_ui.py
[2024-01-03T02:44:37.937+0000] {logging_mixin.py:188} INFO - [2024-01-03T02:44:37.937+0000] {dag.py:3033} INFO - Sync 1 DAGs
[2024-01-03T02:44:37.948+0000] {logging_mixin.py:188} INFO - [2024-01-03T02:44:37.948+0000] {dag.py:3820} INFO - Setting next_dagrun for example_params_trigger_ui to None, run_after=None
[2024-01-03T02:44:37.963+0000] {processor.py:183} INFO - Processing /home/airflow/.local/lib/python3.8/site-packages/airflow/example_dags/example_params_trigger_ui.py took 0.075 seconds
[2024-01-03T02:45:08.042+0000] {processor.py:161} INFO - Started process (PID=2448) to work on /home/airflow/.local/lib/python3.8/site-packages/airflow/example_dags/example_params_trigger_ui.py
[2024-01-03T02:45:08.043+0000] {processor.py:830} INFO - Processing file /home/airflow/.local/lib/python3.8/site-packages/airflow/example_dags/example_params_trigger_ui.py for tasks to queue
[2024-01-03T02:45:08.044+0000] {logging_mixin.py:188} INFO - [2024-01-03T02:45:08.044+0000] {dagbag.py:538} INFO - Filling up the DagBag from /home/airflow/.local/lib/python3.8/site-packages/airflow/example_dags/example_params_trigger_ui.py
[2024-01-03T02:45:08.053+0000] {processor.py:840} INFO - DAG(s) 'example_params_trigger_ui' retrieved from /home/airflow/.local/lib/python3.8/site-packages/airflow/example_dags/example_params_trigger_ui.py
[2024-01-03T02:45:08.088+0000] {logging_mixin.py:188} INFO - [2024-01-03T02:45:08.087+0000] {dag.py:3033} INFO - Sync 1 DAGs
[2024-01-03T02:45:08.197+0000] {logging_mixin.py:188} INFO - [2024-01-03T02:45:08.197+0000] {dag.py:3820} INFO - Setting next_dagrun for example_params_trigger_ui to None, run_after=None
[2024-01-03T02:45:08.210+0000] {processor.py:183} INFO - Processing /home/airflow/.local/lib/python3.8/site-packages/airflow/example_dags/example_params_trigger_ui.py took 0.170 seconds
[2024-01-03T02:45:38.373+0000] {processor.py:161} INFO - Started process (PID=2503) to work on /home/airflow/.local/lib/python3.8/site-packages/airflow/example_dags/example_params_trigger_ui.py
[2024-01-03T02:45:38.373+0000] {processor.py:830} INFO - Processing file /home/airflow/.local/lib/python3.8/site-packages/airflow/example_dags/example_params_trigger_ui.py for tasks to queue
[2024-01-03T02:45:38.375+0000] {logging_mixin.py:188} INFO - [2024-01-03T02:45:38.375+0000] {dagbag.py:538} INFO - Filling up the DagBag from /home/airflow/.local/lib/python3.8/site-packages/airflow/example_dags/example_params_trigger_ui.py
[2024-01-03T02:45:38.384+0000] {processor.py:840} INFO - DAG(s) 'example_params_trigger_ui' retrieved from /home/airflow/.local/lib/python3.8/site-packages/airflow/example_dags/example_params_trigger_ui.py
[2024-01-03T02:45:38.420+0000] {logging_mixin.py:188} INFO - [2024-01-03T02:45:38.420+0000] {dag.py:3033} INFO - Sync 1 DAGs
[2024-01-03T02:45:38.429+0000] {logging_mixin.py:188} INFO - [2024-01-03T02:45:38.429+0000] {dag.py:3820} INFO - Setting next_dagrun for example_params_trigger_ui to None, run_after=None
[2024-01-03T02:45:38.548+0000] {processor.py:183} INFO - Processing /home/airflow/.local/lib/python3.8/site-packages/airflow/example_dags/example_params_trigger_ui.py took 0.177 seconds
[2024-01-03T02:46:08.740+0000] {processor.py:161} INFO - Started process (PID=2559) to work on /home/airflow/.local/lib/python3.8/site-packages/airflow/example_dags/example_params_trigger_ui.py
[2024-01-03T02:46:08.741+0000] {processor.py:830} INFO - Processing file /home/airflow/.local/lib/python3.8/site-packages/airflow/example_dags/example_params_trigger_ui.py for tasks to queue
[2024-01-03T02:46:08.742+0000] {logging_mixin.py:188} INFO - [2024-01-03T02:46:08.742+0000] {dagbag.py:538} INFO - Filling up the DagBag from /home/airflow/.local/lib/python3.8/site-packages/airflow/example_dags/example_params_trigger_ui.py
[2024-01-03T02:46:08.751+0000] {processor.py:840} INFO - DAG(s) 'example_params_trigger_ui' retrieved from /home/airflow/.local/lib/python3.8/site-packages/airflow/example_dags/example_params_trigger_ui.py
[2024-01-03T02:46:08.787+0000] {logging_mixin.py:188} INFO - [2024-01-03T02:46:08.787+0000] {dag.py:3033} INFO - Sync 1 DAGs
[2024-01-03T02:46:08.796+0000] {logging_mixin.py:188} INFO - [2024-01-03T02:46:08.796+0000] {dag.py:3820} INFO - Setting next_dagrun for example_params_trigger_ui to None, run_after=None
[2024-01-03T02:46:08.809+0000] {processor.py:183} INFO - Processing /home/airflow/.local/lib/python3.8/site-packages/airflow/example_dags/example_params_trigger_ui.py took 0.071 seconds
[2024-01-03T02:46:40.428+0000] {processor.py:161} INFO - Started process (PID=2614) to work on /home/airflow/.local/lib/python3.8/site-packages/airflow/example_dags/example_params_trigger_ui.py
[2024-01-03T02:46:40.429+0000] {processor.py:830} INFO - Processing file /home/airflow/.local/lib/python3.8/site-packages/airflow/example_dags/example_params_trigger_ui.py for tasks to queue
[2024-01-03T02:46:40.431+0000] {logging_mixin.py:188} INFO - [2024-01-03T02:46:40.431+0000] {dagbag.py:538} INFO - Filling up the DagBag from /home/airflow/.local/lib/python3.8/site-packages/airflow/example_dags/example_params_trigger_ui.py
[2024-01-03T02:46:40.546+0000] {processor.py:840} INFO - DAG(s) 'example_params_trigger_ui' retrieved from /home/airflow/.local/lib/python3.8/site-packages/airflow/example_dags/example_params_trigger_ui.py
[2024-01-03T02:46:40.579+0000] {logging_mixin.py:188} INFO - [2024-01-03T02:46:40.579+0000] {dag.py:3033} INFO - Sync 1 DAGs
[2024-01-03T02:46:40.587+0000] {logging_mixin.py:188} INFO - [2024-01-03T02:46:40.587+0000] {dag.py:3820} INFO - Setting next_dagrun for example_params_trigger_ui to None, run_after=None
[2024-01-03T02:46:40.599+0000] {processor.py:183} INFO - Processing /home/airflow/.local/lib/python3.8/site-packages/airflow/example_dags/example_params_trigger_ui.py took 0.172 seconds
[2024-01-03T02:47:10.856+0000] {processor.py:161} INFO - Started process (PID=2668) to work on /home/airflow/.local/lib/python3.8/site-packages/airflow/example_dags/example_params_trigger_ui.py
[2024-01-03T02:47:10.857+0000] {processor.py:830} INFO - Processing file /home/airflow/.local/lib/python3.8/site-packages/airflow/example_dags/example_params_trigger_ui.py for tasks to queue
[2024-01-03T02:47:10.858+0000] {logging_mixin.py:188} INFO - [2024-01-03T02:47:10.858+0000] {dagbag.py:538} INFO - Filling up the DagBag from /home/airflow/.local/lib/python3.8/site-packages/airflow/example_dags/example_params_trigger_ui.py
[2024-01-03T02:47:10.868+0000] {processor.py:840} INFO - DAG(s) 'example_params_trigger_ui' retrieved from /home/airflow/.local/lib/python3.8/site-packages/airflow/example_dags/example_params_trigger_ui.py
[2024-01-03T02:47:10.905+0000] {logging_mixin.py:188} INFO - [2024-01-03T02:47:10.905+0000] {dag.py:3033} INFO - Sync 1 DAGs
[2024-01-03T02:47:10.915+0000] {logging_mixin.py:188} INFO - [2024-01-03T02:47:10.915+0000] {dag.py:3820} INFO - Setting next_dagrun for example_params_trigger_ui to None, run_after=None
[2024-01-03T02:47:10.930+0000] {processor.py:183} INFO - Processing /home/airflow/.local/lib/python3.8/site-packages/airflow/example_dags/example_params_trigger_ui.py took 0.077 seconds
