[2024-01-03T02:12:54.633+0000] {processor.py:161} INFO - Started process (PID=56) to work on /home/airflow/.local/lib/python3.8/site-packages/airflow/example_dags/example_complex.py
[2024-01-03T02:12:54.650+0000] {processor.py:830} INFO - Processing file /home/airflow/.local/lib/python3.8/site-packages/airflow/example_dags/example_complex.py for tasks to queue
[2024-01-03T02:12:54.655+0000] {logging_mixin.py:188} INFO - [2024-01-03T02:12:54.653+0000] {dagbag.py:538} INFO - Filling up the DagBag from /home/airflow/.local/lib/python3.8/site-packages/airflow/example_dags/example_complex.py
[2024-01-03T02:12:54.687+0000] {processor.py:840} INFO - DAG(s) 'example_complex' retrieved from /home/airflow/.local/lib/python3.8/site-packages/airflow/example_dags/example_complex.py
[2024-01-03T02:12:54.808+0000] {logging_mixin.py:188} INFO - [2024-01-03T02:12:54.805+0000] {dag.py:3033} INFO - Sync 1 DAGs
[2024-01-03T02:12:54.844+0000] {logging_mixin.py:188} INFO - [2024-01-03T02:12:54.843+0000] {dag.py:3820} INFO - Setting next_dagrun for example_complex to None, run_after=None
[2024-01-03T02:12:55.042+0000] {processor.py:183} INFO - Processing /home/airflow/.local/lib/python3.8/site-packages/airflow/example_dags/example_complex.py took 0.443 seconds
[2024-01-03T02:18:54.962+0000] {processor.py:161} INFO - Started process (PID=55) to work on /home/airflow/.local/lib/python3.8/site-packages/airflow/example_dags/example_complex.py
[2024-01-03T02:18:54.963+0000] {processor.py:830} INFO - Processing file /home/airflow/.local/lib/python3.8/site-packages/airflow/example_dags/example_complex.py for tasks to queue
[2024-01-03T02:18:54.965+0000] {logging_mixin.py:188} INFO - [2024-01-03T02:18:54.965+0000] {dagbag.py:538} INFO - Filling up the DagBag from /home/airflow/.local/lib/python3.8/site-packages/airflow/example_dags/example_complex.py
[2024-01-03T02:18:54.972+0000] {processor.py:840} INFO - DAG(s) 'example_complex' retrieved from /home/airflow/.local/lib/python3.8/site-packages/airflow/example_dags/example_complex.py
[2024-01-03T02:18:55.047+0000] {logging_mixin.py:188} INFO - [2024-01-03T02:18:55.047+0000] {dag.py:3033} INFO - Sync 1 DAGs
[2024-01-03T02:18:55.058+0000] {logging_mixin.py:188} INFO - [2024-01-03T02:18:55.058+0000] {dag.py:3820} INFO - Setting next_dagrun for example_complex to None, run_after=None
[2024-01-03T02:18:55.075+0000] {processor.py:183} INFO - Processing /home/airflow/.local/lib/python3.8/site-packages/airflow/example_dags/example_complex.py took 0.114 seconds
[2024-01-03T02:19:25.558+0000] {processor.py:161} INFO - Started process (PID=109) to work on /home/airflow/.local/lib/python3.8/site-packages/airflow/example_dags/example_complex.py
[2024-01-03T02:19:25.559+0000] {processor.py:830} INFO - Processing file /home/airflow/.local/lib/python3.8/site-packages/airflow/example_dags/example_complex.py for tasks to queue
[2024-01-03T02:19:25.560+0000] {logging_mixin.py:188} INFO - [2024-01-03T02:19:25.560+0000] {dagbag.py:538} INFO - Filling up the DagBag from /home/airflow/.local/lib/python3.8/site-packages/airflow/example_dags/example_complex.py
[2024-01-03T02:19:25.567+0000] {processor.py:840} INFO - DAG(s) 'example_complex' retrieved from /home/airflow/.local/lib/python3.8/site-packages/airflow/example_dags/example_complex.py
[2024-01-03T02:19:25.587+0000] {logging_mixin.py:188} INFO - [2024-01-03T02:19:25.587+0000] {dag.py:3033} INFO - Sync 1 DAGs
[2024-01-03T02:19:25.596+0000] {logging_mixin.py:188} INFO - [2024-01-03T02:19:25.596+0000] {dag.py:3820} INFO - Setting next_dagrun for example_complex to None, run_after=None
[2024-01-03T02:19:25.609+0000] {processor.py:183} INFO - Processing /home/airflow/.local/lib/python3.8/site-packages/airflow/example_dags/example_complex.py took 0.054 seconds
[2024-01-03T02:19:55.760+0000] {processor.py:161} INFO - Started process (PID=164) to work on /home/airflow/.local/lib/python3.8/site-packages/airflow/example_dags/example_complex.py
[2024-01-03T02:19:55.760+0000] {processor.py:830} INFO - Processing file /home/airflow/.local/lib/python3.8/site-packages/airflow/example_dags/example_complex.py for tasks to queue
[2024-01-03T02:19:55.762+0000] {logging_mixin.py:188} INFO - [2024-01-03T02:19:55.762+0000] {dagbag.py:538} INFO - Filling up the DagBag from /home/airflow/.local/lib/python3.8/site-packages/airflow/example_dags/example_complex.py
[2024-01-03T02:19:55.769+0000] {processor.py:840} INFO - DAG(s) 'example_complex' retrieved from /home/airflow/.local/lib/python3.8/site-packages/airflow/example_dags/example_complex.py
[2024-01-03T02:19:55.789+0000] {logging_mixin.py:188} INFO - [2024-01-03T02:19:55.789+0000] {dag.py:3033} INFO - Sync 1 DAGs
[2024-01-03T02:19:55.799+0000] {logging_mixin.py:188} INFO - [2024-01-03T02:19:55.799+0000] {dag.py:3820} INFO - Setting next_dagrun for example_complex to None, run_after=None
[2024-01-03T02:19:55.813+0000] {processor.py:183} INFO - Processing /home/airflow/.local/lib/python3.8/site-packages/airflow/example_dags/example_complex.py took 0.055 seconds
[2024-01-03T02:20:25.867+0000] {processor.py:161} INFO - Started process (PID=219) to work on /home/airflow/.local/lib/python3.8/site-packages/airflow/example_dags/example_complex.py
[2024-01-03T02:20:25.868+0000] {processor.py:830} INFO - Processing file /home/airflow/.local/lib/python3.8/site-packages/airflow/example_dags/example_complex.py for tasks to queue
[2024-01-03T02:20:25.870+0000] {logging_mixin.py:188} INFO - [2024-01-03T02:20:25.869+0000] {dagbag.py:538} INFO - Filling up the DagBag from /home/airflow/.local/lib/python3.8/site-packages/airflow/example_dags/example_complex.py
[2024-01-03T02:20:25.877+0000] {processor.py:840} INFO - DAG(s) 'example_complex' retrieved from /home/airflow/.local/lib/python3.8/site-packages/airflow/example_dags/example_complex.py
[2024-01-03T02:20:25.885+0000] {logging_mixin.py:188} INFO - [2024-01-03T02:20:25.885+0000] {dag.py:3033} INFO - Sync 1 DAGs
[2024-01-03T02:20:25.895+0000] {logging_mixin.py:188} INFO - [2024-01-03T02:20:25.894+0000] {dag.py:3820} INFO - Setting next_dagrun for example_complex to None, run_after=None
[2024-01-03T02:20:25.910+0000] {processor.py:183} INFO - Processing /home/airflow/.local/lib/python3.8/site-packages/airflow/example_dags/example_complex.py took 0.045 seconds
[2024-01-03T02:20:56.639+0000] {processor.py:161} INFO - Started process (PID=275) to work on /home/airflow/.local/lib/python3.8/site-packages/airflow/example_dags/example_complex.py
[2024-01-03T02:20:56.640+0000] {processor.py:830} INFO - Processing file /home/airflow/.local/lib/python3.8/site-packages/airflow/example_dags/example_complex.py for tasks to queue
[2024-01-03T02:20:56.642+0000] {logging_mixin.py:188} INFO - [2024-01-03T02:20:56.642+0000] {dagbag.py:538} INFO - Filling up the DagBag from /home/airflow/.local/lib/python3.8/site-packages/airflow/example_dags/example_complex.py
[2024-01-03T02:20:56.649+0000] {processor.py:840} INFO - DAG(s) 'example_complex' retrieved from /home/airflow/.local/lib/python3.8/site-packages/airflow/example_dags/example_complex.py
[2024-01-03T02:20:56.658+0000] {logging_mixin.py:188} INFO - [2024-01-03T02:20:56.657+0000] {dag.py:3033} INFO - Sync 1 DAGs
[2024-01-03T02:20:56.668+0000] {logging_mixin.py:188} INFO - [2024-01-03T02:20:56.667+0000] {dag.py:3820} INFO - Setting next_dagrun for example_complex to None, run_after=None
[2024-01-03T02:20:56.681+0000] {processor.py:183} INFO - Processing /home/airflow/.local/lib/python3.8/site-packages/airflow/example_dags/example_complex.py took 0.044 seconds
[2024-01-03T02:21:27.834+0000] {processor.py:161} INFO - Started process (PID=330) to work on /home/airflow/.local/lib/python3.8/site-packages/airflow/example_dags/example_complex.py
[2024-01-03T02:21:27.835+0000] {processor.py:830} INFO - Processing file /home/airflow/.local/lib/python3.8/site-packages/airflow/example_dags/example_complex.py for tasks to queue
[2024-01-03T02:21:27.836+0000] {logging_mixin.py:188} INFO - [2024-01-03T02:21:27.836+0000] {dagbag.py:538} INFO - Filling up the DagBag from /home/airflow/.local/lib/python3.8/site-packages/airflow/example_dags/example_complex.py
[2024-01-03T02:21:27.843+0000] {processor.py:840} INFO - DAG(s) 'example_complex' retrieved from /home/airflow/.local/lib/python3.8/site-packages/airflow/example_dags/example_complex.py
[2024-01-03T02:21:27.916+0000] {logging_mixin.py:188} INFO - [2024-01-03T02:21:27.915+0000] {dag.py:3033} INFO - Sync 1 DAGs
[2024-01-03T02:21:27.923+0000] {logging_mixin.py:188} INFO - [2024-01-03T02:21:27.923+0000] {dag.py:3820} INFO - Setting next_dagrun for example_complex to None, run_after=None
[2024-01-03T02:21:27.938+0000] {processor.py:183} INFO - Processing /home/airflow/.local/lib/python3.8/site-packages/airflow/example_dags/example_complex.py took 0.106 seconds
[2024-01-03T02:21:58.526+0000] {processor.py:161} INFO - Started process (PID=385) to work on /home/airflow/.local/lib/python3.8/site-packages/airflow/example_dags/example_complex.py
[2024-01-03T02:21:58.527+0000] {processor.py:830} INFO - Processing file /home/airflow/.local/lib/python3.8/site-packages/airflow/example_dags/example_complex.py for tasks to queue
[2024-01-03T02:21:58.529+0000] {logging_mixin.py:188} INFO - [2024-01-03T02:21:58.528+0000] {dagbag.py:538} INFO - Filling up the DagBag from /home/airflow/.local/lib/python3.8/site-packages/airflow/example_dags/example_complex.py
[2024-01-03T02:21:58.535+0000] {processor.py:840} INFO - DAG(s) 'example_complex' retrieved from /home/airflow/.local/lib/python3.8/site-packages/airflow/example_dags/example_complex.py
[2024-01-03T02:21:58.555+0000] {logging_mixin.py:188} INFO - [2024-01-03T02:21:58.554+0000] {dag.py:3033} INFO - Sync 1 DAGs
[2024-01-03T02:21:58.563+0000] {logging_mixin.py:188} INFO - [2024-01-03T02:21:58.563+0000] {dag.py:3820} INFO - Setting next_dagrun for example_complex to None, run_after=None
[2024-01-03T02:21:58.576+0000] {processor.py:183} INFO - Processing /home/airflow/.local/lib/python3.8/site-packages/airflow/example_dags/example_complex.py took 0.051 seconds
[2024-01-03T02:22:28.720+0000] {processor.py:161} INFO - Started process (PID=440) to work on /home/airflow/.local/lib/python3.8/site-packages/airflow/example_dags/example_complex.py
[2024-01-03T02:22:28.721+0000] {processor.py:830} INFO - Processing file /home/airflow/.local/lib/python3.8/site-packages/airflow/example_dags/example_complex.py for tasks to queue
[2024-01-03T02:22:28.723+0000] {logging_mixin.py:188} INFO - [2024-01-03T02:22:28.723+0000] {dagbag.py:538} INFO - Filling up the DagBag from /home/airflow/.local/lib/python3.8/site-packages/airflow/example_dags/example_complex.py
[2024-01-03T02:22:28.730+0000] {processor.py:840} INFO - DAG(s) 'example_complex' retrieved from /home/airflow/.local/lib/python3.8/site-packages/airflow/example_dags/example_complex.py
[2024-01-03T02:22:28.749+0000] {logging_mixin.py:188} INFO - [2024-01-03T02:22:28.749+0000] {dag.py:3033} INFO - Sync 1 DAGs
[2024-01-03T02:22:28.762+0000] {logging_mixin.py:188} INFO - [2024-01-03T02:22:28.761+0000] {dag.py:3820} INFO - Setting next_dagrun for example_complex to None, run_after=None
[2024-01-03T02:22:28.777+0000] {processor.py:183} INFO - Processing /home/airflow/.local/lib/python3.8/site-packages/airflow/example_dags/example_complex.py took 0.058 seconds
[2024-01-03T02:22:59.062+0000] {processor.py:161} INFO - Started process (PID=495) to work on /home/airflow/.local/lib/python3.8/site-packages/airflow/example_dags/example_complex.py
[2024-01-03T02:22:59.062+0000] {processor.py:830} INFO - Processing file /home/airflow/.local/lib/python3.8/site-packages/airflow/example_dags/example_complex.py for tasks to queue
[2024-01-03T02:22:59.064+0000] {logging_mixin.py:188} INFO - [2024-01-03T02:22:59.064+0000] {dagbag.py:538} INFO - Filling up the DagBag from /home/airflow/.local/lib/python3.8/site-packages/airflow/example_dags/example_complex.py
[2024-01-03T02:22:59.072+0000] {processor.py:840} INFO - DAG(s) 'example_complex' retrieved from /home/airflow/.local/lib/python3.8/site-packages/airflow/example_dags/example_complex.py
[2024-01-03T02:22:59.092+0000] {logging_mixin.py:188} INFO - [2024-01-03T02:22:59.092+0000] {dag.py:3033} INFO - Sync 1 DAGs
[2024-01-03T02:22:59.103+0000] {logging_mixin.py:188} INFO - [2024-01-03T02:22:59.102+0000] {dag.py:3820} INFO - Setting next_dagrun for example_complex to None, run_after=None
[2024-01-03T02:22:59.116+0000] {processor.py:183} INFO - Processing /home/airflow/.local/lib/python3.8/site-packages/airflow/example_dags/example_complex.py took 0.056 seconds
[2024-01-03T02:23:29.342+0000] {processor.py:161} INFO - Started process (PID=550) to work on /home/airflow/.local/lib/python3.8/site-packages/airflow/example_dags/example_complex.py
[2024-01-03T02:23:29.343+0000] {processor.py:830} INFO - Processing file /home/airflow/.local/lib/python3.8/site-packages/airflow/example_dags/example_complex.py for tasks to queue
[2024-01-03T02:23:29.344+0000] {logging_mixin.py:188} INFO - [2024-01-03T02:23:29.344+0000] {dagbag.py:538} INFO - Filling up the DagBag from /home/airflow/.local/lib/python3.8/site-packages/airflow/example_dags/example_complex.py
[2024-01-03T02:23:29.351+0000] {processor.py:840} INFO - DAG(s) 'example_complex' retrieved from /home/airflow/.local/lib/python3.8/site-packages/airflow/example_dags/example_complex.py
[2024-01-03T02:23:29.373+0000] {logging_mixin.py:188} INFO - [2024-01-03T02:23:29.373+0000] {dag.py:3033} INFO - Sync 1 DAGs
[2024-01-03T02:23:29.382+0000] {logging_mixin.py:188} INFO - [2024-01-03T02:23:29.382+0000] {dag.py:3820} INFO - Setting next_dagrun for example_complex to None, run_after=None
[2024-01-03T02:23:29.396+0000] {processor.py:183} INFO - Processing /home/airflow/.local/lib/python3.8/site-packages/airflow/example_dags/example_complex.py took 0.056 seconds
[2024-01-03T02:23:59.538+0000] {processor.py:161} INFO - Started process (PID=605) to work on /home/airflow/.local/lib/python3.8/site-packages/airflow/example_dags/example_complex.py
[2024-01-03T02:23:59.539+0000] {processor.py:830} INFO - Processing file /home/airflow/.local/lib/python3.8/site-packages/airflow/example_dags/example_complex.py for tasks to queue
[2024-01-03T02:23:59.541+0000] {logging_mixin.py:188} INFO - [2024-01-03T02:23:59.541+0000] {dagbag.py:538} INFO - Filling up the DagBag from /home/airflow/.local/lib/python3.8/site-packages/airflow/example_dags/example_complex.py
[2024-01-03T02:23:59.549+0000] {processor.py:840} INFO - DAG(s) 'example_complex' retrieved from /home/airflow/.local/lib/python3.8/site-packages/airflow/example_dags/example_complex.py
[2024-01-03T02:23:59.570+0000] {logging_mixin.py:188} INFO - [2024-01-03T02:23:59.569+0000] {dag.py:3033} INFO - Sync 1 DAGs
[2024-01-03T02:23:59.579+0000] {logging_mixin.py:188} INFO - [2024-01-03T02:23:59.579+0000] {dag.py:3820} INFO - Setting next_dagrun for example_complex to None, run_after=None
[2024-01-03T02:23:59.595+0000] {processor.py:183} INFO - Processing /home/airflow/.local/lib/python3.8/site-packages/airflow/example_dags/example_complex.py took 0.059 seconds
[2024-01-03T02:24:30.464+0000] {processor.py:161} INFO - Started process (PID=660) to work on /home/airflow/.local/lib/python3.8/site-packages/airflow/example_dags/example_complex.py
[2024-01-03T02:24:30.465+0000] {processor.py:830} INFO - Processing file /home/airflow/.local/lib/python3.8/site-packages/airflow/example_dags/example_complex.py for tasks to queue
[2024-01-03T02:24:30.467+0000] {logging_mixin.py:188} INFO - [2024-01-03T02:24:30.467+0000] {dagbag.py:538} INFO - Filling up the DagBag from /home/airflow/.local/lib/python3.8/site-packages/airflow/example_dags/example_complex.py
[2024-01-03T02:24:30.474+0000] {processor.py:840} INFO - DAG(s) 'example_complex' retrieved from /home/airflow/.local/lib/python3.8/site-packages/airflow/example_dags/example_complex.py
[2024-01-03T02:24:30.494+0000] {logging_mixin.py:188} INFO - [2024-01-03T02:24:30.493+0000] {dag.py:3033} INFO - Sync 1 DAGs
[2024-01-03T02:24:30.503+0000] {logging_mixin.py:188} INFO - [2024-01-03T02:24:30.503+0000] {dag.py:3820} INFO - Setting next_dagrun for example_complex to None, run_after=None
[2024-01-03T02:24:30.515+0000] {processor.py:183} INFO - Processing /home/airflow/.local/lib/python3.8/site-packages/airflow/example_dags/example_complex.py took 0.052 seconds
[2024-01-03T02:25:01.247+0000] {processor.py:161} INFO - Started process (PID=715) to work on /home/airflow/.local/lib/python3.8/site-packages/airflow/example_dags/example_complex.py
[2024-01-03T02:25:01.248+0000] {processor.py:830} INFO - Processing file /home/airflow/.local/lib/python3.8/site-packages/airflow/example_dags/example_complex.py for tasks to queue
[2024-01-03T02:25:01.250+0000] {logging_mixin.py:188} INFO - [2024-01-03T02:25:01.249+0000] {dagbag.py:538} INFO - Filling up the DagBag from /home/airflow/.local/lib/python3.8/site-packages/airflow/example_dags/example_complex.py
[2024-01-03T02:25:01.257+0000] {processor.py:840} INFO - DAG(s) 'example_complex' retrieved from /home/airflow/.local/lib/python3.8/site-packages/airflow/example_dags/example_complex.py
[2024-01-03T02:25:01.278+0000] {logging_mixin.py:188} INFO - [2024-01-03T02:25:01.278+0000] {dag.py:3033} INFO - Sync 1 DAGs
[2024-01-03T02:25:01.287+0000] {logging_mixin.py:188} INFO - [2024-01-03T02:25:01.287+0000] {dag.py:3820} INFO - Setting next_dagrun for example_complex to None, run_after=None
[2024-01-03T02:25:01.299+0000] {processor.py:183} INFO - Processing /home/airflow/.local/lib/python3.8/site-packages/airflow/example_dags/example_complex.py took 0.054 seconds
[2024-01-03T02:25:31.405+0000] {processor.py:161} INFO - Started process (PID=770) to work on /home/airflow/.local/lib/python3.8/site-packages/airflow/example_dags/example_complex.py
[2024-01-03T02:25:31.406+0000] {processor.py:830} INFO - Processing file /home/airflow/.local/lib/python3.8/site-packages/airflow/example_dags/example_complex.py for tasks to queue
[2024-01-03T02:25:31.407+0000] {logging_mixin.py:188} INFO - [2024-01-03T02:25:31.407+0000] {dagbag.py:538} INFO - Filling up the DagBag from /home/airflow/.local/lib/python3.8/site-packages/airflow/example_dags/example_complex.py
[2024-01-03T02:25:31.414+0000] {processor.py:840} INFO - DAG(s) 'example_complex' retrieved from /home/airflow/.local/lib/python3.8/site-packages/airflow/example_dags/example_complex.py
[2024-01-03T02:25:31.434+0000] {logging_mixin.py:188} INFO - [2024-01-03T02:25:31.434+0000] {dag.py:3033} INFO - Sync 1 DAGs
[2024-01-03T02:25:31.443+0000] {logging_mixin.py:188} INFO - [2024-01-03T02:25:31.443+0000] {dag.py:3820} INFO - Setting next_dagrun for example_complex to None, run_after=None
[2024-01-03T02:25:31.454+0000] {processor.py:183} INFO - Processing /home/airflow/.local/lib/python3.8/site-packages/airflow/example_dags/example_complex.py took 0.051 seconds
[2024-01-03T02:26:01.648+0000] {processor.py:161} INFO - Started process (PID=825) to work on /home/airflow/.local/lib/python3.8/site-packages/airflow/example_dags/example_complex.py
[2024-01-03T02:26:01.648+0000] {processor.py:830} INFO - Processing file /home/airflow/.local/lib/python3.8/site-packages/airflow/example_dags/example_complex.py for tasks to queue
[2024-01-03T02:26:01.650+0000] {logging_mixin.py:188} INFO - [2024-01-03T02:26:01.650+0000] {dagbag.py:538} INFO - Filling up the DagBag from /home/airflow/.local/lib/python3.8/site-packages/airflow/example_dags/example_complex.py
[2024-01-03T02:26:01.657+0000] {processor.py:840} INFO - DAG(s) 'example_complex' retrieved from /home/airflow/.local/lib/python3.8/site-packages/airflow/example_dags/example_complex.py
[2024-01-03T02:26:01.676+0000] {logging_mixin.py:188} INFO - [2024-01-03T02:26:01.675+0000] {dag.py:3033} INFO - Sync 1 DAGs
[2024-01-03T02:26:01.684+0000] {logging_mixin.py:188} INFO - [2024-01-03T02:26:01.684+0000] {dag.py:3820} INFO - Setting next_dagrun for example_complex to None, run_after=None
[2024-01-03T02:26:01.696+0000] {processor.py:183} INFO - Processing /home/airflow/.local/lib/python3.8/site-packages/airflow/example_dags/example_complex.py took 0.050 seconds
[2024-01-03T02:26:31.736+0000] {processor.py:161} INFO - Started process (PID=880) to work on /home/airflow/.local/lib/python3.8/site-packages/airflow/example_dags/example_complex.py
[2024-01-03T02:26:31.737+0000] {processor.py:830} INFO - Processing file /home/airflow/.local/lib/python3.8/site-packages/airflow/example_dags/example_complex.py for tasks to queue
[2024-01-03T02:26:31.739+0000] {logging_mixin.py:188} INFO - [2024-01-03T02:26:31.738+0000] {dagbag.py:538} INFO - Filling up the DagBag from /home/airflow/.local/lib/python3.8/site-packages/airflow/example_dags/example_complex.py
[2024-01-03T02:26:31.746+0000] {processor.py:840} INFO - DAG(s) 'example_complex' retrieved from /home/airflow/.local/lib/python3.8/site-packages/airflow/example_dags/example_complex.py
[2024-01-03T02:26:31.765+0000] {logging_mixin.py:188} INFO - [2024-01-03T02:26:31.764+0000] {dag.py:3033} INFO - Sync 1 DAGs
[2024-01-03T02:26:31.773+0000] {logging_mixin.py:188} INFO - [2024-01-03T02:26:31.773+0000] {dag.py:3820} INFO - Setting next_dagrun for example_complex to None, run_after=None
[2024-01-03T02:26:31.786+0000] {processor.py:183} INFO - Processing /home/airflow/.local/lib/python3.8/site-packages/airflow/example_dags/example_complex.py took 0.051 seconds
[2024-01-03T02:27:02.513+0000] {processor.py:161} INFO - Started process (PID=935) to work on /home/airflow/.local/lib/python3.8/site-packages/airflow/example_dags/example_complex.py
[2024-01-03T02:27:02.514+0000] {processor.py:830} INFO - Processing file /home/airflow/.local/lib/python3.8/site-packages/airflow/example_dags/example_complex.py for tasks to queue
[2024-01-03T02:27:02.515+0000] {logging_mixin.py:188} INFO - [2024-01-03T02:27:02.515+0000] {dagbag.py:538} INFO - Filling up the DagBag from /home/airflow/.local/lib/python3.8/site-packages/airflow/example_dags/example_complex.py
[2024-01-03T02:27:02.522+0000] {processor.py:840} INFO - DAG(s) 'example_complex' retrieved from /home/airflow/.local/lib/python3.8/site-packages/airflow/example_dags/example_complex.py
[2024-01-03T02:27:02.543+0000] {logging_mixin.py:188} INFO - [2024-01-03T02:27:02.543+0000] {dag.py:3033} INFO - Sync 1 DAGs
[2024-01-03T02:27:02.552+0000] {logging_mixin.py:188} INFO - [2024-01-03T02:27:02.552+0000] {dag.py:3820} INFO - Setting next_dagrun for example_complex to None, run_after=None
[2024-01-03T02:27:02.565+0000] {processor.py:183} INFO - Processing /home/airflow/.local/lib/python3.8/site-packages/airflow/example_dags/example_complex.py took 0.054 seconds
[2024-01-03T02:27:33.349+0000] {processor.py:161} INFO - Started process (PID=990) to work on /home/airflow/.local/lib/python3.8/site-packages/airflow/example_dags/example_complex.py
[2024-01-03T02:27:33.349+0000] {processor.py:830} INFO - Processing file /home/airflow/.local/lib/python3.8/site-packages/airflow/example_dags/example_complex.py for tasks to queue
[2024-01-03T02:27:33.351+0000] {logging_mixin.py:188} INFO - [2024-01-03T02:27:33.351+0000] {dagbag.py:538} INFO - Filling up the DagBag from /home/airflow/.local/lib/python3.8/site-packages/airflow/example_dags/example_complex.py
[2024-01-03T02:27:33.359+0000] {processor.py:840} INFO - DAG(s) 'example_complex' retrieved from /home/airflow/.local/lib/python3.8/site-packages/airflow/example_dags/example_complex.py
[2024-01-03T02:27:33.379+0000] {logging_mixin.py:188} INFO - [2024-01-03T02:27:33.379+0000] {dag.py:3033} INFO - Sync 1 DAGs
[2024-01-03T02:27:33.389+0000] {logging_mixin.py:188} INFO - [2024-01-03T02:27:33.388+0000] {dag.py:3820} INFO - Setting next_dagrun for example_complex to None, run_after=None
[2024-01-03T02:27:33.401+0000] {processor.py:183} INFO - Processing /home/airflow/.local/lib/python3.8/site-packages/airflow/example_dags/example_complex.py took 0.054 seconds
[2024-01-03T02:28:04.188+0000] {processor.py:161} INFO - Started process (PID=1045) to work on /home/airflow/.local/lib/python3.8/site-packages/airflow/example_dags/example_complex.py
[2024-01-03T02:28:04.188+0000] {processor.py:830} INFO - Processing file /home/airflow/.local/lib/python3.8/site-packages/airflow/example_dags/example_complex.py for tasks to queue
[2024-01-03T02:28:04.190+0000] {logging_mixin.py:188} INFO - [2024-01-03T02:28:04.190+0000] {dagbag.py:538} INFO - Filling up the DagBag from /home/airflow/.local/lib/python3.8/site-packages/airflow/example_dags/example_complex.py
[2024-01-03T02:28:04.197+0000] {processor.py:840} INFO - DAG(s) 'example_complex' retrieved from /home/airflow/.local/lib/python3.8/site-packages/airflow/example_dags/example_complex.py
[2024-01-03T02:28:04.217+0000] {logging_mixin.py:188} INFO - [2024-01-03T02:28:04.217+0000] {dag.py:3033} INFO - Sync 1 DAGs
[2024-01-03T02:28:04.226+0000] {logging_mixin.py:188} INFO - [2024-01-03T02:28:04.225+0000] {dag.py:3820} INFO - Setting next_dagrun for example_complex to None, run_after=None
[2024-01-03T02:28:04.238+0000] {processor.py:183} INFO - Processing /home/airflow/.local/lib/python3.8/site-packages/airflow/example_dags/example_complex.py took 0.052 seconds
[2024-01-03T02:28:34.985+0000] {processor.py:161} INFO - Started process (PID=1100) to work on /home/airflow/.local/lib/python3.8/site-packages/airflow/example_dags/example_complex.py
[2024-01-03T02:28:34.986+0000] {processor.py:830} INFO - Processing file /home/airflow/.local/lib/python3.8/site-packages/airflow/example_dags/example_complex.py for tasks to queue
[2024-01-03T02:28:34.987+0000] {logging_mixin.py:188} INFO - [2024-01-03T02:28:34.987+0000] {dagbag.py:538} INFO - Filling up the DagBag from /home/airflow/.local/lib/python3.8/site-packages/airflow/example_dags/example_complex.py
[2024-01-03T02:28:34.994+0000] {processor.py:840} INFO - DAG(s) 'example_complex' retrieved from /home/airflow/.local/lib/python3.8/site-packages/airflow/example_dags/example_complex.py
[2024-01-03T02:28:35.014+0000] {logging_mixin.py:188} INFO - [2024-01-03T02:28:35.013+0000] {dag.py:3033} INFO - Sync 1 DAGs
[2024-01-03T02:28:35.022+0000] {logging_mixin.py:188} INFO - [2024-01-03T02:28:35.022+0000] {dag.py:3820} INFO - Setting next_dagrun for example_complex to None, run_after=None
[2024-01-03T02:28:35.035+0000] {processor.py:183} INFO - Processing /home/airflow/.local/lib/python3.8/site-packages/airflow/example_dags/example_complex.py took 0.051 seconds
[2024-01-03T02:29:05.757+0000] {processor.py:161} INFO - Started process (PID=1155) to work on /home/airflow/.local/lib/python3.8/site-packages/airflow/example_dags/example_complex.py
[2024-01-03T02:29:05.758+0000] {processor.py:830} INFO - Processing file /home/airflow/.local/lib/python3.8/site-packages/airflow/example_dags/example_complex.py for tasks to queue
[2024-01-03T02:29:05.759+0000] {logging_mixin.py:188} INFO - [2024-01-03T02:29:05.759+0000] {dagbag.py:538} INFO - Filling up the DagBag from /home/airflow/.local/lib/python3.8/site-packages/airflow/example_dags/example_complex.py
[2024-01-03T02:29:05.766+0000] {processor.py:840} INFO - DAG(s) 'example_complex' retrieved from /home/airflow/.local/lib/python3.8/site-packages/airflow/example_dags/example_complex.py
[2024-01-03T02:29:05.786+0000] {logging_mixin.py:188} INFO - [2024-01-03T02:29:05.786+0000] {dag.py:3033} INFO - Sync 1 DAGs
[2024-01-03T02:29:05.794+0000] {logging_mixin.py:188} INFO - [2024-01-03T02:29:05.794+0000] {dag.py:3820} INFO - Setting next_dagrun for example_complex to None, run_after=None
[2024-01-03T02:29:05.806+0000] {processor.py:183} INFO - Processing /home/airflow/.local/lib/python3.8/site-packages/airflow/example_dags/example_complex.py took 0.051 seconds
[2024-01-03T02:29:36.565+0000] {processor.py:161} INFO - Started process (PID=1210) to work on /home/airflow/.local/lib/python3.8/site-packages/airflow/example_dags/example_complex.py
[2024-01-03T02:29:36.566+0000] {processor.py:830} INFO - Processing file /home/airflow/.local/lib/python3.8/site-packages/airflow/example_dags/example_complex.py for tasks to queue
[2024-01-03T02:29:36.568+0000] {logging_mixin.py:188} INFO - [2024-01-03T02:29:36.567+0000] {dagbag.py:538} INFO - Filling up the DagBag from /home/airflow/.local/lib/python3.8/site-packages/airflow/example_dags/example_complex.py
[2024-01-03T02:29:36.575+0000] {processor.py:840} INFO - DAG(s) 'example_complex' retrieved from /home/airflow/.local/lib/python3.8/site-packages/airflow/example_dags/example_complex.py
[2024-01-03T02:29:36.594+0000] {logging_mixin.py:188} INFO - [2024-01-03T02:29:36.594+0000] {dag.py:3033} INFO - Sync 1 DAGs
[2024-01-03T02:29:36.603+0000] {logging_mixin.py:188} INFO - [2024-01-03T02:29:36.603+0000] {dag.py:3820} INFO - Setting next_dagrun for example_complex to None, run_after=None
[2024-01-03T02:29:36.615+0000] {processor.py:183} INFO - Processing /home/airflow/.local/lib/python3.8/site-packages/airflow/example_dags/example_complex.py took 0.052 seconds
[2024-01-03T02:30:07.644+0000] {processor.py:161} INFO - Started process (PID=1265) to work on /home/airflow/.local/lib/python3.8/site-packages/airflow/example_dags/example_complex.py
[2024-01-03T02:30:07.644+0000] {processor.py:830} INFO - Processing file /home/airflow/.local/lib/python3.8/site-packages/airflow/example_dags/example_complex.py for tasks to queue
[2024-01-03T02:30:07.646+0000] {logging_mixin.py:188} INFO - [2024-01-03T02:30:07.646+0000] {dagbag.py:538} INFO - Filling up the DagBag from /home/airflow/.local/lib/python3.8/site-packages/airflow/example_dags/example_complex.py
[2024-01-03T02:30:07.656+0000] {processor.py:840} INFO - DAG(s) 'example_complex' retrieved from /home/airflow/.local/lib/python3.8/site-packages/airflow/example_dags/example_complex.py
[2024-01-03T02:30:07.676+0000] {logging_mixin.py:188} INFO - [2024-01-03T02:30:07.676+0000] {dag.py:3033} INFO - Sync 1 DAGs
[2024-01-03T02:30:07.686+0000] {logging_mixin.py:188} INFO - [2024-01-03T02:30:07.685+0000] {dag.py:3820} INFO - Setting next_dagrun for example_complex to None, run_after=None
[2024-01-03T02:30:07.698+0000] {processor.py:183} INFO - Processing /home/airflow/.local/lib/python3.8/site-packages/airflow/example_dags/example_complex.py took 0.057 seconds
[2024-01-03T02:30:38.652+0000] {processor.py:161} INFO - Started process (PID=1320) to work on /home/airflow/.local/lib/python3.8/site-packages/airflow/example_dags/example_complex.py
[2024-01-03T02:30:38.653+0000] {processor.py:830} INFO - Processing file /home/airflow/.local/lib/python3.8/site-packages/airflow/example_dags/example_complex.py for tasks to queue
[2024-01-03T02:30:38.655+0000] {logging_mixin.py:188} INFO - [2024-01-03T02:30:38.655+0000] {dagbag.py:538} INFO - Filling up the DagBag from /home/airflow/.local/lib/python3.8/site-packages/airflow/example_dags/example_complex.py
[2024-01-03T02:30:38.662+0000] {processor.py:840} INFO - DAG(s) 'example_complex' retrieved from /home/airflow/.local/lib/python3.8/site-packages/airflow/example_dags/example_complex.py
[2024-01-03T02:30:38.683+0000] {logging_mixin.py:188} INFO - [2024-01-03T02:30:38.683+0000] {dag.py:3033} INFO - Sync 1 DAGs
[2024-01-03T02:30:38.692+0000] {logging_mixin.py:188} INFO - [2024-01-03T02:30:38.692+0000] {dag.py:3820} INFO - Setting next_dagrun for example_complex to None, run_after=None
[2024-01-03T02:30:38.705+0000] {processor.py:183} INFO - Processing /home/airflow/.local/lib/python3.8/site-packages/airflow/example_dags/example_complex.py took 0.055 seconds
[2024-01-03T02:31:08.945+0000] {processor.py:161} INFO - Started process (PID=1375) to work on /home/airflow/.local/lib/python3.8/site-packages/airflow/example_dags/example_complex.py
[2024-01-03T02:31:08.946+0000] {processor.py:830} INFO - Processing file /home/airflow/.local/lib/python3.8/site-packages/airflow/example_dags/example_complex.py for tasks to queue
[2024-01-03T02:31:08.947+0000] {logging_mixin.py:188} INFO - [2024-01-03T02:31:08.947+0000] {dagbag.py:538} INFO - Filling up the DagBag from /home/airflow/.local/lib/python3.8/site-packages/airflow/example_dags/example_complex.py
[2024-01-03T02:31:08.955+0000] {processor.py:840} INFO - DAG(s) 'example_complex' retrieved from /home/airflow/.local/lib/python3.8/site-packages/airflow/example_dags/example_complex.py
[2024-01-03T02:31:08.977+0000] {logging_mixin.py:188} INFO - [2024-01-03T02:31:08.977+0000] {dag.py:3033} INFO - Sync 1 DAGs
[2024-01-03T02:31:08.986+0000] {logging_mixin.py:188} INFO - [2024-01-03T02:31:08.986+0000] {dag.py:3820} INFO - Setting next_dagrun for example_complex to None, run_after=None
[2024-01-03T02:31:08.998+0000] {processor.py:183} INFO - Processing /home/airflow/.local/lib/python3.8/site-packages/airflow/example_dags/example_complex.py took 0.054 seconds
[2024-01-03T02:31:39.195+0000] {processor.py:161} INFO - Started process (PID=1430) to work on /home/airflow/.local/lib/python3.8/site-packages/airflow/example_dags/example_complex.py
[2024-01-03T02:31:39.196+0000] {processor.py:830} INFO - Processing file /home/airflow/.local/lib/python3.8/site-packages/airflow/example_dags/example_complex.py for tasks to queue
[2024-01-03T02:31:39.197+0000] {logging_mixin.py:188} INFO - [2024-01-03T02:31:39.197+0000] {dagbag.py:538} INFO - Filling up the DagBag from /home/airflow/.local/lib/python3.8/site-packages/airflow/example_dags/example_complex.py
[2024-01-03T02:31:39.205+0000] {processor.py:840} INFO - DAG(s) 'example_complex' retrieved from /home/airflow/.local/lib/python3.8/site-packages/airflow/example_dags/example_complex.py
[2024-01-03T02:31:39.224+0000] {logging_mixin.py:188} INFO - [2024-01-03T02:31:39.224+0000] {dag.py:3033} INFO - Sync 1 DAGs
[2024-01-03T02:31:39.232+0000] {logging_mixin.py:188} INFO - [2024-01-03T02:31:39.232+0000] {dag.py:3820} INFO - Setting next_dagrun for example_complex to None, run_after=None
[2024-01-03T02:31:39.244+0000] {processor.py:183} INFO - Processing /home/airflow/.local/lib/python3.8/site-packages/airflow/example_dags/example_complex.py took 0.051 seconds
[2024-01-03T02:32:09.316+0000] {processor.py:161} INFO - Started process (PID=1485) to work on /home/airflow/.local/lib/python3.8/site-packages/airflow/example_dags/example_complex.py
[2024-01-03T02:32:09.317+0000] {processor.py:830} INFO - Processing file /home/airflow/.local/lib/python3.8/site-packages/airflow/example_dags/example_complex.py for tasks to queue
[2024-01-03T02:32:09.318+0000] {logging_mixin.py:188} INFO - [2024-01-03T02:32:09.318+0000] {dagbag.py:538} INFO - Filling up the DagBag from /home/airflow/.local/lib/python3.8/site-packages/airflow/example_dags/example_complex.py
[2024-01-03T02:32:09.326+0000] {processor.py:840} INFO - DAG(s) 'example_complex' retrieved from /home/airflow/.local/lib/python3.8/site-packages/airflow/example_dags/example_complex.py
[2024-01-03T02:32:09.347+0000] {logging_mixin.py:188} INFO - [2024-01-03T02:32:09.347+0000] {dag.py:3033} INFO - Sync 1 DAGs
[2024-01-03T02:32:09.357+0000] {logging_mixin.py:188} INFO - [2024-01-03T02:32:09.356+0000] {dag.py:3820} INFO - Setting next_dagrun for example_complex to None, run_after=None
[2024-01-03T02:32:09.371+0000] {processor.py:183} INFO - Processing /home/airflow/.local/lib/python3.8/site-packages/airflow/example_dags/example_complex.py took 0.057 seconds
[2024-01-03T02:32:39.438+0000] {processor.py:161} INFO - Started process (PID=1540) to work on /home/airflow/.local/lib/python3.8/site-packages/airflow/example_dags/example_complex.py
[2024-01-03T02:32:39.439+0000] {processor.py:830} INFO - Processing file /home/airflow/.local/lib/python3.8/site-packages/airflow/example_dags/example_complex.py for tasks to queue
[2024-01-03T02:32:39.440+0000] {logging_mixin.py:188} INFO - [2024-01-03T02:32:39.440+0000] {dagbag.py:538} INFO - Filling up the DagBag from /home/airflow/.local/lib/python3.8/site-packages/airflow/example_dags/example_complex.py
[2024-01-03T02:32:39.448+0000] {processor.py:840} INFO - DAG(s) 'example_complex' retrieved from /home/airflow/.local/lib/python3.8/site-packages/airflow/example_dags/example_complex.py
[2024-01-03T02:32:39.466+0000] {logging_mixin.py:188} INFO - [2024-01-03T02:32:39.466+0000] {dag.py:3033} INFO - Sync 1 DAGs
[2024-01-03T02:32:39.476+0000] {logging_mixin.py:188} INFO - [2024-01-03T02:32:39.475+0000] {dag.py:3820} INFO - Setting next_dagrun for example_complex to None, run_after=None
[2024-01-03T02:32:39.488+0000] {processor.py:183} INFO - Processing /home/airflow/.local/lib/python3.8/site-packages/airflow/example_dags/example_complex.py took 0.052 seconds
[2024-01-03T02:33:09.537+0000] {processor.py:161} INFO - Started process (PID=1595) to work on /home/airflow/.local/lib/python3.8/site-packages/airflow/example_dags/example_complex.py
[2024-01-03T02:33:09.538+0000] {processor.py:830} INFO - Processing file /home/airflow/.local/lib/python3.8/site-packages/airflow/example_dags/example_complex.py for tasks to queue
[2024-01-03T02:33:09.539+0000] {logging_mixin.py:188} INFO - [2024-01-03T02:33:09.539+0000] {dagbag.py:538} INFO - Filling up the DagBag from /home/airflow/.local/lib/python3.8/site-packages/airflow/example_dags/example_complex.py
[2024-01-03T02:33:09.547+0000] {processor.py:840} INFO - DAG(s) 'example_complex' retrieved from /home/airflow/.local/lib/python3.8/site-packages/airflow/example_dags/example_complex.py
[2024-01-03T02:33:09.567+0000] {logging_mixin.py:188} INFO - [2024-01-03T02:33:09.567+0000] {dag.py:3033} INFO - Sync 1 DAGs
[2024-01-03T02:33:09.575+0000] {logging_mixin.py:188} INFO - [2024-01-03T02:33:09.575+0000] {dag.py:3820} INFO - Setting next_dagrun for example_complex to None, run_after=None
[2024-01-03T02:33:09.587+0000] {processor.py:183} INFO - Processing /home/airflow/.local/lib/python3.8/site-packages/airflow/example_dags/example_complex.py took 0.053 seconds
[2024-01-03T02:33:39.614+0000] {processor.py:161} INFO - Started process (PID=1650) to work on /home/airflow/.local/lib/python3.8/site-packages/airflow/example_dags/example_complex.py
[2024-01-03T02:33:39.615+0000] {processor.py:830} INFO - Processing file /home/airflow/.local/lib/python3.8/site-packages/airflow/example_dags/example_complex.py for tasks to queue
[2024-01-03T02:33:39.616+0000] {logging_mixin.py:188} INFO - [2024-01-03T02:33:39.616+0000] {dagbag.py:538} INFO - Filling up the DagBag from /home/airflow/.local/lib/python3.8/site-packages/airflow/example_dags/example_complex.py
[2024-01-03T02:33:39.624+0000] {processor.py:840} INFO - DAG(s) 'example_complex' retrieved from /home/airflow/.local/lib/python3.8/site-packages/airflow/example_dags/example_complex.py
[2024-01-03T02:33:39.644+0000] {logging_mixin.py:188} INFO - [2024-01-03T02:33:39.644+0000] {dag.py:3033} INFO - Sync 1 DAGs
[2024-01-03T02:33:39.653+0000] {logging_mixin.py:188} INFO - [2024-01-03T02:33:39.653+0000] {dag.py:3820} INFO - Setting next_dagrun for example_complex to None, run_after=None
[2024-01-03T02:33:39.665+0000] {processor.py:183} INFO - Processing /home/airflow/.local/lib/python3.8/site-packages/airflow/example_dags/example_complex.py took 0.053 seconds
[2024-01-03T02:34:09.707+0000] {processor.py:161} INFO - Started process (PID=1705) to work on /home/airflow/.local/lib/python3.8/site-packages/airflow/example_dags/example_complex.py
[2024-01-03T02:34:09.707+0000] {processor.py:830} INFO - Processing file /home/airflow/.local/lib/python3.8/site-packages/airflow/example_dags/example_complex.py for tasks to queue
[2024-01-03T02:34:09.709+0000] {logging_mixin.py:188} INFO - [2024-01-03T02:34:09.709+0000] {dagbag.py:538} INFO - Filling up the DagBag from /home/airflow/.local/lib/python3.8/site-packages/airflow/example_dags/example_complex.py
[2024-01-03T02:34:09.716+0000] {processor.py:840} INFO - DAG(s) 'example_complex' retrieved from /home/airflow/.local/lib/python3.8/site-packages/airflow/example_dags/example_complex.py
[2024-01-03T02:34:09.736+0000] {logging_mixin.py:188} INFO - [2024-01-03T02:34:09.735+0000] {dag.py:3033} INFO - Sync 1 DAGs
[2024-01-03T02:34:09.745+0000] {logging_mixin.py:188} INFO - [2024-01-03T02:34:09.745+0000] {dag.py:3820} INFO - Setting next_dagrun for example_complex to None, run_after=None
[2024-01-03T02:34:09.758+0000] {processor.py:183} INFO - Processing /home/airflow/.local/lib/python3.8/site-packages/airflow/example_dags/example_complex.py took 0.053 seconds
[2024-01-03T02:34:40.382+0000] {processor.py:161} INFO - Started process (PID=1761) to work on /home/airflow/.local/lib/python3.8/site-packages/airflow/example_dags/example_complex.py
[2024-01-03T02:34:40.383+0000] {processor.py:830} INFO - Processing file /home/airflow/.local/lib/python3.8/site-packages/airflow/example_dags/example_complex.py for tasks to queue
[2024-01-03T02:34:40.385+0000] {logging_mixin.py:188} INFO - [2024-01-03T02:34:40.385+0000] {dagbag.py:538} INFO - Filling up the DagBag from /home/airflow/.local/lib/python3.8/site-packages/airflow/example_dags/example_complex.py
[2024-01-03T02:34:40.392+0000] {processor.py:840} INFO - DAG(s) 'example_complex' retrieved from /home/airflow/.local/lib/python3.8/site-packages/airflow/example_dags/example_complex.py
[2024-01-03T02:34:40.413+0000] {logging_mixin.py:188} INFO - [2024-01-03T02:34:40.413+0000] {dag.py:3033} INFO - Sync 1 DAGs
[2024-01-03T02:34:40.423+0000] {logging_mixin.py:188} INFO - [2024-01-03T02:34:40.422+0000] {dag.py:3820} INFO - Setting next_dagrun for example_complex to None, run_after=None
[2024-01-03T02:34:40.436+0000] {processor.py:183} INFO - Processing /home/airflow/.local/lib/python3.8/site-packages/airflow/example_dags/example_complex.py took 0.056 seconds
[2024-01-03T02:35:11.229+0000] {processor.py:161} INFO - Started process (PID=1816) to work on /home/airflow/.local/lib/python3.8/site-packages/airflow/example_dags/example_complex.py
[2024-01-03T02:35:11.230+0000] {processor.py:830} INFO - Processing file /home/airflow/.local/lib/python3.8/site-packages/airflow/example_dags/example_complex.py for tasks to queue
[2024-01-03T02:35:11.231+0000] {logging_mixin.py:188} INFO - [2024-01-03T02:35:11.231+0000] {dagbag.py:538} INFO - Filling up the DagBag from /home/airflow/.local/lib/python3.8/site-packages/airflow/example_dags/example_complex.py
[2024-01-03T02:35:11.238+0000] {processor.py:840} INFO - DAG(s) 'example_complex' retrieved from /home/airflow/.local/lib/python3.8/site-packages/airflow/example_dags/example_complex.py
[2024-01-03T02:35:11.259+0000] {logging_mixin.py:188} INFO - [2024-01-03T02:35:11.258+0000] {dag.py:3033} INFO - Sync 1 DAGs
[2024-01-03T02:35:11.268+0000] {logging_mixin.py:188} INFO - [2024-01-03T02:35:11.268+0000] {dag.py:3820} INFO - Setting next_dagrun for example_complex to None, run_after=None
[2024-01-03T02:35:11.281+0000] {processor.py:183} INFO - Processing /home/airflow/.local/lib/python3.8/site-packages/airflow/example_dags/example_complex.py took 0.055 seconds
[2024-01-03T02:35:42.113+0000] {processor.py:161} INFO - Started process (PID=1871) to work on /home/airflow/.local/lib/python3.8/site-packages/airflow/example_dags/example_complex.py
[2024-01-03T02:35:42.114+0000] {processor.py:830} INFO - Processing file /home/airflow/.local/lib/python3.8/site-packages/airflow/example_dags/example_complex.py for tasks to queue
[2024-01-03T02:35:42.116+0000] {logging_mixin.py:188} INFO - [2024-01-03T02:35:42.115+0000] {dagbag.py:538} INFO - Filling up the DagBag from /home/airflow/.local/lib/python3.8/site-packages/airflow/example_dags/example_complex.py
[2024-01-03T02:35:42.123+0000] {processor.py:840} INFO - DAG(s) 'example_complex' retrieved from /home/airflow/.local/lib/python3.8/site-packages/airflow/example_dags/example_complex.py
[2024-01-03T02:35:42.143+0000] {logging_mixin.py:188} INFO - [2024-01-03T02:35:42.143+0000] {dag.py:3033} INFO - Sync 1 DAGs
[2024-01-03T02:35:42.152+0000] {logging_mixin.py:188} INFO - [2024-01-03T02:35:42.152+0000] {dag.py:3820} INFO - Setting next_dagrun for example_complex to None, run_after=None
[2024-01-03T02:35:42.166+0000] {processor.py:183} INFO - Processing /home/airflow/.local/lib/python3.8/site-packages/airflow/example_dags/example_complex.py took 0.055 seconds
[2024-01-03T02:36:12.914+0000] {processor.py:161} INFO - Started process (PID=1926) to work on /home/airflow/.local/lib/python3.8/site-packages/airflow/example_dags/example_complex.py
[2024-01-03T02:36:12.915+0000] {processor.py:830} INFO - Processing file /home/airflow/.local/lib/python3.8/site-packages/airflow/example_dags/example_complex.py for tasks to queue
[2024-01-03T02:36:12.916+0000] {logging_mixin.py:188} INFO - [2024-01-03T02:36:12.916+0000] {dagbag.py:538} INFO - Filling up the DagBag from /home/airflow/.local/lib/python3.8/site-packages/airflow/example_dags/example_complex.py
[2024-01-03T02:36:12.923+0000] {processor.py:840} INFO - DAG(s) 'example_complex' retrieved from /home/airflow/.local/lib/python3.8/site-packages/airflow/example_dags/example_complex.py
[2024-01-03T02:36:12.944+0000] {logging_mixin.py:188} INFO - [2024-01-03T02:36:12.944+0000] {dag.py:3033} INFO - Sync 1 DAGs
[2024-01-03T02:36:12.954+0000] {logging_mixin.py:188} INFO - [2024-01-03T02:36:12.953+0000] {dag.py:3820} INFO - Setting next_dagrun for example_complex to None, run_after=None
[2024-01-03T02:36:12.967+0000] {processor.py:183} INFO - Processing /home/airflow/.local/lib/python3.8/site-packages/airflow/example_dags/example_complex.py took 0.054 seconds
[2024-01-03T02:36:43.055+0000] {processor.py:161} INFO - Started process (PID=1981) to work on /home/airflow/.local/lib/python3.8/site-packages/airflow/example_dags/example_complex.py
[2024-01-03T02:36:43.056+0000] {processor.py:830} INFO - Processing file /home/airflow/.local/lib/python3.8/site-packages/airflow/example_dags/example_complex.py for tasks to queue
[2024-01-03T02:36:43.057+0000] {logging_mixin.py:188} INFO - [2024-01-03T02:36:43.057+0000] {dagbag.py:538} INFO - Filling up the DagBag from /home/airflow/.local/lib/python3.8/site-packages/airflow/example_dags/example_complex.py
[2024-01-03T02:36:43.064+0000] {processor.py:840} INFO - DAG(s) 'example_complex' retrieved from /home/airflow/.local/lib/python3.8/site-packages/airflow/example_dags/example_complex.py
[2024-01-03T02:36:43.083+0000] {logging_mixin.py:188} INFO - [2024-01-03T02:36:43.083+0000] {dag.py:3033} INFO - Sync 1 DAGs
[2024-01-03T02:36:43.092+0000] {logging_mixin.py:188} INFO - [2024-01-03T02:36:43.092+0000] {dag.py:3820} INFO - Setting next_dagrun for example_complex to None, run_after=None
[2024-01-03T02:36:43.104+0000] {processor.py:183} INFO - Processing /home/airflow/.local/lib/python3.8/site-packages/airflow/example_dags/example_complex.py took 0.051 seconds
[2024-01-03T02:41:32.272+0000] {processor.py:161} INFO - Started process (PID=2042) to work on /home/airflow/.local/lib/python3.8/site-packages/airflow/example_dags/example_complex.py
[2024-01-03T02:41:32.273+0000] {processor.py:830} INFO - Processing file /home/airflow/.local/lib/python3.8/site-packages/airflow/example_dags/example_complex.py for tasks to queue
[2024-01-03T02:41:32.275+0000] {logging_mixin.py:188} INFO - [2024-01-03T02:41:32.274+0000] {dagbag.py:538} INFO - Filling up the DagBag from /home/airflow/.local/lib/python3.8/site-packages/airflow/example_dags/example_complex.py
[2024-01-03T02:41:32.284+0000] {processor.py:840} INFO - DAG(s) 'example_complex' retrieved from /home/airflow/.local/lib/python3.8/site-packages/airflow/example_dags/example_complex.py
[2024-01-03T02:41:32.314+0000] {logging_mixin.py:188} INFO - [2024-01-03T02:41:32.313+0000] {dag.py:3033} INFO - Sync 1 DAGs
[2024-01-03T02:41:32.328+0000] {logging_mixin.py:188} INFO - [2024-01-03T02:41:32.327+0000] {dag.py:3820} INFO - Setting next_dagrun for example_complex to None, run_after=None
[2024-01-03T02:41:32.346+0000] {processor.py:183} INFO - Processing /home/airflow/.local/lib/python3.8/site-packages/airflow/example_dags/example_complex.py took 0.076 seconds
[2024-01-03T02:42:03.003+0000] {processor.py:161} INFO - Started process (PID=2097) to work on /home/airflow/.local/lib/python3.8/site-packages/airflow/example_dags/example_complex.py
[2024-01-03T02:42:03.003+0000] {processor.py:830} INFO - Processing file /home/airflow/.local/lib/python3.8/site-packages/airflow/example_dags/example_complex.py for tasks to queue
[2024-01-03T02:42:03.005+0000] {logging_mixin.py:188} INFO - [2024-01-03T02:42:03.005+0000] {dagbag.py:538} INFO - Filling up the DagBag from /home/airflow/.local/lib/python3.8/site-packages/airflow/example_dags/example_complex.py
[2024-01-03T02:42:03.012+0000] {processor.py:840} INFO - DAG(s) 'example_complex' retrieved from /home/airflow/.local/lib/python3.8/site-packages/airflow/example_dags/example_complex.py
[2024-01-03T02:42:03.032+0000] {logging_mixin.py:188} INFO - [2024-01-03T02:42:03.032+0000] {dag.py:3033} INFO - Sync 1 DAGs
[2024-01-03T02:42:03.041+0000] {logging_mixin.py:188} INFO - [2024-01-03T02:42:03.041+0000] {dag.py:3820} INFO - Setting next_dagrun for example_complex to None, run_after=None
[2024-01-03T02:42:03.054+0000] {processor.py:183} INFO - Processing /home/airflow/.local/lib/python3.8/site-packages/airflow/example_dags/example_complex.py took 0.053 seconds
[2024-01-03T02:42:33.321+0000] {processor.py:161} INFO - Started process (PID=2152) to work on /home/airflow/.local/lib/python3.8/site-packages/airflow/example_dags/example_complex.py
[2024-01-03T02:42:33.323+0000] {processor.py:830} INFO - Processing file /home/airflow/.local/lib/python3.8/site-packages/airflow/example_dags/example_complex.py for tasks to queue
[2024-01-03T02:42:33.325+0000] {logging_mixin.py:188} INFO - [2024-01-03T02:42:33.324+0000] {dagbag.py:538} INFO - Filling up the DagBag from /home/airflow/.local/lib/python3.8/site-packages/airflow/example_dags/example_complex.py
[2024-01-03T02:42:33.333+0000] {processor.py:840} INFO - DAG(s) 'example_complex' retrieved from /home/airflow/.local/lib/python3.8/site-packages/airflow/example_dags/example_complex.py
[2024-01-03T02:42:33.356+0000] {logging_mixin.py:188} INFO - [2024-01-03T02:42:33.356+0000] {dag.py:3033} INFO - Sync 1 DAGs
[2024-01-03T02:42:33.367+0000] {logging_mixin.py:188} INFO - [2024-01-03T02:42:33.367+0000] {dag.py:3820} INFO - Setting next_dagrun for example_complex to None, run_after=None
[2024-01-03T02:42:33.383+0000] {processor.py:183} INFO - Processing /home/airflow/.local/lib/python3.8/site-packages/airflow/example_dags/example_complex.py took 0.064 seconds
[2024-01-03T02:43:03.583+0000] {processor.py:161} INFO - Started process (PID=2207) to work on /home/airflow/.local/lib/python3.8/site-packages/airflow/example_dags/example_complex.py
[2024-01-03T02:43:03.584+0000] {processor.py:830} INFO - Processing file /home/airflow/.local/lib/python3.8/site-packages/airflow/example_dags/example_complex.py for tasks to queue
[2024-01-03T02:43:03.585+0000] {logging_mixin.py:188} INFO - [2024-01-03T02:43:03.585+0000] {dagbag.py:538} INFO - Filling up the DagBag from /home/airflow/.local/lib/python3.8/site-packages/airflow/example_dags/example_complex.py
[2024-01-03T02:43:03.593+0000] {processor.py:840} INFO - DAG(s) 'example_complex' retrieved from /home/airflow/.local/lib/python3.8/site-packages/airflow/example_dags/example_complex.py
[2024-01-03T02:43:03.615+0000] {logging_mixin.py:188} INFO - [2024-01-03T02:43:03.615+0000] {dag.py:3033} INFO - Sync 1 DAGs
[2024-01-03T02:43:03.625+0000] {logging_mixin.py:188} INFO - [2024-01-03T02:43:03.625+0000] {dag.py:3820} INFO - Setting next_dagrun for example_complex to None, run_after=None
[2024-01-03T02:43:03.641+0000] {processor.py:183} INFO - Processing /home/airflow/.local/lib/python3.8/site-packages/airflow/example_dags/example_complex.py took 0.060 seconds
[2024-01-03T02:43:34.675+0000] {processor.py:161} INFO - Started process (PID=2262) to work on /home/airflow/.local/lib/python3.8/site-packages/airflow/example_dags/example_complex.py
[2024-01-03T02:43:34.676+0000] {processor.py:830} INFO - Processing file /home/airflow/.local/lib/python3.8/site-packages/airflow/example_dags/example_complex.py for tasks to queue
[2024-01-03T02:43:34.678+0000] {logging_mixin.py:188} INFO - [2024-01-03T02:43:34.678+0000] {dagbag.py:538} INFO - Filling up the DagBag from /home/airflow/.local/lib/python3.8/site-packages/airflow/example_dags/example_complex.py
[2024-01-03T02:43:34.686+0000] {processor.py:840} INFO - DAG(s) 'example_complex' retrieved from /home/airflow/.local/lib/python3.8/site-packages/airflow/example_dags/example_complex.py
[2024-01-03T02:43:34.709+0000] {logging_mixin.py:188} INFO - [2024-01-03T02:43:34.709+0000] {dag.py:3033} INFO - Sync 1 DAGs
[2024-01-03T02:43:34.721+0000] {logging_mixin.py:188} INFO - [2024-01-03T02:43:34.721+0000] {dag.py:3820} INFO - Setting next_dagrun for example_complex to None, run_after=None
[2024-01-03T02:43:34.738+0000] {processor.py:183} INFO - Processing /home/airflow/.local/lib/python3.8/site-packages/airflow/example_dags/example_complex.py took 0.064 seconds
[2024-01-03T02:44:05.313+0000] {processor.py:161} INFO - Started process (PID=2317) to work on /home/airflow/.local/lib/python3.8/site-packages/airflow/example_dags/example_complex.py
[2024-01-03T02:44:05.314+0000] {processor.py:830} INFO - Processing file /home/airflow/.local/lib/python3.8/site-packages/airflow/example_dags/example_complex.py for tasks to queue
[2024-01-03T02:44:05.316+0000] {logging_mixin.py:188} INFO - [2024-01-03T02:44:05.316+0000] {dagbag.py:538} INFO - Filling up the DagBag from /home/airflow/.local/lib/python3.8/site-packages/airflow/example_dags/example_complex.py
[2024-01-03T02:44:05.323+0000] {processor.py:840} INFO - DAG(s) 'example_complex' retrieved from /home/airflow/.local/lib/python3.8/site-packages/airflow/example_dags/example_complex.py
[2024-01-03T02:44:05.344+0000] {logging_mixin.py:188} INFO - [2024-01-03T02:44:05.343+0000] {dag.py:3033} INFO - Sync 1 DAGs
[2024-01-03T02:44:05.461+0000] {logging_mixin.py:188} INFO - [2024-01-03T02:44:05.461+0000] {dag.py:3820} INFO - Setting next_dagrun for example_complex to None, run_after=None
[2024-01-03T02:44:05.473+0000] {processor.py:183} INFO - Processing /home/airflow/.local/lib/python3.8/site-packages/airflow/example_dags/example_complex.py took 0.163 seconds
[2024-01-03T02:44:35.757+0000] {processor.py:161} INFO - Started process (PID=2372) to work on /home/airflow/.local/lib/python3.8/site-packages/airflow/example_dags/example_complex.py
[2024-01-03T02:44:35.758+0000] {processor.py:830} INFO - Processing file /home/airflow/.local/lib/python3.8/site-packages/airflow/example_dags/example_complex.py for tasks to queue
[2024-01-03T02:44:35.759+0000] {logging_mixin.py:188} INFO - [2024-01-03T02:44:35.759+0000] {dagbag.py:538} INFO - Filling up the DagBag from /home/airflow/.local/lib/python3.8/site-packages/airflow/example_dags/example_complex.py
[2024-01-03T02:44:35.766+0000] {processor.py:840} INFO - DAG(s) 'example_complex' retrieved from /home/airflow/.local/lib/python3.8/site-packages/airflow/example_dags/example_complex.py
[2024-01-03T02:44:35.787+0000] {logging_mixin.py:188} INFO - [2024-01-03T02:44:35.787+0000] {dag.py:3033} INFO - Sync 1 DAGs
[2024-01-03T02:44:35.904+0000] {logging_mixin.py:188} INFO - [2024-01-03T02:44:35.904+0000] {dag.py:3820} INFO - Setting next_dagrun for example_complex to None, run_after=None
[2024-01-03T02:44:35.917+0000] {processor.py:183} INFO - Processing /home/airflow/.local/lib/python3.8/site-packages/airflow/example_dags/example_complex.py took 0.162 seconds
[2024-01-03T02:45:06.139+0000] {processor.py:161} INFO - Started process (PID=2427) to work on /home/airflow/.local/lib/python3.8/site-packages/airflow/example_dags/example_complex.py
[2024-01-03T02:45:06.140+0000] {processor.py:830} INFO - Processing file /home/airflow/.local/lib/python3.8/site-packages/airflow/example_dags/example_complex.py for tasks to queue
[2024-01-03T02:45:06.141+0000] {logging_mixin.py:188} INFO - [2024-01-03T02:45:06.141+0000] {dagbag.py:538} INFO - Filling up the DagBag from /home/airflow/.local/lib/python3.8/site-packages/airflow/example_dags/example_complex.py
[2024-01-03T02:45:06.148+0000] {processor.py:840} INFO - DAG(s) 'example_complex' retrieved from /home/airflow/.local/lib/python3.8/site-packages/airflow/example_dags/example_complex.py
[2024-01-03T02:45:06.167+0000] {logging_mixin.py:188} INFO - [2024-01-03T02:45:06.167+0000] {dag.py:3033} INFO - Sync 1 DAGs
[2024-01-03T02:45:06.176+0000] {logging_mixin.py:188} INFO - [2024-01-03T02:45:06.176+0000] {dag.py:3820} INFO - Setting next_dagrun for example_complex to None, run_after=None
[2024-01-03T02:45:06.190+0000] {processor.py:183} INFO - Processing /home/airflow/.local/lib/python3.8/site-packages/airflow/example_dags/example_complex.py took 0.053 seconds
[2024-01-03T02:45:36.572+0000] {processor.py:161} INFO - Started process (PID=2482) to work on /home/airflow/.local/lib/python3.8/site-packages/airflow/example_dags/example_complex.py
[2024-01-03T02:45:36.573+0000] {processor.py:830} INFO - Processing file /home/airflow/.local/lib/python3.8/site-packages/airflow/example_dags/example_complex.py for tasks to queue
[2024-01-03T02:45:36.575+0000] {logging_mixin.py:188} INFO - [2024-01-03T02:45:36.574+0000] {dagbag.py:538} INFO - Filling up the DagBag from /home/airflow/.local/lib/python3.8/site-packages/airflow/example_dags/example_complex.py
[2024-01-03T02:45:36.582+0000] {processor.py:840} INFO - DAG(s) 'example_complex' retrieved from /home/airflow/.local/lib/python3.8/site-packages/airflow/example_dags/example_complex.py
[2024-01-03T02:45:36.602+0000] {logging_mixin.py:188} INFO - [2024-01-03T02:45:36.602+0000] {dag.py:3033} INFO - Sync 1 DAGs
[2024-01-03T02:45:36.612+0000] {logging_mixin.py:188} INFO - [2024-01-03T02:45:36.611+0000] {dag.py:3820} INFO - Setting next_dagrun for example_complex to None, run_after=None
[2024-01-03T02:45:36.633+0000] {processor.py:183} INFO - Processing /home/airflow/.local/lib/python3.8/site-packages/airflow/example_dags/example_complex.py took 0.063 seconds
[2024-01-03T02:46:07.832+0000] {processor.py:161} INFO - Started process (PID=2537) to work on /home/airflow/.local/lib/python3.8/site-packages/airflow/example_dags/example_complex.py
[2024-01-03T02:46:07.833+0000] {processor.py:830} INFO - Processing file /home/airflow/.local/lib/python3.8/site-packages/airflow/example_dags/example_complex.py for tasks to queue
[2024-01-03T02:46:07.835+0000] {logging_mixin.py:188} INFO - [2024-01-03T02:46:07.835+0000] {dagbag.py:538} INFO - Filling up the DagBag from /home/airflow/.local/lib/python3.8/site-packages/airflow/example_dags/example_complex.py
[2024-01-03T02:46:07.844+0000] {processor.py:840} INFO - DAG(s) 'example_complex' retrieved from /home/airflow/.local/lib/python3.8/site-packages/airflow/example_dags/example_complex.py
[2024-01-03T02:46:07.870+0000] {logging_mixin.py:188} INFO - [2024-01-03T02:46:07.870+0000] {dag.py:3033} INFO - Sync 1 DAGs
[2024-01-03T02:46:07.882+0000] {logging_mixin.py:188} INFO - [2024-01-03T02:46:07.882+0000] {dag.py:3820} INFO - Setting next_dagrun for example_complex to None, run_after=None
[2024-01-03T02:46:07.899+0000] {processor.py:183} INFO - Processing /home/airflow/.local/lib/python3.8/site-packages/airflow/example_dags/example_complex.py took 0.069 seconds
[2024-01-03T02:46:38.200+0000] {processor.py:161} INFO - Started process (PID=2592) to work on /home/airflow/.local/lib/python3.8/site-packages/airflow/example_dags/example_complex.py
[2024-01-03T02:46:38.201+0000] {processor.py:830} INFO - Processing file /home/airflow/.local/lib/python3.8/site-packages/airflow/example_dags/example_complex.py for tasks to queue
[2024-01-03T02:46:38.203+0000] {logging_mixin.py:188} INFO - [2024-01-03T02:46:38.202+0000] {dagbag.py:538} INFO - Filling up the DagBag from /home/airflow/.local/lib/python3.8/site-packages/airflow/example_dags/example_complex.py
[2024-01-03T02:46:38.210+0000] {processor.py:840} INFO - DAG(s) 'example_complex' retrieved from /home/airflow/.local/lib/python3.8/site-packages/airflow/example_dags/example_complex.py
[2024-01-03T02:46:38.333+0000] {logging_mixin.py:188} INFO - [2024-01-03T02:46:38.333+0000] {dag.py:3033} INFO - Sync 1 DAGs
[2024-01-03T02:46:38.342+0000] {logging_mixin.py:188} INFO - [2024-01-03T02:46:38.342+0000] {dag.py:3820} INFO - Setting next_dagrun for example_complex to None, run_after=None
[2024-01-03T02:46:38.354+0000] {processor.py:183} INFO - Processing /home/airflow/.local/lib/python3.8/site-packages/airflow/example_dags/example_complex.py took 0.156 seconds
[2024-01-03T02:47:08.965+0000] {processor.py:161} INFO - Started process (PID=2646) to work on /home/airflow/.local/lib/python3.8/site-packages/airflow/example_dags/example_complex.py
[2024-01-03T02:47:08.966+0000] {processor.py:830} INFO - Processing file /home/airflow/.local/lib/python3.8/site-packages/airflow/example_dags/example_complex.py for tasks to queue
[2024-01-03T02:47:08.967+0000] {logging_mixin.py:188} INFO - [2024-01-03T02:47:08.967+0000] {dagbag.py:538} INFO - Filling up the DagBag from /home/airflow/.local/lib/python3.8/site-packages/airflow/example_dags/example_complex.py
[2024-01-03T02:47:08.975+0000] {processor.py:840} INFO - DAG(s) 'example_complex' retrieved from /home/airflow/.local/lib/python3.8/site-packages/airflow/example_dags/example_complex.py
[2024-01-03T02:47:08.998+0000] {logging_mixin.py:188} INFO - [2024-01-03T02:47:08.998+0000] {dag.py:3033} INFO - Sync 1 DAGs
[2024-01-03T02:47:09.007+0000] {logging_mixin.py:188} INFO - [2024-01-03T02:47:09.007+0000] {dag.py:3820} INFO - Setting next_dagrun for example_complex to None, run_after=None
[2024-01-03T02:47:09.022+0000] {processor.py:183} INFO - Processing /home/airflow/.local/lib/python3.8/site-packages/airflow/example_dags/example_complex.py took 0.059 seconds
