[2024-01-03T02:12:55.068+0000] {processor.py:161} INFO - Started process (PID=58) to work on /home/airflow/.local/lib/python3.8/site-packages/airflow/example_dags/example_xcom.py
[2024-01-03T02:12:55.069+0000] {processor.py:830} INFO - Processing file /home/airflow/.local/lib/python3.8/site-packages/airflow/example_dags/example_xcom.py for tasks to queue
[2024-01-03T02:12:55.070+0000] {logging_mixin.py:188} INFO - [2024-01-03T02:12:55.070+0000] {dagbag.py:538} INFO - Filling up the DagBag from /home/airflow/.local/lib/python3.8/site-packages/airflow/example_dags/example_xcom.py
[2024-01-03T02:12:55.077+0000] {processor.py:840} INFO - DAG(s) 'example_xcom' retrieved from /home/airflow/.local/lib/python3.8/site-packages/airflow/example_dags/example_xcom.py
[2024-01-03T02:12:55.182+0000] {logging_mixin.py:188} INFO - [2024-01-03T02:12:55.180+0000] {dag.py:3033} INFO - Sync 1 DAGs
[2024-01-03T02:18:55.113+0000] {processor.py:161} INFO - Started process (PID=57) to work on /home/airflow/.local/lib/python3.8/site-packages/airflow/example_dags/example_xcom.py
[2024-01-03T02:18:55.114+0000] {processor.py:830} INFO - Processing file /home/airflow/.local/lib/python3.8/site-packages/airflow/example_dags/example_xcom.py for tasks to queue
[2024-01-03T02:18:55.116+0000] {logging_mixin.py:188} INFO - [2024-01-03T02:18:55.116+0000] {dagbag.py:538} INFO - Filling up the DagBag from /home/airflow/.local/lib/python3.8/site-packages/airflow/example_dags/example_xcom.py
[2024-01-03T02:18:55.122+0000] {processor.py:840} INFO - DAG(s) 'example_xcom' retrieved from /home/airflow/.local/lib/python3.8/site-packages/airflow/example_dags/example_xcom.py
[2024-01-03T02:18:55.199+0000] {logging_mixin.py:188} INFO - [2024-01-03T02:18:55.199+0000] {dag.py:3033} INFO - Sync 1 DAGs
[2024-01-03T02:18:55.219+0000] {logging_mixin.py:188} INFO - [2024-01-03T02:18:55.219+0000] {dag.py:3820} INFO - Setting next_dagrun for example_xcom to 2021-01-01T00:00:00+00:00, run_after=2021-01-01T00:00:00+00:00
[2024-01-03T02:18:55.234+0000] {processor.py:183} INFO - Processing /home/airflow/.local/lib/python3.8/site-packages/airflow/example_dags/example_xcom.py took 0.123 seconds
[2024-01-03T02:19:25.686+0000] {processor.py:161} INFO - Started process (PID=112) to work on /home/airflow/.local/lib/python3.8/site-packages/airflow/example_dags/example_xcom.py
[2024-01-03T02:19:25.686+0000] {processor.py:830} INFO - Processing file /home/airflow/.local/lib/python3.8/site-packages/airflow/example_dags/example_xcom.py for tasks to queue
[2024-01-03T02:19:25.688+0000] {logging_mixin.py:188} INFO - [2024-01-03T02:19:25.687+0000] {dagbag.py:538} INFO - Filling up the DagBag from /home/airflow/.local/lib/python3.8/site-packages/airflow/example_dags/example_xcom.py
[2024-01-03T02:19:25.692+0000] {processor.py:840} INFO - DAG(s) 'example_xcom' retrieved from /home/airflow/.local/lib/python3.8/site-packages/airflow/example_dags/example_xcom.py
[2024-01-03T02:19:25.705+0000] {logging_mixin.py:188} INFO - [2024-01-03T02:19:25.705+0000] {dag.py:3033} INFO - Sync 1 DAGs
[2024-01-03T02:19:25.720+0000] {logging_mixin.py:188} INFO - [2024-01-03T02:19:25.719+0000] {dag.py:3820} INFO - Setting next_dagrun for example_xcom to 2021-01-01T00:00:00+00:00, run_after=2021-01-01T00:00:00+00:00
[2024-01-03T02:19:25.731+0000] {processor.py:183} INFO - Processing /home/airflow/.local/lib/python3.8/site-packages/airflow/example_dags/example_xcom.py took 0.047 seconds
[2024-01-03T02:19:55.892+0000] {processor.py:161} INFO - Started process (PID=167) to work on /home/airflow/.local/lib/python3.8/site-packages/airflow/example_dags/example_xcom.py
[2024-01-03T02:19:55.893+0000] {processor.py:830} INFO - Processing file /home/airflow/.local/lib/python3.8/site-packages/airflow/example_dags/example_xcom.py for tasks to queue
[2024-01-03T02:19:55.894+0000] {logging_mixin.py:188} INFO - [2024-01-03T02:19:55.894+0000] {dagbag.py:538} INFO - Filling up the DagBag from /home/airflow/.local/lib/python3.8/site-packages/airflow/example_dags/example_xcom.py
[2024-01-03T02:19:55.899+0000] {processor.py:840} INFO - DAG(s) 'example_xcom' retrieved from /home/airflow/.local/lib/python3.8/site-packages/airflow/example_dags/example_xcom.py
[2024-01-03T02:19:55.912+0000] {logging_mixin.py:188} INFO - [2024-01-03T02:19:55.912+0000] {dag.py:3033} INFO - Sync 1 DAGs
[2024-01-03T02:19:55.926+0000] {logging_mixin.py:188} INFO - [2024-01-03T02:19:55.926+0000] {dag.py:3820} INFO - Setting next_dagrun for example_xcom to 2021-01-01T00:00:00+00:00, run_after=2021-01-01T00:00:00+00:00
[2024-01-03T02:19:55.938+0000] {processor.py:183} INFO - Processing /home/airflow/.local/lib/python3.8/site-packages/airflow/example_dags/example_xcom.py took 0.048 seconds
[2024-01-03T02:20:25.971+0000] {processor.py:161} INFO - Started process (PID=222) to work on /home/airflow/.local/lib/python3.8/site-packages/airflow/example_dags/example_xcom.py
[2024-01-03T02:20:25.972+0000] {processor.py:830} INFO - Processing file /home/airflow/.local/lib/python3.8/site-packages/airflow/example_dags/example_xcom.py for tasks to queue
[2024-01-03T02:20:25.974+0000] {logging_mixin.py:188} INFO - [2024-01-03T02:20:25.974+0000] {dagbag.py:538} INFO - Filling up the DagBag from /home/airflow/.local/lib/python3.8/site-packages/airflow/example_dags/example_xcom.py
[2024-01-03T02:20:25.979+0000] {processor.py:840} INFO - DAG(s) 'example_xcom' retrieved from /home/airflow/.local/lib/python3.8/site-packages/airflow/example_dags/example_xcom.py
[2024-01-03T02:20:25.987+0000] {logging_mixin.py:188} INFO - [2024-01-03T02:20:25.986+0000] {dag.py:3033} INFO - Sync 1 DAGs
[2024-01-03T02:20:26.001+0000] {logging_mixin.py:188} INFO - [2024-01-03T02:20:26.001+0000] {dag.py:3820} INFO - Setting next_dagrun for example_xcom to 2021-01-01T00:00:00+00:00, run_after=2021-01-01T00:00:00+00:00
[2024-01-03T02:20:26.014+0000] {processor.py:183} INFO - Processing /home/airflow/.local/lib/python3.8/site-packages/airflow/example_dags/example_xcom.py took 0.045 seconds
[2024-01-03T02:20:56.700+0000] {processor.py:161} INFO - Started process (PID=277) to work on /home/airflow/.local/lib/python3.8/site-packages/airflow/example_dags/example_xcom.py
[2024-01-03T02:20:56.701+0000] {processor.py:830} INFO - Processing file /home/airflow/.local/lib/python3.8/site-packages/airflow/example_dags/example_xcom.py for tasks to queue
[2024-01-03T02:20:56.703+0000] {logging_mixin.py:188} INFO - [2024-01-03T02:20:56.703+0000] {dagbag.py:538} INFO - Filling up the DagBag from /home/airflow/.local/lib/python3.8/site-packages/airflow/example_dags/example_xcom.py
[2024-01-03T02:20:56.708+0000] {processor.py:840} INFO - DAG(s) 'example_xcom' retrieved from /home/airflow/.local/lib/python3.8/site-packages/airflow/example_dags/example_xcom.py
[2024-01-03T02:20:56.716+0000] {logging_mixin.py:188} INFO - [2024-01-03T02:20:56.716+0000] {dag.py:3033} INFO - Sync 1 DAGs
[2024-01-03T02:20:56.734+0000] {logging_mixin.py:188} INFO - [2024-01-03T02:20:56.734+0000] {dag.py:3820} INFO - Setting next_dagrun for example_xcom to 2021-01-01T00:00:00+00:00, run_after=2021-01-01T00:00:00+00:00
[2024-01-03T02:20:56.748+0000] {processor.py:183} INFO - Processing /home/airflow/.local/lib/python3.8/site-packages/airflow/example_dags/example_xcom.py took 0.050 seconds
[2024-01-03T02:21:27.957+0000] {processor.py:161} INFO - Started process (PID=332) to work on /home/airflow/.local/lib/python3.8/site-packages/airflow/example_dags/example_xcom.py
[2024-01-03T02:21:27.958+0000] {processor.py:830} INFO - Processing file /home/airflow/.local/lib/python3.8/site-packages/airflow/example_dags/example_xcom.py for tasks to queue
[2024-01-03T02:21:27.959+0000] {logging_mixin.py:188} INFO - [2024-01-03T02:21:27.959+0000] {dagbag.py:538} INFO - Filling up the DagBag from /home/airflow/.local/lib/python3.8/site-packages/airflow/example_dags/example_xcom.py
[2024-01-03T02:21:27.965+0000] {processor.py:840} INFO - DAG(s) 'example_xcom' retrieved from /home/airflow/.local/lib/python3.8/site-packages/airflow/example_dags/example_xcom.py
[2024-01-03T02:21:28.028+0000] {logging_mixin.py:188} INFO - [2024-01-03T02:21:28.028+0000] {dag.py:3033} INFO - Sync 1 DAGs
[2024-01-03T02:21:28.041+0000] {logging_mixin.py:188} INFO - [2024-01-03T02:21:28.041+0000] {dag.py:3820} INFO - Setting next_dagrun for example_xcom to 2021-01-01T00:00:00+00:00, run_after=2021-01-01T00:00:00+00:00
[2024-01-03T02:21:28.057+0000] {processor.py:183} INFO - Processing /home/airflow/.local/lib/python3.8/site-packages/airflow/example_dags/example_xcom.py took 0.101 seconds
[2024-01-03T02:21:58.593+0000] {processor.py:161} INFO - Started process (PID=387) to work on /home/airflow/.local/lib/python3.8/site-packages/airflow/example_dags/example_xcom.py
[2024-01-03T02:21:58.594+0000] {processor.py:830} INFO - Processing file /home/airflow/.local/lib/python3.8/site-packages/airflow/example_dags/example_xcom.py for tasks to queue
[2024-01-03T02:21:58.595+0000] {logging_mixin.py:188} INFO - [2024-01-03T02:21:58.595+0000] {dagbag.py:538} INFO - Filling up the DagBag from /home/airflow/.local/lib/python3.8/site-packages/airflow/example_dags/example_xcom.py
[2024-01-03T02:21:58.600+0000] {processor.py:840} INFO - DAG(s) 'example_xcom' retrieved from /home/airflow/.local/lib/python3.8/site-packages/airflow/example_dags/example_xcom.py
[2024-01-03T02:21:58.614+0000] {logging_mixin.py:188} INFO - [2024-01-03T02:21:58.614+0000] {dag.py:3033} INFO - Sync 1 DAGs
[2024-01-03T02:21:58.628+0000] {logging_mixin.py:188} INFO - [2024-01-03T02:21:58.628+0000] {dag.py:3820} INFO - Setting next_dagrun for example_xcom to 2021-01-01T00:00:00+00:00, run_after=2021-01-01T00:00:00+00:00
[2024-01-03T02:21:58.640+0000] {processor.py:183} INFO - Processing /home/airflow/.local/lib/python3.8/site-packages/airflow/example_dags/example_xcom.py took 0.048 seconds
[2024-01-03T02:22:28.798+0000] {processor.py:161} INFO - Started process (PID=442) to work on /home/airflow/.local/lib/python3.8/site-packages/airflow/example_dags/example_xcom.py
[2024-01-03T02:22:28.799+0000] {processor.py:830} INFO - Processing file /home/airflow/.local/lib/python3.8/site-packages/airflow/example_dags/example_xcom.py for tasks to queue
[2024-01-03T02:22:28.801+0000] {logging_mixin.py:188} INFO - [2024-01-03T02:22:28.800+0000] {dagbag.py:538} INFO - Filling up the DagBag from /home/airflow/.local/lib/python3.8/site-packages/airflow/example_dags/example_xcom.py
[2024-01-03T02:22:28.807+0000] {processor.py:840} INFO - DAG(s) 'example_xcom' retrieved from /home/airflow/.local/lib/python3.8/site-packages/airflow/example_dags/example_xcom.py
[2024-01-03T02:22:28.822+0000] {logging_mixin.py:188} INFO - [2024-01-03T02:22:28.822+0000] {dag.py:3033} INFO - Sync 1 DAGs
[2024-01-03T02:22:28.843+0000] {logging_mixin.py:188} INFO - [2024-01-03T02:22:28.843+0000] {dag.py:3820} INFO - Setting next_dagrun for example_xcom to 2021-01-01T00:00:00+00:00, run_after=2021-01-01T00:00:00+00:00
[2024-01-03T02:22:28.864+0000] {processor.py:183} INFO - Processing /home/airflow/.local/lib/python3.8/site-packages/airflow/example_dags/example_xcom.py took 0.069 seconds
[2024-01-03T02:22:59.136+0000] {processor.py:161} INFO - Started process (PID=497) to work on /home/airflow/.local/lib/python3.8/site-packages/airflow/example_dags/example_xcom.py
[2024-01-03T02:22:59.136+0000] {processor.py:830} INFO - Processing file /home/airflow/.local/lib/python3.8/site-packages/airflow/example_dags/example_xcom.py for tasks to queue
[2024-01-03T02:22:59.138+0000] {logging_mixin.py:188} INFO - [2024-01-03T02:22:59.138+0000] {dagbag.py:538} INFO - Filling up the DagBag from /home/airflow/.local/lib/python3.8/site-packages/airflow/example_dags/example_xcom.py
[2024-01-03T02:22:59.144+0000] {processor.py:840} INFO - DAG(s) 'example_xcom' retrieved from /home/airflow/.local/lib/python3.8/site-packages/airflow/example_dags/example_xcom.py
[2024-01-03T02:22:59.159+0000] {logging_mixin.py:188} INFO - [2024-01-03T02:22:59.159+0000] {dag.py:3033} INFO - Sync 1 DAGs
[2024-01-03T02:22:59.175+0000] {logging_mixin.py:188} INFO - [2024-01-03T02:22:59.175+0000] {dag.py:3820} INFO - Setting next_dagrun for example_xcom to 2021-01-01T00:00:00+00:00, run_after=2021-01-01T00:00:00+00:00
[2024-01-03T02:22:59.189+0000] {processor.py:183} INFO - Processing /home/airflow/.local/lib/python3.8/site-packages/airflow/example_dags/example_xcom.py took 0.055 seconds
[2024-01-03T02:23:29.415+0000] {processor.py:161} INFO - Started process (PID=552) to work on /home/airflow/.local/lib/python3.8/site-packages/airflow/example_dags/example_xcom.py
[2024-01-03T02:23:29.415+0000] {processor.py:830} INFO - Processing file /home/airflow/.local/lib/python3.8/site-packages/airflow/example_dags/example_xcom.py for tasks to queue
[2024-01-03T02:23:29.417+0000] {logging_mixin.py:188} INFO - [2024-01-03T02:23:29.417+0000] {dagbag.py:538} INFO - Filling up the DagBag from /home/airflow/.local/lib/python3.8/site-packages/airflow/example_dags/example_xcom.py
[2024-01-03T02:23:29.421+0000] {processor.py:840} INFO - DAG(s) 'example_xcom' retrieved from /home/airflow/.local/lib/python3.8/site-packages/airflow/example_dags/example_xcom.py
[2024-01-03T02:23:29.436+0000] {logging_mixin.py:188} INFO - [2024-01-03T02:23:29.436+0000] {dag.py:3033} INFO - Sync 1 DAGs
[2024-01-03T02:23:29.452+0000] {logging_mixin.py:188} INFO - [2024-01-03T02:23:29.451+0000] {dag.py:3820} INFO - Setting next_dagrun for example_xcom to 2021-01-01T00:00:00+00:00, run_after=2021-01-01T00:00:00+00:00
[2024-01-03T02:23:29.465+0000] {processor.py:183} INFO - Processing /home/airflow/.local/lib/python3.8/site-packages/airflow/example_dags/example_xcom.py took 0.052 seconds
[2024-01-03T02:23:59.620+0000] {processor.py:161} INFO - Started process (PID=607) to work on /home/airflow/.local/lib/python3.8/site-packages/airflow/example_dags/example_xcom.py
[2024-01-03T02:23:59.621+0000] {processor.py:830} INFO - Processing file /home/airflow/.local/lib/python3.8/site-packages/airflow/example_dags/example_xcom.py for tasks to queue
[2024-01-03T02:23:59.623+0000] {logging_mixin.py:188} INFO - [2024-01-03T02:23:59.622+0000] {dagbag.py:538} INFO - Filling up the DagBag from /home/airflow/.local/lib/python3.8/site-packages/airflow/example_dags/example_xcom.py
[2024-01-03T02:23:59.627+0000] {processor.py:840} INFO - DAG(s) 'example_xcom' retrieved from /home/airflow/.local/lib/python3.8/site-packages/airflow/example_dags/example_xcom.py
[2024-01-03T02:23:59.645+0000] {logging_mixin.py:188} INFO - [2024-01-03T02:23:59.644+0000] {dag.py:3033} INFO - Sync 1 DAGs
[2024-01-03T02:23:59.667+0000] {logging_mixin.py:188} INFO - [2024-01-03T02:23:59.667+0000] {dag.py:3820} INFO - Setting next_dagrun for example_xcom to 2021-01-01T00:00:00+00:00, run_after=2021-01-01T00:00:00+00:00
[2024-01-03T02:23:59.683+0000] {processor.py:183} INFO - Processing /home/airflow/.local/lib/python3.8/site-packages/airflow/example_dags/example_xcom.py took 0.065 seconds
[2024-01-03T02:24:30.532+0000] {processor.py:161} INFO - Started process (PID=662) to work on /home/airflow/.local/lib/python3.8/site-packages/airflow/example_dags/example_xcom.py
[2024-01-03T02:24:30.533+0000] {processor.py:830} INFO - Processing file /home/airflow/.local/lib/python3.8/site-packages/airflow/example_dags/example_xcom.py for tasks to queue
[2024-01-03T02:24:30.534+0000] {logging_mixin.py:188} INFO - [2024-01-03T02:24:30.534+0000] {dagbag.py:538} INFO - Filling up the DagBag from /home/airflow/.local/lib/python3.8/site-packages/airflow/example_dags/example_xcom.py
[2024-01-03T02:24:30.539+0000] {processor.py:840} INFO - DAG(s) 'example_xcom' retrieved from /home/airflow/.local/lib/python3.8/site-packages/airflow/example_dags/example_xcom.py
[2024-01-03T02:24:30.552+0000] {logging_mixin.py:188} INFO - [2024-01-03T02:24:30.552+0000] {dag.py:3033} INFO - Sync 1 DAGs
[2024-01-03T02:24:30.568+0000] {logging_mixin.py:188} INFO - [2024-01-03T02:24:30.568+0000] {dag.py:3820} INFO - Setting next_dagrun for example_xcom to 2021-01-01T00:00:00+00:00, run_after=2021-01-01T00:00:00+00:00
[2024-01-03T02:24:30.580+0000] {processor.py:183} INFO - Processing /home/airflow/.local/lib/python3.8/site-packages/airflow/example_dags/example_xcom.py took 0.050 seconds
[2024-01-03T02:25:01.370+0000] {processor.py:161} INFO - Started process (PID=717) to work on /home/airflow/.local/lib/python3.8/site-packages/airflow/example_dags/example_xcom.py
[2024-01-03T02:25:01.371+0000] {processor.py:830} INFO - Processing file /home/airflow/.local/lib/python3.8/site-packages/airflow/example_dags/example_xcom.py for tasks to queue
[2024-01-03T02:25:01.372+0000] {logging_mixin.py:188} INFO - [2024-01-03T02:25:01.372+0000] {dagbag.py:538} INFO - Filling up the DagBag from /home/airflow/.local/lib/python3.8/site-packages/airflow/example_dags/example_xcom.py
[2024-01-03T02:25:01.378+0000] {processor.py:840} INFO - DAG(s) 'example_xcom' retrieved from /home/airflow/.local/lib/python3.8/site-packages/airflow/example_dags/example_xcom.py
[2024-01-03T02:25:01.391+0000] {logging_mixin.py:188} INFO - [2024-01-03T02:25:01.391+0000] {dag.py:3033} INFO - Sync 1 DAGs
[2024-01-03T02:25:01.404+0000] {logging_mixin.py:188} INFO - [2024-01-03T02:25:01.404+0000] {dag.py:3820} INFO - Setting next_dagrun for example_xcom to 2021-01-01T00:00:00+00:00, run_after=2021-01-01T00:00:00+00:00
[2024-01-03T02:25:01.417+0000] {processor.py:183} INFO - Processing /home/airflow/.local/lib/python3.8/site-packages/airflow/example_dags/example_xcom.py took 0.049 seconds
[2024-01-03T02:25:31.472+0000] {processor.py:161} INFO - Started process (PID=772) to work on /home/airflow/.local/lib/python3.8/site-packages/airflow/example_dags/example_xcom.py
[2024-01-03T02:25:31.472+0000] {processor.py:830} INFO - Processing file /home/airflow/.local/lib/python3.8/site-packages/airflow/example_dags/example_xcom.py for tasks to queue
[2024-01-03T02:25:31.474+0000] {logging_mixin.py:188} INFO - [2024-01-03T02:25:31.474+0000] {dagbag.py:538} INFO - Filling up the DagBag from /home/airflow/.local/lib/python3.8/site-packages/airflow/example_dags/example_xcom.py
[2024-01-03T02:25:31.479+0000] {processor.py:840} INFO - DAG(s) 'example_xcom' retrieved from /home/airflow/.local/lib/python3.8/site-packages/airflow/example_dags/example_xcom.py
[2024-01-03T02:25:31.493+0000] {logging_mixin.py:188} INFO - [2024-01-03T02:25:31.492+0000] {dag.py:3033} INFO - Sync 1 DAGs
[2024-01-03T02:25:31.509+0000] {logging_mixin.py:188} INFO - [2024-01-03T02:25:31.508+0000] {dag.py:3820} INFO - Setting next_dagrun for example_xcom to 2021-01-01T00:00:00+00:00, run_after=2021-01-01T00:00:00+00:00
[2024-01-03T02:25:31.521+0000] {processor.py:183} INFO - Processing /home/airflow/.local/lib/python3.8/site-packages/airflow/example_dags/example_xcom.py took 0.051 seconds
[2024-01-03T02:26:01.734+0000] {processor.py:161} INFO - Started process (PID=827) to work on /home/airflow/.local/lib/python3.8/site-packages/airflow/example_dags/example_xcom.py
[2024-01-03T02:26:01.735+0000] {processor.py:830} INFO - Processing file /home/airflow/.local/lib/python3.8/site-packages/airflow/example_dags/example_xcom.py for tasks to queue
[2024-01-03T02:26:01.737+0000] {logging_mixin.py:188} INFO - [2024-01-03T02:26:01.736+0000] {dagbag.py:538} INFO - Filling up the DagBag from /home/airflow/.local/lib/python3.8/site-packages/airflow/example_dags/example_xcom.py
[2024-01-03T02:26:01.741+0000] {processor.py:840} INFO - DAG(s) 'example_xcom' retrieved from /home/airflow/.local/lib/python3.8/site-packages/airflow/example_dags/example_xcom.py
[2024-01-03T02:26:01.755+0000] {logging_mixin.py:188} INFO - [2024-01-03T02:26:01.755+0000] {dag.py:3033} INFO - Sync 1 DAGs
[2024-01-03T02:26:01.770+0000] {logging_mixin.py:188} INFO - [2024-01-03T02:26:01.770+0000] {dag.py:3820} INFO - Setting next_dagrun for example_xcom to 2021-01-01T00:00:00+00:00, run_after=2021-01-01T00:00:00+00:00
[2024-01-03T02:26:01.783+0000] {processor.py:183} INFO - Processing /home/airflow/.local/lib/python3.8/site-packages/airflow/example_dags/example_xcom.py took 0.051 seconds
[2024-01-03T02:26:31.822+0000] {processor.py:161} INFO - Started process (PID=882) to work on /home/airflow/.local/lib/python3.8/site-packages/airflow/example_dags/example_xcom.py
[2024-01-03T02:26:31.823+0000] {processor.py:830} INFO - Processing file /home/airflow/.local/lib/python3.8/site-packages/airflow/example_dags/example_xcom.py for tasks to queue
[2024-01-03T02:26:31.824+0000] {logging_mixin.py:188} INFO - [2024-01-03T02:26:31.824+0000] {dagbag.py:538} INFO - Filling up the DagBag from /home/airflow/.local/lib/python3.8/site-packages/airflow/example_dags/example_xcom.py
[2024-01-03T02:26:31.829+0000] {processor.py:840} INFO - DAG(s) 'example_xcom' retrieved from /home/airflow/.local/lib/python3.8/site-packages/airflow/example_dags/example_xcom.py
[2024-01-03T02:26:31.842+0000] {logging_mixin.py:188} INFO - [2024-01-03T02:26:31.842+0000] {dag.py:3033} INFO - Sync 1 DAGs
[2024-01-03T02:26:31.857+0000] {logging_mixin.py:188} INFO - [2024-01-03T02:26:31.857+0000] {dag.py:3820} INFO - Setting next_dagrun for example_xcom to 2021-01-01T00:00:00+00:00, run_after=2021-01-01T00:00:00+00:00
[2024-01-03T02:26:31.870+0000] {processor.py:183} INFO - Processing /home/airflow/.local/lib/python3.8/site-packages/airflow/example_dags/example_xcom.py took 0.049 seconds
[2024-01-03T02:27:02.582+0000] {processor.py:161} INFO - Started process (PID=937) to work on /home/airflow/.local/lib/python3.8/site-packages/airflow/example_dags/example_xcom.py
[2024-01-03T02:27:02.583+0000] {processor.py:830} INFO - Processing file /home/airflow/.local/lib/python3.8/site-packages/airflow/example_dags/example_xcom.py for tasks to queue
[2024-01-03T02:27:02.584+0000] {logging_mixin.py:188} INFO - [2024-01-03T02:27:02.584+0000] {dagbag.py:538} INFO - Filling up the DagBag from /home/airflow/.local/lib/python3.8/site-packages/airflow/example_dags/example_xcom.py
[2024-01-03T02:27:02.589+0000] {processor.py:840} INFO - DAG(s) 'example_xcom' retrieved from /home/airflow/.local/lib/python3.8/site-packages/airflow/example_dags/example_xcom.py
[2024-01-03T02:27:02.602+0000] {logging_mixin.py:188} INFO - [2024-01-03T02:27:02.602+0000] {dag.py:3033} INFO - Sync 1 DAGs
[2024-01-03T02:27:02.619+0000] {logging_mixin.py:188} INFO - [2024-01-03T02:27:02.619+0000] {dag.py:3820} INFO - Setting next_dagrun for example_xcom to 2021-01-01T00:00:00+00:00, run_after=2021-01-01T00:00:00+00:00
[2024-01-03T02:27:02.631+0000] {processor.py:183} INFO - Processing /home/airflow/.local/lib/python3.8/site-packages/airflow/example_dags/example_xcom.py took 0.051 seconds
[2024-01-03T02:27:33.420+0000] {processor.py:161} INFO - Started process (PID=992) to work on /home/airflow/.local/lib/python3.8/site-packages/airflow/example_dags/example_xcom.py
[2024-01-03T02:27:33.420+0000] {processor.py:830} INFO - Processing file /home/airflow/.local/lib/python3.8/site-packages/airflow/example_dags/example_xcom.py for tasks to queue
[2024-01-03T02:27:33.422+0000] {logging_mixin.py:188} INFO - [2024-01-03T02:27:33.422+0000] {dagbag.py:538} INFO - Filling up the DagBag from /home/airflow/.local/lib/python3.8/site-packages/airflow/example_dags/example_xcom.py
[2024-01-03T02:27:33.427+0000] {processor.py:840} INFO - DAG(s) 'example_xcom' retrieved from /home/airflow/.local/lib/python3.8/site-packages/airflow/example_dags/example_xcom.py
[2024-01-03T02:27:33.441+0000] {logging_mixin.py:188} INFO - [2024-01-03T02:27:33.440+0000] {dag.py:3033} INFO - Sync 1 DAGs
[2024-01-03T02:27:33.456+0000] {logging_mixin.py:188} INFO - [2024-01-03T02:27:33.456+0000] {dag.py:3820} INFO - Setting next_dagrun for example_xcom to 2021-01-01T00:00:00+00:00, run_after=2021-01-01T00:00:00+00:00
[2024-01-03T02:27:33.469+0000] {processor.py:183} INFO - Processing /home/airflow/.local/lib/python3.8/site-packages/airflow/example_dags/example_xcom.py took 0.051 seconds
[2024-01-03T02:28:04.255+0000] {processor.py:161} INFO - Started process (PID=1047) to work on /home/airflow/.local/lib/python3.8/site-packages/airflow/example_dags/example_xcom.py
[2024-01-03T02:28:04.256+0000] {processor.py:830} INFO - Processing file /home/airflow/.local/lib/python3.8/site-packages/airflow/example_dags/example_xcom.py for tasks to queue
[2024-01-03T02:28:04.257+0000] {logging_mixin.py:188} INFO - [2024-01-03T02:28:04.257+0000] {dagbag.py:538} INFO - Filling up the DagBag from /home/airflow/.local/lib/python3.8/site-packages/airflow/example_dags/example_xcom.py
[2024-01-03T02:28:04.262+0000] {processor.py:840} INFO - DAG(s) 'example_xcom' retrieved from /home/airflow/.local/lib/python3.8/site-packages/airflow/example_dags/example_xcom.py
[2024-01-03T02:28:04.275+0000] {logging_mixin.py:188} INFO - [2024-01-03T02:28:04.275+0000] {dag.py:3033} INFO - Sync 1 DAGs
[2024-01-03T02:28:04.290+0000] {logging_mixin.py:188} INFO - [2024-01-03T02:28:04.290+0000] {dag.py:3820} INFO - Setting next_dagrun for example_xcom to 2021-01-01T00:00:00+00:00, run_after=2021-01-01T00:00:00+00:00
[2024-01-03T02:28:04.302+0000] {processor.py:183} INFO - Processing /home/airflow/.local/lib/python3.8/site-packages/airflow/example_dags/example_xcom.py took 0.049 seconds
[2024-01-03T02:28:35.051+0000] {processor.py:161} INFO - Started process (PID=1102) to work on /home/airflow/.local/lib/python3.8/site-packages/airflow/example_dags/example_xcom.py
[2024-01-03T02:28:35.052+0000] {processor.py:830} INFO - Processing file /home/airflow/.local/lib/python3.8/site-packages/airflow/example_dags/example_xcom.py for tasks to queue
[2024-01-03T02:28:35.054+0000] {logging_mixin.py:188} INFO - [2024-01-03T02:28:35.053+0000] {dagbag.py:538} INFO - Filling up the DagBag from /home/airflow/.local/lib/python3.8/site-packages/airflow/example_dags/example_xcom.py
[2024-01-03T02:28:35.058+0000] {processor.py:840} INFO - DAG(s) 'example_xcom' retrieved from /home/airflow/.local/lib/python3.8/site-packages/airflow/example_dags/example_xcom.py
[2024-01-03T02:28:35.071+0000] {logging_mixin.py:188} INFO - [2024-01-03T02:28:35.071+0000] {dag.py:3033} INFO - Sync 1 DAGs
[2024-01-03T02:28:35.086+0000] {logging_mixin.py:188} INFO - [2024-01-03T02:28:35.086+0000] {dag.py:3820} INFO - Setting next_dagrun for example_xcom to 2021-01-01T00:00:00+00:00, run_after=2021-01-01T00:00:00+00:00
[2024-01-03T02:28:35.098+0000] {processor.py:183} INFO - Processing /home/airflow/.local/lib/python3.8/site-packages/airflow/example_dags/example_xcom.py took 0.048 seconds
[2024-01-03T02:29:05.877+0000] {processor.py:161} INFO - Started process (PID=1157) to work on /home/airflow/.local/lib/python3.8/site-packages/airflow/example_dags/example_xcom.py
[2024-01-03T02:29:05.878+0000] {processor.py:830} INFO - Processing file /home/airflow/.local/lib/python3.8/site-packages/airflow/example_dags/example_xcom.py for tasks to queue
[2024-01-03T02:29:05.879+0000] {logging_mixin.py:188} INFO - [2024-01-03T02:29:05.879+0000] {dagbag.py:538} INFO - Filling up the DagBag from /home/airflow/.local/lib/python3.8/site-packages/airflow/example_dags/example_xcom.py
[2024-01-03T02:29:05.884+0000] {processor.py:840} INFO - DAG(s) 'example_xcom' retrieved from /home/airflow/.local/lib/python3.8/site-packages/airflow/example_dags/example_xcom.py
[2024-01-03T02:29:05.898+0000] {logging_mixin.py:188} INFO - [2024-01-03T02:29:05.897+0000] {dag.py:3033} INFO - Sync 1 DAGs
[2024-01-03T02:29:05.912+0000] {logging_mixin.py:188} INFO - [2024-01-03T02:29:05.912+0000] {dag.py:3820} INFO - Setting next_dagrun for example_xcom to 2021-01-01T00:00:00+00:00, run_after=2021-01-01T00:00:00+00:00
[2024-01-03T02:29:05.924+0000] {processor.py:183} INFO - Processing /home/airflow/.local/lib/python3.8/site-packages/airflow/example_dags/example_xcom.py took 0.049 seconds
[2024-01-03T02:29:36.632+0000] {processor.py:161} INFO - Started process (PID=1212) to work on /home/airflow/.local/lib/python3.8/site-packages/airflow/example_dags/example_xcom.py
[2024-01-03T02:29:36.633+0000] {processor.py:830} INFO - Processing file /home/airflow/.local/lib/python3.8/site-packages/airflow/example_dags/example_xcom.py for tasks to queue
[2024-01-03T02:29:36.634+0000] {logging_mixin.py:188} INFO - [2024-01-03T02:29:36.634+0000] {dagbag.py:538} INFO - Filling up the DagBag from /home/airflow/.local/lib/python3.8/site-packages/airflow/example_dags/example_xcom.py
[2024-01-03T02:29:36.639+0000] {processor.py:840} INFO - DAG(s) 'example_xcom' retrieved from /home/airflow/.local/lib/python3.8/site-packages/airflow/example_dags/example_xcom.py
[2024-01-03T02:29:36.652+0000] {logging_mixin.py:188} INFO - [2024-01-03T02:29:36.652+0000] {dag.py:3033} INFO - Sync 1 DAGs
[2024-01-03T02:29:36.668+0000] {logging_mixin.py:188} INFO - [2024-01-03T02:29:36.668+0000] {dag.py:3820} INFO - Setting next_dagrun for example_xcom to 2021-01-01T00:00:00+00:00, run_after=2021-01-01T00:00:00+00:00
[2024-01-03T02:29:36.681+0000] {processor.py:183} INFO - Processing /home/airflow/.local/lib/python3.8/site-packages/airflow/example_dags/example_xcom.py took 0.050 seconds
[2024-01-03T02:30:07.716+0000] {processor.py:161} INFO - Started process (PID=1267) to work on /home/airflow/.local/lib/python3.8/site-packages/airflow/example_dags/example_xcom.py
[2024-01-03T02:30:07.717+0000] {processor.py:830} INFO - Processing file /home/airflow/.local/lib/python3.8/site-packages/airflow/example_dags/example_xcom.py for tasks to queue
[2024-01-03T02:30:07.719+0000] {logging_mixin.py:188} INFO - [2024-01-03T02:30:07.719+0000] {dagbag.py:538} INFO - Filling up the DagBag from /home/airflow/.local/lib/python3.8/site-packages/airflow/example_dags/example_xcom.py
[2024-01-03T02:30:07.724+0000] {processor.py:840} INFO - DAG(s) 'example_xcom' retrieved from /home/airflow/.local/lib/python3.8/site-packages/airflow/example_dags/example_xcom.py
[2024-01-03T02:30:07.736+0000] {logging_mixin.py:188} INFO - [2024-01-03T02:30:07.736+0000] {dag.py:3033} INFO - Sync 1 DAGs
[2024-01-03T02:30:07.751+0000] {logging_mixin.py:188} INFO - [2024-01-03T02:30:07.751+0000] {dag.py:3820} INFO - Setting next_dagrun for example_xcom to 2021-01-01T00:00:00+00:00, run_after=2021-01-01T00:00:00+00:00
[2024-01-03T02:30:07.764+0000] {processor.py:183} INFO - Processing /home/airflow/.local/lib/python3.8/site-packages/airflow/example_dags/example_xcom.py took 0.050 seconds
[2024-01-03T02:30:38.724+0000] {processor.py:161} INFO - Started process (PID=1322) to work on /home/airflow/.local/lib/python3.8/site-packages/airflow/example_dags/example_xcom.py
[2024-01-03T02:30:38.725+0000] {processor.py:830} INFO - Processing file /home/airflow/.local/lib/python3.8/site-packages/airflow/example_dags/example_xcom.py for tasks to queue
[2024-01-03T02:30:38.727+0000] {logging_mixin.py:188} INFO - [2024-01-03T02:30:38.726+0000] {dagbag.py:538} INFO - Filling up the DagBag from /home/airflow/.local/lib/python3.8/site-packages/airflow/example_dags/example_xcom.py
[2024-01-03T02:30:38.732+0000] {processor.py:840} INFO - DAG(s) 'example_xcom' retrieved from /home/airflow/.local/lib/python3.8/site-packages/airflow/example_dags/example_xcom.py
[2024-01-03T02:30:38.746+0000] {logging_mixin.py:188} INFO - [2024-01-03T02:30:38.746+0000] {dag.py:3033} INFO - Sync 1 DAGs
[2024-01-03T02:30:38.762+0000] {logging_mixin.py:188} INFO - [2024-01-03T02:30:38.762+0000] {dag.py:3820} INFO - Setting next_dagrun for example_xcom to 2021-01-01T00:00:00+00:00, run_after=2021-01-01T00:00:00+00:00
[2024-01-03T02:30:38.775+0000] {processor.py:183} INFO - Processing /home/airflow/.local/lib/python3.8/site-packages/airflow/example_dags/example_xcom.py took 0.053 seconds
[2024-01-03T02:31:09.016+0000] {processor.py:161} INFO - Started process (PID=1377) to work on /home/airflow/.local/lib/python3.8/site-packages/airflow/example_dags/example_xcom.py
[2024-01-03T02:31:09.017+0000] {processor.py:830} INFO - Processing file /home/airflow/.local/lib/python3.8/site-packages/airflow/example_dags/example_xcom.py for tasks to queue
[2024-01-03T02:31:09.018+0000] {logging_mixin.py:188} INFO - [2024-01-03T02:31:09.018+0000] {dagbag.py:538} INFO - Filling up the DagBag from /home/airflow/.local/lib/python3.8/site-packages/airflow/example_dags/example_xcom.py
[2024-01-03T02:31:09.023+0000] {processor.py:840} INFO - DAG(s) 'example_xcom' retrieved from /home/airflow/.local/lib/python3.8/site-packages/airflow/example_dags/example_xcom.py
[2024-01-03T02:31:09.038+0000] {logging_mixin.py:188} INFO - [2024-01-03T02:31:09.038+0000] {dag.py:3033} INFO - Sync 1 DAGs
[2024-01-03T02:31:09.054+0000] {logging_mixin.py:188} INFO - [2024-01-03T02:31:09.054+0000] {dag.py:3820} INFO - Setting next_dagrun for example_xcom to 2021-01-01T00:00:00+00:00, run_after=2021-01-01T00:00:00+00:00
[2024-01-03T02:31:09.067+0000] {processor.py:183} INFO - Processing /home/airflow/.local/lib/python3.8/site-packages/airflow/example_dags/example_xcom.py took 0.053 seconds
[2024-01-03T02:31:39.258+0000] {processor.py:161} INFO - Started process (PID=1432) to work on /home/airflow/.local/lib/python3.8/site-packages/airflow/example_dags/example_xcom.py
[2024-01-03T02:31:39.259+0000] {processor.py:830} INFO - Processing file /home/airflow/.local/lib/python3.8/site-packages/airflow/example_dags/example_xcom.py for tasks to queue
[2024-01-03T02:31:39.260+0000] {logging_mixin.py:188} INFO - [2024-01-03T02:31:39.260+0000] {dagbag.py:538} INFO - Filling up the DagBag from /home/airflow/.local/lib/python3.8/site-packages/airflow/example_dags/example_xcom.py
[2024-01-03T02:31:39.264+0000] {processor.py:840} INFO - DAG(s) 'example_xcom' retrieved from /home/airflow/.local/lib/python3.8/site-packages/airflow/example_dags/example_xcom.py
[2024-01-03T02:31:39.278+0000] {logging_mixin.py:188} INFO - [2024-01-03T02:31:39.278+0000] {dag.py:3033} INFO - Sync 1 DAGs
[2024-01-03T02:31:39.292+0000] {logging_mixin.py:188} INFO - [2024-01-03T02:31:39.292+0000] {dag.py:3820} INFO - Setting next_dagrun for example_xcom to 2021-01-01T00:00:00+00:00, run_after=2021-01-01T00:00:00+00:00
[2024-01-03T02:31:39.304+0000] {processor.py:183} INFO - Processing /home/airflow/.local/lib/python3.8/site-packages/airflow/example_dags/example_xcom.py took 0.048 seconds
[2024-01-03T02:32:09.388+0000] {processor.py:161} INFO - Started process (PID=1487) to work on /home/airflow/.local/lib/python3.8/site-packages/airflow/example_dags/example_xcom.py
[2024-01-03T02:32:09.388+0000] {processor.py:830} INFO - Processing file /home/airflow/.local/lib/python3.8/site-packages/airflow/example_dags/example_xcom.py for tasks to queue
[2024-01-03T02:32:09.390+0000] {logging_mixin.py:188} INFO - [2024-01-03T02:32:09.390+0000] {dagbag.py:538} INFO - Filling up the DagBag from /home/airflow/.local/lib/python3.8/site-packages/airflow/example_dags/example_xcom.py
[2024-01-03T02:32:09.395+0000] {processor.py:840} INFO - DAG(s) 'example_xcom' retrieved from /home/airflow/.local/lib/python3.8/site-packages/airflow/example_dags/example_xcom.py
[2024-01-03T02:32:09.410+0000] {logging_mixin.py:188} INFO - [2024-01-03T02:32:09.410+0000] {dag.py:3033} INFO - Sync 1 DAGs
[2024-01-03T02:32:09.425+0000] {logging_mixin.py:188} INFO - [2024-01-03T02:32:09.425+0000] {dag.py:3820} INFO - Setting next_dagrun for example_xcom to 2021-01-01T00:00:00+00:00, run_after=2021-01-01T00:00:00+00:00
[2024-01-03T02:32:09.438+0000] {processor.py:183} INFO - Processing /home/airflow/.local/lib/python3.8/site-packages/airflow/example_dags/example_xcom.py took 0.053 seconds
[2024-01-03T02:32:39.502+0000] {processor.py:161} INFO - Started process (PID=1542) to work on /home/airflow/.local/lib/python3.8/site-packages/airflow/example_dags/example_xcom.py
[2024-01-03T02:32:39.503+0000] {processor.py:830} INFO - Processing file /home/airflow/.local/lib/python3.8/site-packages/airflow/example_dags/example_xcom.py for tasks to queue
[2024-01-03T02:32:39.504+0000] {logging_mixin.py:188} INFO - [2024-01-03T02:32:39.504+0000] {dagbag.py:538} INFO - Filling up the DagBag from /home/airflow/.local/lib/python3.8/site-packages/airflow/example_dags/example_xcom.py
[2024-01-03T02:32:39.509+0000] {processor.py:840} INFO - DAG(s) 'example_xcom' retrieved from /home/airflow/.local/lib/python3.8/site-packages/airflow/example_dags/example_xcom.py
[2024-01-03T02:32:39.522+0000] {logging_mixin.py:188} INFO - [2024-01-03T02:32:39.522+0000] {dag.py:3033} INFO - Sync 1 DAGs
[2024-01-03T02:32:39.536+0000] {logging_mixin.py:188} INFO - [2024-01-03T02:32:39.536+0000] {dag.py:3820} INFO - Setting next_dagrun for example_xcom to 2021-01-01T00:00:00+00:00, run_after=2021-01-01T00:00:00+00:00
[2024-01-03T02:32:39.547+0000] {processor.py:183} INFO - Processing /home/airflow/.local/lib/python3.8/site-packages/airflow/example_dags/example_xcom.py took 0.047 seconds
[2024-01-03T02:33:09.601+0000] {processor.py:161} INFO - Started process (PID=1597) to work on /home/airflow/.local/lib/python3.8/site-packages/airflow/example_dags/example_xcom.py
[2024-01-03T02:33:09.602+0000] {processor.py:830} INFO - Processing file /home/airflow/.local/lib/python3.8/site-packages/airflow/example_dags/example_xcom.py for tasks to queue
[2024-01-03T02:33:09.603+0000] {logging_mixin.py:188} INFO - [2024-01-03T02:33:09.603+0000] {dagbag.py:538} INFO - Filling up the DagBag from /home/airflow/.local/lib/python3.8/site-packages/airflow/example_dags/example_xcom.py
[2024-01-03T02:33:09.608+0000] {processor.py:840} INFO - DAG(s) 'example_xcom' retrieved from /home/airflow/.local/lib/python3.8/site-packages/airflow/example_dags/example_xcom.py
[2024-01-03T02:33:09.621+0000] {logging_mixin.py:188} INFO - [2024-01-03T02:33:09.621+0000] {dag.py:3033} INFO - Sync 1 DAGs
[2024-01-03T02:33:09.635+0000] {logging_mixin.py:188} INFO - [2024-01-03T02:33:09.635+0000] {dag.py:3820} INFO - Setting next_dagrun for example_xcom to 2021-01-01T00:00:00+00:00, run_after=2021-01-01T00:00:00+00:00
[2024-01-03T02:33:09.646+0000] {processor.py:183} INFO - Processing /home/airflow/.local/lib/python3.8/site-packages/airflow/example_dags/example_xcom.py took 0.047 seconds
[2024-01-03T02:33:39.682+0000] {processor.py:161} INFO - Started process (PID=1652) to work on /home/airflow/.local/lib/python3.8/site-packages/airflow/example_dags/example_xcom.py
[2024-01-03T02:33:39.683+0000] {processor.py:830} INFO - Processing file /home/airflow/.local/lib/python3.8/site-packages/airflow/example_dags/example_xcom.py for tasks to queue
[2024-01-03T02:33:39.685+0000] {logging_mixin.py:188} INFO - [2024-01-03T02:33:39.684+0000] {dagbag.py:538} INFO - Filling up the DagBag from /home/airflow/.local/lib/python3.8/site-packages/airflow/example_dags/example_xcom.py
[2024-01-03T02:33:39.689+0000] {processor.py:840} INFO - DAG(s) 'example_xcom' retrieved from /home/airflow/.local/lib/python3.8/site-packages/airflow/example_dags/example_xcom.py
[2024-01-03T02:33:39.703+0000] {logging_mixin.py:188} INFO - [2024-01-03T02:33:39.703+0000] {dag.py:3033} INFO - Sync 1 DAGs
[2024-01-03T02:33:39.717+0000] {logging_mixin.py:188} INFO - [2024-01-03T02:33:39.717+0000] {dag.py:3820} INFO - Setting next_dagrun for example_xcom to 2021-01-01T00:00:00+00:00, run_after=2021-01-01T00:00:00+00:00
[2024-01-03T02:33:39.728+0000] {processor.py:183} INFO - Processing /home/airflow/.local/lib/python3.8/site-packages/airflow/example_dags/example_xcom.py took 0.048 seconds
[2024-01-03T02:34:09.775+0000] {processor.py:161} INFO - Started process (PID=1707) to work on /home/airflow/.local/lib/python3.8/site-packages/airflow/example_dags/example_xcom.py
[2024-01-03T02:34:09.775+0000] {processor.py:830} INFO - Processing file /home/airflow/.local/lib/python3.8/site-packages/airflow/example_dags/example_xcom.py for tasks to queue
[2024-01-03T02:34:09.777+0000] {logging_mixin.py:188} INFO - [2024-01-03T02:34:09.777+0000] {dagbag.py:538} INFO - Filling up the DagBag from /home/airflow/.local/lib/python3.8/site-packages/airflow/example_dags/example_xcom.py
[2024-01-03T02:34:09.782+0000] {processor.py:840} INFO - DAG(s) 'example_xcom' retrieved from /home/airflow/.local/lib/python3.8/site-packages/airflow/example_dags/example_xcom.py
[2024-01-03T02:34:09.796+0000] {logging_mixin.py:188} INFO - [2024-01-03T02:34:09.796+0000] {dag.py:3033} INFO - Sync 1 DAGs
[2024-01-03T02:34:09.811+0000] {logging_mixin.py:188} INFO - [2024-01-03T02:34:09.811+0000] {dag.py:3820} INFO - Setting next_dagrun for example_xcom to 2021-01-01T00:00:00+00:00, run_after=2021-01-01T00:00:00+00:00
[2024-01-03T02:34:09.823+0000] {processor.py:183} INFO - Processing /home/airflow/.local/lib/python3.8/site-packages/airflow/example_dags/example_xcom.py took 0.051 seconds
[2024-01-03T02:34:40.455+0000] {processor.py:161} INFO - Started process (PID=1763) to work on /home/airflow/.local/lib/python3.8/site-packages/airflow/example_dags/example_xcom.py
[2024-01-03T02:34:40.456+0000] {processor.py:830} INFO - Processing file /home/airflow/.local/lib/python3.8/site-packages/airflow/example_dags/example_xcom.py for tasks to queue
[2024-01-03T02:34:40.457+0000] {logging_mixin.py:188} INFO - [2024-01-03T02:34:40.457+0000] {dagbag.py:538} INFO - Filling up the DagBag from /home/airflow/.local/lib/python3.8/site-packages/airflow/example_dags/example_xcom.py
[2024-01-03T02:34:40.462+0000] {processor.py:840} INFO - DAG(s) 'example_xcom' retrieved from /home/airflow/.local/lib/python3.8/site-packages/airflow/example_dags/example_xcom.py
[2024-01-03T02:34:40.476+0000] {logging_mixin.py:188} INFO - [2024-01-03T02:34:40.476+0000] {dag.py:3033} INFO - Sync 1 DAGs
[2024-01-03T02:34:40.492+0000] {logging_mixin.py:188} INFO - [2024-01-03T02:34:40.492+0000] {dag.py:3820} INFO - Setting next_dagrun for example_xcom to 2021-01-01T00:00:00+00:00, run_after=2021-01-01T00:00:00+00:00
[2024-01-03T02:34:40.506+0000] {processor.py:183} INFO - Processing /home/airflow/.local/lib/python3.8/site-packages/airflow/example_dags/example_xcom.py took 0.054 seconds
[2024-01-03T02:35:11.299+0000] {processor.py:161} INFO - Started process (PID=1818) to work on /home/airflow/.local/lib/python3.8/site-packages/airflow/example_dags/example_xcom.py
[2024-01-03T02:35:11.300+0000] {processor.py:830} INFO - Processing file /home/airflow/.local/lib/python3.8/site-packages/airflow/example_dags/example_xcom.py for tasks to queue
[2024-01-03T02:35:11.301+0000] {logging_mixin.py:188} INFO - [2024-01-03T02:35:11.301+0000] {dagbag.py:538} INFO - Filling up the DagBag from /home/airflow/.local/lib/python3.8/site-packages/airflow/example_dags/example_xcom.py
[2024-01-03T02:35:11.306+0000] {processor.py:840} INFO - DAG(s) 'example_xcom' retrieved from /home/airflow/.local/lib/python3.8/site-packages/airflow/example_dags/example_xcom.py
[2024-01-03T02:35:11.319+0000] {logging_mixin.py:188} INFO - [2024-01-03T02:35:11.319+0000] {dag.py:3033} INFO - Sync 1 DAGs
[2024-01-03T02:35:11.335+0000] {logging_mixin.py:188} INFO - [2024-01-03T02:35:11.334+0000] {dag.py:3820} INFO - Setting next_dagrun for example_xcom to 2021-01-01T00:00:00+00:00, run_after=2021-01-01T00:00:00+00:00
[2024-01-03T02:35:11.348+0000] {processor.py:183} INFO - Processing /home/airflow/.local/lib/python3.8/site-packages/airflow/example_dags/example_xcom.py took 0.051 seconds
[2024-01-03T02:35:42.184+0000] {processor.py:161} INFO - Started process (PID=1873) to work on /home/airflow/.local/lib/python3.8/site-packages/airflow/example_dags/example_xcom.py
[2024-01-03T02:35:42.185+0000] {processor.py:830} INFO - Processing file /home/airflow/.local/lib/python3.8/site-packages/airflow/example_dags/example_xcom.py for tasks to queue
[2024-01-03T02:35:42.186+0000] {logging_mixin.py:188} INFO - [2024-01-03T02:35:42.186+0000] {dagbag.py:538} INFO - Filling up the DagBag from /home/airflow/.local/lib/python3.8/site-packages/airflow/example_dags/example_xcom.py
[2024-01-03T02:35:42.191+0000] {processor.py:840} INFO - DAG(s) 'example_xcom' retrieved from /home/airflow/.local/lib/python3.8/site-packages/airflow/example_dags/example_xcom.py
[2024-01-03T02:35:42.204+0000] {logging_mixin.py:188} INFO - [2024-01-03T02:35:42.204+0000] {dag.py:3033} INFO - Sync 1 DAGs
[2024-01-03T02:35:42.221+0000] {logging_mixin.py:188} INFO - [2024-01-03T02:35:42.221+0000] {dag.py:3820} INFO - Setting next_dagrun for example_xcom to 2021-01-01T00:00:00+00:00, run_after=2021-01-01T00:00:00+00:00
[2024-01-03T02:35:42.234+0000] {processor.py:183} INFO - Processing /home/airflow/.local/lib/python3.8/site-packages/airflow/example_dags/example_xcom.py took 0.052 seconds
[2024-01-03T02:36:12.984+0000] {processor.py:161} INFO - Started process (PID=1928) to work on /home/airflow/.local/lib/python3.8/site-packages/airflow/example_dags/example_xcom.py
[2024-01-03T02:36:12.985+0000] {processor.py:830} INFO - Processing file /home/airflow/.local/lib/python3.8/site-packages/airflow/example_dags/example_xcom.py for tasks to queue
[2024-01-03T02:36:12.986+0000] {logging_mixin.py:188} INFO - [2024-01-03T02:36:12.986+0000] {dagbag.py:538} INFO - Filling up the DagBag from /home/airflow/.local/lib/python3.8/site-packages/airflow/example_dags/example_xcom.py
[2024-01-03T02:36:12.991+0000] {processor.py:840} INFO - DAG(s) 'example_xcom' retrieved from /home/airflow/.local/lib/python3.8/site-packages/airflow/example_dags/example_xcom.py
[2024-01-03T02:36:13.005+0000] {logging_mixin.py:188} INFO - [2024-01-03T02:36:13.004+0000] {dag.py:3033} INFO - Sync 1 DAGs
[2024-01-03T02:36:13.020+0000] {logging_mixin.py:188} INFO - [2024-01-03T02:36:13.020+0000] {dag.py:3820} INFO - Setting next_dagrun for example_xcom to 2021-01-01T00:00:00+00:00, run_after=2021-01-01T00:00:00+00:00
[2024-01-03T02:36:13.032+0000] {processor.py:183} INFO - Processing /home/airflow/.local/lib/python3.8/site-packages/airflow/example_dags/example_xcom.py took 0.050 seconds
[2024-01-03T02:36:43.143+0000] {processor.py:161} INFO - Started process (PID=1983) to work on /home/airflow/.local/lib/python3.8/site-packages/airflow/example_dags/example_xcom.py
[2024-01-03T02:36:43.143+0000] {processor.py:830} INFO - Processing file /home/airflow/.local/lib/python3.8/site-packages/airflow/example_dags/example_xcom.py for tasks to queue
[2024-01-03T02:36:43.145+0000] {logging_mixin.py:188} INFO - [2024-01-03T02:36:43.145+0000] {dagbag.py:538} INFO - Filling up the DagBag from /home/airflow/.local/lib/python3.8/site-packages/airflow/example_dags/example_xcom.py
[2024-01-03T02:36:43.151+0000] {processor.py:840} INFO - DAG(s) 'example_xcom' retrieved from /home/airflow/.local/lib/python3.8/site-packages/airflow/example_dags/example_xcom.py
[2024-01-03T02:36:43.165+0000] {logging_mixin.py:188} INFO - [2024-01-03T02:36:43.165+0000] {dag.py:3033} INFO - Sync 1 DAGs
[2024-01-03T02:36:43.180+0000] {logging_mixin.py:188} INFO - [2024-01-03T02:36:43.179+0000] {dag.py:3820} INFO - Setting next_dagrun for example_xcom to 2021-01-01T00:00:00+00:00, run_after=2021-01-01T00:00:00+00:00
[2024-01-03T02:36:43.192+0000] {processor.py:183} INFO - Processing /home/airflow/.local/lib/python3.8/site-packages/airflow/example_dags/example_xcom.py took 0.051 seconds
[2024-01-03T02:41:32.369+0000] {processor.py:161} INFO - Started process (PID=2044) to work on /home/airflow/.local/lib/python3.8/site-packages/airflow/example_dags/example_xcom.py
[2024-01-03T02:41:32.371+0000] {processor.py:830} INFO - Processing file /home/airflow/.local/lib/python3.8/site-packages/airflow/example_dags/example_xcom.py for tasks to queue
[2024-01-03T02:41:32.373+0000] {logging_mixin.py:188} INFO - [2024-01-03T02:41:32.373+0000] {dagbag.py:538} INFO - Filling up the DagBag from /home/airflow/.local/lib/python3.8/site-packages/airflow/example_dags/example_xcom.py
[2024-01-03T02:41:32.380+0000] {processor.py:840} INFO - DAG(s) 'example_xcom' retrieved from /home/airflow/.local/lib/python3.8/site-packages/airflow/example_dags/example_xcom.py
[2024-01-03T02:41:32.397+0000] {logging_mixin.py:188} INFO - [2024-01-03T02:41:32.397+0000] {dag.py:3033} INFO - Sync 1 DAGs
[2024-01-03T02:41:32.421+0000] {logging_mixin.py:188} INFO - [2024-01-03T02:41:32.421+0000] {dag.py:3820} INFO - Setting next_dagrun for example_xcom to 2021-01-01T00:00:00+00:00, run_after=2021-01-01T00:00:00+00:00
[2024-01-03T02:41:32.438+0000] {processor.py:183} INFO - Processing /home/airflow/.local/lib/python3.8/site-packages/airflow/example_dags/example_xcom.py took 0.070 seconds
[2024-01-03T02:42:03.072+0000] {processor.py:161} INFO - Started process (PID=2099) to work on /home/airflow/.local/lib/python3.8/site-packages/airflow/example_dags/example_xcom.py
[2024-01-03T02:42:03.073+0000] {processor.py:830} INFO - Processing file /home/airflow/.local/lib/python3.8/site-packages/airflow/example_dags/example_xcom.py for tasks to queue
[2024-01-03T02:42:03.074+0000] {logging_mixin.py:188} INFO - [2024-01-03T02:42:03.074+0000] {dagbag.py:538} INFO - Filling up the DagBag from /home/airflow/.local/lib/python3.8/site-packages/airflow/example_dags/example_xcom.py
[2024-01-03T02:42:03.079+0000] {processor.py:840} INFO - DAG(s) 'example_xcom' retrieved from /home/airflow/.local/lib/python3.8/site-packages/airflow/example_dags/example_xcom.py
[2024-01-03T02:42:03.093+0000] {logging_mixin.py:188} INFO - [2024-01-03T02:42:03.093+0000] {dag.py:3033} INFO - Sync 1 DAGs
[2024-01-03T02:42:03.108+0000] {logging_mixin.py:188} INFO - [2024-01-03T02:42:03.108+0000] {dag.py:3820} INFO - Setting next_dagrun for example_xcom to 2021-01-01T00:00:00+00:00, run_after=2021-01-01T00:00:00+00:00
[2024-01-03T02:42:03.121+0000] {processor.py:183} INFO - Processing /home/airflow/.local/lib/python3.8/site-packages/airflow/example_dags/example_xcom.py took 0.051 seconds
[2024-01-03T02:42:33.403+0000] {processor.py:161} INFO - Started process (PID=2154) to work on /home/airflow/.local/lib/python3.8/site-packages/airflow/example_dags/example_xcom.py
[2024-01-03T02:42:33.405+0000] {processor.py:830} INFO - Processing file /home/airflow/.local/lib/python3.8/site-packages/airflow/example_dags/example_xcom.py for tasks to queue
[2024-01-03T02:42:33.407+0000] {logging_mixin.py:188} INFO - [2024-01-03T02:42:33.406+0000] {dagbag.py:538} INFO - Filling up the DagBag from /home/airflow/.local/lib/python3.8/site-packages/airflow/example_dags/example_xcom.py
[2024-01-03T02:42:33.412+0000] {processor.py:840} INFO - DAG(s) 'example_xcom' retrieved from /home/airflow/.local/lib/python3.8/site-packages/airflow/example_dags/example_xcom.py
[2024-01-03T02:42:33.429+0000] {logging_mixin.py:188} INFO - [2024-01-03T02:42:33.429+0000] {dag.py:3033} INFO - Sync 1 DAGs
[2024-01-03T02:42:33.447+0000] {logging_mixin.py:188} INFO - [2024-01-03T02:42:33.446+0000] {dag.py:3820} INFO - Setting next_dagrun for example_xcom to 2021-01-01T00:00:00+00:00, run_after=2021-01-01T00:00:00+00:00
[2024-01-03T02:42:33.460+0000] {processor.py:183} INFO - Processing /home/airflow/.local/lib/python3.8/site-packages/airflow/example_dags/example_xcom.py took 0.059 seconds
[2024-01-03T02:43:03.661+0000] {processor.py:161} INFO - Started process (PID=2209) to work on /home/airflow/.local/lib/python3.8/site-packages/airflow/example_dags/example_xcom.py
[2024-01-03T02:43:03.662+0000] {processor.py:830} INFO - Processing file /home/airflow/.local/lib/python3.8/site-packages/airflow/example_dags/example_xcom.py for tasks to queue
[2024-01-03T02:43:03.663+0000] {logging_mixin.py:188} INFO - [2024-01-03T02:43:03.663+0000] {dagbag.py:538} INFO - Filling up the DagBag from /home/airflow/.local/lib/python3.8/site-packages/airflow/example_dags/example_xcom.py
[2024-01-03T02:43:03.669+0000] {processor.py:840} INFO - DAG(s) 'example_xcom' retrieved from /home/airflow/.local/lib/python3.8/site-packages/airflow/example_dags/example_xcom.py
[2024-01-03T02:43:03.685+0000] {logging_mixin.py:188} INFO - [2024-01-03T02:43:03.684+0000] {dag.py:3033} INFO - Sync 1 DAGs
[2024-01-03T02:43:03.703+0000] {logging_mixin.py:188} INFO - [2024-01-03T02:43:03.703+0000] {dag.py:3820} INFO - Setting next_dagrun for example_xcom to 2021-01-01T00:00:00+00:00, run_after=2021-01-01T00:00:00+00:00
[2024-01-03T02:43:03.718+0000] {processor.py:183} INFO - Processing /home/airflow/.local/lib/python3.8/site-packages/airflow/example_dags/example_xcom.py took 0.059 seconds
[2024-01-03T02:43:34.758+0000] {processor.py:161} INFO - Started process (PID=2264) to work on /home/airflow/.local/lib/python3.8/site-packages/airflow/example_dags/example_xcom.py
[2024-01-03T02:43:34.759+0000] {processor.py:830} INFO - Processing file /home/airflow/.local/lib/python3.8/site-packages/airflow/example_dags/example_xcom.py for tasks to queue
[2024-01-03T02:43:34.761+0000] {logging_mixin.py:188} INFO - [2024-01-03T02:43:34.761+0000] {dagbag.py:538} INFO - Filling up the DagBag from /home/airflow/.local/lib/python3.8/site-packages/airflow/example_dags/example_xcom.py
[2024-01-03T02:43:34.767+0000] {processor.py:840} INFO - DAG(s) 'example_xcom' retrieved from /home/airflow/.local/lib/python3.8/site-packages/airflow/example_dags/example_xcom.py
[2024-01-03T02:43:34.785+0000] {logging_mixin.py:188} INFO - [2024-01-03T02:43:34.785+0000] {dag.py:3033} INFO - Sync 1 DAGs
[2024-01-03T02:43:34.803+0000] {logging_mixin.py:188} INFO - [2024-01-03T02:43:34.803+0000] {dag.py:3820} INFO - Setting next_dagrun for example_xcom to 2021-01-01T00:00:00+00:00, run_after=2021-01-01T00:00:00+00:00
[2024-01-03T02:43:34.818+0000] {processor.py:183} INFO - Processing /home/airflow/.local/lib/python3.8/site-packages/airflow/example_dags/example_xcom.py took 0.062 seconds
[2024-01-03T02:44:05.495+0000] {processor.py:161} INFO - Started process (PID=2319) to work on /home/airflow/.local/lib/python3.8/site-packages/airflow/example_dags/example_xcom.py
[2024-01-03T02:44:05.496+0000] {processor.py:830} INFO - Processing file /home/airflow/.local/lib/python3.8/site-packages/airflow/example_dags/example_xcom.py for tasks to queue
[2024-01-03T02:44:05.497+0000] {logging_mixin.py:188} INFO - [2024-01-03T02:44:05.497+0000] {dagbag.py:538} INFO - Filling up the DagBag from /home/airflow/.local/lib/python3.8/site-packages/airflow/example_dags/example_xcom.py
[2024-01-03T02:44:05.502+0000] {processor.py:840} INFO - DAG(s) 'example_xcom' retrieved from /home/airflow/.local/lib/python3.8/site-packages/airflow/example_dags/example_xcom.py
[2024-01-03T02:44:05.516+0000] {logging_mixin.py:188} INFO - [2024-01-03T02:44:05.516+0000] {dag.py:3033} INFO - Sync 1 DAGs
[2024-01-03T02:44:05.639+0000] {logging_mixin.py:188} INFO - [2024-01-03T02:44:05.638+0000] {dag.py:3820} INFO - Setting next_dagrun for example_xcom to 2021-01-01T00:00:00+00:00, run_after=2021-01-01T00:00:00+00:00
[2024-01-03T02:44:05.651+0000] {processor.py:183} INFO - Processing /home/airflow/.local/lib/python3.8/site-packages/airflow/example_dags/example_xcom.py took 0.158 seconds
[2024-01-03T02:44:35.939+0000] {processor.py:161} INFO - Started process (PID=2374) to work on /home/airflow/.local/lib/python3.8/site-packages/airflow/example_dags/example_xcom.py
[2024-01-03T02:44:35.940+0000] {processor.py:830} INFO - Processing file /home/airflow/.local/lib/python3.8/site-packages/airflow/example_dags/example_xcom.py for tasks to queue
[2024-01-03T02:44:35.941+0000] {logging_mixin.py:188} INFO - [2024-01-03T02:44:35.941+0000] {dagbag.py:538} INFO - Filling up the DagBag from /home/airflow/.local/lib/python3.8/site-packages/airflow/example_dags/example_xcom.py
[2024-01-03T02:44:35.945+0000] {processor.py:840} INFO - DAG(s) 'example_xcom' retrieved from /home/airflow/.local/lib/python3.8/site-packages/airflow/example_dags/example_xcom.py
[2024-01-03T02:44:35.960+0000] {logging_mixin.py:188} INFO - [2024-01-03T02:44:35.960+0000] {dag.py:3033} INFO - Sync 1 DAGs
[2024-01-03T02:44:36.083+0000] {logging_mixin.py:188} INFO - [2024-01-03T02:44:36.083+0000] {dag.py:3820} INFO - Setting next_dagrun for example_xcom to 2021-01-01T00:00:00+00:00, run_after=2021-01-01T00:00:00+00:00
[2024-01-03T02:44:36.094+0000] {processor.py:183} INFO - Processing /home/airflow/.local/lib/python3.8/site-packages/airflow/example_dags/example_xcom.py took 0.158 seconds
[2024-01-03T02:45:06.209+0000] {processor.py:161} INFO - Started process (PID=2429) to work on /home/airflow/.local/lib/python3.8/site-packages/airflow/example_dags/example_xcom.py
[2024-01-03T02:45:06.210+0000] {processor.py:830} INFO - Processing file /home/airflow/.local/lib/python3.8/site-packages/airflow/example_dags/example_xcom.py for tasks to queue
[2024-01-03T02:45:06.211+0000] {logging_mixin.py:188} INFO - [2024-01-03T02:45:06.211+0000] {dagbag.py:538} INFO - Filling up the DagBag from /home/airflow/.local/lib/python3.8/site-packages/airflow/example_dags/example_xcom.py
[2024-01-03T02:45:06.216+0000] {processor.py:840} INFO - DAG(s) 'example_xcom' retrieved from /home/airflow/.local/lib/python3.8/site-packages/airflow/example_dags/example_xcom.py
[2024-01-03T02:45:06.229+0000] {logging_mixin.py:188} INFO - [2024-01-03T02:45:06.229+0000] {dag.py:3033} INFO - Sync 1 DAGs
[2024-01-03T02:45:06.244+0000] {logging_mixin.py:188} INFO - [2024-01-03T02:45:06.243+0000] {dag.py:3820} INFO - Setting next_dagrun for example_xcom to 2021-01-01T00:00:00+00:00, run_after=2021-01-01T00:00:00+00:00
[2024-01-03T02:45:06.362+0000] {processor.py:183} INFO - Processing /home/airflow/.local/lib/python3.8/site-packages/airflow/example_dags/example_xcom.py took 0.155 seconds
[2024-01-03T02:45:36.657+0000] {processor.py:161} INFO - Started process (PID=2484) to work on /home/airflow/.local/lib/python3.8/site-packages/airflow/example_dags/example_xcom.py
[2024-01-03T02:45:36.658+0000] {processor.py:830} INFO - Processing file /home/airflow/.local/lib/python3.8/site-packages/airflow/example_dags/example_xcom.py for tasks to queue
[2024-01-03T02:45:36.660+0000] {logging_mixin.py:188} INFO - [2024-01-03T02:45:36.660+0000] {dagbag.py:538} INFO - Filling up the DagBag from /home/airflow/.local/lib/python3.8/site-packages/airflow/example_dags/example_xcom.py
[2024-01-03T02:45:36.666+0000] {processor.py:840} INFO - DAG(s) 'example_xcom' retrieved from /home/airflow/.local/lib/python3.8/site-packages/airflow/example_dags/example_xcom.py
[2024-01-03T02:45:36.681+0000] {logging_mixin.py:188} INFO - [2024-01-03T02:45:36.681+0000] {dag.py:3033} INFO - Sync 1 DAGs
[2024-01-03T02:45:36.699+0000] {logging_mixin.py:188} INFO - [2024-01-03T02:45:36.699+0000] {dag.py:3820} INFO - Setting next_dagrun for example_xcom to 2021-01-01T00:00:00+00:00, run_after=2021-01-01T00:00:00+00:00
[2024-01-03T02:45:36.713+0000] {processor.py:183} INFO - Processing /home/airflow/.local/lib/python3.8/site-packages/airflow/example_dags/example_xcom.py took 0.059 seconds
[2024-01-03T02:46:07.928+0000] {processor.py:161} INFO - Started process (PID=2539) to work on /home/airflow/.local/lib/python3.8/site-packages/airflow/example_dags/example_xcom.py
[2024-01-03T02:46:07.929+0000] {processor.py:830} INFO - Processing file /home/airflow/.local/lib/python3.8/site-packages/airflow/example_dags/example_xcom.py for tasks to queue
[2024-01-03T02:46:07.932+0000] {logging_mixin.py:188} INFO - [2024-01-03T02:46:07.931+0000] {dagbag.py:538} INFO - Filling up the DagBag from /home/airflow/.local/lib/python3.8/site-packages/airflow/example_dags/example_xcom.py
[2024-01-03T02:46:07.937+0000] {processor.py:840} INFO - DAG(s) 'example_xcom' retrieved from /home/airflow/.local/lib/python3.8/site-packages/airflow/example_dags/example_xcom.py
[2024-01-03T02:46:07.954+0000] {logging_mixin.py:188} INFO - [2024-01-03T02:46:07.954+0000] {dag.py:3033} INFO - Sync 1 DAGs
[2024-01-03T02:46:07.973+0000] {logging_mixin.py:188} INFO - [2024-01-03T02:46:07.973+0000] {dag.py:3820} INFO - Setting next_dagrun for example_xcom to 2021-01-01T00:00:00+00:00, run_after=2021-01-01T00:00:00+00:00
[2024-01-03T02:46:07.988+0000] {processor.py:183} INFO - Processing /home/airflow/.local/lib/python3.8/site-packages/airflow/example_dags/example_xcom.py took 0.063 seconds
[2024-01-03T02:46:38.536+0000] {processor.py:161} INFO - Started process (PID=2594) to work on /home/airflow/.local/lib/python3.8/site-packages/airflow/example_dags/example_xcom.py
[2024-01-03T02:46:38.537+0000] {processor.py:830} INFO - Processing file /home/airflow/.local/lib/python3.8/site-packages/airflow/example_dags/example_xcom.py for tasks to queue
[2024-01-03T02:46:38.538+0000] {logging_mixin.py:188} INFO - [2024-01-03T02:46:38.538+0000] {dagbag.py:538} INFO - Filling up the DagBag from /home/airflow/.local/lib/python3.8/site-packages/airflow/example_dags/example_xcom.py
[2024-01-03T02:46:38.544+0000] {processor.py:840} INFO - DAG(s) 'example_xcom' retrieved from /home/airflow/.local/lib/python3.8/site-packages/airflow/example_dags/example_xcom.py
[2024-01-03T02:46:38.662+0000] {logging_mixin.py:188} INFO - [2024-01-03T02:46:38.661+0000] {dag.py:3033} INFO - Sync 1 DAGs
[2024-01-03T02:46:38.675+0000] {logging_mixin.py:188} INFO - [2024-01-03T02:46:38.675+0000] {dag.py:3820} INFO - Setting next_dagrun for example_xcom to 2021-01-01T00:00:00+00:00, run_after=2021-01-01T00:00:00+00:00
[2024-01-03T02:46:38.687+0000] {processor.py:183} INFO - Processing /home/airflow/.local/lib/python3.8/site-packages/airflow/example_dags/example_xcom.py took 0.153 seconds
[2024-01-03T02:47:09.041+0000] {processor.py:161} INFO - Started process (PID=2648) to work on /home/airflow/.local/lib/python3.8/site-packages/airflow/example_dags/example_xcom.py
[2024-01-03T02:47:09.042+0000] {processor.py:830} INFO - Processing file /home/airflow/.local/lib/python3.8/site-packages/airflow/example_dags/example_xcom.py for tasks to queue
[2024-01-03T02:47:09.044+0000] {logging_mixin.py:188} INFO - [2024-01-03T02:47:09.043+0000] {dagbag.py:538} INFO - Filling up the DagBag from /home/airflow/.local/lib/python3.8/site-packages/airflow/example_dags/example_xcom.py
[2024-01-03T02:47:09.049+0000] {processor.py:840} INFO - DAG(s) 'example_xcom' retrieved from /home/airflow/.local/lib/python3.8/site-packages/airflow/example_dags/example_xcom.py
[2024-01-03T02:47:09.065+0000] {logging_mixin.py:188} INFO - [2024-01-03T02:47:09.065+0000] {dag.py:3033} INFO - Sync 1 DAGs
[2024-01-03T02:47:09.083+0000] {logging_mixin.py:188} INFO - [2024-01-03T02:47:09.083+0000] {dag.py:3820} INFO - Setting next_dagrun for example_xcom to 2021-01-01T00:00:00+00:00, run_after=2021-01-01T00:00:00+00:00
[2024-01-03T02:47:09.105+0000] {processor.py:183} INFO - Processing /home/airflow/.local/lib/python3.8/site-packages/airflow/example_dags/example_xcom.py took 0.066 seconds
