[2024-01-03T02:18:56.521+0000] {processor.py:161} INFO - Started process (PID=76) to work on /home/airflow/.local/lib/python3.8/site-packages/airflow/example_dags/example_latest_only_with_trigger.py
[2024-01-03T02:18:56.521+0000] {processor.py:830} INFO - Processing file /home/airflow/.local/lib/python3.8/site-packages/airflow/example_dags/example_latest_only_with_trigger.py for tasks to queue
[2024-01-03T02:18:56.523+0000] {logging_mixin.py:188} INFO - [2024-01-03T02:18:56.523+0000] {dagbag.py:538} INFO - Filling up the DagBag from /home/airflow/.local/lib/python3.8/site-packages/airflow/example_dags/example_latest_only_with_trigger.py
[2024-01-03T02:18:56.527+0000] {processor.py:840} INFO - DAG(s) 'latest_only_with_trigger' retrieved from /home/airflow/.local/lib/python3.8/site-packages/airflow/example_dags/example_latest_only_with_trigger.py
[2024-01-03T02:18:56.593+0000] {logging_mixin.py:188} INFO - [2024-01-03T02:18:56.593+0000] {dag.py:3033} INFO - Sync 1 DAGs
[2024-01-03T02:18:56.609+0000] {logging_mixin.py:188} INFO - [2024-01-03T02:18:56.608+0000] {dag.py:3820} INFO - Setting next_dagrun for latest_only_with_trigger to 2024-01-02T20:00:00+00:00, run_after=2024-01-03T00:00:00+00:00
[2024-01-03T02:18:56.623+0000] {processor.py:183} INFO - Processing /home/airflow/.local/lib/python3.8/site-packages/airflow/example_dags/example_latest_only_with_trigger.py took 0.105 seconds
[2024-01-03T02:19:27.424+0000] {processor.py:161} INFO - Started process (PID=131) to work on /home/airflow/.local/lib/python3.8/site-packages/airflow/example_dags/example_latest_only_with_trigger.py
[2024-01-03T02:19:27.425+0000] {processor.py:830} INFO - Processing file /home/airflow/.local/lib/python3.8/site-packages/airflow/example_dags/example_latest_only_with_trigger.py for tasks to queue
[2024-01-03T02:19:27.426+0000] {logging_mixin.py:188} INFO - [2024-01-03T02:19:27.426+0000] {dagbag.py:538} INFO - Filling up the DagBag from /home/airflow/.local/lib/python3.8/site-packages/airflow/example_dags/example_latest_only_with_trigger.py
[2024-01-03T02:19:27.430+0000] {processor.py:840} INFO - DAG(s) 'latest_only_with_trigger' retrieved from /home/airflow/.local/lib/python3.8/site-packages/airflow/example_dags/example_latest_only_with_trigger.py
[2024-01-03T02:19:27.445+0000] {logging_mixin.py:188} INFO - [2024-01-03T02:19:27.444+0000] {dag.py:3033} INFO - Sync 1 DAGs
[2024-01-03T02:19:27.459+0000] {logging_mixin.py:188} INFO - [2024-01-03T02:19:27.459+0000] {dag.py:3820} INFO - Setting next_dagrun for latest_only_with_trigger to 2024-01-02T20:00:00+00:00, run_after=2024-01-03T00:00:00+00:00
[2024-01-03T02:19:27.472+0000] {processor.py:183} INFO - Processing /home/airflow/.local/lib/python3.8/site-packages/airflow/example_dags/example_latest_only_with_trigger.py took 0.050 seconds
[2024-01-03T02:19:57.528+0000] {processor.py:161} INFO - Started process (PID=185) to work on /home/airflow/.local/lib/python3.8/site-packages/airflow/example_dags/example_latest_only_with_trigger.py
[2024-01-03T02:19:57.528+0000] {processor.py:830} INFO - Processing file /home/airflow/.local/lib/python3.8/site-packages/airflow/example_dags/example_latest_only_with_trigger.py for tasks to queue
[2024-01-03T02:19:57.530+0000] {logging_mixin.py:188} INFO - [2024-01-03T02:19:57.530+0000] {dagbag.py:538} INFO - Filling up the DagBag from /home/airflow/.local/lib/python3.8/site-packages/airflow/example_dags/example_latest_only_with_trigger.py
[2024-01-03T02:19:57.533+0000] {processor.py:840} INFO - DAG(s) 'latest_only_with_trigger' retrieved from /home/airflow/.local/lib/python3.8/site-packages/airflow/example_dags/example_latest_only_with_trigger.py
[2024-01-03T02:19:57.546+0000] {logging_mixin.py:188} INFO - [2024-01-03T02:19:57.546+0000] {dag.py:3033} INFO - Sync 1 DAGs
[2024-01-03T02:19:57.561+0000] {logging_mixin.py:188} INFO - [2024-01-03T02:19:57.560+0000] {dag.py:3820} INFO - Setting next_dagrun for latest_only_with_trigger to 2024-01-02T20:00:00+00:00, run_after=2024-01-03T00:00:00+00:00
[2024-01-03T02:19:57.572+0000] {processor.py:183} INFO - Processing /home/airflow/.local/lib/python3.8/site-packages/airflow/example_dags/example_latest_only_with_trigger.py took 0.046 seconds
[2024-01-03T02:20:27.641+0000] {processor.py:161} INFO - Started process (PID=240) to work on /home/airflow/.local/lib/python3.8/site-packages/airflow/example_dags/example_latest_only_with_trigger.py
[2024-01-03T02:20:27.642+0000] {processor.py:830} INFO - Processing file /home/airflow/.local/lib/python3.8/site-packages/airflow/example_dags/example_latest_only_with_trigger.py for tasks to queue
[2024-01-03T02:20:27.643+0000] {logging_mixin.py:188} INFO - [2024-01-03T02:20:27.643+0000] {dagbag.py:538} INFO - Filling up the DagBag from /home/airflow/.local/lib/python3.8/site-packages/airflow/example_dags/example_latest_only_with_trigger.py
[2024-01-03T02:20:27.647+0000] {processor.py:840} INFO - DAG(s) 'latest_only_with_trigger' retrieved from /home/airflow/.local/lib/python3.8/site-packages/airflow/example_dags/example_latest_only_with_trigger.py
[2024-01-03T02:20:27.655+0000] {logging_mixin.py:188} INFO - [2024-01-03T02:20:27.655+0000] {dag.py:3033} INFO - Sync 1 DAGs
[2024-01-03T02:20:27.672+0000] {logging_mixin.py:188} INFO - [2024-01-03T02:20:27.672+0000] {dag.py:3820} INFO - Setting next_dagrun for latest_only_with_trigger to 2024-01-02T20:00:00+00:00, run_after=2024-01-03T00:00:00+00:00
[2024-01-03T02:20:27.686+0000] {processor.py:183} INFO - Processing /home/airflow/.local/lib/python3.8/site-packages/airflow/example_dags/example_latest_only_with_trigger.py took 0.047 seconds
[2024-01-03T02:20:58.318+0000] {processor.py:161} INFO - Started process (PID=295) to work on /home/airflow/.local/lib/python3.8/site-packages/airflow/example_dags/example_latest_only_with_trigger.py
[2024-01-03T02:20:58.319+0000] {processor.py:830} INFO - Processing file /home/airflow/.local/lib/python3.8/site-packages/airflow/example_dags/example_latest_only_with_trigger.py for tasks to queue
[2024-01-03T02:20:58.321+0000] {logging_mixin.py:188} INFO - [2024-01-03T02:20:58.321+0000] {dagbag.py:538} INFO - Filling up the DagBag from /home/airflow/.local/lib/python3.8/site-packages/airflow/example_dags/example_latest_only_with_trigger.py
[2024-01-03T02:20:58.324+0000] {processor.py:840} INFO - DAG(s) 'latest_only_with_trigger' retrieved from /home/airflow/.local/lib/python3.8/site-packages/airflow/example_dags/example_latest_only_with_trigger.py
[2024-01-03T02:20:58.332+0000] {logging_mixin.py:188} INFO - [2024-01-03T02:20:58.332+0000] {dag.py:3033} INFO - Sync 1 DAGs
[2024-01-03T02:20:58.351+0000] {logging_mixin.py:188} INFO - [2024-01-03T02:20:58.350+0000] {dag.py:3820} INFO - Setting next_dagrun for latest_only_with_trigger to 2024-01-02T20:00:00+00:00, run_after=2024-01-03T00:00:00+00:00
[2024-01-03T02:20:58.364+0000] {processor.py:183} INFO - Processing /home/airflow/.local/lib/python3.8/site-packages/airflow/example_dags/example_latest_only_with_trigger.py took 0.047 seconds
[2024-01-03T02:21:29.074+0000] {processor.py:161} INFO - Started process (PID=350) to work on /home/airflow/.local/lib/python3.8/site-packages/airflow/example_dags/example_latest_only_with_trigger.py
[2024-01-03T02:21:29.075+0000] {processor.py:830} INFO - Processing file /home/airflow/.local/lib/python3.8/site-packages/airflow/example_dags/example_latest_only_with_trigger.py for tasks to queue
[2024-01-03T02:21:29.077+0000] {logging_mixin.py:188} INFO - [2024-01-03T02:21:29.076+0000] {dagbag.py:538} INFO - Filling up the DagBag from /home/airflow/.local/lib/python3.8/site-packages/airflow/example_dags/example_latest_only_with_trigger.py
[2024-01-03T02:21:29.080+0000] {processor.py:840} INFO - DAG(s) 'latest_only_with_trigger' retrieved from /home/airflow/.local/lib/python3.8/site-packages/airflow/example_dags/example_latest_only_with_trigger.py
[2024-01-03T02:21:29.144+0000] {logging_mixin.py:188} INFO - [2024-01-03T02:21:29.144+0000] {dag.py:3033} INFO - Sync 1 DAGs
[2024-01-03T02:21:29.158+0000] {logging_mixin.py:188} INFO - [2024-01-03T02:21:29.158+0000] {dag.py:3820} INFO - Setting next_dagrun for latest_only_with_trigger to 2024-01-02T20:00:00+00:00, run_after=2024-01-03T00:00:00+00:00
[2024-01-03T02:21:29.171+0000] {processor.py:183} INFO - Processing /home/airflow/.local/lib/python3.8/site-packages/airflow/example_dags/example_latest_only_with_trigger.py took 0.098 seconds
[2024-01-03T02:21:59.295+0000] {processor.py:161} INFO - Started process (PID=405) to work on /home/airflow/.local/lib/python3.8/site-packages/airflow/example_dags/example_latest_only_with_trigger.py
[2024-01-03T02:21:59.296+0000] {processor.py:830} INFO - Processing file /home/airflow/.local/lib/python3.8/site-packages/airflow/example_dags/example_latest_only_with_trigger.py for tasks to queue
[2024-01-03T02:21:59.297+0000] {logging_mixin.py:188} INFO - [2024-01-03T02:21:59.297+0000] {dagbag.py:538} INFO - Filling up the DagBag from /home/airflow/.local/lib/python3.8/site-packages/airflow/example_dags/example_latest_only_with_trigger.py
[2024-01-03T02:21:59.301+0000] {processor.py:840} INFO - DAG(s) 'latest_only_with_trigger' retrieved from /home/airflow/.local/lib/python3.8/site-packages/airflow/example_dags/example_latest_only_with_trigger.py
[2024-01-03T02:21:59.314+0000] {logging_mixin.py:188} INFO - [2024-01-03T02:21:59.314+0000] {dag.py:3033} INFO - Sync 1 DAGs
[2024-01-03T02:21:59.329+0000] {logging_mixin.py:188} INFO - [2024-01-03T02:21:59.328+0000] {dag.py:3820} INFO - Setting next_dagrun for latest_only_with_trigger to 2024-01-02T20:00:00+00:00, run_after=2024-01-03T00:00:00+00:00
[2024-01-03T02:21:59.340+0000] {processor.py:183} INFO - Processing /home/airflow/.local/lib/python3.8/site-packages/airflow/example_dags/example_latest_only_with_trigger.py took 0.047 seconds
[2024-01-03T02:22:29.647+0000] {processor.py:161} INFO - Started process (PID=460) to work on /home/airflow/.local/lib/python3.8/site-packages/airflow/example_dags/example_latest_only_with_trigger.py
[2024-01-03T02:22:29.648+0000] {processor.py:830} INFO - Processing file /home/airflow/.local/lib/python3.8/site-packages/airflow/example_dags/example_latest_only_with_trigger.py for tasks to queue
[2024-01-03T02:22:29.650+0000] {logging_mixin.py:188} INFO - [2024-01-03T02:22:29.650+0000] {dagbag.py:538} INFO - Filling up the DagBag from /home/airflow/.local/lib/python3.8/site-packages/airflow/example_dags/example_latest_only_with_trigger.py
[2024-01-03T02:22:29.654+0000] {processor.py:840} INFO - DAG(s) 'latest_only_with_trigger' retrieved from /home/airflow/.local/lib/python3.8/site-packages/airflow/example_dags/example_latest_only_with_trigger.py
[2024-01-03T02:22:29.670+0000] {logging_mixin.py:188} INFO - [2024-01-03T02:22:29.670+0000] {dag.py:3033} INFO - Sync 1 DAGs
[2024-01-03T02:22:29.687+0000] {logging_mixin.py:188} INFO - [2024-01-03T02:22:29.686+0000] {dag.py:3820} INFO - Setting next_dagrun for latest_only_with_trigger to 2024-01-02T20:00:00+00:00, run_after=2024-01-03T00:00:00+00:00
[2024-01-03T02:22:29.702+0000] {processor.py:183} INFO - Processing /home/airflow/.local/lib/python3.8/site-packages/airflow/example_dags/example_latest_only_with_trigger.py took 0.057 seconds
[2024-01-03T02:22:59.804+0000] {processor.py:161} INFO - Started process (PID=515) to work on /home/airflow/.local/lib/python3.8/site-packages/airflow/example_dags/example_latest_only_with_trigger.py
[2024-01-03T02:22:59.805+0000] {processor.py:830} INFO - Processing file /home/airflow/.local/lib/python3.8/site-packages/airflow/example_dags/example_latest_only_with_trigger.py for tasks to queue
[2024-01-03T02:22:59.806+0000] {logging_mixin.py:188} INFO - [2024-01-03T02:22:59.806+0000] {dagbag.py:538} INFO - Filling up the DagBag from /home/airflow/.local/lib/python3.8/site-packages/airflow/example_dags/example_latest_only_with_trigger.py
[2024-01-03T02:22:59.810+0000] {processor.py:840} INFO - DAG(s) 'latest_only_with_trigger' retrieved from /home/airflow/.local/lib/python3.8/site-packages/airflow/example_dags/example_latest_only_with_trigger.py
[2024-01-03T02:22:59.824+0000] {logging_mixin.py:188} INFO - [2024-01-03T02:22:59.824+0000] {dag.py:3033} INFO - Sync 1 DAGs
[2024-01-03T02:22:59.838+0000] {logging_mixin.py:188} INFO - [2024-01-03T02:22:59.838+0000] {dag.py:3820} INFO - Setting next_dagrun for latest_only_with_trigger to 2024-01-02T20:00:00+00:00, run_after=2024-01-03T00:00:00+00:00
[2024-01-03T02:22:59.850+0000] {processor.py:183} INFO - Processing /home/airflow/.local/lib/python3.8/site-packages/airflow/example_dags/example_latest_only_with_trigger.py took 0.049 seconds
[2024-01-03T02:23:30.120+0000] {processor.py:161} INFO - Started process (PID=570) to work on /home/airflow/.local/lib/python3.8/site-packages/airflow/example_dags/example_latest_only_with_trigger.py
[2024-01-03T02:23:30.121+0000] {processor.py:830} INFO - Processing file /home/airflow/.local/lib/python3.8/site-packages/airflow/example_dags/example_latest_only_with_trigger.py for tasks to queue
[2024-01-03T02:23:30.123+0000] {logging_mixin.py:188} INFO - [2024-01-03T02:23:30.123+0000] {dagbag.py:538} INFO - Filling up the DagBag from /home/airflow/.local/lib/python3.8/site-packages/airflow/example_dags/example_latest_only_with_trigger.py
[2024-01-03T02:23:30.126+0000] {processor.py:840} INFO - DAG(s) 'latest_only_with_trigger' retrieved from /home/airflow/.local/lib/python3.8/site-packages/airflow/example_dags/example_latest_only_with_trigger.py
[2024-01-03T02:23:30.141+0000] {logging_mixin.py:188} INFO - [2024-01-03T02:23:30.141+0000] {dag.py:3033} INFO - Sync 1 DAGs
[2024-01-03T02:23:30.158+0000] {logging_mixin.py:188} INFO - [2024-01-03T02:23:30.158+0000] {dag.py:3820} INFO - Setting next_dagrun for latest_only_with_trigger to 2024-01-02T20:00:00+00:00, run_after=2024-01-03T00:00:00+00:00
[2024-01-03T02:23:30.171+0000] {processor.py:183} INFO - Processing /home/airflow/.local/lib/python3.8/site-packages/airflow/example_dags/example_latest_only_with_trigger.py took 0.053 seconds
[2024-01-03T02:24:00.372+0000] {processor.py:161} INFO - Started process (PID=625) to work on /home/airflow/.local/lib/python3.8/site-packages/airflow/example_dags/example_latest_only_with_trigger.py
[2024-01-03T02:24:00.373+0000] {processor.py:830} INFO - Processing file /home/airflow/.local/lib/python3.8/site-packages/airflow/example_dags/example_latest_only_with_trigger.py for tasks to queue
[2024-01-03T02:24:00.375+0000] {logging_mixin.py:188} INFO - [2024-01-03T02:24:00.374+0000] {dagbag.py:538} INFO - Filling up the DagBag from /home/airflow/.local/lib/python3.8/site-packages/airflow/example_dags/example_latest_only_with_trigger.py
[2024-01-03T02:24:00.379+0000] {processor.py:840} INFO - DAG(s) 'latest_only_with_trigger' retrieved from /home/airflow/.local/lib/python3.8/site-packages/airflow/example_dags/example_latest_only_with_trigger.py
[2024-01-03T02:24:00.394+0000] {logging_mixin.py:188} INFO - [2024-01-03T02:24:00.394+0000] {dag.py:3033} INFO - Sync 1 DAGs
[2024-01-03T02:24:00.414+0000] {logging_mixin.py:188} INFO - [2024-01-03T02:24:00.414+0000] {dag.py:3820} INFO - Setting next_dagrun for latest_only_with_trigger to 2024-01-02T20:00:00+00:00, run_after=2024-01-03T00:00:00+00:00
[2024-01-03T02:24:00.430+0000] {processor.py:183} INFO - Processing /home/airflow/.local/lib/python3.8/site-packages/airflow/example_dags/example_latest_only_with_trigger.py took 0.060 seconds
[2024-01-03T02:24:31.185+0000] {processor.py:161} INFO - Started process (PID=680) to work on /home/airflow/.local/lib/python3.8/site-packages/airflow/example_dags/example_latest_only_with_trigger.py
[2024-01-03T02:24:31.186+0000] {processor.py:830} INFO - Processing file /home/airflow/.local/lib/python3.8/site-packages/airflow/example_dags/example_latest_only_with_trigger.py for tasks to queue
[2024-01-03T02:24:31.188+0000] {logging_mixin.py:188} INFO - [2024-01-03T02:24:31.188+0000] {dagbag.py:538} INFO - Filling up the DagBag from /home/airflow/.local/lib/python3.8/site-packages/airflow/example_dags/example_latest_only_with_trigger.py
[2024-01-03T02:24:31.191+0000] {processor.py:840} INFO - DAG(s) 'latest_only_with_trigger' retrieved from /home/airflow/.local/lib/python3.8/site-packages/airflow/example_dags/example_latest_only_with_trigger.py
[2024-01-03T02:24:31.205+0000] {logging_mixin.py:188} INFO - [2024-01-03T02:24:31.205+0000] {dag.py:3033} INFO - Sync 1 DAGs
[2024-01-03T02:24:31.220+0000] {logging_mixin.py:188} INFO - [2024-01-03T02:24:31.220+0000] {dag.py:3820} INFO - Setting next_dagrun for latest_only_with_trigger to 2024-01-02T20:00:00+00:00, run_after=2024-01-03T00:00:00+00:00
[2024-01-03T02:24:31.233+0000] {processor.py:183} INFO - Processing /home/airflow/.local/lib/python3.8/site-packages/airflow/example_dags/example_latest_only_with_trigger.py took 0.049 seconds
[2024-01-03T02:25:02.011+0000] {processor.py:161} INFO - Started process (PID=735) to work on /home/airflow/.local/lib/python3.8/site-packages/airflow/example_dags/example_latest_only_with_trigger.py
[2024-01-03T02:25:02.012+0000] {processor.py:830} INFO - Processing file /home/airflow/.local/lib/python3.8/site-packages/airflow/example_dags/example_latest_only_with_trigger.py for tasks to queue
[2024-01-03T02:25:02.013+0000] {logging_mixin.py:188} INFO - [2024-01-03T02:25:02.013+0000] {dagbag.py:538} INFO - Filling up the DagBag from /home/airflow/.local/lib/python3.8/site-packages/airflow/example_dags/example_latest_only_with_trigger.py
[2024-01-03T02:25:02.016+0000] {processor.py:840} INFO - DAG(s) 'latest_only_with_trigger' retrieved from /home/airflow/.local/lib/python3.8/site-packages/airflow/example_dags/example_latest_only_with_trigger.py
[2024-01-03T02:25:02.030+0000] {logging_mixin.py:188} INFO - [2024-01-03T02:25:02.030+0000] {dag.py:3033} INFO - Sync 1 DAGs
[2024-01-03T02:25:02.045+0000] {logging_mixin.py:188} INFO - [2024-01-03T02:25:02.044+0000] {dag.py:3820} INFO - Setting next_dagrun for latest_only_with_trigger to 2024-01-02T20:00:00+00:00, run_after=2024-01-03T00:00:00+00:00
[2024-01-03T02:25:02.056+0000] {processor.py:183} INFO - Processing /home/airflow/.local/lib/python3.8/site-packages/airflow/example_dags/example_latest_only_with_trigger.py took 0.047 seconds
[2024-01-03T02:25:32.224+0000] {processor.py:161} INFO - Started process (PID=790) to work on /home/airflow/.local/lib/python3.8/site-packages/airflow/example_dags/example_latest_only_with_trigger.py
[2024-01-03T02:25:32.225+0000] {processor.py:830} INFO - Processing file /home/airflow/.local/lib/python3.8/site-packages/airflow/example_dags/example_latest_only_with_trigger.py for tasks to queue
[2024-01-03T02:25:32.227+0000] {logging_mixin.py:188} INFO - [2024-01-03T02:25:32.227+0000] {dagbag.py:538} INFO - Filling up the DagBag from /home/airflow/.local/lib/python3.8/site-packages/airflow/example_dags/example_latest_only_with_trigger.py
[2024-01-03T02:25:32.230+0000] {processor.py:840} INFO - DAG(s) 'latest_only_with_trigger' retrieved from /home/airflow/.local/lib/python3.8/site-packages/airflow/example_dags/example_latest_only_with_trigger.py
[2024-01-03T02:25:32.243+0000] {logging_mixin.py:188} INFO - [2024-01-03T02:25:32.243+0000] {dag.py:3033} INFO - Sync 1 DAGs
[2024-01-03T02:25:32.257+0000] {logging_mixin.py:188} INFO - [2024-01-03T02:25:32.257+0000] {dag.py:3820} INFO - Setting next_dagrun for latest_only_with_trigger to 2024-01-02T20:00:00+00:00, run_after=2024-01-03T00:00:00+00:00
[2024-01-03T02:25:32.269+0000] {processor.py:183} INFO - Processing /home/airflow/.local/lib/python3.8/site-packages/airflow/example_dags/example_latest_only_with_trigger.py took 0.046 seconds
[2024-01-03T02:26:02.404+0000] {processor.py:161} INFO - Started process (PID=845) to work on /home/airflow/.local/lib/python3.8/site-packages/airflow/example_dags/example_latest_only_with_trigger.py
[2024-01-03T02:26:02.404+0000] {processor.py:830} INFO - Processing file /home/airflow/.local/lib/python3.8/site-packages/airflow/example_dags/example_latest_only_with_trigger.py for tasks to queue
[2024-01-03T02:26:02.406+0000] {logging_mixin.py:188} INFO - [2024-01-03T02:26:02.406+0000] {dagbag.py:538} INFO - Filling up the DagBag from /home/airflow/.local/lib/python3.8/site-packages/airflow/example_dags/example_latest_only_with_trigger.py
[2024-01-03T02:26:02.410+0000] {processor.py:840} INFO - DAG(s) 'latest_only_with_trigger' retrieved from /home/airflow/.local/lib/python3.8/site-packages/airflow/example_dags/example_latest_only_with_trigger.py
[2024-01-03T02:26:02.424+0000] {logging_mixin.py:188} INFO - [2024-01-03T02:26:02.424+0000] {dag.py:3033} INFO - Sync 1 DAGs
[2024-01-03T02:26:02.441+0000] {logging_mixin.py:188} INFO - [2024-01-03T02:26:02.441+0000] {dag.py:3820} INFO - Setting next_dagrun for latest_only_with_trigger to 2024-01-02T20:00:00+00:00, run_after=2024-01-03T00:00:00+00:00
[2024-01-03T02:26:02.453+0000] {processor.py:183} INFO - Processing /home/airflow/.local/lib/python3.8/site-packages/airflow/example_dags/example_latest_only_with_trigger.py took 0.052 seconds
[2024-01-03T02:26:32.488+0000] {processor.py:161} INFO - Started process (PID=900) to work on /home/airflow/.local/lib/python3.8/site-packages/airflow/example_dags/example_latest_only_with_trigger.py
[2024-01-03T02:26:32.488+0000] {processor.py:830} INFO - Processing file /home/airflow/.local/lib/python3.8/site-packages/airflow/example_dags/example_latest_only_with_trigger.py for tasks to queue
[2024-01-03T02:26:32.490+0000] {logging_mixin.py:188} INFO - [2024-01-03T02:26:32.489+0000] {dagbag.py:538} INFO - Filling up the DagBag from /home/airflow/.local/lib/python3.8/site-packages/airflow/example_dags/example_latest_only_with_trigger.py
[2024-01-03T02:26:32.493+0000] {processor.py:840} INFO - DAG(s) 'latest_only_with_trigger' retrieved from /home/airflow/.local/lib/python3.8/site-packages/airflow/example_dags/example_latest_only_with_trigger.py
[2024-01-03T02:26:32.507+0000] {logging_mixin.py:188} INFO - [2024-01-03T02:26:32.507+0000] {dag.py:3033} INFO - Sync 1 DAGs
[2024-01-03T02:26:32.522+0000] {logging_mixin.py:188} INFO - [2024-01-03T02:26:32.521+0000] {dag.py:3820} INFO - Setting next_dagrun for latest_only_with_trigger to 2024-01-02T20:00:00+00:00, run_after=2024-01-03T00:00:00+00:00
[2024-01-03T02:26:32.534+0000] {processor.py:183} INFO - Processing /home/airflow/.local/lib/python3.8/site-packages/airflow/example_dags/example_latest_only_with_trigger.py took 0.049 seconds
[2024-01-03T02:27:03.231+0000] {processor.py:161} INFO - Started process (PID=955) to work on /home/airflow/.local/lib/python3.8/site-packages/airflow/example_dags/example_latest_only_with_trigger.py
[2024-01-03T02:27:03.232+0000] {processor.py:830} INFO - Processing file /home/airflow/.local/lib/python3.8/site-packages/airflow/example_dags/example_latest_only_with_trigger.py for tasks to queue
[2024-01-03T02:27:03.233+0000] {logging_mixin.py:188} INFO - [2024-01-03T02:27:03.233+0000] {dagbag.py:538} INFO - Filling up the DagBag from /home/airflow/.local/lib/python3.8/site-packages/airflow/example_dags/example_latest_only_with_trigger.py
[2024-01-03T02:27:03.237+0000] {processor.py:840} INFO - DAG(s) 'latest_only_with_trigger' retrieved from /home/airflow/.local/lib/python3.8/site-packages/airflow/example_dags/example_latest_only_with_trigger.py
[2024-01-03T02:27:03.251+0000] {logging_mixin.py:188} INFO - [2024-01-03T02:27:03.251+0000] {dag.py:3033} INFO - Sync 1 DAGs
[2024-01-03T02:27:03.265+0000] {logging_mixin.py:188} INFO - [2024-01-03T02:27:03.264+0000] {dag.py:3820} INFO - Setting next_dagrun for latest_only_with_trigger to 2024-01-02T20:00:00+00:00, run_after=2024-01-03T00:00:00+00:00
[2024-01-03T02:27:03.277+0000] {processor.py:183} INFO - Processing /home/airflow/.local/lib/python3.8/site-packages/airflow/example_dags/example_latest_only_with_trigger.py took 0.048 seconds
[2024-01-03T02:27:34.084+0000] {processor.py:161} INFO - Started process (PID=1010) to work on /home/airflow/.local/lib/python3.8/site-packages/airflow/example_dags/example_latest_only_with_trigger.py
[2024-01-03T02:27:34.085+0000] {processor.py:830} INFO - Processing file /home/airflow/.local/lib/python3.8/site-packages/airflow/example_dags/example_latest_only_with_trigger.py for tasks to queue
[2024-01-03T02:27:34.086+0000] {logging_mixin.py:188} INFO - [2024-01-03T02:27:34.086+0000] {dagbag.py:538} INFO - Filling up the DagBag from /home/airflow/.local/lib/python3.8/site-packages/airflow/example_dags/example_latest_only_with_trigger.py
[2024-01-03T02:27:34.089+0000] {processor.py:840} INFO - DAG(s) 'latest_only_with_trigger' retrieved from /home/airflow/.local/lib/python3.8/site-packages/airflow/example_dags/example_latest_only_with_trigger.py
[2024-01-03T02:27:34.103+0000] {logging_mixin.py:188} INFO - [2024-01-03T02:27:34.103+0000] {dag.py:3033} INFO - Sync 1 DAGs
[2024-01-03T02:27:34.118+0000] {logging_mixin.py:188} INFO - [2024-01-03T02:27:34.118+0000] {dag.py:3820} INFO - Setting next_dagrun for latest_only_with_trigger to 2024-01-02T20:00:00+00:00, run_after=2024-01-03T00:00:00+00:00
[2024-01-03T02:27:34.130+0000] {processor.py:183} INFO - Processing /home/airflow/.local/lib/python3.8/site-packages/airflow/example_dags/example_latest_only_with_trigger.py took 0.048 seconds
[2024-01-03T02:28:04.865+0000] {processor.py:161} INFO - Started process (PID=1065) to work on /home/airflow/.local/lib/python3.8/site-packages/airflow/example_dags/example_latest_only_with_trigger.py
[2024-01-03T02:28:04.866+0000] {processor.py:830} INFO - Processing file /home/airflow/.local/lib/python3.8/site-packages/airflow/example_dags/example_latest_only_with_trigger.py for tasks to queue
[2024-01-03T02:28:04.867+0000] {logging_mixin.py:188} INFO - [2024-01-03T02:28:04.867+0000] {dagbag.py:538} INFO - Filling up the DagBag from /home/airflow/.local/lib/python3.8/site-packages/airflow/example_dags/example_latest_only_with_trigger.py
[2024-01-03T02:28:04.871+0000] {processor.py:840} INFO - DAG(s) 'latest_only_with_trigger' retrieved from /home/airflow/.local/lib/python3.8/site-packages/airflow/example_dags/example_latest_only_with_trigger.py
[2024-01-03T02:28:04.884+0000] {logging_mixin.py:188} INFO - [2024-01-03T02:28:04.884+0000] {dag.py:3033} INFO - Sync 1 DAGs
[2024-01-03T02:28:04.898+0000] {logging_mixin.py:188} INFO - [2024-01-03T02:28:04.898+0000] {dag.py:3820} INFO - Setting next_dagrun for latest_only_with_trigger to 2024-01-02T20:00:00+00:00, run_after=2024-01-03T00:00:00+00:00
[2024-01-03T02:28:04.911+0000] {processor.py:183} INFO - Processing /home/airflow/.local/lib/python3.8/site-packages/airflow/example_dags/example_latest_only_with_trigger.py took 0.048 seconds
[2024-01-03T02:28:35.661+0000] {processor.py:161} INFO - Started process (PID=1120) to work on /home/airflow/.local/lib/python3.8/site-packages/airflow/example_dags/example_latest_only_with_trigger.py
[2024-01-03T02:28:35.662+0000] {processor.py:830} INFO - Processing file /home/airflow/.local/lib/python3.8/site-packages/airflow/example_dags/example_latest_only_with_trigger.py for tasks to queue
[2024-01-03T02:28:35.664+0000] {logging_mixin.py:188} INFO - [2024-01-03T02:28:35.663+0000] {dagbag.py:538} INFO - Filling up the DagBag from /home/airflow/.local/lib/python3.8/site-packages/airflow/example_dags/example_latest_only_with_trigger.py
[2024-01-03T02:28:35.667+0000] {processor.py:840} INFO - DAG(s) 'latest_only_with_trigger' retrieved from /home/airflow/.local/lib/python3.8/site-packages/airflow/example_dags/example_latest_only_with_trigger.py
[2024-01-03T02:28:35.680+0000] {logging_mixin.py:188} INFO - [2024-01-03T02:28:35.680+0000] {dag.py:3033} INFO - Sync 1 DAGs
[2024-01-03T02:28:35.694+0000] {logging_mixin.py:188} INFO - [2024-01-03T02:28:35.694+0000] {dag.py:3820} INFO - Setting next_dagrun for latest_only_with_trigger to 2024-01-02T20:00:00+00:00, run_after=2024-01-03T00:00:00+00:00
[2024-01-03T02:28:35.706+0000] {processor.py:183} INFO - Processing /home/airflow/.local/lib/python3.8/site-packages/airflow/example_dags/example_latest_only_with_trigger.py took 0.047 seconds
[2024-01-03T02:29:06.483+0000] {processor.py:161} INFO - Started process (PID=1175) to work on /home/airflow/.local/lib/python3.8/site-packages/airflow/example_dags/example_latest_only_with_trigger.py
[2024-01-03T02:29:06.484+0000] {processor.py:830} INFO - Processing file /home/airflow/.local/lib/python3.8/site-packages/airflow/example_dags/example_latest_only_with_trigger.py for tasks to queue
[2024-01-03T02:29:06.485+0000] {logging_mixin.py:188} INFO - [2024-01-03T02:29:06.485+0000] {dagbag.py:538} INFO - Filling up the DagBag from /home/airflow/.local/lib/python3.8/site-packages/airflow/example_dags/example_latest_only_with_trigger.py
[2024-01-03T02:29:06.489+0000] {processor.py:840} INFO - DAG(s) 'latest_only_with_trigger' retrieved from /home/airflow/.local/lib/python3.8/site-packages/airflow/example_dags/example_latest_only_with_trigger.py
[2024-01-03T02:29:06.502+0000] {logging_mixin.py:188} INFO - [2024-01-03T02:29:06.502+0000] {dag.py:3033} INFO - Sync 1 DAGs
[2024-01-03T02:29:06.517+0000] {logging_mixin.py:188} INFO - [2024-01-03T02:29:06.516+0000] {dag.py:3820} INFO - Setting next_dagrun for latest_only_with_trigger to 2024-01-02T20:00:00+00:00, run_after=2024-01-03T00:00:00+00:00
[2024-01-03T02:29:06.529+0000] {processor.py:183} INFO - Processing /home/airflow/.local/lib/python3.8/site-packages/airflow/example_dags/example_latest_only_with_trigger.py took 0.048 seconds
[2024-01-03T02:29:37.270+0000] {processor.py:161} INFO - Started process (PID=1230) to work on /home/airflow/.local/lib/python3.8/site-packages/airflow/example_dags/example_latest_only_with_trigger.py
[2024-01-03T02:29:37.271+0000] {processor.py:830} INFO - Processing file /home/airflow/.local/lib/python3.8/site-packages/airflow/example_dags/example_latest_only_with_trigger.py for tasks to queue
[2024-01-03T02:29:37.273+0000] {logging_mixin.py:188} INFO - [2024-01-03T02:29:37.272+0000] {dagbag.py:538} INFO - Filling up the DagBag from /home/airflow/.local/lib/python3.8/site-packages/airflow/example_dags/example_latest_only_with_trigger.py
[2024-01-03T02:29:37.276+0000] {processor.py:840} INFO - DAG(s) 'latest_only_with_trigger' retrieved from /home/airflow/.local/lib/python3.8/site-packages/airflow/example_dags/example_latest_only_with_trigger.py
[2024-01-03T02:29:37.289+0000] {logging_mixin.py:188} INFO - [2024-01-03T02:29:37.289+0000] {dag.py:3033} INFO - Sync 1 DAGs
[2024-01-03T02:29:37.304+0000] {logging_mixin.py:188} INFO - [2024-01-03T02:29:37.303+0000] {dag.py:3820} INFO - Setting next_dagrun for latest_only_with_trigger to 2024-01-02T20:00:00+00:00, run_after=2024-01-03T00:00:00+00:00
[2024-01-03T02:29:37.316+0000] {processor.py:183} INFO - Processing /home/airflow/.local/lib/python3.8/site-packages/airflow/example_dags/example_latest_only_with_trigger.py took 0.048 seconds
[2024-01-03T02:30:08.326+0000] {processor.py:161} INFO - Started process (PID=1285) to work on /home/airflow/.local/lib/python3.8/site-packages/airflow/example_dags/example_latest_only_with_trigger.py
[2024-01-03T02:30:08.327+0000] {processor.py:830} INFO - Processing file /home/airflow/.local/lib/python3.8/site-packages/airflow/example_dags/example_latest_only_with_trigger.py for tasks to queue
[2024-01-03T02:30:08.328+0000] {logging_mixin.py:188} INFO - [2024-01-03T02:30:08.328+0000] {dagbag.py:538} INFO - Filling up the DagBag from /home/airflow/.local/lib/python3.8/site-packages/airflow/example_dags/example_latest_only_with_trigger.py
[2024-01-03T02:30:08.331+0000] {processor.py:840} INFO - DAG(s) 'latest_only_with_trigger' retrieved from /home/airflow/.local/lib/python3.8/site-packages/airflow/example_dags/example_latest_only_with_trigger.py
[2024-01-03T02:30:08.345+0000] {logging_mixin.py:188} INFO - [2024-01-03T02:30:08.344+0000] {dag.py:3033} INFO - Sync 1 DAGs
[2024-01-03T02:30:08.359+0000] {logging_mixin.py:188} INFO - [2024-01-03T02:30:08.358+0000] {dag.py:3820} INFO - Setting next_dagrun for latest_only_with_trigger to 2024-01-02T20:00:00+00:00, run_after=2024-01-03T00:00:00+00:00
[2024-01-03T02:30:08.371+0000] {processor.py:183} INFO - Processing /home/airflow/.local/lib/python3.8/site-packages/airflow/example_dags/example_latest_only_with_trigger.py took 0.047 seconds
[2024-01-03T02:30:39.367+0000] {processor.py:161} INFO - Started process (PID=1340) to work on /home/airflow/.local/lib/python3.8/site-packages/airflow/example_dags/example_latest_only_with_trigger.py
[2024-01-03T02:30:39.368+0000] {processor.py:830} INFO - Processing file /home/airflow/.local/lib/python3.8/site-packages/airflow/example_dags/example_latest_only_with_trigger.py for tasks to queue
[2024-01-03T02:30:39.370+0000] {logging_mixin.py:188} INFO - [2024-01-03T02:30:39.369+0000] {dagbag.py:538} INFO - Filling up the DagBag from /home/airflow/.local/lib/python3.8/site-packages/airflow/example_dags/example_latest_only_with_trigger.py
[2024-01-03T02:30:39.374+0000] {processor.py:840} INFO - DAG(s) 'latest_only_with_trigger' retrieved from /home/airflow/.local/lib/python3.8/site-packages/airflow/example_dags/example_latest_only_with_trigger.py
[2024-01-03T02:30:39.390+0000] {logging_mixin.py:188} INFO - [2024-01-03T02:30:39.390+0000] {dag.py:3033} INFO - Sync 1 DAGs
[2024-01-03T02:30:39.408+0000] {logging_mixin.py:188} INFO - [2024-01-03T02:30:39.408+0000] {dag.py:3820} INFO - Setting next_dagrun for latest_only_with_trigger to 2024-01-02T20:00:00+00:00, run_after=2024-01-03T00:00:00+00:00
[2024-01-03T02:30:39.425+0000] {processor.py:183} INFO - Processing /home/airflow/.local/lib/python3.8/site-packages/airflow/example_dags/example_latest_only_with_trigger.py took 0.061 seconds
[2024-01-03T02:31:09.739+0000] {processor.py:161} INFO - Started process (PID=1395) to work on /home/airflow/.local/lib/python3.8/site-packages/airflow/example_dags/example_latest_only_with_trigger.py
[2024-01-03T02:31:09.740+0000] {processor.py:830} INFO - Processing file /home/airflow/.local/lib/python3.8/site-packages/airflow/example_dags/example_latest_only_with_trigger.py for tasks to queue
[2024-01-03T02:31:09.742+0000] {logging_mixin.py:188} INFO - [2024-01-03T02:31:09.742+0000] {dagbag.py:538} INFO - Filling up the DagBag from /home/airflow/.local/lib/python3.8/site-packages/airflow/example_dags/example_latest_only_with_trigger.py
[2024-01-03T02:31:09.747+0000] {processor.py:840} INFO - DAG(s) 'latest_only_with_trigger' retrieved from /home/airflow/.local/lib/python3.8/site-packages/airflow/example_dags/example_latest_only_with_trigger.py
[2024-01-03T02:31:09.762+0000] {logging_mixin.py:188} INFO - [2024-01-03T02:31:09.762+0000] {dag.py:3033} INFO - Sync 1 DAGs
[2024-01-03T02:31:09.778+0000] {logging_mixin.py:188} INFO - [2024-01-03T02:31:09.778+0000] {dag.py:3820} INFO - Setting next_dagrun for latest_only_with_trigger to 2024-01-02T20:00:00+00:00, run_after=2024-01-03T00:00:00+00:00
[2024-01-03T02:31:09.792+0000] {processor.py:183} INFO - Processing /home/airflow/.local/lib/python3.8/site-packages/airflow/example_dags/example_latest_only_with_trigger.py took 0.056 seconds
[2024-01-03T02:31:39.905+0000] {processor.py:161} INFO - Started process (PID=1450) to work on /home/airflow/.local/lib/python3.8/site-packages/airflow/example_dags/example_latest_only_with_trigger.py
[2024-01-03T02:31:39.906+0000] {processor.py:830} INFO - Processing file /home/airflow/.local/lib/python3.8/site-packages/airflow/example_dags/example_latest_only_with_trigger.py for tasks to queue
[2024-01-03T02:31:39.908+0000] {logging_mixin.py:188} INFO - [2024-01-03T02:31:39.907+0000] {dagbag.py:538} INFO - Filling up the DagBag from /home/airflow/.local/lib/python3.8/site-packages/airflow/example_dags/example_latest_only_with_trigger.py
[2024-01-03T02:31:39.911+0000] {processor.py:840} INFO - DAG(s) 'latest_only_with_trigger' retrieved from /home/airflow/.local/lib/python3.8/site-packages/airflow/example_dags/example_latest_only_with_trigger.py
[2024-01-03T02:31:39.926+0000] {logging_mixin.py:188} INFO - [2024-01-03T02:31:39.926+0000] {dag.py:3033} INFO - Sync 1 DAGs
[2024-01-03T02:31:39.941+0000] {logging_mixin.py:188} INFO - [2024-01-03T02:31:39.941+0000] {dag.py:3820} INFO - Setting next_dagrun for latest_only_with_trigger to 2024-01-02T20:00:00+00:00, run_after=2024-01-03T00:00:00+00:00
[2024-01-03T02:31:39.955+0000] {processor.py:183} INFO - Processing /home/airflow/.local/lib/python3.8/site-packages/airflow/example_dags/example_latest_only_with_trigger.py took 0.051 seconds
[2024-01-03T02:32:10.043+0000] {processor.py:161} INFO - Started process (PID=1505) to work on /home/airflow/.local/lib/python3.8/site-packages/airflow/example_dags/example_latest_only_with_trigger.py
[2024-01-03T02:32:10.044+0000] {processor.py:830} INFO - Processing file /home/airflow/.local/lib/python3.8/site-packages/airflow/example_dags/example_latest_only_with_trigger.py for tasks to queue
[2024-01-03T02:32:10.045+0000] {logging_mixin.py:188} INFO - [2024-01-03T02:32:10.045+0000] {dagbag.py:538} INFO - Filling up the DagBag from /home/airflow/.local/lib/python3.8/site-packages/airflow/example_dags/example_latest_only_with_trigger.py
[2024-01-03T02:32:10.049+0000] {processor.py:840} INFO - DAG(s) 'latest_only_with_trigger' retrieved from /home/airflow/.local/lib/python3.8/site-packages/airflow/example_dags/example_latest_only_with_trigger.py
[2024-01-03T02:32:10.063+0000] {logging_mixin.py:188} INFO - [2024-01-03T02:32:10.063+0000] {dag.py:3033} INFO - Sync 1 DAGs
[2024-01-03T02:32:10.078+0000] {logging_mixin.py:188} INFO - [2024-01-03T02:32:10.078+0000] {dag.py:3820} INFO - Setting next_dagrun for latest_only_with_trigger to 2024-01-02T20:00:00+00:00, run_after=2024-01-03T00:00:00+00:00
[2024-01-03T02:32:10.090+0000] {processor.py:183} INFO - Processing /home/airflow/.local/lib/python3.8/site-packages/airflow/example_dags/example_latest_only_with_trigger.py took 0.049 seconds
[2024-01-03T02:32:40.134+0000] {processor.py:161} INFO - Started process (PID=1560) to work on /home/airflow/.local/lib/python3.8/site-packages/airflow/example_dags/example_latest_only_with_trigger.py
[2024-01-03T02:32:40.135+0000] {processor.py:830} INFO - Processing file /home/airflow/.local/lib/python3.8/site-packages/airflow/example_dags/example_latest_only_with_trigger.py for tasks to queue
[2024-01-03T02:32:40.137+0000] {logging_mixin.py:188} INFO - [2024-01-03T02:32:40.136+0000] {dagbag.py:538} INFO - Filling up the DagBag from /home/airflow/.local/lib/python3.8/site-packages/airflow/example_dags/example_latest_only_with_trigger.py
[2024-01-03T02:32:40.140+0000] {processor.py:840} INFO - DAG(s) 'latest_only_with_trigger' retrieved from /home/airflow/.local/lib/python3.8/site-packages/airflow/example_dags/example_latest_only_with_trigger.py
[2024-01-03T02:32:40.154+0000] {logging_mixin.py:188} INFO - [2024-01-03T02:32:40.154+0000] {dag.py:3033} INFO - Sync 1 DAGs
[2024-01-03T02:32:40.169+0000] {logging_mixin.py:188} INFO - [2024-01-03T02:32:40.169+0000] {dag.py:3820} INFO - Setting next_dagrun for latest_only_with_trigger to 2024-01-02T20:00:00+00:00, run_after=2024-01-03T00:00:00+00:00
[2024-01-03T02:32:40.181+0000] {processor.py:183} INFO - Processing /home/airflow/.local/lib/python3.8/site-packages/airflow/example_dags/example_latest_only_with_trigger.py took 0.048 seconds
[2024-01-03T02:33:10.298+0000] {processor.py:161} INFO - Started process (PID=1615) to work on /home/airflow/.local/lib/python3.8/site-packages/airflow/example_dags/example_latest_only_with_trigger.py
[2024-01-03T02:33:10.299+0000] {processor.py:830} INFO - Processing file /home/airflow/.local/lib/python3.8/site-packages/airflow/example_dags/example_latest_only_with_trigger.py for tasks to queue
[2024-01-03T02:33:10.300+0000] {logging_mixin.py:188} INFO - [2024-01-03T02:33:10.300+0000] {dagbag.py:538} INFO - Filling up the DagBag from /home/airflow/.local/lib/python3.8/site-packages/airflow/example_dags/example_latest_only_with_trigger.py
[2024-01-03T02:33:10.304+0000] {processor.py:840} INFO - DAG(s) 'latest_only_with_trigger' retrieved from /home/airflow/.local/lib/python3.8/site-packages/airflow/example_dags/example_latest_only_with_trigger.py
[2024-01-03T02:33:10.320+0000] {logging_mixin.py:188} INFO - [2024-01-03T02:33:10.319+0000] {dag.py:3033} INFO - Sync 1 DAGs
[2024-01-03T02:33:10.336+0000] {logging_mixin.py:188} INFO - [2024-01-03T02:33:10.335+0000] {dag.py:3820} INFO - Setting next_dagrun for latest_only_with_trigger to 2024-01-02T20:00:00+00:00, run_after=2024-01-03T00:00:00+00:00
[2024-01-03T02:33:10.350+0000] {processor.py:183} INFO - Processing /home/airflow/.local/lib/python3.8/site-packages/airflow/example_dags/example_latest_only_with_trigger.py took 0.054 seconds
[2024-01-03T02:33:40.468+0000] {processor.py:161} INFO - Started process (PID=1670) to work on /home/airflow/.local/lib/python3.8/site-packages/airflow/example_dags/example_latest_only_with_trigger.py
[2024-01-03T02:33:40.469+0000] {processor.py:830} INFO - Processing file /home/airflow/.local/lib/python3.8/site-packages/airflow/example_dags/example_latest_only_with_trigger.py for tasks to queue
[2024-01-03T02:33:40.471+0000] {logging_mixin.py:188} INFO - [2024-01-03T02:33:40.470+0000] {dagbag.py:538} INFO - Filling up the DagBag from /home/airflow/.local/lib/python3.8/site-packages/airflow/example_dags/example_latest_only_with_trigger.py
[2024-01-03T02:33:40.474+0000] {processor.py:840} INFO - DAG(s) 'latest_only_with_trigger' retrieved from /home/airflow/.local/lib/python3.8/site-packages/airflow/example_dags/example_latest_only_with_trigger.py
[2024-01-03T02:33:40.488+0000] {logging_mixin.py:188} INFO - [2024-01-03T02:33:40.488+0000] {dag.py:3033} INFO - Sync 1 DAGs
[2024-01-03T02:33:40.503+0000] {logging_mixin.py:188} INFO - [2024-01-03T02:33:40.503+0000] {dag.py:3820} INFO - Setting next_dagrun for latest_only_with_trigger to 2024-01-02T20:00:00+00:00, run_after=2024-01-03T00:00:00+00:00
[2024-01-03T02:33:40.515+0000] {processor.py:183} INFO - Processing /home/airflow/.local/lib/python3.8/site-packages/airflow/example_dags/example_latest_only_with_trigger.py took 0.050 seconds
[2024-01-03T02:34:11.365+0000] {processor.py:161} INFO - Started process (PID=1725) to work on /home/airflow/.local/lib/python3.8/site-packages/airflow/example_dags/example_latest_only_with_trigger.py
[2024-01-03T02:34:11.366+0000] {processor.py:830} INFO - Processing file /home/airflow/.local/lib/python3.8/site-packages/airflow/example_dags/example_latest_only_with_trigger.py for tasks to queue
[2024-01-03T02:34:11.368+0000] {logging_mixin.py:188} INFO - [2024-01-03T02:34:11.368+0000] {dagbag.py:538} INFO - Filling up the DagBag from /home/airflow/.local/lib/python3.8/site-packages/airflow/example_dags/example_latest_only_with_trigger.py
[2024-01-03T02:34:11.372+0000] {processor.py:840} INFO - DAG(s) 'latest_only_with_trigger' retrieved from /home/airflow/.local/lib/python3.8/site-packages/airflow/example_dags/example_latest_only_with_trigger.py
[2024-01-03T02:34:11.386+0000] {logging_mixin.py:188} INFO - [2024-01-03T02:34:11.386+0000] {dag.py:3033} INFO - Sync 1 DAGs
[2024-01-03T02:34:11.401+0000] {logging_mixin.py:188} INFO - [2024-01-03T02:34:11.401+0000] {dag.py:3820} INFO - Setting next_dagrun for latest_only_with_trigger to 2024-01-02T20:00:00+00:00, run_after=2024-01-03T00:00:00+00:00
[2024-01-03T02:34:11.413+0000] {processor.py:183} INFO - Processing /home/airflow/.local/lib/python3.8/site-packages/airflow/example_dags/example_latest_only_with_trigger.py took 0.050 seconds
[2024-01-03T02:34:42.045+0000] {processor.py:161} INFO - Started process (PID=1781) to work on /home/airflow/.local/lib/python3.8/site-packages/airflow/example_dags/example_latest_only_with_trigger.py
[2024-01-03T02:34:42.045+0000] {processor.py:830} INFO - Processing file /home/airflow/.local/lib/python3.8/site-packages/airflow/example_dags/example_latest_only_with_trigger.py for tasks to queue
[2024-01-03T02:34:42.047+0000] {logging_mixin.py:188} INFO - [2024-01-03T02:34:42.046+0000] {dagbag.py:538} INFO - Filling up the DagBag from /home/airflow/.local/lib/python3.8/site-packages/airflow/example_dags/example_latest_only_with_trigger.py
[2024-01-03T02:34:42.050+0000] {processor.py:840} INFO - DAG(s) 'latest_only_with_trigger' retrieved from /home/airflow/.local/lib/python3.8/site-packages/airflow/example_dags/example_latest_only_with_trigger.py
[2024-01-03T02:34:42.064+0000] {logging_mixin.py:188} INFO - [2024-01-03T02:34:42.064+0000] {dag.py:3033} INFO - Sync 1 DAGs
[2024-01-03T02:34:42.079+0000] {logging_mixin.py:188} INFO - [2024-01-03T02:34:42.079+0000] {dag.py:3820} INFO - Setting next_dagrun for latest_only_with_trigger to 2024-01-02T20:00:00+00:00, run_after=2024-01-03T00:00:00+00:00
[2024-01-03T02:34:42.091+0000] {processor.py:183} INFO - Processing /home/airflow/.local/lib/python3.8/site-packages/airflow/example_dags/example_latest_only_with_trigger.py took 0.048 seconds
[2024-01-03T02:35:12.884+0000] {processor.py:161} INFO - Started process (PID=1836) to work on /home/airflow/.local/lib/python3.8/site-packages/airflow/example_dags/example_latest_only_with_trigger.py
[2024-01-03T02:35:12.885+0000] {processor.py:830} INFO - Processing file /home/airflow/.local/lib/python3.8/site-packages/airflow/example_dags/example_latest_only_with_trigger.py for tasks to queue
[2024-01-03T02:35:12.886+0000] {logging_mixin.py:188} INFO - [2024-01-03T02:35:12.886+0000] {dagbag.py:538} INFO - Filling up the DagBag from /home/airflow/.local/lib/python3.8/site-packages/airflow/example_dags/example_latest_only_with_trigger.py
[2024-01-03T02:35:12.890+0000] {processor.py:840} INFO - DAG(s) 'latest_only_with_trigger' retrieved from /home/airflow/.local/lib/python3.8/site-packages/airflow/example_dags/example_latest_only_with_trigger.py
[2024-01-03T02:35:12.903+0000] {logging_mixin.py:188} INFO - [2024-01-03T02:35:12.903+0000] {dag.py:3033} INFO - Sync 1 DAGs
[2024-01-03T02:35:12.919+0000] {logging_mixin.py:188} INFO - [2024-01-03T02:35:12.918+0000] {dag.py:3820} INFO - Setting next_dagrun for latest_only_with_trigger to 2024-01-02T20:00:00+00:00, run_after=2024-01-03T00:00:00+00:00
[2024-01-03T02:35:12.931+0000] {processor.py:183} INFO - Processing /home/airflow/.local/lib/python3.8/site-packages/airflow/example_dags/example_latest_only_with_trigger.py took 0.049 seconds
[2024-01-03T02:35:43.773+0000] {processor.py:161} INFO - Started process (PID=1891) to work on /home/airflow/.local/lib/python3.8/site-packages/airflow/example_dags/example_latest_only_with_trigger.py
[2024-01-03T02:35:43.773+0000] {processor.py:830} INFO - Processing file /home/airflow/.local/lib/python3.8/site-packages/airflow/example_dags/example_latest_only_with_trigger.py for tasks to queue
[2024-01-03T02:35:43.775+0000] {logging_mixin.py:188} INFO - [2024-01-03T02:35:43.775+0000] {dagbag.py:538} INFO - Filling up the DagBag from /home/airflow/.local/lib/python3.8/site-packages/airflow/example_dags/example_latest_only_with_trigger.py
[2024-01-03T02:35:43.779+0000] {processor.py:840} INFO - DAG(s) 'latest_only_with_trigger' retrieved from /home/airflow/.local/lib/python3.8/site-packages/airflow/example_dags/example_latest_only_with_trigger.py
[2024-01-03T02:35:43.793+0000] {logging_mixin.py:188} INFO - [2024-01-03T02:35:43.793+0000] {dag.py:3033} INFO - Sync 1 DAGs
[2024-01-03T02:35:43.809+0000] {logging_mixin.py:188} INFO - [2024-01-03T02:35:43.809+0000] {dag.py:3820} INFO - Setting next_dagrun for latest_only_with_trigger to 2024-01-02T20:00:00+00:00, run_after=2024-01-03T00:00:00+00:00
[2024-01-03T02:35:43.821+0000] {processor.py:183} INFO - Processing /home/airflow/.local/lib/python3.8/site-packages/airflow/example_dags/example_latest_only_with_trigger.py took 0.051 seconds
[2024-01-03T02:36:14.612+0000] {processor.py:161} INFO - Started process (PID=1946) to work on /home/airflow/.local/lib/python3.8/site-packages/airflow/example_dags/example_latest_only_with_trigger.py
[2024-01-03T02:36:14.613+0000] {processor.py:830} INFO - Processing file /home/airflow/.local/lib/python3.8/site-packages/airflow/example_dags/example_latest_only_with_trigger.py for tasks to queue
[2024-01-03T02:36:14.615+0000] {logging_mixin.py:188} INFO - [2024-01-03T02:36:14.615+0000] {dagbag.py:538} INFO - Filling up the DagBag from /home/airflow/.local/lib/python3.8/site-packages/airflow/example_dags/example_latest_only_with_trigger.py
[2024-01-03T02:36:14.619+0000] {processor.py:840} INFO - DAG(s) 'latest_only_with_trigger' retrieved from /home/airflow/.local/lib/python3.8/site-packages/airflow/example_dags/example_latest_only_with_trigger.py
[2024-01-03T02:36:14.634+0000] {logging_mixin.py:188} INFO - [2024-01-03T02:36:14.634+0000] {dag.py:3033} INFO - Sync 1 DAGs
[2024-01-03T02:36:14.651+0000] {logging_mixin.py:188} INFO - [2024-01-03T02:36:14.651+0000] {dag.py:3820} INFO - Setting next_dagrun for latest_only_with_trigger to 2024-01-02T20:00:00+00:00, run_after=2024-01-03T00:00:00+00:00
[2024-01-03T02:36:14.663+0000] {processor.py:183} INFO - Processing /home/airflow/.local/lib/python3.8/site-packages/airflow/example_dags/example_latest_only_with_trigger.py took 0.053 seconds
[2024-01-03T02:36:44.775+0000] {processor.py:161} INFO - Started process (PID=2001) to work on /home/airflow/.local/lib/python3.8/site-packages/airflow/example_dags/example_latest_only_with_trigger.py
[2024-01-03T02:36:44.776+0000] {processor.py:830} INFO - Processing file /home/airflow/.local/lib/python3.8/site-packages/airflow/example_dags/example_latest_only_with_trigger.py for tasks to queue
[2024-01-03T02:36:44.778+0000] {logging_mixin.py:188} INFO - [2024-01-03T02:36:44.778+0000] {dagbag.py:538} INFO - Filling up the DagBag from /home/airflow/.local/lib/python3.8/site-packages/airflow/example_dags/example_latest_only_with_trigger.py
[2024-01-03T02:36:44.782+0000] {processor.py:840} INFO - DAG(s) 'latest_only_with_trigger' retrieved from /home/airflow/.local/lib/python3.8/site-packages/airflow/example_dags/example_latest_only_with_trigger.py
[2024-01-03T02:36:44.801+0000] {logging_mixin.py:188} INFO - [2024-01-03T02:36:44.800+0000] {dag.py:3033} INFO - Sync 1 DAGs
[2024-01-03T02:36:44.823+0000] {logging_mixin.py:188} INFO - [2024-01-03T02:36:44.823+0000] {dag.py:3820} INFO - Setting next_dagrun for latest_only_with_trigger to 2024-01-02T20:00:00+00:00, run_after=2024-01-03T00:00:00+00:00
[2024-01-03T02:36:44.838+0000] {processor.py:183} INFO - Processing /home/airflow/.local/lib/python3.8/site-packages/airflow/example_dags/example_latest_only_with_trigger.py took 0.066 seconds
[2024-01-03T02:41:33.337+0000] {processor.py:161} INFO - Started process (PID=2063) to work on /home/airflow/.local/lib/python3.8/site-packages/airflow/example_dags/example_latest_only_with_trigger.py
[2024-01-03T02:41:33.338+0000] {processor.py:830} INFO - Processing file /home/airflow/.local/lib/python3.8/site-packages/airflow/example_dags/example_latest_only_with_trigger.py for tasks to queue
[2024-01-03T02:41:33.339+0000] {logging_mixin.py:188} INFO - [2024-01-03T02:41:33.339+0000] {dagbag.py:538} INFO - Filling up the DagBag from /home/airflow/.local/lib/python3.8/site-packages/airflow/example_dags/example_latest_only_with_trigger.py
[2024-01-03T02:41:33.344+0000] {processor.py:840} INFO - DAG(s) 'latest_only_with_trigger' retrieved from /home/airflow/.local/lib/python3.8/site-packages/airflow/example_dags/example_latest_only_with_trigger.py
[2024-01-03T02:41:33.359+0000] {logging_mixin.py:188} INFO - [2024-01-03T02:41:33.359+0000] {dag.py:3033} INFO - Sync 1 DAGs
[2024-01-03T02:41:33.378+0000] {logging_mixin.py:188} INFO - [2024-01-03T02:41:33.377+0000] {dag.py:3820} INFO - Setting next_dagrun for latest_only_with_trigger to 2024-01-02T20:00:00+00:00, run_after=2024-01-03T00:00:00+00:00
[2024-01-03T02:41:33.394+0000] {processor.py:183} INFO - Processing /home/airflow/.local/lib/python3.8/site-packages/airflow/example_dags/example_latest_only_with_trigger.py took 0.060 seconds
[2024-01-03T02:42:03.878+0000] {processor.py:161} INFO - Started process (PID=2117) to work on /home/airflow/.local/lib/python3.8/site-packages/airflow/example_dags/example_latest_only_with_trigger.py
[2024-01-03T02:42:03.879+0000] {processor.py:830} INFO - Processing file /home/airflow/.local/lib/python3.8/site-packages/airflow/example_dags/example_latest_only_with_trigger.py for tasks to queue
[2024-01-03T02:42:03.880+0000] {logging_mixin.py:188} INFO - [2024-01-03T02:42:03.880+0000] {dagbag.py:538} INFO - Filling up the DagBag from /home/airflow/.local/lib/python3.8/site-packages/airflow/example_dags/example_latest_only_with_trigger.py
[2024-01-03T02:42:03.884+0000] {processor.py:840} INFO - DAG(s) 'latest_only_with_trigger' retrieved from /home/airflow/.local/lib/python3.8/site-packages/airflow/example_dags/example_latest_only_with_trigger.py
[2024-01-03T02:42:03.901+0000] {logging_mixin.py:188} INFO - [2024-01-03T02:42:03.901+0000] {dag.py:3033} INFO - Sync 1 DAGs
[2024-01-03T02:42:03.920+0000] {logging_mixin.py:188} INFO - [2024-01-03T02:42:03.919+0000] {dag.py:3820} INFO - Setting next_dagrun for latest_only_with_trigger to 2024-01-02T20:00:00+00:00, run_after=2024-01-03T00:00:00+00:00
[2024-01-03T02:42:04.058+0000] {processor.py:183} INFO - Processing /home/airflow/.local/lib/python3.8/site-packages/airflow/example_dags/example_latest_only_with_trigger.py took 0.182 seconds
[2024-01-03T02:42:34.112+0000] {processor.py:161} INFO - Started process (PID=2172) to work on /home/airflow/.local/lib/python3.8/site-packages/airflow/example_dags/example_latest_only_with_trigger.py
[2024-01-03T02:42:34.114+0000] {processor.py:830} INFO - Processing file /home/airflow/.local/lib/python3.8/site-packages/airflow/example_dags/example_latest_only_with_trigger.py for tasks to queue
[2024-01-03T02:42:34.115+0000] {logging_mixin.py:188} INFO - [2024-01-03T02:42:34.115+0000] {dagbag.py:538} INFO - Filling up the DagBag from /home/airflow/.local/lib/python3.8/site-packages/airflow/example_dags/example_latest_only_with_trigger.py
[2024-01-03T02:42:34.120+0000] {processor.py:840} INFO - DAG(s) 'latest_only_with_trigger' retrieved from /home/airflow/.local/lib/python3.8/site-packages/airflow/example_dags/example_latest_only_with_trigger.py
[2024-01-03T02:42:34.136+0000] {logging_mixin.py:188} INFO - [2024-01-03T02:42:34.136+0000] {dag.py:3033} INFO - Sync 1 DAGs
[2024-01-03T02:42:34.153+0000] {logging_mixin.py:188} INFO - [2024-01-03T02:42:34.153+0000] {dag.py:3820} INFO - Setting next_dagrun for latest_only_with_trigger to 2024-01-02T20:00:00+00:00, run_after=2024-01-03T00:00:00+00:00
[2024-01-03T02:42:34.168+0000] {processor.py:183} INFO - Processing /home/airflow/.local/lib/python3.8/site-packages/airflow/example_dags/example_latest_only_with_trigger.py took 0.058 seconds
[2024-01-03T02:43:04.399+0000] {processor.py:161} INFO - Started process (PID=2227) to work on /home/airflow/.local/lib/python3.8/site-packages/airflow/example_dags/example_latest_only_with_trigger.py
[2024-01-03T02:43:04.400+0000] {processor.py:830} INFO - Processing file /home/airflow/.local/lib/python3.8/site-packages/airflow/example_dags/example_latest_only_with_trigger.py for tasks to queue
[2024-01-03T02:43:04.401+0000] {logging_mixin.py:188} INFO - [2024-01-03T02:43:04.401+0000] {dagbag.py:538} INFO - Filling up the DagBag from /home/airflow/.local/lib/python3.8/site-packages/airflow/example_dags/example_latest_only_with_trigger.py
[2024-01-03T02:43:04.405+0000] {processor.py:840} INFO - DAG(s) 'latest_only_with_trigger' retrieved from /home/airflow/.local/lib/python3.8/site-packages/airflow/example_dags/example_latest_only_with_trigger.py
[2024-01-03T02:43:04.420+0000] {logging_mixin.py:188} INFO - [2024-01-03T02:43:04.420+0000] {dag.py:3033} INFO - Sync 1 DAGs
[2024-01-03T02:43:04.437+0000] {logging_mixin.py:188} INFO - [2024-01-03T02:43:04.437+0000] {dag.py:3820} INFO - Setting next_dagrun for latest_only_with_trigger to 2024-01-02T20:00:00+00:00, run_after=2024-01-03T00:00:00+00:00
[2024-01-03T02:43:04.452+0000] {processor.py:183} INFO - Processing /home/airflow/.local/lib/python3.8/site-packages/airflow/example_dags/example_latest_only_with_trigger.py took 0.055 seconds
[2024-01-03T02:43:35.446+0000] {processor.py:161} INFO - Started process (PID=2282) to work on /home/airflow/.local/lib/python3.8/site-packages/airflow/example_dags/example_latest_only_with_trigger.py
[2024-01-03T02:43:35.447+0000] {processor.py:830} INFO - Processing file /home/airflow/.local/lib/python3.8/site-packages/airflow/example_dags/example_latest_only_with_trigger.py for tasks to queue
[2024-01-03T02:43:35.448+0000] {logging_mixin.py:188} INFO - [2024-01-03T02:43:35.448+0000] {dagbag.py:538} INFO - Filling up the DagBag from /home/airflow/.local/lib/python3.8/site-packages/airflow/example_dags/example_latest_only_with_trigger.py
[2024-01-03T02:43:35.452+0000] {processor.py:840} INFO - DAG(s) 'latest_only_with_trigger' retrieved from /home/airflow/.local/lib/python3.8/site-packages/airflow/example_dags/example_latest_only_with_trigger.py
[2024-01-03T02:43:35.465+0000] {logging_mixin.py:188} INFO - [2024-01-03T02:43:35.465+0000] {dag.py:3033} INFO - Sync 1 DAGs
[2024-01-03T02:43:35.480+0000] {logging_mixin.py:188} INFO - [2024-01-03T02:43:35.480+0000] {dag.py:3820} INFO - Setting next_dagrun for latest_only_with_trigger to 2024-01-02T20:00:00+00:00, run_after=2024-01-03T00:00:00+00:00
[2024-01-03T02:43:35.492+0000] {processor.py:183} INFO - Processing /home/airflow/.local/lib/python3.8/site-packages/airflow/example_dags/example_latest_only_with_trigger.py took 0.048 seconds
[2024-01-03T02:44:06.237+0000] {processor.py:161} INFO - Started process (PID=2337) to work on /home/airflow/.local/lib/python3.8/site-packages/airflow/example_dags/example_latest_only_with_trigger.py
[2024-01-03T02:44:06.237+0000] {processor.py:830} INFO - Processing file /home/airflow/.local/lib/python3.8/site-packages/airflow/example_dags/example_latest_only_with_trigger.py for tasks to queue
[2024-01-03T02:44:06.239+0000] {logging_mixin.py:188} INFO - [2024-01-03T02:44:06.239+0000] {dagbag.py:538} INFO - Filling up the DagBag from /home/airflow/.local/lib/python3.8/site-packages/airflow/example_dags/example_latest_only_with_trigger.py
[2024-01-03T02:44:06.242+0000] {processor.py:840} INFO - DAG(s) 'latest_only_with_trigger' retrieved from /home/airflow/.local/lib/python3.8/site-packages/airflow/example_dags/example_latest_only_with_trigger.py
[2024-01-03T02:44:06.256+0000] {logging_mixin.py:188} INFO - [2024-01-03T02:44:06.256+0000] {dag.py:3033} INFO - Sync 1 DAGs
[2024-01-03T02:44:06.270+0000] {logging_mixin.py:188} INFO - [2024-01-03T02:44:06.270+0000] {dag.py:3820} INFO - Setting next_dagrun for latest_only_with_trigger to 2024-01-02T20:00:00+00:00, run_after=2024-01-03T00:00:00+00:00
[2024-01-03T02:44:06.283+0000] {processor.py:183} INFO - Processing /home/airflow/.local/lib/python3.8/site-packages/airflow/example_dags/example_latest_only_with_trigger.py took 0.049 seconds
[2024-01-03T02:44:37.723+0000] {processor.py:161} INFO - Started process (PID=2392) to work on /home/airflow/.local/lib/python3.8/site-packages/airflow/example_dags/example_latest_only_with_trigger.py
[2024-01-03T02:44:37.723+0000] {processor.py:830} INFO - Processing file /home/airflow/.local/lib/python3.8/site-packages/airflow/example_dags/example_latest_only_with_trigger.py for tasks to queue
[2024-01-03T02:44:37.725+0000] {logging_mixin.py:188} INFO - [2024-01-03T02:44:37.725+0000] {dagbag.py:538} INFO - Filling up the DagBag from /home/airflow/.local/lib/python3.8/site-packages/airflow/example_dags/example_latest_only_with_trigger.py
[2024-01-03T02:44:37.728+0000] {processor.py:840} INFO - DAG(s) 'latest_only_with_trigger' retrieved from /home/airflow/.local/lib/python3.8/site-packages/airflow/example_dags/example_latest_only_with_trigger.py
[2024-01-03T02:44:37.742+0000] {logging_mixin.py:188} INFO - [2024-01-03T02:44:37.742+0000] {dag.py:3033} INFO - Sync 1 DAGs
[2024-01-03T02:44:37.856+0000] {logging_mixin.py:188} INFO - [2024-01-03T02:44:37.855+0000] {dag.py:3820} INFO - Setting next_dagrun for latest_only_with_trigger to 2024-01-02T20:00:00+00:00, run_after=2024-01-03T00:00:00+00:00
[2024-01-03T02:44:37.867+0000] {processor.py:183} INFO - Processing /home/airflow/.local/lib/python3.8/site-packages/airflow/example_dags/example_latest_only_with_trigger.py took 0.146 seconds
[2024-01-03T02:45:08.039+0000] {processor.py:161} INFO - Started process (PID=2447) to work on /home/airflow/.local/lib/python3.8/site-packages/airflow/example_dags/example_latest_only_with_trigger.py
[2024-01-03T02:45:08.039+0000] {processor.py:830} INFO - Processing file /home/airflow/.local/lib/python3.8/site-packages/airflow/example_dags/example_latest_only_with_trigger.py for tasks to queue
[2024-01-03T02:45:08.041+0000] {logging_mixin.py:188} INFO - [2024-01-03T02:45:08.041+0000] {dagbag.py:538} INFO - Filling up the DagBag from /home/airflow/.local/lib/python3.8/site-packages/airflow/example_dags/example_latest_only_with_trigger.py
[2024-01-03T02:45:08.044+0000] {processor.py:840} INFO - DAG(s) 'latest_only_with_trigger' retrieved from /home/airflow/.local/lib/python3.8/site-packages/airflow/example_dags/example_latest_only_with_trigger.py
[2024-01-03T02:45:08.058+0000] {logging_mixin.py:188} INFO - [2024-01-03T02:45:08.058+0000] {dag.py:3033} INFO - Sync 1 DAGs
[2024-01-03T02:45:08.179+0000] {logging_mixin.py:188} INFO - [2024-01-03T02:45:08.179+0000] {dag.py:3820} INFO - Setting next_dagrun for latest_only_with_trigger to 2024-01-02T20:00:00+00:00, run_after=2024-01-03T00:00:00+00:00
[2024-01-03T02:45:08.192+0000] {processor.py:183} INFO - Processing /home/airflow/.local/lib/python3.8/site-packages/airflow/example_dags/example_latest_only_with_trigger.py took 0.155 seconds
[2024-01-03T02:45:38.351+0000] {processor.py:161} INFO - Started process (PID=2502) to work on /home/airflow/.local/lib/python3.8/site-packages/airflow/example_dags/example_latest_only_with_trigger.py
[2024-01-03T02:45:38.352+0000] {processor.py:830} INFO - Processing file /home/airflow/.local/lib/python3.8/site-packages/airflow/example_dags/example_latest_only_with_trigger.py for tasks to queue
[2024-01-03T02:45:38.353+0000] {logging_mixin.py:188} INFO - [2024-01-03T02:45:38.353+0000] {dagbag.py:538} INFO - Filling up the DagBag from /home/airflow/.local/lib/python3.8/site-packages/airflow/example_dags/example_latest_only_with_trigger.py
[2024-01-03T02:45:38.357+0000] {processor.py:840} INFO - DAG(s) 'latest_only_with_trigger' retrieved from /home/airflow/.local/lib/python3.8/site-packages/airflow/example_dags/example_latest_only_with_trigger.py
[2024-01-03T02:45:38.371+0000] {logging_mixin.py:188} INFO - [2024-01-03T02:45:38.371+0000] {dag.py:3033} INFO - Sync 1 DAGs
[2024-01-03T02:45:38.387+0000] {logging_mixin.py:188} INFO - [2024-01-03T02:45:38.387+0000] {dag.py:3820} INFO - Setting next_dagrun for latest_only_with_trigger to 2024-01-02T20:00:00+00:00, run_after=2024-01-03T00:00:00+00:00
[2024-01-03T02:45:38.400+0000] {processor.py:183} INFO - Processing /home/airflow/.local/lib/python3.8/site-packages/airflow/example_dags/example_latest_only_with_trigger.py took 0.051 seconds
[2024-01-03T02:46:08.675+0000] {processor.py:161} INFO - Started process (PID=2557) to work on /home/airflow/.local/lib/python3.8/site-packages/airflow/example_dags/example_latest_only_with_trigger.py
[2024-01-03T02:46:08.676+0000] {processor.py:830} INFO - Processing file /home/airflow/.local/lib/python3.8/site-packages/airflow/example_dags/example_latest_only_with_trigger.py for tasks to queue
[2024-01-03T02:46:08.677+0000] {logging_mixin.py:188} INFO - [2024-01-03T02:46:08.677+0000] {dagbag.py:538} INFO - Filling up the DagBag from /home/airflow/.local/lib/python3.8/site-packages/airflow/example_dags/example_latest_only_with_trigger.py
[2024-01-03T02:46:08.681+0000] {processor.py:840} INFO - DAG(s) 'latest_only_with_trigger' retrieved from /home/airflow/.local/lib/python3.8/site-packages/airflow/example_dags/example_latest_only_with_trigger.py
[2024-01-03T02:46:08.695+0000] {logging_mixin.py:188} INFO - [2024-01-03T02:46:08.695+0000] {dag.py:3033} INFO - Sync 1 DAGs
[2024-01-03T02:46:08.710+0000] {logging_mixin.py:188} INFO - [2024-01-03T02:46:08.710+0000] {dag.py:3820} INFO - Setting next_dagrun for latest_only_with_trigger to 2024-01-02T20:00:00+00:00, run_after=2024-01-03T00:00:00+00:00
[2024-01-03T02:46:08.722+0000] {processor.py:183} INFO - Processing /home/airflow/.local/lib/python3.8/site-packages/airflow/example_dags/example_latest_only_with_trigger.py took 0.049 seconds
[2024-01-03T02:46:40.251+0000] {processor.py:161} INFO - Started process (PID=2612) to work on /home/airflow/.local/lib/python3.8/site-packages/airflow/example_dags/example_latest_only_with_trigger.py
[2024-01-03T02:46:40.252+0000] {processor.py:830} INFO - Processing file /home/airflow/.local/lib/python3.8/site-packages/airflow/example_dags/example_latest_only_with_trigger.py for tasks to queue
[2024-01-03T02:46:40.253+0000] {logging_mixin.py:188} INFO - [2024-01-03T02:46:40.253+0000] {dagbag.py:538} INFO - Filling up the DagBag from /home/airflow/.local/lib/python3.8/site-packages/airflow/example_dags/example_latest_only_with_trigger.py
[2024-01-03T02:46:40.257+0000] {processor.py:840} INFO - DAG(s) 'latest_only_with_trigger' retrieved from /home/airflow/.local/lib/python3.8/site-packages/airflow/example_dags/example_latest_only_with_trigger.py
[2024-01-03T02:46:40.381+0000] {logging_mixin.py:188} INFO - [2024-01-03T02:46:40.381+0000] {dag.py:3033} INFO - Sync 1 DAGs
[2024-01-03T02:46:40.396+0000] {logging_mixin.py:188} INFO - [2024-01-03T02:46:40.396+0000] {dag.py:3820} INFO - Setting next_dagrun for latest_only_with_trigger to 2024-01-02T20:00:00+00:00, run_after=2024-01-03T00:00:00+00:00
[2024-01-03T02:46:40.407+0000] {processor.py:183} INFO - Processing /home/airflow/.local/lib/python3.8/site-packages/airflow/example_dags/example_latest_only_with_trigger.py took 0.158 seconds
[2024-01-03T02:47:10.781+0000] {processor.py:161} INFO - Started process (PID=2666) to work on /home/airflow/.local/lib/python3.8/site-packages/airflow/example_dags/example_latest_only_with_trigger.py
[2024-01-03T02:47:10.783+0000] {processor.py:830} INFO - Processing file /home/airflow/.local/lib/python3.8/site-packages/airflow/example_dags/example_latest_only_with_trigger.py for tasks to queue
[2024-01-03T02:47:10.784+0000] {logging_mixin.py:188} INFO - [2024-01-03T02:47:10.784+0000] {dagbag.py:538} INFO - Filling up the DagBag from /home/airflow/.local/lib/python3.8/site-packages/airflow/example_dags/example_latest_only_with_trigger.py
[2024-01-03T02:47:10.788+0000] {processor.py:840} INFO - DAG(s) 'latest_only_with_trigger' retrieved from /home/airflow/.local/lib/python3.8/site-packages/airflow/example_dags/example_latest_only_with_trigger.py
[2024-01-03T02:47:10.804+0000] {logging_mixin.py:188} INFO - [2024-01-03T02:47:10.804+0000] {dag.py:3033} INFO - Sync 1 DAGs
[2024-01-03T02:47:10.821+0000] {logging_mixin.py:188} INFO - [2024-01-03T02:47:10.821+0000] {dag.py:3820} INFO - Setting next_dagrun for latest_only_with_trigger to 2024-01-02T20:00:00+00:00, run_after=2024-01-03T00:00:00+00:00
[2024-01-03T02:47:10.835+0000] {processor.py:183} INFO - Processing /home/airflow/.local/lib/python3.8/site-packages/airflow/example_dags/example_latest_only_with_trigger.py took 0.056 seconds
