[2024-01-03T02:18:56.793+0000] {processor.py:161} INFO - Started process (PID=80) to work on /home/airflow/.local/lib/python3.8/site-packages/airflow/example_dags/example_setup_teardown.py
[2024-01-03T02:18:56.793+0000] {processor.py:830} INFO - Processing file /home/airflow/.local/lib/python3.8/site-packages/airflow/example_dags/example_setup_teardown.py for tasks to queue
[2024-01-03T02:18:56.795+0000] {logging_mixin.py:188} INFO - [2024-01-03T02:18:56.795+0000] {dagbag.py:538} INFO - Filling up the DagBag from /home/airflow/.local/lib/python3.8/site-packages/airflow/example_dags/example_setup_teardown.py
[2024-01-03T02:18:56.799+0000] {processor.py:840} INFO - DAG(s) 'example_setup_teardown' retrieved from /home/airflow/.local/lib/python3.8/site-packages/airflow/example_dags/example_setup_teardown.py
[2024-01-03T02:18:56.862+0000] {logging_mixin.py:188} INFO - [2024-01-03T02:18:56.862+0000] {dag.py:3033} INFO - Sync 1 DAGs
[2024-01-03T02:18:56.876+0000] {logging_mixin.py:188} INFO - [2024-01-03T02:18:56.876+0000] {dag.py:3820} INFO - Setting next_dagrun for example_setup_teardown to 2024-01-02T00:00:00+00:00, run_after=2024-01-03T00:00:00+00:00
[2024-01-03T02:18:56.891+0000] {processor.py:183} INFO - Processing /home/airflow/.local/lib/python3.8/site-packages/airflow/example_dags/example_setup_teardown.py took 0.100 seconds
[2024-01-03T02:19:27.599+0000] {processor.py:161} INFO - Started process (PID=135) to work on /home/airflow/.local/lib/python3.8/site-packages/airflow/example_dags/example_setup_teardown.py
[2024-01-03T02:19:27.600+0000] {processor.py:830} INFO - Processing file /home/airflow/.local/lib/python3.8/site-packages/airflow/example_dags/example_setup_teardown.py for tasks to queue
[2024-01-03T02:19:27.602+0000] {logging_mixin.py:188} INFO - [2024-01-03T02:19:27.601+0000] {dagbag.py:538} INFO - Filling up the DagBag from /home/airflow/.local/lib/python3.8/site-packages/airflow/example_dags/example_setup_teardown.py
[2024-01-03T02:19:27.607+0000] {processor.py:840} INFO - DAG(s) 'example_setup_teardown' retrieved from /home/airflow/.local/lib/python3.8/site-packages/airflow/example_dags/example_setup_teardown.py
[2024-01-03T02:19:27.623+0000] {logging_mixin.py:188} INFO - [2024-01-03T02:19:27.623+0000] {dag.py:3033} INFO - Sync 1 DAGs
[2024-01-03T02:19:27.642+0000] {logging_mixin.py:188} INFO - [2024-01-03T02:19:27.642+0000] {dag.py:3820} INFO - Setting next_dagrun for example_setup_teardown to 2024-01-02T00:00:00+00:00, run_after=2024-01-03T00:00:00+00:00
[2024-01-03T02:19:27.659+0000] {processor.py:183} INFO - Processing /home/airflow/.local/lib/python3.8/site-packages/airflow/example_dags/example_setup_teardown.py took 0.062 seconds
[2024-01-03T02:19:57.806+0000] {processor.py:161} INFO - Started process (PID=190) to work on /home/airflow/.local/lib/python3.8/site-packages/airflow/example_dags/example_setup_teardown.py
[2024-01-03T02:19:57.807+0000] {processor.py:830} INFO - Processing file /home/airflow/.local/lib/python3.8/site-packages/airflow/example_dags/example_setup_teardown.py for tasks to queue
[2024-01-03T02:19:57.809+0000] {logging_mixin.py:188} INFO - [2024-01-03T02:19:57.809+0000] {dagbag.py:538} INFO - Filling up the DagBag from /home/airflow/.local/lib/python3.8/site-packages/airflow/example_dags/example_setup_teardown.py
[2024-01-03T02:19:57.813+0000] {processor.py:840} INFO - DAG(s) 'example_setup_teardown' retrieved from /home/airflow/.local/lib/python3.8/site-packages/airflow/example_dags/example_setup_teardown.py
[2024-01-03T02:19:57.828+0000] {logging_mixin.py:188} INFO - [2024-01-03T02:19:57.828+0000] {dag.py:3033} INFO - Sync 1 DAGs
[2024-01-03T02:19:57.844+0000] {logging_mixin.py:188} INFO - [2024-01-03T02:19:57.844+0000] {dag.py:3820} INFO - Setting next_dagrun for example_setup_teardown to 2024-01-02T00:00:00+00:00, run_after=2024-01-03T00:00:00+00:00
[2024-01-03T02:19:57.857+0000] {processor.py:183} INFO - Processing /home/airflow/.local/lib/python3.8/site-packages/airflow/example_dags/example_setup_teardown.py took 0.053 seconds
[2024-01-03T02:20:28.832+0000] {processor.py:161} INFO - Started process (PID=245) to work on /home/airflow/.local/lib/python3.8/site-packages/airflow/example_dags/example_setup_teardown.py
[2024-01-03T02:20:28.833+0000] {processor.py:830} INFO - Processing file /home/airflow/.local/lib/python3.8/site-packages/airflow/example_dags/example_setup_teardown.py for tasks to queue
[2024-01-03T02:20:28.834+0000] {logging_mixin.py:188} INFO - [2024-01-03T02:20:28.834+0000] {dagbag.py:538} INFO - Filling up the DagBag from /home/airflow/.local/lib/python3.8/site-packages/airflow/example_dags/example_setup_teardown.py
[2024-01-03T02:20:28.839+0000] {processor.py:840} INFO - DAG(s) 'example_setup_teardown' retrieved from /home/airflow/.local/lib/python3.8/site-packages/airflow/example_dags/example_setup_teardown.py
[2024-01-03T02:20:28.846+0000] {logging_mixin.py:188} INFO - [2024-01-03T02:20:28.846+0000] {dag.py:3033} INFO - Sync 1 DAGs
[2024-01-03T02:20:28.861+0000] {logging_mixin.py:188} INFO - [2024-01-03T02:20:28.861+0000] {dag.py:3820} INFO - Setting next_dagrun for example_setup_teardown to 2024-01-02T00:00:00+00:00, run_after=2024-01-03T00:00:00+00:00
[2024-01-03T02:20:28.873+0000] {processor.py:183} INFO - Processing /home/airflow/.local/lib/python3.8/site-packages/airflow/example_dags/example_setup_teardown.py took 0.043 seconds
[2024-01-03T02:20:59.498+0000] {processor.py:161} INFO - Started process (PID=300) to work on /home/airflow/.local/lib/python3.8/site-packages/airflow/example_dags/example_setup_teardown.py
[2024-01-03T02:20:59.498+0000] {processor.py:830} INFO - Processing file /home/airflow/.local/lib/python3.8/site-packages/airflow/example_dags/example_setup_teardown.py for tasks to queue
[2024-01-03T02:20:59.500+0000] {logging_mixin.py:188} INFO - [2024-01-03T02:20:59.500+0000] {dagbag.py:538} INFO - Filling up the DagBag from /home/airflow/.local/lib/python3.8/site-packages/airflow/example_dags/example_setup_teardown.py
[2024-01-03T02:20:59.504+0000] {processor.py:840} INFO - DAG(s) 'example_setup_teardown' retrieved from /home/airflow/.local/lib/python3.8/site-packages/airflow/example_dags/example_setup_teardown.py
[2024-01-03T02:20:59.511+0000] {logging_mixin.py:188} INFO - [2024-01-03T02:20:59.511+0000] {dag.py:3033} INFO - Sync 1 DAGs
[2024-01-03T02:20:59.527+0000] {logging_mixin.py:188} INFO - [2024-01-03T02:20:59.527+0000] {dag.py:3820} INFO - Setting next_dagrun for example_setup_teardown to 2024-01-02T00:00:00+00:00, run_after=2024-01-03T00:00:00+00:00
[2024-01-03T02:20:59.539+0000] {processor.py:183} INFO - Processing /home/airflow/.local/lib/python3.8/site-packages/airflow/example_dags/example_setup_teardown.py took 0.043 seconds
[2024-01-03T02:21:30.356+0000] {processor.py:161} INFO - Started process (PID=355) to work on /home/airflow/.local/lib/python3.8/site-packages/airflow/example_dags/example_setup_teardown.py
[2024-01-03T02:21:30.357+0000] {processor.py:830} INFO - Processing file /home/airflow/.local/lib/python3.8/site-packages/airflow/example_dags/example_setup_teardown.py for tasks to queue
[2024-01-03T02:21:30.358+0000] {logging_mixin.py:188} INFO - [2024-01-03T02:21:30.358+0000] {dagbag.py:538} INFO - Filling up the DagBag from /home/airflow/.local/lib/python3.8/site-packages/airflow/example_dags/example_setup_teardown.py
[2024-01-03T02:21:30.362+0000] {processor.py:840} INFO - DAG(s) 'example_setup_teardown' retrieved from /home/airflow/.local/lib/python3.8/site-packages/airflow/example_dags/example_setup_teardown.py
[2024-01-03T02:21:30.436+0000] {logging_mixin.py:188} INFO - [2024-01-03T02:21:30.436+0000] {dag.py:3033} INFO - Sync 1 DAGs
[2024-01-03T02:21:30.451+0000] {logging_mixin.py:188} INFO - [2024-01-03T02:21:30.451+0000] {dag.py:3820} INFO - Setting next_dagrun for example_setup_teardown to 2024-01-02T00:00:00+00:00, run_after=2024-01-03T00:00:00+00:00
[2024-01-03T02:21:30.465+0000] {processor.py:183} INFO - Processing /home/airflow/.local/lib/python3.8/site-packages/airflow/example_dags/example_setup_teardown.py took 0.111 seconds
[2024-01-03T02:22:00.536+0000] {processor.py:161} INFO - Started process (PID=410) to work on /home/airflow/.local/lib/python3.8/site-packages/airflow/example_dags/example_setup_teardown.py
[2024-01-03T02:22:00.537+0000] {processor.py:830} INFO - Processing file /home/airflow/.local/lib/python3.8/site-packages/airflow/example_dags/example_setup_teardown.py for tasks to queue
[2024-01-03T02:22:00.539+0000] {logging_mixin.py:188} INFO - [2024-01-03T02:22:00.538+0000] {dagbag.py:538} INFO - Filling up the DagBag from /home/airflow/.local/lib/python3.8/site-packages/airflow/example_dags/example_setup_teardown.py
[2024-01-03T02:22:00.545+0000] {processor.py:840} INFO - DAG(s) 'example_setup_teardown' retrieved from /home/airflow/.local/lib/python3.8/site-packages/airflow/example_dags/example_setup_teardown.py
[2024-01-03T02:22:00.559+0000] {logging_mixin.py:188} INFO - [2024-01-03T02:22:00.559+0000] {dag.py:3033} INFO - Sync 1 DAGs
[2024-01-03T02:22:00.581+0000] {logging_mixin.py:188} INFO - [2024-01-03T02:22:00.581+0000] {dag.py:3820} INFO - Setting next_dagrun for example_setup_teardown to 2024-01-02T00:00:00+00:00, run_after=2024-01-03T00:00:00+00:00
[2024-01-03T02:22:00.607+0000] {processor.py:183} INFO - Processing /home/airflow/.local/lib/python3.8/site-packages/airflow/example_dags/example_setup_teardown.py took 0.073 seconds
[2024-01-03T02:22:30.906+0000] {processor.py:161} INFO - Started process (PID=465) to work on /home/airflow/.local/lib/python3.8/site-packages/airflow/example_dags/example_setup_teardown.py
[2024-01-03T02:22:30.907+0000] {processor.py:830} INFO - Processing file /home/airflow/.local/lib/python3.8/site-packages/airflow/example_dags/example_setup_teardown.py for tasks to queue
[2024-01-03T02:22:30.908+0000] {logging_mixin.py:188} INFO - [2024-01-03T02:22:30.908+0000] {dagbag.py:538} INFO - Filling up the DagBag from /home/airflow/.local/lib/python3.8/site-packages/airflow/example_dags/example_setup_teardown.py
[2024-01-03T02:22:30.914+0000] {processor.py:840} INFO - DAG(s) 'example_setup_teardown' retrieved from /home/airflow/.local/lib/python3.8/site-packages/airflow/example_dags/example_setup_teardown.py
[2024-01-03T02:22:30.929+0000] {logging_mixin.py:188} INFO - [2024-01-03T02:22:30.928+0000] {dag.py:3033} INFO - Sync 1 DAGs
[2024-01-03T02:22:30.944+0000] {logging_mixin.py:188} INFO - [2024-01-03T02:22:30.944+0000] {dag.py:3820} INFO - Setting next_dagrun for example_setup_teardown to 2024-01-02T00:00:00+00:00, run_after=2024-01-03T00:00:00+00:00
[2024-01-03T02:22:30.958+0000] {processor.py:183} INFO - Processing /home/airflow/.local/lib/python3.8/site-packages/airflow/example_dags/example_setup_teardown.py took 0.054 seconds
[2024-01-03T02:23:01.038+0000] {processor.py:161} INFO - Started process (PID=520) to work on /home/airflow/.local/lib/python3.8/site-packages/airflow/example_dags/example_setup_teardown.py
[2024-01-03T02:23:01.038+0000] {processor.py:830} INFO - Processing file /home/airflow/.local/lib/python3.8/site-packages/airflow/example_dags/example_setup_teardown.py for tasks to queue
[2024-01-03T02:23:01.040+0000] {logging_mixin.py:188} INFO - [2024-01-03T02:23:01.039+0000] {dagbag.py:538} INFO - Filling up the DagBag from /home/airflow/.local/lib/python3.8/site-packages/airflow/example_dags/example_setup_teardown.py
[2024-01-03T02:23:01.044+0000] {processor.py:840} INFO - DAG(s) 'example_setup_teardown' retrieved from /home/airflow/.local/lib/python3.8/site-packages/airflow/example_dags/example_setup_teardown.py
[2024-01-03T02:23:01.057+0000] {logging_mixin.py:188} INFO - [2024-01-03T02:23:01.057+0000] {dag.py:3033} INFO - Sync 1 DAGs
[2024-01-03T02:23:01.076+0000] {logging_mixin.py:188} INFO - [2024-01-03T02:23:01.076+0000] {dag.py:3820} INFO - Setting next_dagrun for example_setup_teardown to 2024-01-02T00:00:00+00:00, run_after=2024-01-03T00:00:00+00:00
[2024-01-03T02:23:01.091+0000] {processor.py:183} INFO - Processing /home/airflow/.local/lib/python3.8/site-packages/airflow/example_dags/example_setup_teardown.py took 0.055 seconds
[2024-01-03T02:23:31.206+0000] {processor.py:161} INFO - Started process (PID=574) to work on /home/airflow/.local/lib/python3.8/site-packages/airflow/example_dags/example_setup_teardown.py
[2024-01-03T02:23:31.207+0000] {processor.py:830} INFO - Processing file /home/airflow/.local/lib/python3.8/site-packages/airflow/example_dags/example_setup_teardown.py for tasks to queue
[2024-01-03T02:23:31.209+0000] {logging_mixin.py:188} INFO - [2024-01-03T02:23:31.208+0000] {dagbag.py:538} INFO - Filling up the DagBag from /home/airflow/.local/lib/python3.8/site-packages/airflow/example_dags/example_setup_teardown.py
[2024-01-03T02:23:31.213+0000] {processor.py:840} INFO - DAG(s) 'example_setup_teardown' retrieved from /home/airflow/.local/lib/python3.8/site-packages/airflow/example_dags/example_setup_teardown.py
[2024-01-03T02:23:31.225+0000] {logging_mixin.py:188} INFO - [2024-01-03T02:23:31.225+0000] {dag.py:3033} INFO - Sync 1 DAGs
[2024-01-03T02:23:31.239+0000] {logging_mixin.py:188} INFO - [2024-01-03T02:23:31.239+0000] {dag.py:3820} INFO - Setting next_dagrun for example_setup_teardown to 2024-01-02T00:00:00+00:00, run_after=2024-01-03T00:00:00+00:00
[2024-01-03T02:23:31.251+0000] {processor.py:183} INFO - Processing /home/airflow/.local/lib/python3.8/site-packages/airflow/example_dags/example_setup_teardown.py took 0.046 seconds
[2024-01-03T02:24:01.637+0000] {processor.py:161} INFO - Started process (PID=630) to work on /home/airflow/.local/lib/python3.8/site-packages/airflow/example_dags/example_setup_teardown.py
[2024-01-03T02:24:01.637+0000] {processor.py:830} INFO - Processing file /home/airflow/.local/lib/python3.8/site-packages/airflow/example_dags/example_setup_teardown.py for tasks to queue
[2024-01-03T02:24:01.639+0000] {logging_mixin.py:188} INFO - [2024-01-03T02:24:01.639+0000] {dagbag.py:538} INFO - Filling up the DagBag from /home/airflow/.local/lib/python3.8/site-packages/airflow/example_dags/example_setup_teardown.py
[2024-01-03T02:24:01.645+0000] {processor.py:840} INFO - DAG(s) 'example_setup_teardown' retrieved from /home/airflow/.local/lib/python3.8/site-packages/airflow/example_dags/example_setup_teardown.py
[2024-01-03T02:24:01.660+0000] {logging_mixin.py:188} INFO - [2024-01-03T02:24:01.660+0000] {dag.py:3033} INFO - Sync 1 DAGs
[2024-01-03T02:24:01.679+0000] {logging_mixin.py:188} INFO - [2024-01-03T02:24:01.679+0000] {dag.py:3820} INFO - Setting next_dagrun for example_setup_teardown to 2024-01-02T00:00:00+00:00, run_after=2024-01-03T00:00:00+00:00
[2024-01-03T02:24:01.694+0000] {processor.py:183} INFO - Processing /home/airflow/.local/lib/python3.8/site-packages/airflow/example_dags/example_setup_teardown.py took 0.059 seconds
[2024-01-03T02:24:32.420+0000] {processor.py:161} INFO - Started process (PID=685) to work on /home/airflow/.local/lib/python3.8/site-packages/airflow/example_dags/example_setup_teardown.py
[2024-01-03T02:24:32.421+0000] {processor.py:830} INFO - Processing file /home/airflow/.local/lib/python3.8/site-packages/airflow/example_dags/example_setup_teardown.py for tasks to queue
[2024-01-03T02:24:32.423+0000] {logging_mixin.py:188} INFO - [2024-01-03T02:24:32.423+0000] {dagbag.py:538} INFO - Filling up the DagBag from /home/airflow/.local/lib/python3.8/site-packages/airflow/example_dags/example_setup_teardown.py
[2024-01-03T02:24:32.429+0000] {processor.py:840} INFO - DAG(s) 'example_setup_teardown' retrieved from /home/airflow/.local/lib/python3.8/site-packages/airflow/example_dags/example_setup_teardown.py
[2024-01-03T02:24:32.444+0000] {logging_mixin.py:188} INFO - [2024-01-03T02:24:32.444+0000] {dag.py:3033} INFO - Sync 1 DAGs
[2024-01-03T02:24:32.461+0000] {logging_mixin.py:188} INFO - [2024-01-03T02:24:32.461+0000] {dag.py:3820} INFO - Setting next_dagrun for example_setup_teardown to 2024-01-02T00:00:00+00:00, run_after=2024-01-03T00:00:00+00:00
[2024-01-03T02:24:32.473+0000] {processor.py:183} INFO - Processing /home/airflow/.local/lib/python3.8/site-packages/airflow/example_dags/example_setup_teardown.py took 0.055 seconds
[2024-01-03T02:25:03.243+0000] {processor.py:161} INFO - Started process (PID=740) to work on /home/airflow/.local/lib/python3.8/site-packages/airflow/example_dags/example_setup_teardown.py
[2024-01-03T02:25:03.244+0000] {processor.py:830} INFO - Processing file /home/airflow/.local/lib/python3.8/site-packages/airflow/example_dags/example_setup_teardown.py for tasks to queue
[2024-01-03T02:25:03.245+0000] {logging_mixin.py:188} INFO - [2024-01-03T02:25:03.245+0000] {dagbag.py:538} INFO - Filling up the DagBag from /home/airflow/.local/lib/python3.8/site-packages/airflow/example_dags/example_setup_teardown.py
[2024-01-03T02:25:03.249+0000] {processor.py:840} INFO - DAG(s) 'example_setup_teardown' retrieved from /home/airflow/.local/lib/python3.8/site-packages/airflow/example_dags/example_setup_teardown.py
[2024-01-03T02:25:03.262+0000] {logging_mixin.py:188} INFO - [2024-01-03T02:25:03.262+0000] {dag.py:3033} INFO - Sync 1 DAGs
[2024-01-03T02:25:03.278+0000] {logging_mixin.py:188} INFO - [2024-01-03T02:25:03.278+0000] {dag.py:3820} INFO - Setting next_dagrun for example_setup_teardown to 2024-01-02T00:00:00+00:00, run_after=2024-01-03T00:00:00+00:00
[2024-01-03T02:25:03.291+0000] {processor.py:183} INFO - Processing /home/airflow/.local/lib/python3.8/site-packages/airflow/example_dags/example_setup_teardown.py took 0.050 seconds
[2024-01-03T02:25:33.379+0000] {processor.py:161} INFO - Started process (PID=795) to work on /home/airflow/.local/lib/python3.8/site-packages/airflow/example_dags/example_setup_teardown.py
[2024-01-03T02:25:33.379+0000] {processor.py:830} INFO - Processing file /home/airflow/.local/lib/python3.8/site-packages/airflow/example_dags/example_setup_teardown.py for tasks to queue
[2024-01-03T02:25:33.381+0000] {logging_mixin.py:188} INFO - [2024-01-03T02:25:33.381+0000] {dagbag.py:538} INFO - Filling up the DagBag from /home/airflow/.local/lib/python3.8/site-packages/airflow/example_dags/example_setup_teardown.py
[2024-01-03T02:25:33.385+0000] {processor.py:840} INFO - DAG(s) 'example_setup_teardown' retrieved from /home/airflow/.local/lib/python3.8/site-packages/airflow/example_dags/example_setup_teardown.py
[2024-01-03T02:25:33.398+0000] {logging_mixin.py:188} INFO - [2024-01-03T02:25:33.398+0000] {dag.py:3033} INFO - Sync 1 DAGs
[2024-01-03T02:25:33.413+0000] {logging_mixin.py:188} INFO - [2024-01-03T02:25:33.413+0000] {dag.py:3820} INFO - Setting next_dagrun for example_setup_teardown to 2024-01-02T00:00:00+00:00, run_after=2024-01-03T00:00:00+00:00
[2024-01-03T02:25:33.426+0000] {processor.py:183} INFO - Processing /home/airflow/.local/lib/python3.8/site-packages/airflow/example_dags/example_setup_teardown.py took 0.049 seconds
[2024-01-03T02:26:03.491+0000] {processor.py:161} INFO - Started process (PID=849) to work on /home/airflow/.local/lib/python3.8/site-packages/airflow/example_dags/example_setup_teardown.py
[2024-01-03T02:26:03.492+0000] {processor.py:830} INFO - Processing file /home/airflow/.local/lib/python3.8/site-packages/airflow/example_dags/example_setup_teardown.py for tasks to queue
[2024-01-03T02:26:03.494+0000] {logging_mixin.py:188} INFO - [2024-01-03T02:26:03.494+0000] {dagbag.py:538} INFO - Filling up the DagBag from /home/airflow/.local/lib/python3.8/site-packages/airflow/example_dags/example_setup_teardown.py
[2024-01-03T02:26:03.497+0000] {processor.py:840} INFO - DAG(s) 'example_setup_teardown' retrieved from /home/airflow/.local/lib/python3.8/site-packages/airflow/example_dags/example_setup_teardown.py
[2024-01-03T02:26:03.510+0000] {logging_mixin.py:188} INFO - [2024-01-03T02:26:03.510+0000] {dag.py:3033} INFO - Sync 1 DAGs
[2024-01-03T02:26:03.524+0000] {logging_mixin.py:188} INFO - [2024-01-03T02:26:03.524+0000] {dag.py:3820} INFO - Setting next_dagrun for example_setup_teardown to 2024-01-02T00:00:00+00:00, run_after=2024-01-03T00:00:00+00:00
[2024-01-03T02:26:03.536+0000] {processor.py:183} INFO - Processing /home/airflow/.local/lib/python3.8/site-packages/airflow/example_dags/example_setup_teardown.py took 0.046 seconds
[2024-01-03T02:26:33.578+0000] {processor.py:161} INFO - Started process (PID=904) to work on /home/airflow/.local/lib/python3.8/site-packages/airflow/example_dags/example_setup_teardown.py
[2024-01-03T02:26:33.579+0000] {processor.py:830} INFO - Processing file /home/airflow/.local/lib/python3.8/site-packages/airflow/example_dags/example_setup_teardown.py for tasks to queue
[2024-01-03T02:26:33.580+0000] {logging_mixin.py:188} INFO - [2024-01-03T02:26:33.580+0000] {dagbag.py:538} INFO - Filling up the DagBag from /home/airflow/.local/lib/python3.8/site-packages/airflow/example_dags/example_setup_teardown.py
[2024-01-03T02:26:33.585+0000] {processor.py:840} INFO - DAG(s) 'example_setup_teardown' retrieved from /home/airflow/.local/lib/python3.8/site-packages/airflow/example_dags/example_setup_teardown.py
[2024-01-03T02:26:33.598+0000] {logging_mixin.py:188} INFO - [2024-01-03T02:26:33.598+0000] {dag.py:3033} INFO - Sync 1 DAGs
[2024-01-03T02:26:33.613+0000] {logging_mixin.py:188} INFO - [2024-01-03T02:26:33.613+0000] {dag.py:3820} INFO - Setting next_dagrun for example_setup_teardown to 2024-01-02T00:00:00+00:00, run_after=2024-01-03T00:00:00+00:00
[2024-01-03T02:26:33.625+0000] {processor.py:183} INFO - Processing /home/airflow/.local/lib/python3.8/site-packages/airflow/example_dags/example_setup_teardown.py took 0.049 seconds
[2024-01-03T02:27:04.374+0000] {processor.py:161} INFO - Started process (PID=959) to work on /home/airflow/.local/lib/python3.8/site-packages/airflow/example_dags/example_setup_teardown.py
[2024-01-03T02:27:04.375+0000] {processor.py:830} INFO - Processing file /home/airflow/.local/lib/python3.8/site-packages/airflow/example_dags/example_setup_teardown.py for tasks to queue
[2024-01-03T02:27:04.376+0000] {logging_mixin.py:188} INFO - [2024-01-03T02:27:04.376+0000] {dagbag.py:538} INFO - Filling up the DagBag from /home/airflow/.local/lib/python3.8/site-packages/airflow/example_dags/example_setup_teardown.py
[2024-01-03T02:27:04.380+0000] {processor.py:840} INFO - DAG(s) 'example_setup_teardown' retrieved from /home/airflow/.local/lib/python3.8/site-packages/airflow/example_dags/example_setup_teardown.py
[2024-01-03T02:27:04.394+0000] {logging_mixin.py:188} INFO - [2024-01-03T02:27:04.394+0000] {dag.py:3033} INFO - Sync 1 DAGs
[2024-01-03T02:27:04.408+0000] {logging_mixin.py:188} INFO - [2024-01-03T02:27:04.408+0000] {dag.py:3820} INFO - Setting next_dagrun for example_setup_teardown to 2024-01-02T00:00:00+00:00, run_after=2024-01-03T00:00:00+00:00
[2024-01-03T02:27:04.419+0000] {processor.py:183} INFO - Processing /home/airflow/.local/lib/python3.8/site-packages/airflow/example_dags/example_setup_teardown.py took 0.047 seconds
[2024-01-03T02:27:35.231+0000] {processor.py:161} INFO - Started process (PID=1014) to work on /home/airflow/.local/lib/python3.8/site-packages/airflow/example_dags/example_setup_teardown.py
[2024-01-03T02:27:35.232+0000] {processor.py:830} INFO - Processing file /home/airflow/.local/lib/python3.8/site-packages/airflow/example_dags/example_setup_teardown.py for tasks to queue
[2024-01-03T02:27:35.233+0000] {logging_mixin.py:188} INFO - [2024-01-03T02:27:35.233+0000] {dagbag.py:538} INFO - Filling up the DagBag from /home/airflow/.local/lib/python3.8/site-packages/airflow/example_dags/example_setup_teardown.py
[2024-01-03T02:27:35.237+0000] {processor.py:840} INFO - DAG(s) 'example_setup_teardown' retrieved from /home/airflow/.local/lib/python3.8/site-packages/airflow/example_dags/example_setup_teardown.py
[2024-01-03T02:27:35.251+0000] {logging_mixin.py:188} INFO - [2024-01-03T02:27:35.251+0000] {dag.py:3033} INFO - Sync 1 DAGs
[2024-01-03T02:27:35.267+0000] {logging_mixin.py:188} INFO - [2024-01-03T02:27:35.266+0000] {dag.py:3820} INFO - Setting next_dagrun for example_setup_teardown to 2024-01-02T00:00:00+00:00, run_after=2024-01-03T00:00:00+00:00
[2024-01-03T02:27:35.279+0000] {processor.py:183} INFO - Processing /home/airflow/.local/lib/python3.8/site-packages/airflow/example_dags/example_setup_teardown.py took 0.049 seconds
[2024-01-03T02:28:06.009+0000] {processor.py:161} INFO - Started process (PID=1069) to work on /home/airflow/.local/lib/python3.8/site-packages/airflow/example_dags/example_setup_teardown.py
[2024-01-03T02:28:06.009+0000] {processor.py:830} INFO - Processing file /home/airflow/.local/lib/python3.8/site-packages/airflow/example_dags/example_setup_teardown.py for tasks to queue
[2024-01-03T02:28:06.011+0000] {logging_mixin.py:188} INFO - [2024-01-03T02:28:06.011+0000] {dagbag.py:538} INFO - Filling up the DagBag from /home/airflow/.local/lib/python3.8/site-packages/airflow/example_dags/example_setup_teardown.py
[2024-01-03T02:28:06.015+0000] {processor.py:840} INFO - DAG(s) 'example_setup_teardown' retrieved from /home/airflow/.local/lib/python3.8/site-packages/airflow/example_dags/example_setup_teardown.py
[2024-01-03T02:28:06.029+0000] {logging_mixin.py:188} INFO - [2024-01-03T02:28:06.029+0000] {dag.py:3033} INFO - Sync 1 DAGs
[2024-01-03T02:28:06.044+0000] {logging_mixin.py:188} INFO - [2024-01-03T02:28:06.044+0000] {dag.py:3820} INFO - Setting next_dagrun for example_setup_teardown to 2024-01-02T00:00:00+00:00, run_after=2024-01-03T00:00:00+00:00
[2024-01-03T02:28:06.056+0000] {processor.py:183} INFO - Processing /home/airflow/.local/lib/python3.8/site-packages/airflow/example_dags/example_setup_teardown.py took 0.049 seconds
[2024-01-03T02:28:36.806+0000] {processor.py:161} INFO - Started process (PID=1124) to work on /home/airflow/.local/lib/python3.8/site-packages/airflow/example_dags/example_setup_teardown.py
[2024-01-03T02:28:36.807+0000] {processor.py:830} INFO - Processing file /home/airflow/.local/lib/python3.8/site-packages/airflow/example_dags/example_setup_teardown.py for tasks to queue
[2024-01-03T02:28:36.808+0000] {logging_mixin.py:188} INFO - [2024-01-03T02:28:36.808+0000] {dagbag.py:538} INFO - Filling up the DagBag from /home/airflow/.local/lib/python3.8/site-packages/airflow/example_dags/example_setup_teardown.py
[2024-01-03T02:28:36.813+0000] {processor.py:840} INFO - DAG(s) 'example_setup_teardown' retrieved from /home/airflow/.local/lib/python3.8/site-packages/airflow/example_dags/example_setup_teardown.py
[2024-01-03T02:28:36.825+0000] {logging_mixin.py:188} INFO - [2024-01-03T02:28:36.825+0000] {dag.py:3033} INFO - Sync 1 DAGs
[2024-01-03T02:28:36.839+0000] {logging_mixin.py:188} INFO - [2024-01-03T02:28:36.839+0000] {dag.py:3820} INFO - Setting next_dagrun for example_setup_teardown to 2024-01-02T00:00:00+00:00, run_after=2024-01-03T00:00:00+00:00
[2024-01-03T02:28:36.850+0000] {processor.py:183} INFO - Processing /home/airflow/.local/lib/python3.8/site-packages/airflow/example_dags/example_setup_teardown.py took 0.046 seconds
[2024-01-03T02:29:07.625+0000] {processor.py:161} INFO - Started process (PID=1179) to work on /home/airflow/.local/lib/python3.8/site-packages/airflow/example_dags/example_setup_teardown.py
[2024-01-03T02:29:07.626+0000] {processor.py:830} INFO - Processing file /home/airflow/.local/lib/python3.8/site-packages/airflow/example_dags/example_setup_teardown.py for tasks to queue
[2024-01-03T02:29:07.627+0000] {logging_mixin.py:188} INFO - [2024-01-03T02:29:07.627+0000] {dagbag.py:538} INFO - Filling up the DagBag from /home/airflow/.local/lib/python3.8/site-packages/airflow/example_dags/example_setup_teardown.py
[2024-01-03T02:29:07.632+0000] {processor.py:840} INFO - DAG(s) 'example_setup_teardown' retrieved from /home/airflow/.local/lib/python3.8/site-packages/airflow/example_dags/example_setup_teardown.py
[2024-01-03T02:29:07.645+0000] {logging_mixin.py:188} INFO - [2024-01-03T02:29:07.644+0000] {dag.py:3033} INFO - Sync 1 DAGs
[2024-01-03T02:29:07.660+0000] {logging_mixin.py:188} INFO - [2024-01-03T02:29:07.660+0000] {dag.py:3820} INFO - Setting next_dagrun for example_setup_teardown to 2024-01-02T00:00:00+00:00, run_after=2024-01-03T00:00:00+00:00
[2024-01-03T02:29:07.672+0000] {processor.py:183} INFO - Processing /home/airflow/.local/lib/python3.8/site-packages/airflow/example_dags/example_setup_teardown.py took 0.049 seconds
[2024-01-03T02:29:38.431+0000] {processor.py:161} INFO - Started process (PID=1234) to work on /home/airflow/.local/lib/python3.8/site-packages/airflow/example_dags/example_setup_teardown.py
[2024-01-03T02:29:38.432+0000] {processor.py:830} INFO - Processing file /home/airflow/.local/lib/python3.8/site-packages/airflow/example_dags/example_setup_teardown.py for tasks to queue
[2024-01-03T02:29:38.434+0000] {logging_mixin.py:188} INFO - [2024-01-03T02:29:38.433+0000] {dagbag.py:538} INFO - Filling up the DagBag from /home/airflow/.local/lib/python3.8/site-packages/airflow/example_dags/example_setup_teardown.py
[2024-01-03T02:29:38.439+0000] {processor.py:840} INFO - DAG(s) 'example_setup_teardown' retrieved from /home/airflow/.local/lib/python3.8/site-packages/airflow/example_dags/example_setup_teardown.py
[2024-01-03T02:29:38.453+0000] {logging_mixin.py:188} INFO - [2024-01-03T02:29:38.452+0000] {dag.py:3033} INFO - Sync 1 DAGs
[2024-01-03T02:29:38.467+0000] {logging_mixin.py:188} INFO - [2024-01-03T02:29:38.467+0000] {dag.py:3820} INFO - Setting next_dagrun for example_setup_teardown to 2024-01-02T00:00:00+00:00, run_after=2024-01-03T00:00:00+00:00
[2024-01-03T02:29:38.479+0000] {processor.py:183} INFO - Processing /home/airflow/.local/lib/python3.8/site-packages/airflow/example_dags/example_setup_teardown.py took 0.050 seconds
[2024-01-03T02:30:08.507+0000] {processor.py:161} INFO - Started process (PID=1289) to work on /home/airflow/.local/lib/python3.8/site-packages/airflow/example_dags/example_setup_teardown.py
[2024-01-03T02:30:08.508+0000] {processor.py:830} INFO - Processing file /home/airflow/.local/lib/python3.8/site-packages/airflow/example_dags/example_setup_teardown.py for tasks to queue
[2024-01-03T02:30:08.509+0000] {logging_mixin.py:188} INFO - [2024-01-03T02:30:08.509+0000] {dagbag.py:538} INFO - Filling up the DagBag from /home/airflow/.local/lib/python3.8/site-packages/airflow/example_dags/example_setup_teardown.py
[2024-01-03T02:30:08.513+0000] {processor.py:840} INFO - DAG(s) 'example_setup_teardown' retrieved from /home/airflow/.local/lib/python3.8/site-packages/airflow/example_dags/example_setup_teardown.py
[2024-01-03T02:30:08.526+0000] {logging_mixin.py:188} INFO - [2024-01-03T02:30:08.526+0000] {dag.py:3033} INFO - Sync 1 DAGs
[2024-01-03T02:30:08.540+0000] {logging_mixin.py:188} INFO - [2024-01-03T02:30:08.540+0000] {dag.py:3820} INFO - Setting next_dagrun for example_setup_teardown to 2024-01-02T00:00:00+00:00, run_after=2024-01-03T00:00:00+00:00
[2024-01-03T02:30:08.552+0000] {processor.py:183} INFO - Processing /home/airflow/.local/lib/python3.8/site-packages/airflow/example_dags/example_setup_teardown.py took 0.046 seconds
[2024-01-03T02:30:39.542+0000] {processor.py:161} INFO - Started process (PID=1344) to work on /home/airflow/.local/lib/python3.8/site-packages/airflow/example_dags/example_setup_teardown.py
[2024-01-03T02:30:39.543+0000] {processor.py:830} INFO - Processing file /home/airflow/.local/lib/python3.8/site-packages/airflow/example_dags/example_setup_teardown.py for tasks to queue
[2024-01-03T02:30:39.545+0000] {logging_mixin.py:188} INFO - [2024-01-03T02:30:39.545+0000] {dagbag.py:538} INFO - Filling up the DagBag from /home/airflow/.local/lib/python3.8/site-packages/airflow/example_dags/example_setup_teardown.py
[2024-01-03T02:30:39.550+0000] {processor.py:840} INFO - DAG(s) 'example_setup_teardown' retrieved from /home/airflow/.local/lib/python3.8/site-packages/airflow/example_dags/example_setup_teardown.py
[2024-01-03T02:30:39.564+0000] {logging_mixin.py:188} INFO - [2024-01-03T02:30:39.564+0000] {dag.py:3033} INFO - Sync 1 DAGs
[2024-01-03T02:30:39.582+0000] {logging_mixin.py:188} INFO - [2024-01-03T02:30:39.582+0000] {dag.py:3820} INFO - Setting next_dagrun for example_setup_teardown to 2024-01-02T00:00:00+00:00, run_after=2024-01-03T00:00:00+00:00
[2024-01-03T02:30:39.599+0000] {processor.py:183} INFO - Processing /home/airflow/.local/lib/python3.8/site-packages/airflow/example_dags/example_setup_teardown.py took 0.059 seconds
[2024-01-03T02:31:09.951+0000] {processor.py:161} INFO - Started process (PID=1399) to work on /home/airflow/.local/lib/python3.8/site-packages/airflow/example_dags/example_setup_teardown.py
[2024-01-03T02:31:09.952+0000] {processor.py:830} INFO - Processing file /home/airflow/.local/lib/python3.8/site-packages/airflow/example_dags/example_setup_teardown.py for tasks to queue
[2024-01-03T02:31:09.954+0000] {logging_mixin.py:188} INFO - [2024-01-03T02:31:09.953+0000] {dagbag.py:538} INFO - Filling up the DagBag from /home/airflow/.local/lib/python3.8/site-packages/airflow/example_dags/example_setup_teardown.py
[2024-01-03T02:31:09.958+0000] {processor.py:840} INFO - DAG(s) 'example_setup_teardown' retrieved from /home/airflow/.local/lib/python3.8/site-packages/airflow/example_dags/example_setup_teardown.py
[2024-01-03T02:31:09.971+0000] {logging_mixin.py:188} INFO - [2024-01-03T02:31:09.971+0000] {dag.py:3033} INFO - Sync 1 DAGs
[2024-01-03T02:31:09.987+0000] {logging_mixin.py:188} INFO - [2024-01-03T02:31:09.987+0000] {dag.py:3820} INFO - Setting next_dagrun for example_setup_teardown to 2024-01-02T00:00:00+00:00, run_after=2024-01-03T00:00:00+00:00
[2024-01-03T02:31:09.998+0000] {processor.py:183} INFO - Processing /home/airflow/.local/lib/python3.8/site-packages/airflow/example_dags/example_setup_teardown.py took 0.049 seconds
[2024-01-03T02:31:40.063+0000] {processor.py:161} INFO - Started process (PID=1454) to work on /home/airflow/.local/lib/python3.8/site-packages/airflow/example_dags/example_setup_teardown.py
[2024-01-03T02:31:40.064+0000] {processor.py:830} INFO - Processing file /home/airflow/.local/lib/python3.8/site-packages/airflow/example_dags/example_setup_teardown.py for tasks to queue
[2024-01-03T02:31:40.065+0000] {logging_mixin.py:188} INFO - [2024-01-03T02:31:40.065+0000] {dagbag.py:538} INFO - Filling up the DagBag from /home/airflow/.local/lib/python3.8/site-packages/airflow/example_dags/example_setup_teardown.py
[2024-01-03T02:31:40.070+0000] {processor.py:840} INFO - DAG(s) 'example_setup_teardown' retrieved from /home/airflow/.local/lib/python3.8/site-packages/airflow/example_dags/example_setup_teardown.py
[2024-01-03T02:31:40.085+0000] {logging_mixin.py:188} INFO - [2024-01-03T02:31:40.085+0000] {dag.py:3033} INFO - Sync 1 DAGs
[2024-01-03T02:31:40.103+0000] {logging_mixin.py:188} INFO - [2024-01-03T02:31:40.103+0000] {dag.py:3820} INFO - Setting next_dagrun for example_setup_teardown to 2024-01-02T00:00:00+00:00, run_after=2024-01-03T00:00:00+00:00
[2024-01-03T02:31:40.117+0000] {processor.py:183} INFO - Processing /home/airflow/.local/lib/python3.8/site-packages/airflow/example_dags/example_setup_teardown.py took 0.056 seconds
[2024-01-03T02:32:10.191+0000] {processor.py:161} INFO - Started process (PID=1509) to work on /home/airflow/.local/lib/python3.8/site-packages/airflow/example_dags/example_setup_teardown.py
[2024-01-03T02:32:10.192+0000] {processor.py:830} INFO - Processing file /home/airflow/.local/lib/python3.8/site-packages/airflow/example_dags/example_setup_teardown.py for tasks to queue
[2024-01-03T02:32:10.193+0000] {logging_mixin.py:188} INFO - [2024-01-03T02:32:10.193+0000] {dagbag.py:538} INFO - Filling up the DagBag from /home/airflow/.local/lib/python3.8/site-packages/airflow/example_dags/example_setup_teardown.py
[2024-01-03T02:32:10.198+0000] {processor.py:840} INFO - DAG(s) 'example_setup_teardown' retrieved from /home/airflow/.local/lib/python3.8/site-packages/airflow/example_dags/example_setup_teardown.py
[2024-01-03T02:32:10.211+0000] {logging_mixin.py:188} INFO - [2024-01-03T02:32:10.211+0000] {dag.py:3033} INFO - Sync 1 DAGs
[2024-01-03T02:32:10.228+0000] {logging_mixin.py:188} INFO - [2024-01-03T02:32:10.228+0000] {dag.py:3820} INFO - Setting next_dagrun for example_setup_teardown to 2024-01-02T00:00:00+00:00, run_after=2024-01-03T00:00:00+00:00
[2024-01-03T02:32:10.240+0000] {processor.py:183} INFO - Processing /home/airflow/.local/lib/python3.8/site-packages/airflow/example_dags/example_setup_teardown.py took 0.051 seconds
[2024-01-03T02:32:40.285+0000] {processor.py:161} INFO - Started process (PID=1564) to work on /home/airflow/.local/lib/python3.8/site-packages/airflow/example_dags/example_setup_teardown.py
[2024-01-03T02:32:40.286+0000] {processor.py:830} INFO - Processing file /home/airflow/.local/lib/python3.8/site-packages/airflow/example_dags/example_setup_teardown.py for tasks to queue
[2024-01-03T02:32:40.287+0000] {logging_mixin.py:188} INFO - [2024-01-03T02:32:40.287+0000] {dagbag.py:538} INFO - Filling up the DagBag from /home/airflow/.local/lib/python3.8/site-packages/airflow/example_dags/example_setup_teardown.py
[2024-01-03T02:32:40.292+0000] {processor.py:840} INFO - DAG(s) 'example_setup_teardown' retrieved from /home/airflow/.local/lib/python3.8/site-packages/airflow/example_dags/example_setup_teardown.py
[2024-01-03T02:32:40.304+0000] {logging_mixin.py:188} INFO - [2024-01-03T02:32:40.304+0000] {dag.py:3033} INFO - Sync 1 DAGs
[2024-01-03T02:32:40.320+0000] {logging_mixin.py:188} INFO - [2024-01-03T02:32:40.320+0000] {dag.py:3820} INFO - Setting next_dagrun for example_setup_teardown to 2024-01-02T00:00:00+00:00, run_after=2024-01-03T00:00:00+00:00
[2024-01-03T02:32:40.332+0000] {processor.py:183} INFO - Processing /home/airflow/.local/lib/python3.8/site-packages/airflow/example_dags/example_setup_teardown.py took 0.049 seconds
[2024-01-03T02:33:10.456+0000] {processor.py:161} INFO - Started process (PID=1619) to work on /home/airflow/.local/lib/python3.8/site-packages/airflow/example_dags/example_setup_teardown.py
[2024-01-03T02:33:10.457+0000] {processor.py:830} INFO - Processing file /home/airflow/.local/lib/python3.8/site-packages/airflow/example_dags/example_setup_teardown.py for tasks to queue
[2024-01-03T02:33:10.458+0000] {logging_mixin.py:188} INFO - [2024-01-03T02:33:10.458+0000] {dagbag.py:538} INFO - Filling up the DagBag from /home/airflow/.local/lib/python3.8/site-packages/airflow/example_dags/example_setup_teardown.py
[2024-01-03T02:33:10.463+0000] {processor.py:840} INFO - DAG(s) 'example_setup_teardown' retrieved from /home/airflow/.local/lib/python3.8/site-packages/airflow/example_dags/example_setup_teardown.py
[2024-01-03T02:33:10.477+0000] {logging_mixin.py:188} INFO - [2024-01-03T02:33:10.476+0000] {dag.py:3033} INFO - Sync 1 DAGs
[2024-01-03T02:33:10.493+0000] {logging_mixin.py:188} INFO - [2024-01-03T02:33:10.493+0000] {dag.py:3820} INFO - Setting next_dagrun for example_setup_teardown to 2024-01-02T00:00:00+00:00, run_after=2024-01-03T00:00:00+00:00
[2024-01-03T02:33:10.506+0000] {processor.py:183} INFO - Processing /home/airflow/.local/lib/python3.8/site-packages/airflow/example_dags/example_setup_teardown.py took 0.052 seconds
[2024-01-03T02:33:40.619+0000] {processor.py:161} INFO - Started process (PID=1674) to work on /home/airflow/.local/lib/python3.8/site-packages/airflow/example_dags/example_setup_teardown.py
[2024-01-03T02:33:40.620+0000] {processor.py:830} INFO - Processing file /home/airflow/.local/lib/python3.8/site-packages/airflow/example_dags/example_setup_teardown.py for tasks to queue
[2024-01-03T02:33:40.621+0000] {logging_mixin.py:188} INFO - [2024-01-03T02:33:40.621+0000] {dagbag.py:538} INFO - Filling up the DagBag from /home/airflow/.local/lib/python3.8/site-packages/airflow/example_dags/example_setup_teardown.py
[2024-01-03T02:33:40.625+0000] {processor.py:840} INFO - DAG(s) 'example_setup_teardown' retrieved from /home/airflow/.local/lib/python3.8/site-packages/airflow/example_dags/example_setup_teardown.py
[2024-01-03T02:33:40.639+0000] {logging_mixin.py:188} INFO - [2024-01-03T02:33:40.639+0000] {dag.py:3033} INFO - Sync 1 DAGs
[2024-01-03T02:33:40.654+0000] {logging_mixin.py:188} INFO - [2024-01-03T02:33:40.653+0000] {dag.py:3820} INFO - Setting next_dagrun for example_setup_teardown to 2024-01-02T00:00:00+00:00, run_after=2024-01-03T00:00:00+00:00
[2024-01-03T02:33:40.666+0000] {processor.py:183} INFO - Processing /home/airflow/.local/lib/python3.8/site-packages/airflow/example_dags/example_setup_teardown.py took 0.048 seconds
[2024-01-03T02:34:11.523+0000] {processor.py:161} INFO - Started process (PID=1729) to work on /home/airflow/.local/lib/python3.8/site-packages/airflow/example_dags/example_setup_teardown.py
[2024-01-03T02:34:11.524+0000] {processor.py:830} INFO - Processing file /home/airflow/.local/lib/python3.8/site-packages/airflow/example_dags/example_setup_teardown.py for tasks to queue
[2024-01-03T02:34:11.525+0000] {logging_mixin.py:188} INFO - [2024-01-03T02:34:11.525+0000] {dagbag.py:538} INFO - Filling up the DagBag from /home/airflow/.local/lib/python3.8/site-packages/airflow/example_dags/example_setup_teardown.py
[2024-01-03T02:34:11.530+0000] {processor.py:840} INFO - DAG(s) 'example_setup_teardown' retrieved from /home/airflow/.local/lib/python3.8/site-packages/airflow/example_dags/example_setup_teardown.py
[2024-01-03T02:34:11.544+0000] {logging_mixin.py:188} INFO - [2024-01-03T02:34:11.544+0000] {dag.py:3033} INFO - Sync 1 DAGs
[2024-01-03T02:34:11.559+0000] {logging_mixin.py:188} INFO - [2024-01-03T02:34:11.559+0000] {dag.py:3820} INFO - Setting next_dagrun for example_setup_teardown to 2024-01-02T00:00:00+00:00, run_after=2024-01-03T00:00:00+00:00
[2024-01-03T02:34:11.571+0000] {processor.py:183} INFO - Processing /home/airflow/.local/lib/python3.8/site-packages/airflow/example_dags/example_setup_teardown.py took 0.050 seconds
[2024-01-03T02:34:42.195+0000] {processor.py:161} INFO - Started process (PID=1785) to work on /home/airflow/.local/lib/python3.8/site-packages/airflow/example_dags/example_setup_teardown.py
[2024-01-03T02:34:42.196+0000] {processor.py:830} INFO - Processing file /home/airflow/.local/lib/python3.8/site-packages/airflow/example_dags/example_setup_teardown.py for tasks to queue
[2024-01-03T02:34:42.197+0000] {logging_mixin.py:188} INFO - [2024-01-03T02:34:42.197+0000] {dagbag.py:538} INFO - Filling up the DagBag from /home/airflow/.local/lib/python3.8/site-packages/airflow/example_dags/example_setup_teardown.py
[2024-01-03T02:34:42.202+0000] {processor.py:840} INFO - DAG(s) 'example_setup_teardown' retrieved from /home/airflow/.local/lib/python3.8/site-packages/airflow/example_dags/example_setup_teardown.py
[2024-01-03T02:34:42.216+0000] {logging_mixin.py:188} INFO - [2024-01-03T02:34:42.216+0000] {dag.py:3033} INFO - Sync 1 DAGs
[2024-01-03T02:34:42.232+0000] {logging_mixin.py:188} INFO - [2024-01-03T02:34:42.232+0000] {dag.py:3820} INFO - Setting next_dagrun for example_setup_teardown to 2024-01-02T00:00:00+00:00, run_after=2024-01-03T00:00:00+00:00
[2024-01-03T02:34:42.243+0000] {processor.py:183} INFO - Processing /home/airflow/.local/lib/python3.8/site-packages/airflow/example_dags/example_setup_teardown.py took 0.050 seconds
[2024-01-03T02:35:13.032+0000] {processor.py:161} INFO - Started process (PID=1840) to work on /home/airflow/.local/lib/python3.8/site-packages/airflow/example_dags/example_setup_teardown.py
[2024-01-03T02:35:13.033+0000] {processor.py:830} INFO - Processing file /home/airflow/.local/lib/python3.8/site-packages/airflow/example_dags/example_setup_teardown.py for tasks to queue
[2024-01-03T02:35:13.034+0000] {logging_mixin.py:188} INFO - [2024-01-03T02:35:13.034+0000] {dagbag.py:538} INFO - Filling up the DagBag from /home/airflow/.local/lib/python3.8/site-packages/airflow/example_dags/example_setup_teardown.py
[2024-01-03T02:35:13.038+0000] {processor.py:840} INFO - DAG(s) 'example_setup_teardown' retrieved from /home/airflow/.local/lib/python3.8/site-packages/airflow/example_dags/example_setup_teardown.py
[2024-01-03T02:35:13.052+0000] {logging_mixin.py:188} INFO - [2024-01-03T02:35:13.052+0000] {dag.py:3033} INFO - Sync 1 DAGs
[2024-01-03T02:35:13.069+0000] {logging_mixin.py:188} INFO - [2024-01-03T02:35:13.069+0000] {dag.py:3820} INFO - Setting next_dagrun for example_setup_teardown to 2024-01-02T00:00:00+00:00, run_after=2024-01-03T00:00:00+00:00
[2024-01-03T02:35:13.081+0000] {processor.py:183} INFO - Processing /home/airflow/.local/lib/python3.8/site-packages/airflow/example_dags/example_setup_teardown.py took 0.051 seconds
[2024-01-03T02:35:43.925+0000] {processor.py:161} INFO - Started process (PID=1895) to work on /home/airflow/.local/lib/python3.8/site-packages/airflow/example_dags/example_setup_teardown.py
[2024-01-03T02:35:43.926+0000] {processor.py:830} INFO - Processing file /home/airflow/.local/lib/python3.8/site-packages/airflow/example_dags/example_setup_teardown.py for tasks to queue
[2024-01-03T02:35:43.927+0000] {logging_mixin.py:188} INFO - [2024-01-03T02:35:43.927+0000] {dagbag.py:538} INFO - Filling up the DagBag from /home/airflow/.local/lib/python3.8/site-packages/airflow/example_dags/example_setup_teardown.py
[2024-01-03T02:35:43.932+0000] {processor.py:840} INFO - DAG(s) 'example_setup_teardown' retrieved from /home/airflow/.local/lib/python3.8/site-packages/airflow/example_dags/example_setup_teardown.py
[2024-01-03T02:35:43.947+0000] {logging_mixin.py:188} INFO - [2024-01-03T02:35:43.947+0000] {dag.py:3033} INFO - Sync 1 DAGs
[2024-01-03T02:35:43.962+0000] {logging_mixin.py:188} INFO - [2024-01-03T02:35:43.962+0000] {dag.py:3820} INFO - Setting next_dagrun for example_setup_teardown to 2024-01-02T00:00:00+00:00, run_after=2024-01-03T00:00:00+00:00
[2024-01-03T02:35:43.974+0000] {processor.py:183} INFO - Processing /home/airflow/.local/lib/python3.8/site-packages/airflow/example_dags/example_setup_teardown.py took 0.051 seconds
[2024-01-03T02:36:14.773+0000] {processor.py:161} INFO - Started process (PID=1950) to work on /home/airflow/.local/lib/python3.8/site-packages/airflow/example_dags/example_setup_teardown.py
[2024-01-03T02:36:14.774+0000] {processor.py:830} INFO - Processing file /home/airflow/.local/lib/python3.8/site-packages/airflow/example_dags/example_setup_teardown.py for tasks to queue
[2024-01-03T02:36:14.776+0000] {logging_mixin.py:188} INFO - [2024-01-03T02:36:14.776+0000] {dagbag.py:538} INFO - Filling up the DagBag from /home/airflow/.local/lib/python3.8/site-packages/airflow/example_dags/example_setup_teardown.py
[2024-01-03T02:36:14.781+0000] {processor.py:840} INFO - DAG(s) 'example_setup_teardown' retrieved from /home/airflow/.local/lib/python3.8/site-packages/airflow/example_dags/example_setup_teardown.py
[2024-01-03T02:36:14.799+0000] {logging_mixin.py:188} INFO - [2024-01-03T02:36:14.799+0000] {dag.py:3033} INFO - Sync 1 DAGs
[2024-01-03T02:36:14.817+0000] {logging_mixin.py:188} INFO - [2024-01-03T02:36:14.817+0000] {dag.py:3820} INFO - Setting next_dagrun for example_setup_teardown to 2024-01-02T00:00:00+00:00, run_after=2024-01-03T00:00:00+00:00
[2024-01-03T02:36:14.832+0000] {processor.py:183} INFO - Processing /home/airflow/.local/lib/python3.8/site-packages/airflow/example_dags/example_setup_teardown.py took 0.061 seconds
[2024-01-03T02:36:44.941+0000] {processor.py:161} INFO - Started process (PID=2005) to work on /home/airflow/.local/lib/python3.8/site-packages/airflow/example_dags/example_setup_teardown.py
[2024-01-03T02:36:44.942+0000] {processor.py:830} INFO - Processing file /home/airflow/.local/lib/python3.8/site-packages/airflow/example_dags/example_setup_teardown.py for tasks to queue
[2024-01-03T02:36:44.944+0000] {logging_mixin.py:188} INFO - [2024-01-03T02:36:44.944+0000] {dagbag.py:538} INFO - Filling up the DagBag from /home/airflow/.local/lib/python3.8/site-packages/airflow/example_dags/example_setup_teardown.py
[2024-01-03T02:36:44.949+0000] {processor.py:840} INFO - DAG(s) 'example_setup_teardown' retrieved from /home/airflow/.local/lib/python3.8/site-packages/airflow/example_dags/example_setup_teardown.py
[2024-01-03T02:36:44.962+0000] {logging_mixin.py:188} INFO - [2024-01-03T02:36:44.962+0000] {dag.py:3033} INFO - Sync 1 DAGs
[2024-01-03T02:36:44.977+0000] {logging_mixin.py:188} INFO - [2024-01-03T02:36:44.977+0000] {dag.py:3820} INFO - Setting next_dagrun for example_setup_teardown to 2024-01-02T00:00:00+00:00, run_after=2024-01-03T00:00:00+00:00
[2024-01-03T02:36:44.989+0000] {processor.py:183} INFO - Processing /home/airflow/.local/lib/python3.8/site-packages/airflow/example_dags/example_setup_teardown.py took 0.050 seconds
[2024-01-03T02:41:33.732+0000] {processor.py:161} INFO - Started process (PID=2067) to work on /home/airflow/.local/lib/python3.8/site-packages/airflow/example_dags/example_setup_teardown.py
[2024-01-03T02:41:33.733+0000] {processor.py:830} INFO - Processing file /home/airflow/.local/lib/python3.8/site-packages/airflow/example_dags/example_setup_teardown.py for tasks to queue
[2024-01-03T02:41:33.735+0000] {logging_mixin.py:188} INFO - [2024-01-03T02:41:33.735+0000] {dagbag.py:538} INFO - Filling up the DagBag from /home/airflow/.local/lib/python3.8/site-packages/airflow/example_dags/example_setup_teardown.py
[2024-01-03T02:41:33.740+0000] {processor.py:840} INFO - DAG(s) 'example_setup_teardown' retrieved from /home/airflow/.local/lib/python3.8/site-packages/airflow/example_dags/example_setup_teardown.py
[2024-01-03T02:41:33.757+0000] {logging_mixin.py:188} INFO - [2024-01-03T02:41:33.757+0000] {dag.py:3033} INFO - Sync 1 DAGs
[2024-01-03T02:41:33.780+0000] {logging_mixin.py:188} INFO - [2024-01-03T02:41:33.780+0000] {dag.py:3820} INFO - Setting next_dagrun for example_setup_teardown to 2024-01-02T00:00:00+00:00, run_after=2024-01-03T00:00:00+00:00
[2024-01-03T02:41:33.799+0000] {processor.py:183} INFO - Processing /home/airflow/.local/lib/python3.8/site-packages/airflow/example_dags/example_setup_teardown.py took 0.069 seconds
[2024-01-03T02:42:04.309+0000] {processor.py:161} INFO - Started process (PID=2122) to work on /home/airflow/.local/lib/python3.8/site-packages/airflow/example_dags/example_setup_teardown.py
[2024-01-03T02:42:04.310+0000] {processor.py:830} INFO - Processing file /home/airflow/.local/lib/python3.8/site-packages/airflow/example_dags/example_setup_teardown.py for tasks to queue
[2024-01-03T02:42:04.312+0000] {logging_mixin.py:188} INFO - [2024-01-03T02:42:04.312+0000] {dagbag.py:538} INFO - Filling up the DagBag from /home/airflow/.local/lib/python3.8/site-packages/airflow/example_dags/example_setup_teardown.py
[2024-01-03T02:42:04.319+0000] {processor.py:840} INFO - DAG(s) 'example_setup_teardown' retrieved from /home/airflow/.local/lib/python3.8/site-packages/airflow/example_dags/example_setup_teardown.py
[2024-01-03T02:42:04.334+0000] {logging_mixin.py:188} INFO - [2024-01-03T02:42:04.334+0000] {dag.py:3033} INFO - Sync 1 DAGs
[2024-01-03T02:42:04.351+0000] {logging_mixin.py:188} INFO - [2024-01-03T02:42:04.351+0000] {dag.py:3820} INFO - Setting next_dagrun for example_setup_teardown to 2024-01-02T00:00:00+00:00, run_after=2024-01-03T00:00:00+00:00
[2024-01-03T02:42:04.366+0000] {processor.py:183} INFO - Processing /home/airflow/.local/lib/python3.8/site-packages/airflow/example_dags/example_setup_teardown.py took 0.059 seconds
[2024-01-03T02:42:34.530+0000] {processor.py:161} INFO - Started process (PID=2177) to work on /home/airflow/.local/lib/python3.8/site-packages/airflow/example_dags/example_setup_teardown.py
[2024-01-03T02:42:34.531+0000] {processor.py:830} INFO - Processing file /home/airflow/.local/lib/python3.8/site-packages/airflow/example_dags/example_setup_teardown.py for tasks to queue
[2024-01-03T02:42:34.532+0000] {logging_mixin.py:188} INFO - [2024-01-03T02:42:34.532+0000] {dagbag.py:538} INFO - Filling up the DagBag from /home/airflow/.local/lib/python3.8/site-packages/airflow/example_dags/example_setup_teardown.py
[2024-01-03T02:42:34.537+0000] {processor.py:840} INFO - DAG(s) 'example_setup_teardown' retrieved from /home/airflow/.local/lib/python3.8/site-packages/airflow/example_dags/example_setup_teardown.py
[2024-01-03T02:42:34.552+0000] {logging_mixin.py:188} INFO - [2024-01-03T02:42:34.552+0000] {dag.py:3033} INFO - Sync 1 DAGs
[2024-01-03T02:42:34.569+0000] {logging_mixin.py:188} INFO - [2024-01-03T02:42:34.569+0000] {dag.py:3820} INFO - Setting next_dagrun for example_setup_teardown to 2024-01-02T00:00:00+00:00, run_after=2024-01-03T00:00:00+00:00
[2024-01-03T02:42:34.584+0000] {processor.py:183} INFO - Processing /home/airflow/.local/lib/python3.8/site-packages/airflow/example_dags/example_setup_teardown.py took 0.056 seconds
[2024-01-03T02:43:04.648+0000] {processor.py:161} INFO - Started process (PID=2231) to work on /home/airflow/.local/lib/python3.8/site-packages/airflow/example_dags/example_setup_teardown.py
[2024-01-03T02:43:04.649+0000] {processor.py:830} INFO - Processing file /home/airflow/.local/lib/python3.8/site-packages/airflow/example_dags/example_setup_teardown.py for tasks to queue
[2024-01-03T02:43:04.650+0000] {logging_mixin.py:188} INFO - [2024-01-03T02:43:04.650+0000] {dagbag.py:538} INFO - Filling up the DagBag from /home/airflow/.local/lib/python3.8/site-packages/airflow/example_dags/example_setup_teardown.py
[2024-01-03T02:43:04.656+0000] {processor.py:840} INFO - DAG(s) 'example_setup_teardown' retrieved from /home/airflow/.local/lib/python3.8/site-packages/airflow/example_dags/example_setup_teardown.py
[2024-01-03T02:43:04.671+0000] {logging_mixin.py:188} INFO - [2024-01-03T02:43:04.670+0000] {dag.py:3033} INFO - Sync 1 DAGs
[2024-01-03T02:43:04.688+0000] {logging_mixin.py:188} INFO - [2024-01-03T02:43:04.688+0000] {dag.py:3820} INFO - Setting next_dagrun for example_setup_teardown to 2024-01-02T00:00:00+00:00, run_after=2024-01-03T00:00:00+00:00
[2024-01-03T02:43:04.703+0000] {processor.py:183} INFO - Processing /home/airflow/.local/lib/python3.8/site-packages/airflow/example_dags/example_setup_teardown.py took 0.058 seconds
[2024-01-03T02:43:35.594+0000] {processor.py:161} INFO - Started process (PID=2286) to work on /home/airflow/.local/lib/python3.8/site-packages/airflow/example_dags/example_setup_teardown.py
[2024-01-03T02:43:35.594+0000] {processor.py:830} INFO - Processing file /home/airflow/.local/lib/python3.8/site-packages/airflow/example_dags/example_setup_teardown.py for tasks to queue
[2024-01-03T02:43:35.596+0000] {logging_mixin.py:188} INFO - [2024-01-03T02:43:35.595+0000] {dagbag.py:538} INFO - Filling up the DagBag from /home/airflow/.local/lib/python3.8/site-packages/airflow/example_dags/example_setup_teardown.py
[2024-01-03T02:43:35.600+0000] {processor.py:840} INFO - DAG(s) 'example_setup_teardown' retrieved from /home/airflow/.local/lib/python3.8/site-packages/airflow/example_dags/example_setup_teardown.py
[2024-01-03T02:43:35.613+0000] {logging_mixin.py:188} INFO - [2024-01-03T02:43:35.613+0000] {dag.py:3033} INFO - Sync 1 DAGs
[2024-01-03T02:43:35.627+0000] {logging_mixin.py:188} INFO - [2024-01-03T02:43:35.627+0000] {dag.py:3820} INFO - Setting next_dagrun for example_setup_teardown to 2024-01-02T00:00:00+00:00, run_after=2024-01-03T00:00:00+00:00
[2024-01-03T02:43:35.639+0000] {processor.py:183} INFO - Processing /home/airflow/.local/lib/python3.8/site-packages/airflow/example_dags/example_setup_teardown.py took 0.048 seconds
[2024-01-03T02:44:06.386+0000] {processor.py:161} INFO - Started process (PID=2341) to work on /home/airflow/.local/lib/python3.8/site-packages/airflow/example_dags/example_setup_teardown.py
[2024-01-03T02:44:06.387+0000] {processor.py:830} INFO - Processing file /home/airflow/.local/lib/python3.8/site-packages/airflow/example_dags/example_setup_teardown.py for tasks to queue
[2024-01-03T02:44:06.388+0000] {logging_mixin.py:188} INFO - [2024-01-03T02:44:06.388+0000] {dagbag.py:538} INFO - Filling up the DagBag from /home/airflow/.local/lib/python3.8/site-packages/airflow/example_dags/example_setup_teardown.py
[2024-01-03T02:44:06.393+0000] {processor.py:840} INFO - DAG(s) 'example_setup_teardown' retrieved from /home/airflow/.local/lib/python3.8/site-packages/airflow/example_dags/example_setup_teardown.py
[2024-01-03T02:44:06.406+0000] {logging_mixin.py:188} INFO - [2024-01-03T02:44:06.406+0000] {dag.py:3033} INFO - Sync 1 DAGs
[2024-01-03T02:44:06.422+0000] {logging_mixin.py:188} INFO - [2024-01-03T02:44:06.422+0000] {dag.py:3820} INFO - Setting next_dagrun for example_setup_teardown to 2024-01-02T00:00:00+00:00, run_after=2024-01-03T00:00:00+00:00
[2024-01-03T02:44:06.434+0000] {processor.py:183} INFO - Processing /home/airflow/.local/lib/python3.8/site-packages/airflow/example_dags/example_setup_teardown.py took 0.050 seconds
[2024-01-03T02:44:38.060+0000] {processor.py:161} INFO - Started process (PID=2396) to work on /home/airflow/.local/lib/python3.8/site-packages/airflow/example_dags/example_setup_teardown.py
[2024-01-03T02:44:38.061+0000] {processor.py:830} INFO - Processing file /home/airflow/.local/lib/python3.8/site-packages/airflow/example_dags/example_setup_teardown.py for tasks to queue
[2024-01-03T02:44:38.062+0000] {logging_mixin.py:188} INFO - [2024-01-03T02:44:38.062+0000] {dagbag.py:538} INFO - Filling up the DagBag from /home/airflow/.local/lib/python3.8/site-packages/airflow/example_dags/example_setup_teardown.py
[2024-01-03T02:44:38.066+0000] {processor.py:840} INFO - DAG(s) 'example_setup_teardown' retrieved from /home/airflow/.local/lib/python3.8/site-packages/airflow/example_dags/example_setup_teardown.py
[2024-01-03T02:44:38.080+0000] {logging_mixin.py:188} INFO - [2024-01-03T02:44:38.080+0000] {dag.py:3033} INFO - Sync 1 DAGs
[2024-01-03T02:44:38.095+0000] {logging_mixin.py:188} INFO - [2024-01-03T02:44:38.095+0000] {dag.py:3820} INFO - Setting next_dagrun for example_setup_teardown to 2024-01-02T00:00:00+00:00, run_after=2024-01-03T00:00:00+00:00
[2024-01-03T02:44:38.107+0000] {processor.py:183} INFO - Processing /home/airflow/.local/lib/python3.8/site-packages/airflow/example_dags/example_setup_teardown.py took 0.049 seconds
[2024-01-03T02:45:08.384+0000] {processor.py:161} INFO - Started process (PID=2451) to work on /home/airflow/.local/lib/python3.8/site-packages/airflow/example_dags/example_setup_teardown.py
[2024-01-03T02:45:08.385+0000] {processor.py:830} INFO - Processing file /home/airflow/.local/lib/python3.8/site-packages/airflow/example_dags/example_setup_teardown.py for tasks to queue
[2024-01-03T02:45:08.386+0000] {logging_mixin.py:188} INFO - [2024-01-03T02:45:08.386+0000] {dagbag.py:538} INFO - Filling up the DagBag from /home/airflow/.local/lib/python3.8/site-packages/airflow/example_dags/example_setup_teardown.py
[2024-01-03T02:45:08.391+0000] {processor.py:840} INFO - DAG(s) 'example_setup_teardown' retrieved from /home/airflow/.local/lib/python3.8/site-packages/airflow/example_dags/example_setup_teardown.py
[2024-01-03T02:45:08.404+0000] {logging_mixin.py:188} INFO - [2024-01-03T02:45:08.404+0000] {dag.py:3033} INFO - Sync 1 DAGs
[2024-01-03T02:45:08.527+0000] {logging_mixin.py:188} INFO - [2024-01-03T02:45:08.527+0000] {dag.py:3820} INFO - Setting next_dagrun for example_setup_teardown to 2024-01-02T00:00:00+00:00, run_after=2024-01-03T00:00:00+00:00
[2024-01-03T02:45:08.539+0000] {processor.py:183} INFO - Processing /home/airflow/.local/lib/python3.8/site-packages/airflow/example_dags/example_setup_teardown.py took 0.156 seconds
[2024-01-03T02:45:38.593+0000] {processor.py:161} INFO - Started process (PID=2506) to work on /home/airflow/.local/lib/python3.8/site-packages/airflow/example_dags/example_setup_teardown.py
[2024-01-03T02:45:38.594+0000] {processor.py:830} INFO - Processing file /home/airflow/.local/lib/python3.8/site-packages/airflow/example_dags/example_setup_teardown.py for tasks to queue
[2024-01-03T02:45:38.596+0000] {logging_mixin.py:188} INFO - [2024-01-03T02:45:38.595+0000] {dagbag.py:538} INFO - Filling up the DagBag from /home/airflow/.local/lib/python3.8/site-packages/airflow/example_dags/example_setup_teardown.py
[2024-01-03T02:45:38.600+0000] {processor.py:840} INFO - DAG(s) 'example_setup_teardown' retrieved from /home/airflow/.local/lib/python3.8/site-packages/airflow/example_dags/example_setup_teardown.py
[2024-01-03T02:45:38.615+0000] {logging_mixin.py:188} INFO - [2024-01-03T02:45:38.614+0000] {dag.py:3033} INFO - Sync 1 DAGs
[2024-01-03T02:45:38.634+0000] {logging_mixin.py:188} INFO - [2024-01-03T02:45:38.634+0000] {dag.py:3820} INFO - Setting next_dagrun for example_setup_teardown to 2024-01-02T00:00:00+00:00, run_after=2024-01-03T00:00:00+00:00
[2024-01-03T02:45:38.752+0000] {processor.py:183} INFO - Processing /home/airflow/.local/lib/python3.8/site-packages/airflow/example_dags/example_setup_teardown.py took 0.161 seconds
[2024-01-03T02:46:08.828+0000] {processor.py:161} INFO - Started process (PID=2561) to work on /home/airflow/.local/lib/python3.8/site-packages/airflow/example_dags/example_setup_teardown.py
[2024-01-03T02:46:08.829+0000] {processor.py:830} INFO - Processing file /home/airflow/.local/lib/python3.8/site-packages/airflow/example_dags/example_setup_teardown.py for tasks to queue
[2024-01-03T02:46:08.831+0000] {logging_mixin.py:188} INFO - [2024-01-03T02:46:08.830+0000] {dagbag.py:538} INFO - Filling up the DagBag from /home/airflow/.local/lib/python3.8/site-packages/airflow/example_dags/example_setup_teardown.py
[2024-01-03T02:46:08.835+0000] {processor.py:840} INFO - DAG(s) 'example_setup_teardown' retrieved from /home/airflow/.local/lib/python3.8/site-packages/airflow/example_dags/example_setup_teardown.py
[2024-01-03T02:46:08.850+0000] {logging_mixin.py:188} INFO - [2024-01-03T02:46:08.850+0000] {dag.py:3033} INFO - Sync 1 DAGs
[2024-01-03T02:46:08.866+0000] {logging_mixin.py:188} INFO - [2024-01-03T02:46:08.866+0000] {dag.py:3820} INFO - Setting next_dagrun for example_setup_teardown to 2024-01-02T00:00:00+00:00, run_after=2024-01-03T00:00:00+00:00
[2024-01-03T02:46:08.879+0000] {processor.py:183} INFO - Processing /home/airflow/.local/lib/python3.8/site-packages/airflow/example_dags/example_setup_teardown.py took 0.053 seconds
[2024-01-03T02:46:40.619+0000] {processor.py:161} INFO - Started process (PID=2616) to work on /home/airflow/.local/lib/python3.8/site-packages/airflow/example_dags/example_setup_teardown.py
[2024-01-03T02:46:40.619+0000] {processor.py:830} INFO - Processing file /home/airflow/.local/lib/python3.8/site-packages/airflow/example_dags/example_setup_teardown.py for tasks to queue
[2024-01-03T02:46:40.621+0000] {logging_mixin.py:188} INFO - [2024-01-03T02:46:40.621+0000] {dagbag.py:538} INFO - Filling up the DagBag from /home/airflow/.local/lib/python3.8/site-packages/airflow/example_dags/example_setup_teardown.py
[2024-01-03T02:46:40.727+0000] {processor.py:840} INFO - DAG(s) 'example_setup_teardown' retrieved from /home/airflow/.local/lib/python3.8/site-packages/airflow/example_dags/example_setup_teardown.py
[2024-01-03T02:46:40.739+0000] {logging_mixin.py:188} INFO - [2024-01-03T02:46:40.739+0000] {dag.py:3033} INFO - Sync 1 DAGs
[2024-01-03T02:46:40.752+0000] {logging_mixin.py:188} INFO - [2024-01-03T02:46:40.752+0000] {dag.py:3820} INFO - Setting next_dagrun for example_setup_teardown to 2024-01-02T00:00:00+00:00, run_after=2024-01-03T00:00:00+00:00
[2024-01-03T02:46:40.763+0000] {processor.py:183} INFO - Processing /home/airflow/.local/lib/python3.8/site-packages/airflow/example_dags/example_setup_teardown.py took 0.147 seconds
[2024-01-03T02:47:10.951+0000] {processor.py:161} INFO - Started process (PID=2670) to work on /home/airflow/.local/lib/python3.8/site-packages/airflow/example_dags/example_setup_teardown.py
[2024-01-03T02:47:10.953+0000] {processor.py:830} INFO - Processing file /home/airflow/.local/lib/python3.8/site-packages/airflow/example_dags/example_setup_teardown.py for tasks to queue
[2024-01-03T02:47:10.954+0000] {logging_mixin.py:188} INFO - [2024-01-03T02:47:10.954+0000] {dagbag.py:538} INFO - Filling up the DagBag from /home/airflow/.local/lib/python3.8/site-packages/airflow/example_dags/example_setup_teardown.py
[2024-01-03T02:47:10.959+0000] {processor.py:840} INFO - DAG(s) 'example_setup_teardown' retrieved from /home/airflow/.local/lib/python3.8/site-packages/airflow/example_dags/example_setup_teardown.py
[2024-01-03T02:47:10.977+0000] {logging_mixin.py:188} INFO - [2024-01-03T02:47:10.977+0000] {dag.py:3033} INFO - Sync 1 DAGs
[2024-01-03T02:47:10.994+0000] {logging_mixin.py:188} INFO - [2024-01-03T02:47:10.994+0000] {dag.py:3820} INFO - Setting next_dagrun for example_setup_teardown to 2024-01-02T00:00:00+00:00, run_after=2024-01-03T00:00:00+00:00
[2024-01-03T02:47:11.010+0000] {processor.py:183} INFO - Processing /home/airflow/.local/lib/python3.8/site-packages/airflow/example_dags/example_setup_teardown.py took 0.061 seconds
