[2024-01-03T02:18:56.161+0000] {processor.py:161} INFO - Started process (PID=73) to work on /home/airflow/.local/lib/python3.8/site-packages/airflow/example_dags/example_task_group_decorator.py
[2024-01-03T02:18:56.162+0000] {processor.py:830} INFO - Processing file /home/airflow/.local/lib/python3.8/site-packages/airflow/example_dags/example_task_group_decorator.py for tasks to queue
[2024-01-03T02:18:56.163+0000] {logging_mixin.py:188} INFO - [2024-01-03T02:18:56.163+0000] {dagbag.py:538} INFO - Filling up the DagBag from /home/airflow/.local/lib/python3.8/site-packages/airflow/example_dags/example_task_group_decorator.py
[2024-01-03T02:18:56.174+0000] {processor.py:840} INFO - DAG(s) 'example_task_group_decorator' retrieved from /home/airflow/.local/lib/python3.8/site-packages/airflow/example_dags/example_task_group_decorator.py
[2024-01-03T02:18:56.244+0000] {logging_mixin.py:188} INFO - [2024-01-03T02:18:56.244+0000] {dag.py:3033} INFO - Sync 1 DAGs
[2024-01-03T02:18:56.260+0000] {logging_mixin.py:188} INFO - [2024-01-03T02:18:56.260+0000] {dag.py:3820} INFO - Setting next_dagrun for example_task_group_decorator to 2024-01-02T00:00:00+00:00, run_after=2024-01-03T00:00:00+00:00
[2024-01-03T02:18:56.274+0000] {processor.py:183} INFO - Processing /home/airflow/.local/lib/python3.8/site-packages/airflow/example_dags/example_task_group_decorator.py took 0.114 seconds
[2024-01-03T02:19:26.301+0000] {processor.py:161} INFO - Started process (PID=127) to work on /home/airflow/.local/lib/python3.8/site-packages/airflow/example_dags/example_task_group_decorator.py
[2024-01-03T02:19:26.302+0000] {processor.py:830} INFO - Processing file /home/airflow/.local/lib/python3.8/site-packages/airflow/example_dags/example_task_group_decorator.py for tasks to queue
[2024-01-03T02:19:26.304+0000] {logging_mixin.py:188} INFO - [2024-01-03T02:19:26.304+0000] {dagbag.py:538} INFO - Filling up the DagBag from /home/airflow/.local/lib/python3.8/site-packages/airflow/example_dags/example_task_group_decorator.py
[2024-01-03T02:19:26.313+0000] {processor.py:840} INFO - DAG(s) 'example_task_group_decorator' retrieved from /home/airflow/.local/lib/python3.8/site-packages/airflow/example_dags/example_task_group_decorator.py
[2024-01-03T02:19:26.327+0000] {logging_mixin.py:188} INFO - [2024-01-03T02:19:26.327+0000] {dag.py:3033} INFO - Sync 1 DAGs
[2024-01-03T02:19:26.341+0000] {logging_mixin.py:188} INFO - [2024-01-03T02:19:26.341+0000] {dag.py:3820} INFO - Setting next_dagrun for example_task_group_decorator to 2024-01-02T00:00:00+00:00, run_after=2024-01-03T00:00:00+00:00
[2024-01-03T02:19:26.353+0000] {processor.py:183} INFO - Processing /home/airflow/.local/lib/python3.8/site-packages/airflow/example_dags/example_task_group_decorator.py took 0.053 seconds
[2024-01-03T02:19:56.410+0000] {processor.py:161} INFO - Started process (PID=182) to work on /home/airflow/.local/lib/python3.8/site-packages/airflow/example_dags/example_task_group_decorator.py
[2024-01-03T02:19:56.411+0000] {processor.py:830} INFO - Processing file /home/airflow/.local/lib/python3.8/site-packages/airflow/example_dags/example_task_group_decorator.py for tasks to queue
[2024-01-03T02:19:56.413+0000] {logging_mixin.py:188} INFO - [2024-01-03T02:19:56.413+0000] {dagbag.py:538} INFO - Filling up the DagBag from /home/airflow/.local/lib/python3.8/site-packages/airflow/example_dags/example_task_group_decorator.py
[2024-01-03T02:19:56.422+0000] {processor.py:840} INFO - DAG(s) 'example_task_group_decorator' retrieved from /home/airflow/.local/lib/python3.8/site-packages/airflow/example_dags/example_task_group_decorator.py
[2024-01-03T02:19:56.439+0000] {logging_mixin.py:188} INFO - [2024-01-03T02:19:56.439+0000] {dag.py:3033} INFO - Sync 1 DAGs
[2024-01-03T02:19:56.455+0000] {logging_mixin.py:188} INFO - [2024-01-03T02:19:56.455+0000] {dag.py:3820} INFO - Setting next_dagrun for example_task_group_decorator to 2024-01-02T00:00:00+00:00, run_after=2024-01-03T00:00:00+00:00
[2024-01-03T02:19:56.468+0000] {processor.py:183} INFO - Processing /home/airflow/.local/lib/python3.8/site-packages/airflow/example_dags/example_task_group_decorator.py took 0.060 seconds
[2024-01-03T02:20:26.519+0000] {processor.py:161} INFO - Started process (PID=237) to work on /home/airflow/.local/lib/python3.8/site-packages/airflow/example_dags/example_task_group_decorator.py
[2024-01-03T02:20:26.520+0000] {processor.py:830} INFO - Processing file /home/airflow/.local/lib/python3.8/site-packages/airflow/example_dags/example_task_group_decorator.py for tasks to queue
[2024-01-03T02:20:26.521+0000] {logging_mixin.py:188} INFO - [2024-01-03T02:20:26.521+0000] {dagbag.py:538} INFO - Filling up the DagBag from /home/airflow/.local/lib/python3.8/site-packages/airflow/example_dags/example_task_group_decorator.py
[2024-01-03T02:20:26.530+0000] {processor.py:840} INFO - DAG(s) 'example_task_group_decorator' retrieved from /home/airflow/.local/lib/python3.8/site-packages/airflow/example_dags/example_task_group_decorator.py
[2024-01-03T02:20:26.537+0000] {logging_mixin.py:188} INFO - [2024-01-03T02:20:26.537+0000] {dag.py:3033} INFO - Sync 1 DAGs
[2024-01-03T02:20:26.552+0000] {logging_mixin.py:188} INFO - [2024-01-03T02:20:26.552+0000] {dag.py:3820} INFO - Setting next_dagrun for example_task_group_decorator to 2024-01-02T00:00:00+00:00, run_after=2024-01-03T00:00:00+00:00
[2024-01-03T02:20:26.563+0000] {processor.py:183} INFO - Processing /home/airflow/.local/lib/python3.8/site-packages/airflow/example_dags/example_task_group_decorator.py took 0.046 seconds
[2024-01-03T02:20:57.210+0000] {processor.py:161} INFO - Started process (PID=292) to work on /home/airflow/.local/lib/python3.8/site-packages/airflow/example_dags/example_task_group_decorator.py
[2024-01-03T02:20:57.211+0000] {processor.py:830} INFO - Processing file /home/airflow/.local/lib/python3.8/site-packages/airflow/example_dags/example_task_group_decorator.py for tasks to queue
[2024-01-03T02:20:57.213+0000] {logging_mixin.py:188} INFO - [2024-01-03T02:20:57.212+0000] {dagbag.py:538} INFO - Filling up the DagBag from /home/airflow/.local/lib/python3.8/site-packages/airflow/example_dags/example_task_group_decorator.py
[2024-01-03T02:20:57.222+0000] {processor.py:840} INFO - DAG(s) 'example_task_group_decorator' retrieved from /home/airflow/.local/lib/python3.8/site-packages/airflow/example_dags/example_task_group_decorator.py
[2024-01-03T02:20:57.229+0000] {logging_mixin.py:188} INFO - [2024-01-03T02:20:57.229+0000] {dag.py:3033} INFO - Sync 1 DAGs
[2024-01-03T02:20:57.246+0000] {logging_mixin.py:188} INFO - [2024-01-03T02:20:57.245+0000] {dag.py:3820} INFO - Setting next_dagrun for example_task_group_decorator to 2024-01-02T00:00:00+00:00, run_after=2024-01-03T00:00:00+00:00
[2024-01-03T02:20:57.258+0000] {processor.py:183} INFO - Processing /home/airflow/.local/lib/python3.8/site-packages/airflow/example_dags/example_task_group_decorator.py took 0.050 seconds
[2024-01-03T02:21:28.863+0000] {processor.py:161} INFO - Started process (PID=347) to work on /home/airflow/.local/lib/python3.8/site-packages/airflow/example_dags/example_task_group_decorator.py
[2024-01-03T02:21:28.864+0000] {processor.py:830} INFO - Processing file /home/airflow/.local/lib/python3.8/site-packages/airflow/example_dags/example_task_group_decorator.py for tasks to queue
[2024-01-03T02:21:28.865+0000] {logging_mixin.py:188} INFO - [2024-01-03T02:21:28.865+0000] {dagbag.py:538} INFO - Filling up the DagBag from /home/airflow/.local/lib/python3.8/site-packages/airflow/example_dags/example_task_group_decorator.py
[2024-01-03T02:21:28.874+0000] {processor.py:840} INFO - DAG(s) 'example_task_group_decorator' retrieved from /home/airflow/.local/lib/python3.8/site-packages/airflow/example_dags/example_task_group_decorator.py
[2024-01-03T02:21:28.940+0000] {logging_mixin.py:188} INFO - [2024-01-03T02:21:28.940+0000] {dag.py:3033} INFO - Sync 1 DAGs
[2024-01-03T02:21:28.955+0000] {logging_mixin.py:188} INFO - [2024-01-03T02:21:28.955+0000] {dag.py:3820} INFO - Setting next_dagrun for example_task_group_decorator to 2024-01-02T00:00:00+00:00, run_after=2024-01-03T00:00:00+00:00
[2024-01-03T02:21:28.969+0000] {processor.py:183} INFO - Processing /home/airflow/.local/lib/python3.8/site-packages/airflow/example_dags/example_task_group_decorator.py took 0.109 seconds
[2024-01-03T02:21:59.223+0000] {processor.py:161} INFO - Started process (PID=402) to work on /home/airflow/.local/lib/python3.8/site-packages/airflow/example_dags/example_task_group_decorator.py
[2024-01-03T02:21:59.224+0000] {processor.py:830} INFO - Processing file /home/airflow/.local/lib/python3.8/site-packages/airflow/example_dags/example_task_group_decorator.py for tasks to queue
[2024-01-03T02:21:59.226+0000] {logging_mixin.py:188} INFO - [2024-01-03T02:21:59.225+0000] {dagbag.py:538} INFO - Filling up the DagBag from /home/airflow/.local/lib/python3.8/site-packages/airflow/example_dags/example_task_group_decorator.py
[2024-01-03T02:21:59.235+0000] {processor.py:840} INFO - DAG(s) 'example_task_group_decorator' retrieved from /home/airflow/.local/lib/python3.8/site-packages/airflow/example_dags/example_task_group_decorator.py
[2024-01-03T02:21:59.250+0000] {logging_mixin.py:188} INFO - [2024-01-03T02:21:59.249+0000] {dag.py:3033} INFO - Sync 1 DAGs
[2024-01-03T02:21:59.264+0000] {logging_mixin.py:188} INFO - [2024-01-03T02:21:59.264+0000] {dag.py:3820} INFO - Setting next_dagrun for example_task_group_decorator to 2024-01-02T00:00:00+00:00, run_after=2024-01-03T00:00:00+00:00
[2024-01-03T02:21:59.277+0000] {processor.py:183} INFO - Processing /home/airflow/.local/lib/python3.8/site-packages/airflow/example_dags/example_task_group_decorator.py took 0.055 seconds
[2024-01-03T02:22:29.504+0000] {processor.py:161} INFO - Started process (PID=457) to work on /home/airflow/.local/lib/python3.8/site-packages/airflow/example_dags/example_task_group_decorator.py
[2024-01-03T02:22:29.505+0000] {processor.py:830} INFO - Processing file /home/airflow/.local/lib/python3.8/site-packages/airflow/example_dags/example_task_group_decorator.py for tasks to queue
[2024-01-03T02:22:29.508+0000] {logging_mixin.py:188} INFO - [2024-01-03T02:22:29.508+0000] {dagbag.py:538} INFO - Filling up the DagBag from /home/airflow/.local/lib/python3.8/site-packages/airflow/example_dags/example_task_group_decorator.py
[2024-01-03T02:22:29.519+0000] {processor.py:840} INFO - DAG(s) 'example_task_group_decorator' retrieved from /home/airflow/.local/lib/python3.8/site-packages/airflow/example_dags/example_task_group_decorator.py
[2024-01-03T02:22:29.536+0000] {logging_mixin.py:188} INFO - [2024-01-03T02:22:29.536+0000] {dag.py:3033} INFO - Sync 1 DAGs
[2024-01-03T02:22:29.555+0000] {logging_mixin.py:188} INFO - [2024-01-03T02:22:29.555+0000] {dag.py:3820} INFO - Setting next_dagrun for example_task_group_decorator to 2024-01-02T00:00:00+00:00, run_after=2024-01-03T00:00:00+00:00
[2024-01-03T02:22:29.571+0000] {processor.py:183} INFO - Processing /home/airflow/.local/lib/python3.8/site-packages/airflow/example_dags/example_task_group_decorator.py took 0.069 seconds
[2024-01-03T02:22:59.674+0000] {processor.py:161} INFO - Started process (PID=512) to work on /home/airflow/.local/lib/python3.8/site-packages/airflow/example_dags/example_task_group_decorator.py
[2024-01-03T02:22:59.675+0000] {processor.py:830} INFO - Processing file /home/airflow/.local/lib/python3.8/site-packages/airflow/example_dags/example_task_group_decorator.py for tasks to queue
[2024-01-03T02:22:59.677+0000] {logging_mixin.py:188} INFO - [2024-01-03T02:22:59.676+0000] {dagbag.py:538} INFO - Filling up the DagBag from /home/airflow/.local/lib/python3.8/site-packages/airflow/example_dags/example_task_group_decorator.py
[2024-01-03T02:22:59.686+0000] {processor.py:840} INFO - DAG(s) 'example_task_group_decorator' retrieved from /home/airflow/.local/lib/python3.8/site-packages/airflow/example_dags/example_task_group_decorator.py
[2024-01-03T02:22:59.701+0000] {logging_mixin.py:188} INFO - [2024-01-03T02:22:59.701+0000] {dag.py:3033} INFO - Sync 1 DAGs
[2024-01-03T02:22:59.716+0000] {logging_mixin.py:188} INFO - [2024-01-03T02:22:59.716+0000] {dag.py:3820} INFO - Setting next_dagrun for example_task_group_decorator to 2024-01-02T00:00:00+00:00, run_after=2024-01-03T00:00:00+00:00
[2024-01-03T02:22:59.728+0000] {processor.py:183} INFO - Processing /home/airflow/.local/lib/python3.8/site-packages/airflow/example_dags/example_task_group_decorator.py took 0.055 seconds
[2024-01-03T02:23:29.991+0000] {processor.py:161} INFO - Started process (PID=567) to work on /home/airflow/.local/lib/python3.8/site-packages/airflow/example_dags/example_task_group_decorator.py
[2024-01-03T02:23:29.992+0000] {processor.py:830} INFO - Processing file /home/airflow/.local/lib/python3.8/site-packages/airflow/example_dags/example_task_group_decorator.py for tasks to queue
[2024-01-03T02:23:29.994+0000] {logging_mixin.py:188} INFO - [2024-01-03T02:23:29.994+0000] {dagbag.py:538} INFO - Filling up the DagBag from /home/airflow/.local/lib/python3.8/site-packages/airflow/example_dags/example_task_group_decorator.py
[2024-01-03T02:23:30.003+0000] {processor.py:840} INFO - DAG(s) 'example_task_group_decorator' retrieved from /home/airflow/.local/lib/python3.8/site-packages/airflow/example_dags/example_task_group_decorator.py
[2024-01-03T02:23:30.019+0000] {logging_mixin.py:188} INFO - [2024-01-03T02:23:30.019+0000] {dag.py:3033} INFO - Sync 1 DAGs
[2024-01-03T02:23:30.035+0000] {logging_mixin.py:188} INFO - [2024-01-03T02:23:30.035+0000] {dag.py:3820} INFO - Setting next_dagrun for example_task_group_decorator to 2024-01-02T00:00:00+00:00, run_after=2024-01-03T00:00:00+00:00
[2024-01-03T02:23:30.049+0000] {processor.py:183} INFO - Processing /home/airflow/.local/lib/python3.8/site-packages/airflow/example_dags/example_task_group_decorator.py took 0.060 seconds
[2024-01-03T02:24:00.275+0000] {processor.py:161} INFO - Started process (PID=622) to work on /home/airflow/.local/lib/python3.8/site-packages/airflow/example_dags/example_task_group_decorator.py
[2024-01-03T02:24:00.276+0000] {processor.py:830} INFO - Processing file /home/airflow/.local/lib/python3.8/site-packages/airflow/example_dags/example_task_group_decorator.py for tasks to queue
[2024-01-03T02:24:00.277+0000] {logging_mixin.py:188} INFO - [2024-01-03T02:24:00.277+0000] {dagbag.py:538} INFO - Filling up the DagBag from /home/airflow/.local/lib/python3.8/site-packages/airflow/example_dags/example_task_group_decorator.py
[2024-01-03T02:24:00.290+0000] {processor.py:840} INFO - DAG(s) 'example_task_group_decorator' retrieved from /home/airflow/.local/lib/python3.8/site-packages/airflow/example_dags/example_task_group_decorator.py
[2024-01-03T02:24:00.310+0000] {logging_mixin.py:188} INFO - [2024-01-03T02:24:00.310+0000] {dag.py:3033} INFO - Sync 1 DAGs
[2024-01-03T02:24:00.328+0000] {logging_mixin.py:188} INFO - [2024-01-03T02:24:00.328+0000] {dag.py:3820} INFO - Setting next_dagrun for example_task_group_decorator to 2024-01-02T00:00:00+00:00, run_after=2024-01-03T00:00:00+00:00
[2024-01-03T02:24:00.342+0000] {processor.py:183} INFO - Processing /home/airflow/.local/lib/python3.8/site-packages/airflow/example_dags/example_task_group_decorator.py took 0.070 seconds
[2024-01-03T02:24:31.063+0000] {processor.py:161} INFO - Started process (PID=677) to work on /home/airflow/.local/lib/python3.8/site-packages/airflow/example_dags/example_task_group_decorator.py
[2024-01-03T02:24:31.063+0000] {processor.py:830} INFO - Processing file /home/airflow/.local/lib/python3.8/site-packages/airflow/example_dags/example_task_group_decorator.py for tasks to queue
[2024-01-03T02:24:31.065+0000] {logging_mixin.py:188} INFO - [2024-01-03T02:24:31.065+0000] {dagbag.py:538} INFO - Filling up the DagBag from /home/airflow/.local/lib/python3.8/site-packages/airflow/example_dags/example_task_group_decorator.py
[2024-01-03T02:24:31.074+0000] {processor.py:840} INFO - DAG(s) 'example_task_group_decorator' retrieved from /home/airflow/.local/lib/python3.8/site-packages/airflow/example_dags/example_task_group_decorator.py
[2024-01-03T02:24:31.089+0000] {logging_mixin.py:188} INFO - [2024-01-03T02:24:31.088+0000] {dag.py:3033} INFO - Sync 1 DAGs
[2024-01-03T02:24:31.102+0000] {logging_mixin.py:188} INFO - [2024-01-03T02:24:31.102+0000] {dag.py:3820} INFO - Setting next_dagrun for example_task_group_decorator to 2024-01-02T00:00:00+00:00, run_after=2024-01-03T00:00:00+00:00
[2024-01-03T02:24:31.115+0000] {processor.py:183} INFO - Processing /home/airflow/.local/lib/python3.8/site-packages/airflow/example_dags/example_task_group_decorator.py took 0.054 seconds
[2024-01-03T02:25:01.888+0000] {processor.py:161} INFO - Started process (PID=732) to work on /home/airflow/.local/lib/python3.8/site-packages/airflow/example_dags/example_task_group_decorator.py
[2024-01-03T02:25:01.888+0000] {processor.py:830} INFO - Processing file /home/airflow/.local/lib/python3.8/site-packages/airflow/example_dags/example_task_group_decorator.py for tasks to queue
[2024-01-03T02:25:01.890+0000] {logging_mixin.py:188} INFO - [2024-01-03T02:25:01.890+0000] {dagbag.py:538} INFO - Filling up the DagBag from /home/airflow/.local/lib/python3.8/site-packages/airflow/example_dags/example_task_group_decorator.py
[2024-01-03T02:25:01.899+0000] {processor.py:840} INFO - DAG(s) 'example_task_group_decorator' retrieved from /home/airflow/.local/lib/python3.8/site-packages/airflow/example_dags/example_task_group_decorator.py
[2024-01-03T02:25:01.915+0000] {logging_mixin.py:188} INFO - [2024-01-03T02:25:01.914+0000] {dag.py:3033} INFO - Sync 1 DAGs
[2024-01-03T02:25:01.930+0000] {logging_mixin.py:188} INFO - [2024-01-03T02:25:01.930+0000] {dag.py:3820} INFO - Setting next_dagrun for example_task_group_decorator to 2024-01-02T00:00:00+00:00, run_after=2024-01-03T00:00:00+00:00
[2024-01-03T02:25:01.944+0000] {processor.py:183} INFO - Processing /home/airflow/.local/lib/python3.8/site-packages/airflow/example_dags/example_task_group_decorator.py took 0.059 seconds
[2024-01-03T02:25:32.106+0000] {processor.py:161} INFO - Started process (PID=787) to work on /home/airflow/.local/lib/python3.8/site-packages/airflow/example_dags/example_task_group_decorator.py
[2024-01-03T02:25:32.106+0000] {processor.py:830} INFO - Processing file /home/airflow/.local/lib/python3.8/site-packages/airflow/example_dags/example_task_group_decorator.py for tasks to queue
[2024-01-03T02:25:32.108+0000] {logging_mixin.py:188} INFO - [2024-01-03T02:25:32.108+0000] {dagbag.py:538} INFO - Filling up the DagBag from /home/airflow/.local/lib/python3.8/site-packages/airflow/example_dags/example_task_group_decorator.py
[2024-01-03T02:25:32.117+0000] {processor.py:840} INFO - DAG(s) 'example_task_group_decorator' retrieved from /home/airflow/.local/lib/python3.8/site-packages/airflow/example_dags/example_task_group_decorator.py
[2024-01-03T02:25:32.132+0000] {logging_mixin.py:188} INFO - [2024-01-03T02:25:32.132+0000] {dag.py:3033} INFO - Sync 1 DAGs
[2024-01-03T02:25:32.146+0000] {logging_mixin.py:188} INFO - [2024-01-03T02:25:32.146+0000] {dag.py:3820} INFO - Setting next_dagrun for example_task_group_decorator to 2024-01-02T00:00:00+00:00, run_after=2024-01-03T00:00:00+00:00
[2024-01-03T02:25:32.159+0000] {processor.py:183} INFO - Processing /home/airflow/.local/lib/python3.8/site-packages/airflow/example_dags/example_task_group_decorator.py took 0.055 seconds
[2024-01-03T02:26:02.279+0000] {processor.py:161} INFO - Started process (PID=842) to work on /home/airflow/.local/lib/python3.8/site-packages/airflow/example_dags/example_task_group_decorator.py
[2024-01-03T02:26:02.280+0000] {processor.py:830} INFO - Processing file /home/airflow/.local/lib/python3.8/site-packages/airflow/example_dags/example_task_group_decorator.py for tasks to queue
[2024-01-03T02:26:02.282+0000] {logging_mixin.py:188} INFO - [2024-01-03T02:26:02.282+0000] {dagbag.py:538} INFO - Filling up the DagBag from /home/airflow/.local/lib/python3.8/site-packages/airflow/example_dags/example_task_group_decorator.py
[2024-01-03T02:26:02.292+0000] {processor.py:840} INFO - DAG(s) 'example_task_group_decorator' retrieved from /home/airflow/.local/lib/python3.8/site-packages/airflow/example_dags/example_task_group_decorator.py
[2024-01-03T02:26:02.308+0000] {logging_mixin.py:188} INFO - [2024-01-03T02:26:02.308+0000] {dag.py:3033} INFO - Sync 1 DAGs
[2024-01-03T02:26:02.322+0000] {logging_mixin.py:188} INFO - [2024-01-03T02:26:02.322+0000] {dag.py:3820} INFO - Setting next_dagrun for example_task_group_decorator to 2024-01-02T00:00:00+00:00, run_after=2024-01-03T00:00:00+00:00
[2024-01-03T02:26:02.334+0000] {processor.py:183} INFO - Processing /home/airflow/.local/lib/python3.8/site-packages/airflow/example_dags/example_task_group_decorator.py took 0.056 seconds
[2024-01-03T02:26:32.364+0000] {processor.py:161} INFO - Started process (PID=897) to work on /home/airflow/.local/lib/python3.8/site-packages/airflow/example_dags/example_task_group_decorator.py
[2024-01-03T02:26:32.364+0000] {processor.py:830} INFO - Processing file /home/airflow/.local/lib/python3.8/site-packages/airflow/example_dags/example_task_group_decorator.py for tasks to queue
[2024-01-03T02:26:32.366+0000] {logging_mixin.py:188} INFO - [2024-01-03T02:26:32.366+0000] {dagbag.py:538} INFO - Filling up the DagBag from /home/airflow/.local/lib/python3.8/site-packages/airflow/example_dags/example_task_group_decorator.py
[2024-01-03T02:26:32.375+0000] {processor.py:840} INFO - DAG(s) 'example_task_group_decorator' retrieved from /home/airflow/.local/lib/python3.8/site-packages/airflow/example_dags/example_task_group_decorator.py
[2024-01-03T02:26:32.389+0000] {logging_mixin.py:188} INFO - [2024-01-03T02:26:32.389+0000] {dag.py:3033} INFO - Sync 1 DAGs
[2024-01-03T02:26:32.404+0000] {logging_mixin.py:188} INFO - [2024-01-03T02:26:32.404+0000] {dag.py:3820} INFO - Setting next_dagrun for example_task_group_decorator to 2024-01-02T00:00:00+00:00, run_after=2024-01-03T00:00:00+00:00
[2024-01-03T02:26:32.416+0000] {processor.py:183} INFO - Processing /home/airflow/.local/lib/python3.8/site-packages/airflow/example_dags/example_task_group_decorator.py took 0.055 seconds
[2024-01-03T02:27:03.115+0000] {processor.py:161} INFO - Started process (PID=952) to work on /home/airflow/.local/lib/python3.8/site-packages/airflow/example_dags/example_task_group_decorator.py
[2024-01-03T02:27:03.116+0000] {processor.py:830} INFO - Processing file /home/airflow/.local/lib/python3.8/site-packages/airflow/example_dags/example_task_group_decorator.py for tasks to queue
[2024-01-03T02:27:03.117+0000] {logging_mixin.py:188} INFO - [2024-01-03T02:27:03.117+0000] {dagbag.py:538} INFO - Filling up the DagBag from /home/airflow/.local/lib/python3.8/site-packages/airflow/example_dags/example_task_group_decorator.py
[2024-01-03T02:27:03.126+0000] {processor.py:840} INFO - DAG(s) 'example_task_group_decorator' retrieved from /home/airflow/.local/lib/python3.8/site-packages/airflow/example_dags/example_task_group_decorator.py
[2024-01-03T02:27:03.141+0000] {logging_mixin.py:188} INFO - [2024-01-03T02:27:03.141+0000] {dag.py:3033} INFO - Sync 1 DAGs
[2024-01-03T02:27:03.156+0000] {logging_mixin.py:188} INFO - [2024-01-03T02:27:03.156+0000] {dag.py:3820} INFO - Setting next_dagrun for example_task_group_decorator to 2024-01-02T00:00:00+00:00, run_after=2024-01-03T00:00:00+00:00
[2024-01-03T02:27:03.169+0000] {processor.py:183} INFO - Processing /home/airflow/.local/lib/python3.8/site-packages/airflow/example_dags/example_task_group_decorator.py took 0.056 seconds
[2024-01-03T02:27:33.957+0000] {processor.py:161} INFO - Started process (PID=1007) to work on /home/airflow/.local/lib/python3.8/site-packages/airflow/example_dags/example_task_group_decorator.py
[2024-01-03T02:27:33.957+0000] {processor.py:830} INFO - Processing file /home/airflow/.local/lib/python3.8/site-packages/airflow/example_dags/example_task_group_decorator.py for tasks to queue
[2024-01-03T02:27:33.959+0000] {logging_mixin.py:188} INFO - [2024-01-03T02:27:33.959+0000] {dagbag.py:538} INFO - Filling up the DagBag from /home/airflow/.local/lib/python3.8/site-packages/airflow/example_dags/example_task_group_decorator.py
[2024-01-03T02:27:33.969+0000] {processor.py:840} INFO - DAG(s) 'example_task_group_decorator' retrieved from /home/airflow/.local/lib/python3.8/site-packages/airflow/example_dags/example_task_group_decorator.py
[2024-01-03T02:27:33.985+0000] {logging_mixin.py:188} INFO - [2024-01-03T02:27:33.985+0000] {dag.py:3033} INFO - Sync 1 DAGs
[2024-01-03T02:27:34.001+0000] {logging_mixin.py:188} INFO - [2024-01-03T02:27:34.000+0000] {dag.py:3820} INFO - Setting next_dagrun for example_task_group_decorator to 2024-01-02T00:00:00+00:00, run_after=2024-01-03T00:00:00+00:00
[2024-01-03T02:27:34.012+0000] {processor.py:183} INFO - Processing /home/airflow/.local/lib/python3.8/site-packages/airflow/example_dags/example_task_group_decorator.py took 0.058 seconds
[2024-01-03T02:28:04.786+0000] {processor.py:161} INFO - Started process (PID=1062) to work on /home/airflow/.local/lib/python3.8/site-packages/airflow/example_dags/example_task_group_decorator.py
[2024-01-03T02:28:04.787+0000] {processor.py:830} INFO - Processing file /home/airflow/.local/lib/python3.8/site-packages/airflow/example_dags/example_task_group_decorator.py for tasks to queue
[2024-01-03T02:28:04.788+0000] {logging_mixin.py:188} INFO - [2024-01-03T02:28:04.788+0000] {dagbag.py:538} INFO - Filling up the DagBag from /home/airflow/.local/lib/python3.8/site-packages/airflow/example_dags/example_task_group_decorator.py
[2024-01-03T02:28:04.798+0000] {processor.py:840} INFO - DAG(s) 'example_task_group_decorator' retrieved from /home/airflow/.local/lib/python3.8/site-packages/airflow/example_dags/example_task_group_decorator.py
[2024-01-03T02:28:04.814+0000] {logging_mixin.py:188} INFO - [2024-01-03T02:28:04.814+0000] {dag.py:3033} INFO - Sync 1 DAGs
[2024-01-03T02:28:04.828+0000] {logging_mixin.py:188} INFO - [2024-01-03T02:28:04.828+0000] {dag.py:3820} INFO - Setting next_dagrun for example_task_group_decorator to 2024-01-02T00:00:00+00:00, run_after=2024-01-03T00:00:00+00:00
[2024-01-03T02:28:04.841+0000] {processor.py:183} INFO - Processing /home/airflow/.local/lib/python3.8/site-packages/airflow/example_dags/example_task_group_decorator.py took 0.057 seconds
[2024-01-03T02:28:35.583+0000] {processor.py:161} INFO - Started process (PID=1117) to work on /home/airflow/.local/lib/python3.8/site-packages/airflow/example_dags/example_task_group_decorator.py
[2024-01-03T02:28:35.584+0000] {processor.py:830} INFO - Processing file /home/airflow/.local/lib/python3.8/site-packages/airflow/example_dags/example_task_group_decorator.py for tasks to queue
[2024-01-03T02:28:35.586+0000] {logging_mixin.py:188} INFO - [2024-01-03T02:28:35.586+0000] {dagbag.py:538} INFO - Filling up the DagBag from /home/airflow/.local/lib/python3.8/site-packages/airflow/example_dags/example_task_group_decorator.py
[2024-01-03T02:28:35.595+0000] {processor.py:840} INFO - DAG(s) 'example_task_group_decorator' retrieved from /home/airflow/.local/lib/python3.8/site-packages/airflow/example_dags/example_task_group_decorator.py
[2024-01-03T02:28:35.611+0000] {logging_mixin.py:188} INFO - [2024-01-03T02:28:35.611+0000] {dag.py:3033} INFO - Sync 1 DAGs
[2024-01-03T02:28:35.626+0000] {logging_mixin.py:188} INFO - [2024-01-03T02:28:35.626+0000] {dag.py:3820} INFO - Setting next_dagrun for example_task_group_decorator to 2024-01-02T00:00:00+00:00, run_after=2024-01-03T00:00:00+00:00
[2024-01-03T02:28:35.637+0000] {processor.py:183} INFO - Processing /home/airflow/.local/lib/python3.8/site-packages/airflow/example_dags/example_task_group_decorator.py took 0.056 seconds
[2024-01-03T02:29:06.400+0000] {processor.py:161} INFO - Started process (PID=1172) to work on /home/airflow/.local/lib/python3.8/site-packages/airflow/example_dags/example_task_group_decorator.py
[2024-01-03T02:29:06.401+0000] {processor.py:830} INFO - Processing file /home/airflow/.local/lib/python3.8/site-packages/airflow/example_dags/example_task_group_decorator.py for tasks to queue
[2024-01-03T02:29:06.403+0000] {logging_mixin.py:188} INFO - [2024-01-03T02:29:06.403+0000] {dagbag.py:538} INFO - Filling up the DagBag from /home/airflow/.local/lib/python3.8/site-packages/airflow/example_dags/example_task_group_decorator.py
[2024-01-03T02:29:06.412+0000] {processor.py:840} INFO - DAG(s) 'example_task_group_decorator' retrieved from /home/airflow/.local/lib/python3.8/site-packages/airflow/example_dags/example_task_group_decorator.py
[2024-01-03T02:29:06.428+0000] {logging_mixin.py:188} INFO - [2024-01-03T02:29:06.428+0000] {dag.py:3033} INFO - Sync 1 DAGs
[2024-01-03T02:29:06.443+0000] {logging_mixin.py:188} INFO - [2024-01-03T02:29:06.442+0000] {dag.py:3820} INFO - Setting next_dagrun for example_task_group_decorator to 2024-01-02T00:00:00+00:00, run_after=2024-01-03T00:00:00+00:00
[2024-01-03T02:29:06.455+0000] {processor.py:183} INFO - Processing /home/airflow/.local/lib/python3.8/site-packages/airflow/example_dags/example_task_group_decorator.py took 0.056 seconds
[2024-01-03T02:29:37.176+0000] {processor.py:161} INFO - Started process (PID=1227) to work on /home/airflow/.local/lib/python3.8/site-packages/airflow/example_dags/example_task_group_decorator.py
[2024-01-03T02:29:37.177+0000] {processor.py:830} INFO - Processing file /home/airflow/.local/lib/python3.8/site-packages/airflow/example_dags/example_task_group_decorator.py for tasks to queue
[2024-01-03T02:29:37.179+0000] {logging_mixin.py:188} INFO - [2024-01-03T02:29:37.178+0000] {dagbag.py:538} INFO - Filling up the DagBag from /home/airflow/.local/lib/python3.8/site-packages/airflow/example_dags/example_task_group_decorator.py
[2024-01-03T02:29:37.191+0000] {processor.py:840} INFO - DAG(s) 'example_task_group_decorator' retrieved from /home/airflow/.local/lib/python3.8/site-packages/airflow/example_dags/example_task_group_decorator.py
[2024-01-03T02:29:37.211+0000] {logging_mixin.py:188} INFO - [2024-01-03T02:29:37.211+0000] {dag.py:3033} INFO - Sync 1 DAGs
[2024-01-03T02:29:37.227+0000] {logging_mixin.py:188} INFO - [2024-01-03T02:29:37.227+0000] {dag.py:3820} INFO - Setting next_dagrun for example_task_group_decorator to 2024-01-02T00:00:00+00:00, run_after=2024-01-03T00:00:00+00:00
[2024-01-03T02:29:37.240+0000] {processor.py:183} INFO - Processing /home/airflow/.local/lib/python3.8/site-packages/airflow/example_dags/example_task_group_decorator.py took 0.067 seconds
[2024-01-03T02:30:08.245+0000] {processor.py:161} INFO - Started process (PID=1282) to work on /home/airflow/.local/lib/python3.8/site-packages/airflow/example_dags/example_task_group_decorator.py
[2024-01-03T02:30:08.246+0000] {processor.py:830} INFO - Processing file /home/airflow/.local/lib/python3.8/site-packages/airflow/example_dags/example_task_group_decorator.py for tasks to queue
[2024-01-03T02:30:08.248+0000] {logging_mixin.py:188} INFO - [2024-01-03T02:30:08.248+0000] {dagbag.py:538} INFO - Filling up the DagBag from /home/airflow/.local/lib/python3.8/site-packages/airflow/example_dags/example_task_group_decorator.py
[2024-01-03T02:30:08.257+0000] {processor.py:840} INFO - DAG(s) 'example_task_group_decorator' retrieved from /home/airflow/.local/lib/python3.8/site-packages/airflow/example_dags/example_task_group_decorator.py
[2024-01-03T02:30:08.273+0000] {logging_mixin.py:188} INFO - [2024-01-03T02:30:08.273+0000] {dag.py:3033} INFO - Sync 1 DAGs
[2024-01-03T02:30:08.287+0000] {logging_mixin.py:188} INFO - [2024-01-03T02:30:08.287+0000] {dag.py:3820} INFO - Setting next_dagrun for example_task_group_decorator to 2024-01-02T00:00:00+00:00, run_after=2024-01-03T00:00:00+00:00
[2024-01-03T02:30:08.299+0000] {processor.py:183} INFO - Processing /home/airflow/.local/lib/python3.8/site-packages/airflow/example_dags/example_task_group_decorator.py took 0.056 seconds
[2024-01-03T02:30:39.280+0000] {processor.py:161} INFO - Started process (PID=1337) to work on /home/airflow/.local/lib/python3.8/site-packages/airflow/example_dags/example_task_group_decorator.py
[2024-01-03T02:30:39.280+0000] {processor.py:830} INFO - Processing file /home/airflow/.local/lib/python3.8/site-packages/airflow/example_dags/example_task_group_decorator.py for tasks to queue
[2024-01-03T02:30:39.283+0000] {logging_mixin.py:188} INFO - [2024-01-03T02:30:39.283+0000] {dagbag.py:538} INFO - Filling up the DagBag from /home/airflow/.local/lib/python3.8/site-packages/airflow/example_dags/example_task_group_decorator.py
[2024-01-03T02:30:39.294+0000] {processor.py:840} INFO - DAG(s) 'example_task_group_decorator' retrieved from /home/airflow/.local/lib/python3.8/site-packages/airflow/example_dags/example_task_group_decorator.py
[2024-01-03T02:30:39.312+0000] {logging_mixin.py:188} INFO - [2024-01-03T02:30:39.312+0000] {dag.py:3033} INFO - Sync 1 DAGs
[2024-01-03T02:30:39.328+0000] {logging_mixin.py:188} INFO - [2024-01-03T02:30:39.328+0000] {dag.py:3820} INFO - Setting next_dagrun for example_task_group_decorator to 2024-01-02T00:00:00+00:00, run_after=2024-01-03T00:00:00+00:00
[2024-01-03T02:30:39.345+0000] {processor.py:183} INFO - Processing /home/airflow/.local/lib/python3.8/site-packages/airflow/example_dags/example_task_group_decorator.py took 0.067 seconds
[2024-01-03T02:31:09.597+0000] {processor.py:161} INFO - Started process (PID=1392) to work on /home/airflow/.local/lib/python3.8/site-packages/airflow/example_dags/example_task_group_decorator.py
[2024-01-03T02:31:09.598+0000] {processor.py:830} INFO - Processing file /home/airflow/.local/lib/python3.8/site-packages/airflow/example_dags/example_task_group_decorator.py for tasks to queue
[2024-01-03T02:31:09.600+0000] {logging_mixin.py:188} INFO - [2024-01-03T02:31:09.599+0000] {dagbag.py:538} INFO - Filling up the DagBag from /home/airflow/.local/lib/python3.8/site-packages/airflow/example_dags/example_task_group_decorator.py
[2024-01-03T02:31:09.610+0000] {processor.py:840} INFO - DAG(s) 'example_task_group_decorator' retrieved from /home/airflow/.local/lib/python3.8/site-packages/airflow/example_dags/example_task_group_decorator.py
[2024-01-03T02:31:09.625+0000] {logging_mixin.py:188} INFO - [2024-01-03T02:31:09.625+0000] {dag.py:3033} INFO - Sync 1 DAGs
[2024-01-03T02:31:09.642+0000] {logging_mixin.py:188} INFO - [2024-01-03T02:31:09.641+0000] {dag.py:3820} INFO - Setting next_dagrun for example_task_group_decorator to 2024-01-02T00:00:00+00:00, run_after=2024-01-03T00:00:00+00:00
[2024-01-03T02:31:09.657+0000] {processor.py:183} INFO - Processing /home/airflow/.local/lib/python3.8/site-packages/airflow/example_dags/example_task_group_decorator.py took 0.061 seconds
[2024-01-03T02:31:39.787+0000] {processor.py:161} INFO - Started process (PID=1447) to work on /home/airflow/.local/lib/python3.8/site-packages/airflow/example_dags/example_task_group_decorator.py
[2024-01-03T02:31:39.788+0000] {processor.py:830} INFO - Processing file /home/airflow/.local/lib/python3.8/site-packages/airflow/example_dags/example_task_group_decorator.py for tasks to queue
[2024-01-03T02:31:39.790+0000] {logging_mixin.py:188} INFO - [2024-01-03T02:31:39.790+0000] {dagbag.py:538} INFO - Filling up the DagBag from /home/airflow/.local/lib/python3.8/site-packages/airflow/example_dags/example_task_group_decorator.py
[2024-01-03T02:31:39.800+0000] {processor.py:840} INFO - DAG(s) 'example_task_group_decorator' retrieved from /home/airflow/.local/lib/python3.8/site-packages/airflow/example_dags/example_task_group_decorator.py
[2024-01-03T02:31:39.817+0000] {logging_mixin.py:188} INFO - [2024-01-03T02:31:39.817+0000] {dag.py:3033} INFO - Sync 1 DAGs
[2024-01-03T02:31:39.834+0000] {logging_mixin.py:188} INFO - [2024-01-03T02:31:39.833+0000] {dag.py:3820} INFO - Setting next_dagrun for example_task_group_decorator to 2024-01-02T00:00:00+00:00, run_after=2024-01-03T00:00:00+00:00
[2024-01-03T02:31:39.849+0000] {processor.py:183} INFO - Processing /home/airflow/.local/lib/python3.8/site-packages/airflow/example_dags/example_task_group_decorator.py took 0.064 seconds
[2024-01-03T02:32:09.941+0000] {processor.py:161} INFO - Started process (PID=1502) to work on /home/airflow/.local/lib/python3.8/site-packages/airflow/example_dags/example_task_group_decorator.py
[2024-01-03T02:32:09.941+0000] {processor.py:830} INFO - Processing file /home/airflow/.local/lib/python3.8/site-packages/airflow/example_dags/example_task_group_decorator.py for tasks to queue
[2024-01-03T02:32:09.943+0000] {logging_mixin.py:188} INFO - [2024-01-03T02:32:09.943+0000] {dagbag.py:538} INFO - Filling up the DagBag from /home/airflow/.local/lib/python3.8/site-packages/airflow/example_dags/example_task_group_decorator.py
[2024-01-03T02:32:09.952+0000] {processor.py:840} INFO - DAG(s) 'example_task_group_decorator' retrieved from /home/airflow/.local/lib/python3.8/site-packages/airflow/example_dags/example_task_group_decorator.py
[2024-01-03T02:32:09.967+0000] {logging_mixin.py:188} INFO - [2024-01-03T02:32:09.967+0000] {dag.py:3033} INFO - Sync 1 DAGs
[2024-01-03T02:32:09.981+0000] {logging_mixin.py:188} INFO - [2024-01-03T02:32:09.981+0000] {dag.py:3820} INFO - Setting next_dagrun for example_task_group_decorator to 2024-01-02T00:00:00+00:00, run_after=2024-01-03T00:00:00+00:00
[2024-01-03T02:32:09.994+0000] {processor.py:183} INFO - Processing /home/airflow/.local/lib/python3.8/site-packages/airflow/example_dags/example_task_group_decorator.py took 0.055 seconds
[2024-01-03T02:32:40.026+0000] {processor.py:161} INFO - Started process (PID=1557) to work on /home/airflow/.local/lib/python3.8/site-packages/airflow/example_dags/example_task_group_decorator.py
[2024-01-03T02:32:40.027+0000] {processor.py:830} INFO - Processing file /home/airflow/.local/lib/python3.8/site-packages/airflow/example_dags/example_task_group_decorator.py for tasks to queue
[2024-01-03T02:32:40.029+0000] {logging_mixin.py:188} INFO - [2024-01-03T02:32:40.029+0000] {dagbag.py:538} INFO - Filling up the DagBag from /home/airflow/.local/lib/python3.8/site-packages/airflow/example_dags/example_task_group_decorator.py
[2024-01-03T02:32:40.037+0000] {processor.py:840} INFO - DAG(s) 'example_task_group_decorator' retrieved from /home/airflow/.local/lib/python3.8/site-packages/airflow/example_dags/example_task_group_decorator.py
[2024-01-03T02:32:40.053+0000] {logging_mixin.py:188} INFO - [2024-01-03T02:32:40.053+0000] {dag.py:3033} INFO - Sync 1 DAGs
[2024-01-03T02:32:40.067+0000] {logging_mixin.py:188} INFO - [2024-01-03T02:32:40.067+0000] {dag.py:3820} INFO - Setting next_dagrun for example_task_group_decorator to 2024-01-02T00:00:00+00:00, run_after=2024-01-03T00:00:00+00:00
[2024-01-03T02:32:40.080+0000] {processor.py:183} INFO - Processing /home/airflow/.local/lib/python3.8/site-packages/airflow/example_dags/example_task_group_decorator.py took 0.055 seconds
[2024-01-03T02:33:10.178+0000] {processor.py:161} INFO - Started process (PID=1612) to work on /home/airflow/.local/lib/python3.8/site-packages/airflow/example_dags/example_task_group_decorator.py
[2024-01-03T02:33:10.178+0000] {processor.py:830} INFO - Processing file /home/airflow/.local/lib/python3.8/site-packages/airflow/example_dags/example_task_group_decorator.py for tasks to queue
[2024-01-03T02:33:10.180+0000] {logging_mixin.py:188} INFO - [2024-01-03T02:33:10.180+0000] {dagbag.py:538} INFO - Filling up the DagBag from /home/airflow/.local/lib/python3.8/site-packages/airflow/example_dags/example_task_group_decorator.py
[2024-01-03T02:33:10.189+0000] {processor.py:840} INFO - DAG(s) 'example_task_group_decorator' retrieved from /home/airflow/.local/lib/python3.8/site-packages/airflow/example_dags/example_task_group_decorator.py
[2024-01-03T02:33:10.208+0000] {logging_mixin.py:188} INFO - [2024-01-03T02:33:10.207+0000] {dag.py:3033} INFO - Sync 1 DAGs
[2024-01-03T02:33:10.225+0000] {logging_mixin.py:188} INFO - [2024-01-03T02:33:10.225+0000] {dag.py:3820} INFO - Setting next_dagrun for example_task_group_decorator to 2024-01-02T00:00:00+00:00, run_after=2024-01-03T00:00:00+00:00
[2024-01-03T02:33:10.242+0000] {processor.py:183} INFO - Processing /home/airflow/.local/lib/python3.8/site-packages/airflow/example_dags/example_task_group_decorator.py took 0.066 seconds
[2024-01-03T02:33:40.347+0000] {processor.py:161} INFO - Started process (PID=1667) to work on /home/airflow/.local/lib/python3.8/site-packages/airflow/example_dags/example_task_group_decorator.py
[2024-01-03T02:33:40.347+0000] {processor.py:830} INFO - Processing file /home/airflow/.local/lib/python3.8/site-packages/airflow/example_dags/example_task_group_decorator.py for tasks to queue
[2024-01-03T02:33:40.349+0000] {logging_mixin.py:188} INFO - [2024-01-03T02:33:40.349+0000] {dagbag.py:538} INFO - Filling up the DagBag from /home/airflow/.local/lib/python3.8/site-packages/airflow/example_dags/example_task_group_decorator.py
[2024-01-03T02:33:40.359+0000] {processor.py:840} INFO - DAG(s) 'example_task_group_decorator' retrieved from /home/airflow/.local/lib/python3.8/site-packages/airflow/example_dags/example_task_group_decorator.py
[2024-01-03T02:33:40.376+0000] {logging_mixin.py:188} INFO - [2024-01-03T02:33:40.376+0000] {dag.py:3033} INFO - Sync 1 DAGs
[2024-01-03T02:33:40.390+0000] {logging_mixin.py:188} INFO - [2024-01-03T02:33:40.390+0000] {dag.py:3820} INFO - Setting next_dagrun for example_task_group_decorator to 2024-01-02T00:00:00+00:00, run_after=2024-01-03T00:00:00+00:00
[2024-01-03T02:33:40.403+0000] {processor.py:183} INFO - Processing /home/airflow/.local/lib/python3.8/site-packages/airflow/example_dags/example_task_group_decorator.py took 0.058 seconds
[2024-01-03T02:34:11.261+0000] {processor.py:161} INFO - Started process (PID=1722) to work on /home/airflow/.local/lib/python3.8/site-packages/airflow/example_dags/example_task_group_decorator.py
[2024-01-03T02:34:11.262+0000] {processor.py:830} INFO - Processing file /home/airflow/.local/lib/python3.8/site-packages/airflow/example_dags/example_task_group_decorator.py for tasks to queue
[2024-01-03T02:34:11.263+0000] {logging_mixin.py:188} INFO - [2024-01-03T02:34:11.263+0000] {dagbag.py:538} INFO - Filling up the DagBag from /home/airflow/.local/lib/python3.8/site-packages/airflow/example_dags/example_task_group_decorator.py
[2024-01-03T02:34:11.272+0000] {processor.py:840} INFO - DAG(s) 'example_task_group_decorator' retrieved from /home/airflow/.local/lib/python3.8/site-packages/airflow/example_dags/example_task_group_decorator.py
[2024-01-03T02:34:11.288+0000] {logging_mixin.py:188} INFO - [2024-01-03T02:34:11.287+0000] {dag.py:3033} INFO - Sync 1 DAGs
[2024-01-03T02:34:11.303+0000] {logging_mixin.py:188} INFO - [2024-01-03T02:34:11.303+0000] {dag.py:3820} INFO - Setting next_dagrun for example_task_group_decorator to 2024-01-02T00:00:00+00:00, run_after=2024-01-03T00:00:00+00:00
[2024-01-03T02:34:11.317+0000] {processor.py:183} INFO - Processing /home/airflow/.local/lib/python3.8/site-packages/airflow/example_dags/example_task_group_decorator.py took 0.058 seconds
[2024-01-03T02:34:41.942+0000] {processor.py:161} INFO - Started process (PID=1778) to work on /home/airflow/.local/lib/python3.8/site-packages/airflow/example_dags/example_task_group_decorator.py
[2024-01-03T02:34:41.943+0000] {processor.py:830} INFO - Processing file /home/airflow/.local/lib/python3.8/site-packages/airflow/example_dags/example_task_group_decorator.py for tasks to queue
[2024-01-03T02:34:41.944+0000] {logging_mixin.py:188} INFO - [2024-01-03T02:34:41.944+0000] {dagbag.py:538} INFO - Filling up the DagBag from /home/airflow/.local/lib/python3.8/site-packages/airflow/example_dags/example_task_group_decorator.py
[2024-01-03T02:34:41.953+0000] {processor.py:840} INFO - DAG(s) 'example_task_group_decorator' retrieved from /home/airflow/.local/lib/python3.8/site-packages/airflow/example_dags/example_task_group_decorator.py
[2024-01-03T02:34:41.969+0000] {logging_mixin.py:188} INFO - [2024-01-03T02:34:41.969+0000] {dag.py:3033} INFO - Sync 1 DAGs
[2024-01-03T02:34:41.985+0000] {logging_mixin.py:188} INFO - [2024-01-03T02:34:41.985+0000] {dag.py:3820} INFO - Setting next_dagrun for example_task_group_decorator to 2024-01-02T00:00:00+00:00, run_after=2024-01-03T00:00:00+00:00
[2024-01-03T02:34:41.997+0000] {processor.py:183} INFO - Processing /home/airflow/.local/lib/python3.8/site-packages/airflow/example_dags/example_task_group_decorator.py took 0.057 seconds
[2024-01-03T02:35:12.781+0000] {processor.py:161} INFO - Started process (PID=1833) to work on /home/airflow/.local/lib/python3.8/site-packages/airflow/example_dags/example_task_group_decorator.py
[2024-01-03T02:35:12.782+0000] {processor.py:830} INFO - Processing file /home/airflow/.local/lib/python3.8/site-packages/airflow/example_dags/example_task_group_decorator.py for tasks to queue
[2024-01-03T02:35:12.783+0000] {logging_mixin.py:188} INFO - [2024-01-03T02:35:12.783+0000] {dagbag.py:538} INFO - Filling up the DagBag from /home/airflow/.local/lib/python3.8/site-packages/airflow/example_dags/example_task_group_decorator.py
[2024-01-03T02:35:12.792+0000] {processor.py:840} INFO - DAG(s) 'example_task_group_decorator' retrieved from /home/airflow/.local/lib/python3.8/site-packages/airflow/example_dags/example_task_group_decorator.py
[2024-01-03T02:35:12.809+0000] {logging_mixin.py:188} INFO - [2024-01-03T02:35:12.808+0000] {dag.py:3033} INFO - Sync 1 DAGs
[2024-01-03T02:35:12.827+0000] {logging_mixin.py:188} INFO - [2024-01-03T02:35:12.827+0000] {dag.py:3820} INFO - Setting next_dagrun for example_task_group_decorator to 2024-01-02T00:00:00+00:00, run_after=2024-01-03T00:00:00+00:00
[2024-01-03T02:35:12.840+0000] {processor.py:183} INFO - Processing /home/airflow/.local/lib/python3.8/site-packages/airflow/example_dags/example_task_group_decorator.py took 0.061 seconds
[2024-01-03T02:35:43.670+0000] {processor.py:161} INFO - Started process (PID=1888) to work on /home/airflow/.local/lib/python3.8/site-packages/airflow/example_dags/example_task_group_decorator.py
[2024-01-03T02:35:43.671+0000] {processor.py:830} INFO - Processing file /home/airflow/.local/lib/python3.8/site-packages/airflow/example_dags/example_task_group_decorator.py for tasks to queue
[2024-01-03T02:35:43.672+0000] {logging_mixin.py:188} INFO - [2024-01-03T02:35:43.672+0000] {dagbag.py:538} INFO - Filling up the DagBag from /home/airflow/.local/lib/python3.8/site-packages/airflow/example_dags/example_task_group_decorator.py
[2024-01-03T02:35:43.682+0000] {processor.py:840} INFO - DAG(s) 'example_task_group_decorator' retrieved from /home/airflow/.local/lib/python3.8/site-packages/airflow/example_dags/example_task_group_decorator.py
[2024-01-03T02:35:43.697+0000] {logging_mixin.py:188} INFO - [2024-01-03T02:35:43.697+0000] {dag.py:3033} INFO - Sync 1 DAGs
[2024-01-03T02:35:43.712+0000] {logging_mixin.py:188} INFO - [2024-01-03T02:35:43.712+0000] {dag.py:3820} INFO - Setting next_dagrun for example_task_group_decorator to 2024-01-02T00:00:00+00:00, run_after=2024-01-03T00:00:00+00:00
[2024-01-03T02:35:43.725+0000] {processor.py:183} INFO - Processing /home/airflow/.local/lib/python3.8/site-packages/airflow/example_dags/example_task_group_decorator.py took 0.057 seconds
[2024-01-03T02:36:14.503+0000] {processor.py:161} INFO - Started process (PID=1943) to work on /home/airflow/.local/lib/python3.8/site-packages/airflow/example_dags/example_task_group_decorator.py
[2024-01-03T02:36:14.504+0000] {processor.py:830} INFO - Processing file /home/airflow/.local/lib/python3.8/site-packages/airflow/example_dags/example_task_group_decorator.py for tasks to queue
[2024-01-03T02:36:14.506+0000] {logging_mixin.py:188} INFO - [2024-01-03T02:36:14.505+0000] {dagbag.py:538} INFO - Filling up the DagBag from /home/airflow/.local/lib/python3.8/site-packages/airflow/example_dags/example_task_group_decorator.py
[2024-01-03T02:36:14.515+0000] {processor.py:840} INFO - DAG(s) 'example_task_group_decorator' retrieved from /home/airflow/.local/lib/python3.8/site-packages/airflow/example_dags/example_task_group_decorator.py
[2024-01-03T02:36:14.531+0000] {logging_mixin.py:188} INFO - [2024-01-03T02:36:14.531+0000] {dag.py:3033} INFO - Sync 1 DAGs
[2024-01-03T02:36:14.547+0000] {logging_mixin.py:188} INFO - [2024-01-03T02:36:14.547+0000] {dag.py:3820} INFO - Setting next_dagrun for example_task_group_decorator to 2024-01-02T00:00:00+00:00, run_after=2024-01-03T00:00:00+00:00
[2024-01-03T02:36:14.560+0000] {processor.py:183} INFO - Processing /home/airflow/.local/lib/python3.8/site-packages/airflow/example_dags/example_task_group_decorator.py took 0.059 seconds
[2024-01-03T02:36:44.647+0000] {processor.py:161} INFO - Started process (PID=1998) to work on /home/airflow/.local/lib/python3.8/site-packages/airflow/example_dags/example_task_group_decorator.py
[2024-01-03T02:36:44.648+0000] {processor.py:830} INFO - Processing file /home/airflow/.local/lib/python3.8/site-packages/airflow/example_dags/example_task_group_decorator.py for tasks to queue
[2024-01-03T02:36:44.649+0000] {logging_mixin.py:188} INFO - [2024-01-03T02:36:44.649+0000] {dagbag.py:538} INFO - Filling up the DagBag from /home/airflow/.local/lib/python3.8/site-packages/airflow/example_dags/example_task_group_decorator.py
[2024-01-03T02:36:44.664+0000] {processor.py:840} INFO - DAG(s) 'example_task_group_decorator' retrieved from /home/airflow/.local/lib/python3.8/site-packages/airflow/example_dags/example_task_group_decorator.py
[2024-01-03T02:36:44.682+0000] {logging_mixin.py:188} INFO - [2024-01-03T02:36:44.682+0000] {dag.py:3033} INFO - Sync 1 DAGs
[2024-01-03T02:36:44.701+0000] {logging_mixin.py:188} INFO - [2024-01-03T02:36:44.701+0000] {dag.py:3820} INFO - Setting next_dagrun for example_task_group_decorator to 2024-01-02T00:00:00+00:00, run_after=2024-01-03T00:00:00+00:00
[2024-01-03T02:36:44.717+0000] {processor.py:183} INFO - Processing /home/airflow/.local/lib/python3.8/site-packages/airflow/example_dags/example_task_group_decorator.py took 0.072 seconds
[2024-01-03T02:41:33.105+0000] {processor.py:161} INFO - Started process (PID=2060) to work on /home/airflow/.local/lib/python3.8/site-packages/airflow/example_dags/example_task_group_decorator.py
[2024-01-03T02:41:33.106+0000] {processor.py:830} INFO - Processing file /home/airflow/.local/lib/python3.8/site-packages/airflow/example_dags/example_task_group_decorator.py for tasks to queue
[2024-01-03T02:41:33.108+0000] {logging_mixin.py:188} INFO - [2024-01-03T02:41:33.108+0000] {dagbag.py:538} INFO - Filling up the DagBag from /home/airflow/.local/lib/python3.8/site-packages/airflow/example_dags/example_task_group_decorator.py
[2024-01-03T02:41:33.118+0000] {processor.py:840} INFO - DAG(s) 'example_task_group_decorator' retrieved from /home/airflow/.local/lib/python3.8/site-packages/airflow/example_dags/example_task_group_decorator.py
[2024-01-03T02:41:33.135+0000] {logging_mixin.py:188} INFO - [2024-01-03T02:41:33.135+0000] {dag.py:3033} INFO - Sync 1 DAGs
[2024-01-03T02:41:33.155+0000] {logging_mixin.py:188} INFO - [2024-01-03T02:41:33.154+0000] {dag.py:3820} INFO - Setting next_dagrun for example_task_group_decorator to 2024-01-02T00:00:00+00:00, run_after=2024-01-03T00:00:00+00:00
[2024-01-03T02:41:33.170+0000] {processor.py:183} INFO - Processing /home/airflow/.local/lib/python3.8/site-packages/airflow/example_dags/example_task_group_decorator.py took 0.067 seconds
[2024-01-03T02:42:03.717+0000] {processor.py:161} INFO - Started process (PID=2114) to work on /home/airflow/.local/lib/python3.8/site-packages/airflow/example_dags/example_task_group_decorator.py
[2024-01-03T02:42:03.717+0000] {processor.py:830} INFO - Processing file /home/airflow/.local/lib/python3.8/site-packages/airflow/example_dags/example_task_group_decorator.py for tasks to queue
[2024-01-03T02:42:03.719+0000] {logging_mixin.py:188} INFO - [2024-01-03T02:42:03.719+0000] {dagbag.py:538} INFO - Filling up the DagBag from /home/airflow/.local/lib/python3.8/site-packages/airflow/example_dags/example_task_group_decorator.py
[2024-01-03T02:42:03.729+0000] {processor.py:840} INFO - DAG(s) 'example_task_group_decorator' retrieved from /home/airflow/.local/lib/python3.8/site-packages/airflow/example_dags/example_task_group_decorator.py
[2024-01-03T02:42:03.745+0000] {logging_mixin.py:188} INFO - [2024-01-03T02:42:03.745+0000] {dag.py:3033} INFO - Sync 1 DAGs
[2024-01-03T02:42:03.762+0000] {logging_mixin.py:188} INFO - [2024-01-03T02:42:03.762+0000] {dag.py:3820} INFO - Setting next_dagrun for example_task_group_decorator to 2024-01-02T00:00:00+00:00, run_after=2024-01-03T00:00:00+00:00
[2024-01-03T02:42:03.892+0000] {processor.py:183} INFO - Processing /home/airflow/.local/lib/python3.8/site-packages/airflow/example_dags/example_task_group_decorator.py took 0.177 seconds
[2024-01-03T02:42:34.013+0000] {processor.py:161} INFO - Started process (PID=2169) to work on /home/airflow/.local/lib/python3.8/site-packages/airflow/example_dags/example_task_group_decorator.py
[2024-01-03T02:42:34.014+0000] {processor.py:830} INFO - Processing file /home/airflow/.local/lib/python3.8/site-packages/airflow/example_dags/example_task_group_decorator.py for tasks to queue
[2024-01-03T02:42:34.017+0000] {logging_mixin.py:188} INFO - [2024-01-03T02:42:34.017+0000] {dagbag.py:538} INFO - Filling up the DagBag from /home/airflow/.local/lib/python3.8/site-packages/airflow/example_dags/example_task_group_decorator.py
[2024-01-03T02:42:34.028+0000] {processor.py:840} INFO - DAG(s) 'example_task_group_decorator' retrieved from /home/airflow/.local/lib/python3.8/site-packages/airflow/example_dags/example_task_group_decorator.py
[2024-01-03T02:42:34.047+0000] {logging_mixin.py:188} INFO - [2024-01-03T02:42:34.047+0000] {dag.py:3033} INFO - Sync 1 DAGs
[2024-01-03T02:42:34.064+0000] {logging_mixin.py:188} INFO - [2024-01-03T02:42:34.064+0000] {dag.py:3820} INFO - Setting next_dagrun for example_task_group_decorator to 2024-01-02T00:00:00+00:00, run_after=2024-01-03T00:00:00+00:00
[2024-01-03T02:42:34.079+0000] {processor.py:183} INFO - Processing /home/airflow/.local/lib/python3.8/site-packages/airflow/example_dags/example_task_group_decorator.py took 0.068 seconds
[2024-01-03T02:43:04.319+0000] {processor.py:161} INFO - Started process (PID=2224) to work on /home/airflow/.local/lib/python3.8/site-packages/airflow/example_dags/example_task_group_decorator.py
[2024-01-03T02:43:04.320+0000] {processor.py:830} INFO - Processing file /home/airflow/.local/lib/python3.8/site-packages/airflow/example_dags/example_task_group_decorator.py for tasks to queue
[2024-01-03T02:43:04.322+0000] {logging_mixin.py:188} INFO - [2024-01-03T02:43:04.322+0000] {dagbag.py:538} INFO - Filling up the DagBag from /home/airflow/.local/lib/python3.8/site-packages/airflow/example_dags/example_task_group_decorator.py
[2024-01-03T02:43:04.333+0000] {processor.py:840} INFO - DAG(s) 'example_task_group_decorator' retrieved from /home/airflow/.local/lib/python3.8/site-packages/airflow/example_dags/example_task_group_decorator.py
[2024-01-03T02:43:04.349+0000] {logging_mixin.py:188} INFO - [2024-01-03T02:43:04.349+0000] {dag.py:3033} INFO - Sync 1 DAGs
[2024-01-03T02:43:04.365+0000] {logging_mixin.py:188} INFO - [2024-01-03T02:43:04.365+0000] {dag.py:3820} INFO - Setting next_dagrun for example_task_group_decorator to 2024-01-02T00:00:00+00:00, run_after=2024-01-03T00:00:00+00:00
[2024-01-03T02:43:04.380+0000] {processor.py:183} INFO - Processing /home/airflow/.local/lib/python3.8/site-packages/airflow/example_dags/example_task_group_decorator.py took 0.062 seconds
[2024-01-03T02:43:35.324+0000] {processor.py:161} INFO - Started process (PID=2279) to work on /home/airflow/.local/lib/python3.8/site-packages/airflow/example_dags/example_task_group_decorator.py
[2024-01-03T02:43:35.324+0000] {processor.py:830} INFO - Processing file /home/airflow/.local/lib/python3.8/site-packages/airflow/example_dags/example_task_group_decorator.py for tasks to queue
[2024-01-03T02:43:35.326+0000] {logging_mixin.py:188} INFO - [2024-01-03T02:43:35.326+0000] {dagbag.py:538} INFO - Filling up the DagBag from /home/airflow/.local/lib/python3.8/site-packages/airflow/example_dags/example_task_group_decorator.py
[2024-01-03T02:43:35.336+0000] {processor.py:840} INFO - DAG(s) 'example_task_group_decorator' retrieved from /home/airflow/.local/lib/python3.8/site-packages/airflow/example_dags/example_task_group_decorator.py
[2024-01-03T02:43:35.351+0000] {logging_mixin.py:188} INFO - [2024-01-03T02:43:35.351+0000] {dag.py:3033} INFO - Sync 1 DAGs
[2024-01-03T02:43:35.366+0000] {logging_mixin.py:188} INFO - [2024-01-03T02:43:35.366+0000] {dag.py:3820} INFO - Setting next_dagrun for example_task_group_decorator to 2024-01-02T00:00:00+00:00, run_after=2024-01-03T00:00:00+00:00
[2024-01-03T02:43:35.377+0000] {processor.py:183} INFO - Processing /home/airflow/.local/lib/python3.8/site-packages/airflow/example_dags/example_task_group_decorator.py took 0.056 seconds
[2024-01-03T02:44:06.121+0000] {processor.py:161} INFO - Started process (PID=2334) to work on /home/airflow/.local/lib/python3.8/site-packages/airflow/example_dags/example_task_group_decorator.py
[2024-01-03T02:44:06.122+0000] {processor.py:830} INFO - Processing file /home/airflow/.local/lib/python3.8/site-packages/airflow/example_dags/example_task_group_decorator.py for tasks to queue
[2024-01-03T02:44:06.124+0000] {logging_mixin.py:188} INFO - [2024-01-03T02:44:06.123+0000] {dagbag.py:538} INFO - Filling up the DagBag from /home/airflow/.local/lib/python3.8/site-packages/airflow/example_dags/example_task_group_decorator.py
[2024-01-03T02:44:06.133+0000] {processor.py:840} INFO - DAG(s) 'example_task_group_decorator' retrieved from /home/airflow/.local/lib/python3.8/site-packages/airflow/example_dags/example_task_group_decorator.py
[2024-01-03T02:44:06.149+0000] {logging_mixin.py:188} INFO - [2024-01-03T02:44:06.149+0000] {dag.py:3033} INFO - Sync 1 DAGs
[2024-01-03T02:44:06.163+0000] {logging_mixin.py:188} INFO - [2024-01-03T02:44:06.163+0000] {dag.py:3820} INFO - Setting next_dagrun for example_task_group_decorator to 2024-01-02T00:00:00+00:00, run_after=2024-01-03T00:00:00+00:00
[2024-01-03T02:44:06.177+0000] {processor.py:183} INFO - Processing /home/airflow/.local/lib/python3.8/site-packages/airflow/example_dags/example_task_group_decorator.py took 0.058 seconds
[2024-01-03T02:44:37.368+0000] {processor.py:161} INFO - Started process (PID=2389) to work on /home/airflow/.local/lib/python3.8/site-packages/airflow/example_dags/example_task_group_decorator.py
[2024-01-03T02:44:37.368+0000] {processor.py:830} INFO - Processing file /home/airflow/.local/lib/python3.8/site-packages/airflow/example_dags/example_task_group_decorator.py for tasks to queue
[2024-01-03T02:44:37.370+0000] {logging_mixin.py:188} INFO - [2024-01-03T02:44:37.370+0000] {dagbag.py:538} INFO - Filling up the DagBag from /home/airflow/.local/lib/python3.8/site-packages/airflow/example_dags/example_task_group_decorator.py
[2024-01-03T02:44:37.380+0000] {processor.py:840} INFO - DAG(s) 'example_task_group_decorator' retrieved from /home/airflow/.local/lib/python3.8/site-packages/airflow/example_dags/example_task_group_decorator.py
[2024-01-03T02:44:37.398+0000] {logging_mixin.py:188} INFO - [2024-01-03T02:44:37.397+0000] {dag.py:3033} INFO - Sync 1 DAGs
[2024-01-03T02:44:37.522+0000] {logging_mixin.py:188} INFO - [2024-01-03T02:44:37.522+0000] {dag.py:3820} INFO - Setting next_dagrun for example_task_group_decorator to 2024-01-02T00:00:00+00:00, run_after=2024-01-03T00:00:00+00:00
[2024-01-03T02:44:37.536+0000] {processor.py:183} INFO - Processing /home/airflow/.local/lib/python3.8/site-packages/airflow/example_dags/example_task_group_decorator.py took 0.171 seconds
[2024-01-03T02:45:07.653+0000] {processor.py:161} INFO - Started process (PID=2444) to work on /home/airflow/.local/lib/python3.8/site-packages/airflow/example_dags/example_task_group_decorator.py
[2024-01-03T02:45:07.653+0000] {processor.py:830} INFO - Processing file /home/airflow/.local/lib/python3.8/site-packages/airflow/example_dags/example_task_group_decorator.py for tasks to queue
[2024-01-03T02:45:07.655+0000] {logging_mixin.py:188} INFO - [2024-01-03T02:45:07.655+0000] {dagbag.py:538} INFO - Filling up the DagBag from /home/airflow/.local/lib/python3.8/site-packages/airflow/example_dags/example_task_group_decorator.py
[2024-01-03T02:45:07.665+0000] {processor.py:840} INFO - DAG(s) 'example_task_group_decorator' retrieved from /home/airflow/.local/lib/python3.8/site-packages/airflow/example_dags/example_task_group_decorator.py
[2024-01-03T02:45:07.681+0000] {logging_mixin.py:188} INFO - [2024-01-03T02:45:07.681+0000] {dag.py:3033} INFO - Sync 1 DAGs
[2024-01-03T02:45:07.797+0000] {logging_mixin.py:188} INFO - [2024-01-03T02:45:07.797+0000] {dag.py:3820} INFO - Setting next_dagrun for example_task_group_decorator to 2024-01-02T00:00:00+00:00, run_after=2024-01-03T00:00:00+00:00
[2024-01-03T02:45:07.809+0000] {processor.py:183} INFO - Processing /home/airflow/.local/lib/python3.8/site-packages/airflow/example_dags/example_task_group_decorator.py took 0.158 seconds
[2024-01-03T02:45:38.237+0000] {processor.py:161} INFO - Started process (PID=2499) to work on /home/airflow/.local/lib/python3.8/site-packages/airflow/example_dags/example_task_group_decorator.py
[2024-01-03T02:45:38.238+0000] {processor.py:830} INFO - Processing file /home/airflow/.local/lib/python3.8/site-packages/airflow/example_dags/example_task_group_decorator.py for tasks to queue
[2024-01-03T02:45:38.240+0000] {logging_mixin.py:188} INFO - [2024-01-03T02:45:38.240+0000] {dagbag.py:538} INFO - Filling up the DagBag from /home/airflow/.local/lib/python3.8/site-packages/airflow/example_dags/example_task_group_decorator.py
[2024-01-03T02:45:38.250+0000] {processor.py:840} INFO - DAG(s) 'example_task_group_decorator' retrieved from /home/airflow/.local/lib/python3.8/site-packages/airflow/example_dags/example_task_group_decorator.py
[2024-01-03T02:45:38.266+0000] {logging_mixin.py:188} INFO - [2024-01-03T02:45:38.266+0000] {dag.py:3033} INFO - Sync 1 DAGs
[2024-01-03T02:45:38.282+0000] {logging_mixin.py:188} INFO - [2024-01-03T02:45:38.282+0000] {dag.py:3820} INFO - Setting next_dagrun for example_task_group_decorator to 2024-01-02T00:00:00+00:00, run_after=2024-01-03T00:00:00+00:00
[2024-01-03T02:45:38.296+0000] {processor.py:183} INFO - Processing /home/airflow/.local/lib/python3.8/site-packages/airflow/example_dags/example_task_group_decorator.py took 0.060 seconds
[2024-01-03T02:46:08.562+0000] {processor.py:161} INFO - Started process (PID=2554) to work on /home/airflow/.local/lib/python3.8/site-packages/airflow/example_dags/example_task_group_decorator.py
[2024-01-03T02:46:08.563+0000] {processor.py:830} INFO - Processing file /home/airflow/.local/lib/python3.8/site-packages/airflow/example_dags/example_task_group_decorator.py for tasks to queue
[2024-01-03T02:46:08.565+0000] {logging_mixin.py:188} INFO - [2024-01-03T02:46:08.564+0000] {dagbag.py:538} INFO - Filling up the DagBag from /home/airflow/.local/lib/python3.8/site-packages/airflow/example_dags/example_task_group_decorator.py
[2024-01-03T02:46:08.574+0000] {processor.py:840} INFO - DAG(s) 'example_task_group_decorator' retrieved from /home/airflow/.local/lib/python3.8/site-packages/airflow/example_dags/example_task_group_decorator.py
[2024-01-03T02:46:08.590+0000] {logging_mixin.py:188} INFO - [2024-01-03T02:46:08.590+0000] {dag.py:3033} INFO - Sync 1 DAGs
[2024-01-03T02:46:08.607+0000] {logging_mixin.py:188} INFO - [2024-01-03T02:46:08.606+0000] {dag.py:3820} INFO - Setting next_dagrun for example_task_group_decorator to 2024-01-02T00:00:00+00:00, run_after=2024-01-03T00:00:00+00:00
[2024-01-03T02:46:08.619+0000] {processor.py:183} INFO - Processing /home/airflow/.local/lib/python3.8/site-packages/airflow/example_dags/example_task_group_decorator.py took 0.060 seconds
[2024-01-03T02:46:39.917+0000] {processor.py:161} INFO - Started process (PID=2609) to work on /home/airflow/.local/lib/python3.8/site-packages/airflow/example_dags/example_task_group_decorator.py
[2024-01-03T02:46:39.918+0000] {processor.py:830} INFO - Processing file /home/airflow/.local/lib/python3.8/site-packages/airflow/example_dags/example_task_group_decorator.py for tasks to queue
[2024-01-03T02:46:39.920+0000] {logging_mixin.py:188} INFO - [2024-01-03T02:46:39.920+0000] {dagbag.py:538} INFO - Filling up the DagBag from /home/airflow/.local/lib/python3.8/site-packages/airflow/example_dags/example_task_group_decorator.py
[2024-01-03T02:46:40.034+0000] {processor.py:840} INFO - DAG(s) 'example_task_group_decorator' retrieved from /home/airflow/.local/lib/python3.8/site-packages/airflow/example_dags/example_task_group_decorator.py
[2024-01-03T02:46:40.049+0000] {logging_mixin.py:188} INFO - [2024-01-03T02:46:40.049+0000] {dag.py:3033} INFO - Sync 1 DAGs
[2024-01-03T02:46:40.063+0000] {logging_mixin.py:188} INFO - [2024-01-03T02:46:40.063+0000] {dag.py:3820} INFO - Setting next_dagrun for example_task_group_decorator to 2024-01-02T00:00:00+00:00, run_after=2024-01-03T00:00:00+00:00
[2024-01-03T02:46:40.076+0000] {processor.py:183} INFO - Processing /home/airflow/.local/lib/python3.8/site-packages/airflow/example_dags/example_task_group_decorator.py took 0.162 seconds
[2024-01-03T02:47:10.653+0000] {processor.py:161} INFO - Started process (PID=2663) to work on /home/airflow/.local/lib/python3.8/site-packages/airflow/example_dags/example_task_group_decorator.py
[2024-01-03T02:47:10.655+0000] {processor.py:830} INFO - Processing file /home/airflow/.local/lib/python3.8/site-packages/airflow/example_dags/example_task_group_decorator.py for tasks to queue
[2024-01-03T02:47:10.657+0000] {logging_mixin.py:188} INFO - [2024-01-03T02:47:10.656+0000] {dagbag.py:538} INFO - Filling up the DagBag from /home/airflow/.local/lib/python3.8/site-packages/airflow/example_dags/example_task_group_decorator.py
[2024-01-03T02:47:10.666+0000] {processor.py:840} INFO - DAG(s) 'example_task_group_decorator' retrieved from /home/airflow/.local/lib/python3.8/site-packages/airflow/example_dags/example_task_group_decorator.py
[2024-01-03T02:47:10.683+0000] {logging_mixin.py:188} INFO - [2024-01-03T02:47:10.682+0000] {dag.py:3033} INFO - Sync 1 DAGs
[2024-01-03T02:47:10.699+0000] {logging_mixin.py:188} INFO - [2024-01-03T02:47:10.699+0000] {dag.py:3820} INFO - Setting next_dagrun for example_task_group_decorator to 2024-01-02T00:00:00+00:00, run_after=2024-01-03T00:00:00+00:00
[2024-01-03T02:47:10.713+0000] {processor.py:183} INFO - Processing /home/airflow/.local/lib/python3.8/site-packages/airflow/example_dags/example_task_group_decorator.py took 0.062 seconds
