[2024-01-03T02:18:55.890+0000] {processor.py:161} INFO - Started process (PID=69) to work on /home/airflow/.local/lib/python3.8/site-packages/airflow/example_dags/example_sla_dag.py
[2024-01-03T02:18:55.891+0000] {processor.py:830} INFO - Processing file /home/airflow/.local/lib/python3.8/site-packages/airflow/example_dags/example_sla_dag.py for tasks to queue
[2024-01-03T02:18:55.893+0000] {logging_mixin.py:188} INFO - [2024-01-03T02:18:55.892+0000] {dagbag.py:538} INFO - Filling up the DagBag from /home/airflow/.local/lib/python3.8/site-packages/airflow/example_dags/example_sla_dag.py
[2024-01-03T02:18:55.898+0000] {processor.py:840} INFO - DAG(s) 'example_sla_dag' retrieved from /home/airflow/.local/lib/python3.8/site-packages/airflow/example_dags/example_sla_dag.py
[2024-01-03T02:18:55.968+0000] {logging_mixin.py:188} INFO - [2024-01-03T02:18:55.968+0000] {dag.py:3033} INFO - Sync 1 DAGs
[2024-01-03T02:18:55.989+0000] {logging_mixin.py:188} INFO - [2024-01-03T02:18:55.989+0000] {dag.py:3820} INFO - Setting next_dagrun for example_sla_dag to 2024-01-03T02:16:00+00:00, run_after=2024-01-03T02:18:00+00:00
[2024-01-03T02:18:56.004+0000] {processor.py:183} INFO - Processing /home/airflow/.local/lib/python3.8/site-packages/airflow/example_dags/example_sla_dag.py took 0.116 seconds
[2024-01-03T02:19:26.110+0000] {processor.py:161} INFO - Started process (PID=124) to work on /home/airflow/.local/lib/python3.8/site-packages/airflow/example_dags/example_sla_dag.py
[2024-01-03T02:19:26.111+0000] {processor.py:830} INFO - Processing file /home/airflow/.local/lib/python3.8/site-packages/airflow/example_dags/example_sla_dag.py for tasks to queue
[2024-01-03T02:19:26.113+0000] {logging_mixin.py:188} INFO - [2024-01-03T02:19:26.113+0000] {dagbag.py:538} INFO - Filling up the DagBag from /home/airflow/.local/lib/python3.8/site-packages/airflow/example_dags/example_sla_dag.py
[2024-01-03T02:19:26.118+0000] {processor.py:840} INFO - DAG(s) 'example_sla_dag' retrieved from /home/airflow/.local/lib/python3.8/site-packages/airflow/example_dags/example_sla_dag.py
[2024-01-03T02:19:26.130+0000] {logging_mixin.py:188} INFO - [2024-01-03T02:19:26.129+0000] {dag.py:3033} INFO - Sync 1 DAGs
[2024-01-03T02:19:26.146+0000] {logging_mixin.py:188} INFO - [2024-01-03T02:19:26.146+0000] {dag.py:3820} INFO - Setting next_dagrun for example_sla_dag to 2024-01-03T02:16:00+00:00, run_after=2024-01-03T02:18:00+00:00
[2024-01-03T02:19:26.157+0000] {processor.py:183} INFO - Processing /home/airflow/.local/lib/python3.8/site-packages/airflow/example_dags/example_sla_dag.py took 0.049 seconds
[2024-01-03T02:19:56.328+0000] {processor.py:161} INFO - Started process (PID=179) to work on /home/airflow/.local/lib/python3.8/site-packages/airflow/example_dags/example_sla_dag.py
[2024-01-03T02:19:56.328+0000] {processor.py:830} INFO - Processing file /home/airflow/.local/lib/python3.8/site-packages/airflow/example_dags/example_sla_dag.py for tasks to queue
[2024-01-03T02:19:56.330+0000] {logging_mixin.py:188} INFO - [2024-01-03T02:19:56.330+0000] {dagbag.py:538} INFO - Filling up the DagBag from /home/airflow/.local/lib/python3.8/site-packages/airflow/example_dags/example_sla_dag.py
[2024-01-03T02:19:56.335+0000] {processor.py:840} INFO - DAG(s) 'example_sla_dag' retrieved from /home/airflow/.local/lib/python3.8/site-packages/airflow/example_dags/example_sla_dag.py
[2024-01-03T02:19:56.349+0000] {logging_mixin.py:188} INFO - [2024-01-03T02:19:56.349+0000] {dag.py:3033} INFO - Sync 1 DAGs
[2024-01-03T02:19:56.365+0000] {logging_mixin.py:188} INFO - [2024-01-03T02:19:56.365+0000] {dag.py:3820} INFO - Setting next_dagrun for example_sla_dag to 2024-01-03T02:16:00+00:00, run_after=2024-01-03T02:18:00+00:00
[2024-01-03T02:19:56.377+0000] {processor.py:183} INFO - Processing /home/airflow/.local/lib/python3.8/site-packages/airflow/example_dags/example_sla_dag.py took 0.051 seconds
[2024-01-03T02:20:26.407+0000] {processor.py:161} INFO - Started process (PID=234) to work on /home/airflow/.local/lib/python3.8/site-packages/airflow/example_dags/example_sla_dag.py
[2024-01-03T02:20:26.408+0000] {processor.py:830} INFO - Processing file /home/airflow/.local/lib/python3.8/site-packages/airflow/example_dags/example_sla_dag.py for tasks to queue
[2024-01-03T02:20:26.410+0000] {logging_mixin.py:188} INFO - [2024-01-03T02:20:26.410+0000] {dagbag.py:538} INFO - Filling up the DagBag from /home/airflow/.local/lib/python3.8/site-packages/airflow/example_dags/example_sla_dag.py
[2024-01-03T02:20:26.415+0000] {processor.py:840} INFO - DAG(s) 'example_sla_dag' retrieved from /home/airflow/.local/lib/python3.8/site-packages/airflow/example_dags/example_sla_dag.py
[2024-01-03T02:20:26.423+0000] {logging_mixin.py:188} INFO - [2024-01-03T02:20:26.423+0000] {dag.py:3033} INFO - Sync 1 DAGs
[2024-01-03T02:20:26.440+0000] {logging_mixin.py:188} INFO - [2024-01-03T02:20:26.440+0000] {dag.py:3820} INFO - Setting next_dagrun for example_sla_dag to 2024-01-03T02:18:00+00:00, run_after=2024-01-03T02:20:00+00:00
[2024-01-03T02:20:26.451+0000] {processor.py:183} INFO - Processing /home/airflow/.local/lib/python3.8/site-packages/airflow/example_dags/example_sla_dag.py took 0.046 seconds
[2024-01-03T02:20:57.089+0000] {processor.py:161} INFO - Started process (PID=289) to work on /home/airflow/.local/lib/python3.8/site-packages/airflow/example_dags/example_sla_dag.py
[2024-01-03T02:20:57.089+0000] {processor.py:830} INFO - Processing file /home/airflow/.local/lib/python3.8/site-packages/airflow/example_dags/example_sla_dag.py for tasks to queue
[2024-01-03T02:20:57.091+0000] {logging_mixin.py:188} INFO - [2024-01-03T02:20:57.091+0000] {dagbag.py:538} INFO - Filling up the DagBag from /home/airflow/.local/lib/python3.8/site-packages/airflow/example_dags/example_sla_dag.py
[2024-01-03T02:20:57.096+0000] {processor.py:840} INFO - DAG(s) 'example_sla_dag' retrieved from /home/airflow/.local/lib/python3.8/site-packages/airflow/example_dags/example_sla_dag.py
[2024-01-03T02:20:57.104+0000] {logging_mixin.py:188} INFO - [2024-01-03T02:20:57.104+0000] {dag.py:3033} INFO - Sync 1 DAGs
[2024-01-03T02:20:57.123+0000] {logging_mixin.py:188} INFO - [2024-01-03T02:20:57.123+0000] {dag.py:3820} INFO - Setting next_dagrun for example_sla_dag to 2024-01-03T02:18:00+00:00, run_after=2024-01-03T02:20:00+00:00
[2024-01-03T02:20:57.135+0000] {processor.py:183} INFO - Processing /home/airflow/.local/lib/python3.8/site-packages/airflow/example_dags/example_sla_dag.py took 0.048 seconds
[2024-01-03T02:21:28.728+0000] {processor.py:161} INFO - Started process (PID=344) to work on /home/airflow/.local/lib/python3.8/site-packages/airflow/example_dags/example_sla_dag.py
[2024-01-03T02:21:28.728+0000] {processor.py:830} INFO - Processing file /home/airflow/.local/lib/python3.8/site-packages/airflow/example_dags/example_sla_dag.py for tasks to queue
[2024-01-03T02:21:28.730+0000] {logging_mixin.py:188} INFO - [2024-01-03T02:21:28.730+0000] {dagbag.py:538} INFO - Filling up the DagBag from /home/airflow/.local/lib/python3.8/site-packages/airflow/example_dags/example_sla_dag.py
[2024-01-03T02:21:28.735+0000] {processor.py:840} INFO - DAG(s) 'example_sla_dag' retrieved from /home/airflow/.local/lib/python3.8/site-packages/airflow/example_dags/example_sla_dag.py
[2024-01-03T02:21:28.798+0000] {logging_mixin.py:188} INFO - [2024-01-03T02:21:28.798+0000] {dag.py:3033} INFO - Sync 1 DAGs
[2024-01-03T02:21:28.814+0000] {logging_mixin.py:188} INFO - [2024-01-03T02:21:28.814+0000] {dag.py:3820} INFO - Setting next_dagrun for example_sla_dag to 2024-01-03T02:18:00+00:00, run_after=2024-01-03T02:20:00+00:00
[2024-01-03T02:21:28.826+0000] {processor.py:183} INFO - Processing /home/airflow/.local/lib/python3.8/site-packages/airflow/example_dags/example_sla_dag.py took 0.100 seconds
[2024-01-03T02:21:59.035+0000] {processor.py:161} INFO - Started process (PID=399) to work on /home/airflow/.local/lib/python3.8/site-packages/airflow/example_dags/example_sla_dag.py
[2024-01-03T02:21:59.036+0000] {processor.py:830} INFO - Processing file /home/airflow/.local/lib/python3.8/site-packages/airflow/example_dags/example_sla_dag.py for tasks to queue
[2024-01-03T02:21:59.037+0000] {logging_mixin.py:188} INFO - [2024-01-03T02:21:59.037+0000] {dagbag.py:538} INFO - Filling up the DagBag from /home/airflow/.local/lib/python3.8/site-packages/airflow/example_dags/example_sla_dag.py
[2024-01-03T02:21:59.042+0000] {processor.py:840} INFO - DAG(s) 'example_sla_dag' retrieved from /home/airflow/.local/lib/python3.8/site-packages/airflow/example_dags/example_sla_dag.py
[2024-01-03T02:21:59.054+0000] {logging_mixin.py:188} INFO - [2024-01-03T02:21:59.053+0000] {dag.py:3033} INFO - Sync 1 DAGs
[2024-01-03T02:21:59.071+0000] {logging_mixin.py:188} INFO - [2024-01-03T02:21:59.071+0000] {dag.py:3820} INFO - Setting next_dagrun for example_sla_dag to 2024-01-03T02:18:00+00:00, run_after=2024-01-03T02:20:00+00:00
[2024-01-03T02:21:59.082+0000] {processor.py:183} INFO - Processing /home/airflow/.local/lib/python3.8/site-packages/airflow/example_dags/example_sla_dag.py took 0.049 seconds
[2024-01-03T02:22:29.348+0000] {processor.py:161} INFO - Started process (PID=454) to work on /home/airflow/.local/lib/python3.8/site-packages/airflow/example_dags/example_sla_dag.py
[2024-01-03T02:22:29.349+0000] {processor.py:830} INFO - Processing file /home/airflow/.local/lib/python3.8/site-packages/airflow/example_dags/example_sla_dag.py for tasks to queue
[2024-01-03T02:22:29.351+0000] {logging_mixin.py:188} INFO - [2024-01-03T02:22:29.351+0000] {dagbag.py:538} INFO - Filling up the DagBag from /home/airflow/.local/lib/python3.8/site-packages/airflow/example_dags/example_sla_dag.py
[2024-01-03T02:22:29.356+0000] {processor.py:840} INFO - DAG(s) 'example_sla_dag' retrieved from /home/airflow/.local/lib/python3.8/site-packages/airflow/example_dags/example_sla_dag.py
[2024-01-03T02:22:29.369+0000] {logging_mixin.py:188} INFO - [2024-01-03T02:22:29.369+0000] {dag.py:3033} INFO - Sync 1 DAGs
[2024-01-03T02:22:29.388+0000] {logging_mixin.py:188} INFO - [2024-01-03T02:22:29.388+0000] {dag.py:3820} INFO - Setting next_dagrun for example_sla_dag to 2024-01-03T02:20:00+00:00, run_after=2024-01-03T02:22:00+00:00
[2024-01-03T02:22:29.405+0000] {processor.py:183} INFO - Processing /home/airflow/.local/lib/python3.8/site-packages/airflow/example_dags/example_sla_dag.py took 0.058 seconds
[2024-01-03T02:22:59.559+0000] {processor.py:161} INFO - Started process (PID=509) to work on /home/airflow/.local/lib/python3.8/site-packages/airflow/example_dags/example_sla_dag.py
[2024-01-03T02:22:59.560+0000] {processor.py:830} INFO - Processing file /home/airflow/.local/lib/python3.8/site-packages/airflow/example_dags/example_sla_dag.py for tasks to queue
[2024-01-03T02:22:59.561+0000] {logging_mixin.py:188} INFO - [2024-01-03T02:22:59.561+0000] {dagbag.py:538} INFO - Filling up the DagBag from /home/airflow/.local/lib/python3.8/site-packages/airflow/example_dags/example_sla_dag.py
[2024-01-03T02:22:59.567+0000] {processor.py:840} INFO - DAG(s) 'example_sla_dag' retrieved from /home/airflow/.local/lib/python3.8/site-packages/airflow/example_dags/example_sla_dag.py
[2024-01-03T02:22:59.579+0000] {logging_mixin.py:188} INFO - [2024-01-03T02:22:59.579+0000] {dag.py:3033} INFO - Sync 1 DAGs
[2024-01-03T02:22:59.596+0000] {logging_mixin.py:188} INFO - [2024-01-03T02:22:59.595+0000] {dag.py:3820} INFO - Setting next_dagrun for example_sla_dag to 2024-01-03T02:20:00+00:00, run_after=2024-01-03T02:22:00+00:00
[2024-01-03T02:22:59.608+0000] {processor.py:183} INFO - Processing /home/airflow/.local/lib/python3.8/site-packages/airflow/example_dags/example_sla_dag.py took 0.051 seconds
[2024-01-03T02:23:29.859+0000] {processor.py:161} INFO - Started process (PID=564) to work on /home/airflow/.local/lib/python3.8/site-packages/airflow/example_dags/example_sla_dag.py
[2024-01-03T02:23:29.860+0000] {processor.py:830} INFO - Processing file /home/airflow/.local/lib/python3.8/site-packages/airflow/example_dags/example_sla_dag.py for tasks to queue
[2024-01-03T02:23:29.861+0000] {logging_mixin.py:188} INFO - [2024-01-03T02:23:29.861+0000] {dagbag.py:538} INFO - Filling up the DagBag from /home/airflow/.local/lib/python3.8/site-packages/airflow/example_dags/example_sla_dag.py
[2024-01-03T02:23:29.867+0000] {processor.py:840} INFO - DAG(s) 'example_sla_dag' retrieved from /home/airflow/.local/lib/python3.8/site-packages/airflow/example_dags/example_sla_dag.py
[2024-01-03T02:23:29.880+0000] {logging_mixin.py:188} INFO - [2024-01-03T02:23:29.880+0000] {dag.py:3033} INFO - Sync 1 DAGs
[2024-01-03T02:23:29.898+0000] {logging_mixin.py:188} INFO - [2024-01-03T02:23:29.898+0000] {dag.py:3820} INFO - Setting next_dagrun for example_sla_dag to 2024-01-03T02:20:00+00:00, run_after=2024-01-03T02:22:00+00:00
[2024-01-03T02:23:29.912+0000] {processor.py:183} INFO - Processing /home/airflow/.local/lib/python3.8/site-packages/airflow/example_dags/example_sla_dag.py took 0.055 seconds
[2024-01-03T02:24:00.139+0000] {processor.py:161} INFO - Started process (PID=619) to work on /home/airflow/.local/lib/python3.8/site-packages/airflow/example_dags/example_sla_dag.py
[2024-01-03T02:24:00.140+0000] {processor.py:830} INFO - Processing file /home/airflow/.local/lib/python3.8/site-packages/airflow/example_dags/example_sla_dag.py for tasks to queue
[2024-01-03T02:24:00.142+0000] {logging_mixin.py:188} INFO - [2024-01-03T02:24:00.142+0000] {dagbag.py:538} INFO - Filling up the DagBag from /home/airflow/.local/lib/python3.8/site-packages/airflow/example_dags/example_sla_dag.py
[2024-01-03T02:24:00.150+0000] {processor.py:840} INFO - DAG(s) 'example_sla_dag' retrieved from /home/airflow/.local/lib/python3.8/site-packages/airflow/example_dags/example_sla_dag.py
[2024-01-03T02:24:00.168+0000] {logging_mixin.py:188} INFO - [2024-01-03T02:24:00.168+0000] {dag.py:3033} INFO - Sync 1 DAGs
[2024-01-03T02:24:00.188+0000] {logging_mixin.py:188} INFO - [2024-01-03T02:24:00.188+0000] {dag.py:3820} INFO - Setting next_dagrun for example_sla_dag to 2024-01-03T02:22:00+00:00, run_after=2024-01-03T02:24:00+00:00
[2024-01-03T02:24:00.202+0000] {processor.py:183} INFO - Processing /home/airflow/.local/lib/python3.8/site-packages/airflow/example_dags/example_sla_dag.py took 0.066 seconds
[2024-01-03T02:24:30.935+0000] {processor.py:161} INFO - Started process (PID=674) to work on /home/airflow/.local/lib/python3.8/site-packages/airflow/example_dags/example_sla_dag.py
[2024-01-03T02:24:30.935+0000] {processor.py:830} INFO - Processing file /home/airflow/.local/lib/python3.8/site-packages/airflow/example_dags/example_sla_dag.py for tasks to queue
[2024-01-03T02:24:30.937+0000] {logging_mixin.py:188} INFO - [2024-01-03T02:24:30.937+0000] {dagbag.py:538} INFO - Filling up the DagBag from /home/airflow/.local/lib/python3.8/site-packages/airflow/example_dags/example_sla_dag.py
[2024-01-03T02:24:30.942+0000] {processor.py:840} INFO - DAG(s) 'example_sla_dag' retrieved from /home/airflow/.local/lib/python3.8/site-packages/airflow/example_dags/example_sla_dag.py
[2024-01-03T02:24:30.955+0000] {logging_mixin.py:188} INFO - [2024-01-03T02:24:30.954+0000] {dag.py:3033} INFO - Sync 1 DAGs
[2024-01-03T02:24:30.973+0000] {logging_mixin.py:188} INFO - [2024-01-03T02:24:30.973+0000] {dag.py:3820} INFO - Setting next_dagrun for example_sla_dag to 2024-01-03T02:22:00+00:00, run_after=2024-01-03T02:24:00+00:00
[2024-01-03T02:24:30.984+0000] {processor.py:183} INFO - Processing /home/airflow/.local/lib/python3.8/site-packages/airflow/example_dags/example_sla_dag.py took 0.051 seconds
[2024-01-03T02:25:01.754+0000] {processor.py:161} INFO - Started process (PID=729) to work on /home/airflow/.local/lib/python3.8/site-packages/airflow/example_dags/example_sla_dag.py
[2024-01-03T02:25:01.755+0000] {processor.py:830} INFO - Processing file /home/airflow/.local/lib/python3.8/site-packages/airflow/example_dags/example_sla_dag.py for tasks to queue
[2024-01-03T02:25:01.756+0000] {logging_mixin.py:188} INFO - [2024-01-03T02:25:01.756+0000] {dagbag.py:538} INFO - Filling up the DagBag from /home/airflow/.local/lib/python3.8/site-packages/airflow/example_dags/example_sla_dag.py
[2024-01-03T02:25:01.761+0000] {processor.py:840} INFO - DAG(s) 'example_sla_dag' retrieved from /home/airflow/.local/lib/python3.8/site-packages/airflow/example_dags/example_sla_dag.py
[2024-01-03T02:25:01.773+0000] {logging_mixin.py:188} INFO - [2024-01-03T02:25:01.773+0000] {dag.py:3033} INFO - Sync 1 DAGs
[2024-01-03T02:25:01.789+0000] {logging_mixin.py:188} INFO - [2024-01-03T02:25:01.789+0000] {dag.py:3820} INFO - Setting next_dagrun for example_sla_dag to 2024-01-03T02:22:00+00:00, run_after=2024-01-03T02:24:00+00:00
[2024-01-03T02:25:01.804+0000] {processor.py:183} INFO - Processing /home/airflow/.local/lib/python3.8/site-packages/airflow/example_dags/example_sla_dag.py took 0.051 seconds
[2024-01-03T02:25:31.970+0000] {processor.py:161} INFO - Started process (PID=784) to work on /home/airflow/.local/lib/python3.8/site-packages/airflow/example_dags/example_sla_dag.py
[2024-01-03T02:25:31.971+0000] {processor.py:830} INFO - Processing file /home/airflow/.local/lib/python3.8/site-packages/airflow/example_dags/example_sla_dag.py for tasks to queue
[2024-01-03T02:25:31.973+0000] {logging_mixin.py:188} INFO - [2024-01-03T02:25:31.972+0000] {dagbag.py:538} INFO - Filling up the DagBag from /home/airflow/.local/lib/python3.8/site-packages/airflow/example_dags/example_sla_dag.py
[2024-01-03T02:25:31.978+0000] {processor.py:840} INFO - DAG(s) 'example_sla_dag' retrieved from /home/airflow/.local/lib/python3.8/site-packages/airflow/example_dags/example_sla_dag.py
[2024-01-03T02:25:31.991+0000] {logging_mixin.py:188} INFO - [2024-01-03T02:25:31.991+0000] {dag.py:3033} INFO - Sync 1 DAGs
[2024-01-03T02:25:32.009+0000] {logging_mixin.py:188} INFO - [2024-01-03T02:25:32.009+0000] {dag.py:3820} INFO - Setting next_dagrun for example_sla_dag to 2024-01-03T02:22:00+00:00, run_after=2024-01-03T02:24:00+00:00
[2024-01-03T02:25:32.022+0000] {processor.py:183} INFO - Processing /home/airflow/.local/lib/python3.8/site-packages/airflow/example_dags/example_sla_dag.py took 0.054 seconds
[2024-01-03T02:26:02.164+0000] {processor.py:161} INFO - Started process (PID=839) to work on /home/airflow/.local/lib/python3.8/site-packages/airflow/example_dags/example_sla_dag.py
[2024-01-03T02:26:02.165+0000] {processor.py:830} INFO - Processing file /home/airflow/.local/lib/python3.8/site-packages/airflow/example_dags/example_sla_dag.py for tasks to queue
[2024-01-03T02:26:02.166+0000] {logging_mixin.py:188} INFO - [2024-01-03T02:26:02.166+0000] {dagbag.py:538} INFO - Filling up the DagBag from /home/airflow/.local/lib/python3.8/site-packages/airflow/example_dags/example_sla_dag.py
[2024-01-03T02:26:02.172+0000] {processor.py:840} INFO - DAG(s) 'example_sla_dag' retrieved from /home/airflow/.local/lib/python3.8/site-packages/airflow/example_dags/example_sla_dag.py
[2024-01-03T02:26:02.184+0000] {logging_mixin.py:188} INFO - [2024-01-03T02:26:02.184+0000] {dag.py:3033} INFO - Sync 1 DAGs
[2024-01-03T02:26:02.200+0000] {logging_mixin.py:188} INFO - [2024-01-03T02:26:02.200+0000] {dag.py:3820} INFO - Setting next_dagrun for example_sla_dag to 2024-01-03T02:24:00+00:00, run_after=2024-01-03T02:26:00+00:00
[2024-01-03T02:26:02.212+0000] {processor.py:183} INFO - Processing /home/airflow/.local/lib/python3.8/site-packages/airflow/example_dags/example_sla_dag.py took 0.050 seconds
[2024-01-03T02:26:32.276+0000] {processor.py:161} INFO - Started process (PID=894) to work on /home/airflow/.local/lib/python3.8/site-packages/airflow/example_dags/example_sla_dag.py
[2024-01-03T02:26:32.276+0000] {processor.py:830} INFO - Processing file /home/airflow/.local/lib/python3.8/site-packages/airflow/example_dags/example_sla_dag.py for tasks to queue
[2024-01-03T02:26:32.278+0000] {logging_mixin.py:188} INFO - [2024-01-03T02:26:32.278+0000] {dagbag.py:538} INFO - Filling up the DagBag from /home/airflow/.local/lib/python3.8/site-packages/airflow/example_dags/example_sla_dag.py
[2024-01-03T02:26:32.284+0000] {processor.py:840} INFO - DAG(s) 'example_sla_dag' retrieved from /home/airflow/.local/lib/python3.8/site-packages/airflow/example_dags/example_sla_dag.py
[2024-01-03T02:26:32.297+0000] {logging_mixin.py:188} INFO - [2024-01-03T02:26:32.297+0000] {dag.py:3033} INFO - Sync 1 DAGs
[2024-01-03T02:26:32.316+0000] {logging_mixin.py:188} INFO - [2024-01-03T02:26:32.316+0000] {dag.py:3820} INFO - Setting next_dagrun for example_sla_dag to 2024-01-03T02:24:00+00:00, run_after=2024-01-03T02:26:00+00:00
[2024-01-03T02:26:32.329+0000] {processor.py:183} INFO - Processing /home/airflow/.local/lib/python3.8/site-packages/airflow/example_dags/example_sla_dag.py took 0.055 seconds
[2024-01-03T02:27:03.043+0000] {processor.py:161} INFO - Started process (PID=949) to work on /home/airflow/.local/lib/python3.8/site-packages/airflow/example_dags/example_sla_dag.py
[2024-01-03T02:27:03.044+0000] {processor.py:830} INFO - Processing file /home/airflow/.local/lib/python3.8/site-packages/airflow/example_dags/example_sla_dag.py for tasks to queue
[2024-01-03T02:27:03.045+0000] {logging_mixin.py:188} INFO - [2024-01-03T02:27:03.045+0000] {dagbag.py:538} INFO - Filling up the DagBag from /home/airflow/.local/lib/python3.8/site-packages/airflow/example_dags/example_sla_dag.py
[2024-01-03T02:27:03.051+0000] {processor.py:840} INFO - DAG(s) 'example_sla_dag' retrieved from /home/airflow/.local/lib/python3.8/site-packages/airflow/example_dags/example_sla_dag.py
[2024-01-03T02:27:03.063+0000] {logging_mixin.py:188} INFO - [2024-01-03T02:27:03.063+0000] {dag.py:3033} INFO - Sync 1 DAGs
[2024-01-03T02:27:03.080+0000] {logging_mixin.py:188} INFO - [2024-01-03T02:27:03.080+0000] {dag.py:3820} INFO - Setting next_dagrun for example_sla_dag to 2024-01-03T02:24:00+00:00, run_after=2024-01-03T02:26:00+00:00
[2024-01-03T02:27:03.091+0000] {processor.py:183} INFO - Processing /home/airflow/.local/lib/python3.8/site-packages/airflow/example_dags/example_sla_dag.py took 0.050 seconds
[2024-01-03T02:27:33.842+0000] {processor.py:161} INFO - Started process (PID=1004) to work on /home/airflow/.local/lib/python3.8/site-packages/airflow/example_dags/example_sla_dag.py
[2024-01-03T02:27:33.842+0000] {processor.py:830} INFO - Processing file /home/airflow/.local/lib/python3.8/site-packages/airflow/example_dags/example_sla_dag.py for tasks to queue
[2024-01-03T02:27:33.844+0000] {logging_mixin.py:188} INFO - [2024-01-03T02:27:33.844+0000] {dagbag.py:538} INFO - Filling up the DagBag from /home/airflow/.local/lib/python3.8/site-packages/airflow/example_dags/example_sla_dag.py
[2024-01-03T02:27:33.849+0000] {processor.py:840} INFO - DAG(s) 'example_sla_dag' retrieved from /home/airflow/.local/lib/python3.8/site-packages/airflow/example_dags/example_sla_dag.py
[2024-01-03T02:27:33.862+0000] {logging_mixin.py:188} INFO - [2024-01-03T02:27:33.862+0000] {dag.py:3033} INFO - Sync 1 DAGs
[2024-01-03T02:27:33.880+0000] {logging_mixin.py:188} INFO - [2024-01-03T02:27:33.880+0000] {dag.py:3820} INFO - Setting next_dagrun for example_sla_dag to 2024-01-03T02:24:00+00:00, run_after=2024-01-03T02:26:00+00:00
[2024-01-03T02:27:33.892+0000] {processor.py:183} INFO - Processing /home/airflow/.local/lib/python3.8/site-packages/airflow/example_dags/example_sla_dag.py took 0.053 seconds
[2024-01-03T02:28:04.674+0000] {processor.py:161} INFO - Started process (PID=1059) to work on /home/airflow/.local/lib/python3.8/site-packages/airflow/example_dags/example_sla_dag.py
[2024-01-03T02:28:04.675+0000] {processor.py:830} INFO - Processing file /home/airflow/.local/lib/python3.8/site-packages/airflow/example_dags/example_sla_dag.py for tasks to queue
[2024-01-03T02:28:04.676+0000] {logging_mixin.py:188} INFO - [2024-01-03T02:28:04.676+0000] {dagbag.py:538} INFO - Filling up the DagBag from /home/airflow/.local/lib/python3.8/site-packages/airflow/example_dags/example_sla_dag.py
[2024-01-03T02:28:04.681+0000] {processor.py:840} INFO - DAG(s) 'example_sla_dag' retrieved from /home/airflow/.local/lib/python3.8/site-packages/airflow/example_dags/example_sla_dag.py
[2024-01-03T02:28:04.693+0000] {logging_mixin.py:188} INFO - [2024-01-03T02:28:04.693+0000] {dag.py:3033} INFO - Sync 1 DAGs
[2024-01-03T02:28:04.710+0000] {logging_mixin.py:188} INFO - [2024-01-03T02:28:04.710+0000] {dag.py:3820} INFO - Setting next_dagrun for example_sla_dag to 2024-01-03T02:26:00+00:00, run_after=2024-01-03T02:28:00+00:00
[2024-01-03T02:28:04.724+0000] {processor.py:183} INFO - Processing /home/airflow/.local/lib/python3.8/site-packages/airflow/example_dags/example_sla_dag.py took 0.052 seconds
[2024-01-03T02:28:35.472+0000] {processor.py:161} INFO - Started process (PID=1114) to work on /home/airflow/.local/lib/python3.8/site-packages/airflow/example_dags/example_sla_dag.py
[2024-01-03T02:28:35.473+0000] {processor.py:830} INFO - Processing file /home/airflow/.local/lib/python3.8/site-packages/airflow/example_dags/example_sla_dag.py for tasks to queue
[2024-01-03T02:28:35.474+0000] {logging_mixin.py:188} INFO - [2024-01-03T02:28:35.474+0000] {dagbag.py:538} INFO - Filling up the DagBag from /home/airflow/.local/lib/python3.8/site-packages/airflow/example_dags/example_sla_dag.py
[2024-01-03T02:28:35.479+0000] {processor.py:840} INFO - DAG(s) 'example_sla_dag' retrieved from /home/airflow/.local/lib/python3.8/site-packages/airflow/example_dags/example_sla_dag.py
[2024-01-03T02:28:35.491+0000] {logging_mixin.py:188} INFO - [2024-01-03T02:28:35.491+0000] {dag.py:3033} INFO - Sync 1 DAGs
[2024-01-03T02:28:35.508+0000] {logging_mixin.py:188} INFO - [2024-01-03T02:28:35.508+0000] {dag.py:3820} INFO - Setting next_dagrun for example_sla_dag to 2024-01-03T02:26:00+00:00, run_after=2024-01-03T02:28:00+00:00
[2024-01-03T02:28:35.521+0000] {processor.py:183} INFO - Processing /home/airflow/.local/lib/python3.8/site-packages/airflow/example_dags/example_sla_dag.py took 0.051 seconds
[2024-01-03T02:29:06.293+0000] {processor.py:161} INFO - Started process (PID=1169) to work on /home/airflow/.local/lib/python3.8/site-packages/airflow/example_dags/example_sla_dag.py
[2024-01-03T02:29:06.293+0000] {processor.py:830} INFO - Processing file /home/airflow/.local/lib/python3.8/site-packages/airflow/example_dags/example_sla_dag.py for tasks to queue
[2024-01-03T02:29:06.295+0000] {logging_mixin.py:188} INFO - [2024-01-03T02:29:06.295+0000] {dagbag.py:538} INFO - Filling up the DagBag from /home/airflow/.local/lib/python3.8/site-packages/airflow/example_dags/example_sla_dag.py
[2024-01-03T02:29:06.300+0000] {processor.py:840} INFO - DAG(s) 'example_sla_dag' retrieved from /home/airflow/.local/lib/python3.8/site-packages/airflow/example_dags/example_sla_dag.py
[2024-01-03T02:29:06.312+0000] {logging_mixin.py:188} INFO - [2024-01-03T02:29:06.312+0000] {dag.py:3033} INFO - Sync 1 DAGs
[2024-01-03T02:29:06.329+0000] {logging_mixin.py:188} INFO - [2024-01-03T02:29:06.329+0000] {dag.py:3820} INFO - Setting next_dagrun for example_sla_dag to 2024-01-03T02:26:00+00:00, run_after=2024-01-03T02:28:00+00:00
[2024-01-03T02:29:06.342+0000] {processor.py:183} INFO - Processing /home/airflow/.local/lib/python3.8/site-packages/airflow/example_dags/example_sla_dag.py took 0.051 seconds
[2024-01-03T02:29:37.053+0000] {processor.py:161} INFO - Started process (PID=1224) to work on /home/airflow/.local/lib/python3.8/site-packages/airflow/example_dags/example_sla_dag.py
[2024-01-03T02:29:37.054+0000] {processor.py:830} INFO - Processing file /home/airflow/.local/lib/python3.8/site-packages/airflow/example_dags/example_sla_dag.py for tasks to queue
[2024-01-03T02:29:37.055+0000] {logging_mixin.py:188} INFO - [2024-01-03T02:29:37.055+0000] {dagbag.py:538} INFO - Filling up the DagBag from /home/airflow/.local/lib/python3.8/site-packages/airflow/example_dags/example_sla_dag.py
[2024-01-03T02:29:37.060+0000] {processor.py:840} INFO - DAG(s) 'example_sla_dag' retrieved from /home/airflow/.local/lib/python3.8/site-packages/airflow/example_dags/example_sla_dag.py
[2024-01-03T02:29:37.073+0000] {logging_mixin.py:188} INFO - [2024-01-03T02:29:37.073+0000] {dag.py:3033} INFO - Sync 1 DAGs
[2024-01-03T02:29:37.089+0000] {logging_mixin.py:188} INFO - [2024-01-03T02:29:37.089+0000] {dag.py:3820} INFO - Setting next_dagrun for example_sla_dag to 2024-01-03T02:26:00+00:00, run_after=2024-01-03T02:28:00+00:00
[2024-01-03T02:29:37.102+0000] {processor.py:183} INFO - Processing /home/airflow/.local/lib/python3.8/site-packages/airflow/example_dags/example_sla_dag.py took 0.051 seconds
[2024-01-03T02:30:08.135+0000] {processor.py:161} INFO - Started process (PID=1279) to work on /home/airflow/.local/lib/python3.8/site-packages/airflow/example_dags/example_sla_dag.py
[2024-01-03T02:30:08.136+0000] {processor.py:830} INFO - Processing file /home/airflow/.local/lib/python3.8/site-packages/airflow/example_dags/example_sla_dag.py for tasks to queue
[2024-01-03T02:30:08.137+0000] {logging_mixin.py:188} INFO - [2024-01-03T02:30:08.137+0000] {dagbag.py:538} INFO - Filling up the DagBag from /home/airflow/.local/lib/python3.8/site-packages/airflow/example_dags/example_sla_dag.py
[2024-01-03T02:30:08.142+0000] {processor.py:840} INFO - DAG(s) 'example_sla_dag' retrieved from /home/airflow/.local/lib/python3.8/site-packages/airflow/example_dags/example_sla_dag.py
[2024-01-03T02:30:08.155+0000] {logging_mixin.py:188} INFO - [2024-01-03T02:30:08.154+0000] {dag.py:3033} INFO - Sync 1 DAGs
[2024-01-03T02:30:08.172+0000] {logging_mixin.py:188} INFO - [2024-01-03T02:30:08.171+0000] {dag.py:3820} INFO - Setting next_dagrun for example_sla_dag to 2024-01-03T02:28:00+00:00, run_after=2024-01-03T02:30:00+00:00
[2024-01-03T02:30:08.184+0000] {processor.py:183} INFO - Processing /home/airflow/.local/lib/python3.8/site-packages/airflow/example_dags/example_sla_dag.py took 0.051 seconds
[2024-01-03T02:30:39.132+0000] {processor.py:161} INFO - Started process (PID=1334) to work on /home/airflow/.local/lib/python3.8/site-packages/airflow/example_dags/example_sla_dag.py
[2024-01-03T02:30:39.133+0000] {processor.py:830} INFO - Processing file /home/airflow/.local/lib/python3.8/site-packages/airflow/example_dags/example_sla_dag.py for tasks to queue
[2024-01-03T02:30:39.135+0000] {logging_mixin.py:188} INFO - [2024-01-03T02:30:39.134+0000] {dagbag.py:538} INFO - Filling up the DagBag from /home/airflow/.local/lib/python3.8/site-packages/airflow/example_dags/example_sla_dag.py
[2024-01-03T02:30:39.140+0000] {processor.py:840} INFO - DAG(s) 'example_sla_dag' retrieved from /home/airflow/.local/lib/python3.8/site-packages/airflow/example_dags/example_sla_dag.py
[2024-01-03T02:30:39.153+0000] {logging_mixin.py:188} INFO - [2024-01-03T02:30:39.153+0000] {dag.py:3033} INFO - Sync 1 DAGs
[2024-01-03T02:30:39.172+0000] {logging_mixin.py:188} INFO - [2024-01-03T02:30:39.171+0000] {dag.py:3820} INFO - Setting next_dagrun for example_sla_dag to 2024-01-03T02:28:00+00:00, run_after=2024-01-03T02:30:00+00:00
[2024-01-03T02:30:39.189+0000] {processor.py:183} INFO - Processing /home/airflow/.local/lib/python3.8/site-packages/airflow/example_dags/example_sla_dag.py took 0.059 seconds
[2024-01-03T02:31:09.462+0000] {processor.py:161} INFO - Started process (PID=1389) to work on /home/airflow/.local/lib/python3.8/site-packages/airflow/example_dags/example_sla_dag.py
[2024-01-03T02:31:09.462+0000] {processor.py:830} INFO - Processing file /home/airflow/.local/lib/python3.8/site-packages/airflow/example_dags/example_sla_dag.py for tasks to queue
[2024-01-03T02:31:09.464+0000] {logging_mixin.py:188} INFO - [2024-01-03T02:31:09.464+0000] {dagbag.py:538} INFO - Filling up the DagBag from /home/airflow/.local/lib/python3.8/site-packages/airflow/example_dags/example_sla_dag.py
[2024-01-03T02:31:09.469+0000] {processor.py:840} INFO - DAG(s) 'example_sla_dag' retrieved from /home/airflow/.local/lib/python3.8/site-packages/airflow/example_dags/example_sla_dag.py
[2024-01-03T02:31:09.480+0000] {logging_mixin.py:188} INFO - [2024-01-03T02:31:09.480+0000] {dag.py:3033} INFO - Sync 1 DAGs
[2024-01-03T02:31:09.497+0000] {logging_mixin.py:188} INFO - [2024-01-03T02:31:09.497+0000] {dag.py:3820} INFO - Setting next_dagrun for example_sla_dag to 2024-01-03T02:28:00+00:00, run_after=2024-01-03T02:30:00+00:00
[2024-01-03T02:31:09.508+0000] {processor.py:183} INFO - Processing /home/airflow/.local/lib/python3.8/site-packages/airflow/example_dags/example_sla_dag.py took 0.048 seconds
[2024-01-03T02:31:39.690+0000] {processor.py:161} INFO - Started process (PID=1444) to work on /home/airflow/.local/lib/python3.8/site-packages/airflow/example_dags/example_sla_dag.py
[2024-01-03T02:31:39.691+0000] {processor.py:830} INFO - Processing file /home/airflow/.local/lib/python3.8/site-packages/airflow/example_dags/example_sla_dag.py for tasks to queue
[2024-01-03T02:31:39.694+0000] {logging_mixin.py:188} INFO - [2024-01-03T02:31:39.694+0000] {dagbag.py:538} INFO - Filling up the DagBag from /home/airflow/.local/lib/python3.8/site-packages/airflow/example_dags/example_sla_dag.py
[2024-01-03T02:31:39.699+0000] {processor.py:840} INFO - DAG(s) 'example_sla_dag' retrieved from /home/airflow/.local/lib/python3.8/site-packages/airflow/example_dags/example_sla_dag.py
[2024-01-03T02:31:39.714+0000] {logging_mixin.py:188} INFO - [2024-01-03T02:31:39.713+0000] {dag.py:3033} INFO - Sync 1 DAGs
[2024-01-03T02:31:39.732+0000] {logging_mixin.py:188} INFO - [2024-01-03T02:31:39.732+0000] {dag.py:3820} INFO - Setting next_dagrun for example_sla_dag to 2024-01-03T02:28:00+00:00, run_after=2024-01-03T02:30:00+00:00
[2024-01-03T02:31:39.746+0000] {processor.py:183} INFO - Processing /home/airflow/.local/lib/python3.8/site-packages/airflow/example_dags/example_sla_dag.py took 0.058 seconds
[2024-01-03T02:32:09.855+0000] {processor.py:161} INFO - Started process (PID=1499) to work on /home/airflow/.local/lib/python3.8/site-packages/airflow/example_dags/example_sla_dag.py
[2024-01-03T02:32:09.856+0000] {processor.py:830} INFO - Processing file /home/airflow/.local/lib/python3.8/site-packages/airflow/example_dags/example_sla_dag.py for tasks to queue
[2024-01-03T02:32:09.858+0000] {logging_mixin.py:188} INFO - [2024-01-03T02:32:09.858+0000] {dagbag.py:538} INFO - Filling up the DagBag from /home/airflow/.local/lib/python3.8/site-packages/airflow/example_dags/example_sla_dag.py
[2024-01-03T02:32:09.864+0000] {processor.py:840} INFO - DAG(s) 'example_sla_dag' retrieved from /home/airflow/.local/lib/python3.8/site-packages/airflow/example_dags/example_sla_dag.py
[2024-01-03T02:32:09.877+0000] {logging_mixin.py:188} INFO - [2024-01-03T02:32:09.877+0000] {dag.py:3033} INFO - Sync 1 DAGs
[2024-01-03T02:32:09.894+0000] {logging_mixin.py:188} INFO - [2024-01-03T02:32:09.894+0000] {dag.py:3820} INFO - Setting next_dagrun for example_sla_dag to 2024-01-03T02:30:00+00:00, run_after=2024-01-03T02:32:00+00:00
[2024-01-03T02:32:09.906+0000] {processor.py:183} INFO - Processing /home/airflow/.local/lib/python3.8/site-packages/airflow/example_dags/example_sla_dag.py took 0.052 seconds
[2024-01-03T02:32:39.945+0000] {processor.py:161} INFO - Started process (PID=1554) to work on /home/airflow/.local/lib/python3.8/site-packages/airflow/example_dags/example_sla_dag.py
[2024-01-03T02:32:39.945+0000] {processor.py:830} INFO - Processing file /home/airflow/.local/lib/python3.8/site-packages/airflow/example_dags/example_sla_dag.py for tasks to queue
[2024-01-03T02:32:39.947+0000] {logging_mixin.py:188} INFO - [2024-01-03T02:32:39.947+0000] {dagbag.py:538} INFO - Filling up the DagBag from /home/airflow/.local/lib/python3.8/site-packages/airflow/example_dags/example_sla_dag.py
[2024-01-03T02:32:39.952+0000] {processor.py:840} INFO - DAG(s) 'example_sla_dag' retrieved from /home/airflow/.local/lib/python3.8/site-packages/airflow/example_dags/example_sla_dag.py
[2024-01-03T02:32:39.965+0000] {logging_mixin.py:188} INFO - [2024-01-03T02:32:39.965+0000] {dag.py:3033} INFO - Sync 1 DAGs
[2024-01-03T02:32:39.982+0000] {logging_mixin.py:188} INFO - [2024-01-03T02:32:39.982+0000] {dag.py:3820} INFO - Setting next_dagrun for example_sla_dag to 2024-01-03T02:30:00+00:00, run_after=2024-01-03T02:32:00+00:00
[2024-01-03T02:32:39.993+0000] {processor.py:183} INFO - Processing /home/airflow/.local/lib/python3.8/site-packages/airflow/example_dags/example_sla_dag.py took 0.051 seconds
[2024-01-03T02:33:10.080+0000] {processor.py:161} INFO - Started process (PID=1609) to work on /home/airflow/.local/lib/python3.8/site-packages/airflow/example_dags/example_sla_dag.py
[2024-01-03T02:33:10.081+0000] {processor.py:830} INFO - Processing file /home/airflow/.local/lib/python3.8/site-packages/airflow/example_dags/example_sla_dag.py for tasks to queue
[2024-01-03T02:33:10.083+0000] {logging_mixin.py:188} INFO - [2024-01-03T02:33:10.083+0000] {dagbag.py:538} INFO - Filling up the DagBag from /home/airflow/.local/lib/python3.8/site-packages/airflow/example_dags/example_sla_dag.py
[2024-01-03T02:33:10.090+0000] {processor.py:840} INFO - DAG(s) 'example_sla_dag' retrieved from /home/airflow/.local/lib/python3.8/site-packages/airflow/example_dags/example_sla_dag.py
[2024-01-03T02:33:10.106+0000] {logging_mixin.py:188} INFO - [2024-01-03T02:33:10.106+0000] {dag.py:3033} INFO - Sync 1 DAGs
[2024-01-03T02:33:10.126+0000] {logging_mixin.py:188} INFO - [2024-01-03T02:33:10.125+0000] {dag.py:3820} INFO - Setting next_dagrun for example_sla_dag to 2024-01-03T02:30:00+00:00, run_after=2024-01-03T02:32:00+00:00
[2024-01-03T02:33:10.141+0000] {processor.py:183} INFO - Processing /home/airflow/.local/lib/python3.8/site-packages/airflow/example_dags/example_sla_dag.py took 0.063 seconds
[2024-01-03T02:33:40.274+0000] {processor.py:161} INFO - Started process (PID=1664) to work on /home/airflow/.local/lib/python3.8/site-packages/airflow/example_dags/example_sla_dag.py
[2024-01-03T02:33:40.275+0000] {processor.py:830} INFO - Processing file /home/airflow/.local/lib/python3.8/site-packages/airflow/example_dags/example_sla_dag.py for tasks to queue
[2024-01-03T02:33:40.277+0000] {logging_mixin.py:188} INFO - [2024-01-03T02:33:40.277+0000] {dagbag.py:538} INFO - Filling up the DagBag from /home/airflow/.local/lib/python3.8/site-packages/airflow/example_dags/example_sla_dag.py
[2024-01-03T02:33:40.282+0000] {processor.py:840} INFO - DAG(s) 'example_sla_dag' retrieved from /home/airflow/.local/lib/python3.8/site-packages/airflow/example_dags/example_sla_dag.py
[2024-01-03T02:33:40.294+0000] {logging_mixin.py:188} INFO - [2024-01-03T02:33:40.294+0000] {dag.py:3033} INFO - Sync 1 DAGs
[2024-01-03T02:33:40.310+0000] {logging_mixin.py:188} INFO - [2024-01-03T02:33:40.310+0000] {dag.py:3820} INFO - Setting next_dagrun for example_sla_dag to 2024-01-03T02:30:00+00:00, run_after=2024-01-03T02:32:00+00:00
[2024-01-03T02:33:40.322+0000] {processor.py:183} INFO - Processing /home/airflow/.local/lib/python3.8/site-packages/airflow/example_dags/example_sla_dag.py took 0.049 seconds
[2024-01-03T02:34:11.170+0000] {processor.py:161} INFO - Started process (PID=1719) to work on /home/airflow/.local/lib/python3.8/site-packages/airflow/example_dags/example_sla_dag.py
[2024-01-03T02:34:11.171+0000] {processor.py:830} INFO - Processing file /home/airflow/.local/lib/python3.8/site-packages/airflow/example_dags/example_sla_dag.py for tasks to queue
[2024-01-03T02:34:11.173+0000] {logging_mixin.py:188} INFO - [2024-01-03T02:34:11.172+0000] {dagbag.py:538} INFO - Filling up the DagBag from /home/airflow/.local/lib/python3.8/site-packages/airflow/example_dags/example_sla_dag.py
[2024-01-03T02:34:11.178+0000] {processor.py:840} INFO - DAG(s) 'example_sla_dag' retrieved from /home/airflow/.local/lib/python3.8/site-packages/airflow/example_dags/example_sla_dag.py
[2024-01-03T02:34:11.190+0000] {logging_mixin.py:188} INFO - [2024-01-03T02:34:11.190+0000] {dag.py:3033} INFO - Sync 1 DAGs
[2024-01-03T02:34:11.207+0000] {logging_mixin.py:188} INFO - [2024-01-03T02:34:11.207+0000] {dag.py:3820} INFO - Setting next_dagrun for example_sla_dag to 2024-01-03T02:32:00+00:00, run_after=2024-01-03T02:34:00+00:00
[2024-01-03T02:34:11.219+0000] {processor.py:183} INFO - Processing /home/airflow/.local/lib/python3.8/site-packages/airflow/example_dags/example_sla_dag.py took 0.051 seconds
[2024-01-03T02:34:41.853+0000] {processor.py:161} INFO - Started process (PID=1775) to work on /home/airflow/.local/lib/python3.8/site-packages/airflow/example_dags/example_sla_dag.py
[2024-01-03T02:34:41.853+0000] {processor.py:830} INFO - Processing file /home/airflow/.local/lib/python3.8/site-packages/airflow/example_dags/example_sla_dag.py for tasks to queue
[2024-01-03T02:34:41.855+0000] {logging_mixin.py:188} INFO - [2024-01-03T02:34:41.855+0000] {dagbag.py:538} INFO - Filling up the DagBag from /home/airflow/.local/lib/python3.8/site-packages/airflow/example_dags/example_sla_dag.py
[2024-01-03T02:34:41.860+0000] {processor.py:840} INFO - DAG(s) 'example_sla_dag' retrieved from /home/airflow/.local/lib/python3.8/site-packages/airflow/example_dags/example_sla_dag.py
[2024-01-03T02:34:41.873+0000] {logging_mixin.py:188} INFO - [2024-01-03T02:34:41.873+0000] {dag.py:3033} INFO - Sync 1 DAGs
[2024-01-03T02:34:41.891+0000] {logging_mixin.py:188} INFO - [2024-01-03T02:34:41.891+0000] {dag.py:3820} INFO - Setting next_dagrun for example_sla_dag to 2024-01-03T02:32:00+00:00, run_after=2024-01-03T02:34:00+00:00
[2024-01-03T02:34:41.902+0000] {processor.py:183} INFO - Processing /home/airflow/.local/lib/python3.8/site-packages/airflow/example_dags/example_sla_dag.py took 0.052 seconds
[2024-01-03T02:35:12.689+0000] {processor.py:161} INFO - Started process (PID=1830) to work on /home/airflow/.local/lib/python3.8/site-packages/airflow/example_dags/example_sla_dag.py
[2024-01-03T02:35:12.690+0000] {processor.py:830} INFO - Processing file /home/airflow/.local/lib/python3.8/site-packages/airflow/example_dags/example_sla_dag.py for tasks to queue
[2024-01-03T02:35:12.692+0000] {logging_mixin.py:188} INFO - [2024-01-03T02:35:12.692+0000] {dagbag.py:538} INFO - Filling up the DagBag from /home/airflow/.local/lib/python3.8/site-packages/airflow/example_dags/example_sla_dag.py
[2024-01-03T02:35:12.697+0000] {processor.py:840} INFO - DAG(s) 'example_sla_dag' retrieved from /home/airflow/.local/lib/python3.8/site-packages/airflow/example_dags/example_sla_dag.py
[2024-01-03T02:35:12.710+0000] {logging_mixin.py:188} INFO - [2024-01-03T02:35:12.710+0000] {dag.py:3033} INFO - Sync 1 DAGs
[2024-01-03T02:35:12.728+0000] {logging_mixin.py:188} INFO - [2024-01-03T02:35:12.727+0000] {dag.py:3820} INFO - Setting next_dagrun for example_sla_dag to 2024-01-03T02:32:00+00:00, run_after=2024-01-03T02:34:00+00:00
[2024-01-03T02:35:12.740+0000] {processor.py:183} INFO - Processing /home/airflow/.local/lib/python3.8/site-packages/airflow/example_dags/example_sla_dag.py took 0.053 seconds
[2024-01-03T02:35:43.578+0000] {processor.py:161} INFO - Started process (PID=1885) to work on /home/airflow/.local/lib/python3.8/site-packages/airflow/example_dags/example_sla_dag.py
[2024-01-03T02:35:43.579+0000] {processor.py:830} INFO - Processing file /home/airflow/.local/lib/python3.8/site-packages/airflow/example_dags/example_sla_dag.py for tasks to queue
[2024-01-03T02:35:43.581+0000] {logging_mixin.py:188} INFO - [2024-01-03T02:35:43.581+0000] {dagbag.py:538} INFO - Filling up the DagBag from /home/airflow/.local/lib/python3.8/site-packages/airflow/example_dags/example_sla_dag.py
[2024-01-03T02:35:43.586+0000] {processor.py:840} INFO - DAG(s) 'example_sla_dag' retrieved from /home/airflow/.local/lib/python3.8/site-packages/airflow/example_dags/example_sla_dag.py
[2024-01-03T02:35:43.599+0000] {logging_mixin.py:188} INFO - [2024-01-03T02:35:43.598+0000] {dag.py:3033} INFO - Sync 1 DAGs
[2024-01-03T02:35:43.616+0000] {logging_mixin.py:188} INFO - [2024-01-03T02:35:43.615+0000] {dag.py:3820} INFO - Setting next_dagrun for example_sla_dag to 2024-01-03T02:32:00+00:00, run_after=2024-01-03T02:34:00+00:00
[2024-01-03T02:35:43.629+0000] {processor.py:183} INFO - Processing /home/airflow/.local/lib/python3.8/site-packages/airflow/example_dags/example_sla_dag.py took 0.052 seconds
[2024-01-03T02:36:14.410+0000] {processor.py:161} INFO - Started process (PID=1940) to work on /home/airflow/.local/lib/python3.8/site-packages/airflow/example_dags/example_sla_dag.py
[2024-01-03T02:36:14.411+0000] {processor.py:830} INFO - Processing file /home/airflow/.local/lib/python3.8/site-packages/airflow/example_dags/example_sla_dag.py for tasks to queue
[2024-01-03T02:36:14.413+0000] {logging_mixin.py:188} INFO - [2024-01-03T02:36:14.413+0000] {dagbag.py:538} INFO - Filling up the DagBag from /home/airflow/.local/lib/python3.8/site-packages/airflow/example_dags/example_sla_dag.py
[2024-01-03T02:36:14.418+0000] {processor.py:840} INFO - DAG(s) 'example_sla_dag' retrieved from /home/airflow/.local/lib/python3.8/site-packages/airflow/example_dags/example_sla_dag.py
[2024-01-03T02:36:14.432+0000] {logging_mixin.py:188} INFO - [2024-01-03T02:36:14.432+0000] {dag.py:3033} INFO - Sync 1 DAGs
[2024-01-03T02:36:14.450+0000] {logging_mixin.py:188} INFO - [2024-01-03T02:36:14.450+0000] {dag.py:3820} INFO - Setting next_dagrun for example_sla_dag to 2024-01-03T02:34:00+00:00, run_after=2024-01-03T02:36:00+00:00
[2024-01-03T02:36:14.463+0000] {processor.py:183} INFO - Processing /home/airflow/.local/lib/python3.8/site-packages/airflow/example_dags/example_sla_dag.py took 0.054 seconds
[2024-01-03T02:36:44.545+0000] {processor.py:161} INFO - Started process (PID=1995) to work on /home/airflow/.local/lib/python3.8/site-packages/airflow/example_dags/example_sla_dag.py
[2024-01-03T02:36:44.546+0000] {processor.py:830} INFO - Processing file /home/airflow/.local/lib/python3.8/site-packages/airflow/example_dags/example_sla_dag.py for tasks to queue
[2024-01-03T02:36:44.547+0000] {logging_mixin.py:188} INFO - [2024-01-03T02:36:44.547+0000] {dagbag.py:538} INFO - Filling up the DagBag from /home/airflow/.local/lib/python3.8/site-packages/airflow/example_dags/example_sla_dag.py
[2024-01-03T02:36:44.553+0000] {processor.py:840} INFO - DAG(s) 'example_sla_dag' retrieved from /home/airflow/.local/lib/python3.8/site-packages/airflow/example_dags/example_sla_dag.py
[2024-01-03T02:36:44.567+0000] {logging_mixin.py:188} INFO - [2024-01-03T02:36:44.567+0000] {dag.py:3033} INFO - Sync 1 DAGs
[2024-01-03T02:36:44.585+0000] {logging_mixin.py:188} INFO - [2024-01-03T02:36:44.585+0000] {dag.py:3820} INFO - Setting next_dagrun for example_sla_dag to 2024-01-03T02:34:00+00:00, run_after=2024-01-03T02:36:00+00:00
[2024-01-03T02:36:44.599+0000] {processor.py:183} INFO - Processing /home/airflow/.local/lib/python3.8/site-packages/airflow/example_dags/example_sla_dag.py took 0.056 seconds
[2024-01-03T02:41:32.928+0000] {processor.py:161} INFO - Started process (PID=2056) to work on /home/airflow/.local/lib/python3.8/site-packages/airflow/example_dags/example_sla_dag.py
[2024-01-03T02:41:32.929+0000] {processor.py:830} INFO - Processing file /home/airflow/.local/lib/python3.8/site-packages/airflow/example_dags/example_sla_dag.py for tasks to queue
[2024-01-03T02:41:32.931+0000] {logging_mixin.py:188} INFO - [2024-01-03T02:41:32.931+0000] {dagbag.py:538} INFO - Filling up the DagBag from /home/airflow/.local/lib/python3.8/site-packages/airflow/example_dags/example_sla_dag.py
[2024-01-03T02:41:32.938+0000] {processor.py:840} INFO - DAG(s) 'example_sla_dag' retrieved from /home/airflow/.local/lib/python3.8/site-packages/airflow/example_dags/example_sla_dag.py
[2024-01-03T02:41:32.954+0000] {logging_mixin.py:188} INFO - [2024-01-03T02:41:32.953+0000] {dag.py:3033} INFO - Sync 1 DAGs
[2024-01-03T02:41:32.980+0000] {logging_mixin.py:188} INFO - [2024-01-03T02:41:32.980+0000] {dag.py:3820} INFO - Setting next_dagrun for example_sla_dag to 2024-01-03T02:38:00+00:00, run_after=2024-01-03T02:40:00+00:00
[2024-01-03T02:41:32.997+0000] {processor.py:183} INFO - Processing /home/airflow/.local/lib/python3.8/site-packages/airflow/example_dags/example_sla_dag.py took 0.071 seconds
[2024-01-03T02:42:03.610+0000] {processor.py:161} INFO - Started process (PID=2111) to work on /home/airflow/.local/lib/python3.8/site-packages/airflow/example_dags/example_sla_dag.py
[2024-01-03T02:42:03.611+0000] {processor.py:830} INFO - Processing file /home/airflow/.local/lib/python3.8/site-packages/airflow/example_dags/example_sla_dag.py for tasks to queue
[2024-01-03T02:42:03.613+0000] {logging_mixin.py:188} INFO - [2024-01-03T02:42:03.612+0000] {dagbag.py:538} INFO - Filling up the DagBag from /home/airflow/.local/lib/python3.8/site-packages/airflow/example_dags/example_sla_dag.py
[2024-01-03T02:42:03.618+0000] {processor.py:840} INFO - DAG(s) 'example_sla_dag' retrieved from /home/airflow/.local/lib/python3.8/site-packages/airflow/example_dags/example_sla_dag.py
[2024-01-03T02:42:03.631+0000] {logging_mixin.py:188} INFO - [2024-01-03T02:42:03.631+0000] {dag.py:3033} INFO - Sync 1 DAGs
[2024-01-03T02:42:03.649+0000] {logging_mixin.py:188} INFO - [2024-01-03T02:42:03.649+0000] {dag.py:3820} INFO - Setting next_dagrun for example_sla_dag to 2024-01-03T02:40:00+00:00, run_after=2024-01-03T02:42:00+00:00
[2024-01-03T02:42:03.663+0000] {processor.py:183} INFO - Processing /home/airflow/.local/lib/python3.8/site-packages/airflow/example_dags/example_sla_dag.py took 0.054 seconds
[2024-01-03T02:42:33.860+0000] {processor.py:161} INFO - Started process (PID=2166) to work on /home/airflow/.local/lib/python3.8/site-packages/airflow/example_dags/example_sla_dag.py
[2024-01-03T02:42:33.862+0000] {processor.py:830} INFO - Processing file /home/airflow/.local/lib/python3.8/site-packages/airflow/example_dags/example_sla_dag.py for tasks to queue
[2024-01-03T02:42:33.864+0000] {logging_mixin.py:188} INFO - [2024-01-03T02:42:33.863+0000] {dagbag.py:538} INFO - Filling up the DagBag from /home/airflow/.local/lib/python3.8/site-packages/airflow/example_dags/example_sla_dag.py
[2024-01-03T02:42:33.872+0000] {processor.py:840} INFO - DAG(s) 'example_sla_dag' retrieved from /home/airflow/.local/lib/python3.8/site-packages/airflow/example_dags/example_sla_dag.py
[2024-01-03T02:42:33.889+0000] {logging_mixin.py:188} INFO - [2024-01-03T02:42:33.889+0000] {dag.py:3033} INFO - Sync 1 DAGs
[2024-01-03T02:42:33.913+0000] {logging_mixin.py:188} INFO - [2024-01-03T02:42:33.913+0000] {dag.py:3820} INFO - Setting next_dagrun for example_sla_dag to 2024-01-03T02:40:00+00:00, run_after=2024-01-03T02:42:00+00:00
[2024-01-03T02:42:33.932+0000] {processor.py:183} INFO - Processing /home/airflow/.local/lib/python3.8/site-packages/airflow/example_dags/example_sla_dag.py took 0.075 seconds
[2024-01-03T02:43:04.105+0000] {processor.py:161} INFO - Started process (PID=2221) to work on /home/airflow/.local/lib/python3.8/site-packages/airflow/example_dags/example_sla_dag.py
[2024-01-03T02:43:04.106+0000] {processor.py:830} INFO - Processing file /home/airflow/.local/lib/python3.8/site-packages/airflow/example_dags/example_sla_dag.py for tasks to queue
[2024-01-03T02:43:04.107+0000] {logging_mixin.py:188} INFO - [2024-01-03T02:43:04.107+0000] {dagbag.py:538} INFO - Filling up the DagBag from /home/airflow/.local/lib/python3.8/site-packages/airflow/example_dags/example_sla_dag.py
[2024-01-03T02:43:04.113+0000] {processor.py:840} INFO - DAG(s) 'example_sla_dag' retrieved from /home/airflow/.local/lib/python3.8/site-packages/airflow/example_dags/example_sla_dag.py
[2024-01-03T02:43:04.125+0000] {logging_mixin.py:188} INFO - [2024-01-03T02:43:04.124+0000] {dag.py:3033} INFO - Sync 1 DAGs
[2024-01-03T02:43:04.141+0000] {logging_mixin.py:188} INFO - [2024-01-03T02:43:04.141+0000] {dag.py:3820} INFO - Setting next_dagrun for example_sla_dag to 2024-01-03T02:40:00+00:00, run_after=2024-01-03T02:42:00+00:00
[2024-01-03T02:43:04.154+0000] {processor.py:183} INFO - Processing /home/airflow/.local/lib/python3.8/site-packages/airflow/example_dags/example_sla_dag.py took 0.050 seconds
[2024-01-03T02:43:35.200+0000] {processor.py:161} INFO - Started process (PID=2276) to work on /home/airflow/.local/lib/python3.8/site-packages/airflow/example_dags/example_sla_dag.py
[2024-01-03T02:43:35.201+0000] {processor.py:830} INFO - Processing file /home/airflow/.local/lib/python3.8/site-packages/airflow/example_dags/example_sla_dag.py for tasks to queue
[2024-01-03T02:43:35.202+0000] {logging_mixin.py:188} INFO - [2024-01-03T02:43:35.202+0000] {dagbag.py:538} INFO - Filling up the DagBag from /home/airflow/.local/lib/python3.8/site-packages/airflow/example_dags/example_sla_dag.py
[2024-01-03T02:43:35.208+0000] {processor.py:840} INFO - DAG(s) 'example_sla_dag' retrieved from /home/airflow/.local/lib/python3.8/site-packages/airflow/example_dags/example_sla_dag.py
[2024-01-03T02:43:35.221+0000] {logging_mixin.py:188} INFO - [2024-01-03T02:43:35.221+0000] {dag.py:3033} INFO - Sync 1 DAGs
[2024-01-03T02:43:35.238+0000] {logging_mixin.py:188} INFO - [2024-01-03T02:43:35.238+0000] {dag.py:3820} INFO - Setting next_dagrun for example_sla_dag to 2024-01-03T02:40:00+00:00, run_after=2024-01-03T02:42:00+00:00
[2024-01-03T02:43:35.251+0000] {processor.py:183} INFO - Processing /home/airflow/.local/lib/python3.8/site-packages/airflow/example_dags/example_sla_dag.py took 0.053 seconds
[2024-01-03T02:44:06.047+0000] {processor.py:161} INFO - Started process (PID=2331) to work on /home/airflow/.local/lib/python3.8/site-packages/airflow/example_dags/example_sla_dag.py
[2024-01-03T02:44:06.047+0000] {processor.py:830} INFO - Processing file /home/airflow/.local/lib/python3.8/site-packages/airflow/example_dags/example_sla_dag.py for tasks to queue
[2024-01-03T02:44:06.049+0000] {logging_mixin.py:188} INFO - [2024-01-03T02:44:06.049+0000] {dagbag.py:538} INFO - Filling up the DagBag from /home/airflow/.local/lib/python3.8/site-packages/airflow/example_dags/example_sla_dag.py
[2024-01-03T02:44:06.054+0000] {processor.py:840} INFO - DAG(s) 'example_sla_dag' retrieved from /home/airflow/.local/lib/python3.8/site-packages/airflow/example_dags/example_sla_dag.py
[2024-01-03T02:44:06.067+0000] {logging_mixin.py:188} INFO - [2024-01-03T02:44:06.067+0000] {dag.py:3033} INFO - Sync 1 DAGs
[2024-01-03T02:44:06.086+0000] {logging_mixin.py:188} INFO - [2024-01-03T02:44:06.085+0000] {dag.py:3820} INFO - Setting next_dagrun for example_sla_dag to 2024-01-03T02:42:00+00:00, run_after=2024-01-03T02:44:00+00:00
[2024-01-03T02:44:06.097+0000] {processor.py:183} INFO - Processing /home/airflow/.local/lib/python3.8/site-packages/airflow/example_dags/example_sla_dag.py took 0.053 seconds
[2024-01-03T02:44:37.025+0000] {processor.py:161} INFO - Started process (PID=2386) to work on /home/airflow/.local/lib/python3.8/site-packages/airflow/example_dags/example_sla_dag.py
[2024-01-03T02:44:37.026+0000] {processor.py:830} INFO - Processing file /home/airflow/.local/lib/python3.8/site-packages/airflow/example_dags/example_sla_dag.py for tasks to queue
[2024-01-03T02:44:37.027+0000] {logging_mixin.py:188} INFO - [2024-01-03T02:44:37.027+0000] {dagbag.py:538} INFO - Filling up the DagBag from /home/airflow/.local/lib/python3.8/site-packages/airflow/example_dags/example_sla_dag.py
[2024-01-03T02:44:37.033+0000] {processor.py:840} INFO - DAG(s) 'example_sla_dag' retrieved from /home/airflow/.local/lib/python3.8/site-packages/airflow/example_dags/example_sla_dag.py
[2024-01-03T02:44:37.045+0000] {logging_mixin.py:188} INFO - [2024-01-03T02:44:37.045+0000] {dag.py:3033} INFO - Sync 1 DAGs
[2024-01-03T02:44:37.166+0000] {logging_mixin.py:188} INFO - [2024-01-03T02:44:37.166+0000] {dag.py:3820} INFO - Setting next_dagrun for example_sla_dag to 2024-01-03T02:42:00+00:00, run_after=2024-01-03T02:44:00+00:00
[2024-01-03T02:44:37.178+0000] {processor.py:183} INFO - Processing /home/airflow/.local/lib/python3.8/site-packages/airflow/example_dags/example_sla_dag.py took 0.155 seconds
[2024-01-03T02:45:07.291+0000] {processor.py:161} INFO - Started process (PID=2441) to work on /home/airflow/.local/lib/python3.8/site-packages/airflow/example_dags/example_sla_dag.py
[2024-01-03T02:45:07.292+0000] {processor.py:830} INFO - Processing file /home/airflow/.local/lib/python3.8/site-packages/airflow/example_dags/example_sla_dag.py for tasks to queue
[2024-01-03T02:45:07.293+0000] {logging_mixin.py:188} INFO - [2024-01-03T02:45:07.293+0000] {dagbag.py:538} INFO - Filling up the DagBag from /home/airflow/.local/lib/python3.8/site-packages/airflow/example_dags/example_sla_dag.py
[2024-01-03T02:45:07.298+0000] {processor.py:840} INFO - DAG(s) 'example_sla_dag' retrieved from /home/airflow/.local/lib/python3.8/site-packages/airflow/example_dags/example_sla_dag.py
[2024-01-03T02:45:07.310+0000] {logging_mixin.py:188} INFO - [2024-01-03T02:45:07.310+0000] {dag.py:3033} INFO - Sync 1 DAGs
[2024-01-03T02:45:07.327+0000] {logging_mixin.py:188} INFO - [2024-01-03T02:45:07.327+0000] {dag.py:3820} INFO - Setting next_dagrun for example_sla_dag to 2024-01-03T02:42:00+00:00, run_after=2024-01-03T02:44:00+00:00
[2024-01-03T02:45:07.465+0000] {processor.py:183} INFO - Processing /home/airflow/.local/lib/python3.8/site-packages/airflow/example_dags/example_sla_dag.py took 0.175 seconds
[2024-01-03T02:45:38.157+0000] {processor.py:161} INFO - Started process (PID=2496) to work on /home/airflow/.local/lib/python3.8/site-packages/airflow/example_dags/example_sla_dag.py
[2024-01-03T02:45:38.158+0000] {processor.py:830} INFO - Processing file /home/airflow/.local/lib/python3.8/site-packages/airflow/example_dags/example_sla_dag.py for tasks to queue
[2024-01-03T02:45:38.159+0000] {logging_mixin.py:188} INFO - [2024-01-03T02:45:38.159+0000] {dagbag.py:538} INFO - Filling up the DagBag from /home/airflow/.local/lib/python3.8/site-packages/airflow/example_dags/example_sla_dag.py
[2024-01-03T02:45:38.164+0000] {processor.py:840} INFO - DAG(s) 'example_sla_dag' retrieved from /home/airflow/.local/lib/python3.8/site-packages/airflow/example_dags/example_sla_dag.py
[2024-01-03T02:45:38.177+0000] {logging_mixin.py:188} INFO - [2024-01-03T02:45:38.177+0000] {dag.py:3033} INFO - Sync 1 DAGs
[2024-01-03T02:45:38.194+0000] {logging_mixin.py:188} INFO - [2024-01-03T02:45:38.194+0000] {dag.py:3820} INFO - Setting next_dagrun for example_sla_dag to 2024-01-03T02:42:00+00:00, run_after=2024-01-03T02:44:00+00:00
[2024-01-03T02:45:38.205+0000] {processor.py:183} INFO - Processing /home/airflow/.local/lib/python3.8/site-packages/airflow/example_dags/example_sla_dag.py took 0.051 seconds
[2024-01-03T02:46:08.471+0000] {processor.py:161} INFO - Started process (PID=2551) to work on /home/airflow/.local/lib/python3.8/site-packages/airflow/example_dags/example_sla_dag.py
[2024-01-03T02:46:08.473+0000] {processor.py:830} INFO - Processing file /home/airflow/.local/lib/python3.8/site-packages/airflow/example_dags/example_sla_dag.py for tasks to queue
[2024-01-03T02:46:08.474+0000] {logging_mixin.py:188} INFO - [2024-01-03T02:46:08.474+0000] {dagbag.py:538} INFO - Filling up the DagBag from /home/airflow/.local/lib/python3.8/site-packages/airflow/example_dags/example_sla_dag.py
[2024-01-03T02:46:08.482+0000] {processor.py:840} INFO - DAG(s) 'example_sla_dag' retrieved from /home/airflow/.local/lib/python3.8/site-packages/airflow/example_dags/example_sla_dag.py
[2024-01-03T02:46:08.498+0000] {logging_mixin.py:188} INFO - [2024-01-03T02:46:08.497+0000] {dag.py:3033} INFO - Sync 1 DAGs
[2024-01-03T02:46:08.516+0000] {logging_mixin.py:188} INFO - [2024-01-03T02:46:08.515+0000] {dag.py:3820} INFO - Setting next_dagrun for example_sla_dag to 2024-01-03T02:44:00+00:00, run_after=2024-01-03T02:46:00+00:00
[2024-01-03T02:46:08.528+0000] {processor.py:183} INFO - Processing /home/airflow/.local/lib/python3.8/site-packages/airflow/example_dags/example_sla_dag.py took 0.059 seconds
[2024-01-03T02:46:39.576+0000] {processor.py:161} INFO - Started process (PID=2606) to work on /home/airflow/.local/lib/python3.8/site-packages/airflow/example_dags/example_sla_dag.py
[2024-01-03T02:46:39.577+0000] {processor.py:830} INFO - Processing file /home/airflow/.local/lib/python3.8/site-packages/airflow/example_dags/example_sla_dag.py for tasks to queue
[2024-01-03T02:46:39.579+0000] {logging_mixin.py:188} INFO - [2024-01-03T02:46:39.579+0000] {dagbag.py:538} INFO - Filling up the DagBag from /home/airflow/.local/lib/python3.8/site-packages/airflow/example_dags/example_sla_dag.py
[2024-01-03T02:46:39.584+0000] {processor.py:840} INFO - DAG(s) 'example_sla_dag' retrieved from /home/airflow/.local/lib/python3.8/site-packages/airflow/example_dags/example_sla_dag.py
[2024-01-03T02:46:39.701+0000] {logging_mixin.py:188} INFO - [2024-01-03T02:46:39.700+0000] {dag.py:3033} INFO - Sync 1 DAGs
[2024-01-03T02:46:39.717+0000] {logging_mixin.py:188} INFO - [2024-01-03T02:46:39.717+0000] {dag.py:3820} INFO - Setting next_dagrun for example_sla_dag to 2024-01-03T02:44:00+00:00, run_after=2024-01-03T02:46:00+00:00
[2024-01-03T02:46:39.728+0000] {processor.py:183} INFO - Processing /home/airflow/.local/lib/python3.8/site-packages/airflow/example_dags/example_sla_dag.py took 0.153 seconds
[2024-01-03T02:47:10.567+0000] {processor.py:161} INFO - Started process (PID=2660) to work on /home/airflow/.local/lib/python3.8/site-packages/airflow/example_dags/example_sla_dag.py
[2024-01-03T02:47:10.569+0000] {processor.py:830} INFO - Processing file /home/airflow/.local/lib/python3.8/site-packages/airflow/example_dags/example_sla_dag.py for tasks to queue
[2024-01-03T02:47:10.571+0000] {logging_mixin.py:188} INFO - [2024-01-03T02:47:10.571+0000] {dagbag.py:538} INFO - Filling up the DagBag from /home/airflow/.local/lib/python3.8/site-packages/airflow/example_dags/example_sla_dag.py
[2024-01-03T02:47:10.577+0000] {processor.py:840} INFO - DAG(s) 'example_sla_dag' retrieved from /home/airflow/.local/lib/python3.8/site-packages/airflow/example_dags/example_sla_dag.py
[2024-01-03T02:47:10.591+0000] {logging_mixin.py:188} INFO - [2024-01-03T02:47:10.591+0000] {dag.py:3033} INFO - Sync 1 DAGs
[2024-01-03T02:47:10.612+0000] {logging_mixin.py:188} INFO - [2024-01-03T02:47:10.612+0000] {dag.py:3820} INFO - Setting next_dagrun for example_sla_dag to 2024-01-03T02:44:00+00:00, run_after=2024-01-03T02:46:00+00:00
[2024-01-03T02:47:10.627+0000] {processor.py:183} INFO - Processing /home/airflow/.local/lib/python3.8/site-packages/airflow/example_dags/example_sla_dag.py took 0.061 seconds
