[2024-01-03T02:12:51.871+0000] {processor.py:161} INFO - Started process (PID=43) to work on /home/airflow/.local/lib/python3.8/site-packages/airflow/example_dags/example_external_task_marker_dag.py
[2024-01-03T02:12:51.872+0000] {processor.py:830} INFO - Processing file /home/airflow/.local/lib/python3.8/site-packages/airflow/example_dags/example_external_task_marker_dag.py for tasks to queue
[2024-01-03T02:12:51.873+0000] {logging_mixin.py:188} INFO - [2024-01-03T02:12:51.873+0000] {dagbag.py:538} INFO - Filling up the DagBag from /home/airflow/.local/lib/python3.8/site-packages/airflow/example_dags/example_external_task_marker_dag.py
[2024-01-03T02:12:51.881+0000] {processor.py:840} INFO - DAG(s) 'example_external_task_marker_child', 'example_external_task_marker_parent' retrieved from /home/airflow/.local/lib/python3.8/site-packages/airflow/example_dags/example_external_task_marker_dag.py
[2024-01-03T02:12:51.889+0000] {logging_mixin.py:188} INFO - [2024-01-03T02:12:51.889+0000] {dag.py:3033} INFO - Sync 2 DAGs
[2024-01-03T02:12:51.902+0000] {logging_mixin.py:188} INFO - [2024-01-03T02:12:51.902+0000] {dag.py:3820} INFO - Setting next_dagrun for example_external_task_marker_child to None, run_after=None
[2024-01-03T02:12:51.905+0000] {logging_mixin.py:188} INFO - [2024-01-03T02:12:51.905+0000] {dag.py:3820} INFO - Setting next_dagrun for example_external_task_marker_parent to None, run_after=None
[2024-01-03T02:12:51.958+0000] {processor.py:183} INFO - Processing /home/airflow/.local/lib/python3.8/site-packages/airflow/example_dags/example_external_task_marker_dag.py took 0.089 seconds
[2024-01-03T02:18:53.907+0000] {processor.py:161} INFO - Started process (PID=42) to work on /home/airflow/.local/lib/python3.8/site-packages/airflow/example_dags/example_external_task_marker_dag.py
[2024-01-03T02:18:53.908+0000] {processor.py:830} INFO - Processing file /home/airflow/.local/lib/python3.8/site-packages/airflow/example_dags/example_external_task_marker_dag.py for tasks to queue
[2024-01-03T02:18:53.910+0000] {logging_mixin.py:188} INFO - [2024-01-03T02:18:53.910+0000] {dagbag.py:538} INFO - Filling up the DagBag from /home/airflow/.local/lib/python3.8/site-packages/airflow/example_dags/example_external_task_marker_dag.py
[2024-01-03T02:18:53.919+0000] {processor.py:840} INFO - DAG(s) 'example_external_task_marker_parent', 'example_external_task_marker_child' retrieved from /home/airflow/.local/lib/python3.8/site-packages/airflow/example_dags/example_external_task_marker_dag.py
[2024-01-03T02:18:53.998+0000] {logging_mixin.py:188} INFO - [2024-01-03T02:18:53.998+0000] {dag.py:3033} INFO - Sync 2 DAGs
[2024-01-03T02:18:54.008+0000] {logging_mixin.py:188} INFO - [2024-01-03T02:18:54.008+0000] {dag.py:3820} INFO - Setting next_dagrun for example_external_task_marker_child to None, run_after=None
[2024-01-03T02:18:54.012+0000] {logging_mixin.py:188} INFO - [2024-01-03T02:18:54.012+0000] {dag.py:3820} INFO - Setting next_dagrun for example_external_task_marker_parent to None, run_after=None
[2024-01-03T02:18:54.026+0000] {processor.py:183} INFO - Processing /home/airflow/.local/lib/python3.8/site-packages/airflow/example_dags/example_external_task_marker_dag.py took 0.121 seconds
[2024-01-03T02:19:24.088+0000] {processor.py:161} INFO - Started process (PID=97) to work on /home/airflow/.local/lib/python3.8/site-packages/airflow/example_dags/example_external_task_marker_dag.py
[2024-01-03T02:19:24.089+0000] {processor.py:830} INFO - Processing file /home/airflow/.local/lib/python3.8/site-packages/airflow/example_dags/example_external_task_marker_dag.py for tasks to queue
[2024-01-03T02:19:24.092+0000] {logging_mixin.py:188} INFO - [2024-01-03T02:19:24.092+0000] {dagbag.py:538} INFO - Filling up the DagBag from /home/airflow/.local/lib/python3.8/site-packages/airflow/example_dags/example_external_task_marker_dag.py
[2024-01-03T02:19:24.096+0000] {processor.py:840} INFO - DAG(s) 'example_external_task_marker_parent', 'example_external_task_marker_child' retrieved from /home/airflow/.local/lib/python3.8/site-packages/airflow/example_dags/example_external_task_marker_dag.py
[2024-01-03T02:19:24.116+0000] {logging_mixin.py:188} INFO - [2024-01-03T02:19:24.116+0000] {dag.py:3033} INFO - Sync 2 DAGs
[2024-01-03T02:19:24.126+0000] {logging_mixin.py:188} INFO - [2024-01-03T02:19:24.125+0000] {dag.py:3820} INFO - Setting next_dagrun for example_external_task_marker_child to None, run_after=None
[2024-01-03T02:19:24.130+0000] {logging_mixin.py:188} INFO - [2024-01-03T02:19:24.129+0000] {dag.py:3820} INFO - Setting next_dagrun for example_external_task_marker_parent to None, run_after=None
[2024-01-03T02:19:24.142+0000] {processor.py:183} INFO - Processing /home/airflow/.local/lib/python3.8/site-packages/airflow/example_dags/example_external_task_marker_dag.py took 0.055 seconds
[2024-01-03T02:19:54.332+0000] {processor.py:161} INFO - Started process (PID=152) to work on /home/airflow/.local/lib/python3.8/site-packages/airflow/example_dags/example_external_task_marker_dag.py
[2024-01-03T02:19:54.333+0000] {processor.py:830} INFO - Processing file /home/airflow/.local/lib/python3.8/site-packages/airflow/example_dags/example_external_task_marker_dag.py for tasks to queue
[2024-01-03T02:19:54.335+0000] {logging_mixin.py:188} INFO - [2024-01-03T02:19:54.334+0000] {dagbag.py:538} INFO - Filling up the DagBag from /home/airflow/.local/lib/python3.8/site-packages/airflow/example_dags/example_external_task_marker_dag.py
[2024-01-03T02:19:54.339+0000] {processor.py:840} INFO - DAG(s) 'example_external_task_marker_child', 'example_external_task_marker_parent' retrieved from /home/airflow/.local/lib/python3.8/site-packages/airflow/example_dags/example_external_task_marker_dag.py
[2024-01-03T02:19:54.356+0000] {logging_mixin.py:188} INFO - [2024-01-03T02:19:54.356+0000] {dag.py:3033} INFO - Sync 2 DAGs
[2024-01-03T02:19:54.369+0000] {logging_mixin.py:188} INFO - [2024-01-03T02:19:54.369+0000] {dag.py:3820} INFO - Setting next_dagrun for example_external_task_marker_child to None, run_after=None
[2024-01-03T02:19:54.371+0000] {logging_mixin.py:188} INFO - [2024-01-03T02:19:54.371+0000] {dag.py:3820} INFO - Setting next_dagrun for example_external_task_marker_parent to None, run_after=None
[2024-01-03T02:19:54.382+0000] {processor.py:183} INFO - Processing /home/airflow/.local/lib/python3.8/site-packages/airflow/example_dags/example_external_task_marker_dag.py took 0.052 seconds
[2024-01-03T02:20:24.478+0000] {processor.py:161} INFO - Started process (PID=207) to work on /home/airflow/.local/lib/python3.8/site-packages/airflow/example_dags/example_external_task_marker_dag.py
[2024-01-03T02:20:24.478+0000] {processor.py:830} INFO - Processing file /home/airflow/.local/lib/python3.8/site-packages/airflow/example_dags/example_external_task_marker_dag.py for tasks to queue
[2024-01-03T02:20:24.480+0000] {logging_mixin.py:188} INFO - [2024-01-03T02:20:24.480+0000] {dagbag.py:538} INFO - Filling up the DagBag from /home/airflow/.local/lib/python3.8/site-packages/airflow/example_dags/example_external_task_marker_dag.py
[2024-01-03T02:20:24.484+0000] {processor.py:840} INFO - DAG(s) 'example_external_task_marker_child', 'example_external_task_marker_parent' retrieved from /home/airflow/.local/lib/python3.8/site-packages/airflow/example_dags/example_external_task_marker_dag.py
[2024-01-03T02:20:24.492+0000] {logging_mixin.py:188} INFO - [2024-01-03T02:20:24.492+0000] {dag.py:3033} INFO - Sync 2 DAGs
[2024-01-03T02:20:24.501+0000] {logging_mixin.py:188} INFO - [2024-01-03T02:20:24.501+0000] {dag.py:3820} INFO - Setting next_dagrun for example_external_task_marker_child to None, run_after=None
[2024-01-03T02:20:24.504+0000] {logging_mixin.py:188} INFO - [2024-01-03T02:20:24.504+0000] {dag.py:3820} INFO - Setting next_dagrun for example_external_task_marker_parent to None, run_after=None
[2024-01-03T02:20:24.516+0000] {processor.py:183} INFO - Processing /home/airflow/.local/lib/python3.8/site-packages/airflow/example_dags/example_external_task_marker_dag.py took 0.040 seconds
[2024-01-03T02:20:55.187+0000] {processor.py:161} INFO - Started process (PID=262) to work on /home/airflow/.local/lib/python3.8/site-packages/airflow/example_dags/example_external_task_marker_dag.py
[2024-01-03T02:20:55.188+0000] {processor.py:830} INFO - Processing file /home/airflow/.local/lib/python3.8/site-packages/airflow/example_dags/example_external_task_marker_dag.py for tasks to queue
[2024-01-03T02:20:55.189+0000] {logging_mixin.py:188} INFO - [2024-01-03T02:20:55.189+0000] {dagbag.py:538} INFO - Filling up the DagBag from /home/airflow/.local/lib/python3.8/site-packages/airflow/example_dags/example_external_task_marker_dag.py
[2024-01-03T02:20:55.193+0000] {processor.py:840} INFO - DAG(s) 'example_external_task_marker_parent', 'example_external_task_marker_child' retrieved from /home/airflow/.local/lib/python3.8/site-packages/airflow/example_dags/example_external_task_marker_dag.py
[2024-01-03T02:20:55.201+0000] {logging_mixin.py:188} INFO - [2024-01-03T02:20:55.201+0000] {dag.py:3033} INFO - Sync 2 DAGs
[2024-01-03T02:20:55.211+0000] {logging_mixin.py:188} INFO - [2024-01-03T02:20:55.211+0000] {dag.py:3820} INFO - Setting next_dagrun for example_external_task_marker_child to None, run_after=None
[2024-01-03T02:20:55.214+0000] {logging_mixin.py:188} INFO - [2024-01-03T02:20:55.214+0000] {dag.py:3820} INFO - Setting next_dagrun for example_external_task_marker_parent to None, run_after=None
[2024-01-03T02:20:55.225+0000] {processor.py:183} INFO - Processing /home/airflow/.local/lib/python3.8/site-packages/airflow/example_dags/example_external_task_marker_dag.py took 0.040 seconds
[2024-01-03T02:21:25.966+0000] {processor.py:161} INFO - Started process (PID=317) to work on /home/airflow/.local/lib/python3.8/site-packages/airflow/example_dags/example_external_task_marker_dag.py
[2024-01-03T02:21:25.966+0000] {processor.py:830} INFO - Processing file /home/airflow/.local/lib/python3.8/site-packages/airflow/example_dags/example_external_task_marker_dag.py for tasks to queue
[2024-01-03T02:21:25.968+0000] {logging_mixin.py:188} INFO - [2024-01-03T02:21:25.968+0000] {dagbag.py:538} INFO - Filling up the DagBag from /home/airflow/.local/lib/python3.8/site-packages/airflow/example_dags/example_external_task_marker_dag.py
[2024-01-03T02:21:25.971+0000] {processor.py:840} INFO - DAG(s) 'example_external_task_marker_parent', 'example_external_task_marker_child' retrieved from /home/airflow/.local/lib/python3.8/site-packages/airflow/example_dags/example_external_task_marker_dag.py
[2024-01-03T02:21:26.044+0000] {logging_mixin.py:188} INFO - [2024-01-03T02:21:26.043+0000] {dag.py:3033} INFO - Sync 2 DAGs
[2024-01-03T02:21:26.051+0000] {logging_mixin.py:188} INFO - [2024-01-03T02:21:26.051+0000] {dag.py:3820} INFO - Setting next_dagrun for example_external_task_marker_child to None, run_after=None
[2024-01-03T02:21:26.054+0000] {logging_mixin.py:188} INFO - [2024-01-03T02:21:26.054+0000] {dag.py:3820} INFO - Setting next_dagrun for example_external_task_marker_parent to None, run_after=None
[2024-01-03T02:21:26.065+0000] {processor.py:183} INFO - Processing /home/airflow/.local/lib/python3.8/site-packages/airflow/example_dags/example_external_task_marker_dag.py took 0.101 seconds
[2024-01-03T02:21:56.096+0000] {processor.py:161} INFO - Started process (PID=372) to work on /home/airflow/.local/lib/python3.8/site-packages/airflow/example_dags/example_external_task_marker_dag.py
[2024-01-03T02:21:56.097+0000] {processor.py:830} INFO - Processing file /home/airflow/.local/lib/python3.8/site-packages/airflow/example_dags/example_external_task_marker_dag.py for tasks to queue
[2024-01-03T02:21:56.098+0000] {logging_mixin.py:188} INFO - [2024-01-03T02:21:56.098+0000] {dagbag.py:538} INFO - Filling up the DagBag from /home/airflow/.local/lib/python3.8/site-packages/airflow/example_dags/example_external_task_marker_dag.py
[2024-01-03T02:21:56.102+0000] {processor.py:840} INFO - DAG(s) 'example_external_task_marker_parent', 'example_external_task_marker_child' retrieved from /home/airflow/.local/lib/python3.8/site-packages/airflow/example_dags/example_external_task_marker_dag.py
[2024-01-03T02:21:56.118+0000] {logging_mixin.py:188} INFO - [2024-01-03T02:21:56.118+0000] {dag.py:3033} INFO - Sync 2 DAGs
[2024-01-03T02:21:56.128+0000] {logging_mixin.py:188} INFO - [2024-01-03T02:21:56.127+0000] {dag.py:3820} INFO - Setting next_dagrun for example_external_task_marker_child to None, run_after=None
[2024-01-03T02:21:56.130+0000] {logging_mixin.py:188} INFO - [2024-01-03T02:21:56.130+0000] {dag.py:3820} INFO - Setting next_dagrun for example_external_task_marker_parent to None, run_after=None
[2024-01-03T02:21:56.142+0000] {processor.py:183} INFO - Processing /home/airflow/.local/lib/python3.8/site-packages/airflow/example_dags/example_external_task_marker_dag.py took 0.048 seconds
[2024-01-03T02:22:26.261+0000] {processor.py:161} INFO - Started process (PID=427) to work on /home/airflow/.local/lib/python3.8/site-packages/airflow/example_dags/example_external_task_marker_dag.py
[2024-01-03T02:22:26.262+0000] {processor.py:830} INFO - Processing file /home/airflow/.local/lib/python3.8/site-packages/airflow/example_dags/example_external_task_marker_dag.py for tasks to queue
[2024-01-03T02:22:26.265+0000] {logging_mixin.py:188} INFO - [2024-01-03T02:22:26.265+0000] {dagbag.py:538} INFO - Filling up the DagBag from /home/airflow/.local/lib/python3.8/site-packages/airflow/example_dags/example_external_task_marker_dag.py
[2024-01-03T02:22:26.271+0000] {processor.py:840} INFO - DAG(s) 'example_external_task_marker_parent', 'example_external_task_marker_child' retrieved from /home/airflow/.local/lib/python3.8/site-packages/airflow/example_dags/example_external_task_marker_dag.py
[2024-01-03T02:22:26.291+0000] {logging_mixin.py:188} INFO - [2024-01-03T02:22:26.291+0000] {dag.py:3033} INFO - Sync 2 DAGs
[2024-01-03T02:22:26.302+0000] {logging_mixin.py:188} INFO - [2024-01-03T02:22:26.302+0000] {dag.py:3820} INFO - Setting next_dagrun for example_external_task_marker_child to None, run_after=None
[2024-01-03T02:22:26.305+0000] {logging_mixin.py:188} INFO - [2024-01-03T02:22:26.305+0000] {dag.py:3820} INFO - Setting next_dagrun for example_external_task_marker_parent to None, run_after=None
[2024-01-03T02:22:26.319+0000] {processor.py:183} INFO - Processing /home/airflow/.local/lib/python3.8/site-packages/airflow/example_dags/example_external_task_marker_dag.py took 0.060 seconds
[2024-01-03T02:22:56.543+0000] {processor.py:161} INFO - Started process (PID=482) to work on /home/airflow/.local/lib/python3.8/site-packages/airflow/example_dags/example_external_task_marker_dag.py
[2024-01-03T02:22:56.543+0000] {processor.py:830} INFO - Processing file /home/airflow/.local/lib/python3.8/site-packages/airflow/example_dags/example_external_task_marker_dag.py for tasks to queue
[2024-01-03T02:22:56.545+0000] {logging_mixin.py:188} INFO - [2024-01-03T02:22:56.545+0000] {dagbag.py:538} INFO - Filling up the DagBag from /home/airflow/.local/lib/python3.8/site-packages/airflow/example_dags/example_external_task_marker_dag.py
[2024-01-03T02:22:56.548+0000] {processor.py:840} INFO - DAG(s) 'example_external_task_marker_parent', 'example_external_task_marker_child' retrieved from /home/airflow/.local/lib/python3.8/site-packages/airflow/example_dags/example_external_task_marker_dag.py
[2024-01-03T02:22:56.564+0000] {logging_mixin.py:188} INFO - [2024-01-03T02:22:56.564+0000] {dag.py:3033} INFO - Sync 2 DAGs
[2024-01-03T02:22:56.573+0000] {logging_mixin.py:188} INFO - [2024-01-03T02:22:56.573+0000] {dag.py:3820} INFO - Setting next_dagrun for example_external_task_marker_child to None, run_after=None
[2024-01-03T02:22:56.576+0000] {logging_mixin.py:188} INFO - [2024-01-03T02:22:56.576+0000] {dag.py:3820} INFO - Setting next_dagrun for example_external_task_marker_parent to None, run_after=None
[2024-01-03T02:22:56.587+0000] {processor.py:183} INFO - Processing /home/airflow/.local/lib/python3.8/site-packages/airflow/example_dags/example_external_task_marker_dag.py took 0.046 seconds
[2024-01-03T02:23:26.701+0000] {processor.py:161} INFO - Started process (PID=536) to work on /home/airflow/.local/lib/python3.8/site-packages/airflow/example_dags/example_external_task_marker_dag.py
[2024-01-03T02:23:26.702+0000] {processor.py:830} INFO - Processing file /home/airflow/.local/lib/python3.8/site-packages/airflow/example_dags/example_external_task_marker_dag.py for tasks to queue
[2024-01-03T02:23:26.705+0000] {logging_mixin.py:188} INFO - [2024-01-03T02:23:26.704+0000] {dagbag.py:538} INFO - Filling up the DagBag from /home/airflow/.local/lib/python3.8/site-packages/airflow/example_dags/example_external_task_marker_dag.py
[2024-01-03T02:23:26.708+0000] {processor.py:840} INFO - DAG(s) 'example_external_task_marker_parent', 'example_external_task_marker_child' retrieved from /home/airflow/.local/lib/python3.8/site-packages/airflow/example_dags/example_external_task_marker_dag.py
[2024-01-03T02:23:26.729+0000] {logging_mixin.py:188} INFO - [2024-01-03T02:23:26.729+0000] {dag.py:3033} INFO - Sync 2 DAGs
[2024-01-03T02:23:26.742+0000] {logging_mixin.py:188} INFO - [2024-01-03T02:23:26.741+0000] {dag.py:3820} INFO - Setting next_dagrun for example_external_task_marker_child to None, run_after=None
[2024-01-03T02:23:26.744+0000] {logging_mixin.py:188} INFO - [2024-01-03T02:23:26.744+0000] {dag.py:3820} INFO - Setting next_dagrun for example_external_task_marker_parent to None, run_after=None
[2024-01-03T02:23:26.756+0000] {processor.py:183} INFO - Processing /home/airflow/.local/lib/python3.8/site-packages/airflow/example_dags/example_external_task_marker_dag.py took 0.057 seconds
[2024-01-03T02:23:56.925+0000] {processor.py:161} INFO - Started process (PID=591) to work on /home/airflow/.local/lib/python3.8/site-packages/airflow/example_dags/example_external_task_marker_dag.py
[2024-01-03T02:23:56.925+0000] {processor.py:830} INFO - Processing file /home/airflow/.local/lib/python3.8/site-packages/airflow/example_dags/example_external_task_marker_dag.py for tasks to queue
[2024-01-03T02:23:56.927+0000] {logging_mixin.py:188} INFO - [2024-01-03T02:23:56.927+0000] {dagbag.py:538} INFO - Filling up the DagBag from /home/airflow/.local/lib/python3.8/site-packages/airflow/example_dags/example_external_task_marker_dag.py
[2024-01-03T02:23:56.931+0000] {processor.py:840} INFO - DAG(s) 'example_external_task_marker_parent', 'example_external_task_marker_child' retrieved from /home/airflow/.local/lib/python3.8/site-packages/airflow/example_dags/example_external_task_marker_dag.py
[2024-01-03T02:23:56.948+0000] {logging_mixin.py:188} INFO - [2024-01-03T02:23:56.947+0000] {dag.py:3033} INFO - Sync 2 DAGs
[2024-01-03T02:23:56.957+0000] {logging_mixin.py:188} INFO - [2024-01-03T02:23:56.957+0000] {dag.py:3820} INFO - Setting next_dagrun for example_external_task_marker_child to None, run_after=None
[2024-01-03T02:23:56.960+0000] {logging_mixin.py:188} INFO - [2024-01-03T02:23:56.960+0000] {dag.py:3820} INFO - Setting next_dagrun for example_external_task_marker_parent to None, run_after=None
[2024-01-03T02:23:56.972+0000] {processor.py:183} INFO - Processing /home/airflow/.local/lib/python3.8/site-packages/airflow/example_dags/example_external_task_marker_dag.py took 0.049 seconds
[2024-01-03T02:24:26.995+0000] {processor.py:161} INFO - Started process (PID=646) to work on /home/airflow/.local/lib/python3.8/site-packages/airflow/example_dags/example_external_task_marker_dag.py
[2024-01-03T02:24:26.996+0000] {processor.py:830} INFO - Processing file /home/airflow/.local/lib/python3.8/site-packages/airflow/example_dags/example_external_task_marker_dag.py for tasks to queue
[2024-01-03T02:24:26.997+0000] {logging_mixin.py:188} INFO - [2024-01-03T02:24:26.997+0000] {dagbag.py:538} INFO - Filling up the DagBag from /home/airflow/.local/lib/python3.8/site-packages/airflow/example_dags/example_external_task_marker_dag.py
[2024-01-03T02:24:27.001+0000] {processor.py:840} INFO - DAG(s) 'example_external_task_marker_parent', 'example_external_task_marker_child' retrieved from /home/airflow/.local/lib/python3.8/site-packages/airflow/example_dags/example_external_task_marker_dag.py
[2024-01-03T02:24:27.015+0000] {logging_mixin.py:188} INFO - [2024-01-03T02:24:27.015+0000] {dag.py:3033} INFO - Sync 2 DAGs
[2024-01-03T02:24:27.024+0000] {logging_mixin.py:188} INFO - [2024-01-03T02:24:27.024+0000] {dag.py:3820} INFO - Setting next_dagrun for example_external_task_marker_child to None, run_after=None
[2024-01-03T02:24:27.026+0000] {logging_mixin.py:188} INFO - [2024-01-03T02:24:27.026+0000] {dag.py:3820} INFO - Setting next_dagrun for example_external_task_marker_parent to None, run_after=None
[2024-01-03T02:24:27.036+0000] {processor.py:183} INFO - Processing /home/airflow/.local/lib/python3.8/site-packages/airflow/example_dags/example_external_task_marker_dag.py took 0.043 seconds
[2024-01-03T02:24:57.758+0000] {processor.py:161} INFO - Started process (PID=701) to work on /home/airflow/.local/lib/python3.8/site-packages/airflow/example_dags/example_external_task_marker_dag.py
[2024-01-03T02:24:57.759+0000] {processor.py:830} INFO - Processing file /home/airflow/.local/lib/python3.8/site-packages/airflow/example_dags/example_external_task_marker_dag.py for tasks to queue
[2024-01-03T02:24:57.761+0000] {logging_mixin.py:188} INFO - [2024-01-03T02:24:57.761+0000] {dagbag.py:538} INFO - Filling up the DagBag from /home/airflow/.local/lib/python3.8/site-packages/airflow/example_dags/example_external_task_marker_dag.py
[2024-01-03T02:24:57.764+0000] {processor.py:840} INFO - DAG(s) 'example_external_task_marker_parent', 'example_external_task_marker_child' retrieved from /home/airflow/.local/lib/python3.8/site-packages/airflow/example_dags/example_external_task_marker_dag.py
[2024-01-03T02:24:57.779+0000] {logging_mixin.py:188} INFO - [2024-01-03T02:24:57.779+0000] {dag.py:3033} INFO - Sync 2 DAGs
[2024-01-03T02:24:57.787+0000] {logging_mixin.py:188} INFO - [2024-01-03T02:24:57.787+0000] {dag.py:3820} INFO - Setting next_dagrun for example_external_task_marker_child to None, run_after=None
[2024-01-03T02:24:57.790+0000] {logging_mixin.py:188} INFO - [2024-01-03T02:24:57.790+0000] {dag.py:3820} INFO - Setting next_dagrun for example_external_task_marker_parent to None, run_after=None
[2024-01-03T02:24:57.800+0000] {processor.py:183} INFO - Processing /home/airflow/.local/lib/python3.8/site-packages/airflow/example_dags/example_external_task_marker_dag.py took 0.044 seconds
[2024-01-03T02:25:27.884+0000] {processor.py:161} INFO - Started process (PID=756) to work on /home/airflow/.local/lib/python3.8/site-packages/airflow/example_dags/example_external_task_marker_dag.py
[2024-01-03T02:25:27.885+0000] {processor.py:830} INFO - Processing file /home/airflow/.local/lib/python3.8/site-packages/airflow/example_dags/example_external_task_marker_dag.py for tasks to queue
[2024-01-03T02:25:27.886+0000] {logging_mixin.py:188} INFO - [2024-01-03T02:25:27.886+0000] {dagbag.py:538} INFO - Filling up the DagBag from /home/airflow/.local/lib/python3.8/site-packages/airflow/example_dags/example_external_task_marker_dag.py
[2024-01-03T02:25:27.890+0000] {processor.py:840} INFO - DAG(s) 'example_external_task_marker_parent', 'example_external_task_marker_child' retrieved from /home/airflow/.local/lib/python3.8/site-packages/airflow/example_dags/example_external_task_marker_dag.py
[2024-01-03T02:25:27.904+0000] {logging_mixin.py:188} INFO - [2024-01-03T02:25:27.904+0000] {dag.py:3033} INFO - Sync 2 DAGs
[2024-01-03T02:25:27.912+0000] {logging_mixin.py:188} INFO - [2024-01-03T02:25:27.912+0000] {dag.py:3820} INFO - Setting next_dagrun for example_external_task_marker_child to None, run_after=None
[2024-01-03T02:25:27.915+0000] {logging_mixin.py:188} INFO - [2024-01-03T02:25:27.915+0000] {dag.py:3820} INFO - Setting next_dagrun for example_external_task_marker_parent to None, run_after=None
[2024-01-03T02:25:27.928+0000] {processor.py:183} INFO - Processing /home/airflow/.local/lib/python3.8/site-packages/airflow/example_dags/example_external_task_marker_dag.py took 0.046 seconds
[2024-01-03T02:25:58.036+0000] {processor.py:161} INFO - Started process (PID=811) to work on /home/airflow/.local/lib/python3.8/site-packages/airflow/example_dags/example_external_task_marker_dag.py
[2024-01-03T02:25:58.036+0000] {processor.py:830} INFO - Processing file /home/airflow/.local/lib/python3.8/site-packages/airflow/example_dags/example_external_task_marker_dag.py for tasks to queue
[2024-01-03T02:25:58.038+0000] {logging_mixin.py:188} INFO - [2024-01-03T02:25:58.038+0000] {dagbag.py:538} INFO - Filling up the DagBag from /home/airflow/.local/lib/python3.8/site-packages/airflow/example_dags/example_external_task_marker_dag.py
[2024-01-03T02:25:58.042+0000] {processor.py:840} INFO - DAG(s) 'example_external_task_marker_parent', 'example_external_task_marker_child' retrieved from /home/airflow/.local/lib/python3.8/site-packages/airflow/example_dags/example_external_task_marker_dag.py
[2024-01-03T02:25:58.056+0000] {logging_mixin.py:188} INFO - [2024-01-03T02:25:58.056+0000] {dag.py:3033} INFO - Sync 2 DAGs
[2024-01-03T02:25:58.065+0000] {logging_mixin.py:188} INFO - [2024-01-03T02:25:58.065+0000] {dag.py:3820} INFO - Setting next_dagrun for example_external_task_marker_child to None, run_after=None
[2024-01-03T02:25:58.068+0000] {logging_mixin.py:188} INFO - [2024-01-03T02:25:58.068+0000] {dag.py:3820} INFO - Setting next_dagrun for example_external_task_marker_parent to None, run_after=None
[2024-01-03T02:25:58.079+0000] {processor.py:183} INFO - Processing /home/airflow/.local/lib/python3.8/site-packages/airflow/example_dags/example_external_task_marker_dag.py took 0.046 seconds
[2024-01-03T02:26:28.183+0000] {processor.py:161} INFO - Started process (PID=866) to work on /home/airflow/.local/lib/python3.8/site-packages/airflow/example_dags/example_external_task_marker_dag.py
[2024-01-03T02:26:28.184+0000] {processor.py:830} INFO - Processing file /home/airflow/.local/lib/python3.8/site-packages/airflow/example_dags/example_external_task_marker_dag.py for tasks to queue
[2024-01-03T02:26:28.185+0000] {logging_mixin.py:188} INFO - [2024-01-03T02:26:28.185+0000] {dagbag.py:538} INFO - Filling up the DagBag from /home/airflow/.local/lib/python3.8/site-packages/airflow/example_dags/example_external_task_marker_dag.py
[2024-01-03T02:26:28.189+0000] {processor.py:840} INFO - DAG(s) 'example_external_task_marker_parent', 'example_external_task_marker_child' retrieved from /home/airflow/.local/lib/python3.8/site-packages/airflow/example_dags/example_external_task_marker_dag.py
[2024-01-03T02:26:28.204+0000] {logging_mixin.py:188} INFO - [2024-01-03T02:26:28.204+0000] {dag.py:3033} INFO - Sync 2 DAGs
[2024-01-03T02:26:28.212+0000] {logging_mixin.py:188} INFO - [2024-01-03T02:26:28.212+0000] {dag.py:3820} INFO - Setting next_dagrun for example_external_task_marker_child to None, run_after=None
[2024-01-03T02:26:28.214+0000] {logging_mixin.py:188} INFO - [2024-01-03T02:26:28.214+0000] {dag.py:3820} INFO - Setting next_dagrun for example_external_task_marker_parent to None, run_after=None
[2024-01-03T02:26:28.224+0000] {processor.py:183} INFO - Processing /home/airflow/.local/lib/python3.8/site-packages/airflow/example_dags/example_external_task_marker_dag.py took 0.042 seconds
[2024-01-03T02:26:59.041+0000] {processor.py:161} INFO - Started process (PID=921) to work on /home/airflow/.local/lib/python3.8/site-packages/airflow/example_dags/example_external_task_marker_dag.py
[2024-01-03T02:26:59.042+0000] {processor.py:830} INFO - Processing file /home/airflow/.local/lib/python3.8/site-packages/airflow/example_dags/example_external_task_marker_dag.py for tasks to queue
[2024-01-03T02:26:59.044+0000] {logging_mixin.py:188} INFO - [2024-01-03T02:26:59.043+0000] {dagbag.py:538} INFO - Filling up the DagBag from /home/airflow/.local/lib/python3.8/site-packages/airflow/example_dags/example_external_task_marker_dag.py
[2024-01-03T02:26:59.047+0000] {processor.py:840} INFO - DAG(s) 'example_external_task_marker_parent', 'example_external_task_marker_child' retrieved from /home/airflow/.local/lib/python3.8/site-packages/airflow/example_dags/example_external_task_marker_dag.py
[2024-01-03T02:26:59.061+0000] {logging_mixin.py:188} INFO - [2024-01-03T02:26:59.061+0000] {dag.py:3033} INFO - Sync 2 DAGs
[2024-01-03T02:26:59.070+0000] {logging_mixin.py:188} INFO - [2024-01-03T02:26:59.070+0000] {dag.py:3820} INFO - Setting next_dagrun for example_external_task_marker_child to None, run_after=None
[2024-01-03T02:26:59.073+0000] {logging_mixin.py:188} INFO - [2024-01-03T02:26:59.073+0000] {dag.py:3820} INFO - Setting next_dagrun for example_external_task_marker_parent to None, run_after=None
[2024-01-03T02:26:59.083+0000] {processor.py:183} INFO - Processing /home/airflow/.local/lib/python3.8/site-packages/airflow/example_dags/example_external_task_marker_dag.py took 0.043 seconds
[2024-01-03T02:27:29.819+0000] {processor.py:161} INFO - Started process (PID=976) to work on /home/airflow/.local/lib/python3.8/site-packages/airflow/example_dags/example_external_task_marker_dag.py
[2024-01-03T02:27:29.819+0000] {processor.py:830} INFO - Processing file /home/airflow/.local/lib/python3.8/site-packages/airflow/example_dags/example_external_task_marker_dag.py for tasks to queue
[2024-01-03T02:27:29.821+0000] {logging_mixin.py:188} INFO - [2024-01-03T02:27:29.821+0000] {dagbag.py:538} INFO - Filling up the DagBag from /home/airflow/.local/lib/python3.8/site-packages/airflow/example_dags/example_external_task_marker_dag.py
[2024-01-03T02:27:29.824+0000] {processor.py:840} INFO - DAG(s) 'example_external_task_marker_child', 'example_external_task_marker_parent' retrieved from /home/airflow/.local/lib/python3.8/site-packages/airflow/example_dags/example_external_task_marker_dag.py
[2024-01-03T02:27:29.839+0000] {logging_mixin.py:188} INFO - [2024-01-03T02:27:29.839+0000] {dag.py:3033} INFO - Sync 2 DAGs
[2024-01-03T02:27:29.848+0000] {logging_mixin.py:188} INFO - [2024-01-03T02:27:29.847+0000] {dag.py:3820} INFO - Setting next_dagrun for example_external_task_marker_child to None, run_after=None
[2024-01-03T02:27:29.850+0000] {logging_mixin.py:188} INFO - [2024-01-03T02:27:29.850+0000] {dag.py:3820} INFO - Setting next_dagrun for example_external_task_marker_parent to None, run_after=None
[2024-01-03T02:27:29.860+0000] {processor.py:183} INFO - Processing /home/airflow/.local/lib/python3.8/site-packages/airflow/example_dags/example_external_task_marker_dag.py took 0.044 seconds
[2024-01-03T02:28:00.670+0000] {processor.py:161} INFO - Started process (PID=1031) to work on /home/airflow/.local/lib/python3.8/site-packages/airflow/example_dags/example_external_task_marker_dag.py
[2024-01-03T02:28:00.671+0000] {processor.py:830} INFO - Processing file /home/airflow/.local/lib/python3.8/site-packages/airflow/example_dags/example_external_task_marker_dag.py for tasks to queue
[2024-01-03T02:28:00.672+0000] {logging_mixin.py:188} INFO - [2024-01-03T02:28:00.672+0000] {dagbag.py:538} INFO - Filling up the DagBag from /home/airflow/.local/lib/python3.8/site-packages/airflow/example_dags/example_external_task_marker_dag.py
[2024-01-03T02:28:00.676+0000] {processor.py:840} INFO - DAG(s) 'example_external_task_marker_parent', 'example_external_task_marker_child' retrieved from /home/airflow/.local/lib/python3.8/site-packages/airflow/example_dags/example_external_task_marker_dag.py
[2024-01-03T02:28:00.690+0000] {logging_mixin.py:188} INFO - [2024-01-03T02:28:00.690+0000] {dag.py:3033} INFO - Sync 2 DAGs
[2024-01-03T02:28:00.698+0000] {logging_mixin.py:188} INFO - [2024-01-03T02:28:00.698+0000] {dag.py:3820} INFO - Setting next_dagrun for example_external_task_marker_child to None, run_after=None
[2024-01-03T02:28:00.701+0000] {logging_mixin.py:188} INFO - [2024-01-03T02:28:00.701+0000] {dag.py:3820} INFO - Setting next_dagrun for example_external_task_marker_parent to None, run_after=None
[2024-01-03T02:28:00.712+0000] {processor.py:183} INFO - Processing /home/airflow/.local/lib/python3.8/site-packages/airflow/example_dags/example_external_task_marker_dag.py took 0.044 seconds
[2024-01-03T02:28:31.512+0000] {processor.py:161} INFO - Started process (PID=1086) to work on /home/airflow/.local/lib/python3.8/site-packages/airflow/example_dags/example_external_task_marker_dag.py
[2024-01-03T02:28:31.513+0000] {processor.py:830} INFO - Processing file /home/airflow/.local/lib/python3.8/site-packages/airflow/example_dags/example_external_task_marker_dag.py for tasks to queue
[2024-01-03T02:28:31.514+0000] {logging_mixin.py:188} INFO - [2024-01-03T02:28:31.514+0000] {dagbag.py:538} INFO - Filling up the DagBag from /home/airflow/.local/lib/python3.8/site-packages/airflow/example_dags/example_external_task_marker_dag.py
[2024-01-03T02:28:31.519+0000] {processor.py:840} INFO - DAG(s) 'example_external_task_marker_child', 'example_external_task_marker_parent' retrieved from /home/airflow/.local/lib/python3.8/site-packages/airflow/example_dags/example_external_task_marker_dag.py
[2024-01-03T02:28:31.536+0000] {logging_mixin.py:188} INFO - [2024-01-03T02:28:31.536+0000] {dag.py:3033} INFO - Sync 2 DAGs
[2024-01-03T02:28:31.548+0000] {logging_mixin.py:188} INFO - [2024-01-03T02:28:31.548+0000] {dag.py:3820} INFO - Setting next_dagrun for example_external_task_marker_child to None, run_after=None
[2024-01-03T02:28:31.552+0000] {logging_mixin.py:188} INFO - [2024-01-03T02:28:31.552+0000] {dag.py:3820} INFO - Setting next_dagrun for example_external_task_marker_parent to None, run_after=None
[2024-01-03T02:28:31.565+0000] {processor.py:183} INFO - Processing /home/airflow/.local/lib/python3.8/site-packages/airflow/example_dags/example_external_task_marker_dag.py took 0.056 seconds
[2024-01-03T02:29:02.270+0000] {processor.py:161} INFO - Started process (PID=1141) to work on /home/airflow/.local/lib/python3.8/site-packages/airflow/example_dags/example_external_task_marker_dag.py
[2024-01-03T02:29:02.271+0000] {processor.py:830} INFO - Processing file /home/airflow/.local/lib/python3.8/site-packages/airflow/example_dags/example_external_task_marker_dag.py for tasks to queue
[2024-01-03T02:29:02.272+0000] {logging_mixin.py:188} INFO - [2024-01-03T02:29:02.272+0000] {dagbag.py:538} INFO - Filling up the DagBag from /home/airflow/.local/lib/python3.8/site-packages/airflow/example_dags/example_external_task_marker_dag.py
[2024-01-03T02:29:02.276+0000] {processor.py:840} INFO - DAG(s) 'example_external_task_marker_child', 'example_external_task_marker_parent' retrieved from /home/airflow/.local/lib/python3.8/site-packages/airflow/example_dags/example_external_task_marker_dag.py
[2024-01-03T02:29:02.290+0000] {logging_mixin.py:188} INFO - [2024-01-03T02:29:02.290+0000] {dag.py:3033} INFO - Sync 2 DAGs
[2024-01-03T02:29:02.299+0000] {logging_mixin.py:188} INFO - [2024-01-03T02:29:02.299+0000] {dag.py:3820} INFO - Setting next_dagrun for example_external_task_marker_child to None, run_after=None
[2024-01-03T02:29:02.302+0000] {logging_mixin.py:188} INFO - [2024-01-03T02:29:02.302+0000] {dag.py:3820} INFO - Setting next_dagrun for example_external_task_marker_parent to None, run_after=None
[2024-01-03T02:29:02.312+0000] {processor.py:183} INFO - Processing /home/airflow/.local/lib/python3.8/site-packages/airflow/example_dags/example_external_task_marker_dag.py took 0.044 seconds
[2024-01-03T02:29:33.014+0000] {processor.py:161} INFO - Started process (PID=1196) to work on /home/airflow/.local/lib/python3.8/site-packages/airflow/example_dags/example_external_task_marker_dag.py
[2024-01-03T02:29:33.015+0000] {processor.py:830} INFO - Processing file /home/airflow/.local/lib/python3.8/site-packages/airflow/example_dags/example_external_task_marker_dag.py for tasks to queue
[2024-01-03T02:29:33.016+0000] {logging_mixin.py:188} INFO - [2024-01-03T02:29:33.016+0000] {dagbag.py:538} INFO - Filling up the DagBag from /home/airflow/.local/lib/python3.8/site-packages/airflow/example_dags/example_external_task_marker_dag.py
[2024-01-03T02:29:33.020+0000] {processor.py:840} INFO - DAG(s) 'example_external_task_marker_parent', 'example_external_task_marker_child' retrieved from /home/airflow/.local/lib/python3.8/site-packages/airflow/example_dags/example_external_task_marker_dag.py
[2024-01-03T02:29:33.034+0000] {logging_mixin.py:188} INFO - [2024-01-03T02:29:33.034+0000] {dag.py:3033} INFO - Sync 2 DAGs
[2024-01-03T02:29:33.043+0000] {logging_mixin.py:188} INFO - [2024-01-03T02:29:33.043+0000] {dag.py:3820} INFO - Setting next_dagrun for example_external_task_marker_child to None, run_after=None
[2024-01-03T02:29:33.046+0000] {logging_mixin.py:188} INFO - [2024-01-03T02:29:33.046+0000] {dag.py:3820} INFO - Setting next_dagrun for example_external_task_marker_parent to None, run_after=None
[2024-01-03T02:29:33.056+0000] {processor.py:183} INFO - Processing /home/airflow/.local/lib/python3.8/site-packages/airflow/example_dags/example_external_task_marker_dag.py took 0.044 seconds
[2024-01-03T02:30:03.107+0000] {processor.py:161} INFO - Started process (PID=1251) to work on /home/airflow/.local/lib/python3.8/site-packages/airflow/example_dags/example_external_task_marker_dag.py
[2024-01-03T02:30:03.108+0000] {processor.py:830} INFO - Processing file /home/airflow/.local/lib/python3.8/site-packages/airflow/example_dags/example_external_task_marker_dag.py for tasks to queue
[2024-01-03T02:30:03.109+0000] {logging_mixin.py:188} INFO - [2024-01-03T02:30:03.109+0000] {dagbag.py:538} INFO - Filling up the DagBag from /home/airflow/.local/lib/python3.8/site-packages/airflow/example_dags/example_external_task_marker_dag.py
[2024-01-03T02:30:03.113+0000] {processor.py:840} INFO - DAG(s) 'example_external_task_marker_child', 'example_external_task_marker_parent' retrieved from /home/airflow/.local/lib/python3.8/site-packages/airflow/example_dags/example_external_task_marker_dag.py
[2024-01-03T02:30:03.128+0000] {logging_mixin.py:188} INFO - [2024-01-03T02:30:03.127+0000] {dag.py:3033} INFO - Sync 2 DAGs
[2024-01-03T02:30:03.136+0000] {logging_mixin.py:188} INFO - [2024-01-03T02:30:03.136+0000] {dag.py:3820} INFO - Setting next_dagrun for example_external_task_marker_child to None, run_after=None
[2024-01-03T02:30:03.139+0000] {logging_mixin.py:188} INFO - [2024-01-03T02:30:03.139+0000] {dag.py:3820} INFO - Setting next_dagrun for example_external_task_marker_parent to None, run_after=None
[2024-01-03T02:30:03.149+0000] {processor.py:183} INFO - Processing /home/airflow/.local/lib/python3.8/site-packages/airflow/example_dags/example_external_task_marker_dag.py took 0.043 seconds
[2024-01-03T02:30:34.066+0000] {processor.py:161} INFO - Started process (PID=1306) to work on /home/airflow/.local/lib/python3.8/site-packages/airflow/example_dags/example_external_task_marker_dag.py
[2024-01-03T02:30:34.067+0000] {processor.py:830} INFO - Processing file /home/airflow/.local/lib/python3.8/site-packages/airflow/example_dags/example_external_task_marker_dag.py for tasks to queue
[2024-01-03T02:30:34.069+0000] {logging_mixin.py:188} INFO - [2024-01-03T02:30:34.069+0000] {dagbag.py:538} INFO - Filling up the DagBag from /home/airflow/.local/lib/python3.8/site-packages/airflow/example_dags/example_external_task_marker_dag.py
[2024-01-03T02:30:34.073+0000] {processor.py:840} INFO - DAG(s) 'example_external_task_marker_parent', 'example_external_task_marker_child' retrieved from /home/airflow/.local/lib/python3.8/site-packages/airflow/example_dags/example_external_task_marker_dag.py
[2024-01-03T02:30:34.091+0000] {logging_mixin.py:188} INFO - [2024-01-03T02:30:34.091+0000] {dag.py:3033} INFO - Sync 2 DAGs
[2024-01-03T02:30:34.102+0000] {logging_mixin.py:188} INFO - [2024-01-03T02:30:34.101+0000] {dag.py:3820} INFO - Setting next_dagrun for example_external_task_marker_child to None, run_after=None
[2024-01-03T02:30:34.105+0000] {logging_mixin.py:188} INFO - [2024-01-03T02:30:34.105+0000] {dag.py:3820} INFO - Setting next_dagrun for example_external_task_marker_parent to None, run_after=None
[2024-01-03T02:30:34.117+0000] {processor.py:183} INFO - Processing /home/airflow/.local/lib/python3.8/site-packages/airflow/example_dags/example_external_task_marker_dag.py took 0.053 seconds
[2024-01-03T02:31:04.145+0000] {processor.py:161} INFO - Started process (PID=1361) to work on /home/airflow/.local/lib/python3.8/site-packages/airflow/example_dags/example_external_task_marker_dag.py
[2024-01-03T02:31:04.146+0000] {processor.py:830} INFO - Processing file /home/airflow/.local/lib/python3.8/site-packages/airflow/example_dags/example_external_task_marker_dag.py for tasks to queue
[2024-01-03T02:31:04.147+0000] {logging_mixin.py:188} INFO - [2024-01-03T02:31:04.147+0000] {dagbag.py:538} INFO - Filling up the DagBag from /home/airflow/.local/lib/python3.8/site-packages/airflow/example_dags/example_external_task_marker_dag.py
[2024-01-03T02:31:04.151+0000] {processor.py:840} INFO - DAG(s) 'example_external_task_marker_child', 'example_external_task_marker_parent' retrieved from /home/airflow/.local/lib/python3.8/site-packages/airflow/example_dags/example_external_task_marker_dag.py
[2024-01-03T02:31:04.166+0000] {logging_mixin.py:188} INFO - [2024-01-03T02:31:04.166+0000] {dag.py:3033} INFO - Sync 2 DAGs
[2024-01-03T02:31:04.175+0000] {logging_mixin.py:188} INFO - [2024-01-03T02:31:04.175+0000] {dag.py:3820} INFO - Setting next_dagrun for example_external_task_marker_child to None, run_after=None
[2024-01-03T02:31:04.177+0000] {logging_mixin.py:188} INFO - [2024-01-03T02:31:04.177+0000] {dag.py:3820} INFO - Setting next_dagrun for example_external_task_marker_parent to None, run_after=None
[2024-01-03T02:31:04.188+0000] {processor.py:183} INFO - Processing /home/airflow/.local/lib/python3.8/site-packages/airflow/example_dags/example_external_task_marker_dag.py took 0.044 seconds
[2024-01-03T02:31:34.457+0000] {processor.py:161} INFO - Started process (PID=1416) to work on /home/airflow/.local/lib/python3.8/site-packages/airflow/example_dags/example_external_task_marker_dag.py
[2024-01-03T02:31:34.458+0000] {processor.py:830} INFO - Processing file /home/airflow/.local/lib/python3.8/site-packages/airflow/example_dags/example_external_task_marker_dag.py for tasks to queue
[2024-01-03T02:31:34.460+0000] {logging_mixin.py:188} INFO - [2024-01-03T02:31:34.459+0000] {dagbag.py:538} INFO - Filling up the DagBag from /home/airflow/.local/lib/python3.8/site-packages/airflow/example_dags/example_external_task_marker_dag.py
[2024-01-03T02:31:34.463+0000] {processor.py:840} INFO - DAG(s) 'example_external_task_marker_parent', 'example_external_task_marker_child' retrieved from /home/airflow/.local/lib/python3.8/site-packages/airflow/example_dags/example_external_task_marker_dag.py
[2024-01-03T02:31:34.478+0000] {logging_mixin.py:188} INFO - [2024-01-03T02:31:34.478+0000] {dag.py:3033} INFO - Sync 2 DAGs
[2024-01-03T02:31:34.487+0000] {logging_mixin.py:188} INFO - [2024-01-03T02:31:34.487+0000] {dag.py:3820} INFO - Setting next_dagrun for example_external_task_marker_child to None, run_after=None
[2024-01-03T02:31:34.490+0000] {logging_mixin.py:188} INFO - [2024-01-03T02:31:34.490+0000] {dag.py:3820} INFO - Setting next_dagrun for example_external_task_marker_parent to None, run_after=None
[2024-01-03T02:31:34.500+0000] {processor.py:183} INFO - Processing /home/airflow/.local/lib/python3.8/site-packages/airflow/example_dags/example_external_task_marker_dag.py took 0.044 seconds
[2024-01-03T02:32:04.588+0000] {processor.py:161} INFO - Started process (PID=1471) to work on /home/airflow/.local/lib/python3.8/site-packages/airflow/example_dags/example_external_task_marker_dag.py
[2024-01-03T02:32:04.589+0000] {processor.py:830} INFO - Processing file /home/airflow/.local/lib/python3.8/site-packages/airflow/example_dags/example_external_task_marker_dag.py for tasks to queue
[2024-01-03T02:32:04.590+0000] {logging_mixin.py:188} INFO - [2024-01-03T02:32:04.590+0000] {dagbag.py:538} INFO - Filling up the DagBag from /home/airflow/.local/lib/python3.8/site-packages/airflow/example_dags/example_external_task_marker_dag.py
[2024-01-03T02:32:04.594+0000] {processor.py:840} INFO - DAG(s) 'example_external_task_marker_parent', 'example_external_task_marker_child' retrieved from /home/airflow/.local/lib/python3.8/site-packages/airflow/example_dags/example_external_task_marker_dag.py
[2024-01-03T02:32:04.609+0000] {logging_mixin.py:188} INFO - [2024-01-03T02:32:04.609+0000] {dag.py:3033} INFO - Sync 2 DAGs
[2024-01-03T02:32:04.617+0000] {logging_mixin.py:188} INFO - [2024-01-03T02:32:04.617+0000] {dag.py:3820} INFO - Setting next_dagrun for example_external_task_marker_child to None, run_after=None
[2024-01-03T02:32:04.620+0000] {logging_mixin.py:188} INFO - [2024-01-03T02:32:04.620+0000] {dag.py:3820} INFO - Setting next_dagrun for example_external_task_marker_parent to None, run_after=None
[2024-01-03T02:32:04.631+0000] {processor.py:183} INFO - Processing /home/airflow/.local/lib/python3.8/site-packages/airflow/example_dags/example_external_task_marker_dag.py took 0.045 seconds
[2024-01-03T02:32:34.784+0000] {processor.py:161} INFO - Started process (PID=1526) to work on /home/airflow/.local/lib/python3.8/site-packages/airflow/example_dags/example_external_task_marker_dag.py
[2024-01-03T02:32:34.785+0000] {processor.py:830} INFO - Processing file /home/airflow/.local/lib/python3.8/site-packages/airflow/example_dags/example_external_task_marker_dag.py for tasks to queue
[2024-01-03T02:32:34.786+0000] {logging_mixin.py:188} INFO - [2024-01-03T02:32:34.786+0000] {dagbag.py:538} INFO - Filling up the DagBag from /home/airflow/.local/lib/python3.8/site-packages/airflow/example_dags/example_external_task_marker_dag.py
[2024-01-03T02:32:34.790+0000] {processor.py:840} INFO - DAG(s) 'example_external_task_marker_child', 'example_external_task_marker_parent' retrieved from /home/airflow/.local/lib/python3.8/site-packages/airflow/example_dags/example_external_task_marker_dag.py
[2024-01-03T02:32:34.809+0000] {logging_mixin.py:188} INFO - [2024-01-03T02:32:34.809+0000] {dag.py:3033} INFO - Sync 2 DAGs
[2024-01-03T02:32:34.818+0000] {logging_mixin.py:188} INFO - [2024-01-03T02:32:34.818+0000] {dag.py:3820} INFO - Setting next_dagrun for example_external_task_marker_child to None, run_after=None
[2024-01-03T02:32:34.821+0000] {logging_mixin.py:188} INFO - [2024-01-03T02:32:34.821+0000] {dag.py:3820} INFO - Setting next_dagrun for example_external_task_marker_parent to None, run_after=None
[2024-01-03T02:32:34.833+0000] {processor.py:183} INFO - Processing /home/airflow/.local/lib/python3.8/site-packages/airflow/example_dags/example_external_task_marker_dag.py took 0.052 seconds
[2024-01-03T02:33:04.908+0000] {processor.py:161} INFO - Started process (PID=1581) to work on /home/airflow/.local/lib/python3.8/site-packages/airflow/example_dags/example_external_task_marker_dag.py
[2024-01-03T02:33:04.908+0000] {processor.py:830} INFO - Processing file /home/airflow/.local/lib/python3.8/site-packages/airflow/example_dags/example_external_task_marker_dag.py for tasks to queue
[2024-01-03T02:33:04.910+0000] {logging_mixin.py:188} INFO - [2024-01-03T02:33:04.910+0000] {dagbag.py:538} INFO - Filling up the DagBag from /home/airflow/.local/lib/python3.8/site-packages/airflow/example_dags/example_external_task_marker_dag.py
[2024-01-03T02:33:04.913+0000] {processor.py:840} INFO - DAG(s) 'example_external_task_marker_parent', 'example_external_task_marker_child' retrieved from /home/airflow/.local/lib/python3.8/site-packages/airflow/example_dags/example_external_task_marker_dag.py
[2024-01-03T02:33:04.928+0000] {logging_mixin.py:188} INFO - [2024-01-03T02:33:04.928+0000] {dag.py:3033} INFO - Sync 2 DAGs
[2024-01-03T02:33:04.936+0000] {logging_mixin.py:188} INFO - [2024-01-03T02:33:04.936+0000] {dag.py:3820} INFO - Setting next_dagrun for example_external_task_marker_child to None, run_after=None
[2024-01-03T02:33:04.939+0000] {logging_mixin.py:188} INFO - [2024-01-03T02:33:04.939+0000] {dag.py:3820} INFO - Setting next_dagrun for example_external_task_marker_parent to None, run_after=None
[2024-01-03T02:33:04.949+0000] {processor.py:183} INFO - Processing /home/airflow/.local/lib/python3.8/site-packages/airflow/example_dags/example_external_task_marker_dag.py took 0.043 seconds
[2024-01-03T02:33:35.057+0000] {processor.py:161} INFO - Started process (PID=1636) to work on /home/airflow/.local/lib/python3.8/site-packages/airflow/example_dags/example_external_task_marker_dag.py
[2024-01-03T02:33:35.058+0000] {processor.py:830} INFO - Processing file /home/airflow/.local/lib/python3.8/site-packages/airflow/example_dags/example_external_task_marker_dag.py for tasks to queue
[2024-01-03T02:33:35.059+0000] {logging_mixin.py:188} INFO - [2024-01-03T02:33:35.059+0000] {dagbag.py:538} INFO - Filling up the DagBag from /home/airflow/.local/lib/python3.8/site-packages/airflow/example_dags/example_external_task_marker_dag.py
[2024-01-03T02:33:35.064+0000] {processor.py:840} INFO - DAG(s) 'example_external_task_marker_child', 'example_external_task_marker_parent' retrieved from /home/airflow/.local/lib/python3.8/site-packages/airflow/example_dags/example_external_task_marker_dag.py
[2024-01-03T02:33:35.078+0000] {logging_mixin.py:188} INFO - [2024-01-03T02:33:35.078+0000] {dag.py:3033} INFO - Sync 2 DAGs
[2024-01-03T02:33:35.087+0000] {logging_mixin.py:188} INFO - [2024-01-03T02:33:35.087+0000] {dag.py:3820} INFO - Setting next_dagrun for example_external_task_marker_child to None, run_after=None
[2024-01-03T02:33:35.089+0000] {logging_mixin.py:188} INFO - [2024-01-03T02:33:35.089+0000] {dag.py:3820} INFO - Setting next_dagrun for example_external_task_marker_parent to None, run_after=None
[2024-01-03T02:33:35.099+0000] {processor.py:183} INFO - Processing /home/airflow/.local/lib/python3.8/site-packages/airflow/example_dags/example_external_task_marker_dag.py took 0.044 seconds
[2024-01-03T02:34:05.162+0000] {processor.py:161} INFO - Started process (PID=1691) to work on /home/airflow/.local/lib/python3.8/site-packages/airflow/example_dags/example_external_task_marker_dag.py
[2024-01-03T02:34:05.163+0000] {processor.py:830} INFO - Processing file /home/airflow/.local/lib/python3.8/site-packages/airflow/example_dags/example_external_task_marker_dag.py for tasks to queue
[2024-01-03T02:34:05.165+0000] {logging_mixin.py:188} INFO - [2024-01-03T02:34:05.165+0000] {dagbag.py:538} INFO - Filling up the DagBag from /home/airflow/.local/lib/python3.8/site-packages/airflow/example_dags/example_external_task_marker_dag.py
[2024-01-03T02:34:05.169+0000] {processor.py:840} INFO - DAG(s) 'example_external_task_marker_parent', 'example_external_task_marker_child' retrieved from /home/airflow/.local/lib/python3.8/site-packages/airflow/example_dags/example_external_task_marker_dag.py
[2024-01-03T02:34:05.187+0000] {logging_mixin.py:188} INFO - [2024-01-03T02:34:05.187+0000] {dag.py:3033} INFO - Sync 2 DAGs
[2024-01-03T02:34:05.198+0000] {logging_mixin.py:188} INFO - [2024-01-03T02:34:05.198+0000] {dag.py:3820} INFO - Setting next_dagrun for example_external_task_marker_child to None, run_after=None
[2024-01-03T02:34:05.201+0000] {logging_mixin.py:188} INFO - [2024-01-03T02:34:05.201+0000] {dag.py:3820} INFO - Setting next_dagrun for example_external_task_marker_parent to None, run_after=None
[2024-01-03T02:34:05.214+0000] {processor.py:183} INFO - Processing /home/airflow/.local/lib/python3.8/site-packages/airflow/example_dags/example_external_task_marker_dag.py took 0.054 seconds
[2024-01-03T02:34:35.904+0000] {processor.py:161} INFO - Started process (PID=1747) to work on /home/airflow/.local/lib/python3.8/site-packages/airflow/example_dags/example_external_task_marker_dag.py
[2024-01-03T02:34:35.904+0000] {processor.py:830} INFO - Processing file /home/airflow/.local/lib/python3.8/site-packages/airflow/example_dags/example_external_task_marker_dag.py for tasks to queue
[2024-01-03T02:34:35.906+0000] {logging_mixin.py:188} INFO - [2024-01-03T02:34:35.906+0000] {dagbag.py:538} INFO - Filling up the DagBag from /home/airflow/.local/lib/python3.8/site-packages/airflow/example_dags/example_external_task_marker_dag.py
[2024-01-03T02:34:35.910+0000] {processor.py:840} INFO - DAG(s) 'example_external_task_marker_child', 'example_external_task_marker_parent' retrieved from /home/airflow/.local/lib/python3.8/site-packages/airflow/example_dags/example_external_task_marker_dag.py
[2024-01-03T02:34:35.925+0000] {logging_mixin.py:188} INFO - [2024-01-03T02:34:35.925+0000] {dag.py:3033} INFO - Sync 2 DAGs
[2024-01-03T02:34:35.934+0000] {logging_mixin.py:188} INFO - [2024-01-03T02:34:35.934+0000] {dag.py:3820} INFO - Setting next_dagrun for example_external_task_marker_child to None, run_after=None
[2024-01-03T02:34:35.937+0000] {logging_mixin.py:188} INFO - [2024-01-03T02:34:35.937+0000] {dag.py:3820} INFO - Setting next_dagrun for example_external_task_marker_parent to None, run_after=None
[2024-01-03T02:34:35.948+0000] {processor.py:183} INFO - Processing /home/airflow/.local/lib/python3.8/site-packages/airflow/example_dags/example_external_task_marker_dag.py took 0.046 seconds
[2024-01-03T02:35:06.671+0000] {processor.py:161} INFO - Started process (PID=1802) to work on /home/airflow/.local/lib/python3.8/site-packages/airflow/example_dags/example_external_task_marker_dag.py
[2024-01-03T02:35:06.672+0000] {processor.py:830} INFO - Processing file /home/airflow/.local/lib/python3.8/site-packages/airflow/example_dags/example_external_task_marker_dag.py for tasks to queue
[2024-01-03T02:35:06.674+0000] {logging_mixin.py:188} INFO - [2024-01-03T02:35:06.674+0000] {dagbag.py:538} INFO - Filling up the DagBag from /home/airflow/.local/lib/python3.8/site-packages/airflow/example_dags/example_external_task_marker_dag.py
[2024-01-03T02:35:06.677+0000] {processor.py:840} INFO - DAG(s) 'example_external_task_marker_parent', 'example_external_task_marker_child' retrieved from /home/airflow/.local/lib/python3.8/site-packages/airflow/example_dags/example_external_task_marker_dag.py
[2024-01-03T02:35:06.694+0000] {logging_mixin.py:188} INFO - [2024-01-03T02:35:06.694+0000] {dag.py:3033} INFO - Sync 2 DAGs
[2024-01-03T02:35:06.703+0000] {logging_mixin.py:188} INFO - [2024-01-03T02:35:06.703+0000] {dag.py:3820} INFO - Setting next_dagrun for example_external_task_marker_child to None, run_after=None
[2024-01-03T02:35:06.706+0000] {logging_mixin.py:188} INFO - [2024-01-03T02:35:06.706+0000] {dag.py:3820} INFO - Setting next_dagrun for example_external_task_marker_parent to None, run_after=None
[2024-01-03T02:35:06.717+0000] {processor.py:183} INFO - Processing /home/airflow/.local/lib/python3.8/site-packages/airflow/example_dags/example_external_task_marker_dag.py took 0.048 seconds
[2024-01-03T02:35:37.570+0000] {processor.py:161} INFO - Started process (PID=1857) to work on /home/airflow/.local/lib/python3.8/site-packages/airflow/example_dags/example_external_task_marker_dag.py
[2024-01-03T02:35:37.571+0000] {processor.py:830} INFO - Processing file /home/airflow/.local/lib/python3.8/site-packages/airflow/example_dags/example_external_task_marker_dag.py for tasks to queue
[2024-01-03T02:35:37.572+0000] {logging_mixin.py:188} INFO - [2024-01-03T02:35:37.572+0000] {dagbag.py:538} INFO - Filling up the DagBag from /home/airflow/.local/lib/python3.8/site-packages/airflow/example_dags/example_external_task_marker_dag.py
[2024-01-03T02:35:37.576+0000] {processor.py:840} INFO - DAG(s) 'example_external_task_marker_child', 'example_external_task_marker_parent' retrieved from /home/airflow/.local/lib/python3.8/site-packages/airflow/example_dags/example_external_task_marker_dag.py
[2024-01-03T02:35:37.590+0000] {logging_mixin.py:188} INFO - [2024-01-03T02:35:37.590+0000] {dag.py:3033} INFO - Sync 2 DAGs
[2024-01-03T02:35:37.599+0000] {logging_mixin.py:188} INFO - [2024-01-03T02:35:37.599+0000] {dag.py:3820} INFO - Setting next_dagrun for example_external_task_marker_child to None, run_after=None
[2024-01-03T02:35:37.602+0000] {logging_mixin.py:188} INFO - [2024-01-03T02:35:37.602+0000] {dag.py:3820} INFO - Setting next_dagrun for example_external_task_marker_parent to None, run_after=None
[2024-01-03T02:35:37.612+0000] {processor.py:183} INFO - Processing /home/airflow/.local/lib/python3.8/site-packages/airflow/example_dags/example_external_task_marker_dag.py took 0.044 seconds
[2024-01-03T02:36:08.356+0000] {processor.py:161} INFO - Started process (PID=1912) to work on /home/airflow/.local/lib/python3.8/site-packages/airflow/example_dags/example_external_task_marker_dag.py
[2024-01-03T02:36:08.357+0000] {processor.py:830} INFO - Processing file /home/airflow/.local/lib/python3.8/site-packages/airflow/example_dags/example_external_task_marker_dag.py for tasks to queue
[2024-01-03T02:36:08.358+0000] {logging_mixin.py:188} INFO - [2024-01-03T02:36:08.358+0000] {dagbag.py:538} INFO - Filling up the DagBag from /home/airflow/.local/lib/python3.8/site-packages/airflow/example_dags/example_external_task_marker_dag.py
[2024-01-03T02:36:08.362+0000] {processor.py:840} INFO - DAG(s) 'example_external_task_marker_child', 'example_external_task_marker_parent' retrieved from /home/airflow/.local/lib/python3.8/site-packages/airflow/example_dags/example_external_task_marker_dag.py
[2024-01-03T02:36:08.376+0000] {logging_mixin.py:188} INFO - [2024-01-03T02:36:08.376+0000] {dag.py:3033} INFO - Sync 2 DAGs
[2024-01-03T02:36:08.385+0000] {logging_mixin.py:188} INFO - [2024-01-03T02:36:08.385+0000] {dag.py:3820} INFO - Setting next_dagrun for example_external_task_marker_child to None, run_after=None
[2024-01-03T02:36:08.388+0000] {logging_mixin.py:188} INFO - [2024-01-03T02:36:08.388+0000] {dag.py:3820} INFO - Setting next_dagrun for example_external_task_marker_parent to None, run_after=None
[2024-01-03T02:36:08.399+0000] {processor.py:183} INFO - Processing /home/airflow/.local/lib/python3.8/site-packages/airflow/example_dags/example_external_task_marker_dag.py took 0.045 seconds
[2024-01-03T02:36:38.444+0000] {processor.py:161} INFO - Started process (PID=1967) to work on /home/airflow/.local/lib/python3.8/site-packages/airflow/example_dags/example_external_task_marker_dag.py
[2024-01-03T02:36:38.445+0000] {processor.py:830} INFO - Processing file /home/airflow/.local/lib/python3.8/site-packages/airflow/example_dags/example_external_task_marker_dag.py for tasks to queue
[2024-01-03T02:36:38.446+0000] {logging_mixin.py:188} INFO - [2024-01-03T02:36:38.446+0000] {dagbag.py:538} INFO - Filling up the DagBag from /home/airflow/.local/lib/python3.8/site-packages/airflow/example_dags/example_external_task_marker_dag.py
[2024-01-03T02:36:38.450+0000] {processor.py:840} INFO - DAG(s) 'example_external_task_marker_child', 'example_external_task_marker_parent' retrieved from /home/airflow/.local/lib/python3.8/site-packages/airflow/example_dags/example_external_task_marker_dag.py
[2024-01-03T02:36:38.464+0000] {logging_mixin.py:188} INFO - [2024-01-03T02:36:38.464+0000] {dag.py:3033} INFO - Sync 2 DAGs
[2024-01-03T02:36:38.473+0000] {logging_mixin.py:188} INFO - [2024-01-03T02:36:38.472+0000] {dag.py:3820} INFO - Setting next_dagrun for example_external_task_marker_child to None, run_after=None
[2024-01-03T02:36:38.475+0000] {logging_mixin.py:188} INFO - [2024-01-03T02:36:38.475+0000] {dag.py:3820} INFO - Setting next_dagrun for example_external_task_marker_parent to None, run_after=None
[2024-01-03T02:36:38.485+0000] {processor.py:183} INFO - Processing /home/airflow/.local/lib/python3.8/site-packages/airflow/example_dags/example_external_task_marker_dag.py took 0.043 seconds
[2024-01-03T02:41:31.432+0000] {processor.py:161} INFO - Started process (PID=2029) to work on /home/airflow/.local/lib/python3.8/site-packages/airflow/example_dags/example_external_task_marker_dag.py
[2024-01-03T02:41:31.434+0000] {processor.py:830} INFO - Processing file /home/airflow/.local/lib/python3.8/site-packages/airflow/example_dags/example_external_task_marker_dag.py for tasks to queue
[2024-01-03T02:41:31.436+0000] {logging_mixin.py:188} INFO - [2024-01-03T02:41:31.435+0000] {dagbag.py:538} INFO - Filling up the DagBag from /home/airflow/.local/lib/python3.8/site-packages/airflow/example_dags/example_external_task_marker_dag.py
[2024-01-03T02:41:31.441+0000] {processor.py:840} INFO - DAG(s) 'example_external_task_marker_parent', 'example_external_task_marker_child' retrieved from /home/airflow/.local/lib/python3.8/site-packages/airflow/example_dags/example_external_task_marker_dag.py
[2024-01-03T02:41:31.466+0000] {logging_mixin.py:188} INFO - [2024-01-03T02:41:31.465+0000] {dag.py:3033} INFO - Sync 2 DAGs
[2024-01-03T02:41:31.480+0000] {logging_mixin.py:188} INFO - [2024-01-03T02:41:31.480+0000] {dag.py:3820} INFO - Setting next_dagrun for example_external_task_marker_child to None, run_after=None
[2024-01-03T02:41:31.485+0000] {logging_mixin.py:188} INFO - [2024-01-03T02:41:31.485+0000] {dag.py:3820} INFO - Setting next_dagrun for example_external_task_marker_parent to None, run_after=None
[2024-01-03T02:41:31.503+0000] {processor.py:183} INFO - Processing /home/airflow/.local/lib/python3.8/site-packages/airflow/example_dags/example_external_task_marker_dag.py took 0.073 seconds
[2024-01-03T02:42:01.560+0000] {processor.py:161} INFO - Started process (PID=2084) to work on /home/airflow/.local/lib/python3.8/site-packages/airflow/example_dags/example_external_task_marker_dag.py
[2024-01-03T02:42:01.561+0000] {processor.py:830} INFO - Processing file /home/airflow/.local/lib/python3.8/site-packages/airflow/example_dags/example_external_task_marker_dag.py for tasks to queue
[2024-01-03T02:42:01.562+0000] {logging_mixin.py:188} INFO - [2024-01-03T02:42:01.562+0000] {dagbag.py:538} INFO - Filling up the DagBag from /home/airflow/.local/lib/python3.8/site-packages/airflow/example_dags/example_external_task_marker_dag.py
[2024-01-03T02:42:01.566+0000] {processor.py:840} INFO - DAG(s) 'example_external_task_marker_child', 'example_external_task_marker_parent' retrieved from /home/airflow/.local/lib/python3.8/site-packages/airflow/example_dags/example_external_task_marker_dag.py
[2024-01-03T02:42:01.583+0000] {logging_mixin.py:188} INFO - [2024-01-03T02:42:01.583+0000] {dag.py:3033} INFO - Sync 2 DAGs
[2024-01-03T02:42:01.592+0000] {logging_mixin.py:188} INFO - [2024-01-03T02:42:01.592+0000] {dag.py:3820} INFO - Setting next_dagrun for example_external_task_marker_child to None, run_after=None
[2024-01-03T02:42:01.595+0000] {logging_mixin.py:188} INFO - [2024-01-03T02:42:01.595+0000] {dag.py:3820} INFO - Setting next_dagrun for example_external_task_marker_parent to None, run_after=None
[2024-01-03T02:42:01.605+0000] {processor.py:183} INFO - Processing /home/airflow/.local/lib/python3.8/site-packages/airflow/example_dags/example_external_task_marker_dag.py took 0.047 seconds
[2024-01-03T02:42:31.770+0000] {processor.py:161} INFO - Started process (PID=2139) to work on /home/airflow/.local/lib/python3.8/site-packages/airflow/example_dags/example_external_task_marker_dag.py
[2024-01-03T02:42:31.770+0000] {processor.py:830} INFO - Processing file /home/airflow/.local/lib/python3.8/site-packages/airflow/example_dags/example_external_task_marker_dag.py for tasks to queue
[2024-01-03T02:42:31.772+0000] {logging_mixin.py:188} INFO - [2024-01-03T02:42:31.772+0000] {dagbag.py:538} INFO - Filling up the DagBag from /home/airflow/.local/lib/python3.8/site-packages/airflow/example_dags/example_external_task_marker_dag.py
[2024-01-03T02:42:31.776+0000] {processor.py:840} INFO - DAG(s) 'example_external_task_marker_child', 'example_external_task_marker_parent' retrieved from /home/airflow/.local/lib/python3.8/site-packages/airflow/example_dags/example_external_task_marker_dag.py
[2024-01-03T02:42:31.792+0000] {logging_mixin.py:188} INFO - [2024-01-03T02:42:31.791+0000] {dag.py:3033} INFO - Sync 2 DAGs
[2024-01-03T02:42:31.801+0000] {logging_mixin.py:188} INFO - [2024-01-03T02:42:31.801+0000] {dag.py:3820} INFO - Setting next_dagrun for example_external_task_marker_child to None, run_after=None
[2024-01-03T02:42:31.805+0000] {logging_mixin.py:188} INFO - [2024-01-03T02:42:31.804+0000] {dag.py:3820} INFO - Setting next_dagrun for example_external_task_marker_parent to None, run_after=None
[2024-01-03T02:42:31.816+0000] {processor.py:183} INFO - Processing /home/airflow/.local/lib/python3.8/site-packages/airflow/example_dags/example_external_task_marker_dag.py took 0.049 seconds
[2024-01-03T02:43:02.078+0000] {processor.py:161} INFO - Started process (PID=2194) to work on /home/airflow/.local/lib/python3.8/site-packages/airflow/example_dags/example_external_task_marker_dag.py
[2024-01-03T02:43:02.079+0000] {processor.py:830} INFO - Processing file /home/airflow/.local/lib/python3.8/site-packages/airflow/example_dags/example_external_task_marker_dag.py for tasks to queue
[2024-01-03T02:43:02.080+0000] {logging_mixin.py:188} INFO - [2024-01-03T02:43:02.080+0000] {dagbag.py:538} INFO - Filling up the DagBag from /home/airflow/.local/lib/python3.8/site-packages/airflow/example_dags/example_external_task_marker_dag.py
[2024-01-03T02:43:02.084+0000] {processor.py:840} INFO - DAG(s) 'example_external_task_marker_parent', 'example_external_task_marker_child' retrieved from /home/airflow/.local/lib/python3.8/site-packages/airflow/example_dags/example_external_task_marker_dag.py
[2024-01-03T02:43:02.101+0000] {logging_mixin.py:188} INFO - [2024-01-03T02:43:02.100+0000] {dag.py:3033} INFO - Sync 2 DAGs
[2024-01-03T02:43:02.110+0000] {logging_mixin.py:188} INFO - [2024-01-03T02:43:02.110+0000] {dag.py:3820} INFO - Setting next_dagrun for example_external_task_marker_child to None, run_after=None
[2024-01-03T02:43:02.113+0000] {logging_mixin.py:188} INFO - [2024-01-03T02:43:02.113+0000] {dag.py:3820} INFO - Setting next_dagrun for example_external_task_marker_parent to None, run_after=None
[2024-01-03T02:43:02.125+0000] {processor.py:183} INFO - Processing /home/airflow/.local/lib/python3.8/site-packages/airflow/example_dags/example_external_task_marker_dag.py took 0.049 seconds
[2024-01-03T02:43:32.514+0000] {processor.py:161} INFO - Started process (PID=2249) to work on /home/airflow/.local/lib/python3.8/site-packages/airflow/example_dags/example_external_task_marker_dag.py
[2024-01-03T02:43:32.515+0000] {processor.py:830} INFO - Processing file /home/airflow/.local/lib/python3.8/site-packages/airflow/example_dags/example_external_task_marker_dag.py for tasks to queue
[2024-01-03T02:43:32.516+0000] {logging_mixin.py:188} INFO - [2024-01-03T02:43:32.516+0000] {dagbag.py:538} INFO - Filling up the DagBag from /home/airflow/.local/lib/python3.8/site-packages/airflow/example_dags/example_external_task_marker_dag.py
[2024-01-03T02:43:32.520+0000] {processor.py:840} INFO - DAG(s) 'example_external_task_marker_child', 'example_external_task_marker_parent' retrieved from /home/airflow/.local/lib/python3.8/site-packages/airflow/example_dags/example_external_task_marker_dag.py
[2024-01-03T02:43:32.534+0000] {logging_mixin.py:188} INFO - [2024-01-03T02:43:32.534+0000] {dag.py:3033} INFO - Sync 2 DAGs
[2024-01-03T02:43:32.543+0000] {logging_mixin.py:188} INFO - [2024-01-03T02:43:32.543+0000] {dag.py:3820} INFO - Setting next_dagrun for example_external_task_marker_child to None, run_after=None
[2024-01-03T02:43:32.546+0000] {logging_mixin.py:188} INFO - [2024-01-03T02:43:32.546+0000] {dag.py:3820} INFO - Setting next_dagrun for example_external_task_marker_parent to None, run_after=None
[2024-01-03T02:43:32.557+0000] {processor.py:183} INFO - Processing /home/airflow/.local/lib/python3.8/site-packages/airflow/example_dags/example_external_task_marker_dag.py took 0.045 seconds
[2024-01-03T02:44:03.223+0000] {processor.py:161} INFO - Started process (PID=2304) to work on /home/airflow/.local/lib/python3.8/site-packages/airflow/example_dags/example_external_task_marker_dag.py
[2024-01-03T02:44:03.224+0000] {processor.py:830} INFO - Processing file /home/airflow/.local/lib/python3.8/site-packages/airflow/example_dags/example_external_task_marker_dag.py for tasks to queue
[2024-01-03T02:44:03.225+0000] {logging_mixin.py:188} INFO - [2024-01-03T02:44:03.225+0000] {dagbag.py:538} INFO - Filling up the DagBag from /home/airflow/.local/lib/python3.8/site-packages/airflow/example_dags/example_external_task_marker_dag.py
[2024-01-03T02:44:03.229+0000] {processor.py:840} INFO - DAG(s) 'example_external_task_marker_child', 'example_external_task_marker_parent' retrieved from /home/airflow/.local/lib/python3.8/site-packages/airflow/example_dags/example_external_task_marker_dag.py
[2024-01-03T02:44:03.245+0000] {logging_mixin.py:188} INFO - [2024-01-03T02:44:03.245+0000] {dag.py:3033} INFO - Sync 2 DAGs
[2024-01-03T02:44:03.254+0000] {logging_mixin.py:188} INFO - [2024-01-03T02:44:03.254+0000] {dag.py:3820} INFO - Setting next_dagrun for example_external_task_marker_child to None, run_after=None
[2024-01-03T02:44:03.257+0000] {logging_mixin.py:188} INFO - [2024-01-03T02:44:03.257+0000] {dag.py:3820} INFO - Setting next_dagrun for example_external_task_marker_parent to None, run_after=None
[2024-01-03T02:44:03.270+0000] {processor.py:183} INFO - Processing /home/airflow/.local/lib/python3.8/site-packages/airflow/example_dags/example_external_task_marker_dag.py took 0.049 seconds
[2024-01-03T02:44:33.975+0000] {processor.py:161} INFO - Started process (PID=2359) to work on /home/airflow/.local/lib/python3.8/site-packages/airflow/example_dags/example_external_task_marker_dag.py
[2024-01-03T02:44:33.976+0000] {processor.py:830} INFO - Processing file /home/airflow/.local/lib/python3.8/site-packages/airflow/example_dags/example_external_task_marker_dag.py for tasks to queue
[2024-01-03T02:44:33.978+0000] {logging_mixin.py:188} INFO - [2024-01-03T02:44:33.978+0000] {dagbag.py:538} INFO - Filling up the DagBag from /home/airflow/.local/lib/python3.8/site-packages/airflow/example_dags/example_external_task_marker_dag.py
[2024-01-03T02:44:33.982+0000] {processor.py:840} INFO - DAG(s) 'example_external_task_marker_parent', 'example_external_task_marker_child' retrieved from /home/airflow/.local/lib/python3.8/site-packages/airflow/example_dags/example_external_task_marker_dag.py
[2024-01-03T02:44:33.998+0000] {logging_mixin.py:188} INFO - [2024-01-03T02:44:33.998+0000] {dag.py:3033} INFO - Sync 2 DAGs
[2024-01-03T02:44:34.007+0000] {logging_mixin.py:188} INFO - [2024-01-03T02:44:34.007+0000] {dag.py:3820} INFO - Setting next_dagrun for example_external_task_marker_child to None, run_after=None
[2024-01-03T02:44:34.010+0000] {logging_mixin.py:188} INFO - [2024-01-03T02:44:34.010+0000] {dag.py:3820} INFO - Setting next_dagrun for example_external_task_marker_parent to None, run_after=None
[2024-01-03T02:44:34.021+0000] {processor.py:183} INFO - Processing /home/airflow/.local/lib/python3.8/site-packages/airflow/example_dags/example_external_task_marker_dag.py took 0.048 seconds
[2024-01-03T02:45:04.706+0000] {processor.py:161} INFO - Started process (PID=2414) to work on /home/airflow/.local/lib/python3.8/site-packages/airflow/example_dags/example_external_task_marker_dag.py
[2024-01-03T02:45:04.706+0000] {processor.py:830} INFO - Processing file /home/airflow/.local/lib/python3.8/site-packages/airflow/example_dags/example_external_task_marker_dag.py for tasks to queue
[2024-01-03T02:45:04.708+0000] {logging_mixin.py:188} INFO - [2024-01-03T02:45:04.708+0000] {dagbag.py:538} INFO - Filling up the DagBag from /home/airflow/.local/lib/python3.8/site-packages/airflow/example_dags/example_external_task_marker_dag.py
[2024-01-03T02:45:04.711+0000] {processor.py:840} INFO - DAG(s) 'example_external_task_marker_parent', 'example_external_task_marker_child' retrieved from /home/airflow/.local/lib/python3.8/site-packages/airflow/example_dags/example_external_task_marker_dag.py
[2024-01-03T02:45:04.725+0000] {logging_mixin.py:188} INFO - [2024-01-03T02:45:04.725+0000] {dag.py:3033} INFO - Sync 2 DAGs
[2024-01-03T02:45:04.734+0000] {logging_mixin.py:188} INFO - [2024-01-03T02:45:04.734+0000] {dag.py:3820} INFO - Setting next_dagrun for example_external_task_marker_child to None, run_after=None
[2024-01-03T02:45:04.737+0000] {logging_mixin.py:188} INFO - [2024-01-03T02:45:04.737+0000] {dag.py:3820} INFO - Setting next_dagrun for example_external_task_marker_parent to None, run_after=None
[2024-01-03T02:45:04.748+0000] {processor.py:183} INFO - Processing /home/airflow/.local/lib/python3.8/site-packages/airflow/example_dags/example_external_task_marker_dag.py took 0.044 seconds
[2024-01-03T02:45:35.097+0000] {processor.py:161} INFO - Started process (PID=2469) to work on /home/airflow/.local/lib/python3.8/site-packages/airflow/example_dags/example_external_task_marker_dag.py
[2024-01-03T02:45:35.098+0000] {processor.py:830} INFO - Processing file /home/airflow/.local/lib/python3.8/site-packages/airflow/example_dags/example_external_task_marker_dag.py for tasks to queue
[2024-01-03T02:45:35.099+0000] {logging_mixin.py:188} INFO - [2024-01-03T02:45:35.099+0000] {dagbag.py:538} INFO - Filling up the DagBag from /home/airflow/.local/lib/python3.8/site-packages/airflow/example_dags/example_external_task_marker_dag.py
[2024-01-03T02:45:35.103+0000] {processor.py:840} INFO - DAG(s) 'example_external_task_marker_parent', 'example_external_task_marker_child' retrieved from /home/airflow/.local/lib/python3.8/site-packages/airflow/example_dags/example_external_task_marker_dag.py
[2024-01-03T02:45:35.117+0000] {logging_mixin.py:188} INFO - [2024-01-03T02:45:35.117+0000] {dag.py:3033} INFO - Sync 2 DAGs
[2024-01-03T02:45:35.126+0000] {logging_mixin.py:188} INFO - [2024-01-03T02:45:35.126+0000] {dag.py:3820} INFO - Setting next_dagrun for example_external_task_marker_child to None, run_after=None
[2024-01-03T02:45:35.129+0000] {logging_mixin.py:188} INFO - [2024-01-03T02:45:35.129+0000] {dag.py:3820} INFO - Setting next_dagrun for example_external_task_marker_parent to None, run_after=None
[2024-01-03T02:45:35.139+0000] {processor.py:183} INFO - Processing /home/airflow/.local/lib/python3.8/site-packages/airflow/example_dags/example_external_task_marker_dag.py took 0.044 seconds
[2024-01-03T02:46:05.582+0000] {processor.py:161} INFO - Started process (PID=2524) to work on /home/airflow/.local/lib/python3.8/site-packages/airflow/example_dags/example_external_task_marker_dag.py
[2024-01-03T02:46:05.583+0000] {processor.py:830} INFO - Processing file /home/airflow/.local/lib/python3.8/site-packages/airflow/example_dags/example_external_task_marker_dag.py for tasks to queue
[2024-01-03T02:46:05.585+0000] {logging_mixin.py:188} INFO - [2024-01-03T02:46:05.585+0000] {dagbag.py:538} INFO - Filling up the DagBag from /home/airflow/.local/lib/python3.8/site-packages/airflow/example_dags/example_external_task_marker_dag.py
[2024-01-03T02:46:05.589+0000] {processor.py:840} INFO - DAG(s) 'example_external_task_marker_parent', 'example_external_task_marker_child' retrieved from /home/airflow/.local/lib/python3.8/site-packages/airflow/example_dags/example_external_task_marker_dag.py
[2024-01-03T02:46:05.608+0000] {logging_mixin.py:188} INFO - [2024-01-03T02:46:05.608+0000] {dag.py:3033} INFO - Sync 2 DAGs
[2024-01-03T02:46:05.731+0000] {logging_mixin.py:188} INFO - [2024-01-03T02:46:05.731+0000] {dag.py:3820} INFO - Setting next_dagrun for example_external_task_marker_child to None, run_after=None
[2024-01-03T02:46:05.735+0000] {logging_mixin.py:188} INFO - [2024-01-03T02:46:05.734+0000] {dag.py:3820} INFO - Setting next_dagrun for example_external_task_marker_parent to None, run_after=None
[2024-01-03T02:46:05.750+0000] {processor.py:183} INFO - Processing /home/airflow/.local/lib/python3.8/site-packages/airflow/example_dags/example_external_task_marker_dag.py took 0.170 seconds
[2024-01-03T02:46:36.749+0000] {processor.py:161} INFO - Started process (PID=2579) to work on /home/airflow/.local/lib/python3.8/site-packages/airflow/example_dags/example_external_task_marker_dag.py
[2024-01-03T02:46:36.750+0000] {processor.py:830} INFO - Processing file /home/airflow/.local/lib/python3.8/site-packages/airflow/example_dags/example_external_task_marker_dag.py for tasks to queue
[2024-01-03T02:46:36.752+0000] {logging_mixin.py:188} INFO - [2024-01-03T02:46:36.751+0000] {dagbag.py:538} INFO - Filling up the DagBag from /home/airflow/.local/lib/python3.8/site-packages/airflow/example_dags/example_external_task_marker_dag.py
[2024-01-03T02:46:36.755+0000] {processor.py:840} INFO - DAG(s) 'example_external_task_marker_child', 'example_external_task_marker_parent' retrieved from /home/airflow/.local/lib/python3.8/site-packages/airflow/example_dags/example_external_task_marker_dag.py
[2024-01-03T02:46:36.771+0000] {logging_mixin.py:188} INFO - [2024-01-03T02:46:36.770+0000] {dag.py:3033} INFO - Sync 2 DAGs
[2024-01-03T02:46:36.780+0000] {logging_mixin.py:188} INFO - [2024-01-03T02:46:36.780+0000] {dag.py:3820} INFO - Setting next_dagrun for example_external_task_marker_child to None, run_after=None
[2024-01-03T02:46:36.783+0000] {logging_mixin.py:188} INFO - [2024-01-03T02:46:36.783+0000] {dag.py:3820} INFO - Setting next_dagrun for example_external_task_marker_parent to None, run_after=None
[2024-01-03T02:46:36.896+0000] {processor.py:183} INFO - Processing /home/airflow/.local/lib/python3.8/site-packages/airflow/example_dags/example_external_task_marker_dag.py took 0.150 seconds
[2024-01-03T02:47:07.497+0000] {processor.py:161} INFO - Started process (PID=2633) to work on /home/airflow/.local/lib/python3.8/site-packages/airflow/example_dags/example_external_task_marker_dag.py
[2024-01-03T02:47:07.498+0000] {processor.py:830} INFO - Processing file /home/airflow/.local/lib/python3.8/site-packages/airflow/example_dags/example_external_task_marker_dag.py for tasks to queue
[2024-01-03T02:47:07.499+0000] {logging_mixin.py:188} INFO - [2024-01-03T02:47:07.499+0000] {dagbag.py:538} INFO - Filling up the DagBag from /home/airflow/.local/lib/python3.8/site-packages/airflow/example_dags/example_external_task_marker_dag.py
[2024-01-03T02:47:07.504+0000] {processor.py:840} INFO - DAG(s) 'example_external_task_marker_parent', 'example_external_task_marker_child' retrieved from /home/airflow/.local/lib/python3.8/site-packages/airflow/example_dags/example_external_task_marker_dag.py
[2024-01-03T02:47:07.520+0000] {logging_mixin.py:188} INFO - [2024-01-03T02:47:07.520+0000] {dag.py:3033} INFO - Sync 2 DAGs
[2024-01-03T02:47:07.529+0000] {logging_mixin.py:188} INFO - [2024-01-03T02:47:07.529+0000] {dag.py:3820} INFO - Setting next_dagrun for example_external_task_marker_child to None, run_after=None
[2024-01-03T02:47:07.531+0000] {logging_mixin.py:188} INFO - [2024-01-03T02:47:07.531+0000] {dag.py:3820} INFO - Setting next_dagrun for example_external_task_marker_parent to None, run_after=None
[2024-01-03T02:47:07.544+0000] {processor.py:183} INFO - Processing /home/airflow/.local/lib/python3.8/site-packages/airflow/example_dags/example_external_task_marker_dag.py took 0.049 seconds
