[2024-01-03T02:18:56.134+0000] {processor.py:161} INFO - Started process (PID=72) to work on /home/airflow/.local/lib/python3.8/site-packages/airflow/example_dags/example_dag_decorator.py
[2024-01-03T02:18:56.135+0000] {processor.py:830} INFO - Processing file /home/airflow/.local/lib/python3.8/site-packages/airflow/example_dags/example_dag_decorator.py for tasks to queue
[2024-01-03T02:18:56.137+0000] {logging_mixin.py:188} INFO - [2024-01-03T02:18:56.137+0000] {dagbag.py:538} INFO - Filling up the DagBag from /home/airflow/.local/lib/python3.8/site-packages/airflow/example_dags/example_dag_decorator.py
[2024-01-03T02:18:56.294+0000] {processor.py:840} INFO - DAG(s) 'example_dag_decorator' retrieved from /home/airflow/.local/lib/python3.8/site-packages/airflow/example_dags/example_dag_decorator.py
[2024-01-03T02:18:56.365+0000] {logging_mixin.py:188} INFO - [2024-01-03T02:18:56.364+0000] {dag.py:3033} INFO - Sync 1 DAGs
[2024-01-03T02:18:56.373+0000] {logging_mixin.py:188} INFO - [2024-01-03T02:18:56.373+0000] {dag.py:3820} INFO - Setting next_dagrun for example_dag_decorator to None, run_after=None
[2024-01-03T02:18:56.387+0000] {processor.py:183} INFO - Processing /home/airflow/.local/lib/python3.8/site-packages/airflow/example_dags/example_dag_decorator.py took 0.254 seconds
[2024-01-03T02:19:27.308+0000] {processor.py:161} INFO - Started process (PID=128) to work on /home/airflow/.local/lib/python3.8/site-packages/airflow/example_dags/example_dag_decorator.py
[2024-01-03T02:19:27.309+0000] {processor.py:830} INFO - Processing file /home/airflow/.local/lib/python3.8/site-packages/airflow/example_dags/example_dag_decorator.py for tasks to queue
[2024-01-03T02:19:27.310+0000] {logging_mixin.py:188} INFO - [2024-01-03T02:19:27.310+0000] {dagbag.py:538} INFO - Filling up the DagBag from /home/airflow/.local/lib/python3.8/site-packages/airflow/example_dags/example_dag_decorator.py
[2024-01-03T02:19:27.385+0000] {processor.py:840} INFO - DAG(s) 'example_dag_decorator' retrieved from /home/airflow/.local/lib/python3.8/site-packages/airflow/example_dags/example_dag_decorator.py
[2024-01-03T02:19:27.458+0000] {logging_mixin.py:188} INFO - [2024-01-03T02:19:27.458+0000] {dag.py:3033} INFO - Sync 1 DAGs
[2024-01-03T02:19:27.466+0000] {logging_mixin.py:188} INFO - [2024-01-03T02:19:27.465+0000] {dag.py:3820} INFO - Setting next_dagrun for example_dag_decorator to None, run_after=None
[2024-01-03T02:19:27.481+0000] {processor.py:183} INFO - Processing /home/airflow/.local/lib/python3.8/site-packages/airflow/example_dags/example_dag_decorator.py took 0.175 seconds
[2024-01-03T02:19:57.588+0000] {processor.py:161} INFO - Started process (PID=186) to work on /home/airflow/.local/lib/python3.8/site-packages/airflow/example_dags/example_dag_decorator.py
[2024-01-03T02:19:57.589+0000] {processor.py:830} INFO - Processing file /home/airflow/.local/lib/python3.8/site-packages/airflow/example_dags/example_dag_decorator.py for tasks to queue
[2024-01-03T02:19:57.591+0000] {logging_mixin.py:188} INFO - [2024-01-03T02:19:57.591+0000] {dagbag.py:538} INFO - Filling up the DagBag from /home/airflow/.local/lib/python3.8/site-packages/airflow/example_dags/example_dag_decorator.py
[2024-01-03T02:19:57.672+0000] {processor.py:840} INFO - DAG(s) 'example_dag_decorator' retrieved from /home/airflow/.local/lib/python3.8/site-packages/airflow/example_dags/example_dag_decorator.py
[2024-01-03T02:19:57.764+0000] {logging_mixin.py:188} INFO - [2024-01-03T02:19:57.764+0000] {dag.py:3033} INFO - Sync 1 DAGs
[2024-01-03T02:19:57.771+0000] {logging_mixin.py:188} INFO - [2024-01-03T02:19:57.771+0000] {dag.py:3820} INFO - Setting next_dagrun for example_dag_decorator to None, run_after=None
[2024-01-03T02:19:57.785+0000] {processor.py:183} INFO - Processing /home/airflow/.local/lib/python3.8/site-packages/airflow/example_dags/example_dag_decorator.py took 0.198 seconds
[2024-01-03T02:20:28.712+0000] {processor.py:161} INFO - Started process (PID=242) to work on /home/airflow/.local/lib/python3.8/site-packages/airflow/example_dags/example_dag_decorator.py
[2024-01-03T02:20:28.713+0000] {processor.py:830} INFO - Processing file /home/airflow/.local/lib/python3.8/site-packages/airflow/example_dags/example_dag_decorator.py for tasks to queue
[2024-01-03T02:20:28.715+0000] {logging_mixin.py:188} INFO - [2024-01-03T02:20:28.715+0000] {dagbag.py:538} INFO - Filling up the DagBag from /home/airflow/.local/lib/python3.8/site-packages/airflow/example_dags/example_dag_decorator.py
[2024-01-03T02:20:28.782+0000] {processor.py:840} INFO - DAG(s) 'example_dag_decorator' retrieved from /home/airflow/.local/lib/python3.8/site-packages/airflow/example_dags/example_dag_decorator.py
[2024-01-03T02:20:28.790+0000] {logging_mixin.py:188} INFO - [2024-01-03T02:20:28.790+0000] {dag.py:3033} INFO - Sync 1 DAGs
[2024-01-03T02:20:28.800+0000] {logging_mixin.py:188} INFO - [2024-01-03T02:20:28.800+0000] {dag.py:3820} INFO - Setting next_dagrun for example_dag_decorator to None, run_after=None
[2024-01-03T02:20:28.813+0000] {processor.py:183} INFO - Processing /home/airflow/.local/lib/python3.8/site-packages/airflow/example_dags/example_dag_decorator.py took 0.103 seconds
[2024-01-03T02:20:59.391+0000] {processor.py:161} INFO - Started process (PID=297) to work on /home/airflow/.local/lib/python3.8/site-packages/airflow/example_dags/example_dag_decorator.py
[2024-01-03T02:20:59.392+0000] {processor.py:830} INFO - Processing file /home/airflow/.local/lib/python3.8/site-packages/airflow/example_dags/example_dag_decorator.py for tasks to queue
[2024-01-03T02:20:59.393+0000] {logging_mixin.py:188} INFO - [2024-01-03T02:20:59.393+0000] {dagbag.py:538} INFO - Filling up the DagBag from /home/airflow/.local/lib/python3.8/site-packages/airflow/example_dags/example_dag_decorator.py
[2024-01-03T02:20:59.450+0000] {processor.py:840} INFO - DAG(s) 'example_dag_decorator' retrieved from /home/airflow/.local/lib/python3.8/site-packages/airflow/example_dags/example_dag_decorator.py
[2024-01-03T02:20:59.458+0000] {logging_mixin.py:188} INFO - [2024-01-03T02:20:59.457+0000] {dag.py:3033} INFO - Sync 1 DAGs
[2024-01-03T02:20:59.467+0000] {logging_mixin.py:188} INFO - [2024-01-03T02:20:59.467+0000] {dag.py:3820} INFO - Setting next_dagrun for example_dag_decorator to None, run_after=None
[2024-01-03T02:20:59.479+0000] {processor.py:183} INFO - Processing /home/airflow/.local/lib/python3.8/site-packages/airflow/example_dags/example_dag_decorator.py took 0.090 seconds
[2024-01-03T02:21:30.194+0000] {processor.py:161} INFO - Started process (PID=352) to work on /home/airflow/.local/lib/python3.8/site-packages/airflow/example_dags/example_dag_decorator.py
[2024-01-03T02:21:30.194+0000] {processor.py:830} INFO - Processing file /home/airflow/.local/lib/python3.8/site-packages/airflow/example_dags/example_dag_decorator.py for tasks to queue
[2024-01-03T02:21:30.196+0000] {logging_mixin.py:188} INFO - [2024-01-03T02:21:30.195+0000] {dagbag.py:538} INFO - Filling up the DagBag from /home/airflow/.local/lib/python3.8/site-packages/airflow/example_dags/example_dag_decorator.py
[2024-01-03T02:21:30.249+0000] {processor.py:840} INFO - DAG(s) 'example_dag_decorator' retrieved from /home/airflow/.local/lib/python3.8/site-packages/airflow/example_dags/example_dag_decorator.py
[2024-01-03T02:21:30.315+0000] {logging_mixin.py:188} INFO - [2024-01-03T02:21:30.315+0000] {dag.py:3033} INFO - Sync 1 DAGs
[2024-01-03T02:21:30.324+0000] {logging_mixin.py:188} INFO - [2024-01-03T02:21:30.324+0000] {dag.py:3820} INFO - Setting next_dagrun for example_dag_decorator to None, run_after=None
[2024-01-03T02:21:30.338+0000] {processor.py:183} INFO - Processing /home/airflow/.local/lib/python3.8/site-packages/airflow/example_dags/example_dag_decorator.py took 0.146 seconds
[2024-01-03T02:22:00.362+0000] {processor.py:161} INFO - Started process (PID=407) to work on /home/airflow/.local/lib/python3.8/site-packages/airflow/example_dags/example_dag_decorator.py
[2024-01-03T02:22:00.363+0000] {processor.py:830} INFO - Processing file /home/airflow/.local/lib/python3.8/site-packages/airflow/example_dags/example_dag_decorator.py for tasks to queue
[2024-01-03T02:22:00.364+0000] {logging_mixin.py:188} INFO - [2024-01-03T02:22:00.364+0000] {dagbag.py:538} INFO - Filling up the DagBag from /home/airflow/.local/lib/python3.8/site-packages/airflow/example_dags/example_dag_decorator.py
[2024-01-03T02:22:00.423+0000] {processor.py:840} INFO - DAG(s) 'example_dag_decorator' retrieved from /home/airflow/.local/lib/python3.8/site-packages/airflow/example_dags/example_dag_decorator.py
[2024-01-03T02:22:00.492+0000] {logging_mixin.py:188} INFO - [2024-01-03T02:22:00.492+0000] {dag.py:3033} INFO - Sync 1 DAGs
[2024-01-03T02:22:00.502+0000] {logging_mixin.py:188} INFO - [2024-01-03T02:22:00.502+0000] {dag.py:3820} INFO - Setting next_dagrun for example_dag_decorator to None, run_after=None
[2024-01-03T02:22:00.515+0000] {processor.py:183} INFO - Processing /home/airflow/.local/lib/python3.8/site-packages/airflow/example_dags/example_dag_decorator.py took 0.155 seconds
[2024-01-03T02:22:30.726+0000] {processor.py:161} INFO - Started process (PID=462) to work on /home/airflow/.local/lib/python3.8/site-packages/airflow/example_dags/example_dag_decorator.py
[2024-01-03T02:22:30.727+0000] {processor.py:830} INFO - Processing file /home/airflow/.local/lib/python3.8/site-packages/airflow/example_dags/example_dag_decorator.py for tasks to queue
[2024-01-03T02:22:30.729+0000] {logging_mixin.py:188} INFO - [2024-01-03T02:22:30.728+0000] {dagbag.py:538} INFO - Filling up the DagBag from /home/airflow/.local/lib/python3.8/site-packages/airflow/example_dags/example_dag_decorator.py
[2024-01-03T02:22:30.786+0000] {processor.py:840} INFO - DAG(s) 'example_dag_decorator' retrieved from /home/airflow/.local/lib/python3.8/site-packages/airflow/example_dags/example_dag_decorator.py
[2024-01-03T02:22:30.860+0000] {logging_mixin.py:188} INFO - [2024-01-03T02:22:30.860+0000] {dag.py:3033} INFO - Sync 1 DAGs
[2024-01-03T02:22:30.871+0000] {logging_mixin.py:188} INFO - [2024-01-03T02:22:30.871+0000] {dag.py:3820} INFO - Setting next_dagrun for example_dag_decorator to None, run_after=None
[2024-01-03T02:22:30.887+0000] {processor.py:183} INFO - Processing /home/airflow/.local/lib/python3.8/site-packages/airflow/example_dags/example_dag_decorator.py took 0.163 seconds
[2024-01-03T02:23:00.955+0000] {processor.py:161} INFO - Started process (PID=518) to work on /home/airflow/.local/lib/python3.8/site-packages/airflow/example_dags/example_dag_decorator.py
[2024-01-03T02:23:00.955+0000] {processor.py:830} INFO - Processing file /home/airflow/.local/lib/python3.8/site-packages/airflow/example_dags/example_dag_decorator.py for tasks to queue
[2024-01-03T02:23:00.957+0000] {logging_mixin.py:188} INFO - [2024-01-03T02:23:00.957+0000] {dagbag.py:538} INFO - Filling up the DagBag from /home/airflow/.local/lib/python3.8/site-packages/airflow/example_dags/example_dag_decorator.py
[2024-01-03T02:23:01.014+0000] {processor.py:840} INFO - DAG(s) 'example_dag_decorator' retrieved from /home/airflow/.local/lib/python3.8/site-packages/airflow/example_dags/example_dag_decorator.py
[2024-01-03T02:23:01.087+0000] {logging_mixin.py:188} INFO - [2024-01-03T02:23:01.087+0000] {dag.py:3033} INFO - Sync 1 DAGs
[2024-01-03T02:23:01.097+0000] {logging_mixin.py:188} INFO - [2024-01-03T02:23:01.097+0000] {dag.py:3820} INFO - Setting next_dagrun for example_dag_decorator to None, run_after=None
[2024-01-03T02:23:01.115+0000] {processor.py:183} INFO - Processing /home/airflow/.local/lib/python3.8/site-packages/airflow/example_dags/example_dag_decorator.py took 0.163 seconds
[2024-01-03T02:23:31.214+0000] {processor.py:161} INFO - Started process (PID=575) to work on /home/airflow/.local/lib/python3.8/site-packages/airflow/example_dags/example_dag_decorator.py
[2024-01-03T02:23:31.214+0000] {processor.py:830} INFO - Processing file /home/airflow/.local/lib/python3.8/site-packages/airflow/example_dags/example_dag_decorator.py for tasks to queue
[2024-01-03T02:23:31.216+0000] {logging_mixin.py:188} INFO - [2024-01-03T02:23:31.215+0000] {dagbag.py:538} INFO - Filling up the DagBag from /home/airflow/.local/lib/python3.8/site-packages/airflow/example_dags/example_dag_decorator.py
[2024-01-03T02:23:31.271+0000] {processor.py:840} INFO - DAG(s) 'example_dag_decorator' retrieved from /home/airflow/.local/lib/python3.8/site-packages/airflow/example_dags/example_dag_decorator.py
[2024-01-03T02:23:31.337+0000] {logging_mixin.py:188} INFO - [2024-01-03T02:23:31.337+0000] {dag.py:3033} INFO - Sync 1 DAGs
[2024-01-03T02:23:31.345+0000] {logging_mixin.py:188} INFO - [2024-01-03T02:23:31.345+0000] {dag.py:3820} INFO - Setting next_dagrun for example_dag_decorator to None, run_after=None
[2024-01-03T02:23:31.357+0000] {processor.py:183} INFO - Processing /home/airflow/.local/lib/python3.8/site-packages/airflow/example_dags/example_dag_decorator.py took 0.146 seconds
[2024-01-03T02:24:01.455+0000] {processor.py:161} INFO - Started process (PID=627) to work on /home/airflow/.local/lib/python3.8/site-packages/airflow/example_dags/example_dag_decorator.py
[2024-01-03T02:24:01.456+0000] {processor.py:830} INFO - Processing file /home/airflow/.local/lib/python3.8/site-packages/airflow/example_dags/example_dag_decorator.py for tasks to queue
[2024-01-03T02:24:01.458+0000] {logging_mixin.py:188} INFO - [2024-01-03T02:24:01.457+0000] {dagbag.py:538} INFO - Filling up the DagBag from /home/airflow/.local/lib/python3.8/site-packages/airflow/example_dags/example_dag_decorator.py
[2024-01-03T02:24:01.536+0000] {processor.py:840} INFO - DAG(s) 'example_dag_decorator' retrieved from /home/airflow/.local/lib/python3.8/site-packages/airflow/example_dags/example_dag_decorator.py
[2024-01-03T02:24:01.609+0000] {logging_mixin.py:188} INFO - [2024-01-03T02:24:01.609+0000] {dag.py:3033} INFO - Sync 1 DAGs
[2024-01-03T02:24:01.619+0000] {logging_mixin.py:188} INFO - [2024-01-03T02:24:01.618+0000] {dag.py:3820} INFO - Setting next_dagrun for example_dag_decorator to None, run_after=None
[2024-01-03T02:24:01.635+0000] {processor.py:183} INFO - Processing /home/airflow/.local/lib/python3.8/site-packages/airflow/example_dags/example_dag_decorator.py took 0.182 seconds
[2024-01-03T02:24:32.254+0000] {processor.py:161} INFO - Started process (PID=682) to work on /home/airflow/.local/lib/python3.8/site-packages/airflow/example_dags/example_dag_decorator.py
[2024-01-03T02:24:32.255+0000] {processor.py:830} INFO - Processing file /home/airflow/.local/lib/python3.8/site-packages/airflow/example_dags/example_dag_decorator.py for tasks to queue
[2024-01-03T02:24:32.257+0000] {logging_mixin.py:188} INFO - [2024-01-03T02:24:32.257+0000] {dagbag.py:538} INFO - Filling up the DagBag from /home/airflow/.local/lib/python3.8/site-packages/airflow/example_dags/example_dag_decorator.py
[2024-01-03T02:24:32.315+0000] {processor.py:840} INFO - DAG(s) 'example_dag_decorator' retrieved from /home/airflow/.local/lib/python3.8/site-packages/airflow/example_dags/example_dag_decorator.py
[2024-01-03T02:24:32.389+0000] {logging_mixin.py:188} INFO - [2024-01-03T02:24:32.389+0000] {dag.py:3033} INFO - Sync 1 DAGs
[2024-01-03T02:24:32.397+0000] {logging_mixin.py:188} INFO - [2024-01-03T02:24:32.397+0000] {dag.py:3820} INFO - Setting next_dagrun for example_dag_decorator to None, run_after=None
[2024-01-03T02:24:32.413+0000] {processor.py:183} INFO - Processing /home/airflow/.local/lib/python3.8/site-packages/airflow/example_dags/example_dag_decorator.py took 0.161 seconds
[2024-01-03T02:25:03.078+0000] {processor.py:161} INFO - Started process (PID=737) to work on /home/airflow/.local/lib/python3.8/site-packages/airflow/example_dags/example_dag_decorator.py
[2024-01-03T02:25:03.078+0000] {processor.py:830} INFO - Processing file /home/airflow/.local/lib/python3.8/site-packages/airflow/example_dags/example_dag_decorator.py for tasks to queue
[2024-01-03T02:25:03.080+0000] {logging_mixin.py:188} INFO - [2024-01-03T02:25:03.080+0000] {dagbag.py:538} INFO - Filling up the DagBag from /home/airflow/.local/lib/python3.8/site-packages/airflow/example_dags/example_dag_decorator.py
[2024-01-03T02:25:03.134+0000] {processor.py:840} INFO - DAG(s) 'example_dag_decorator' retrieved from /home/airflow/.local/lib/python3.8/site-packages/airflow/example_dags/example_dag_decorator.py
[2024-01-03T02:25:03.201+0000] {logging_mixin.py:188} INFO - [2024-01-03T02:25:03.201+0000] {dag.py:3033} INFO - Sync 1 DAGs
[2024-01-03T02:25:03.318+0000] {logging_mixin.py:188} INFO - [2024-01-03T02:25:03.317+0000] {dag.py:3820} INFO - Setting next_dagrun for example_dag_decorator to None, run_after=None
[2024-01-03T02:25:03.330+0000] {processor.py:183} INFO - Processing /home/airflow/.local/lib/python3.8/site-packages/airflow/example_dags/example_dag_decorator.py took 0.254 seconds
[2024-01-03T02:25:33.370+0000] {processor.py:161} INFO - Started process (PID=794) to work on /home/airflow/.local/lib/python3.8/site-packages/airflow/example_dags/example_dag_decorator.py
[2024-01-03T02:25:33.371+0000] {processor.py:830} INFO - Processing file /home/airflow/.local/lib/python3.8/site-packages/airflow/example_dags/example_dag_decorator.py for tasks to queue
[2024-01-03T02:25:33.373+0000] {logging_mixin.py:188} INFO - [2024-01-03T02:25:33.372+0000] {dagbag.py:538} INFO - Filling up the DagBag from /home/airflow/.local/lib/python3.8/site-packages/airflow/example_dags/example_dag_decorator.py
[2024-01-03T02:25:33.428+0000] {processor.py:840} INFO - DAG(s) 'example_dag_decorator' retrieved from /home/airflow/.local/lib/python3.8/site-packages/airflow/example_dags/example_dag_decorator.py
[2024-01-03T02:25:33.497+0000] {logging_mixin.py:188} INFO - [2024-01-03T02:25:33.496+0000] {dag.py:3033} INFO - Sync 1 DAGs
[2024-01-03T02:25:33.504+0000] {logging_mixin.py:188} INFO - [2024-01-03T02:25:33.504+0000] {dag.py:3820} INFO - Setting next_dagrun for example_dag_decorator to None, run_after=None
[2024-01-03T02:25:33.519+0000] {processor.py:183} INFO - Processing /home/airflow/.local/lib/python3.8/site-packages/airflow/example_dags/example_dag_decorator.py took 0.150 seconds
[2024-01-03T02:26:03.553+0000] {processor.py:161} INFO - Started process (PID=851) to work on /home/airflow/.local/lib/python3.8/site-packages/airflow/example_dags/example_dag_decorator.py
[2024-01-03T02:26:03.554+0000] {processor.py:830} INFO - Processing file /home/airflow/.local/lib/python3.8/site-packages/airflow/example_dags/example_dag_decorator.py for tasks to queue
[2024-01-03T02:26:03.556+0000] {logging_mixin.py:188} INFO - [2024-01-03T02:26:03.555+0000] {dagbag.py:538} INFO - Filling up the DagBag from /home/airflow/.local/lib/python3.8/site-packages/airflow/example_dags/example_dag_decorator.py
[2024-01-03T02:26:03.610+0000] {processor.py:840} INFO - DAG(s) 'example_dag_decorator' retrieved from /home/airflow/.local/lib/python3.8/site-packages/airflow/example_dags/example_dag_decorator.py
[2024-01-03T02:26:03.675+0000] {logging_mixin.py:188} INFO - [2024-01-03T02:26:03.675+0000] {dag.py:3033} INFO - Sync 1 DAGs
[2024-01-03T02:26:03.683+0000] {logging_mixin.py:188} INFO - [2024-01-03T02:26:03.683+0000] {dag.py:3820} INFO - Setting next_dagrun for example_dag_decorator to None, run_after=None
[2024-01-03T02:26:03.695+0000] {processor.py:183} INFO - Processing /home/airflow/.local/lib/python3.8/site-packages/airflow/example_dags/example_dag_decorator.py took 0.144 seconds
[2024-01-03T02:26:34.651+0000] {processor.py:161} INFO - Started process (PID=906) to work on /home/airflow/.local/lib/python3.8/site-packages/airflow/example_dags/example_dag_decorator.py
[2024-01-03T02:26:34.652+0000] {processor.py:830} INFO - Processing file /home/airflow/.local/lib/python3.8/site-packages/airflow/example_dags/example_dag_decorator.py for tasks to queue
[2024-01-03T02:26:34.654+0000] {logging_mixin.py:188} INFO - [2024-01-03T02:26:34.654+0000] {dagbag.py:538} INFO - Filling up the DagBag from /home/airflow/.local/lib/python3.8/site-packages/airflow/example_dags/example_dag_decorator.py
[2024-01-03T02:26:34.716+0000] {processor.py:840} INFO - DAG(s) 'example_dag_decorator' retrieved from /home/airflow/.local/lib/python3.8/site-packages/airflow/example_dags/example_dag_decorator.py
[2024-01-03T02:26:34.782+0000] {logging_mixin.py:188} INFO - [2024-01-03T02:26:34.782+0000] {dag.py:3033} INFO - Sync 1 DAGs
[2024-01-03T02:26:34.790+0000] {logging_mixin.py:188} INFO - [2024-01-03T02:26:34.790+0000] {dag.py:3820} INFO - Setting next_dagrun for example_dag_decorator to None, run_after=None
[2024-01-03T02:26:34.804+0000] {processor.py:183} INFO - Processing /home/airflow/.local/lib/python3.8/site-packages/airflow/example_dags/example_dag_decorator.py took 0.155 seconds
[2024-01-03T02:27:05.443+0000] {processor.py:161} INFO - Started process (PID=961) to work on /home/airflow/.local/lib/python3.8/site-packages/airflow/example_dags/example_dag_decorator.py
[2024-01-03T02:27:05.444+0000] {processor.py:830} INFO - Processing file /home/airflow/.local/lib/python3.8/site-packages/airflow/example_dags/example_dag_decorator.py for tasks to queue
[2024-01-03T02:27:05.445+0000] {logging_mixin.py:188} INFO - [2024-01-03T02:27:05.445+0000] {dagbag.py:538} INFO - Filling up the DagBag from /home/airflow/.local/lib/python3.8/site-packages/airflow/example_dags/example_dag_decorator.py
[2024-01-03T02:27:05.501+0000] {processor.py:840} INFO - DAG(s) 'example_dag_decorator' retrieved from /home/airflow/.local/lib/python3.8/site-packages/airflow/example_dags/example_dag_decorator.py
[2024-01-03T02:27:05.567+0000] {logging_mixin.py:188} INFO - [2024-01-03T02:27:05.567+0000] {dag.py:3033} INFO - Sync 1 DAGs
[2024-01-03T02:27:05.574+0000] {logging_mixin.py:188} INFO - [2024-01-03T02:27:05.574+0000] {dag.py:3820} INFO - Setting next_dagrun for example_dag_decorator to None, run_after=None
[2024-01-03T02:27:05.586+0000] {processor.py:183} INFO - Processing /home/airflow/.local/lib/python3.8/site-packages/airflow/example_dags/example_dag_decorator.py took 0.144 seconds
[2024-01-03T02:27:36.247+0000] {processor.py:161} INFO - Started process (PID=1016) to work on /home/airflow/.local/lib/python3.8/site-packages/airflow/example_dags/example_dag_decorator.py
[2024-01-03T02:27:36.247+0000] {processor.py:830} INFO - Processing file /home/airflow/.local/lib/python3.8/site-packages/airflow/example_dags/example_dag_decorator.py for tasks to queue
[2024-01-03T02:27:36.249+0000] {logging_mixin.py:188} INFO - [2024-01-03T02:27:36.249+0000] {dagbag.py:538} INFO - Filling up the DagBag from /home/airflow/.local/lib/python3.8/site-packages/airflow/example_dags/example_dag_decorator.py
[2024-01-03T02:27:36.305+0000] {processor.py:840} INFO - DAG(s) 'example_dag_decorator' retrieved from /home/airflow/.local/lib/python3.8/site-packages/airflow/example_dags/example_dag_decorator.py
[2024-01-03T02:27:36.369+0000] {logging_mixin.py:188} INFO - [2024-01-03T02:27:36.369+0000] {dag.py:3033} INFO - Sync 1 DAGs
[2024-01-03T02:27:36.477+0000] {logging_mixin.py:188} INFO - [2024-01-03T02:27:36.476+0000] {dag.py:3820} INFO - Setting next_dagrun for example_dag_decorator to None, run_after=None
[2024-01-03T02:27:36.489+0000] {processor.py:183} INFO - Processing /home/airflow/.local/lib/python3.8/site-packages/airflow/example_dags/example_dag_decorator.py took 0.244 seconds
[2024-01-03T02:28:07.077+0000] {processor.py:161} INFO - Started process (PID=1071) to work on /home/airflow/.local/lib/python3.8/site-packages/airflow/example_dags/example_dag_decorator.py
[2024-01-03T02:28:07.078+0000] {processor.py:830} INFO - Processing file /home/airflow/.local/lib/python3.8/site-packages/airflow/example_dags/example_dag_decorator.py for tasks to queue
[2024-01-03T02:28:07.080+0000] {logging_mixin.py:188} INFO - [2024-01-03T02:28:07.079+0000] {dagbag.py:538} INFO - Filling up the DagBag from /home/airflow/.local/lib/python3.8/site-packages/airflow/example_dags/example_dag_decorator.py
[2024-01-03T02:28:07.139+0000] {processor.py:840} INFO - DAG(s) 'example_dag_decorator' retrieved from /home/airflow/.local/lib/python3.8/site-packages/airflow/example_dags/example_dag_decorator.py
[2024-01-03T02:28:07.202+0000] {logging_mixin.py:188} INFO - [2024-01-03T02:28:07.202+0000] {dag.py:3033} INFO - Sync 1 DAGs
[2024-01-03T02:28:07.211+0000] {logging_mixin.py:188} INFO - [2024-01-03T02:28:07.210+0000] {dag.py:3820} INFO - Setting next_dagrun for example_dag_decorator to None, run_after=None
[2024-01-03T02:28:07.316+0000] {processor.py:183} INFO - Processing /home/airflow/.local/lib/python3.8/site-packages/airflow/example_dags/example_dag_decorator.py took 0.241 seconds
[2024-01-03T02:28:37.874+0000] {processor.py:161} INFO - Started process (PID=1126) to work on /home/airflow/.local/lib/python3.8/site-packages/airflow/example_dags/example_dag_decorator.py
[2024-01-03T02:28:37.874+0000] {processor.py:830} INFO - Processing file /home/airflow/.local/lib/python3.8/site-packages/airflow/example_dags/example_dag_decorator.py for tasks to queue
[2024-01-03T02:28:37.876+0000] {logging_mixin.py:188} INFO - [2024-01-03T02:28:37.875+0000] {dagbag.py:538} INFO - Filling up the DagBag from /home/airflow/.local/lib/python3.8/site-packages/airflow/example_dags/example_dag_decorator.py
[2024-01-03T02:28:37.931+0000] {processor.py:840} INFO - DAG(s) 'example_dag_decorator' retrieved from /home/airflow/.local/lib/python3.8/site-packages/airflow/example_dags/example_dag_decorator.py
[2024-01-03T02:28:37.996+0000] {logging_mixin.py:188} INFO - [2024-01-03T02:28:37.996+0000] {dag.py:3033} INFO - Sync 1 DAGs
[2024-01-03T02:28:38.003+0000] {logging_mixin.py:188} INFO - [2024-01-03T02:28:38.003+0000] {dag.py:3820} INFO - Setting next_dagrun for example_dag_decorator to None, run_after=None
[2024-01-03T02:28:38.015+0000] {processor.py:183} INFO - Processing /home/airflow/.local/lib/python3.8/site-packages/airflow/example_dags/example_dag_decorator.py took 0.143 seconds
[2024-01-03T02:29:08.642+0000] {processor.py:161} INFO - Started process (PID=1181) to work on /home/airflow/.local/lib/python3.8/site-packages/airflow/example_dags/example_dag_decorator.py
[2024-01-03T02:29:08.642+0000] {processor.py:830} INFO - Processing file /home/airflow/.local/lib/python3.8/site-packages/airflow/example_dags/example_dag_decorator.py for tasks to queue
[2024-01-03T02:29:08.644+0000] {logging_mixin.py:188} INFO - [2024-01-03T02:29:08.644+0000] {dagbag.py:538} INFO - Filling up the DagBag from /home/airflow/.local/lib/python3.8/site-packages/airflow/example_dags/example_dag_decorator.py
[2024-01-03T02:29:08.701+0000] {processor.py:840} INFO - DAG(s) 'example_dag_decorator' retrieved from /home/airflow/.local/lib/python3.8/site-packages/airflow/example_dags/example_dag_decorator.py
[2024-01-03T02:29:08.766+0000] {logging_mixin.py:188} INFO - [2024-01-03T02:29:08.766+0000] {dag.py:3033} INFO - Sync 1 DAGs
[2024-01-03T02:29:08.773+0000] {logging_mixin.py:188} INFO - [2024-01-03T02:29:08.773+0000] {dag.py:3820} INFO - Setting next_dagrun for example_dag_decorator to None, run_after=None
[2024-01-03T02:29:08.786+0000] {processor.py:183} INFO - Processing /home/airflow/.local/lib/python3.8/site-packages/airflow/example_dags/example_dag_decorator.py took 0.146 seconds
[2024-01-03T02:29:39.501+0000] {processor.py:161} INFO - Started process (PID=1236) to work on /home/airflow/.local/lib/python3.8/site-packages/airflow/example_dags/example_dag_decorator.py
[2024-01-03T02:29:39.502+0000] {processor.py:830} INFO - Processing file /home/airflow/.local/lib/python3.8/site-packages/airflow/example_dags/example_dag_decorator.py for tasks to queue
[2024-01-03T02:29:39.504+0000] {logging_mixin.py:188} INFO - [2024-01-03T02:29:39.503+0000] {dagbag.py:538} INFO - Filling up the DagBag from /home/airflow/.local/lib/python3.8/site-packages/airflow/example_dags/example_dag_decorator.py
[2024-01-03T02:29:39.576+0000] {processor.py:840} INFO - DAG(s) 'example_dag_decorator' retrieved from /home/airflow/.local/lib/python3.8/site-packages/airflow/example_dags/example_dag_decorator.py
[2024-01-03T02:29:39.744+0000] {logging_mixin.py:188} INFO - [2024-01-03T02:29:39.743+0000] {dag.py:3033} INFO - Sync 1 DAGs
[2024-01-03T02:29:39.750+0000] {logging_mixin.py:188} INFO - [2024-01-03T02:29:39.750+0000] {dag.py:3820} INFO - Setting next_dagrun for example_dag_decorator to None, run_after=None
[2024-01-03T02:29:39.762+0000] {processor.py:183} INFO - Processing /home/airflow/.local/lib/python3.8/site-packages/airflow/example_dags/example_dag_decorator.py took 0.263 seconds
[2024-01-03T02:30:10.633+0000] {processor.py:161} INFO - Started process (PID=1294) to work on /home/airflow/.local/lib/python3.8/site-packages/airflow/example_dags/example_dag_decorator.py
[2024-01-03T02:30:10.634+0000] {processor.py:830} INFO - Processing file /home/airflow/.local/lib/python3.8/site-packages/airflow/example_dags/example_dag_decorator.py for tasks to queue
[2024-01-03T02:30:10.636+0000] {logging_mixin.py:188} INFO - [2024-01-03T02:30:10.636+0000] {dagbag.py:538} INFO - Filling up the DagBag from /home/airflow/.local/lib/python3.8/site-packages/airflow/example_dags/example_dag_decorator.py
[2024-01-03T02:30:10.693+0000] {processor.py:840} INFO - DAG(s) 'example_dag_decorator' retrieved from /home/airflow/.local/lib/python3.8/site-packages/airflow/example_dags/example_dag_decorator.py
[2024-01-03T02:30:10.863+0000] {logging_mixin.py:188} INFO - [2024-01-03T02:30:10.862+0000] {dag.py:3033} INFO - Sync 1 DAGs
[2024-01-03T02:30:10.870+0000] {logging_mixin.py:188} INFO - [2024-01-03T02:30:10.870+0000] {dag.py:3820} INFO - Setting next_dagrun for example_dag_decorator to None, run_after=None
[2024-01-03T02:30:10.883+0000] {processor.py:183} INFO - Processing /home/airflow/.local/lib/python3.8/site-packages/airflow/example_dags/example_dag_decorator.py took 0.252 seconds
[2024-01-03T02:30:41.698+0000] {processor.py:161} INFO - Started process (PID=1349) to work on /home/airflow/.local/lib/python3.8/site-packages/airflow/example_dags/example_dag_decorator.py
[2024-01-03T02:30:41.699+0000] {processor.py:830} INFO - Processing file /home/airflow/.local/lib/python3.8/site-packages/airflow/example_dags/example_dag_decorator.py for tasks to queue
[2024-01-03T02:30:41.701+0000] {logging_mixin.py:188} INFO - [2024-01-03T02:30:41.700+0000] {dagbag.py:538} INFO - Filling up the DagBag from /home/airflow/.local/lib/python3.8/site-packages/airflow/example_dags/example_dag_decorator.py
[2024-01-03T02:30:41.774+0000] {processor.py:840} INFO - DAG(s) 'example_dag_decorator' retrieved from /home/airflow/.local/lib/python3.8/site-packages/airflow/example_dags/example_dag_decorator.py
[2024-01-03T02:30:41.947+0000] {logging_mixin.py:188} INFO - [2024-01-03T02:30:41.947+0000] {dag.py:3033} INFO - Sync 1 DAGs
[2024-01-03T02:30:41.955+0000] {logging_mixin.py:188} INFO - [2024-01-03T02:30:41.955+0000] {dag.py:3820} INFO - Setting next_dagrun for example_dag_decorator to None, run_after=None
[2024-01-03T02:30:41.968+0000] {processor.py:183} INFO - Processing /home/airflow/.local/lib/python3.8/site-packages/airflow/example_dags/example_dag_decorator.py took 0.272 seconds
[2024-01-03T02:31:12.056+0000] {processor.py:161} INFO - Started process (PID=1404) to work on /home/airflow/.local/lib/python3.8/site-packages/airflow/example_dags/example_dag_decorator.py
[2024-01-03T02:31:12.057+0000] {processor.py:830} INFO - Processing file /home/airflow/.local/lib/python3.8/site-packages/airflow/example_dags/example_dag_decorator.py for tasks to queue
[2024-01-03T02:31:12.058+0000] {logging_mixin.py:188} INFO - [2024-01-03T02:31:12.058+0000] {dagbag.py:538} INFO - Filling up the DagBag from /home/airflow/.local/lib/python3.8/site-packages/airflow/example_dags/example_dag_decorator.py
[2024-01-03T02:31:12.110+0000] {processor.py:840} INFO - DAG(s) 'example_dag_decorator' retrieved from /home/airflow/.local/lib/python3.8/site-packages/airflow/example_dags/example_dag_decorator.py
[2024-01-03T02:31:12.175+0000] {logging_mixin.py:188} INFO - [2024-01-03T02:31:12.175+0000] {dag.py:3033} INFO - Sync 1 DAGs
[2024-01-03T02:31:12.281+0000] {logging_mixin.py:188} INFO - [2024-01-03T02:31:12.281+0000] {dag.py:3820} INFO - Setting next_dagrun for example_dag_decorator to None, run_after=None
[2024-01-03T02:31:12.294+0000] {processor.py:183} INFO - Processing /home/airflow/.local/lib/python3.8/site-packages/airflow/example_dags/example_dag_decorator.py took 0.240 seconds
[2024-01-03T02:31:43.189+0000] {processor.py:161} INFO - Started process (PID=1459) to work on /home/airflow/.local/lib/python3.8/site-packages/airflow/example_dags/example_dag_decorator.py
[2024-01-03T02:31:43.190+0000] {processor.py:830} INFO - Processing file /home/airflow/.local/lib/python3.8/site-packages/airflow/example_dags/example_dag_decorator.py for tasks to queue
[2024-01-03T02:31:43.192+0000] {logging_mixin.py:188} INFO - [2024-01-03T02:31:43.192+0000] {dagbag.py:538} INFO - Filling up the DagBag from /home/airflow/.local/lib/python3.8/site-packages/airflow/example_dags/example_dag_decorator.py
[2024-01-03T02:31:43.244+0000] {processor.py:840} INFO - DAG(s) 'example_dag_decorator' retrieved from /home/airflow/.local/lib/python3.8/site-packages/airflow/example_dags/example_dag_decorator.py
[2024-01-03T02:31:43.405+0000] {logging_mixin.py:188} INFO - [2024-01-03T02:31:43.404+0000] {dag.py:3033} INFO - Sync 1 DAGs
[2024-01-03T02:31:43.412+0000] {logging_mixin.py:188} INFO - [2024-01-03T02:31:43.412+0000] {dag.py:3820} INFO - Setting next_dagrun for example_dag_decorator to None, run_after=None
[2024-01-03T02:31:43.424+0000] {processor.py:183} INFO - Processing /home/airflow/.local/lib/python3.8/site-packages/airflow/example_dags/example_dag_decorator.py took 0.237 seconds
[2024-01-03T02:32:14.313+0000] {processor.py:161} INFO - Started process (PID=1514) to work on /home/airflow/.local/lib/python3.8/site-packages/airflow/example_dags/example_dag_decorator.py
[2024-01-03T02:32:14.314+0000] {processor.py:830} INFO - Processing file /home/airflow/.local/lib/python3.8/site-packages/airflow/example_dags/example_dag_decorator.py for tasks to queue
[2024-01-03T02:32:14.316+0000] {logging_mixin.py:188} INFO - [2024-01-03T02:32:14.316+0000] {dagbag.py:538} INFO - Filling up the DagBag from /home/airflow/.local/lib/python3.8/site-packages/airflow/example_dags/example_dag_decorator.py
[2024-01-03T02:32:14.379+0000] {processor.py:840} INFO - DAG(s) 'example_dag_decorator' retrieved from /home/airflow/.local/lib/python3.8/site-packages/airflow/example_dags/example_dag_decorator.py
[2024-01-03T02:32:14.596+0000] {logging_mixin.py:188} INFO - [2024-01-03T02:32:14.596+0000] {dag.py:3033} INFO - Sync 1 DAGs
[2024-01-03T02:32:14.605+0000] {logging_mixin.py:188} INFO - [2024-01-03T02:32:14.605+0000] {dag.py:3820} INFO - Setting next_dagrun for example_dag_decorator to None, run_after=None
[2024-01-03T02:32:14.618+0000] {processor.py:183} INFO - Processing /home/airflow/.local/lib/python3.8/site-packages/airflow/example_dags/example_dag_decorator.py took 0.308 seconds
[2024-01-03T02:32:45.411+0000] {processor.py:161} INFO - Started process (PID=1569) to work on /home/airflow/.local/lib/python3.8/site-packages/airflow/example_dags/example_dag_decorator.py
[2024-01-03T02:32:45.412+0000] {processor.py:830} INFO - Processing file /home/airflow/.local/lib/python3.8/site-packages/airflow/example_dags/example_dag_decorator.py for tasks to queue
[2024-01-03T02:32:45.414+0000] {logging_mixin.py:188} INFO - [2024-01-03T02:32:45.413+0000] {dagbag.py:538} INFO - Filling up the DagBag from /home/airflow/.local/lib/python3.8/site-packages/airflow/example_dags/example_dag_decorator.py
[2024-01-03T02:32:45.468+0000] {processor.py:840} INFO - DAG(s) 'example_dag_decorator' retrieved from /home/airflow/.local/lib/python3.8/site-packages/airflow/example_dags/example_dag_decorator.py
[2024-01-03T02:32:45.640+0000] {logging_mixin.py:188} INFO - [2024-01-03T02:32:45.640+0000] {dag.py:3033} INFO - Sync 1 DAGs
[2024-01-03T02:32:45.647+0000] {logging_mixin.py:188} INFO - [2024-01-03T02:32:45.647+0000] {dag.py:3820} INFO - Setting next_dagrun for example_dag_decorator to None, run_after=None
[2024-01-03T02:32:45.660+0000] {processor.py:183} INFO - Processing /home/airflow/.local/lib/python3.8/site-packages/airflow/example_dags/example_dag_decorator.py took 0.250 seconds
[2024-01-03T02:33:16.590+0000] {processor.py:161} INFO - Started process (PID=1630) to work on /home/airflow/.local/lib/python3.8/site-packages/airflow/example_dags/example_dag_decorator.py
[2024-01-03T02:33:16.591+0000] {processor.py:830} INFO - Processing file /home/airflow/.local/lib/python3.8/site-packages/airflow/example_dags/example_dag_decorator.py for tasks to queue
[2024-01-03T02:33:16.592+0000] {logging_mixin.py:188} INFO - [2024-01-03T02:33:16.592+0000] {dagbag.py:538} INFO - Filling up the DagBag from /home/airflow/.local/lib/python3.8/site-packages/airflow/example_dags/example_dag_decorator.py
[2024-01-03T02:33:16.649+0000] {processor.py:840} INFO - DAG(s) 'example_dag_decorator' retrieved from /home/airflow/.local/lib/python3.8/site-packages/airflow/example_dags/example_dag_decorator.py
[2024-01-03T02:33:16.820+0000] {logging_mixin.py:188} INFO - [2024-01-03T02:33:16.820+0000] {dag.py:3033} INFO - Sync 1 DAGs
[2024-01-03T02:33:16.829+0000] {logging_mixin.py:188} INFO - [2024-01-03T02:33:16.829+0000] {dag.py:3820} INFO - Setting next_dagrun for example_dag_decorator to None, run_after=None
[2024-01-03T02:33:16.845+0000] {processor.py:183} INFO - Processing /home/airflow/.local/lib/python3.8/site-packages/airflow/example_dags/example_dag_decorator.py took 0.257 seconds
[2024-01-03T02:33:47.745+0000] {processor.py:161} INFO - Started process (PID=1685) to work on /home/airflow/.local/lib/python3.8/site-packages/airflow/example_dags/example_dag_decorator.py
[2024-01-03T02:33:47.745+0000] {processor.py:830} INFO - Processing file /home/airflow/.local/lib/python3.8/site-packages/airflow/example_dags/example_dag_decorator.py for tasks to queue
[2024-01-03T02:33:47.747+0000] {logging_mixin.py:188} INFO - [2024-01-03T02:33:47.747+0000] {dagbag.py:538} INFO - Filling up the DagBag from /home/airflow/.local/lib/python3.8/site-packages/airflow/example_dags/example_dag_decorator.py
[2024-01-03T02:33:47.798+0000] {processor.py:840} INFO - DAG(s) 'example_dag_decorator' retrieved from /home/airflow/.local/lib/python3.8/site-packages/airflow/example_dags/example_dag_decorator.py
[2024-01-03T02:33:47.957+0000] {logging_mixin.py:188} INFO - [2024-01-03T02:33:47.957+0000] {dag.py:3033} INFO - Sync 1 DAGs
[2024-01-03T02:33:47.964+0000] {logging_mixin.py:188} INFO - [2024-01-03T02:33:47.964+0000] {dag.py:3820} INFO - Setting next_dagrun for example_dag_decorator to None, run_after=None
[2024-01-03T02:33:47.977+0000] {processor.py:183} INFO - Processing /home/airflow/.local/lib/python3.8/site-packages/airflow/example_dags/example_dag_decorator.py took 0.234 seconds
[2024-01-03T02:34:18.658+0000] {processor.py:161} INFO - Started process (PID=1741) to work on /home/airflow/.local/lib/python3.8/site-packages/airflow/example_dags/example_dag_decorator.py
[2024-01-03T02:34:18.659+0000] {processor.py:830} INFO - Processing file /home/airflow/.local/lib/python3.8/site-packages/airflow/example_dags/example_dag_decorator.py for tasks to queue
[2024-01-03T02:34:18.661+0000] {logging_mixin.py:188} INFO - [2024-01-03T02:34:18.660+0000] {dagbag.py:538} INFO - Filling up the DagBag from /home/airflow/.local/lib/python3.8/site-packages/airflow/example_dags/example_dag_decorator.py
[2024-01-03T02:34:18.714+0000] {processor.py:840} INFO - DAG(s) 'example_dag_decorator' retrieved from /home/airflow/.local/lib/python3.8/site-packages/airflow/example_dags/example_dag_decorator.py
[2024-01-03T02:34:18.730+0000] {logging_mixin.py:188} INFO - [2024-01-03T02:34:18.729+0000] {dag.py:3033} INFO - Sync 1 DAGs
[2024-01-03T02:34:18.738+0000] {logging_mixin.py:188} INFO - [2024-01-03T02:34:18.738+0000] {dag.py:3820} INFO - Setting next_dagrun for example_dag_decorator to None, run_after=None
[2024-01-03T02:34:18.750+0000] {processor.py:183} INFO - Processing /home/airflow/.local/lib/python3.8/site-packages/airflow/example_dags/example_dag_decorator.py took 0.094 seconds
[2024-01-03T02:34:49.336+0000] {processor.py:161} INFO - Started process (PID=1796) to work on /home/airflow/.local/lib/python3.8/site-packages/airflow/example_dags/example_dag_decorator.py
[2024-01-03T02:34:49.336+0000] {processor.py:830} INFO - Processing file /home/airflow/.local/lib/python3.8/site-packages/airflow/example_dags/example_dag_decorator.py for tasks to queue
[2024-01-03T02:34:49.338+0000] {logging_mixin.py:188} INFO - [2024-01-03T02:34:49.338+0000] {dagbag.py:538} INFO - Filling up the DagBag from /home/airflow/.local/lib/python3.8/site-packages/airflow/example_dags/example_dag_decorator.py
[2024-01-03T02:34:49.390+0000] {processor.py:840} INFO - DAG(s) 'example_dag_decorator' retrieved from /home/airflow/.local/lib/python3.8/site-packages/airflow/example_dags/example_dag_decorator.py
[2024-01-03T02:34:49.496+0000] {logging_mixin.py:188} INFO - [2024-01-03T02:34:49.496+0000] {dag.py:3033} INFO - Sync 1 DAGs
[2024-01-03T02:34:49.504+0000] {logging_mixin.py:188} INFO - [2024-01-03T02:34:49.504+0000] {dag.py:3820} INFO - Setting next_dagrun for example_dag_decorator to None, run_after=None
[2024-01-03T02:34:49.516+0000] {processor.py:183} INFO - Processing /home/airflow/.local/lib/python3.8/site-packages/airflow/example_dags/example_dag_decorator.py took 0.182 seconds
[2024-01-03T02:35:20.179+0000] {processor.py:161} INFO - Started process (PID=1851) to work on /home/airflow/.local/lib/python3.8/site-packages/airflow/example_dags/example_dag_decorator.py
[2024-01-03T02:35:20.179+0000] {processor.py:830} INFO - Processing file /home/airflow/.local/lib/python3.8/site-packages/airflow/example_dags/example_dag_decorator.py for tasks to queue
[2024-01-03T02:35:20.181+0000] {logging_mixin.py:188} INFO - [2024-01-03T02:35:20.181+0000] {dagbag.py:538} INFO - Filling up the DagBag from /home/airflow/.local/lib/python3.8/site-packages/airflow/example_dags/example_dag_decorator.py
[2024-01-03T02:35:20.233+0000] {processor.py:840} INFO - DAG(s) 'example_dag_decorator' retrieved from /home/airflow/.local/lib/python3.8/site-packages/airflow/example_dags/example_dag_decorator.py
[2024-01-03T02:35:20.248+0000] {logging_mixin.py:188} INFO - [2024-01-03T02:35:20.248+0000] {dag.py:3033} INFO - Sync 1 DAGs
[2024-01-03T02:35:20.350+0000] {logging_mixin.py:188} INFO - [2024-01-03T02:35:20.350+0000] {dag.py:3820} INFO - Setting next_dagrun for example_dag_decorator to None, run_after=None
[2024-01-03T02:35:20.363+0000] {processor.py:183} INFO - Processing /home/airflow/.local/lib/python3.8/site-packages/airflow/example_dags/example_dag_decorator.py took 0.185 seconds
[2024-01-03T02:35:51.065+0000] {processor.py:161} INFO - Started process (PID=1906) to work on /home/airflow/.local/lib/python3.8/site-packages/airflow/example_dags/example_dag_decorator.py
[2024-01-03T02:35:51.066+0000] {processor.py:830} INFO - Processing file /home/airflow/.local/lib/python3.8/site-packages/airflow/example_dags/example_dag_decorator.py for tasks to queue
[2024-01-03T02:35:51.068+0000] {logging_mixin.py:188} INFO - [2024-01-03T02:35:51.068+0000] {dagbag.py:538} INFO - Filling up the DagBag from /home/airflow/.local/lib/python3.8/site-packages/airflow/example_dags/example_dag_decorator.py
[2024-01-03T02:35:51.120+0000] {processor.py:840} INFO - DAG(s) 'example_dag_decorator' retrieved from /home/airflow/.local/lib/python3.8/site-packages/airflow/example_dags/example_dag_decorator.py
[2024-01-03T02:35:51.135+0000] {logging_mixin.py:188} INFO - [2024-01-03T02:35:51.135+0000] {dag.py:3033} INFO - Sync 1 DAGs
[2024-01-03T02:35:51.144+0000] {logging_mixin.py:188} INFO - [2024-01-03T02:35:51.143+0000] {dag.py:3820} INFO - Setting next_dagrun for example_dag_decorator to None, run_after=None
[2024-01-03T02:35:51.157+0000] {processor.py:183} INFO - Processing /home/airflow/.local/lib/python3.8/site-packages/airflow/example_dags/example_dag_decorator.py took 0.094 seconds
[2024-01-03T02:36:21.937+0000] {processor.py:161} INFO - Started process (PID=1961) to work on /home/airflow/.local/lib/python3.8/site-packages/airflow/example_dags/example_dag_decorator.py
[2024-01-03T02:36:21.937+0000] {processor.py:830} INFO - Processing file /home/airflow/.local/lib/python3.8/site-packages/airflow/example_dags/example_dag_decorator.py for tasks to queue
[2024-01-03T02:36:21.939+0000] {logging_mixin.py:188} INFO - [2024-01-03T02:36:21.939+0000] {dagbag.py:538} INFO - Filling up the DagBag from /home/airflow/.local/lib/python3.8/site-packages/airflow/example_dags/example_dag_decorator.py
[2024-01-03T02:36:22.006+0000] {processor.py:840} INFO - DAG(s) 'example_dag_decorator' retrieved from /home/airflow/.local/lib/python3.8/site-packages/airflow/example_dags/example_dag_decorator.py
[2024-01-03T02:36:22.026+0000] {logging_mixin.py:188} INFO - [2024-01-03T02:36:22.026+0000] {dag.py:3033} INFO - Sync 1 DAGs
[2024-01-03T02:36:22.038+0000] {logging_mixin.py:188} INFO - [2024-01-03T02:36:22.038+0000] {dag.py:3820} INFO - Setting next_dagrun for example_dag_decorator to None, run_after=None
[2024-01-03T02:36:22.054+0000] {processor.py:183} INFO - Processing /home/airflow/.local/lib/python3.8/site-packages/airflow/example_dags/example_dag_decorator.py took 0.121 seconds
[2024-01-03T02:36:52.082+0000] {processor.py:161} INFO - Started process (PID=2016) to work on /home/airflow/.local/lib/python3.8/site-packages/airflow/example_dags/example_dag_decorator.py
[2024-01-03T02:36:52.083+0000] {processor.py:830} INFO - Processing file /home/airflow/.local/lib/python3.8/site-packages/airflow/example_dags/example_dag_decorator.py for tasks to queue
[2024-01-03T02:36:52.085+0000] {logging_mixin.py:188} INFO - [2024-01-03T02:36:52.085+0000] {dagbag.py:538} INFO - Filling up the DagBag from /home/airflow/.local/lib/python3.8/site-packages/airflow/example_dags/example_dag_decorator.py
[2024-01-03T02:36:52.140+0000] {processor.py:840} INFO - DAG(s) 'example_dag_decorator' retrieved from /home/airflow/.local/lib/python3.8/site-packages/airflow/example_dags/example_dag_decorator.py
[2024-01-03T02:36:52.252+0000] {logging_mixin.py:188} INFO - [2024-01-03T02:36:52.252+0000] {dag.py:3033} INFO - Sync 1 DAGs
[2024-01-03T02:36:52.261+0000] {logging_mixin.py:188} INFO - [2024-01-03T02:36:52.261+0000] {dag.py:3820} INFO - Setting next_dagrun for example_dag_decorator to None, run_after=None
[2024-01-03T02:36:52.273+0000] {processor.py:183} INFO - Processing /home/airflow/.local/lib/python3.8/site-packages/airflow/example_dags/example_dag_decorator.py took 0.193 seconds
[2024-01-03T02:41:33.073+0000] {processor.py:161} INFO - Started process (PID=2059) to work on /home/airflow/.local/lib/python3.8/site-packages/airflow/example_dags/example_dag_decorator.py
[2024-01-03T02:41:33.075+0000] {processor.py:830} INFO - Processing file /home/airflow/.local/lib/python3.8/site-packages/airflow/example_dags/example_dag_decorator.py for tasks to queue
[2024-01-03T02:41:33.077+0000] {logging_mixin.py:188} INFO - [2024-01-03T02:41:33.077+0000] {dagbag.py:538} INFO - Filling up the DagBag from /home/airflow/.local/lib/python3.8/site-packages/airflow/example_dags/example_dag_decorator.py
[2024-01-03T02:41:33.172+0000] {processor.py:840} INFO - DAG(s) 'example_dag_decorator' retrieved from /home/airflow/.local/lib/python3.8/site-packages/airflow/example_dags/example_dag_decorator.py
[2024-01-03T02:41:33.810+0000] {logging_mixin.py:188} INFO - [2024-01-03T02:41:33.809+0000] {dag.py:3033} INFO - Sync 1 DAGs
[2024-01-03T02:41:33.822+0000] {logging_mixin.py:188} INFO - [2024-01-03T02:41:33.821+0000] {dag.py:3820} INFO - Setting next_dagrun for example_dag_decorator to None, run_after=None
[2024-01-03T02:41:33.842+0000] {processor.py:183} INFO - Processing /home/airflow/.local/lib/python3.8/site-packages/airflow/example_dags/example_dag_decorator.py took 0.770 seconds
[2024-01-03T02:42:04.122+0000] {processor.py:161} INFO - Started process (PID=2120) to work on /home/airflow/.local/lib/python3.8/site-packages/airflow/example_dags/example_dag_decorator.py
[2024-01-03T02:42:04.123+0000] {processor.py:830} INFO - Processing file /home/airflow/.local/lib/python3.8/site-packages/airflow/example_dags/example_dag_decorator.py for tasks to queue
[2024-01-03T02:42:04.125+0000] {logging_mixin.py:188} INFO - [2024-01-03T02:42:04.125+0000] {dagbag.py:538} INFO - Filling up the DagBag from /home/airflow/.local/lib/python3.8/site-packages/airflow/example_dags/example_dag_decorator.py
[2024-01-03T02:42:04.199+0000] {processor.py:840} INFO - DAG(s) 'example_dag_decorator' retrieved from /home/airflow/.local/lib/python3.8/site-packages/airflow/example_dags/example_dag_decorator.py
[2024-01-03T02:42:04.416+0000] {logging_mixin.py:188} INFO - [2024-01-03T02:42:04.416+0000] {dag.py:3033} INFO - Sync 1 DAGs
[2024-01-03T02:42:04.428+0000] {logging_mixin.py:188} INFO - [2024-01-03T02:42:04.428+0000] {dag.py:3820} INFO - Setting next_dagrun for example_dag_decorator to None, run_after=None
[2024-01-03T02:42:04.442+0000] {processor.py:183} INFO - Processing /home/airflow/.local/lib/python3.8/site-packages/airflow/example_dags/example_dag_decorator.py took 0.322 seconds
[2024-01-03T02:42:34.527+0000] {processor.py:161} INFO - Started process (PID=2176) to work on /home/airflow/.local/lib/python3.8/site-packages/airflow/example_dags/example_dag_decorator.py
[2024-01-03T02:42:34.528+0000] {processor.py:830} INFO - Processing file /home/airflow/.local/lib/python3.8/site-packages/airflow/example_dags/example_dag_decorator.py for tasks to queue
[2024-01-03T02:42:34.530+0000] {logging_mixin.py:188} INFO - [2024-01-03T02:42:34.529+0000] {dagbag.py:538} INFO - Filling up the DagBag from /home/airflow/.local/lib/python3.8/site-packages/airflow/example_dags/example_dag_decorator.py
[2024-01-03T02:42:34.714+0000] {processor.py:840} INFO - DAG(s) 'example_dag_decorator' retrieved from /home/airflow/.local/lib/python3.8/site-packages/airflow/example_dags/example_dag_decorator.py
[2024-01-03T02:42:34.792+0000] {logging_mixin.py:188} INFO - [2024-01-03T02:42:34.792+0000] {dag.py:3033} INFO - Sync 1 DAGs
[2024-01-03T02:42:34.803+0000] {logging_mixin.py:188} INFO - [2024-01-03T02:42:34.802+0000] {dag.py:3820} INFO - Setting next_dagrun for example_dag_decorator to None, run_after=None
[2024-01-03T02:42:34.819+0000] {processor.py:183} INFO - Processing /home/airflow/.local/lib/python3.8/site-packages/airflow/example_dags/example_dag_decorator.py took 0.293 seconds
[2024-01-03T02:43:05.811+0000] {processor.py:161} INFO - Started process (PID=2236) to work on /home/airflow/.local/lib/python3.8/site-packages/airflow/example_dags/example_dag_decorator.py
[2024-01-03T02:43:05.812+0000] {processor.py:830} INFO - Processing file /home/airflow/.local/lib/python3.8/site-packages/airflow/example_dags/example_dag_decorator.py for tasks to queue
[2024-01-03T02:43:05.814+0000] {logging_mixin.py:188} INFO - [2024-01-03T02:43:05.814+0000] {dagbag.py:538} INFO - Filling up the DagBag from /home/airflow/.local/lib/python3.8/site-packages/airflow/example_dags/example_dag_decorator.py
[2024-01-03T02:43:05.972+0000] {processor.py:840} INFO - DAG(s) 'example_dag_decorator' retrieved from /home/airflow/.local/lib/python3.8/site-packages/airflow/example_dags/example_dag_decorator.py
[2024-01-03T02:43:06.038+0000] {logging_mixin.py:188} INFO - [2024-01-03T02:43:06.038+0000] {dag.py:3033} INFO - Sync 1 DAGs
[2024-01-03T02:43:06.046+0000] {logging_mixin.py:188} INFO - [2024-01-03T02:43:06.046+0000] {dag.py:3820} INFO - Setting next_dagrun for example_dag_decorator to None, run_after=None
[2024-01-03T02:43:06.061+0000] {processor.py:183} INFO - Processing /home/airflow/.local/lib/python3.8/site-packages/airflow/example_dags/example_dag_decorator.py took 0.252 seconds
[2024-01-03T02:43:36.730+0000] {processor.py:161} INFO - Started process (PID=2291) to work on /home/airflow/.local/lib/python3.8/site-packages/airflow/example_dags/example_dag_decorator.py
[2024-01-03T02:43:36.731+0000] {processor.py:830} INFO - Processing file /home/airflow/.local/lib/python3.8/site-packages/airflow/example_dags/example_dag_decorator.py for tasks to queue
[2024-01-03T02:43:36.732+0000] {logging_mixin.py:188} INFO - [2024-01-03T02:43:36.732+0000] {dagbag.py:538} INFO - Filling up the DagBag from /home/airflow/.local/lib/python3.8/site-packages/airflow/example_dags/example_dag_decorator.py
[2024-01-03T02:43:36.890+0000] {processor.py:840} INFO - DAG(s) 'example_dag_decorator' retrieved from /home/airflow/.local/lib/python3.8/site-packages/airflow/example_dags/example_dag_decorator.py
[2024-01-03T02:43:36.952+0000] {logging_mixin.py:188} INFO - [2024-01-03T02:43:36.952+0000] {dag.py:3033} INFO - Sync 1 DAGs
[2024-01-03T02:43:36.960+0000] {logging_mixin.py:188} INFO - [2024-01-03T02:43:36.960+0000] {dag.py:3820} INFO - Setting next_dagrun for example_dag_decorator to None, run_after=None
[2024-01-03T02:43:36.972+0000] {processor.py:183} INFO - Processing /home/airflow/.local/lib/python3.8/site-packages/airflow/example_dags/example_dag_decorator.py took 0.244 seconds
[2024-01-03T02:44:07.494+0000] {processor.py:161} INFO - Started process (PID=2346) to work on /home/airflow/.local/lib/python3.8/site-packages/airflow/example_dags/example_dag_decorator.py
[2024-01-03T02:44:07.495+0000] {processor.py:830} INFO - Processing file /home/airflow/.local/lib/python3.8/site-packages/airflow/example_dags/example_dag_decorator.py for tasks to queue
[2024-01-03T02:44:07.496+0000] {logging_mixin.py:188} INFO - [2024-01-03T02:44:07.496+0000] {dagbag.py:538} INFO - Filling up the DagBag from /home/airflow/.local/lib/python3.8/site-packages/airflow/example_dags/example_dag_decorator.py
[2024-01-03T02:44:07.645+0000] {processor.py:840} INFO - DAG(s) 'example_dag_decorator' retrieved from /home/airflow/.local/lib/python3.8/site-packages/airflow/example_dags/example_dag_decorator.py
[2024-01-03T02:44:07.707+0000] {logging_mixin.py:188} INFO - [2024-01-03T02:44:07.706+0000] {dag.py:3033} INFO - Sync 1 DAGs
[2024-01-03T02:44:07.713+0000] {logging_mixin.py:188} INFO - [2024-01-03T02:44:07.713+0000] {dag.py:3820} INFO - Setting next_dagrun for example_dag_decorator to None, run_after=None
[2024-01-03T02:44:07.725+0000] {processor.py:183} INFO - Processing /home/airflow/.local/lib/python3.8/site-packages/airflow/example_dags/example_dag_decorator.py took 0.233 seconds
[2024-01-03T02:44:38.211+0000] {processor.py:161} INFO - Started process (PID=2401) to work on /home/airflow/.local/lib/python3.8/site-packages/airflow/example_dags/example_dag_decorator.py
[2024-01-03T02:44:38.212+0000] {processor.py:830} INFO - Processing file /home/airflow/.local/lib/python3.8/site-packages/airflow/example_dags/example_dag_decorator.py for tasks to queue
[2024-01-03T02:44:38.213+0000] {logging_mixin.py:188} INFO - [2024-01-03T02:44:38.213+0000] {dagbag.py:538} INFO - Filling up the DagBag from /home/airflow/.local/lib/python3.8/site-packages/airflow/example_dags/example_dag_decorator.py
[2024-01-03T02:44:38.266+0000] {processor.py:840} INFO - DAG(s) 'example_dag_decorator' retrieved from /home/airflow/.local/lib/python3.8/site-packages/airflow/example_dags/example_dag_decorator.py
[2024-01-03T02:44:38.429+0000] {logging_mixin.py:188} INFO - [2024-01-03T02:44:38.429+0000] {dag.py:3033} INFO - Sync 1 DAGs
[2024-01-03T02:44:38.436+0000] {logging_mixin.py:188} INFO - [2024-01-03T02:44:38.436+0000] {dag.py:3820} INFO - Setting next_dagrun for example_dag_decorator to None, run_after=None
[2024-01-03T02:44:38.448+0000] {processor.py:183} INFO - Processing /home/airflow/.local/lib/python3.8/site-packages/airflow/example_dags/example_dag_decorator.py took 0.239 seconds
[2024-01-03T02:45:08.609+0000] {processor.py:161} INFO - Started process (PID=2456) to work on /home/airflow/.local/lib/python3.8/site-packages/airflow/example_dags/example_dag_decorator.py
[2024-01-03T02:45:08.610+0000] {processor.py:830} INFO - Processing file /home/airflow/.local/lib/python3.8/site-packages/airflow/example_dags/example_dag_decorator.py for tasks to queue
[2024-01-03T02:45:08.611+0000] {logging_mixin.py:188} INFO - [2024-01-03T02:45:08.611+0000] {dagbag.py:538} INFO - Filling up the DagBag from /home/airflow/.local/lib/python3.8/site-packages/airflow/example_dags/example_dag_decorator.py
[2024-01-03T02:45:08.761+0000] {processor.py:840} INFO - DAG(s) 'example_dag_decorator' retrieved from /home/airflow/.local/lib/python3.8/site-packages/airflow/example_dags/example_dag_decorator.py
[2024-01-03T02:45:08.823+0000] {logging_mixin.py:188} INFO - [2024-01-03T02:45:08.823+0000] {dag.py:3033} INFO - Sync 1 DAGs
[2024-01-03T02:45:08.831+0000] {logging_mixin.py:188} INFO - [2024-01-03T02:45:08.831+0000] {dag.py:3820} INFO - Setting next_dagrun for example_dag_decorator to None, run_after=None
[2024-01-03T02:45:08.842+0000] {processor.py:183} INFO - Processing /home/airflow/.local/lib/python3.8/site-packages/airflow/example_dags/example_dag_decorator.py took 0.235 seconds
[2024-01-03T02:45:39.836+0000] {processor.py:161} INFO - Started process (PID=2511) to work on /home/airflow/.local/lib/python3.8/site-packages/airflow/example_dags/example_dag_decorator.py
[2024-01-03T02:45:39.837+0000] {processor.py:830} INFO - Processing file /home/airflow/.local/lib/python3.8/site-packages/airflow/example_dags/example_dag_decorator.py for tasks to queue
[2024-01-03T02:45:39.839+0000] {logging_mixin.py:188} INFO - [2024-01-03T02:45:39.839+0000] {dagbag.py:538} INFO - Filling up the DagBag from /home/airflow/.local/lib/python3.8/site-packages/airflow/example_dags/example_dag_decorator.py
[2024-01-03T02:45:39.995+0000] {processor.py:840} INFO - DAG(s) 'example_dag_decorator' retrieved from /home/airflow/.local/lib/python3.8/site-packages/airflow/example_dags/example_dag_decorator.py
[2024-01-03T02:45:40.058+0000] {logging_mixin.py:188} INFO - [2024-01-03T02:45:40.057+0000] {dag.py:3033} INFO - Sync 1 DAGs
[2024-01-03T02:45:40.065+0000] {logging_mixin.py:188} INFO - [2024-01-03T02:45:40.065+0000] {dag.py:3820} INFO - Setting next_dagrun for example_dag_decorator to None, run_after=None
[2024-01-03T02:45:40.081+0000] {processor.py:183} INFO - Processing /home/airflow/.local/lib/python3.8/site-packages/airflow/example_dags/example_dag_decorator.py took 0.248 seconds
[2024-01-03T02:46:11.000+0000] {processor.py:161} INFO - Started process (PID=2566) to work on /home/airflow/.local/lib/python3.8/site-packages/airflow/example_dags/example_dag_decorator.py
[2024-01-03T02:46:11.000+0000] {processor.py:830} INFO - Processing file /home/airflow/.local/lib/python3.8/site-packages/airflow/example_dags/example_dag_decorator.py for tasks to queue
[2024-01-03T02:46:11.002+0000] {logging_mixin.py:188} INFO - [2024-01-03T02:46:11.002+0000] {dagbag.py:538} INFO - Filling up the DagBag from /home/airflow/.local/lib/python3.8/site-packages/airflow/example_dags/example_dag_decorator.py
[2024-01-03T02:46:11.163+0000] {processor.py:840} INFO - DAG(s) 'example_dag_decorator' retrieved from /home/airflow/.local/lib/python3.8/site-packages/airflow/example_dags/example_dag_decorator.py
[2024-01-03T02:46:11.229+0000] {logging_mixin.py:188} INFO - [2024-01-03T02:46:11.229+0000] {dag.py:3033} INFO - Sync 1 DAGs
[2024-01-03T02:46:11.237+0000] {logging_mixin.py:188} INFO - [2024-01-03T02:46:11.237+0000] {dag.py:3820} INFO - Setting next_dagrun for example_dag_decorator to None, run_after=None
[2024-01-03T02:46:11.250+0000] {processor.py:183} INFO - Processing /home/airflow/.local/lib/python3.8/site-packages/airflow/example_dags/example_dag_decorator.py took 0.252 seconds
[2024-01-03T02:46:42.078+0000] {processor.py:161} INFO - Started process (PID=2621) to work on /home/airflow/.local/lib/python3.8/site-packages/airflow/example_dags/example_dag_decorator.py
[2024-01-03T02:46:42.078+0000] {processor.py:830} INFO - Processing file /home/airflow/.local/lib/python3.8/site-packages/airflow/example_dags/example_dag_decorator.py for tasks to queue
[2024-01-03T02:46:42.080+0000] {logging_mixin.py:188} INFO - [2024-01-03T02:46:42.080+0000] {dagbag.py:538} INFO - Filling up the DagBag from /home/airflow/.local/lib/python3.8/site-packages/airflow/example_dags/example_dag_decorator.py
[2024-01-03T02:46:42.149+0000] {processor.py:840} INFO - DAG(s) 'example_dag_decorator' retrieved from /home/airflow/.local/lib/python3.8/site-packages/airflow/example_dags/example_dag_decorator.py
[2024-01-03T02:46:42.215+0000] {logging_mixin.py:188} INFO - [2024-01-03T02:46:42.215+0000] {dag.py:3033} INFO - Sync 1 DAGs
[2024-01-03T02:46:42.223+0000] {logging_mixin.py:188} INFO - [2024-01-03T02:46:42.222+0000] {dag.py:3820} INFO - Setting next_dagrun for example_dag_decorator to None, run_after=None
[2024-01-03T02:46:42.238+0000] {processor.py:183} INFO - Processing /home/airflow/.local/lib/python3.8/site-packages/airflow/example_dags/example_dag_decorator.py took 0.162 seconds
[2024-01-03T02:47:13.088+0000] {processor.py:161} INFO - Started process (PID=2675) to work on /home/airflow/.local/lib/python3.8/site-packages/airflow/example_dags/example_dag_decorator.py
[2024-01-03T02:47:13.089+0000] {processor.py:830} INFO - Processing file /home/airflow/.local/lib/python3.8/site-packages/airflow/example_dags/example_dag_decorator.py for tasks to queue
[2024-01-03T02:47:13.091+0000] {logging_mixin.py:188} INFO - [2024-01-03T02:47:13.091+0000] {dagbag.py:538} INFO - Filling up the DagBag from /home/airflow/.local/lib/python3.8/site-packages/airflow/example_dags/example_dag_decorator.py
[2024-01-03T02:47:13.155+0000] {processor.py:840} INFO - DAG(s) 'example_dag_decorator' retrieved from /home/airflow/.local/lib/python3.8/site-packages/airflow/example_dags/example_dag_decorator.py
[2024-01-03T02:47:13.228+0000] {logging_mixin.py:188} INFO - [2024-01-03T02:47:13.227+0000] {dag.py:3033} INFO - Sync 1 DAGs
[2024-01-03T02:47:13.236+0000] {logging_mixin.py:188} INFO - [2024-01-03T02:47:13.236+0000] {dag.py:3820} INFO - Setting next_dagrun for example_dag_decorator to None, run_after=None
[2024-01-03T02:47:13.252+0000] {processor.py:183} INFO - Processing /home/airflow/.local/lib/python3.8/site-packages/airflow/example_dags/example_dag_decorator.py took 0.166 seconds
