[2024-01-03T02:12:52.061+0000] {processor.py:161} INFO - Started process (PID=47) to work on /home/airflow/.local/lib/python3.8/site-packages/airflow/example_dags/example_python_decorator.py
[2024-01-03T02:12:52.062+0000] {processor.py:830} INFO - Processing file /home/airflow/.local/lib/python3.8/site-packages/airflow/example_dags/example_python_decorator.py for tasks to queue
[2024-01-03T02:12:52.064+0000] {logging_mixin.py:188} INFO - [2024-01-03T02:12:52.064+0000] {dagbag.py:538} INFO - Filling up the DagBag from /home/airflow/.local/lib/python3.8/site-packages/airflow/example_dags/example_python_decorator.py
[2024-01-03T02:12:52.072+0000] {processor.py:840} INFO - DAG(s) 'example_python_decorator' retrieved from /home/airflow/.local/lib/python3.8/site-packages/airflow/example_dags/example_python_decorator.py
[2024-01-03T02:12:52.081+0000] {logging_mixin.py:188} INFO - [2024-01-03T02:12:52.081+0000] {dag.py:3033} INFO - Sync 1 DAGs
[2024-01-03T02:12:52.093+0000] {logging_mixin.py:188} INFO - [2024-01-03T02:12:52.093+0000] {dag.py:3820} INFO - Setting next_dagrun for example_python_decorator to None, run_after=None
[2024-01-03T02:12:52.109+0000] {processor.py:183} INFO - Processing /home/airflow/.local/lib/python3.8/site-packages/airflow/example_dags/example_python_decorator.py took 0.050 seconds
[2024-01-03T02:18:54.232+0000] {processor.py:161} INFO - Started process (PID=46) to work on /home/airflow/.local/lib/python3.8/site-packages/airflow/example_dags/example_python_decorator.py
[2024-01-03T02:18:54.233+0000] {processor.py:830} INFO - Processing file /home/airflow/.local/lib/python3.8/site-packages/airflow/example_dags/example_python_decorator.py for tasks to queue
[2024-01-03T02:18:54.235+0000] {logging_mixin.py:188} INFO - [2024-01-03T02:18:54.235+0000] {dagbag.py:538} INFO - Filling up the DagBag from /home/airflow/.local/lib/python3.8/site-packages/airflow/example_dags/example_python_decorator.py
[2024-01-03T02:18:54.242+0000] {processor.py:840} INFO - DAG(s) 'example_python_decorator' retrieved from /home/airflow/.local/lib/python3.8/site-packages/airflow/example_dags/example_python_decorator.py
[2024-01-03T02:18:54.317+0000] {logging_mixin.py:188} INFO - [2024-01-03T02:18:54.317+0000] {dag.py:3033} INFO - Sync 1 DAGs
[2024-01-03T02:18:54.329+0000] {logging_mixin.py:188} INFO - [2024-01-03T02:18:54.328+0000] {dag.py:3820} INFO - Setting next_dagrun for example_python_decorator to None, run_after=None
[2024-01-03T02:18:54.344+0000] {processor.py:183} INFO - Processing /home/airflow/.local/lib/python3.8/site-packages/airflow/example_dags/example_python_decorator.py took 0.114 seconds
[2024-01-03T02:19:25.249+0000] {processor.py:161} INFO - Started process (PID=101) to work on /home/airflow/.local/lib/python3.8/site-packages/airflow/example_dags/example_python_decorator.py
[2024-01-03T02:19:25.251+0000] {processor.py:830} INFO - Processing file /home/airflow/.local/lib/python3.8/site-packages/airflow/example_dags/example_python_decorator.py for tasks to queue
[2024-01-03T02:19:25.253+0000] {logging_mixin.py:188} INFO - [2024-01-03T02:19:25.253+0000] {dagbag.py:538} INFO - Filling up the DagBag from /home/airflow/.local/lib/python3.8/site-packages/airflow/example_dags/example_python_decorator.py
[2024-01-03T02:19:25.262+0000] {processor.py:840} INFO - DAG(s) 'example_python_decorator' retrieved from /home/airflow/.local/lib/python3.8/site-packages/airflow/example_dags/example_python_decorator.py
[2024-01-03T02:19:25.279+0000] {logging_mixin.py:188} INFO - [2024-01-03T02:19:25.279+0000] {dag.py:3033} INFO - Sync 1 DAGs
[2024-01-03T02:19:25.292+0000] {logging_mixin.py:188} INFO - [2024-01-03T02:19:25.291+0000] {dag.py:3820} INFO - Setting next_dagrun for example_python_decorator to None, run_after=None
[2024-01-03T02:19:25.306+0000] {processor.py:183} INFO - Processing /home/airflow/.local/lib/python3.8/site-packages/airflow/example_dags/example_python_decorator.py took 0.060 seconds
[2024-01-03T02:19:55.481+0000] {processor.py:161} INFO - Started process (PID=156) to work on /home/airflow/.local/lib/python3.8/site-packages/airflow/example_dags/example_python_decorator.py
[2024-01-03T02:19:55.482+0000] {processor.py:830} INFO - Processing file /home/airflow/.local/lib/python3.8/site-packages/airflow/example_dags/example_python_decorator.py for tasks to queue
[2024-01-03T02:19:55.483+0000] {logging_mixin.py:188} INFO - [2024-01-03T02:19:55.483+0000] {dagbag.py:538} INFO - Filling up the DagBag from /home/airflow/.local/lib/python3.8/site-packages/airflow/example_dags/example_python_decorator.py
[2024-01-03T02:19:55.490+0000] {processor.py:840} INFO - DAG(s) 'example_python_decorator' retrieved from /home/airflow/.local/lib/python3.8/site-packages/airflow/example_dags/example_python_decorator.py
[2024-01-03T02:19:55.505+0000] {logging_mixin.py:188} INFO - [2024-01-03T02:19:55.504+0000] {dag.py:3033} INFO - Sync 1 DAGs
[2024-01-03T02:19:55.513+0000] {logging_mixin.py:188} INFO - [2024-01-03T02:19:55.513+0000] {dag.py:3820} INFO - Setting next_dagrun for example_python_decorator to None, run_after=None
[2024-01-03T02:19:55.526+0000] {processor.py:183} INFO - Processing /home/airflow/.local/lib/python3.8/site-packages/airflow/example_dags/example_python_decorator.py took 0.047 seconds
[2024-01-03T02:20:25.612+0000] {processor.py:161} INFO - Started process (PID=211) to work on /home/airflow/.local/lib/python3.8/site-packages/airflow/example_dags/example_python_decorator.py
[2024-01-03T02:20:25.613+0000] {processor.py:830} INFO - Processing file /home/airflow/.local/lib/python3.8/site-packages/airflow/example_dags/example_python_decorator.py for tasks to queue
[2024-01-03T02:20:25.614+0000] {logging_mixin.py:188} INFO - [2024-01-03T02:20:25.614+0000] {dagbag.py:538} INFO - Filling up the DagBag from /home/airflow/.local/lib/python3.8/site-packages/airflow/example_dags/example_python_decorator.py
[2024-01-03T02:20:25.620+0000] {processor.py:840} INFO - DAG(s) 'example_python_decorator' retrieved from /home/airflow/.local/lib/python3.8/site-packages/airflow/example_dags/example_python_decorator.py
[2024-01-03T02:20:25.628+0000] {logging_mixin.py:188} INFO - [2024-01-03T02:20:25.628+0000] {dag.py:3033} INFO - Sync 1 DAGs
[2024-01-03T02:20:25.637+0000] {logging_mixin.py:188} INFO - [2024-01-03T02:20:25.637+0000] {dag.py:3820} INFO - Setting next_dagrun for example_python_decorator to None, run_after=None
[2024-01-03T02:20:25.649+0000] {processor.py:183} INFO - Processing /home/airflow/.local/lib/python3.8/site-packages/airflow/example_dags/example_python_decorator.py took 0.039 seconds
[2024-01-03T02:20:56.340+0000] {processor.py:161} INFO - Started process (PID=266) to work on /home/airflow/.local/lib/python3.8/site-packages/airflow/example_dags/example_python_decorator.py
[2024-01-03T02:20:56.341+0000] {processor.py:830} INFO - Processing file /home/airflow/.local/lib/python3.8/site-packages/airflow/example_dags/example_python_decorator.py for tasks to queue
[2024-01-03T02:20:56.343+0000] {logging_mixin.py:188} INFO - [2024-01-03T02:20:56.343+0000] {dagbag.py:538} INFO - Filling up the DagBag from /home/airflow/.local/lib/python3.8/site-packages/airflow/example_dags/example_python_decorator.py
[2024-01-03T02:20:56.350+0000] {processor.py:840} INFO - DAG(s) 'example_python_decorator' retrieved from /home/airflow/.local/lib/python3.8/site-packages/airflow/example_dags/example_python_decorator.py
[2024-01-03T02:20:56.358+0000] {logging_mixin.py:188} INFO - [2024-01-03T02:20:56.358+0000] {dag.py:3033} INFO - Sync 1 DAGs
[2024-01-03T02:20:56.368+0000] {logging_mixin.py:188} INFO - [2024-01-03T02:20:56.368+0000] {dag.py:3820} INFO - Setting next_dagrun for example_python_decorator to None, run_after=None
[2024-01-03T02:20:56.381+0000] {processor.py:183} INFO - Processing /home/airflow/.local/lib/python3.8/site-packages/airflow/example_dags/example_python_decorator.py took 0.043 seconds
[2024-01-03T02:21:27.328+0000] {processor.py:161} INFO - Started process (PID=321) to work on /home/airflow/.local/lib/python3.8/site-packages/airflow/example_dags/example_python_decorator.py
[2024-01-03T02:21:27.329+0000] {processor.py:830} INFO - Processing file /home/airflow/.local/lib/python3.8/site-packages/airflow/example_dags/example_python_decorator.py for tasks to queue
[2024-01-03T02:21:27.331+0000] {logging_mixin.py:188} INFO - [2024-01-03T02:21:27.331+0000] {dagbag.py:538} INFO - Filling up the DagBag from /home/airflow/.local/lib/python3.8/site-packages/airflow/example_dags/example_python_decorator.py
[2024-01-03T02:21:27.338+0000] {processor.py:840} INFO - DAG(s) 'example_python_decorator' retrieved from /home/airflow/.local/lib/python3.8/site-packages/airflow/example_dags/example_python_decorator.py
[2024-01-03T02:21:27.403+0000] {logging_mixin.py:188} INFO - [2024-01-03T02:21:27.403+0000] {dag.py:3033} INFO - Sync 1 DAGs
[2024-01-03T02:21:27.411+0000] {logging_mixin.py:188} INFO - [2024-01-03T02:21:27.411+0000] {dag.py:3820} INFO - Setting next_dagrun for example_python_decorator to None, run_after=None
[2024-01-03T02:21:27.424+0000] {processor.py:183} INFO - Processing /home/airflow/.local/lib/python3.8/site-packages/airflow/example_dags/example_python_decorator.py took 0.098 seconds
[2024-01-03T02:21:58.247+0000] {processor.py:161} INFO - Started process (PID=376) to work on /home/airflow/.local/lib/python3.8/site-packages/airflow/example_dags/example_python_decorator.py
[2024-01-03T02:21:58.248+0000] {processor.py:830} INFO - Processing file /home/airflow/.local/lib/python3.8/site-packages/airflow/example_dags/example_python_decorator.py for tasks to queue
[2024-01-03T02:21:58.249+0000] {logging_mixin.py:188} INFO - [2024-01-03T02:21:58.249+0000] {dagbag.py:538} INFO - Filling up the DagBag from /home/airflow/.local/lib/python3.8/site-packages/airflow/example_dags/example_python_decorator.py
[2024-01-03T02:21:58.255+0000] {processor.py:840} INFO - DAG(s) 'example_python_decorator' retrieved from /home/airflow/.local/lib/python3.8/site-packages/airflow/example_dags/example_python_decorator.py
[2024-01-03T02:21:58.270+0000] {logging_mixin.py:188} INFO - [2024-01-03T02:21:58.269+0000] {dag.py:3033} INFO - Sync 1 DAGs
[2024-01-03T02:21:58.279+0000] {logging_mixin.py:188} INFO - [2024-01-03T02:21:58.278+0000] {dag.py:3820} INFO - Setting next_dagrun for example_python_decorator to None, run_after=None
[2024-01-03T02:21:58.291+0000] {processor.py:183} INFO - Processing /home/airflow/.local/lib/python3.8/site-packages/airflow/example_dags/example_python_decorator.py took 0.046 seconds
[2024-01-03T02:22:28.412+0000] {processor.py:161} INFO - Started process (PID=431) to work on /home/airflow/.local/lib/python3.8/site-packages/airflow/example_dags/example_python_decorator.py
[2024-01-03T02:22:28.413+0000] {processor.py:830} INFO - Processing file /home/airflow/.local/lib/python3.8/site-packages/airflow/example_dags/example_python_decorator.py for tasks to queue
[2024-01-03T02:22:28.415+0000] {logging_mixin.py:188} INFO - [2024-01-03T02:22:28.415+0000] {dagbag.py:538} INFO - Filling up the DagBag from /home/airflow/.local/lib/python3.8/site-packages/airflow/example_dags/example_python_decorator.py
[2024-01-03T02:22:28.421+0000] {processor.py:840} INFO - DAG(s) 'example_python_decorator' retrieved from /home/airflow/.local/lib/python3.8/site-packages/airflow/example_dags/example_python_decorator.py
[2024-01-03T02:22:28.436+0000] {logging_mixin.py:188} INFO - [2024-01-03T02:22:28.436+0000] {dag.py:3033} INFO - Sync 1 DAGs
[2024-01-03T02:22:28.445+0000] {logging_mixin.py:188} INFO - [2024-01-03T02:22:28.444+0000] {dag.py:3820} INFO - Setting next_dagrun for example_python_decorator to None, run_after=None
[2024-01-03T02:22:28.457+0000] {processor.py:183} INFO - Processing /home/airflow/.local/lib/python3.8/site-packages/airflow/example_dags/example_python_decorator.py took 0.047 seconds
[2024-01-03T02:22:58.705+0000] {processor.py:161} INFO - Started process (PID=486) to work on /home/airflow/.local/lib/python3.8/site-packages/airflow/example_dags/example_python_decorator.py
[2024-01-03T02:22:58.706+0000] {processor.py:830} INFO - Processing file /home/airflow/.local/lib/python3.8/site-packages/airflow/example_dags/example_python_decorator.py for tasks to queue
[2024-01-03T02:22:58.708+0000] {logging_mixin.py:188} INFO - [2024-01-03T02:22:58.707+0000] {dagbag.py:538} INFO - Filling up the DagBag from /home/airflow/.local/lib/python3.8/site-packages/airflow/example_dags/example_python_decorator.py
[2024-01-03T02:22:58.715+0000] {processor.py:840} INFO - DAG(s) 'example_python_decorator' retrieved from /home/airflow/.local/lib/python3.8/site-packages/airflow/example_dags/example_python_decorator.py
[2024-01-03T02:22:58.729+0000] {logging_mixin.py:188} INFO - [2024-01-03T02:22:58.729+0000] {dag.py:3033} INFO - Sync 1 DAGs
[2024-01-03T02:22:58.740+0000] {logging_mixin.py:188} INFO - [2024-01-03T02:22:58.739+0000] {dag.py:3820} INFO - Setting next_dagrun for example_python_decorator to None, run_after=None
[2024-01-03T02:22:58.751+0000] {processor.py:183} INFO - Processing /home/airflow/.local/lib/python3.8/site-packages/airflow/example_dags/example_python_decorator.py took 0.048 seconds
[2024-01-03T02:23:28.929+0000] {processor.py:161} INFO - Started process (PID=541) to work on /home/airflow/.local/lib/python3.8/site-packages/airflow/example_dags/example_python_decorator.py
[2024-01-03T02:23:28.930+0000] {processor.py:830} INFO - Processing file /home/airflow/.local/lib/python3.8/site-packages/airflow/example_dags/example_python_decorator.py for tasks to queue
[2024-01-03T02:23:28.932+0000] {logging_mixin.py:188} INFO - [2024-01-03T02:23:28.932+0000] {dagbag.py:538} INFO - Filling up the DagBag from /home/airflow/.local/lib/python3.8/site-packages/airflow/example_dags/example_python_decorator.py
[2024-01-03T02:23:28.940+0000] {processor.py:840} INFO - DAG(s) 'example_python_decorator' retrieved from /home/airflow/.local/lib/python3.8/site-packages/airflow/example_dags/example_python_decorator.py
[2024-01-03T02:23:28.960+0000] {logging_mixin.py:188} INFO - [2024-01-03T02:23:28.960+0000] {dag.py:3033} INFO - Sync 1 DAGs
[2024-01-03T02:23:28.973+0000] {logging_mixin.py:188} INFO - [2024-01-03T02:23:28.973+0000] {dag.py:3820} INFO - Setting next_dagrun for example_python_decorator to None, run_after=None
[2024-01-03T02:23:28.994+0000] {processor.py:183} INFO - Processing /home/airflow/.local/lib/python3.8/site-packages/airflow/example_dags/example_python_decorator.py took 0.067 seconds
[2024-01-03T02:23:59.164+0000] {processor.py:161} INFO - Started process (PID=596) to work on /home/airflow/.local/lib/python3.8/site-packages/airflow/example_dags/example_python_decorator.py
[2024-01-03T02:23:59.165+0000] {processor.py:830} INFO - Processing file /home/airflow/.local/lib/python3.8/site-packages/airflow/example_dags/example_python_decorator.py for tasks to queue
[2024-01-03T02:23:59.166+0000] {logging_mixin.py:188} INFO - [2024-01-03T02:23:59.166+0000] {dagbag.py:538} INFO - Filling up the DagBag from /home/airflow/.local/lib/python3.8/site-packages/airflow/example_dags/example_python_decorator.py
[2024-01-03T02:23:59.173+0000] {processor.py:840} INFO - DAG(s) 'example_python_decorator' retrieved from /home/airflow/.local/lib/python3.8/site-packages/airflow/example_dags/example_python_decorator.py
[2024-01-03T02:23:59.187+0000] {logging_mixin.py:188} INFO - [2024-01-03T02:23:59.187+0000] {dag.py:3033} INFO - Sync 1 DAGs
[2024-01-03T02:23:59.197+0000] {logging_mixin.py:188} INFO - [2024-01-03T02:23:59.196+0000] {dag.py:3820} INFO - Setting next_dagrun for example_python_decorator to None, run_after=None
[2024-01-03T02:23:59.210+0000] {processor.py:183} INFO - Processing /home/airflow/.local/lib/python3.8/site-packages/airflow/example_dags/example_python_decorator.py took 0.048 seconds
[2024-01-03T02:24:30.144+0000] {processor.py:161} INFO - Started process (PID=651) to work on /home/airflow/.local/lib/python3.8/site-packages/airflow/example_dags/example_python_decorator.py
[2024-01-03T02:24:30.144+0000] {processor.py:830} INFO - Processing file /home/airflow/.local/lib/python3.8/site-packages/airflow/example_dags/example_python_decorator.py for tasks to queue
[2024-01-03T02:24:30.146+0000] {logging_mixin.py:188} INFO - [2024-01-03T02:24:30.146+0000] {dagbag.py:538} INFO - Filling up the DagBag from /home/airflow/.local/lib/python3.8/site-packages/airflow/example_dags/example_python_decorator.py
[2024-01-03T02:24:30.152+0000] {processor.py:840} INFO - DAG(s) 'example_python_decorator' retrieved from /home/airflow/.local/lib/python3.8/site-packages/airflow/example_dags/example_python_decorator.py
[2024-01-03T02:24:30.164+0000] {logging_mixin.py:188} INFO - [2024-01-03T02:24:30.164+0000] {dag.py:3033} INFO - Sync 1 DAGs
[2024-01-03T02:24:30.173+0000] {logging_mixin.py:188} INFO - [2024-01-03T02:24:30.173+0000] {dag.py:3820} INFO - Setting next_dagrun for example_python_decorator to None, run_after=None
[2024-01-03T02:24:30.185+0000] {processor.py:183} INFO - Processing /home/airflow/.local/lib/python3.8/site-packages/airflow/example_dags/example_python_decorator.py took 0.043 seconds
[2024-01-03T02:25:00.973+0000] {processor.py:161} INFO - Started process (PID=706) to work on /home/airflow/.local/lib/python3.8/site-packages/airflow/example_dags/example_python_decorator.py
[2024-01-03T02:25:00.974+0000] {processor.py:830} INFO - Processing file /home/airflow/.local/lib/python3.8/site-packages/airflow/example_dags/example_python_decorator.py for tasks to queue
[2024-01-03T02:25:00.975+0000] {logging_mixin.py:188} INFO - [2024-01-03T02:25:00.975+0000] {dagbag.py:538} INFO - Filling up the DagBag from /home/airflow/.local/lib/python3.8/site-packages/airflow/example_dags/example_python_decorator.py
[2024-01-03T02:25:00.981+0000] {processor.py:840} INFO - DAG(s) 'example_python_decorator' retrieved from /home/airflow/.local/lib/python3.8/site-packages/airflow/example_dags/example_python_decorator.py
[2024-01-03T02:25:00.995+0000] {logging_mixin.py:188} INFO - [2024-01-03T02:25:00.995+0000] {dag.py:3033} INFO - Sync 1 DAGs
[2024-01-03T02:25:01.003+0000] {logging_mixin.py:188} INFO - [2024-01-03T02:25:01.003+0000] {dag.py:3820} INFO - Setting next_dagrun for example_python_decorator to None, run_after=None
[2024-01-03T02:25:01.015+0000] {processor.py:183} INFO - Processing /home/airflow/.local/lib/python3.8/site-packages/airflow/example_dags/example_python_decorator.py took 0.044 seconds
[2024-01-03T02:25:31.053+0000] {processor.py:161} INFO - Started process (PID=761) to work on /home/airflow/.local/lib/python3.8/site-packages/airflow/example_dags/example_python_decorator.py
[2024-01-03T02:25:31.054+0000] {processor.py:830} INFO - Processing file /home/airflow/.local/lib/python3.8/site-packages/airflow/example_dags/example_python_decorator.py for tasks to queue
[2024-01-03T02:25:31.055+0000] {logging_mixin.py:188} INFO - [2024-01-03T02:25:31.055+0000] {dagbag.py:538} INFO - Filling up the DagBag from /home/airflow/.local/lib/python3.8/site-packages/airflow/example_dags/example_python_decorator.py
[2024-01-03T02:25:31.062+0000] {processor.py:840} INFO - DAG(s) 'example_python_decorator' retrieved from /home/airflow/.local/lib/python3.8/site-packages/airflow/example_dags/example_python_decorator.py
[2024-01-03T02:25:31.078+0000] {logging_mixin.py:188} INFO - [2024-01-03T02:25:31.078+0000] {dag.py:3033} INFO - Sync 1 DAGs
[2024-01-03T02:25:31.089+0000] {logging_mixin.py:188} INFO - [2024-01-03T02:25:31.088+0000] {dag.py:3820} INFO - Setting next_dagrun for example_python_decorator to None, run_after=None
[2024-01-03T02:25:31.104+0000] {processor.py:183} INFO - Processing /home/airflow/.local/lib/python3.8/site-packages/airflow/example_dags/example_python_decorator.py took 0.053 seconds
[2024-01-03T02:26:01.253+0000] {processor.py:161} INFO - Started process (PID=816) to work on /home/airflow/.local/lib/python3.8/site-packages/airflow/example_dags/example_python_decorator.py
[2024-01-03T02:26:01.254+0000] {processor.py:830} INFO - Processing file /home/airflow/.local/lib/python3.8/site-packages/airflow/example_dags/example_python_decorator.py for tasks to queue
[2024-01-03T02:26:01.255+0000] {logging_mixin.py:188} INFO - [2024-01-03T02:26:01.255+0000] {dagbag.py:538} INFO - Filling up the DagBag from /home/airflow/.local/lib/python3.8/site-packages/airflow/example_dags/example_python_decorator.py
[2024-01-03T02:26:01.261+0000] {processor.py:840} INFO - DAG(s) 'example_python_decorator' retrieved from /home/airflow/.local/lib/python3.8/site-packages/airflow/example_dags/example_python_decorator.py
[2024-01-03T02:26:01.276+0000] {logging_mixin.py:188} INFO - [2024-01-03T02:26:01.276+0000] {dag.py:3033} INFO - Sync 1 DAGs
[2024-01-03T02:26:01.284+0000] {logging_mixin.py:188} INFO - [2024-01-03T02:26:01.284+0000] {dag.py:3820} INFO - Setting next_dagrun for example_python_decorator to None, run_after=None
[2024-01-03T02:26:01.295+0000] {processor.py:183} INFO - Processing /home/airflow/.local/lib/python3.8/site-packages/airflow/example_dags/example_python_decorator.py took 0.044 seconds
[2024-01-03T02:26:31.411+0000] {processor.py:161} INFO - Started process (PID=871) to work on /home/airflow/.local/lib/python3.8/site-packages/airflow/example_dags/example_python_decorator.py
[2024-01-03T02:26:31.412+0000] {processor.py:830} INFO - Processing file /home/airflow/.local/lib/python3.8/site-packages/airflow/example_dags/example_python_decorator.py for tasks to queue
[2024-01-03T02:26:31.414+0000] {logging_mixin.py:188} INFO - [2024-01-03T02:26:31.413+0000] {dagbag.py:538} INFO - Filling up the DagBag from /home/airflow/.local/lib/python3.8/site-packages/airflow/example_dags/example_python_decorator.py
[2024-01-03T02:26:31.420+0000] {processor.py:840} INFO - DAG(s) 'example_python_decorator' retrieved from /home/airflow/.local/lib/python3.8/site-packages/airflow/example_dags/example_python_decorator.py
[2024-01-03T02:26:31.435+0000] {logging_mixin.py:188} INFO - [2024-01-03T02:26:31.435+0000] {dag.py:3033} INFO - Sync 1 DAGs
[2024-01-03T02:26:31.444+0000] {logging_mixin.py:188} INFO - [2024-01-03T02:26:31.444+0000] {dag.py:3820} INFO - Setting next_dagrun for example_python_decorator to None, run_after=None
[2024-01-03T02:26:31.458+0000] {processor.py:183} INFO - Processing /home/airflow/.local/lib/python3.8/site-packages/airflow/example_dags/example_python_decorator.py took 0.048 seconds
[2024-01-03T02:27:02.191+0000] {processor.py:161} INFO - Started process (PID=926) to work on /home/airflow/.local/lib/python3.8/site-packages/airflow/example_dags/example_python_decorator.py
[2024-01-03T02:27:02.191+0000] {processor.py:830} INFO - Processing file /home/airflow/.local/lib/python3.8/site-packages/airflow/example_dags/example_python_decorator.py for tasks to queue
[2024-01-03T02:27:02.193+0000] {logging_mixin.py:188} INFO - [2024-01-03T02:27:02.192+0000] {dagbag.py:538} INFO - Filling up the DagBag from /home/airflow/.local/lib/python3.8/site-packages/airflow/example_dags/example_python_decorator.py
[2024-01-03T02:27:02.199+0000] {processor.py:840} INFO - DAG(s) 'example_python_decorator' retrieved from /home/airflow/.local/lib/python3.8/site-packages/airflow/example_dags/example_python_decorator.py
[2024-01-03T02:27:02.211+0000] {logging_mixin.py:188} INFO - [2024-01-03T02:27:02.211+0000] {dag.py:3033} INFO - Sync 1 DAGs
[2024-01-03T02:27:02.220+0000] {logging_mixin.py:188} INFO - [2024-01-03T02:27:02.220+0000] {dag.py:3820} INFO - Setting next_dagrun for example_python_decorator to None, run_after=None
[2024-01-03T02:27:02.232+0000] {processor.py:183} INFO - Processing /home/airflow/.local/lib/python3.8/site-packages/airflow/example_dags/example_python_decorator.py took 0.043 seconds
[2024-01-03T02:27:33.034+0000] {processor.py:161} INFO - Started process (PID=981) to work on /home/airflow/.local/lib/python3.8/site-packages/airflow/example_dags/example_python_decorator.py
[2024-01-03T02:27:33.035+0000] {processor.py:830} INFO - Processing file /home/airflow/.local/lib/python3.8/site-packages/airflow/example_dags/example_python_decorator.py for tasks to queue
[2024-01-03T02:27:33.036+0000] {logging_mixin.py:188} INFO - [2024-01-03T02:27:33.036+0000] {dagbag.py:538} INFO - Filling up the DagBag from /home/airflow/.local/lib/python3.8/site-packages/airflow/example_dags/example_python_decorator.py
[2024-01-03T02:27:33.042+0000] {processor.py:840} INFO - DAG(s) 'example_python_decorator' retrieved from /home/airflow/.local/lib/python3.8/site-packages/airflow/example_dags/example_python_decorator.py
[2024-01-03T02:27:33.057+0000] {logging_mixin.py:188} INFO - [2024-01-03T02:27:33.057+0000] {dag.py:3033} INFO - Sync 1 DAGs
[2024-01-03T02:27:33.066+0000] {logging_mixin.py:188} INFO - [2024-01-03T02:27:33.066+0000] {dag.py:3820} INFO - Setting next_dagrun for example_python_decorator to None, run_after=None
[2024-01-03T02:27:33.079+0000] {processor.py:183} INFO - Processing /home/airflow/.local/lib/python3.8/site-packages/airflow/example_dags/example_python_decorator.py took 0.047 seconds
[2024-01-03T02:28:03.880+0000] {processor.py:161} INFO - Started process (PID=1036) to work on /home/airflow/.local/lib/python3.8/site-packages/airflow/example_dags/example_python_decorator.py
[2024-01-03T02:28:03.881+0000] {processor.py:830} INFO - Processing file /home/airflow/.local/lib/python3.8/site-packages/airflow/example_dags/example_python_decorator.py for tasks to queue
[2024-01-03T02:28:03.882+0000] {logging_mixin.py:188} INFO - [2024-01-03T02:28:03.882+0000] {dagbag.py:538} INFO - Filling up the DagBag from /home/airflow/.local/lib/python3.8/site-packages/airflow/example_dags/example_python_decorator.py
[2024-01-03T02:28:03.888+0000] {processor.py:840} INFO - DAG(s) 'example_python_decorator' retrieved from /home/airflow/.local/lib/python3.8/site-packages/airflow/example_dags/example_python_decorator.py
[2024-01-03T02:28:03.903+0000] {logging_mixin.py:188} INFO - [2024-01-03T02:28:03.902+0000] {dag.py:3033} INFO - Sync 1 DAGs
[2024-01-03T02:28:03.911+0000] {logging_mixin.py:188} INFO - [2024-01-03T02:28:03.911+0000] {dag.py:3820} INFO - Setting next_dagrun for example_python_decorator to None, run_after=None
[2024-01-03T02:28:03.923+0000] {processor.py:183} INFO - Processing /home/airflow/.local/lib/python3.8/site-packages/airflow/example_dags/example_python_decorator.py took 0.045 seconds
[2024-01-03T02:28:34.672+0000] {processor.py:161} INFO - Started process (PID=1091) to work on /home/airflow/.local/lib/python3.8/site-packages/airflow/example_dags/example_python_decorator.py
[2024-01-03T02:28:34.673+0000] {processor.py:830} INFO - Processing file /home/airflow/.local/lib/python3.8/site-packages/airflow/example_dags/example_python_decorator.py for tasks to queue
[2024-01-03T02:28:34.674+0000] {logging_mixin.py:188} INFO - [2024-01-03T02:28:34.674+0000] {dagbag.py:538} INFO - Filling up the DagBag from /home/airflow/.local/lib/python3.8/site-packages/airflow/example_dags/example_python_decorator.py
[2024-01-03T02:28:34.680+0000] {processor.py:840} INFO - DAG(s) 'example_python_decorator' retrieved from /home/airflow/.local/lib/python3.8/site-packages/airflow/example_dags/example_python_decorator.py
[2024-01-03T02:28:34.694+0000] {logging_mixin.py:188} INFO - [2024-01-03T02:28:34.694+0000] {dag.py:3033} INFO - Sync 1 DAGs
[2024-01-03T02:28:34.703+0000] {logging_mixin.py:188} INFO - [2024-01-03T02:28:34.702+0000] {dag.py:3820} INFO - Setting next_dagrun for example_python_decorator to None, run_after=None
[2024-01-03T02:28:34.715+0000] {processor.py:183} INFO - Processing /home/airflow/.local/lib/python3.8/site-packages/airflow/example_dags/example_python_decorator.py took 0.045 seconds
[2024-01-03T02:29:05.480+0000] {processor.py:161} INFO - Started process (PID=1146) to work on /home/airflow/.local/lib/python3.8/site-packages/airflow/example_dags/example_python_decorator.py
[2024-01-03T02:29:05.481+0000] {processor.py:830} INFO - Processing file /home/airflow/.local/lib/python3.8/site-packages/airflow/example_dags/example_python_decorator.py for tasks to queue
[2024-01-03T02:29:05.483+0000] {logging_mixin.py:188} INFO - [2024-01-03T02:29:05.482+0000] {dagbag.py:538} INFO - Filling up the DagBag from /home/airflow/.local/lib/python3.8/site-packages/airflow/example_dags/example_python_decorator.py
[2024-01-03T02:29:05.488+0000] {processor.py:840} INFO - DAG(s) 'example_python_decorator' retrieved from /home/airflow/.local/lib/python3.8/site-packages/airflow/example_dags/example_python_decorator.py
[2024-01-03T02:29:05.503+0000] {logging_mixin.py:188} INFO - [2024-01-03T02:29:05.503+0000] {dag.py:3033} INFO - Sync 1 DAGs
[2024-01-03T02:29:05.511+0000] {logging_mixin.py:188} INFO - [2024-01-03T02:29:05.511+0000] {dag.py:3820} INFO - Setting next_dagrun for example_python_decorator to None, run_after=None
[2024-01-03T02:29:05.524+0000] {processor.py:183} INFO - Processing /home/airflow/.local/lib/python3.8/site-packages/airflow/example_dags/example_python_decorator.py took 0.046 seconds
[2024-01-03T02:29:36.251+0000] {processor.py:161} INFO - Started process (PID=1201) to work on /home/airflow/.local/lib/python3.8/site-packages/airflow/example_dags/example_python_decorator.py
[2024-01-03T02:29:36.252+0000] {processor.py:830} INFO - Processing file /home/airflow/.local/lib/python3.8/site-packages/airflow/example_dags/example_python_decorator.py for tasks to queue
[2024-01-03T02:29:36.253+0000] {logging_mixin.py:188} INFO - [2024-01-03T02:29:36.253+0000] {dagbag.py:538} INFO - Filling up the DagBag from /home/airflow/.local/lib/python3.8/site-packages/airflow/example_dags/example_python_decorator.py
[2024-01-03T02:29:36.260+0000] {processor.py:840} INFO - DAG(s) 'example_python_decorator' retrieved from /home/airflow/.local/lib/python3.8/site-packages/airflow/example_dags/example_python_decorator.py
[2024-01-03T02:29:36.274+0000] {logging_mixin.py:188} INFO - [2024-01-03T02:29:36.274+0000] {dag.py:3033} INFO - Sync 1 DAGs
[2024-01-03T02:29:36.282+0000] {logging_mixin.py:188} INFO - [2024-01-03T02:29:36.282+0000] {dag.py:3820} INFO - Setting next_dagrun for example_python_decorator to None, run_after=None
[2024-01-03T02:29:36.295+0000] {processor.py:183} INFO - Processing /home/airflow/.local/lib/python3.8/site-packages/airflow/example_dags/example_python_decorator.py took 0.046 seconds
[2024-01-03T02:30:07.323+0000] {processor.py:161} INFO - Started process (PID=1256) to work on /home/airflow/.local/lib/python3.8/site-packages/airflow/example_dags/example_python_decorator.py
[2024-01-03T02:30:07.324+0000] {processor.py:830} INFO - Processing file /home/airflow/.local/lib/python3.8/site-packages/airflow/example_dags/example_python_decorator.py for tasks to queue
[2024-01-03T02:30:07.325+0000] {logging_mixin.py:188} INFO - [2024-01-03T02:30:07.325+0000] {dagbag.py:538} INFO - Filling up the DagBag from /home/airflow/.local/lib/python3.8/site-packages/airflow/example_dags/example_python_decorator.py
[2024-01-03T02:30:07.331+0000] {processor.py:840} INFO - DAG(s) 'example_python_decorator' retrieved from /home/airflow/.local/lib/python3.8/site-packages/airflow/example_dags/example_python_decorator.py
[2024-01-03T02:30:07.346+0000] {logging_mixin.py:188} INFO - [2024-01-03T02:30:07.346+0000] {dag.py:3033} INFO - Sync 1 DAGs
[2024-01-03T02:30:07.354+0000] {logging_mixin.py:188} INFO - [2024-01-03T02:30:07.354+0000] {dag.py:3820} INFO - Setting next_dagrun for example_python_decorator to None, run_after=None
[2024-01-03T02:30:07.366+0000] {processor.py:183} INFO - Processing /home/airflow/.local/lib/python3.8/site-packages/airflow/example_dags/example_python_decorator.py took 0.045 seconds
[2024-01-03T02:30:38.302+0000] {processor.py:161} INFO - Started process (PID=1311) to work on /home/airflow/.local/lib/python3.8/site-packages/airflow/example_dags/example_python_decorator.py
[2024-01-03T02:30:38.303+0000] {processor.py:830} INFO - Processing file /home/airflow/.local/lib/python3.8/site-packages/airflow/example_dags/example_python_decorator.py for tasks to queue
[2024-01-03T02:30:38.304+0000] {logging_mixin.py:188} INFO - [2024-01-03T02:30:38.304+0000] {dagbag.py:538} INFO - Filling up the DagBag from /home/airflow/.local/lib/python3.8/site-packages/airflow/example_dags/example_python_decorator.py
[2024-01-03T02:30:38.312+0000] {processor.py:840} INFO - DAG(s) 'example_python_decorator' retrieved from /home/airflow/.local/lib/python3.8/site-packages/airflow/example_dags/example_python_decorator.py
[2024-01-03T02:30:38.327+0000] {logging_mixin.py:188} INFO - [2024-01-03T02:30:38.327+0000] {dag.py:3033} INFO - Sync 1 DAGs
[2024-01-03T02:30:38.337+0000] {logging_mixin.py:188} INFO - [2024-01-03T02:30:38.336+0000] {dag.py:3820} INFO - Setting next_dagrun for example_python_decorator to None, run_after=None
[2024-01-03T02:30:38.351+0000] {processor.py:183} INFO - Processing /home/airflow/.local/lib/python3.8/site-packages/airflow/example_dags/example_python_decorator.py took 0.051 seconds
[2024-01-03T02:31:08.434+0000] {processor.py:161} INFO - Started process (PID=1366) to work on /home/airflow/.local/lib/python3.8/site-packages/airflow/example_dags/example_python_decorator.py
[2024-01-03T02:31:08.435+0000] {processor.py:830} INFO - Processing file /home/airflow/.local/lib/python3.8/site-packages/airflow/example_dags/example_python_decorator.py for tasks to queue
[2024-01-03T02:31:08.436+0000] {logging_mixin.py:188} INFO - [2024-01-03T02:31:08.436+0000] {dagbag.py:538} INFO - Filling up the DagBag from /home/airflow/.local/lib/python3.8/site-packages/airflow/example_dags/example_python_decorator.py
[2024-01-03T02:31:08.443+0000] {processor.py:840} INFO - DAG(s) 'example_python_decorator' retrieved from /home/airflow/.local/lib/python3.8/site-packages/airflow/example_dags/example_python_decorator.py
[2024-01-03T02:31:08.457+0000] {logging_mixin.py:188} INFO - [2024-01-03T02:31:08.457+0000] {dag.py:3033} INFO - Sync 1 DAGs
[2024-01-03T02:31:08.466+0000] {logging_mixin.py:188} INFO - [2024-01-03T02:31:08.466+0000] {dag.py:3820} INFO - Setting next_dagrun for example_python_decorator to None, run_after=None
[2024-01-03T02:31:08.478+0000] {processor.py:183} INFO - Processing /home/airflow/.local/lib/python3.8/site-packages/airflow/example_dags/example_python_decorator.py took 0.046 seconds
[2024-01-03T02:31:38.684+0000] {processor.py:161} INFO - Started process (PID=1421) to work on /home/airflow/.local/lib/python3.8/site-packages/airflow/example_dags/example_python_decorator.py
[2024-01-03T02:31:38.685+0000] {processor.py:830} INFO - Processing file /home/airflow/.local/lib/python3.8/site-packages/airflow/example_dags/example_python_decorator.py for tasks to queue
[2024-01-03T02:31:38.687+0000] {logging_mixin.py:188} INFO - [2024-01-03T02:31:38.686+0000] {dagbag.py:538} INFO - Filling up the DagBag from /home/airflow/.local/lib/python3.8/site-packages/airflow/example_dags/example_python_decorator.py
[2024-01-03T02:31:38.693+0000] {processor.py:840} INFO - DAG(s) 'example_python_decorator' retrieved from /home/airflow/.local/lib/python3.8/site-packages/airflow/example_dags/example_python_decorator.py
[2024-01-03T02:31:38.707+0000] {logging_mixin.py:188} INFO - [2024-01-03T02:31:38.707+0000] {dag.py:3033} INFO - Sync 1 DAGs
[2024-01-03T02:31:38.716+0000] {logging_mixin.py:188} INFO - [2024-01-03T02:31:38.716+0000] {dag.py:3820} INFO - Setting next_dagrun for example_python_decorator to None, run_after=None
[2024-01-03T02:31:38.727+0000] {processor.py:183} INFO - Processing /home/airflow/.local/lib/python3.8/site-packages/airflow/example_dags/example_python_decorator.py took 0.045 seconds
[2024-01-03T02:32:08.813+0000] {processor.py:161} INFO - Started process (PID=1476) to work on /home/airflow/.local/lib/python3.8/site-packages/airflow/example_dags/example_python_decorator.py
[2024-01-03T02:32:08.814+0000] {processor.py:830} INFO - Processing file /home/airflow/.local/lib/python3.8/site-packages/airflow/example_dags/example_python_decorator.py for tasks to queue
[2024-01-03T02:32:08.815+0000] {logging_mixin.py:188} INFO - [2024-01-03T02:32:08.815+0000] {dagbag.py:538} INFO - Filling up the DagBag from /home/airflow/.local/lib/python3.8/site-packages/airflow/example_dags/example_python_decorator.py
[2024-01-03T02:32:08.822+0000] {processor.py:840} INFO - DAG(s) 'example_python_decorator' retrieved from /home/airflow/.local/lib/python3.8/site-packages/airflow/example_dags/example_python_decorator.py
[2024-01-03T02:32:08.837+0000] {logging_mixin.py:188} INFO - [2024-01-03T02:32:08.837+0000] {dag.py:3033} INFO - Sync 1 DAGs
[2024-01-03T02:32:08.847+0000] {logging_mixin.py:188} INFO - [2024-01-03T02:32:08.847+0000] {dag.py:3820} INFO - Setting next_dagrun for example_python_decorator to None, run_after=None
[2024-01-03T02:32:08.861+0000] {processor.py:183} INFO - Processing /home/airflow/.local/lib/python3.8/site-packages/airflow/example_dags/example_python_decorator.py took 0.050 seconds
[2024-01-03T02:32:39.008+0000] {processor.py:161} INFO - Started process (PID=1531) to work on /home/airflow/.local/lib/python3.8/site-packages/airflow/example_dags/example_python_decorator.py
[2024-01-03T02:32:39.009+0000] {processor.py:830} INFO - Processing file /home/airflow/.local/lib/python3.8/site-packages/airflow/example_dags/example_python_decorator.py for tasks to queue
[2024-01-03T02:32:39.010+0000] {logging_mixin.py:188} INFO - [2024-01-03T02:32:39.010+0000] {dagbag.py:538} INFO - Filling up the DagBag from /home/airflow/.local/lib/python3.8/site-packages/airflow/example_dags/example_python_decorator.py
[2024-01-03T02:32:39.017+0000] {processor.py:840} INFO - DAG(s) 'example_python_decorator' retrieved from /home/airflow/.local/lib/python3.8/site-packages/airflow/example_dags/example_python_decorator.py
[2024-01-03T02:32:39.032+0000] {logging_mixin.py:188} INFO - [2024-01-03T02:32:39.031+0000] {dag.py:3033} INFO - Sync 1 DAGs
[2024-01-03T02:32:39.040+0000] {logging_mixin.py:188} INFO - [2024-01-03T02:32:39.040+0000] {dag.py:3820} INFO - Setting next_dagrun for example_python_decorator to None, run_after=None
[2024-01-03T02:32:39.053+0000] {processor.py:183} INFO - Processing /home/airflow/.local/lib/python3.8/site-packages/airflow/example_dags/example_python_decorator.py took 0.047 seconds
[2024-01-03T02:33:09.132+0000] {processor.py:161} INFO - Started process (PID=1586) to work on /home/airflow/.local/lib/python3.8/site-packages/airflow/example_dags/example_python_decorator.py
[2024-01-03T02:33:09.133+0000] {processor.py:830} INFO - Processing file /home/airflow/.local/lib/python3.8/site-packages/airflow/example_dags/example_python_decorator.py for tasks to queue
[2024-01-03T02:33:09.134+0000] {logging_mixin.py:188} INFO - [2024-01-03T02:33:09.134+0000] {dagbag.py:538} INFO - Filling up the DagBag from /home/airflow/.local/lib/python3.8/site-packages/airflow/example_dags/example_python_decorator.py
[2024-01-03T02:33:09.141+0000] {processor.py:840} INFO - DAG(s) 'example_python_decorator' retrieved from /home/airflow/.local/lib/python3.8/site-packages/airflow/example_dags/example_python_decorator.py
[2024-01-03T02:33:09.155+0000] {logging_mixin.py:188} INFO - [2024-01-03T02:33:09.155+0000] {dag.py:3033} INFO - Sync 1 DAGs
[2024-01-03T02:33:09.164+0000] {logging_mixin.py:188} INFO - [2024-01-03T02:33:09.164+0000] {dag.py:3820} INFO - Setting next_dagrun for example_python_decorator to None, run_after=None
[2024-01-03T02:33:09.177+0000] {processor.py:183} INFO - Processing /home/airflow/.local/lib/python3.8/site-packages/airflow/example_dags/example_python_decorator.py took 0.047 seconds
[2024-01-03T02:33:39.291+0000] {processor.py:161} INFO - Started process (PID=1641) to work on /home/airflow/.local/lib/python3.8/site-packages/airflow/example_dags/example_python_decorator.py
[2024-01-03T02:33:39.292+0000] {processor.py:830} INFO - Processing file /home/airflow/.local/lib/python3.8/site-packages/airflow/example_dags/example_python_decorator.py for tasks to queue
[2024-01-03T02:33:39.293+0000] {logging_mixin.py:188} INFO - [2024-01-03T02:33:39.293+0000] {dagbag.py:538} INFO - Filling up the DagBag from /home/airflow/.local/lib/python3.8/site-packages/airflow/example_dags/example_python_decorator.py
[2024-01-03T02:33:39.300+0000] {processor.py:840} INFO - DAG(s) 'example_python_decorator' retrieved from /home/airflow/.local/lib/python3.8/site-packages/airflow/example_dags/example_python_decorator.py
[2024-01-03T02:33:39.315+0000] {logging_mixin.py:188} INFO - [2024-01-03T02:33:39.314+0000] {dag.py:3033} INFO - Sync 1 DAGs
[2024-01-03T02:33:39.323+0000] {logging_mixin.py:188} INFO - [2024-01-03T02:33:39.323+0000] {dag.py:3820} INFO - Setting next_dagrun for example_python_decorator to None, run_after=None
[2024-01-03T02:33:39.335+0000] {processor.py:183} INFO - Processing /home/airflow/.local/lib/python3.8/site-packages/airflow/example_dags/example_python_decorator.py took 0.046 seconds
[2024-01-03T02:34:09.388+0000] {processor.py:161} INFO - Started process (PID=1696) to work on /home/airflow/.local/lib/python3.8/site-packages/airflow/example_dags/example_python_decorator.py
[2024-01-03T02:34:09.388+0000] {processor.py:830} INFO - Processing file /home/airflow/.local/lib/python3.8/site-packages/airflow/example_dags/example_python_decorator.py for tasks to queue
[2024-01-03T02:34:09.390+0000] {logging_mixin.py:188} INFO - [2024-01-03T02:34:09.390+0000] {dagbag.py:538} INFO - Filling up the DagBag from /home/airflow/.local/lib/python3.8/site-packages/airflow/example_dags/example_python_decorator.py
[2024-01-03T02:34:09.396+0000] {processor.py:840} INFO - DAG(s) 'example_python_decorator' retrieved from /home/airflow/.local/lib/python3.8/site-packages/airflow/example_dags/example_python_decorator.py
[2024-01-03T02:34:09.410+0000] {logging_mixin.py:188} INFO - [2024-01-03T02:34:09.410+0000] {dag.py:3033} INFO - Sync 1 DAGs
[2024-01-03T02:34:09.419+0000] {logging_mixin.py:188} INFO - [2024-01-03T02:34:09.419+0000] {dag.py:3820} INFO - Setting next_dagrun for example_python_decorator to None, run_after=None
[2024-01-03T02:34:09.431+0000] {processor.py:183} INFO - Processing /home/airflow/.local/lib/python3.8/site-packages/airflow/example_dags/example_python_decorator.py took 0.045 seconds
[2024-01-03T02:34:40.065+0000] {processor.py:161} INFO - Started process (PID=1752) to work on /home/airflow/.local/lib/python3.8/site-packages/airflow/example_dags/example_python_decorator.py
[2024-01-03T02:34:40.066+0000] {processor.py:830} INFO - Processing file /home/airflow/.local/lib/python3.8/site-packages/airflow/example_dags/example_python_decorator.py for tasks to queue
[2024-01-03T02:34:40.067+0000] {logging_mixin.py:188} INFO - [2024-01-03T02:34:40.067+0000] {dagbag.py:538} INFO - Filling up the DagBag from /home/airflow/.local/lib/python3.8/site-packages/airflow/example_dags/example_python_decorator.py
[2024-01-03T02:34:40.074+0000] {processor.py:840} INFO - DAG(s) 'example_python_decorator' retrieved from /home/airflow/.local/lib/python3.8/site-packages/airflow/example_dags/example_python_decorator.py
[2024-01-03T02:34:40.088+0000] {logging_mixin.py:188} INFO - [2024-01-03T02:34:40.088+0000] {dag.py:3033} INFO - Sync 1 DAGs
[2024-01-03T02:34:40.096+0000] {logging_mixin.py:188} INFO - [2024-01-03T02:34:40.096+0000] {dag.py:3820} INFO - Setting next_dagrun for example_python_decorator to None, run_after=None
[2024-01-03T02:34:40.108+0000] {processor.py:183} INFO - Processing /home/airflow/.local/lib/python3.8/site-packages/airflow/example_dags/example_python_decorator.py took 0.045 seconds
[2024-01-03T02:35:10.900+0000] {processor.py:161} INFO - Started process (PID=1807) to work on /home/airflow/.local/lib/python3.8/site-packages/airflow/example_dags/example_python_decorator.py
[2024-01-03T02:35:10.901+0000] {processor.py:830} INFO - Processing file /home/airflow/.local/lib/python3.8/site-packages/airflow/example_dags/example_python_decorator.py for tasks to queue
[2024-01-03T02:35:10.902+0000] {logging_mixin.py:188} INFO - [2024-01-03T02:35:10.902+0000] {dagbag.py:538} INFO - Filling up the DagBag from /home/airflow/.local/lib/python3.8/site-packages/airflow/example_dags/example_python_decorator.py
[2024-01-03T02:35:10.909+0000] {processor.py:840} INFO - DAG(s) 'example_python_decorator' retrieved from /home/airflow/.local/lib/python3.8/site-packages/airflow/example_dags/example_python_decorator.py
[2024-01-03T02:35:10.924+0000] {logging_mixin.py:188} INFO - [2024-01-03T02:35:10.924+0000] {dag.py:3033} INFO - Sync 1 DAGs
[2024-01-03T02:35:10.933+0000] {logging_mixin.py:188} INFO - [2024-01-03T02:35:10.933+0000] {dag.py:3820} INFO - Setting next_dagrun for example_python_decorator to None, run_after=None
[2024-01-03T02:35:10.946+0000] {processor.py:183} INFO - Processing /home/airflow/.local/lib/python3.8/site-packages/airflow/example_dags/example_python_decorator.py took 0.049 seconds
[2024-01-03T02:35:41.788+0000] {processor.py:161} INFO - Started process (PID=1862) to work on /home/airflow/.local/lib/python3.8/site-packages/airflow/example_dags/example_python_decorator.py
[2024-01-03T02:35:41.789+0000] {processor.py:830} INFO - Processing file /home/airflow/.local/lib/python3.8/site-packages/airflow/example_dags/example_python_decorator.py for tasks to queue
[2024-01-03T02:35:41.791+0000] {logging_mixin.py:188} INFO - [2024-01-03T02:35:41.791+0000] {dagbag.py:538} INFO - Filling up the DagBag from /home/airflow/.local/lib/python3.8/site-packages/airflow/example_dags/example_python_decorator.py
[2024-01-03T02:35:41.797+0000] {processor.py:840} INFO - DAG(s) 'example_python_decorator' retrieved from /home/airflow/.local/lib/python3.8/site-packages/airflow/example_dags/example_python_decorator.py
[2024-01-03T02:35:41.813+0000] {logging_mixin.py:188} INFO - [2024-01-03T02:35:41.813+0000] {dag.py:3033} INFO - Sync 1 DAGs
[2024-01-03T02:35:41.822+0000] {logging_mixin.py:188} INFO - [2024-01-03T02:35:41.822+0000] {dag.py:3820} INFO - Setting next_dagrun for example_python_decorator to None, run_after=None
[2024-01-03T02:35:41.834+0000] {processor.py:183} INFO - Processing /home/airflow/.local/lib/python3.8/site-packages/airflow/example_dags/example_python_decorator.py took 0.047 seconds
[2024-01-03T02:36:12.590+0000] {processor.py:161} INFO - Started process (PID=1917) to work on /home/airflow/.local/lib/python3.8/site-packages/airflow/example_dags/example_python_decorator.py
[2024-01-03T02:36:12.591+0000] {processor.py:830} INFO - Processing file /home/airflow/.local/lib/python3.8/site-packages/airflow/example_dags/example_python_decorator.py for tasks to queue
[2024-01-03T02:36:12.592+0000] {logging_mixin.py:188} INFO - [2024-01-03T02:36:12.592+0000] {dagbag.py:538} INFO - Filling up the DagBag from /home/airflow/.local/lib/python3.8/site-packages/airflow/example_dags/example_python_decorator.py
[2024-01-03T02:36:12.599+0000] {processor.py:840} INFO - DAG(s) 'example_python_decorator' retrieved from /home/airflow/.local/lib/python3.8/site-packages/airflow/example_dags/example_python_decorator.py
[2024-01-03T02:36:12.615+0000] {logging_mixin.py:188} INFO - [2024-01-03T02:36:12.615+0000] {dag.py:3033} INFO - Sync 1 DAGs
[2024-01-03T02:36:12.626+0000] {logging_mixin.py:188} INFO - [2024-01-03T02:36:12.625+0000] {dag.py:3820} INFO - Setting next_dagrun for example_python_decorator to None, run_after=None
[2024-01-03T02:36:12.639+0000] {processor.py:183} INFO - Processing /home/airflow/.local/lib/python3.8/site-packages/airflow/example_dags/example_python_decorator.py took 0.052 seconds
[2024-01-03T02:36:42.661+0000] {processor.py:161} INFO - Started process (PID=1972) to work on /home/airflow/.local/lib/python3.8/site-packages/airflow/example_dags/example_python_decorator.py
[2024-01-03T02:36:42.662+0000] {processor.py:830} INFO - Processing file /home/airflow/.local/lib/python3.8/site-packages/airflow/example_dags/example_python_decorator.py for tasks to queue
[2024-01-03T02:36:42.663+0000] {logging_mixin.py:188} INFO - [2024-01-03T02:36:42.663+0000] {dagbag.py:538} INFO - Filling up the DagBag from /home/airflow/.local/lib/python3.8/site-packages/airflow/example_dags/example_python_decorator.py
[2024-01-03T02:36:42.669+0000] {processor.py:840} INFO - DAG(s) 'example_python_decorator' retrieved from /home/airflow/.local/lib/python3.8/site-packages/airflow/example_dags/example_python_decorator.py
[2024-01-03T02:36:42.683+0000] {logging_mixin.py:188} INFO - [2024-01-03T02:36:42.683+0000] {dag.py:3033} INFO - Sync 1 DAGs
[2024-01-03T02:36:42.691+0000] {logging_mixin.py:188} INFO - [2024-01-03T02:36:42.691+0000] {dag.py:3820} INFO - Setting next_dagrun for example_python_decorator to None, run_after=None
[2024-01-03T02:36:42.703+0000] {processor.py:183} INFO - Processing /home/airflow/.local/lib/python3.8/site-packages/airflow/example_dags/example_python_decorator.py took 0.043 seconds
[2024-01-03T02:41:31.781+0000] {processor.py:161} INFO - Started process (PID=2033) to work on /home/airflow/.local/lib/python3.8/site-packages/airflow/example_dags/example_python_decorator.py
[2024-01-03T02:41:31.782+0000] {processor.py:830} INFO - Processing file /home/airflow/.local/lib/python3.8/site-packages/airflow/example_dags/example_python_decorator.py for tasks to queue
[2024-01-03T02:41:31.786+0000] {logging_mixin.py:188} INFO - [2024-01-03T02:41:31.785+0000] {dagbag.py:538} INFO - Filling up the DagBag from /home/airflow/.local/lib/python3.8/site-packages/airflow/example_dags/example_python_decorator.py
[2024-01-03T02:41:31.799+0000] {processor.py:840} INFO - DAG(s) 'example_python_decorator' retrieved from /home/airflow/.local/lib/python3.8/site-packages/airflow/example_dags/example_python_decorator.py
[2024-01-03T02:41:31.825+0000] {logging_mixin.py:188} INFO - [2024-01-03T02:41:31.824+0000] {dag.py:3033} INFO - Sync 1 DAGs
[2024-01-03T02:41:31.841+0000] {logging_mixin.py:188} INFO - [2024-01-03T02:41:31.840+0000] {dag.py:3820} INFO - Setting next_dagrun for example_python_decorator to None, run_after=None
[2024-01-03T02:41:31.867+0000] {processor.py:183} INFO - Processing /home/airflow/.local/lib/python3.8/site-packages/airflow/example_dags/example_python_decorator.py took 0.090 seconds
[2024-01-03T02:42:02.713+0000] {processor.py:161} INFO - Started process (PID=2088) to work on /home/airflow/.local/lib/python3.8/site-packages/airflow/example_dags/example_python_decorator.py
[2024-01-03T02:42:02.713+0000] {processor.py:830} INFO - Processing file /home/airflow/.local/lib/python3.8/site-packages/airflow/example_dags/example_python_decorator.py for tasks to queue
[2024-01-03T02:42:02.715+0000] {logging_mixin.py:188} INFO - [2024-01-03T02:42:02.715+0000] {dagbag.py:538} INFO - Filling up the DagBag from /home/airflow/.local/lib/python3.8/site-packages/airflow/example_dags/example_python_decorator.py
[2024-01-03T02:42:02.721+0000] {processor.py:840} INFO - DAG(s) 'example_python_decorator' retrieved from /home/airflow/.local/lib/python3.8/site-packages/airflow/example_dags/example_python_decorator.py
[2024-01-03T02:42:02.735+0000] {logging_mixin.py:188} INFO - [2024-01-03T02:42:02.735+0000] {dag.py:3033} INFO - Sync 1 DAGs
[2024-01-03T02:42:02.744+0000] {logging_mixin.py:188} INFO - [2024-01-03T02:42:02.744+0000] {dag.py:3820} INFO - Setting next_dagrun for example_python_decorator to None, run_after=None
[2024-01-03T02:42:02.756+0000] {processor.py:183} INFO - Processing /home/airflow/.local/lib/python3.8/site-packages/airflow/example_dags/example_python_decorator.py took 0.045 seconds
[2024-01-03T02:42:32.933+0000] {processor.py:161} INFO - Started process (PID=2143) to work on /home/airflow/.local/lib/python3.8/site-packages/airflow/example_dags/example_python_decorator.py
[2024-01-03T02:42:32.934+0000] {processor.py:830} INFO - Processing file /home/airflow/.local/lib/python3.8/site-packages/airflow/example_dags/example_python_decorator.py for tasks to queue
[2024-01-03T02:42:32.935+0000] {logging_mixin.py:188} INFO - [2024-01-03T02:42:32.935+0000] {dagbag.py:538} INFO - Filling up the DagBag from /home/airflow/.local/lib/python3.8/site-packages/airflow/example_dags/example_python_decorator.py
[2024-01-03T02:42:32.942+0000] {processor.py:840} INFO - DAG(s) 'example_python_decorator' retrieved from /home/airflow/.local/lib/python3.8/site-packages/airflow/example_dags/example_python_decorator.py
[2024-01-03T02:42:32.958+0000] {logging_mixin.py:188} INFO - [2024-01-03T02:42:32.957+0000] {dag.py:3033} INFO - Sync 1 DAGs
[2024-01-03T02:42:32.966+0000] {logging_mixin.py:188} INFO - [2024-01-03T02:42:32.966+0000] {dag.py:3820} INFO - Setting next_dagrun for example_python_decorator to None, run_after=None
[2024-01-03T02:42:32.980+0000] {processor.py:183} INFO - Processing /home/airflow/.local/lib/python3.8/site-packages/airflow/example_dags/example_python_decorator.py took 0.049 seconds
[2024-01-03T02:43:03.244+0000] {processor.py:161} INFO - Started process (PID=2198) to work on /home/airflow/.local/lib/python3.8/site-packages/airflow/example_dags/example_python_decorator.py
[2024-01-03T02:43:03.244+0000] {processor.py:830} INFO - Processing file /home/airflow/.local/lib/python3.8/site-packages/airflow/example_dags/example_python_decorator.py for tasks to queue
[2024-01-03T02:43:03.246+0000] {logging_mixin.py:188} INFO - [2024-01-03T02:43:03.246+0000] {dagbag.py:538} INFO - Filling up the DagBag from /home/airflow/.local/lib/python3.8/site-packages/airflow/example_dags/example_python_decorator.py
[2024-01-03T02:43:03.253+0000] {processor.py:840} INFO - DAG(s) 'example_python_decorator' retrieved from /home/airflow/.local/lib/python3.8/site-packages/airflow/example_dags/example_python_decorator.py
[2024-01-03T02:43:03.267+0000] {logging_mixin.py:188} INFO - [2024-01-03T02:43:03.267+0000] {dag.py:3033} INFO - Sync 1 DAGs
[2024-01-03T02:43:03.276+0000] {logging_mixin.py:188} INFO - [2024-01-03T02:43:03.276+0000] {dag.py:3820} INFO - Setting next_dagrun for example_python_decorator to None, run_after=None
[2024-01-03T02:43:03.289+0000] {processor.py:183} INFO - Processing /home/airflow/.local/lib/python3.8/site-packages/airflow/example_dags/example_python_decorator.py took 0.047 seconds
[2024-01-03T02:43:33.951+0000] {processor.py:161} INFO - Started process (PID=2253) to work on /home/airflow/.local/lib/python3.8/site-packages/airflow/example_dags/example_python_decorator.py
[2024-01-03T02:43:33.952+0000] {processor.py:830} INFO - Processing file /home/airflow/.local/lib/python3.8/site-packages/airflow/example_dags/example_python_decorator.py for tasks to queue
[2024-01-03T02:43:33.954+0000] {logging_mixin.py:188} INFO - [2024-01-03T02:43:33.953+0000] {dagbag.py:538} INFO - Filling up the DagBag from /home/airflow/.local/lib/python3.8/site-packages/airflow/example_dags/example_python_decorator.py
[2024-01-03T02:43:33.960+0000] {processor.py:840} INFO - DAG(s) 'example_python_decorator' retrieved from /home/airflow/.local/lib/python3.8/site-packages/airflow/example_dags/example_python_decorator.py
[2024-01-03T02:43:33.974+0000] {logging_mixin.py:188} INFO - [2024-01-03T02:43:33.974+0000] {dag.py:3033} INFO - Sync 1 DAGs
[2024-01-03T02:43:33.983+0000] {logging_mixin.py:188} INFO - [2024-01-03T02:43:33.983+0000] {dag.py:3820} INFO - Setting next_dagrun for example_python_decorator to None, run_after=None
[2024-01-03T02:43:34.099+0000] {processor.py:183} INFO - Processing /home/airflow/.local/lib/python3.8/site-packages/airflow/example_dags/example_python_decorator.py took 0.150 seconds
[2024-01-03T02:44:04.643+0000] {processor.py:161} INFO - Started process (PID=2308) to work on /home/airflow/.local/lib/python3.8/site-packages/airflow/example_dags/example_python_decorator.py
[2024-01-03T02:44:04.644+0000] {processor.py:830} INFO - Processing file /home/airflow/.local/lib/python3.8/site-packages/airflow/example_dags/example_python_decorator.py for tasks to queue
[2024-01-03T02:44:04.645+0000] {logging_mixin.py:188} INFO - [2024-01-03T02:44:04.645+0000] {dagbag.py:538} INFO - Filling up the DagBag from /home/airflow/.local/lib/python3.8/site-packages/airflow/example_dags/example_python_decorator.py
[2024-01-03T02:44:04.652+0000] {processor.py:840} INFO - DAG(s) 'example_python_decorator' retrieved from /home/airflow/.local/lib/python3.8/site-packages/airflow/example_dags/example_python_decorator.py
[2024-01-03T02:44:04.666+0000] {logging_mixin.py:188} INFO - [2024-01-03T02:44:04.666+0000] {dag.py:3033} INFO - Sync 1 DAGs
[2024-01-03T02:44:04.675+0000] {logging_mixin.py:188} INFO - [2024-01-03T02:44:04.675+0000] {dag.py:3820} INFO - Setting next_dagrun for example_python_decorator to None, run_after=None
[2024-01-03T02:44:04.688+0000] {processor.py:183} INFO - Processing /home/airflow/.local/lib/python3.8/site-packages/airflow/example_dags/example_python_decorator.py took 0.047 seconds
[2024-01-03T02:44:35.142+0000] {processor.py:161} INFO - Started process (PID=2363) to work on /home/airflow/.local/lib/python3.8/site-packages/airflow/example_dags/example_python_decorator.py
[2024-01-03T02:44:35.143+0000] {processor.py:830} INFO - Processing file /home/airflow/.local/lib/python3.8/site-packages/airflow/example_dags/example_python_decorator.py for tasks to queue
[2024-01-03T02:44:35.144+0000] {logging_mixin.py:188} INFO - [2024-01-03T02:44:35.144+0000] {dagbag.py:538} INFO - Filling up the DagBag from /home/airflow/.local/lib/python3.8/site-packages/airflow/example_dags/example_python_decorator.py
[2024-01-03T02:44:35.151+0000] {processor.py:840} INFO - DAG(s) 'example_python_decorator' retrieved from /home/airflow/.local/lib/python3.8/site-packages/airflow/example_dags/example_python_decorator.py
[2024-01-03T02:44:35.166+0000] {logging_mixin.py:188} INFO - [2024-01-03T02:44:35.166+0000] {dag.py:3033} INFO - Sync 1 DAGs
[2024-01-03T02:44:35.175+0000] {logging_mixin.py:188} INFO - [2024-01-03T02:44:35.175+0000] {dag.py:3820} INFO - Setting next_dagrun for example_python_decorator to None, run_after=None
[2024-01-03T02:44:35.190+0000] {processor.py:183} INFO - Processing /home/airflow/.local/lib/python3.8/site-packages/airflow/example_dags/example_python_decorator.py took 0.049 seconds
[2024-01-03T02:45:05.854+0000] {processor.py:161} INFO - Started process (PID=2418) to work on /home/airflow/.local/lib/python3.8/site-packages/airflow/example_dags/example_python_decorator.py
[2024-01-03T02:45:05.855+0000] {processor.py:830} INFO - Processing file /home/airflow/.local/lib/python3.8/site-packages/airflow/example_dags/example_python_decorator.py for tasks to queue
[2024-01-03T02:45:05.856+0000] {logging_mixin.py:188} INFO - [2024-01-03T02:45:05.856+0000] {dagbag.py:538} INFO - Filling up the DagBag from /home/airflow/.local/lib/python3.8/site-packages/airflow/example_dags/example_python_decorator.py
[2024-01-03T02:45:05.863+0000] {processor.py:840} INFO - DAG(s) 'example_python_decorator' retrieved from /home/airflow/.local/lib/python3.8/site-packages/airflow/example_dags/example_python_decorator.py
[2024-01-03T02:45:05.877+0000] {logging_mixin.py:188} INFO - [2024-01-03T02:45:05.877+0000] {dag.py:3033} INFO - Sync 1 DAGs
[2024-01-03T02:45:05.886+0000] {logging_mixin.py:188} INFO - [2024-01-03T02:45:05.886+0000] {dag.py:3820} INFO - Setting next_dagrun for example_python_decorator to None, run_after=None
[2024-01-03T02:45:05.899+0000] {processor.py:183} INFO - Processing /home/airflow/.local/lib/python3.8/site-packages/airflow/example_dags/example_python_decorator.py took 0.047 seconds
[2024-01-03T02:45:36.248+0000] {processor.py:161} INFO - Started process (PID=2473) to work on /home/airflow/.local/lib/python3.8/site-packages/airflow/example_dags/example_python_decorator.py
[2024-01-03T02:45:36.249+0000] {processor.py:830} INFO - Processing file /home/airflow/.local/lib/python3.8/site-packages/airflow/example_dags/example_python_decorator.py for tasks to queue
[2024-01-03T02:45:36.251+0000] {logging_mixin.py:188} INFO - [2024-01-03T02:45:36.250+0000] {dagbag.py:538} INFO - Filling up the DagBag from /home/airflow/.local/lib/python3.8/site-packages/airflow/example_dags/example_python_decorator.py
[2024-01-03T02:45:36.257+0000] {processor.py:840} INFO - DAG(s) 'example_python_decorator' retrieved from /home/airflow/.local/lib/python3.8/site-packages/airflow/example_dags/example_python_decorator.py
[2024-01-03T02:45:36.272+0000] {logging_mixin.py:188} INFO - [2024-01-03T02:45:36.272+0000] {dag.py:3033} INFO - Sync 1 DAGs
[2024-01-03T02:45:36.281+0000] {logging_mixin.py:188} INFO - [2024-01-03T02:45:36.281+0000] {dag.py:3820} INFO - Setting next_dagrun for example_python_decorator to None, run_after=None
[2024-01-03T02:45:36.294+0000] {processor.py:183} INFO - Processing /home/airflow/.local/lib/python3.8/site-packages/airflow/example_dags/example_python_decorator.py took 0.048 seconds
[2024-01-03T02:46:06.989+0000] {processor.py:161} INFO - Started process (PID=2528) to work on /home/airflow/.local/lib/python3.8/site-packages/airflow/example_dags/example_python_decorator.py
[2024-01-03T02:46:06.990+0000] {processor.py:830} INFO - Processing file /home/airflow/.local/lib/python3.8/site-packages/airflow/example_dags/example_python_decorator.py for tasks to queue
[2024-01-03T02:46:06.992+0000] {logging_mixin.py:188} INFO - [2024-01-03T02:46:06.991+0000] {dagbag.py:538} INFO - Filling up the DagBag from /home/airflow/.local/lib/python3.8/site-packages/airflow/example_dags/example_python_decorator.py
[2024-01-03T02:46:06.999+0000] {processor.py:840} INFO - DAG(s) 'example_python_decorator' retrieved from /home/airflow/.local/lib/python3.8/site-packages/airflow/example_dags/example_python_decorator.py
[2024-01-03T02:46:07.146+0000] {logging_mixin.py:188} INFO - [2024-01-03T02:46:07.146+0000] {dag.py:3033} INFO - Sync 1 DAGs
[2024-01-03T02:46:07.156+0000] {logging_mixin.py:188} INFO - [2024-01-03T02:46:07.156+0000] {dag.py:3820} INFO - Setting next_dagrun for example_python_decorator to None, run_after=None
[2024-01-03T02:46:07.172+0000] {processor.py:183} INFO - Processing /home/airflow/.local/lib/python3.8/site-packages/airflow/example_dags/example_python_decorator.py took 0.185 seconds
[2024-01-03T02:46:37.270+0000] {processor.py:161} INFO - Started process (PID=2583) to work on /home/airflow/.local/lib/python3.8/site-packages/airflow/example_dags/example_python_decorator.py
[2024-01-03T02:46:37.271+0000] {processor.py:830} INFO - Processing file /home/airflow/.local/lib/python3.8/site-packages/airflow/example_dags/example_python_decorator.py for tasks to queue
[2024-01-03T02:46:37.272+0000] {logging_mixin.py:188} INFO - [2024-01-03T02:46:37.272+0000] {dagbag.py:538} INFO - Filling up the DagBag from /home/airflow/.local/lib/python3.8/site-packages/airflow/example_dags/example_python_decorator.py
[2024-01-03T02:46:37.279+0000] {processor.py:840} INFO - DAG(s) 'example_python_decorator' retrieved from /home/airflow/.local/lib/python3.8/site-packages/airflow/example_dags/example_python_decorator.py
[2024-01-03T02:46:37.293+0000] {logging_mixin.py:188} INFO - [2024-01-03T02:46:37.293+0000] {dag.py:3033} INFO - Sync 1 DAGs
[2024-01-03T02:46:37.417+0000] {logging_mixin.py:188} INFO - [2024-01-03T02:46:37.417+0000] {dag.py:3820} INFO - Setting next_dagrun for example_python_decorator to None, run_after=None
[2024-01-03T02:46:37.429+0000] {processor.py:183} INFO - Processing /home/airflow/.local/lib/python3.8/site-packages/airflow/example_dags/example_python_decorator.py took 0.161 seconds
[2024-01-03T02:47:07.644+0000] {processor.py:161} INFO - Started process (PID=2637) to work on /home/airflow/.local/lib/python3.8/site-packages/airflow/example_dags/example_python_decorator.py
[2024-01-03T02:47:07.645+0000] {processor.py:830} INFO - Processing file /home/airflow/.local/lib/python3.8/site-packages/airflow/example_dags/example_python_decorator.py for tasks to queue
[2024-01-03T02:47:07.647+0000] {logging_mixin.py:188} INFO - [2024-01-03T02:47:07.646+0000] {dagbag.py:538} INFO - Filling up the DagBag from /home/airflow/.local/lib/python3.8/site-packages/airflow/example_dags/example_python_decorator.py
[2024-01-03T02:47:07.653+0000] {processor.py:840} INFO - DAG(s) 'example_python_decorator' retrieved from /home/airflow/.local/lib/python3.8/site-packages/airflow/example_dags/example_python_decorator.py
[2024-01-03T02:47:07.668+0000] {logging_mixin.py:188} INFO - [2024-01-03T02:47:07.668+0000] {dag.py:3033} INFO - Sync 1 DAGs
[2024-01-03T02:47:07.677+0000] {logging_mixin.py:188} INFO - [2024-01-03T02:47:07.677+0000] {dag.py:3820} INFO - Setting next_dagrun for example_python_decorator to None, run_after=None
[2024-01-03T02:47:07.691+0000] {processor.py:183} INFO - Processing /home/airflow/.local/lib/python3.8/site-packages/airflow/example_dags/example_python_decorator.py took 0.048 seconds
