[2024-01-03T02:12:51.647+0000] {processor.py:161} INFO - Started process (PID=40) to work on /home/airflow/.local/lib/python3.8/site-packages/airflow/example_dags/example_branch_python_dop_operator_3.py
[2024-01-03T02:12:51.648+0000] {processor.py:830} INFO - Processing file /home/airflow/.local/lib/python3.8/site-packages/airflow/example_dags/example_branch_python_dop_operator_3.py for tasks to queue
[2024-01-03T02:12:51.650+0000] {logging_mixin.py:188} INFO - [2024-01-03T02:12:51.650+0000] {dagbag.py:538} INFO - Filling up the DagBag from /home/airflow/.local/lib/python3.8/site-packages/airflow/example_dags/example_branch_python_dop_operator_3.py
[2024-01-03T02:12:51.661+0000] {processor.py:840} INFO - DAG(s) 'example_branch_dop_operator_v3' retrieved from /home/airflow/.local/lib/python3.8/site-packages/airflow/example_dags/example_branch_python_dop_operator_3.py
[2024-01-03T02:12:51.677+0000] {logging_mixin.py:188} INFO - [2024-01-03T02:12:51.676+0000] {dag.py:3033} INFO - Sync 1 DAGs
[2024-01-03T02:12:51.713+0000] {logging_mixin.py:188} INFO - [2024-01-03T02:12:51.712+0000] {dag.py:3820} INFO - Setting next_dagrun for example_branch_dop_operator_v3 to 2024-01-03T02:11:00+00:00, run_after=2024-01-03T02:12:00+00:00
[2024-01-03T02:12:51.728+0000] {processor.py:183} INFO - Processing /home/airflow/.local/lib/python3.8/site-packages/airflow/example_dags/example_branch_python_dop_operator_3.py took 0.083 seconds
[2024-01-03T02:18:53.596+0000] {processor.py:161} INFO - Started process (PID=39) to work on /home/airflow/.local/lib/python3.8/site-packages/airflow/example_dags/example_branch_python_dop_operator_3.py
[2024-01-03T02:18:53.597+0000] {processor.py:830} INFO - Processing file /home/airflow/.local/lib/python3.8/site-packages/airflow/example_dags/example_branch_python_dop_operator_3.py for tasks to queue
[2024-01-03T02:18:53.599+0000] {logging_mixin.py:188} INFO - [2024-01-03T02:18:53.598+0000] {dagbag.py:538} INFO - Filling up the DagBag from /home/airflow/.local/lib/python3.8/site-packages/airflow/example_dags/example_branch_python_dop_operator_3.py
[2024-01-03T02:18:53.606+0000] {processor.py:840} INFO - DAG(s) 'example_branch_dop_operator_v3' retrieved from /home/airflow/.local/lib/python3.8/site-packages/airflow/example_dags/example_branch_python_dop_operator_3.py
[2024-01-03T02:18:53.704+0000] {logging_mixin.py:188} INFO - [2024-01-03T02:18:53.704+0000] {dag.py:3033} INFO - Sync 1 DAGs
[2024-01-03T02:18:53.728+0000] {logging_mixin.py:188} INFO - [2024-01-03T02:18:53.728+0000] {dag.py:3820} INFO - Setting next_dagrun for example_branch_dop_operator_v3 to 2024-01-03T02:17:00+00:00, run_after=2024-01-03T02:18:00+00:00
[2024-01-03T02:18:53.744+0000] {processor.py:183} INFO - Processing /home/airflow/.local/lib/python3.8/site-packages/airflow/example_dags/example_branch_python_dop_operator_3.py took 0.150 seconds
[2024-01-03T02:19:23.915+0000] {processor.py:161} INFO - Started process (PID=94) to work on /home/airflow/.local/lib/python3.8/site-packages/airflow/example_dags/example_branch_python_dop_operator_3.py
[2024-01-03T02:19:23.916+0000] {processor.py:830} INFO - Processing file /home/airflow/.local/lib/python3.8/site-packages/airflow/example_dags/example_branch_python_dop_operator_3.py for tasks to queue
[2024-01-03T02:19:23.919+0000] {logging_mixin.py:188} INFO - [2024-01-03T02:19:23.918+0000] {dagbag.py:538} INFO - Filling up the DagBag from /home/airflow/.local/lib/python3.8/site-packages/airflow/example_dags/example_branch_python_dop_operator_3.py
[2024-01-03T02:19:23.925+0000] {processor.py:840} INFO - DAG(s) 'example_branch_dop_operator_v3' retrieved from /home/airflow/.local/lib/python3.8/site-packages/airflow/example_dags/example_branch_python_dop_operator_3.py
[2024-01-03T02:19:23.939+0000] {logging_mixin.py:188} INFO - [2024-01-03T02:19:23.939+0000] {dag.py:3033} INFO - Sync 1 DAGs
[2024-01-03T02:19:23.973+0000] {logging_mixin.py:188} INFO - [2024-01-03T02:19:23.973+0000] {dag.py:3820} INFO - Setting next_dagrun for example_branch_dop_operator_v3 to 2024-01-03T02:18:00+00:00, run_after=2024-01-03T02:19:00+00:00
[2024-01-03T02:19:23.991+0000] {processor.py:183} INFO - Processing /home/airflow/.local/lib/python3.8/site-packages/airflow/example_dags/example_branch_python_dop_operator_3.py took 0.079 seconds
[2024-01-03T02:19:54.193+0000] {processor.py:161} INFO - Started process (PID=149) to work on /home/airflow/.local/lib/python3.8/site-packages/airflow/example_dags/example_branch_python_dop_operator_3.py
[2024-01-03T02:19:54.194+0000] {processor.py:830} INFO - Processing file /home/airflow/.local/lib/python3.8/site-packages/airflow/example_dags/example_branch_python_dop_operator_3.py for tasks to queue
[2024-01-03T02:19:54.195+0000] {logging_mixin.py:188} INFO - [2024-01-03T02:19:54.195+0000] {dagbag.py:538} INFO - Filling up the DagBag from /home/airflow/.local/lib/python3.8/site-packages/airflow/example_dags/example_branch_python_dop_operator_3.py
[2024-01-03T02:19:54.201+0000] {processor.py:840} INFO - DAG(s) 'example_branch_dop_operator_v3' retrieved from /home/airflow/.local/lib/python3.8/site-packages/airflow/example_dags/example_branch_python_dop_operator_3.py
[2024-01-03T02:19:54.212+0000] {logging_mixin.py:188} INFO - [2024-01-03T02:19:54.212+0000] {dag.py:3033} INFO - Sync 1 DAGs
[2024-01-03T02:19:54.234+0000] {logging_mixin.py:188} INFO - [2024-01-03T02:19:54.234+0000] {dag.py:3820} INFO - Setting next_dagrun for example_branch_dop_operator_v3 to 2024-01-03T02:18:00+00:00, run_after=2024-01-03T02:19:00+00:00
[2024-01-03T02:19:54.245+0000] {processor.py:183} INFO - Processing /home/airflow/.local/lib/python3.8/site-packages/airflow/example_dags/example_branch_python_dop_operator_3.py took 0.054 seconds
[2024-01-03T02:20:24.343+0000] {processor.py:161} INFO - Started process (PID=204) to work on /home/airflow/.local/lib/python3.8/site-packages/airflow/example_dags/example_branch_python_dop_operator_3.py
[2024-01-03T02:20:24.344+0000] {processor.py:830} INFO - Processing file /home/airflow/.local/lib/python3.8/site-packages/airflow/example_dags/example_branch_python_dop_operator_3.py for tasks to queue
[2024-01-03T02:20:24.345+0000] {logging_mixin.py:188} INFO - [2024-01-03T02:20:24.345+0000] {dagbag.py:538} INFO - Filling up the DagBag from /home/airflow/.local/lib/python3.8/site-packages/airflow/example_dags/example_branch_python_dop_operator_3.py
[2024-01-03T02:20:24.351+0000] {processor.py:840} INFO - DAG(s) 'example_branch_dop_operator_v3' retrieved from /home/airflow/.local/lib/python3.8/site-packages/airflow/example_dags/example_branch_python_dop_operator_3.py
[2024-01-03T02:20:24.359+0000] {logging_mixin.py:188} INFO - [2024-01-03T02:20:24.358+0000] {dag.py:3033} INFO - Sync 1 DAGs
[2024-01-03T02:20:24.382+0000] {logging_mixin.py:188} INFO - [2024-01-03T02:20:24.382+0000] {dag.py:3820} INFO - Setting next_dagrun for example_branch_dop_operator_v3 to 2024-01-03T02:19:00+00:00, run_after=2024-01-03T02:20:00+00:00
[2024-01-03T02:20:24.394+0000] {processor.py:183} INFO - Processing /home/airflow/.local/lib/python3.8/site-packages/airflow/example_dags/example_branch_python_dop_operator_3.py took 0.053 seconds
[2024-01-03T02:20:55.070+0000] {processor.py:161} INFO - Started process (PID=259) to work on /home/airflow/.local/lib/python3.8/site-packages/airflow/example_dags/example_branch_python_dop_operator_3.py
[2024-01-03T02:20:55.070+0000] {processor.py:830} INFO - Processing file /home/airflow/.local/lib/python3.8/site-packages/airflow/example_dags/example_branch_python_dop_operator_3.py for tasks to queue
[2024-01-03T02:20:55.072+0000] {logging_mixin.py:188} INFO - [2024-01-03T02:20:55.072+0000] {dagbag.py:538} INFO - Filling up the DagBag from /home/airflow/.local/lib/python3.8/site-packages/airflow/example_dags/example_branch_python_dop_operator_3.py
[2024-01-03T02:20:55.077+0000] {processor.py:840} INFO - DAG(s) 'example_branch_dop_operator_v3' retrieved from /home/airflow/.local/lib/python3.8/site-packages/airflow/example_dags/example_branch_python_dop_operator_3.py
[2024-01-03T02:20:55.084+0000] {logging_mixin.py:188} INFO - [2024-01-03T02:20:55.084+0000] {dag.py:3033} INFO - Sync 1 DAGs
[2024-01-03T02:20:55.102+0000] {logging_mixin.py:188} INFO - [2024-01-03T02:20:55.102+0000] {dag.py:3820} INFO - Setting next_dagrun for example_branch_dop_operator_v3 to 2024-01-03T02:19:00+00:00, run_after=2024-01-03T02:20:00+00:00
[2024-01-03T02:20:55.115+0000] {processor.py:183} INFO - Processing /home/airflow/.local/lib/python3.8/site-packages/airflow/example_dags/example_branch_python_dop_operator_3.py took 0.047 seconds
[2024-01-03T02:21:25.737+0000] {processor.py:161} INFO - Started process (PID=314) to work on /home/airflow/.local/lib/python3.8/site-packages/airflow/example_dags/example_branch_python_dop_operator_3.py
[2024-01-03T02:21:25.738+0000] {processor.py:830} INFO - Processing file /home/airflow/.local/lib/python3.8/site-packages/airflow/example_dags/example_branch_python_dop_operator_3.py for tasks to queue
[2024-01-03T02:21:25.739+0000] {logging_mixin.py:188} INFO - [2024-01-03T02:21:25.739+0000] {dagbag.py:538} INFO - Filling up the DagBag from /home/airflow/.local/lib/python3.8/site-packages/airflow/example_dags/example_branch_python_dop_operator_3.py
[2024-01-03T02:21:25.744+0000] {processor.py:840} INFO - DAG(s) 'example_branch_dop_operator_v3' retrieved from /home/airflow/.local/lib/python3.8/site-packages/airflow/example_dags/example_branch_python_dop_operator_3.py
[2024-01-03T02:21:25.809+0000] {logging_mixin.py:188} INFO - [2024-01-03T02:21:25.809+0000] {dag.py:3033} INFO - Sync 1 DAGs
[2024-01-03T02:21:25.824+0000] {logging_mixin.py:188} INFO - [2024-01-03T02:21:25.824+0000] {dag.py:3820} INFO - Setting next_dagrun for example_branch_dop_operator_v3 to 2024-01-03T02:20:00+00:00, run_after=2024-01-03T02:21:00+00:00
[2024-01-03T02:21:25.837+0000] {processor.py:183} INFO - Processing /home/airflow/.local/lib/python3.8/site-packages/airflow/example_dags/example_branch_python_dop_operator_3.py took 0.101 seconds
[2024-01-03T02:21:55.966+0000] {processor.py:161} INFO - Started process (PID=369) to work on /home/airflow/.local/lib/python3.8/site-packages/airflow/example_dags/example_branch_python_dop_operator_3.py
[2024-01-03T02:21:55.967+0000] {processor.py:830} INFO - Processing file /home/airflow/.local/lib/python3.8/site-packages/airflow/example_dags/example_branch_python_dop_operator_3.py for tasks to queue
[2024-01-03T02:21:55.968+0000] {logging_mixin.py:188} INFO - [2024-01-03T02:21:55.968+0000] {dagbag.py:538} INFO - Filling up the DagBag from /home/airflow/.local/lib/python3.8/site-packages/airflow/example_dags/example_branch_python_dop_operator_3.py
[2024-01-03T02:21:55.975+0000] {processor.py:840} INFO - DAG(s) 'example_branch_dop_operator_v3' retrieved from /home/airflow/.local/lib/python3.8/site-packages/airflow/example_dags/example_branch_python_dop_operator_3.py
[2024-01-03T02:21:55.989+0000] {logging_mixin.py:188} INFO - [2024-01-03T02:21:55.989+0000] {dag.py:3033} INFO - Sync 1 DAGs
[2024-01-03T02:21:56.006+0000] {logging_mixin.py:188} INFO - [2024-01-03T02:21:56.006+0000] {dag.py:3820} INFO - Setting next_dagrun for example_branch_dop_operator_v3 to 2024-01-03T02:20:00+00:00, run_after=2024-01-03T02:21:00+00:00
[2024-01-03T02:21:56.022+0000] {processor.py:183} INFO - Processing /home/airflow/.local/lib/python3.8/site-packages/airflow/example_dags/example_branch_python_dop_operator_3.py took 0.060 seconds
[2024-01-03T02:22:26.110+0000] {processor.py:161} INFO - Started process (PID=424) to work on /home/airflow/.local/lib/python3.8/site-packages/airflow/example_dags/example_branch_python_dop_operator_3.py
[2024-01-03T02:22:26.111+0000] {processor.py:830} INFO - Processing file /home/airflow/.local/lib/python3.8/site-packages/airflow/example_dags/example_branch_python_dop_operator_3.py for tasks to queue
[2024-01-03T02:22:26.113+0000] {logging_mixin.py:188} INFO - [2024-01-03T02:22:26.113+0000] {dagbag.py:538} INFO - Filling up the DagBag from /home/airflow/.local/lib/python3.8/site-packages/airflow/example_dags/example_branch_python_dop_operator_3.py
[2024-01-03T02:22:26.119+0000] {processor.py:840} INFO - DAG(s) 'example_branch_dop_operator_v3' retrieved from /home/airflow/.local/lib/python3.8/site-packages/airflow/example_dags/example_branch_python_dop_operator_3.py
[2024-01-03T02:22:26.133+0000] {logging_mixin.py:188} INFO - [2024-01-03T02:22:26.133+0000] {dag.py:3033} INFO - Sync 1 DAGs
[2024-01-03T02:22:26.155+0000] {logging_mixin.py:188} INFO - [2024-01-03T02:22:26.155+0000] {dag.py:3820} INFO - Setting next_dagrun for example_branch_dop_operator_v3 to 2024-01-03T02:21:00+00:00, run_after=2024-01-03T02:22:00+00:00
[2024-01-03T02:22:26.171+0000] {processor.py:183} INFO - Processing /home/airflow/.local/lib/python3.8/site-packages/airflow/example_dags/example_branch_python_dop_operator_3.py took 0.063 seconds
[2024-01-03T02:22:56.409+0000] {processor.py:161} INFO - Started process (PID=479) to work on /home/airflow/.local/lib/python3.8/site-packages/airflow/example_dags/example_branch_python_dop_operator_3.py
[2024-01-03T02:22:56.410+0000] {processor.py:830} INFO - Processing file /home/airflow/.local/lib/python3.8/site-packages/airflow/example_dags/example_branch_python_dop_operator_3.py for tasks to queue
[2024-01-03T02:22:56.411+0000] {logging_mixin.py:188} INFO - [2024-01-03T02:22:56.411+0000] {dagbag.py:538} INFO - Filling up the DagBag from /home/airflow/.local/lib/python3.8/site-packages/airflow/example_dags/example_branch_python_dop_operator_3.py
[2024-01-03T02:22:56.416+0000] {processor.py:840} INFO - DAG(s) 'example_branch_dop_operator_v3' retrieved from /home/airflow/.local/lib/python3.8/site-packages/airflow/example_dags/example_branch_python_dop_operator_3.py
[2024-01-03T02:22:56.428+0000] {logging_mixin.py:188} INFO - [2024-01-03T02:22:56.428+0000] {dag.py:3033} INFO - Sync 1 DAGs
[2024-01-03T02:22:56.446+0000] {logging_mixin.py:188} INFO - [2024-01-03T02:22:56.446+0000] {dag.py:3820} INFO - Setting next_dagrun for example_branch_dop_operator_v3 to 2024-01-03T02:21:00+00:00, run_after=2024-01-03T02:22:00+00:00
[2024-01-03T02:22:56.459+0000] {processor.py:183} INFO - Processing /home/airflow/.local/lib/python3.8/site-packages/airflow/example_dags/example_branch_python_dop_operator_3.py took 0.052 seconds
[2024-01-03T02:23:26.619+0000] {processor.py:161} INFO - Started process (PID=534) to work on /home/airflow/.local/lib/python3.8/site-packages/airflow/example_dags/example_branch_python_dop_operator_3.py
[2024-01-03T02:23:26.620+0000] {processor.py:830} INFO - Processing file /home/airflow/.local/lib/python3.8/site-packages/airflow/example_dags/example_branch_python_dop_operator_3.py for tasks to queue
[2024-01-03T02:23:26.622+0000] {logging_mixin.py:188} INFO - [2024-01-03T02:23:26.622+0000] {dagbag.py:538} INFO - Filling up the DagBag from /home/airflow/.local/lib/python3.8/site-packages/airflow/example_dags/example_branch_python_dop_operator_3.py
[2024-01-03T02:23:26.630+0000] {processor.py:840} INFO - DAG(s) 'example_branch_dop_operator_v3' retrieved from /home/airflow/.local/lib/python3.8/site-packages/airflow/example_dags/example_branch_python_dop_operator_3.py
[2024-01-03T02:23:26.645+0000] {logging_mixin.py:188} INFO - [2024-01-03T02:23:26.645+0000] {dag.py:3033} INFO - Sync 1 DAGs
[2024-01-03T02:23:26.665+0000] {logging_mixin.py:188} INFO - [2024-01-03T02:23:26.664+0000] {dag.py:3820} INFO - Setting next_dagrun for example_branch_dop_operator_v3 to 2024-01-03T02:22:00+00:00, run_after=2024-01-03T02:23:00+00:00
[2024-01-03T02:23:26.679+0000] {processor.py:183} INFO - Processing /home/airflow/.local/lib/python3.8/site-packages/airflow/example_dags/example_branch_python_dop_operator_3.py took 0.063 seconds
[2024-01-03T02:23:56.789+0000] {processor.py:161} INFO - Started process (PID=589) to work on /home/airflow/.local/lib/python3.8/site-packages/airflow/example_dags/example_branch_python_dop_operator_3.py
[2024-01-03T02:23:56.789+0000] {processor.py:830} INFO - Processing file /home/airflow/.local/lib/python3.8/site-packages/airflow/example_dags/example_branch_python_dop_operator_3.py for tasks to queue
[2024-01-03T02:23:56.791+0000] {logging_mixin.py:188} INFO - [2024-01-03T02:23:56.791+0000] {dagbag.py:538} INFO - Filling up the DagBag from /home/airflow/.local/lib/python3.8/site-packages/airflow/example_dags/example_branch_python_dop_operator_3.py
[2024-01-03T02:23:56.797+0000] {processor.py:840} INFO - DAG(s) 'example_branch_dop_operator_v3' retrieved from /home/airflow/.local/lib/python3.8/site-packages/airflow/example_dags/example_branch_python_dop_operator_3.py
[2024-01-03T02:23:56.810+0000] {logging_mixin.py:188} INFO - [2024-01-03T02:23:56.810+0000] {dag.py:3033} INFO - Sync 1 DAGs
[2024-01-03T02:23:56.828+0000] {logging_mixin.py:188} INFO - [2024-01-03T02:23:56.828+0000] {dag.py:3820} INFO - Setting next_dagrun for example_branch_dop_operator_v3 to 2024-01-03T02:22:00+00:00, run_after=2024-01-03T02:23:00+00:00
[2024-01-03T02:23:56.842+0000] {processor.py:183} INFO - Processing /home/airflow/.local/lib/python3.8/site-packages/airflow/example_dags/example_branch_python_dop_operator_3.py took 0.055 seconds
[2024-01-03T02:24:26.870+0000] {processor.py:161} INFO - Started process (PID=644) to work on /home/airflow/.local/lib/python3.8/site-packages/airflow/example_dags/example_branch_python_dop_operator_3.py
[2024-01-03T02:24:26.870+0000] {processor.py:830} INFO - Processing file /home/airflow/.local/lib/python3.8/site-packages/airflow/example_dags/example_branch_python_dop_operator_3.py for tasks to queue
[2024-01-03T02:24:26.872+0000] {logging_mixin.py:188} INFO - [2024-01-03T02:24:26.872+0000] {dagbag.py:538} INFO - Filling up the DagBag from /home/airflow/.local/lib/python3.8/site-packages/airflow/example_dags/example_branch_python_dop_operator_3.py
[2024-01-03T02:24:26.877+0000] {processor.py:840} INFO - DAG(s) 'example_branch_dop_operator_v3' retrieved from /home/airflow/.local/lib/python3.8/site-packages/airflow/example_dags/example_branch_python_dop_operator_3.py
[2024-01-03T02:24:26.889+0000] {logging_mixin.py:188} INFO - [2024-01-03T02:24:26.889+0000] {dag.py:3033} INFO - Sync 1 DAGs
[2024-01-03T02:24:26.906+0000] {logging_mixin.py:188} INFO - [2024-01-03T02:24:26.905+0000] {dag.py:3820} INFO - Setting next_dagrun for example_branch_dop_operator_v3 to 2024-01-03T02:23:00+00:00, run_after=2024-01-03T02:24:00+00:00
[2024-01-03T02:24:26.918+0000] {processor.py:183} INFO - Processing /home/airflow/.local/lib/python3.8/site-packages/airflow/example_dags/example_branch_python_dop_operator_3.py took 0.050 seconds
[2024-01-03T02:24:57.633+0000] {processor.py:161} INFO - Started process (PID=699) to work on /home/airflow/.local/lib/python3.8/site-packages/airflow/example_dags/example_branch_python_dop_operator_3.py
[2024-01-03T02:24:57.634+0000] {processor.py:830} INFO - Processing file /home/airflow/.local/lib/python3.8/site-packages/airflow/example_dags/example_branch_python_dop_operator_3.py for tasks to queue
[2024-01-03T02:24:57.636+0000] {logging_mixin.py:188} INFO - [2024-01-03T02:24:57.635+0000] {dagbag.py:538} INFO - Filling up the DagBag from /home/airflow/.local/lib/python3.8/site-packages/airflow/example_dags/example_branch_python_dop_operator_3.py
[2024-01-03T02:24:57.641+0000] {processor.py:840} INFO - DAG(s) 'example_branch_dop_operator_v3' retrieved from /home/airflow/.local/lib/python3.8/site-packages/airflow/example_dags/example_branch_python_dop_operator_3.py
[2024-01-03T02:24:57.654+0000] {logging_mixin.py:188} INFO - [2024-01-03T02:24:57.654+0000] {dag.py:3033} INFO - Sync 1 DAGs
[2024-01-03T02:24:57.672+0000] {logging_mixin.py:188} INFO - [2024-01-03T02:24:57.671+0000] {dag.py:3820} INFO - Setting next_dagrun for example_branch_dop_operator_v3 to 2024-01-03T02:23:00+00:00, run_after=2024-01-03T02:24:00+00:00
[2024-01-03T02:24:57.684+0000] {processor.py:183} INFO - Processing /home/airflow/.local/lib/python3.8/site-packages/airflow/example_dags/example_branch_python_dop_operator_3.py took 0.053 seconds
[2024-01-03T02:25:27.762+0000] {processor.py:161} INFO - Started process (PID=754) to work on /home/airflow/.local/lib/python3.8/site-packages/airflow/example_dags/example_branch_python_dop_operator_3.py
[2024-01-03T02:25:27.762+0000] {processor.py:830} INFO - Processing file /home/airflow/.local/lib/python3.8/site-packages/airflow/example_dags/example_branch_python_dop_operator_3.py for tasks to queue
[2024-01-03T02:25:27.764+0000] {logging_mixin.py:188} INFO - [2024-01-03T02:25:27.764+0000] {dagbag.py:538} INFO - Filling up the DagBag from /home/airflow/.local/lib/python3.8/site-packages/airflow/example_dags/example_branch_python_dop_operator_3.py
[2024-01-03T02:25:27.769+0000] {processor.py:840} INFO - DAG(s) 'example_branch_dop_operator_v3' retrieved from /home/airflow/.local/lib/python3.8/site-packages/airflow/example_dags/example_branch_python_dop_operator_3.py
[2024-01-03T02:25:27.781+0000] {logging_mixin.py:188} INFO - [2024-01-03T02:25:27.780+0000] {dag.py:3033} INFO - Sync 1 DAGs
[2024-01-03T02:25:27.797+0000] {logging_mixin.py:188} INFO - [2024-01-03T02:25:27.797+0000] {dag.py:3820} INFO - Setting next_dagrun for example_branch_dop_operator_v3 to 2024-01-03T02:24:00+00:00, run_after=2024-01-03T02:25:00+00:00
[2024-01-03T02:25:27.809+0000] {processor.py:183} INFO - Processing /home/airflow/.local/lib/python3.8/site-packages/airflow/example_dags/example_branch_python_dop_operator_3.py took 0.049 seconds
[2024-01-03T02:25:57.912+0000] {processor.py:161} INFO - Started process (PID=809) to work on /home/airflow/.local/lib/python3.8/site-packages/airflow/example_dags/example_branch_python_dop_operator_3.py
[2024-01-03T02:25:57.913+0000] {processor.py:830} INFO - Processing file /home/airflow/.local/lib/python3.8/site-packages/airflow/example_dags/example_branch_python_dop_operator_3.py for tasks to queue
[2024-01-03T02:25:57.914+0000] {logging_mixin.py:188} INFO - [2024-01-03T02:25:57.914+0000] {dagbag.py:538} INFO - Filling up the DagBag from /home/airflow/.local/lib/python3.8/site-packages/airflow/example_dags/example_branch_python_dop_operator_3.py
[2024-01-03T02:25:57.919+0000] {processor.py:840} INFO - DAG(s) 'example_branch_dop_operator_v3' retrieved from /home/airflow/.local/lib/python3.8/site-packages/airflow/example_dags/example_branch_python_dop_operator_3.py
[2024-01-03T02:25:57.932+0000] {logging_mixin.py:188} INFO - [2024-01-03T02:25:57.932+0000] {dag.py:3033} INFO - Sync 1 DAGs
[2024-01-03T02:25:57.950+0000] {logging_mixin.py:188} INFO - [2024-01-03T02:25:57.949+0000] {dag.py:3820} INFO - Setting next_dagrun for example_branch_dop_operator_v3 to 2024-01-03T02:24:00+00:00, run_after=2024-01-03T02:25:00+00:00
[2024-01-03T02:25:57.961+0000] {processor.py:183} INFO - Processing /home/airflow/.local/lib/python3.8/site-packages/airflow/example_dags/example_branch_python_dop_operator_3.py took 0.051 seconds
[2024-01-03T02:26:28.109+0000] {processor.py:161} INFO - Started process (PID=864) to work on /home/airflow/.local/lib/python3.8/site-packages/airflow/example_dags/example_branch_python_dop_operator_3.py
[2024-01-03T02:26:28.110+0000] {processor.py:830} INFO - Processing file /home/airflow/.local/lib/python3.8/site-packages/airflow/example_dags/example_branch_python_dop_operator_3.py for tasks to queue
[2024-01-03T02:26:28.112+0000] {logging_mixin.py:188} INFO - [2024-01-03T02:26:28.111+0000] {dagbag.py:538} INFO - Filling up the DagBag from /home/airflow/.local/lib/python3.8/site-packages/airflow/example_dags/example_branch_python_dop_operator_3.py
[2024-01-03T02:26:28.118+0000] {processor.py:840} INFO - DAG(s) 'example_branch_dop_operator_v3' retrieved from /home/airflow/.local/lib/python3.8/site-packages/airflow/example_dags/example_branch_python_dop_operator_3.py
[2024-01-03T02:26:28.133+0000] {logging_mixin.py:188} INFO - [2024-01-03T02:26:28.133+0000] {dag.py:3033} INFO - Sync 1 DAGs
[2024-01-03T02:26:28.152+0000] {logging_mixin.py:188} INFO - [2024-01-03T02:26:28.152+0000] {dag.py:3820} INFO - Setting next_dagrun for example_branch_dop_operator_v3 to 2024-01-03T02:25:00+00:00, run_after=2024-01-03T02:26:00+00:00
[2024-01-03T02:26:28.166+0000] {processor.py:183} INFO - Processing /home/airflow/.local/lib/python3.8/site-packages/airflow/example_dags/example_branch_python_dop_operator_3.py took 0.059 seconds
[2024-01-03T02:26:58.917+0000] {processor.py:161} INFO - Started process (PID=919) to work on /home/airflow/.local/lib/python3.8/site-packages/airflow/example_dags/example_branch_python_dop_operator_3.py
[2024-01-03T02:26:58.918+0000] {processor.py:830} INFO - Processing file /home/airflow/.local/lib/python3.8/site-packages/airflow/example_dags/example_branch_python_dop_operator_3.py for tasks to queue
[2024-01-03T02:26:58.919+0000] {logging_mixin.py:188} INFO - [2024-01-03T02:26:58.919+0000] {dagbag.py:538} INFO - Filling up the DagBag from /home/airflow/.local/lib/python3.8/site-packages/airflow/example_dags/example_branch_python_dop_operator_3.py
[2024-01-03T02:26:58.925+0000] {processor.py:840} INFO - DAG(s) 'example_branch_dop_operator_v3' retrieved from /home/airflow/.local/lib/python3.8/site-packages/airflow/example_dags/example_branch_python_dop_operator_3.py
[2024-01-03T02:26:58.937+0000] {logging_mixin.py:188} INFO - [2024-01-03T02:26:58.937+0000] {dag.py:3033} INFO - Sync 1 DAGs
[2024-01-03T02:26:58.954+0000] {logging_mixin.py:188} INFO - [2024-01-03T02:26:58.954+0000] {dag.py:3820} INFO - Setting next_dagrun for example_branch_dop_operator_v3 to 2024-01-03T02:25:00+00:00, run_after=2024-01-03T02:26:00+00:00
[2024-01-03T02:26:58.965+0000] {processor.py:183} INFO - Processing /home/airflow/.local/lib/python3.8/site-packages/airflow/example_dags/example_branch_python_dop_operator_3.py took 0.050 seconds
[2024-01-03T02:27:29.693+0000] {processor.py:161} INFO - Started process (PID=974) to work on /home/airflow/.local/lib/python3.8/site-packages/airflow/example_dags/example_branch_python_dop_operator_3.py
[2024-01-03T02:27:29.693+0000] {processor.py:830} INFO - Processing file /home/airflow/.local/lib/python3.8/site-packages/airflow/example_dags/example_branch_python_dop_operator_3.py for tasks to queue
[2024-01-03T02:27:29.695+0000] {logging_mixin.py:188} INFO - [2024-01-03T02:27:29.695+0000] {dagbag.py:538} INFO - Filling up the DagBag from /home/airflow/.local/lib/python3.8/site-packages/airflow/example_dags/example_branch_python_dop_operator_3.py
[2024-01-03T02:27:29.700+0000] {processor.py:840} INFO - DAG(s) 'example_branch_dop_operator_v3' retrieved from /home/airflow/.local/lib/python3.8/site-packages/airflow/example_dags/example_branch_python_dop_operator_3.py
[2024-01-03T02:27:29.712+0000] {logging_mixin.py:188} INFO - [2024-01-03T02:27:29.712+0000] {dag.py:3033} INFO - Sync 1 DAGs
[2024-01-03T02:27:29.729+0000] {logging_mixin.py:188} INFO - [2024-01-03T02:27:29.729+0000] {dag.py:3820} INFO - Setting next_dagrun for example_branch_dop_operator_v3 to 2024-01-03T02:26:00+00:00, run_after=2024-01-03T02:27:00+00:00
[2024-01-03T02:27:29.741+0000] {processor.py:183} INFO - Processing /home/airflow/.local/lib/python3.8/site-packages/airflow/example_dags/example_branch_python_dop_operator_3.py took 0.050 seconds
[2024-01-03T02:28:00.603+0000] {processor.py:161} INFO - Started process (PID=1029) to work on /home/airflow/.local/lib/python3.8/site-packages/airflow/example_dags/example_branch_python_dop_operator_3.py
[2024-01-03T02:28:00.604+0000] {processor.py:830} INFO - Processing file /home/airflow/.local/lib/python3.8/site-packages/airflow/example_dags/example_branch_python_dop_operator_3.py for tasks to queue
[2024-01-03T02:28:00.605+0000] {logging_mixin.py:188} INFO - [2024-01-03T02:28:00.605+0000] {dagbag.py:538} INFO - Filling up the DagBag from /home/airflow/.local/lib/python3.8/site-packages/airflow/example_dags/example_branch_python_dop_operator_3.py
[2024-01-03T02:28:00.611+0000] {processor.py:840} INFO - DAG(s) 'example_branch_dop_operator_v3' retrieved from /home/airflow/.local/lib/python3.8/site-packages/airflow/example_dags/example_branch_python_dop_operator_3.py
[2024-01-03T02:28:00.623+0000] {logging_mixin.py:188} INFO - [2024-01-03T02:28:00.622+0000] {dag.py:3033} INFO - Sync 1 DAGs
[2024-01-03T02:28:00.639+0000] {logging_mixin.py:188} INFO - [2024-01-03T02:28:00.639+0000] {dag.py:3820} INFO - Setting next_dagrun for example_branch_dop_operator_v3 to 2024-01-03T02:27:00+00:00, run_after=2024-01-03T02:28:00+00:00
[2024-01-03T02:28:00.652+0000] {processor.py:183} INFO - Processing /home/airflow/.local/lib/python3.8/site-packages/airflow/example_dags/example_branch_python_dop_operator_3.py took 0.050 seconds
[2024-01-03T02:28:31.434+0000] {processor.py:161} INFO - Started process (PID=1084) to work on /home/airflow/.local/lib/python3.8/site-packages/airflow/example_dags/example_branch_python_dop_operator_3.py
[2024-01-03T02:28:31.434+0000] {processor.py:830} INFO - Processing file /home/airflow/.local/lib/python3.8/site-packages/airflow/example_dags/example_branch_python_dop_operator_3.py for tasks to queue
[2024-01-03T02:28:31.436+0000] {logging_mixin.py:188} INFO - [2024-01-03T02:28:31.436+0000] {dagbag.py:538} INFO - Filling up the DagBag from /home/airflow/.local/lib/python3.8/site-packages/airflow/example_dags/example_branch_python_dop_operator_3.py
[2024-01-03T02:28:31.442+0000] {processor.py:840} INFO - DAG(s) 'example_branch_dop_operator_v3' retrieved from /home/airflow/.local/lib/python3.8/site-packages/airflow/example_dags/example_branch_python_dop_operator_3.py
[2024-01-03T02:28:31.457+0000] {logging_mixin.py:188} INFO - [2024-01-03T02:28:31.457+0000] {dag.py:3033} INFO - Sync 1 DAGs
[2024-01-03T02:28:31.477+0000] {logging_mixin.py:188} INFO - [2024-01-03T02:28:31.477+0000] {dag.py:3820} INFO - Setting next_dagrun for example_branch_dop_operator_v3 to 2024-01-03T02:27:00+00:00, run_after=2024-01-03T02:28:00+00:00
[2024-01-03T02:28:31.492+0000] {processor.py:183} INFO - Processing /home/airflow/.local/lib/python3.8/site-packages/airflow/example_dags/example_branch_python_dop_operator_3.py took 0.060 seconds
[2024-01-03T02:29:02.147+0000] {processor.py:161} INFO - Started process (PID=1139) to work on /home/airflow/.local/lib/python3.8/site-packages/airflow/example_dags/example_branch_python_dop_operator_3.py
[2024-01-03T02:29:02.148+0000] {processor.py:830} INFO - Processing file /home/airflow/.local/lib/python3.8/site-packages/airflow/example_dags/example_branch_python_dop_operator_3.py for tasks to queue
[2024-01-03T02:29:02.149+0000] {logging_mixin.py:188} INFO - [2024-01-03T02:29:02.149+0000] {dagbag.py:538} INFO - Filling up the DagBag from /home/airflow/.local/lib/python3.8/site-packages/airflow/example_dags/example_branch_python_dop_operator_3.py
[2024-01-03T02:29:02.154+0000] {processor.py:840} INFO - DAG(s) 'example_branch_dop_operator_v3' retrieved from /home/airflow/.local/lib/python3.8/site-packages/airflow/example_dags/example_branch_python_dop_operator_3.py
[2024-01-03T02:29:02.166+0000] {logging_mixin.py:188} INFO - [2024-01-03T02:29:02.166+0000] {dag.py:3033} INFO - Sync 1 DAGs
[2024-01-03T02:29:02.183+0000] {logging_mixin.py:188} INFO - [2024-01-03T02:29:02.182+0000] {dag.py:3820} INFO - Setting next_dagrun for example_branch_dop_operator_v3 to 2024-01-03T02:28:00+00:00, run_after=2024-01-03T02:29:00+00:00
[2024-01-03T02:29:02.194+0000] {processor.py:183} INFO - Processing /home/airflow/.local/lib/python3.8/site-packages/airflow/example_dags/example_branch_python_dop_operator_3.py took 0.049 seconds
[2024-01-03T02:29:32.890+0000] {processor.py:161} INFO - Started process (PID=1194) to work on /home/airflow/.local/lib/python3.8/site-packages/airflow/example_dags/example_branch_python_dop_operator_3.py
[2024-01-03T02:29:32.890+0000] {processor.py:830} INFO - Processing file /home/airflow/.local/lib/python3.8/site-packages/airflow/example_dags/example_branch_python_dop_operator_3.py for tasks to queue
[2024-01-03T02:29:32.891+0000] {logging_mixin.py:188} INFO - [2024-01-03T02:29:32.891+0000] {dagbag.py:538} INFO - Filling up the DagBag from /home/airflow/.local/lib/python3.8/site-packages/airflow/example_dags/example_branch_python_dop_operator_3.py
[2024-01-03T02:29:32.897+0000] {processor.py:840} INFO - DAG(s) 'example_branch_dop_operator_v3' retrieved from /home/airflow/.local/lib/python3.8/site-packages/airflow/example_dags/example_branch_python_dop_operator_3.py
[2024-01-03T02:29:32.908+0000] {logging_mixin.py:188} INFO - [2024-01-03T02:29:32.908+0000] {dag.py:3033} INFO - Sync 1 DAGs
[2024-01-03T02:29:32.925+0000] {logging_mixin.py:188} INFO - [2024-01-03T02:29:32.925+0000] {dag.py:3820} INFO - Setting next_dagrun for example_branch_dop_operator_v3 to 2024-01-03T02:28:00+00:00, run_after=2024-01-03T02:29:00+00:00
[2024-01-03T02:29:32.937+0000] {processor.py:183} INFO - Processing /home/airflow/.local/lib/python3.8/site-packages/airflow/example_dags/example_branch_python_dop_operator_3.py took 0.049 seconds
[2024-01-03T02:30:02.983+0000] {processor.py:161} INFO - Started process (PID=1249) to work on /home/airflow/.local/lib/python3.8/site-packages/airflow/example_dags/example_branch_python_dop_operator_3.py
[2024-01-03T02:30:02.983+0000] {processor.py:830} INFO - Processing file /home/airflow/.local/lib/python3.8/site-packages/airflow/example_dags/example_branch_python_dop_operator_3.py for tasks to queue
[2024-01-03T02:30:02.985+0000] {logging_mixin.py:188} INFO - [2024-01-03T02:30:02.984+0000] {dagbag.py:538} INFO - Filling up the DagBag from /home/airflow/.local/lib/python3.8/site-packages/airflow/example_dags/example_branch_python_dop_operator_3.py
[2024-01-03T02:30:02.990+0000] {processor.py:840} INFO - DAG(s) 'example_branch_dop_operator_v3' retrieved from /home/airflow/.local/lib/python3.8/site-packages/airflow/example_dags/example_branch_python_dop_operator_3.py
[2024-01-03T02:30:03.001+0000] {logging_mixin.py:188} INFO - [2024-01-03T02:30:03.001+0000] {dag.py:3033} INFO - Sync 1 DAGs
[2024-01-03T02:30:03.018+0000] {logging_mixin.py:188} INFO - [2024-01-03T02:30:03.017+0000] {dag.py:3820} INFO - Setting next_dagrun for example_branch_dop_operator_v3 to 2024-01-03T02:29:00+00:00, run_after=2024-01-03T02:30:00+00:00
[2024-01-03T02:30:03.030+0000] {processor.py:183} INFO - Processing /home/airflow/.local/lib/python3.8/site-packages/airflow/example_dags/example_branch_python_dop_operator_3.py took 0.049 seconds
[2024-01-03T02:30:33.988+0000] {processor.py:161} INFO - Started process (PID=1304) to work on /home/airflow/.local/lib/python3.8/site-packages/airflow/example_dags/example_branch_python_dop_operator_3.py
[2024-01-03T02:30:33.988+0000] {processor.py:830} INFO - Processing file /home/airflow/.local/lib/python3.8/site-packages/airflow/example_dags/example_branch_python_dop_operator_3.py for tasks to queue
[2024-01-03T02:30:33.990+0000] {logging_mixin.py:188} INFO - [2024-01-03T02:30:33.990+0000] {dagbag.py:538} INFO - Filling up the DagBag from /home/airflow/.local/lib/python3.8/site-packages/airflow/example_dags/example_branch_python_dop_operator_3.py
[2024-01-03T02:30:33.997+0000] {processor.py:840} INFO - DAG(s) 'example_branch_dop_operator_v3' retrieved from /home/airflow/.local/lib/python3.8/site-packages/airflow/example_dags/example_branch_python_dop_operator_3.py
[2024-01-03T02:30:34.011+0000] {logging_mixin.py:188} INFO - [2024-01-03T02:30:34.011+0000] {dag.py:3033} INFO - Sync 1 DAGs
[2024-01-03T02:30:34.031+0000] {logging_mixin.py:188} INFO - [2024-01-03T02:30:34.031+0000] {dag.py:3820} INFO - Setting next_dagrun for example_branch_dop_operator_v3 to 2024-01-03T02:29:00+00:00, run_after=2024-01-03T02:30:00+00:00
[2024-01-03T02:30:34.046+0000] {processor.py:183} INFO - Processing /home/airflow/.local/lib/python3.8/site-packages/airflow/example_dags/example_branch_python_dop_operator_3.py took 0.060 seconds
[2024-01-03T02:31:04.077+0000] {processor.py:161} INFO - Started process (PID=1359) to work on /home/airflow/.local/lib/python3.8/site-packages/airflow/example_dags/example_branch_python_dop_operator_3.py
[2024-01-03T02:31:04.078+0000] {processor.py:830} INFO - Processing file /home/airflow/.local/lib/python3.8/site-packages/airflow/example_dags/example_branch_python_dop_operator_3.py for tasks to queue
[2024-01-03T02:31:04.079+0000] {logging_mixin.py:188} INFO - [2024-01-03T02:31:04.079+0000] {dagbag.py:538} INFO - Filling up the DagBag from /home/airflow/.local/lib/python3.8/site-packages/airflow/example_dags/example_branch_python_dop_operator_3.py
[2024-01-03T02:31:04.085+0000] {processor.py:840} INFO - DAG(s) 'example_branch_dop_operator_v3' retrieved from /home/airflow/.local/lib/python3.8/site-packages/airflow/example_dags/example_branch_python_dop_operator_3.py
[2024-01-03T02:31:04.097+0000] {logging_mixin.py:188} INFO - [2024-01-03T02:31:04.097+0000] {dag.py:3033} INFO - Sync 1 DAGs
[2024-01-03T02:31:04.115+0000] {logging_mixin.py:188} INFO - [2024-01-03T02:31:04.115+0000] {dag.py:3820} INFO - Setting next_dagrun for example_branch_dop_operator_v3 to 2024-01-03T02:30:00+00:00, run_after=2024-01-03T02:31:00+00:00
[2024-01-03T02:31:04.128+0000] {processor.py:183} INFO - Processing /home/airflow/.local/lib/python3.8/site-packages/airflow/example_dags/example_branch_python_dop_operator_3.py took 0.052 seconds
[2024-01-03T02:31:34.391+0000] {processor.py:161} INFO - Started process (PID=1414) to work on /home/airflow/.local/lib/python3.8/site-packages/airflow/example_dags/example_branch_python_dop_operator_3.py
[2024-01-03T02:31:34.392+0000] {processor.py:830} INFO - Processing file /home/airflow/.local/lib/python3.8/site-packages/airflow/example_dags/example_branch_python_dop_operator_3.py for tasks to queue
[2024-01-03T02:31:34.393+0000] {logging_mixin.py:188} INFO - [2024-01-03T02:31:34.393+0000] {dagbag.py:538} INFO - Filling up the DagBag from /home/airflow/.local/lib/python3.8/site-packages/airflow/example_dags/example_branch_python_dop_operator_3.py
[2024-01-03T02:31:34.399+0000] {processor.py:840} INFO - DAG(s) 'example_branch_dop_operator_v3' retrieved from /home/airflow/.local/lib/python3.8/site-packages/airflow/example_dags/example_branch_python_dop_operator_3.py
[2024-01-03T02:31:34.411+0000] {logging_mixin.py:188} INFO - [2024-01-03T02:31:34.411+0000] {dag.py:3033} INFO - Sync 1 DAGs
[2024-01-03T02:31:34.428+0000] {logging_mixin.py:188} INFO - [2024-01-03T02:31:34.427+0000] {dag.py:3820} INFO - Setting next_dagrun for example_branch_dop_operator_v3 to 2024-01-03T02:30:00+00:00, run_after=2024-01-03T02:31:00+00:00
[2024-01-03T02:31:34.440+0000] {processor.py:183} INFO - Processing /home/airflow/.local/lib/python3.8/site-packages/airflow/example_dags/example_branch_python_dop_operator_3.py took 0.051 seconds
[2024-01-03T02:32:04.521+0000] {processor.py:161} INFO - Started process (PID=1469) to work on /home/airflow/.local/lib/python3.8/site-packages/airflow/example_dags/example_branch_python_dop_operator_3.py
[2024-01-03T02:32:04.521+0000] {processor.py:830} INFO - Processing file /home/airflow/.local/lib/python3.8/site-packages/airflow/example_dags/example_branch_python_dop_operator_3.py for tasks to queue
[2024-01-03T02:32:04.523+0000] {logging_mixin.py:188} INFO - [2024-01-03T02:32:04.523+0000] {dagbag.py:538} INFO - Filling up the DagBag from /home/airflow/.local/lib/python3.8/site-packages/airflow/example_dags/example_branch_python_dop_operator_3.py
[2024-01-03T02:32:04.528+0000] {processor.py:840} INFO - DAG(s) 'example_branch_dop_operator_v3' retrieved from /home/airflow/.local/lib/python3.8/site-packages/airflow/example_dags/example_branch_python_dop_operator_3.py
[2024-01-03T02:32:04.540+0000] {logging_mixin.py:188} INFO - [2024-01-03T02:32:04.540+0000] {dag.py:3033} INFO - Sync 1 DAGs
[2024-01-03T02:32:04.558+0000] {logging_mixin.py:188} INFO - [2024-01-03T02:32:04.558+0000] {dag.py:3820} INFO - Setting next_dagrun for example_branch_dop_operator_v3 to 2024-01-03T02:31:00+00:00, run_after=2024-01-03T02:32:00+00:00
[2024-01-03T02:32:04.571+0000] {processor.py:183} INFO - Processing /home/airflow/.local/lib/python3.8/site-packages/airflow/example_dags/example_branch_python_dop_operator_3.py took 0.052 seconds
[2024-01-03T02:32:34.707+0000] {processor.py:161} INFO - Started process (PID=1524) to work on /home/airflow/.local/lib/python3.8/site-packages/airflow/example_dags/example_branch_python_dop_operator_3.py
[2024-01-03T02:32:34.708+0000] {processor.py:830} INFO - Processing file /home/airflow/.local/lib/python3.8/site-packages/airflow/example_dags/example_branch_python_dop_operator_3.py for tasks to queue
[2024-01-03T02:32:34.709+0000] {logging_mixin.py:188} INFO - [2024-01-03T02:32:34.709+0000] {dagbag.py:538} INFO - Filling up the DagBag from /home/airflow/.local/lib/python3.8/site-packages/airflow/example_dags/example_branch_python_dop_operator_3.py
[2024-01-03T02:32:34.716+0000] {processor.py:840} INFO - DAG(s) 'example_branch_dop_operator_v3' retrieved from /home/airflow/.local/lib/python3.8/site-packages/airflow/example_dags/example_branch_python_dop_operator_3.py
[2024-01-03T02:32:34.730+0000] {logging_mixin.py:188} INFO - [2024-01-03T02:32:34.730+0000] {dag.py:3033} INFO - Sync 1 DAGs
[2024-01-03T02:32:34.749+0000] {logging_mixin.py:188} INFO - [2024-01-03T02:32:34.749+0000] {dag.py:3820} INFO - Setting next_dagrun for example_branch_dop_operator_v3 to 2024-01-03T02:31:00+00:00, run_after=2024-01-03T02:32:00+00:00
[2024-01-03T02:32:34.764+0000] {processor.py:183} INFO - Processing /home/airflow/.local/lib/python3.8/site-packages/airflow/example_dags/example_branch_python_dop_operator_3.py took 0.059 seconds
[2024-01-03T02:33:04.786+0000] {processor.py:161} INFO - Started process (PID=1579) to work on /home/airflow/.local/lib/python3.8/site-packages/airflow/example_dags/example_branch_python_dop_operator_3.py
[2024-01-03T02:33:04.786+0000] {processor.py:830} INFO - Processing file /home/airflow/.local/lib/python3.8/site-packages/airflow/example_dags/example_branch_python_dop_operator_3.py for tasks to queue
[2024-01-03T02:33:04.788+0000] {logging_mixin.py:188} INFO - [2024-01-03T02:33:04.788+0000] {dagbag.py:538} INFO - Filling up the DagBag from /home/airflow/.local/lib/python3.8/site-packages/airflow/example_dags/example_branch_python_dop_operator_3.py
[2024-01-03T02:33:04.794+0000] {processor.py:840} INFO - DAG(s) 'example_branch_dop_operator_v3' retrieved from /home/airflow/.local/lib/python3.8/site-packages/airflow/example_dags/example_branch_python_dop_operator_3.py
[2024-01-03T02:33:04.806+0000] {logging_mixin.py:188} INFO - [2024-01-03T02:33:04.805+0000] {dag.py:3033} INFO - Sync 1 DAGs
[2024-01-03T02:33:04.822+0000] {logging_mixin.py:188} INFO - [2024-01-03T02:33:04.822+0000] {dag.py:3820} INFO - Setting next_dagrun for example_branch_dop_operator_v3 to 2024-01-03T02:32:00+00:00, run_after=2024-01-03T02:33:00+00:00
[2024-01-03T02:33:04.835+0000] {processor.py:183} INFO - Processing /home/airflow/.local/lib/python3.8/site-packages/airflow/example_dags/example_branch_python_dop_operator_3.py took 0.051 seconds
[2024-01-03T02:33:34.934+0000] {processor.py:161} INFO - Started process (PID=1634) to work on /home/airflow/.local/lib/python3.8/site-packages/airflow/example_dags/example_branch_python_dop_operator_3.py
[2024-01-03T02:33:34.935+0000] {processor.py:830} INFO - Processing file /home/airflow/.local/lib/python3.8/site-packages/airflow/example_dags/example_branch_python_dop_operator_3.py for tasks to queue
[2024-01-03T02:33:34.936+0000] {logging_mixin.py:188} INFO - [2024-01-03T02:33:34.936+0000] {dagbag.py:538} INFO - Filling up the DagBag from /home/airflow/.local/lib/python3.8/site-packages/airflow/example_dags/example_branch_python_dop_operator_3.py
[2024-01-03T02:33:34.941+0000] {processor.py:840} INFO - DAG(s) 'example_branch_dop_operator_v3' retrieved from /home/airflow/.local/lib/python3.8/site-packages/airflow/example_dags/example_branch_python_dop_operator_3.py
[2024-01-03T02:33:34.953+0000] {logging_mixin.py:188} INFO - [2024-01-03T02:33:34.953+0000] {dag.py:3033} INFO - Sync 1 DAGs
[2024-01-03T02:33:34.969+0000] {logging_mixin.py:188} INFO - [2024-01-03T02:33:34.969+0000] {dag.py:3820} INFO - Setting next_dagrun for example_branch_dop_operator_v3 to 2024-01-03T02:32:00+00:00, run_after=2024-01-03T02:33:00+00:00
[2024-01-03T02:33:34.981+0000] {processor.py:183} INFO - Processing /home/airflow/.local/lib/python3.8/site-packages/airflow/example_dags/example_branch_python_dop_operator_3.py took 0.048 seconds
[2024-01-03T02:34:05.083+0000] {processor.py:161} INFO - Started process (PID=1689) to work on /home/airflow/.local/lib/python3.8/site-packages/airflow/example_dags/example_branch_python_dop_operator_3.py
[2024-01-03T02:34:05.084+0000] {processor.py:830} INFO - Processing file /home/airflow/.local/lib/python3.8/site-packages/airflow/example_dags/example_branch_python_dop_operator_3.py for tasks to queue
[2024-01-03T02:34:05.086+0000] {logging_mixin.py:188} INFO - [2024-01-03T02:34:05.085+0000] {dagbag.py:538} INFO - Filling up the DagBag from /home/airflow/.local/lib/python3.8/site-packages/airflow/example_dags/example_branch_python_dop_operator_3.py
[2024-01-03T02:34:05.093+0000] {processor.py:840} INFO - DAG(s) 'example_branch_dop_operator_v3' retrieved from /home/airflow/.local/lib/python3.8/site-packages/airflow/example_dags/example_branch_python_dop_operator_3.py
[2024-01-03T02:34:05.108+0000] {logging_mixin.py:188} INFO - [2024-01-03T02:34:05.108+0000] {dag.py:3033} INFO - Sync 1 DAGs
[2024-01-03T02:34:05.128+0000] {logging_mixin.py:188} INFO - [2024-01-03T02:34:05.128+0000] {dag.py:3820} INFO - Setting next_dagrun for example_branch_dop_operator_v3 to 2024-01-03T02:33:00+00:00, run_after=2024-01-03T02:34:00+00:00
[2024-01-03T02:34:05.143+0000] {processor.py:183} INFO - Processing /home/airflow/.local/lib/python3.8/site-packages/airflow/example_dags/example_branch_python_dop_operator_3.py took 0.062 seconds
[2024-01-03T02:34:35.833+0000] {processor.py:161} INFO - Started process (PID=1745) to work on /home/airflow/.local/lib/python3.8/site-packages/airflow/example_dags/example_branch_python_dop_operator_3.py
[2024-01-03T02:34:35.834+0000] {processor.py:830} INFO - Processing file /home/airflow/.local/lib/python3.8/site-packages/airflow/example_dags/example_branch_python_dop_operator_3.py for tasks to queue
[2024-01-03T02:34:35.835+0000] {logging_mixin.py:188} INFO - [2024-01-03T02:34:35.835+0000] {dagbag.py:538} INFO - Filling up the DagBag from /home/airflow/.local/lib/python3.8/site-packages/airflow/example_dags/example_branch_python_dop_operator_3.py
[2024-01-03T02:34:35.841+0000] {processor.py:840} INFO - DAG(s) 'example_branch_dop_operator_v3' retrieved from /home/airflow/.local/lib/python3.8/site-packages/airflow/example_dags/example_branch_python_dop_operator_3.py
[2024-01-03T02:34:35.853+0000] {logging_mixin.py:188} INFO - [2024-01-03T02:34:35.853+0000] {dag.py:3033} INFO - Sync 1 DAGs
[2024-01-03T02:34:35.872+0000] {logging_mixin.py:188} INFO - [2024-01-03T02:34:35.872+0000] {dag.py:3820} INFO - Setting next_dagrun for example_branch_dop_operator_v3 to 2024-01-03T02:33:00+00:00, run_after=2024-01-03T02:34:00+00:00
[2024-01-03T02:34:35.884+0000] {processor.py:183} INFO - Processing /home/airflow/.local/lib/python3.8/site-packages/airflow/example_dags/example_branch_python_dop_operator_3.py took 0.053 seconds
[2024-01-03T02:35:06.599+0000] {processor.py:161} INFO - Started process (PID=1800) to work on /home/airflow/.local/lib/python3.8/site-packages/airflow/example_dags/example_branch_python_dop_operator_3.py
[2024-01-03T02:35:06.600+0000] {processor.py:830} INFO - Processing file /home/airflow/.local/lib/python3.8/site-packages/airflow/example_dags/example_branch_python_dop_operator_3.py for tasks to queue
[2024-01-03T02:35:06.601+0000] {logging_mixin.py:188} INFO - [2024-01-03T02:35:06.601+0000] {dagbag.py:538} INFO - Filling up the DagBag from /home/airflow/.local/lib/python3.8/site-packages/airflow/example_dags/example_branch_python_dop_operator_3.py
[2024-01-03T02:35:06.607+0000] {processor.py:840} INFO - DAG(s) 'example_branch_dop_operator_v3' retrieved from /home/airflow/.local/lib/python3.8/site-packages/airflow/example_dags/example_branch_python_dop_operator_3.py
[2024-01-03T02:35:06.620+0000] {logging_mixin.py:188} INFO - [2024-01-03T02:35:06.619+0000] {dag.py:3033} INFO - Sync 1 DAGs
[2024-01-03T02:35:06.638+0000] {logging_mixin.py:188} INFO - [2024-01-03T02:35:06.638+0000] {dag.py:3820} INFO - Setting next_dagrun for example_branch_dop_operator_v3 to 2024-01-03T02:34:00+00:00, run_after=2024-01-03T02:35:00+00:00
[2024-01-03T02:35:06.653+0000] {processor.py:183} INFO - Processing /home/airflow/.local/lib/python3.8/site-packages/airflow/example_dags/example_branch_python_dop_operator_3.py took 0.056 seconds
[2024-01-03T02:35:37.442+0000] {processor.py:161} INFO - Started process (PID=1855) to work on /home/airflow/.local/lib/python3.8/site-packages/airflow/example_dags/example_branch_python_dop_operator_3.py
[2024-01-03T02:35:37.443+0000] {processor.py:830} INFO - Processing file /home/airflow/.local/lib/python3.8/site-packages/airflow/example_dags/example_branch_python_dop_operator_3.py for tasks to queue
[2024-01-03T02:35:37.444+0000] {logging_mixin.py:188} INFO - [2024-01-03T02:35:37.444+0000] {dagbag.py:538} INFO - Filling up the DagBag from /home/airflow/.local/lib/python3.8/site-packages/airflow/example_dags/example_branch_python_dop_operator_3.py
[2024-01-03T02:35:37.450+0000] {processor.py:840} INFO - DAG(s) 'example_branch_dop_operator_v3' retrieved from /home/airflow/.local/lib/python3.8/site-packages/airflow/example_dags/example_branch_python_dop_operator_3.py
[2024-01-03T02:35:37.462+0000] {logging_mixin.py:188} INFO - [2024-01-03T02:35:37.461+0000] {dag.py:3033} INFO - Sync 1 DAGs
[2024-01-03T02:35:37.478+0000] {logging_mixin.py:188} INFO - [2024-01-03T02:35:37.478+0000] {dag.py:3820} INFO - Setting next_dagrun for example_branch_dop_operator_v3 to 2024-01-03T02:34:00+00:00, run_after=2024-01-03T02:35:00+00:00
[2024-01-03T02:35:37.491+0000] {processor.py:183} INFO - Processing /home/airflow/.local/lib/python3.8/site-packages/airflow/example_dags/example_branch_python_dop_operator_3.py took 0.051 seconds
[2024-01-03T02:36:08.230+0000] {processor.py:161} INFO - Started process (PID=1910) to work on /home/airflow/.local/lib/python3.8/site-packages/airflow/example_dags/example_branch_python_dop_operator_3.py
[2024-01-03T02:36:08.231+0000] {processor.py:830} INFO - Processing file /home/airflow/.local/lib/python3.8/site-packages/airflow/example_dags/example_branch_python_dop_operator_3.py for tasks to queue
[2024-01-03T02:36:08.232+0000] {logging_mixin.py:188} INFO - [2024-01-03T02:36:08.232+0000] {dagbag.py:538} INFO - Filling up the DagBag from /home/airflow/.local/lib/python3.8/site-packages/airflow/example_dags/example_branch_python_dop_operator_3.py
[2024-01-03T02:36:08.237+0000] {processor.py:840} INFO - DAG(s) 'example_branch_dop_operator_v3' retrieved from /home/airflow/.local/lib/python3.8/site-packages/airflow/example_dags/example_branch_python_dop_operator_3.py
[2024-01-03T02:36:08.248+0000] {logging_mixin.py:188} INFO - [2024-01-03T02:36:08.248+0000] {dag.py:3033} INFO - Sync 1 DAGs
[2024-01-03T02:36:08.267+0000] {logging_mixin.py:188} INFO - [2024-01-03T02:36:08.266+0000] {dag.py:3820} INFO - Setting next_dagrun for example_branch_dop_operator_v3 to 2024-01-03T02:35:00+00:00, run_after=2024-01-03T02:36:00+00:00
[2024-01-03T02:36:08.279+0000] {processor.py:183} INFO - Processing /home/airflow/.local/lib/python3.8/site-packages/airflow/example_dags/example_branch_python_dop_operator_3.py took 0.050 seconds
[2024-01-03T02:36:38.320+0000] {processor.py:161} INFO - Started process (PID=1965) to work on /home/airflow/.local/lib/python3.8/site-packages/airflow/example_dags/example_branch_python_dop_operator_3.py
[2024-01-03T02:36:38.320+0000] {processor.py:830} INFO - Processing file /home/airflow/.local/lib/python3.8/site-packages/airflow/example_dags/example_branch_python_dop_operator_3.py for tasks to queue
[2024-01-03T02:36:38.321+0000] {logging_mixin.py:188} INFO - [2024-01-03T02:36:38.321+0000] {dagbag.py:538} INFO - Filling up the DagBag from /home/airflow/.local/lib/python3.8/site-packages/airflow/example_dags/example_branch_python_dop_operator_3.py
[2024-01-03T02:36:38.327+0000] {processor.py:840} INFO - DAG(s) 'example_branch_dop_operator_v3' retrieved from /home/airflow/.local/lib/python3.8/site-packages/airflow/example_dags/example_branch_python_dop_operator_3.py
[2024-01-03T02:36:38.338+0000] {logging_mixin.py:188} INFO - [2024-01-03T02:36:38.338+0000] {dag.py:3033} INFO - Sync 1 DAGs
[2024-01-03T02:36:38.355+0000] {logging_mixin.py:188} INFO - [2024-01-03T02:36:38.354+0000] {dag.py:3820} INFO - Setting next_dagrun for example_branch_dop_operator_v3 to 2024-01-03T02:35:00+00:00, run_after=2024-01-03T02:36:00+00:00
[2024-01-03T02:36:38.366+0000] {processor.py:183} INFO - Processing /home/airflow/.local/lib/python3.8/site-packages/airflow/example_dags/example_branch_python_dop_operator_3.py took 0.048 seconds
[2024-01-03T02:41:31.087+0000] {processor.py:161} INFO - Started process (PID=2026) to work on /home/airflow/.local/lib/python3.8/site-packages/airflow/example_dags/example_branch_python_dop_operator_3.py
[2024-01-03T02:41:31.089+0000] {processor.py:830} INFO - Processing file /home/airflow/.local/lib/python3.8/site-packages/airflow/example_dags/example_branch_python_dop_operator_3.py for tasks to queue
[2024-01-03T02:41:31.094+0000] {logging_mixin.py:188} INFO - [2024-01-03T02:41:31.094+0000] {dagbag.py:538} INFO - Filling up the DagBag from /home/airflow/.local/lib/python3.8/site-packages/airflow/example_dags/example_branch_python_dop_operator_3.py
[2024-01-03T02:41:31.116+0000] {processor.py:840} INFO - DAG(s) 'example_branch_dop_operator_v3' retrieved from /home/airflow/.local/lib/python3.8/site-packages/airflow/example_dags/example_branch_python_dop_operator_3.py
[2024-01-03T02:41:31.172+0000] {logging_mixin.py:188} INFO - [2024-01-03T02:41:31.171+0000] {dag.py:3033} INFO - Sync 1 DAGs
[2024-01-03T02:41:31.235+0000] {logging_mixin.py:188} INFO - [2024-01-03T02:41:31.235+0000] {dag.py:3820} INFO - Setting next_dagrun for example_branch_dop_operator_v3 to 2024-01-03T02:40:00+00:00, run_after=2024-01-03T02:41:00+00:00
[2024-01-03T02:41:31.266+0000] {processor.py:183} INFO - Processing /home/airflow/.local/lib/python3.8/site-packages/airflow/example_dags/example_branch_python_dop_operator_3.py took 0.183 seconds
[2024-01-03T02:42:01.428+0000] {processor.py:161} INFO - Started process (PID=2081) to work on /home/airflow/.local/lib/python3.8/site-packages/airflow/example_dags/example_branch_python_dop_operator_3.py
[2024-01-03T02:42:01.429+0000] {processor.py:830} INFO - Processing file /home/airflow/.local/lib/python3.8/site-packages/airflow/example_dags/example_branch_python_dop_operator_3.py for tasks to queue
[2024-01-03T02:42:01.430+0000] {logging_mixin.py:188} INFO - [2024-01-03T02:42:01.430+0000] {dagbag.py:538} INFO - Filling up the DagBag from /home/airflow/.local/lib/python3.8/site-packages/airflow/example_dags/example_branch_python_dop_operator_3.py
[2024-01-03T02:42:01.436+0000] {processor.py:840} INFO - DAG(s) 'example_branch_dop_operator_v3' retrieved from /home/airflow/.local/lib/python3.8/site-packages/airflow/example_dags/example_branch_python_dop_operator_3.py
[2024-01-03T02:42:01.448+0000] {logging_mixin.py:188} INFO - [2024-01-03T02:42:01.448+0000] {dag.py:3033} INFO - Sync 1 DAGs
[2024-01-03T02:42:01.466+0000] {logging_mixin.py:188} INFO - [2024-01-03T02:42:01.466+0000] {dag.py:3820} INFO - Setting next_dagrun for example_branch_dop_operator_v3 to 2024-01-03T02:41:00+00:00, run_after=2024-01-03T02:42:00+00:00
[2024-01-03T02:42:01.478+0000] {processor.py:183} INFO - Processing /home/airflow/.local/lib/python3.8/site-packages/airflow/example_dags/example_branch_python_dop_operator_3.py took 0.052 seconds
[2024-01-03T02:42:31.629+0000] {processor.py:161} INFO - Started process (PID=2136) to work on /home/airflow/.local/lib/python3.8/site-packages/airflow/example_dags/example_branch_python_dop_operator_3.py
[2024-01-03T02:42:31.629+0000] {processor.py:830} INFO - Processing file /home/airflow/.local/lib/python3.8/site-packages/airflow/example_dags/example_branch_python_dop_operator_3.py for tasks to queue
[2024-01-03T02:42:31.630+0000] {logging_mixin.py:188} INFO - [2024-01-03T02:42:31.630+0000] {dagbag.py:538} INFO - Filling up the DagBag from /home/airflow/.local/lib/python3.8/site-packages/airflow/example_dags/example_branch_python_dop_operator_3.py
[2024-01-03T02:42:31.637+0000] {processor.py:840} INFO - DAG(s) 'example_branch_dop_operator_v3' retrieved from /home/airflow/.local/lib/python3.8/site-packages/airflow/example_dags/example_branch_python_dop_operator_3.py
[2024-01-03T02:42:31.650+0000] {logging_mixin.py:188} INFO - [2024-01-03T02:42:31.650+0000] {dag.py:3033} INFO - Sync 1 DAGs
[2024-01-03T02:42:31.670+0000] {logging_mixin.py:188} INFO - [2024-01-03T02:42:31.670+0000] {dag.py:3820} INFO - Setting next_dagrun for example_branch_dop_operator_v3 to 2024-01-03T02:41:00+00:00, run_after=2024-01-03T02:42:00+00:00
[2024-01-03T02:42:31.684+0000] {processor.py:183} INFO - Processing /home/airflow/.local/lib/python3.8/site-packages/airflow/example_dags/example_branch_python_dop_operator_3.py took 0.058 seconds
[2024-01-03T02:43:01.938+0000] {processor.py:161} INFO - Started process (PID=2191) to work on /home/airflow/.local/lib/python3.8/site-packages/airflow/example_dags/example_branch_python_dop_operator_3.py
[2024-01-03T02:43:01.939+0000] {processor.py:830} INFO - Processing file /home/airflow/.local/lib/python3.8/site-packages/airflow/example_dags/example_branch_python_dop_operator_3.py for tasks to queue
[2024-01-03T02:43:01.940+0000] {logging_mixin.py:188} INFO - [2024-01-03T02:43:01.940+0000] {dagbag.py:538} INFO - Filling up the DagBag from /home/airflow/.local/lib/python3.8/site-packages/airflow/example_dags/example_branch_python_dop_operator_3.py
[2024-01-03T02:43:01.946+0000] {processor.py:840} INFO - DAG(s) 'example_branch_dop_operator_v3' retrieved from /home/airflow/.local/lib/python3.8/site-packages/airflow/example_dags/example_branch_python_dop_operator_3.py
[2024-01-03T02:43:01.960+0000] {logging_mixin.py:188} INFO - [2024-01-03T02:43:01.960+0000] {dag.py:3033} INFO - Sync 1 DAGs
[2024-01-03T02:43:01.980+0000] {logging_mixin.py:188} INFO - [2024-01-03T02:43:01.980+0000] {dag.py:3820} INFO - Setting next_dagrun for example_branch_dop_operator_v3 to 2024-01-03T02:42:00+00:00, run_after=2024-01-03T02:43:00+00:00
[2024-01-03T02:43:01.994+0000] {processor.py:183} INFO - Processing /home/airflow/.local/lib/python3.8/site-packages/airflow/example_dags/example_branch_python_dop_operator_3.py took 0.058 seconds
[2024-01-03T02:43:32.175+0000] {processor.py:161} INFO - Started process (PID=2246) to work on /home/airflow/.local/lib/python3.8/site-packages/airflow/example_dags/example_branch_python_dop_operator_3.py
[2024-01-03T02:43:32.176+0000] {processor.py:830} INFO - Processing file /home/airflow/.local/lib/python3.8/site-packages/airflow/example_dags/example_branch_python_dop_operator_3.py for tasks to queue
[2024-01-03T02:43:32.178+0000] {logging_mixin.py:188} INFO - [2024-01-03T02:43:32.178+0000] {dagbag.py:538} INFO - Filling up the DagBag from /home/airflow/.local/lib/python3.8/site-packages/airflow/example_dags/example_branch_python_dop_operator_3.py
[2024-01-03T02:43:32.183+0000] {processor.py:840} INFO - DAG(s) 'example_branch_dop_operator_v3' retrieved from /home/airflow/.local/lib/python3.8/site-packages/airflow/example_dags/example_branch_python_dop_operator_3.py
[2024-01-03T02:43:32.195+0000] {logging_mixin.py:188} INFO - [2024-01-03T02:43:32.195+0000] {dag.py:3033} INFO - Sync 1 DAGs
[2024-01-03T02:43:32.213+0000] {logging_mixin.py:188} INFO - [2024-01-03T02:43:32.213+0000] {dag.py:3820} INFO - Setting next_dagrun for example_branch_dop_operator_v3 to 2024-01-03T02:42:00+00:00, run_after=2024-01-03T02:43:00+00:00
[2024-01-03T02:43:32.328+0000] {processor.py:183} INFO - Processing /home/airflow/.local/lib/python3.8/site-packages/airflow/example_dags/example_branch_python_dop_operator_3.py took 0.154 seconds
[2024-01-03T02:44:03.093+0000] {processor.py:161} INFO - Started process (PID=2301) to work on /home/airflow/.local/lib/python3.8/site-packages/airflow/example_dags/example_branch_python_dop_operator_3.py
[2024-01-03T02:44:03.093+0000] {processor.py:830} INFO - Processing file /home/airflow/.local/lib/python3.8/site-packages/airflow/example_dags/example_branch_python_dop_operator_3.py for tasks to queue
[2024-01-03T02:44:03.095+0000] {logging_mixin.py:188} INFO - [2024-01-03T02:44:03.095+0000] {dagbag.py:538} INFO - Filling up the DagBag from /home/airflow/.local/lib/python3.8/site-packages/airflow/example_dags/example_branch_python_dop_operator_3.py
[2024-01-03T02:44:03.100+0000] {processor.py:840} INFO - DAG(s) 'example_branch_dop_operator_v3' retrieved from /home/airflow/.local/lib/python3.8/site-packages/airflow/example_dags/example_branch_python_dop_operator_3.py
[2024-01-03T02:44:03.112+0000] {logging_mixin.py:188} INFO - [2024-01-03T02:44:03.112+0000] {dag.py:3033} INFO - Sync 1 DAGs
[2024-01-03T02:44:03.129+0000] {logging_mixin.py:188} INFO - [2024-01-03T02:44:03.129+0000] {dag.py:3820} INFO - Setting next_dagrun for example_branch_dop_operator_v3 to 2024-01-03T02:43:00+00:00, run_after=2024-01-03T02:44:00+00:00
[2024-01-03T02:44:03.142+0000] {processor.py:183} INFO - Processing /home/airflow/.local/lib/python3.8/site-packages/airflow/example_dags/example_branch_python_dop_operator_3.py took 0.052 seconds
[2024-01-03T02:44:33.847+0000] {processor.py:161} INFO - Started process (PID=2356) to work on /home/airflow/.local/lib/python3.8/site-packages/airflow/example_dags/example_branch_python_dop_operator_3.py
[2024-01-03T02:44:33.848+0000] {processor.py:830} INFO - Processing file /home/airflow/.local/lib/python3.8/site-packages/airflow/example_dags/example_branch_python_dop_operator_3.py for tasks to queue
[2024-01-03T02:44:33.849+0000] {logging_mixin.py:188} INFO - [2024-01-03T02:44:33.849+0000] {dagbag.py:538} INFO - Filling up the DagBag from /home/airflow/.local/lib/python3.8/site-packages/airflow/example_dags/example_branch_python_dop_operator_3.py
[2024-01-03T02:44:33.855+0000] {processor.py:840} INFO - DAG(s) 'example_branch_dop_operator_v3' retrieved from /home/airflow/.local/lib/python3.8/site-packages/airflow/example_dags/example_branch_python_dop_operator_3.py
[2024-01-03T02:44:33.867+0000] {logging_mixin.py:188} INFO - [2024-01-03T02:44:33.867+0000] {dag.py:3033} INFO - Sync 1 DAGs
[2024-01-03T02:44:33.883+0000] {logging_mixin.py:188} INFO - [2024-01-03T02:44:33.883+0000] {dag.py:3820} INFO - Setting next_dagrun for example_branch_dop_operator_v3 to 2024-01-03T02:43:00+00:00, run_after=2024-01-03T02:44:00+00:00
[2024-01-03T02:44:33.895+0000] {processor.py:183} INFO - Processing /home/airflow/.local/lib/python3.8/site-packages/airflow/example_dags/example_branch_python_dop_operator_3.py took 0.050 seconds
[2024-01-03T02:45:04.569+0000] {processor.py:161} INFO - Started process (PID=2411) to work on /home/airflow/.local/lib/python3.8/site-packages/airflow/example_dags/example_branch_python_dop_operator_3.py
[2024-01-03T02:45:04.570+0000] {processor.py:830} INFO - Processing file /home/airflow/.local/lib/python3.8/site-packages/airflow/example_dags/example_branch_python_dop_operator_3.py for tasks to queue
[2024-01-03T02:45:04.571+0000] {logging_mixin.py:188} INFO - [2024-01-03T02:45:04.571+0000] {dagbag.py:538} INFO - Filling up the DagBag from /home/airflow/.local/lib/python3.8/site-packages/airflow/example_dags/example_branch_python_dop_operator_3.py
[2024-01-03T02:45:04.578+0000] {processor.py:840} INFO - DAG(s) 'example_branch_dop_operator_v3' retrieved from /home/airflow/.local/lib/python3.8/site-packages/airflow/example_dags/example_branch_python_dop_operator_3.py
[2024-01-03T02:45:04.591+0000] {logging_mixin.py:188} INFO - [2024-01-03T02:45:04.591+0000] {dag.py:3033} INFO - Sync 1 DAGs
[2024-01-03T02:45:04.609+0000] {logging_mixin.py:188} INFO - [2024-01-03T02:45:04.609+0000] {dag.py:3820} INFO - Setting next_dagrun for example_branch_dop_operator_v3 to 2024-01-03T02:44:00+00:00, run_after=2024-01-03T02:45:00+00:00
[2024-01-03T02:45:04.621+0000] {processor.py:183} INFO - Processing /home/airflow/.local/lib/python3.8/site-packages/airflow/example_dags/example_branch_python_dop_operator_3.py took 0.054 seconds
[2024-01-03T02:45:34.963+0000] {processor.py:161} INFO - Started process (PID=2466) to work on /home/airflow/.local/lib/python3.8/site-packages/airflow/example_dags/example_branch_python_dop_operator_3.py
[2024-01-03T02:45:34.964+0000] {processor.py:830} INFO - Processing file /home/airflow/.local/lib/python3.8/site-packages/airflow/example_dags/example_branch_python_dop_operator_3.py for tasks to queue
[2024-01-03T02:45:34.966+0000] {logging_mixin.py:188} INFO - [2024-01-03T02:45:34.966+0000] {dagbag.py:538} INFO - Filling up the DagBag from /home/airflow/.local/lib/python3.8/site-packages/airflow/example_dags/example_branch_python_dop_operator_3.py
[2024-01-03T02:45:34.975+0000] {processor.py:840} INFO - DAG(s) 'example_branch_dop_operator_v3' retrieved from /home/airflow/.local/lib/python3.8/site-packages/airflow/example_dags/example_branch_python_dop_operator_3.py
[2024-01-03T02:45:34.990+0000] {logging_mixin.py:188} INFO - [2024-01-03T02:45:34.990+0000] {dag.py:3033} INFO - Sync 1 DAGs
[2024-01-03T02:45:35.008+0000] {logging_mixin.py:188} INFO - [2024-01-03T02:45:35.008+0000] {dag.py:3820} INFO - Setting next_dagrun for example_branch_dop_operator_v3 to 2024-01-03T02:44:00+00:00, run_after=2024-01-03T02:45:00+00:00
[2024-01-03T02:45:35.021+0000] {processor.py:183} INFO - Processing /home/airflow/.local/lib/python3.8/site-packages/airflow/example_dags/example_branch_python_dop_operator_3.py took 0.061 seconds
[2024-01-03T02:46:05.196+0000] {processor.py:161} INFO - Started process (PID=2521) to work on /home/airflow/.local/lib/python3.8/site-packages/airflow/example_dags/example_branch_python_dop_operator_3.py
[2024-01-03T02:46:05.197+0000] {processor.py:830} INFO - Processing file /home/airflow/.local/lib/python3.8/site-packages/airflow/example_dags/example_branch_python_dop_operator_3.py for tasks to queue
[2024-01-03T02:46:05.198+0000] {logging_mixin.py:188} INFO - [2024-01-03T02:46:05.198+0000] {dagbag.py:538} INFO - Filling up the DagBag from /home/airflow/.local/lib/python3.8/site-packages/airflow/example_dags/example_branch_python_dop_operator_3.py
[2024-01-03T02:46:05.204+0000] {processor.py:840} INFO - DAG(s) 'example_branch_dop_operator_v3' retrieved from /home/airflow/.local/lib/python3.8/site-packages/airflow/example_dags/example_branch_python_dop_operator_3.py
[2024-01-03T02:46:05.219+0000] {logging_mixin.py:188} INFO - [2024-01-03T02:46:05.219+0000] {dag.py:3033} INFO - Sync 1 DAGs
[2024-01-03T02:46:05.349+0000] {logging_mixin.py:188} INFO - [2024-01-03T02:46:05.348+0000] {dag.py:3820} INFO - Setting next_dagrun for example_branch_dop_operator_v3 to 2024-01-03T02:45:00+00:00, run_after=2024-01-03T02:46:00+00:00
[2024-01-03T02:46:05.362+0000] {processor.py:183} INFO - Processing /home/airflow/.local/lib/python3.8/site-packages/airflow/example_dags/example_branch_python_dop_operator_3.py took 0.169 seconds
[2024-01-03T02:46:35.388+0000] {processor.py:161} INFO - Started process (PID=2576) to work on /home/airflow/.local/lib/python3.8/site-packages/airflow/example_dags/example_branch_python_dop_operator_3.py
[2024-01-03T02:46:35.389+0000] {processor.py:830} INFO - Processing file /home/airflow/.local/lib/python3.8/site-packages/airflow/example_dags/example_branch_python_dop_operator_3.py for tasks to queue
[2024-01-03T02:46:35.393+0000] {logging_mixin.py:188} INFO - [2024-01-03T02:46:35.393+0000] {dagbag.py:538} INFO - Filling up the DagBag from /home/airflow/.local/lib/python3.8/site-packages/airflow/example_dags/example_branch_python_dop_operator_3.py
[2024-01-03T02:46:35.403+0000] {processor.py:840} INFO - DAG(s) 'example_branch_dop_operator_v3' retrieved from /home/airflow/.local/lib/python3.8/site-packages/airflow/example_dags/example_branch_python_dop_operator_3.py
[2024-01-03T02:46:35.419+0000] {logging_mixin.py:188} INFO - [2024-01-03T02:46:35.419+0000] {dag.py:3033} INFO - Sync 1 DAGs
[2024-01-03T02:46:35.543+0000] {logging_mixin.py:188} INFO - [2024-01-03T02:46:35.543+0000] {dag.py:3820} INFO - Setting next_dagrun for example_branch_dop_operator_v3 to 2024-01-03T02:45:00+00:00, run_after=2024-01-03T02:46:00+00:00
[2024-01-03T02:46:35.557+0000] {processor.py:183} INFO - Processing /home/airflow/.local/lib/python3.8/site-packages/airflow/example_dags/example_branch_python_dop_operator_3.py took 0.171 seconds
[2024-01-03T02:47:06.353+0000] {processor.py:161} INFO - Started process (PID=2630) to work on /home/airflow/.local/lib/python3.8/site-packages/airflow/example_dags/example_branch_python_dop_operator_3.py
[2024-01-03T02:47:06.354+0000] {processor.py:830} INFO - Processing file /home/airflow/.local/lib/python3.8/site-packages/airflow/example_dags/example_branch_python_dop_operator_3.py for tasks to queue
[2024-01-03T02:47:06.355+0000] {logging_mixin.py:188} INFO - [2024-01-03T02:47:06.355+0000] {dagbag.py:538} INFO - Filling up the DagBag from /home/airflow/.local/lib/python3.8/site-packages/airflow/example_dags/example_branch_python_dop_operator_3.py
[2024-01-03T02:47:06.362+0000] {processor.py:840} INFO - DAG(s) 'example_branch_dop_operator_v3' retrieved from /home/airflow/.local/lib/python3.8/site-packages/airflow/example_dags/example_branch_python_dop_operator_3.py
[2024-01-03T02:47:06.378+0000] {logging_mixin.py:188} INFO - [2024-01-03T02:47:06.378+0000] {dag.py:3033} INFO - Sync 1 DAGs
[2024-01-03T02:47:06.399+0000] {logging_mixin.py:188} INFO - [2024-01-03T02:47:06.399+0000] {dag.py:3820} INFO - Setting next_dagrun for example_branch_dop_operator_v3 to 2024-01-03T02:46:00+00:00, run_after=2024-01-03T02:47:00+00:00
[2024-01-03T02:47:06.416+0000] {processor.py:183} INFO - Processing /home/airflow/.local/lib/python3.8/site-packages/airflow/example_dags/example_branch_python_dop_operator_3.py took 0.066 seconds
