[2024-01-03T02:18:55.996+0000] {processor.py:161} INFO - Started process (PID=70) to work on /home/airflow/.local/lib/python3.8/site-packages/airflow/example_dags/example_branch_labels.py
[2024-01-03T02:18:55.997+0000] {processor.py:830} INFO - Processing file /home/airflow/.local/lib/python3.8/site-packages/airflow/example_dags/example_branch_labels.py for tasks to queue
[2024-01-03T02:18:55.999+0000] {logging_mixin.py:188} INFO - [2024-01-03T02:18:55.999+0000] {dagbag.py:538} INFO - Filling up the DagBag from /home/airflow/.local/lib/python3.8/site-packages/airflow/example_dags/example_branch_labels.py
[2024-01-03T02:18:56.005+0000] {processor.py:840} INFO - DAG(s) 'example_branch_labels' retrieved from /home/airflow/.local/lib/python3.8/site-packages/airflow/example_dags/example_branch_labels.py
[2024-01-03T02:18:56.083+0000] {logging_mixin.py:188} INFO - [2024-01-03T02:18:56.083+0000] {dag.py:3033} INFO - Sync 1 DAGs
[2024-01-03T02:18:56.100+0000] {logging_mixin.py:188} INFO - [2024-01-03T02:18:56.100+0000] {dag.py:3820} INFO - Setting next_dagrun for example_branch_labels to 2024-01-02T00:00:00+00:00, run_after=2024-01-03T00:00:00+00:00
[2024-01-03T02:18:56.112+0000] {processor.py:183} INFO - Processing /home/airflow/.local/lib/python3.8/site-packages/airflow/example_dags/example_branch_labels.py took 0.118 seconds
[2024-01-03T02:19:26.173+0000] {processor.py:161} INFO - Started process (PID=125) to work on /home/airflow/.local/lib/python3.8/site-packages/airflow/example_dags/example_branch_labels.py
[2024-01-03T02:19:26.173+0000] {processor.py:830} INFO - Processing file /home/airflow/.local/lib/python3.8/site-packages/airflow/example_dags/example_branch_labels.py for tasks to queue
[2024-01-03T02:19:26.175+0000] {logging_mixin.py:188} INFO - [2024-01-03T02:19:26.175+0000] {dagbag.py:538} INFO - Filling up the DagBag from /home/airflow/.local/lib/python3.8/site-packages/airflow/example_dags/example_branch_labels.py
[2024-01-03T02:19:26.180+0000] {processor.py:840} INFO - DAG(s) 'example_branch_labels' retrieved from /home/airflow/.local/lib/python3.8/site-packages/airflow/example_dags/example_branch_labels.py
[2024-01-03T02:19:26.193+0000] {logging_mixin.py:188} INFO - [2024-01-03T02:19:26.193+0000] {dag.py:3033} INFO - Sync 1 DAGs
[2024-01-03T02:19:26.208+0000] {logging_mixin.py:188} INFO - [2024-01-03T02:19:26.208+0000] {dag.py:3820} INFO - Setting next_dagrun for example_branch_labels to 2024-01-02T00:00:00+00:00, run_after=2024-01-03T00:00:00+00:00
[2024-01-03T02:19:26.219+0000] {processor.py:183} INFO - Processing /home/airflow/.local/lib/python3.8/site-packages/airflow/example_dags/example_branch_labels.py took 0.049 seconds
[2024-01-03T02:19:56.341+0000] {processor.py:161} INFO - Started process (PID=180) to work on /home/airflow/.local/lib/python3.8/site-packages/airflow/example_dags/example_branch_labels.py
[2024-01-03T02:19:56.341+0000] {processor.py:830} INFO - Processing file /home/airflow/.local/lib/python3.8/site-packages/airflow/example_dags/example_branch_labels.py for tasks to queue
[2024-01-03T02:19:56.343+0000] {logging_mixin.py:188} INFO - [2024-01-03T02:19:56.343+0000] {dagbag.py:538} INFO - Filling up the DagBag from /home/airflow/.local/lib/python3.8/site-packages/airflow/example_dags/example_branch_labels.py
[2024-01-03T02:19:56.348+0000] {processor.py:840} INFO - DAG(s) 'example_branch_labels' retrieved from /home/airflow/.local/lib/python3.8/site-packages/airflow/example_dags/example_branch_labels.py
[2024-01-03T02:19:56.362+0000] {logging_mixin.py:188} INFO - [2024-01-03T02:19:56.362+0000] {dag.py:3033} INFO - Sync 1 DAGs
[2024-01-03T02:19:56.377+0000] {logging_mixin.py:188} INFO - [2024-01-03T02:19:56.377+0000] {dag.py:3820} INFO - Setting next_dagrun for example_branch_labels to 2024-01-02T00:00:00+00:00, run_after=2024-01-03T00:00:00+00:00
[2024-01-03T02:19:56.390+0000] {processor.py:183} INFO - Processing /home/airflow/.local/lib/python3.8/site-packages/airflow/example_dags/example_branch_labels.py took 0.051 seconds
[2024-01-03T02:20:26.422+0000] {processor.py:161} INFO - Started process (PID=235) to work on /home/airflow/.local/lib/python3.8/site-packages/airflow/example_dags/example_branch_labels.py
[2024-01-03T02:20:26.423+0000] {processor.py:830} INFO - Processing file /home/airflow/.local/lib/python3.8/site-packages/airflow/example_dags/example_branch_labels.py for tasks to queue
[2024-01-03T02:20:26.425+0000] {logging_mixin.py:188} INFO - [2024-01-03T02:20:26.425+0000] {dagbag.py:538} INFO - Filling up the DagBag from /home/airflow/.local/lib/python3.8/site-packages/airflow/example_dags/example_branch_labels.py
[2024-01-03T02:20:26.429+0000] {processor.py:840} INFO - DAG(s) 'example_branch_labels' retrieved from /home/airflow/.local/lib/python3.8/site-packages/airflow/example_dags/example_branch_labels.py
[2024-01-03T02:20:26.437+0000] {logging_mixin.py:188} INFO - [2024-01-03T02:20:26.437+0000] {dag.py:3033} INFO - Sync 1 DAGs
[2024-01-03T02:20:26.452+0000] {logging_mixin.py:188} INFO - [2024-01-03T02:20:26.452+0000] {dag.py:3820} INFO - Setting next_dagrun for example_branch_labels to 2024-01-02T00:00:00+00:00, run_after=2024-01-03T00:00:00+00:00
[2024-01-03T02:20:26.464+0000] {processor.py:183} INFO - Processing /home/airflow/.local/lib/python3.8/site-packages/airflow/example_dags/example_branch_labels.py took 0.044 seconds
[2024-01-03T02:20:57.148+0000] {processor.py:161} INFO - Started process (PID=290) to work on /home/airflow/.local/lib/python3.8/site-packages/airflow/example_dags/example_branch_labels.py
[2024-01-03T02:20:57.149+0000] {processor.py:830} INFO - Processing file /home/airflow/.local/lib/python3.8/site-packages/airflow/example_dags/example_branch_labels.py for tasks to queue
[2024-01-03T02:20:57.151+0000] {logging_mixin.py:188} INFO - [2024-01-03T02:20:57.150+0000] {dagbag.py:538} INFO - Filling up the DagBag from /home/airflow/.local/lib/python3.8/site-packages/airflow/example_dags/example_branch_labels.py
[2024-01-03T02:20:57.156+0000] {processor.py:840} INFO - DAG(s) 'example_branch_labels' retrieved from /home/airflow/.local/lib/python3.8/site-packages/airflow/example_dags/example_branch_labels.py
[2024-01-03T02:20:57.163+0000] {logging_mixin.py:188} INFO - [2024-01-03T02:20:57.163+0000] {dag.py:3033} INFO - Sync 1 DAGs
[2024-01-03T02:20:57.180+0000] {logging_mixin.py:188} INFO - [2024-01-03T02:20:57.179+0000] {dag.py:3820} INFO - Setting next_dagrun for example_branch_labels to 2024-01-02T00:00:00+00:00, run_after=2024-01-03T00:00:00+00:00
[2024-01-03T02:20:57.192+0000] {processor.py:183} INFO - Processing /home/airflow/.local/lib/python3.8/site-packages/airflow/example_dags/example_branch_labels.py took 0.045 seconds
[2024-01-03T02:21:28.743+0000] {processor.py:161} INFO - Started process (PID=345) to work on /home/airflow/.local/lib/python3.8/site-packages/airflow/example_dags/example_branch_labels.py
[2024-01-03T02:21:28.744+0000] {processor.py:830} INFO - Processing file /home/airflow/.local/lib/python3.8/site-packages/airflow/example_dags/example_branch_labels.py for tasks to queue
[2024-01-03T02:21:28.746+0000] {logging_mixin.py:188} INFO - [2024-01-03T02:21:28.745+0000] {dagbag.py:538} INFO - Filling up the DagBag from /home/airflow/.local/lib/python3.8/site-packages/airflow/example_dags/example_branch_labels.py
[2024-01-03T02:21:28.750+0000] {processor.py:840} INFO - DAG(s) 'example_branch_labels' retrieved from /home/airflow/.local/lib/python3.8/site-packages/airflow/example_dags/example_branch_labels.py
[2024-01-03T02:21:28.815+0000] {logging_mixin.py:188} INFO - [2024-01-03T02:21:28.815+0000] {dag.py:3033} INFO - Sync 1 DAGs
[2024-01-03T02:21:28.830+0000] {logging_mixin.py:188} INFO - [2024-01-03T02:21:28.830+0000] {dag.py:3820} INFO - Setting next_dagrun for example_branch_labels to 2024-01-02T00:00:00+00:00, run_after=2024-01-03T00:00:00+00:00
[2024-01-03T02:21:28.843+0000] {processor.py:183} INFO - Processing /home/airflow/.local/lib/python3.8/site-packages/airflow/example_dags/example_branch_labels.py took 0.102 seconds
[2024-01-03T02:21:59.098+0000] {processor.py:161} INFO - Started process (PID=400) to work on /home/airflow/.local/lib/python3.8/site-packages/airflow/example_dags/example_branch_labels.py
[2024-01-03T02:21:59.099+0000] {processor.py:830} INFO - Processing file /home/airflow/.local/lib/python3.8/site-packages/airflow/example_dags/example_branch_labels.py for tasks to queue
[2024-01-03T02:21:59.101+0000] {logging_mixin.py:188} INFO - [2024-01-03T02:21:59.101+0000] {dagbag.py:538} INFO - Filling up the DagBag from /home/airflow/.local/lib/python3.8/site-packages/airflow/example_dags/example_branch_labels.py
[2024-01-03T02:21:59.106+0000] {processor.py:840} INFO - DAG(s) 'example_branch_labels' retrieved from /home/airflow/.local/lib/python3.8/site-packages/airflow/example_dags/example_branch_labels.py
[2024-01-03T02:21:59.119+0000] {logging_mixin.py:188} INFO - [2024-01-03T02:21:59.119+0000] {dag.py:3033} INFO - Sync 1 DAGs
[2024-01-03T02:21:59.133+0000] {logging_mixin.py:188} INFO - [2024-01-03T02:21:59.133+0000] {dag.py:3820} INFO - Setting next_dagrun for example_branch_labels to 2024-01-02T00:00:00+00:00, run_after=2024-01-03T00:00:00+00:00
[2024-01-03T02:21:59.144+0000] {processor.py:183} INFO - Processing /home/airflow/.local/lib/python3.8/site-packages/airflow/example_dags/example_branch_labels.py took 0.048 seconds
[2024-01-03T02:22:29.412+0000] {processor.py:161} INFO - Started process (PID=455) to work on /home/airflow/.local/lib/python3.8/site-packages/airflow/example_dags/example_branch_labels.py
[2024-01-03T02:22:29.413+0000] {processor.py:830} INFO - Processing file /home/airflow/.local/lib/python3.8/site-packages/airflow/example_dags/example_branch_labels.py for tasks to queue
[2024-01-03T02:22:29.415+0000] {logging_mixin.py:188} INFO - [2024-01-03T02:22:29.415+0000] {dagbag.py:538} INFO - Filling up the DagBag from /home/airflow/.local/lib/python3.8/site-packages/airflow/example_dags/example_branch_labels.py
[2024-01-03T02:22:29.421+0000] {processor.py:840} INFO - DAG(s) 'example_branch_labels' retrieved from /home/airflow/.local/lib/python3.8/site-packages/airflow/example_dags/example_branch_labels.py
[2024-01-03T02:22:29.441+0000] {logging_mixin.py:188} INFO - [2024-01-03T02:22:29.440+0000] {dag.py:3033} INFO - Sync 1 DAGs
[2024-01-03T02:22:29.466+0000] {logging_mixin.py:188} INFO - [2024-01-03T02:22:29.465+0000] {dag.py:3820} INFO - Setting next_dagrun for example_branch_labels to 2024-01-02T00:00:00+00:00, run_after=2024-01-03T00:00:00+00:00
[2024-01-03T02:22:29.483+0000] {processor.py:183} INFO - Processing /home/airflow/.local/lib/python3.8/site-packages/airflow/example_dags/example_branch_labels.py took 0.073 seconds
[2024-01-03T02:22:59.609+0000] {processor.py:161} INFO - Started process (PID=510) to work on /home/airflow/.local/lib/python3.8/site-packages/airflow/example_dags/example_branch_labels.py
[2024-01-03T02:22:59.610+0000] {processor.py:830} INFO - Processing file /home/airflow/.local/lib/python3.8/site-packages/airflow/example_dags/example_branch_labels.py for tasks to queue
[2024-01-03T02:22:59.611+0000] {logging_mixin.py:188} INFO - [2024-01-03T02:22:59.611+0000] {dagbag.py:538} INFO - Filling up the DagBag from /home/airflow/.local/lib/python3.8/site-packages/airflow/example_dags/example_branch_labels.py
[2024-01-03T02:22:59.616+0000] {processor.py:840} INFO - DAG(s) 'example_branch_labels' retrieved from /home/airflow/.local/lib/python3.8/site-packages/airflow/example_dags/example_branch_labels.py
[2024-01-03T02:22:59.630+0000] {logging_mixin.py:188} INFO - [2024-01-03T02:22:59.630+0000] {dag.py:3033} INFO - Sync 1 DAGs
[2024-01-03T02:22:59.645+0000] {logging_mixin.py:188} INFO - [2024-01-03T02:22:59.645+0000] {dag.py:3820} INFO - Setting next_dagrun for example_branch_labels to 2024-01-02T00:00:00+00:00, run_after=2024-01-03T00:00:00+00:00
[2024-01-03T02:22:59.657+0000] {processor.py:183} INFO - Processing /home/airflow/.local/lib/python3.8/site-packages/airflow/example_dags/example_branch_labels.py took 0.050 seconds
[2024-01-03T02:23:29.922+0000] {processor.py:161} INFO - Started process (PID=565) to work on /home/airflow/.local/lib/python3.8/site-packages/airflow/example_dags/example_branch_labels.py
[2024-01-03T02:23:29.923+0000] {processor.py:830} INFO - Processing file /home/airflow/.local/lib/python3.8/site-packages/airflow/example_dags/example_branch_labels.py for tasks to queue
[2024-01-03T02:23:29.925+0000] {logging_mixin.py:188} INFO - [2024-01-03T02:23:29.924+0000] {dagbag.py:538} INFO - Filling up the DagBag from /home/airflow/.local/lib/python3.8/site-packages/airflow/example_dags/example_branch_labels.py
[2024-01-03T02:23:29.930+0000] {processor.py:840} INFO - DAG(s) 'example_branch_labels' retrieved from /home/airflow/.local/lib/python3.8/site-packages/airflow/example_dags/example_branch_labels.py
[2024-01-03T02:23:29.944+0000] {logging_mixin.py:188} INFO - [2024-01-03T02:23:29.944+0000] {dag.py:3033} INFO - Sync 1 DAGs
[2024-01-03T02:23:29.960+0000] {logging_mixin.py:188} INFO - [2024-01-03T02:23:29.960+0000] {dag.py:3820} INFO - Setting next_dagrun for example_branch_labels to 2024-01-02T00:00:00+00:00, run_after=2024-01-03T00:00:00+00:00
[2024-01-03T02:23:29.973+0000] {processor.py:183} INFO - Processing /home/airflow/.local/lib/python3.8/site-packages/airflow/example_dags/example_branch_labels.py took 0.054 seconds
[2024-01-03T02:24:00.195+0000] {processor.py:161} INFO - Started process (PID=620) to work on /home/airflow/.local/lib/python3.8/site-packages/airflow/example_dags/example_branch_labels.py
[2024-01-03T02:24:00.196+0000] {processor.py:830} INFO - Processing file /home/airflow/.local/lib/python3.8/site-packages/airflow/example_dags/example_branch_labels.py for tasks to queue
[2024-01-03T02:24:00.198+0000] {logging_mixin.py:188} INFO - [2024-01-03T02:24:00.198+0000] {dagbag.py:538} INFO - Filling up the DagBag from /home/airflow/.local/lib/python3.8/site-packages/airflow/example_dags/example_branch_labels.py
[2024-01-03T02:24:00.203+0000] {processor.py:840} INFO - DAG(s) 'example_branch_labels' retrieved from /home/airflow/.local/lib/python3.8/site-packages/airflow/example_dags/example_branch_labels.py
[2024-01-03T02:24:00.220+0000] {logging_mixin.py:188} INFO - [2024-01-03T02:24:00.219+0000] {dag.py:3033} INFO - Sync 1 DAGs
[2024-01-03T02:24:00.239+0000] {logging_mixin.py:188} INFO - [2024-01-03T02:24:00.239+0000] {dag.py:3820} INFO - Setting next_dagrun for example_branch_labels to 2024-01-02T00:00:00+00:00, run_after=2024-01-03T00:00:00+00:00
[2024-01-03T02:24:00.253+0000] {processor.py:183} INFO - Processing /home/airflow/.local/lib/python3.8/site-packages/airflow/example_dags/example_branch_labels.py took 0.061 seconds
[2024-01-03T02:24:30.999+0000] {processor.py:161} INFO - Started process (PID=675) to work on /home/airflow/.local/lib/python3.8/site-packages/airflow/example_dags/example_branch_labels.py
[2024-01-03T02:24:31.000+0000] {processor.py:830} INFO - Processing file /home/airflow/.local/lib/python3.8/site-packages/airflow/example_dags/example_branch_labels.py for tasks to queue
[2024-01-03T02:24:31.001+0000] {logging_mixin.py:188} INFO - [2024-01-03T02:24:31.001+0000] {dagbag.py:538} INFO - Filling up the DagBag from /home/airflow/.local/lib/python3.8/site-packages/airflow/example_dags/example_branch_labels.py
[2024-01-03T02:24:31.006+0000] {processor.py:840} INFO - DAG(s) 'example_branch_labels' retrieved from /home/airflow/.local/lib/python3.8/site-packages/airflow/example_dags/example_branch_labels.py
[2024-01-03T02:24:31.019+0000] {logging_mixin.py:188} INFO - [2024-01-03T02:24:31.019+0000] {dag.py:3033} INFO - Sync 1 DAGs
[2024-01-03T02:24:31.033+0000] {logging_mixin.py:188} INFO - [2024-01-03T02:24:31.033+0000] {dag.py:3820} INFO - Setting next_dagrun for example_branch_labels to 2024-01-02T00:00:00+00:00, run_after=2024-01-03T00:00:00+00:00
[2024-01-03T02:24:31.044+0000] {processor.py:183} INFO - Processing /home/airflow/.local/lib/python3.8/site-packages/airflow/example_dags/example_branch_labels.py took 0.047 seconds
[2024-01-03T02:25:01.819+0000] {processor.py:161} INFO - Started process (PID=730) to work on /home/airflow/.local/lib/python3.8/site-packages/airflow/example_dags/example_branch_labels.py
[2024-01-03T02:25:01.820+0000] {processor.py:830} INFO - Processing file /home/airflow/.local/lib/python3.8/site-packages/airflow/example_dags/example_branch_labels.py for tasks to queue
[2024-01-03T02:25:01.822+0000] {logging_mixin.py:188} INFO - [2024-01-03T02:25:01.822+0000] {dagbag.py:538} INFO - Filling up the DagBag from /home/airflow/.local/lib/python3.8/site-packages/airflow/example_dags/example_branch_labels.py
[2024-01-03T02:25:01.827+0000] {processor.py:840} INFO - DAG(s) 'example_branch_labels' retrieved from /home/airflow/.local/lib/python3.8/site-packages/airflow/example_dags/example_branch_labels.py
[2024-01-03T02:25:01.841+0000] {logging_mixin.py:188} INFO - [2024-01-03T02:25:01.840+0000] {dag.py:3033} INFO - Sync 1 DAGs
[2024-01-03T02:25:01.856+0000] {logging_mixin.py:188} INFO - [2024-01-03T02:25:01.856+0000] {dag.py:3820} INFO - Setting next_dagrun for example_branch_labels to 2024-01-02T00:00:00+00:00, run_after=2024-01-03T00:00:00+00:00
[2024-01-03T02:25:01.868+0000] {processor.py:183} INFO - Processing /home/airflow/.local/lib/python3.8/site-packages/airflow/example_dags/example_branch_labels.py took 0.051 seconds
[2024-01-03T02:25:32.038+0000] {processor.py:161} INFO - Started process (PID=785) to work on /home/airflow/.local/lib/python3.8/site-packages/airflow/example_dags/example_branch_labels.py
[2024-01-03T02:25:32.038+0000] {processor.py:830} INFO - Processing file /home/airflow/.local/lib/python3.8/site-packages/airflow/example_dags/example_branch_labels.py for tasks to queue
[2024-01-03T02:25:32.040+0000] {logging_mixin.py:188} INFO - [2024-01-03T02:25:32.040+0000] {dagbag.py:538} INFO - Filling up the DagBag from /home/airflow/.local/lib/python3.8/site-packages/airflow/example_dags/example_branch_labels.py
[2024-01-03T02:25:32.045+0000] {processor.py:840} INFO - DAG(s) 'example_branch_labels' retrieved from /home/airflow/.local/lib/python3.8/site-packages/airflow/example_dags/example_branch_labels.py
[2024-01-03T02:25:32.059+0000] {logging_mixin.py:188} INFO - [2024-01-03T02:25:32.059+0000] {dag.py:3033} INFO - Sync 1 DAGs
[2024-01-03T02:25:32.075+0000] {logging_mixin.py:188} INFO - [2024-01-03T02:25:32.074+0000] {dag.py:3820} INFO - Setting next_dagrun for example_branch_labels to 2024-01-02T00:00:00+00:00, run_after=2024-01-03T00:00:00+00:00
[2024-01-03T02:25:32.086+0000] {processor.py:183} INFO - Processing /home/airflow/.local/lib/python3.8/site-packages/airflow/example_dags/example_branch_labels.py took 0.050 seconds
[2024-01-03T02:26:02.211+0000] {processor.py:161} INFO - Started process (PID=840) to work on /home/airflow/.local/lib/python3.8/site-packages/airflow/example_dags/example_branch_labels.py
[2024-01-03T02:26:02.212+0000] {processor.py:830} INFO - Processing file /home/airflow/.local/lib/python3.8/site-packages/airflow/example_dags/example_branch_labels.py for tasks to queue
[2024-01-03T02:26:02.213+0000] {logging_mixin.py:188} INFO - [2024-01-03T02:26:02.213+0000] {dagbag.py:538} INFO - Filling up the DagBag from /home/airflow/.local/lib/python3.8/site-packages/airflow/example_dags/example_branch_labels.py
[2024-01-03T02:26:02.219+0000] {processor.py:840} INFO - DAG(s) 'example_branch_labels' retrieved from /home/airflow/.local/lib/python3.8/site-packages/airflow/example_dags/example_branch_labels.py
[2024-01-03T02:26:02.233+0000] {logging_mixin.py:188} INFO - [2024-01-03T02:26:02.233+0000] {dag.py:3033} INFO - Sync 1 DAGs
[2024-01-03T02:26:02.248+0000] {logging_mixin.py:188} INFO - [2024-01-03T02:26:02.248+0000] {dag.py:3820} INFO - Setting next_dagrun for example_branch_labels to 2024-01-02T00:00:00+00:00, run_after=2024-01-03T00:00:00+00:00
[2024-01-03T02:26:02.262+0000] {processor.py:183} INFO - Processing /home/airflow/.local/lib/python3.8/site-packages/airflow/example_dags/example_branch_labels.py took 0.053 seconds
[2024-01-03T02:26:32.295+0000] {processor.py:161} INFO - Started process (PID=895) to work on /home/airflow/.local/lib/python3.8/site-packages/airflow/example_dags/example_branch_labels.py
[2024-01-03T02:26:32.296+0000] {processor.py:830} INFO - Processing file /home/airflow/.local/lib/python3.8/site-packages/airflow/example_dags/example_branch_labels.py for tasks to queue
[2024-01-03T02:26:32.298+0000] {logging_mixin.py:188} INFO - [2024-01-03T02:26:32.298+0000] {dagbag.py:538} INFO - Filling up the DagBag from /home/airflow/.local/lib/python3.8/site-packages/airflow/example_dags/example_branch_labels.py
[2024-01-03T02:26:32.302+0000] {processor.py:840} INFO - DAG(s) 'example_branch_labels' retrieved from /home/airflow/.local/lib/python3.8/site-packages/airflow/example_dags/example_branch_labels.py
[2024-01-03T02:26:32.317+0000] {logging_mixin.py:188} INFO - [2024-01-03T02:26:32.317+0000] {dag.py:3033} INFO - Sync 1 DAGs
[2024-01-03T02:26:32.333+0000] {logging_mixin.py:188} INFO - [2024-01-03T02:26:32.333+0000] {dag.py:3820} INFO - Setting next_dagrun for example_branch_labels to 2024-01-02T00:00:00+00:00, run_after=2024-01-03T00:00:00+00:00
[2024-01-03T02:26:32.345+0000] {processor.py:183} INFO - Processing /home/airflow/.local/lib/python3.8/site-packages/airflow/example_dags/example_branch_labels.py took 0.052 seconds
[2024-01-03T02:27:03.050+0000] {processor.py:161} INFO - Started process (PID=950) to work on /home/airflow/.local/lib/python3.8/site-packages/airflow/example_dags/example_branch_labels.py
[2024-01-03T02:27:03.050+0000] {processor.py:830} INFO - Processing file /home/airflow/.local/lib/python3.8/site-packages/airflow/example_dags/example_branch_labels.py for tasks to queue
[2024-01-03T02:27:03.052+0000] {logging_mixin.py:188} INFO - [2024-01-03T02:27:03.052+0000] {dagbag.py:538} INFO - Filling up the DagBag from /home/airflow/.local/lib/python3.8/site-packages/airflow/example_dags/example_branch_labels.py
[2024-01-03T02:27:03.057+0000] {processor.py:840} INFO - DAG(s) 'example_branch_labels' retrieved from /home/airflow/.local/lib/python3.8/site-packages/airflow/example_dags/example_branch_labels.py
[2024-01-03T02:27:03.070+0000] {logging_mixin.py:188} INFO - [2024-01-03T02:27:03.070+0000] {dag.py:3033} INFO - Sync 1 DAGs
[2024-01-03T02:27:03.086+0000] {logging_mixin.py:188} INFO - [2024-01-03T02:27:03.085+0000] {dag.py:3820} INFO - Setting next_dagrun for example_branch_labels to 2024-01-02T00:00:00+00:00, run_after=2024-01-03T00:00:00+00:00
[2024-01-03T02:27:03.098+0000] {processor.py:183} INFO - Processing /home/airflow/.local/lib/python3.8/site-packages/airflow/example_dags/example_branch_labels.py took 0.050 seconds
[2024-01-03T02:27:33.888+0000] {processor.py:161} INFO - Started process (PID=1005) to work on /home/airflow/.local/lib/python3.8/site-packages/airflow/example_dags/example_branch_labels.py
[2024-01-03T02:27:33.889+0000] {processor.py:830} INFO - Processing file /home/airflow/.local/lib/python3.8/site-packages/airflow/example_dags/example_branch_labels.py for tasks to queue
[2024-01-03T02:27:33.890+0000] {logging_mixin.py:188} INFO - [2024-01-03T02:27:33.890+0000] {dagbag.py:538} INFO - Filling up the DagBag from /home/airflow/.local/lib/python3.8/site-packages/airflow/example_dags/example_branch_labels.py
[2024-01-03T02:27:33.895+0000] {processor.py:840} INFO - DAG(s) 'example_branch_labels' retrieved from /home/airflow/.local/lib/python3.8/site-packages/airflow/example_dags/example_branch_labels.py
[2024-01-03T02:27:33.910+0000] {logging_mixin.py:188} INFO - [2024-01-03T02:27:33.909+0000] {dag.py:3033} INFO - Sync 1 DAGs
[2024-01-03T02:27:33.926+0000] {logging_mixin.py:188} INFO - [2024-01-03T02:27:33.926+0000] {dag.py:3820} INFO - Setting next_dagrun for example_branch_labels to 2024-01-02T00:00:00+00:00, run_after=2024-01-03T00:00:00+00:00
[2024-01-03T02:27:33.939+0000] {processor.py:183} INFO - Processing /home/airflow/.local/lib/python3.8/site-packages/airflow/example_dags/example_branch_labels.py took 0.053 seconds
[2024-01-03T02:28:04.720+0000] {processor.py:161} INFO - Started process (PID=1060) to work on /home/airflow/.local/lib/python3.8/site-packages/airflow/example_dags/example_branch_labels.py
[2024-01-03T02:28:04.720+0000] {processor.py:830} INFO - Processing file /home/airflow/.local/lib/python3.8/site-packages/airflow/example_dags/example_branch_labels.py for tasks to queue
[2024-01-03T02:28:04.722+0000] {logging_mixin.py:188} INFO - [2024-01-03T02:28:04.722+0000] {dagbag.py:538} INFO - Filling up the DagBag from /home/airflow/.local/lib/python3.8/site-packages/airflow/example_dags/example_branch_labels.py
[2024-01-03T02:28:04.727+0000] {processor.py:840} INFO - DAG(s) 'example_branch_labels' retrieved from /home/airflow/.local/lib/python3.8/site-packages/airflow/example_dags/example_branch_labels.py
[2024-01-03T02:28:04.741+0000] {logging_mixin.py:188} INFO - [2024-01-03T02:28:04.741+0000] {dag.py:3033} INFO - Sync 1 DAGs
[2024-01-03T02:28:04.756+0000] {logging_mixin.py:188} INFO - [2024-01-03T02:28:04.756+0000] {dag.py:3820} INFO - Setting next_dagrun for example_branch_labels to 2024-01-02T00:00:00+00:00, run_after=2024-01-03T00:00:00+00:00
[2024-01-03T02:28:04.768+0000] {processor.py:183} INFO - Processing /home/airflow/.local/lib/python3.8/site-packages/airflow/example_dags/example_branch_labels.py took 0.050 seconds
[2024-01-03T02:28:35.516+0000] {processor.py:161} INFO - Started process (PID=1115) to work on /home/airflow/.local/lib/python3.8/site-packages/airflow/example_dags/example_branch_labels.py
[2024-01-03T02:28:35.516+0000] {processor.py:830} INFO - Processing file /home/airflow/.local/lib/python3.8/site-packages/airflow/example_dags/example_branch_labels.py for tasks to queue
[2024-01-03T02:28:35.518+0000] {logging_mixin.py:188} INFO - [2024-01-03T02:28:35.518+0000] {dagbag.py:538} INFO - Filling up the DagBag from /home/airflow/.local/lib/python3.8/site-packages/airflow/example_dags/example_branch_labels.py
[2024-01-03T02:28:35.523+0000] {processor.py:840} INFO - DAG(s) 'example_branch_labels' retrieved from /home/airflow/.local/lib/python3.8/site-packages/airflow/example_dags/example_branch_labels.py
[2024-01-03T02:28:35.537+0000] {logging_mixin.py:188} INFO - [2024-01-03T02:28:35.537+0000] {dag.py:3033} INFO - Sync 1 DAGs
[2024-01-03T02:28:35.552+0000] {logging_mixin.py:188} INFO - [2024-01-03T02:28:35.552+0000] {dag.py:3820} INFO - Setting next_dagrun for example_branch_labels to 2024-01-02T00:00:00+00:00, run_after=2024-01-03T00:00:00+00:00
[2024-01-03T02:28:35.564+0000] {processor.py:183} INFO - Processing /home/airflow/.local/lib/python3.8/site-packages/airflow/example_dags/example_branch_labels.py took 0.050 seconds
[2024-01-03T02:29:06.334+0000] {processor.py:161} INFO - Started process (PID=1170) to work on /home/airflow/.local/lib/python3.8/site-packages/airflow/example_dags/example_branch_labels.py
[2024-01-03T02:29:06.334+0000] {processor.py:830} INFO - Processing file /home/airflow/.local/lib/python3.8/site-packages/airflow/example_dags/example_branch_labels.py for tasks to queue
[2024-01-03T02:29:06.336+0000] {logging_mixin.py:188} INFO - [2024-01-03T02:29:06.336+0000] {dagbag.py:538} INFO - Filling up the DagBag from /home/airflow/.local/lib/python3.8/site-packages/airflow/example_dags/example_branch_labels.py
[2024-01-03T02:29:06.341+0000] {processor.py:840} INFO - DAG(s) 'example_branch_labels' retrieved from /home/airflow/.local/lib/python3.8/site-packages/airflow/example_dags/example_branch_labels.py
[2024-01-03T02:29:06.356+0000] {logging_mixin.py:188} INFO - [2024-01-03T02:29:06.356+0000] {dag.py:3033} INFO - Sync 1 DAGs
[2024-01-03T02:29:06.372+0000] {logging_mixin.py:188} INFO - [2024-01-03T02:29:06.372+0000] {dag.py:3820} INFO - Setting next_dagrun for example_branch_labels to 2024-01-02T00:00:00+00:00, run_after=2024-01-03T00:00:00+00:00
[2024-01-03T02:29:06.383+0000] {processor.py:183} INFO - Processing /home/airflow/.local/lib/python3.8/site-packages/airflow/example_dags/example_branch_labels.py took 0.052 seconds
[2024-01-03T02:29:37.098+0000] {processor.py:161} INFO - Started process (PID=1225) to work on /home/airflow/.local/lib/python3.8/site-packages/airflow/example_dags/example_branch_labels.py
[2024-01-03T02:29:37.099+0000] {processor.py:830} INFO - Processing file /home/airflow/.local/lib/python3.8/site-packages/airflow/example_dags/example_branch_labels.py for tasks to queue
[2024-01-03T02:29:37.100+0000] {logging_mixin.py:188} INFO - [2024-01-03T02:29:37.100+0000] {dagbag.py:538} INFO - Filling up the DagBag from /home/airflow/.local/lib/python3.8/site-packages/airflow/example_dags/example_branch_labels.py
[2024-01-03T02:29:37.106+0000] {processor.py:840} INFO - DAG(s) 'example_branch_labels' retrieved from /home/airflow/.local/lib/python3.8/site-packages/airflow/example_dags/example_branch_labels.py
[2024-01-03T02:29:37.122+0000] {logging_mixin.py:188} INFO - [2024-01-03T02:29:37.122+0000] {dag.py:3033} INFO - Sync 1 DAGs
[2024-01-03T02:29:37.141+0000] {logging_mixin.py:188} INFO - [2024-01-03T02:29:37.141+0000] {dag.py:3820} INFO - Setting next_dagrun for example_branch_labels to 2024-01-02T00:00:00+00:00, run_after=2024-01-03T00:00:00+00:00
[2024-01-03T02:29:37.156+0000] {processor.py:183} INFO - Processing /home/airflow/.local/lib/python3.8/site-packages/airflow/example_dags/example_branch_labels.py took 0.059 seconds
[2024-01-03T02:30:08.178+0000] {processor.py:161} INFO - Started process (PID=1280) to work on /home/airflow/.local/lib/python3.8/site-packages/airflow/example_dags/example_branch_labels.py
[2024-01-03T02:30:08.179+0000] {processor.py:830} INFO - Processing file /home/airflow/.local/lib/python3.8/site-packages/airflow/example_dags/example_branch_labels.py for tasks to queue
[2024-01-03T02:30:08.180+0000] {logging_mixin.py:188} INFO - [2024-01-03T02:30:08.180+0000] {dagbag.py:538} INFO - Filling up the DagBag from /home/airflow/.local/lib/python3.8/site-packages/airflow/example_dags/example_branch_labels.py
[2024-01-03T02:30:08.185+0000] {processor.py:840} INFO - DAG(s) 'example_branch_labels' retrieved from /home/airflow/.local/lib/python3.8/site-packages/airflow/example_dags/example_branch_labels.py
[2024-01-03T02:30:08.199+0000] {logging_mixin.py:188} INFO - [2024-01-03T02:30:08.199+0000] {dag.py:3033} INFO - Sync 1 DAGs
[2024-01-03T02:30:08.215+0000] {logging_mixin.py:188} INFO - [2024-01-03T02:30:08.215+0000] {dag.py:3820} INFO - Setting next_dagrun for example_branch_labels to 2024-01-02T00:00:00+00:00, run_after=2024-01-03T00:00:00+00:00
[2024-01-03T02:30:08.228+0000] {processor.py:183} INFO - Processing /home/airflow/.local/lib/python3.8/site-packages/airflow/example_dags/example_branch_labels.py took 0.051 seconds
[2024-01-03T02:30:39.201+0000] {processor.py:161} INFO - Started process (PID=1335) to work on /home/airflow/.local/lib/python3.8/site-packages/airflow/example_dags/example_branch_labels.py
[2024-01-03T02:30:39.202+0000] {processor.py:830} INFO - Processing file /home/airflow/.local/lib/python3.8/site-packages/airflow/example_dags/example_branch_labels.py for tasks to queue
[2024-01-03T02:30:39.204+0000] {logging_mixin.py:188} INFO - [2024-01-03T02:30:39.204+0000] {dagbag.py:538} INFO - Filling up the DagBag from /home/airflow/.local/lib/python3.8/site-packages/airflow/example_dags/example_branch_labels.py
[2024-01-03T02:30:39.211+0000] {processor.py:840} INFO - DAG(s) 'example_branch_labels' retrieved from /home/airflow/.local/lib/python3.8/site-packages/airflow/example_dags/example_branch_labels.py
[2024-01-03T02:30:39.228+0000] {logging_mixin.py:188} INFO - [2024-01-03T02:30:39.227+0000] {dag.py:3033} INFO - Sync 1 DAGs
[2024-01-03T02:30:39.246+0000] {logging_mixin.py:188} INFO - [2024-01-03T02:30:39.245+0000] {dag.py:3820} INFO - Setting next_dagrun for example_branch_labels to 2024-01-02T00:00:00+00:00, run_after=2024-01-03T00:00:00+00:00
[2024-01-03T02:30:39.260+0000] {processor.py:183} INFO - Processing /home/airflow/.local/lib/python3.8/site-packages/airflow/example_dags/example_branch_labels.py took 0.061 seconds
[2024-01-03T02:31:09.526+0000] {processor.py:161} INFO - Started process (PID=1390) to work on /home/airflow/.local/lib/python3.8/site-packages/airflow/example_dags/example_branch_labels.py
[2024-01-03T02:31:09.526+0000] {processor.py:830} INFO - Processing file /home/airflow/.local/lib/python3.8/site-packages/airflow/example_dags/example_branch_labels.py for tasks to queue
[2024-01-03T02:31:09.528+0000] {logging_mixin.py:188} INFO - [2024-01-03T02:31:09.528+0000] {dagbag.py:538} INFO - Filling up the DagBag from /home/airflow/.local/lib/python3.8/site-packages/airflow/example_dags/example_branch_labels.py
[2024-01-03T02:31:09.533+0000] {processor.py:840} INFO - DAG(s) 'example_branch_labels' retrieved from /home/airflow/.local/lib/python3.8/site-packages/airflow/example_dags/example_branch_labels.py
[2024-01-03T02:31:09.548+0000] {logging_mixin.py:188} INFO - [2024-01-03T02:31:09.547+0000] {dag.py:3033} INFO - Sync 1 DAGs
[2024-01-03T02:31:09.565+0000] {logging_mixin.py:188} INFO - [2024-01-03T02:31:09.564+0000] {dag.py:3820} INFO - Setting next_dagrun for example_branch_labels to 2024-01-02T00:00:00+00:00, run_after=2024-01-03T00:00:00+00:00
[2024-01-03T02:31:09.577+0000] {processor.py:183} INFO - Processing /home/airflow/.local/lib/python3.8/site-packages/airflow/example_dags/example_branch_labels.py took 0.053 seconds
[2024-01-03T02:31:39.709+0000] {processor.py:161} INFO - Started process (PID=1445) to work on /home/airflow/.local/lib/python3.8/site-packages/airflow/example_dags/example_branch_labels.py
[2024-01-03T02:31:39.710+0000] {processor.py:830} INFO - Processing file /home/airflow/.local/lib/python3.8/site-packages/airflow/example_dags/example_branch_labels.py for tasks to queue
[2024-01-03T02:31:39.712+0000] {logging_mixin.py:188} INFO - [2024-01-03T02:31:39.711+0000] {dagbag.py:538} INFO - Filling up the DagBag from /home/airflow/.local/lib/python3.8/site-packages/airflow/example_dags/example_branch_labels.py
[2024-01-03T02:31:39.717+0000] {processor.py:840} INFO - DAG(s) 'example_branch_labels' retrieved from /home/airflow/.local/lib/python3.8/site-packages/airflow/example_dags/example_branch_labels.py
[2024-01-03T02:31:39.733+0000] {logging_mixin.py:188} INFO - [2024-01-03T02:31:39.733+0000] {dag.py:3033} INFO - Sync 1 DAGs
[2024-01-03T02:31:39.752+0000] {logging_mixin.py:188} INFO - [2024-01-03T02:31:39.751+0000] {dag.py:3820} INFO - Setting next_dagrun for example_branch_labels to 2024-01-02T00:00:00+00:00, run_after=2024-01-03T00:00:00+00:00
[2024-01-03T02:31:39.766+0000] {processor.py:183} INFO - Processing /home/airflow/.local/lib/python3.8/site-packages/airflow/example_dags/example_branch_labels.py took 0.059 seconds
[2024-01-03T02:32:09.875+0000] {processor.py:161} INFO - Started process (PID=1500) to work on /home/airflow/.local/lib/python3.8/site-packages/airflow/example_dags/example_branch_labels.py
[2024-01-03T02:32:09.875+0000] {processor.py:830} INFO - Processing file /home/airflow/.local/lib/python3.8/site-packages/airflow/example_dags/example_branch_labels.py for tasks to queue
[2024-01-03T02:32:09.877+0000] {logging_mixin.py:188} INFO - [2024-01-03T02:32:09.877+0000] {dagbag.py:538} INFO - Filling up the DagBag from /home/airflow/.local/lib/python3.8/site-packages/airflow/example_dags/example_branch_labels.py
[2024-01-03T02:32:09.882+0000] {processor.py:840} INFO - DAG(s) 'example_branch_labels' retrieved from /home/airflow/.local/lib/python3.8/site-packages/airflow/example_dags/example_branch_labels.py
[2024-01-03T02:32:09.896+0000] {logging_mixin.py:188} INFO - [2024-01-03T02:32:09.895+0000] {dag.py:3033} INFO - Sync 1 DAGs
[2024-01-03T02:32:09.911+0000] {logging_mixin.py:188} INFO - [2024-01-03T02:32:09.911+0000] {dag.py:3820} INFO - Setting next_dagrun for example_branch_labels to 2024-01-02T00:00:00+00:00, run_after=2024-01-03T00:00:00+00:00
[2024-01-03T02:32:09.923+0000] {processor.py:183} INFO - Processing /home/airflow/.local/lib/python3.8/site-packages/airflow/example_dags/example_branch_labels.py took 0.050 seconds
[2024-01-03T02:32:39.959+0000] {processor.py:161} INFO - Started process (PID=1555) to work on /home/airflow/.local/lib/python3.8/site-packages/airflow/example_dags/example_branch_labels.py
[2024-01-03T02:32:39.959+0000] {processor.py:830} INFO - Processing file /home/airflow/.local/lib/python3.8/site-packages/airflow/example_dags/example_branch_labels.py for tasks to queue
[2024-01-03T02:32:39.961+0000] {logging_mixin.py:188} INFO - [2024-01-03T02:32:39.961+0000] {dagbag.py:538} INFO - Filling up the DagBag from /home/airflow/.local/lib/python3.8/site-packages/airflow/example_dags/example_branch_labels.py
[2024-01-03T02:32:39.966+0000] {processor.py:840} INFO - DAG(s) 'example_branch_labels' retrieved from /home/airflow/.local/lib/python3.8/site-packages/airflow/example_dags/example_branch_labels.py
[2024-01-03T02:32:39.979+0000] {logging_mixin.py:188} INFO - [2024-01-03T02:32:39.979+0000] {dag.py:3033} INFO - Sync 1 DAGs
[2024-01-03T02:32:39.995+0000] {logging_mixin.py:188} INFO - [2024-01-03T02:32:39.995+0000] {dag.py:3820} INFO - Setting next_dagrun for example_branch_labels to 2024-01-02T00:00:00+00:00, run_after=2024-01-03T00:00:00+00:00
[2024-01-03T02:32:40.007+0000] {processor.py:183} INFO - Processing /home/airflow/.local/lib/python3.8/site-packages/airflow/example_dags/example_branch_labels.py took 0.051 seconds
[2024-01-03T02:33:10.097+0000] {processor.py:161} INFO - Started process (PID=1610) to work on /home/airflow/.local/lib/python3.8/site-packages/airflow/example_dags/example_branch_labels.py
[2024-01-03T02:33:10.098+0000] {processor.py:830} INFO - Processing file /home/airflow/.local/lib/python3.8/site-packages/airflow/example_dags/example_branch_labels.py for tasks to queue
[2024-01-03T02:33:10.101+0000] {logging_mixin.py:188} INFO - [2024-01-03T02:33:10.100+0000] {dagbag.py:538} INFO - Filling up the DagBag from /home/airflow/.local/lib/python3.8/site-packages/airflow/example_dags/example_branch_labels.py
[2024-01-03T02:33:10.107+0000] {processor.py:840} INFO - DAG(s) 'example_branch_labels' retrieved from /home/airflow/.local/lib/python3.8/site-packages/airflow/example_dags/example_branch_labels.py
[2024-01-03T02:33:10.124+0000] {logging_mixin.py:188} INFO - [2024-01-03T02:33:10.123+0000] {dag.py:3033} INFO - Sync 1 DAGs
[2024-01-03T02:33:10.142+0000] {logging_mixin.py:188} INFO - [2024-01-03T02:33:10.142+0000] {dag.py:3820} INFO - Setting next_dagrun for example_branch_labels to 2024-01-02T00:00:00+00:00, run_after=2024-01-03T00:00:00+00:00
[2024-01-03T02:33:10.158+0000] {processor.py:183} INFO - Processing /home/airflow/.local/lib/python3.8/site-packages/airflow/example_dags/example_branch_labels.py took 0.063 seconds
[2024-01-03T02:33:40.282+0000] {processor.py:161} INFO - Started process (PID=1665) to work on /home/airflow/.local/lib/python3.8/site-packages/airflow/example_dags/example_branch_labels.py
[2024-01-03T02:33:40.283+0000] {processor.py:830} INFO - Processing file /home/airflow/.local/lib/python3.8/site-packages/airflow/example_dags/example_branch_labels.py for tasks to queue
[2024-01-03T02:33:40.284+0000] {logging_mixin.py:188} INFO - [2024-01-03T02:33:40.284+0000] {dagbag.py:538} INFO - Filling up the DagBag from /home/airflow/.local/lib/python3.8/site-packages/airflow/example_dags/example_branch_labels.py
[2024-01-03T02:33:40.289+0000] {processor.py:840} INFO - DAG(s) 'example_branch_labels' retrieved from /home/airflow/.local/lib/python3.8/site-packages/airflow/example_dags/example_branch_labels.py
[2024-01-03T02:33:40.302+0000] {logging_mixin.py:188} INFO - [2024-01-03T02:33:40.302+0000] {dag.py:3033} INFO - Sync 1 DAGs
[2024-01-03T02:33:40.317+0000] {logging_mixin.py:188} INFO - [2024-01-03T02:33:40.317+0000] {dag.py:3820} INFO - Setting next_dagrun for example_branch_labels to 2024-01-02T00:00:00+00:00, run_after=2024-01-03T00:00:00+00:00
[2024-01-03T02:33:40.329+0000] {processor.py:183} INFO - Processing /home/airflow/.local/lib/python3.8/site-packages/airflow/example_dags/example_branch_labels.py took 0.049 seconds
[2024-01-03T02:34:11.193+0000] {processor.py:161} INFO - Started process (PID=1720) to work on /home/airflow/.local/lib/python3.8/site-packages/airflow/example_dags/example_branch_labels.py
[2024-01-03T02:34:11.194+0000] {processor.py:830} INFO - Processing file /home/airflow/.local/lib/python3.8/site-packages/airflow/example_dags/example_branch_labels.py for tasks to queue
[2024-01-03T02:34:11.196+0000] {logging_mixin.py:188} INFO - [2024-01-03T02:34:11.196+0000] {dagbag.py:538} INFO - Filling up the DagBag from /home/airflow/.local/lib/python3.8/site-packages/airflow/example_dags/example_branch_labels.py
[2024-01-03T02:34:11.201+0000] {processor.py:840} INFO - DAG(s) 'example_branch_labels' retrieved from /home/airflow/.local/lib/python3.8/site-packages/airflow/example_dags/example_branch_labels.py
[2024-01-03T02:34:11.214+0000] {logging_mixin.py:188} INFO - [2024-01-03T02:34:11.214+0000] {dag.py:3033} INFO - Sync 1 DAGs
[2024-01-03T02:34:11.230+0000] {logging_mixin.py:188} INFO - [2024-01-03T02:34:11.230+0000] {dag.py:3820} INFO - Setting next_dagrun for example_branch_labels to 2024-01-02T00:00:00+00:00, run_after=2024-01-03T00:00:00+00:00
[2024-01-03T02:34:11.243+0000] {processor.py:183} INFO - Processing /home/airflow/.local/lib/python3.8/site-packages/airflow/example_dags/example_branch_labels.py took 0.052 seconds
[2024-01-03T02:34:41.875+0000] {processor.py:161} INFO - Started process (PID=1776) to work on /home/airflow/.local/lib/python3.8/site-packages/airflow/example_dags/example_branch_labels.py
[2024-01-03T02:34:41.875+0000] {processor.py:830} INFO - Processing file /home/airflow/.local/lib/python3.8/site-packages/airflow/example_dags/example_branch_labels.py for tasks to queue
[2024-01-03T02:34:41.878+0000] {logging_mixin.py:188} INFO - [2024-01-03T02:34:41.877+0000] {dagbag.py:538} INFO - Filling up the DagBag from /home/airflow/.local/lib/python3.8/site-packages/airflow/example_dags/example_branch_labels.py
[2024-01-03T02:34:41.882+0000] {processor.py:840} INFO - DAG(s) 'example_branch_labels' retrieved from /home/airflow/.local/lib/python3.8/site-packages/airflow/example_dags/example_branch_labels.py
[2024-01-03T02:34:41.895+0000] {logging_mixin.py:188} INFO - [2024-01-03T02:34:41.895+0000] {dag.py:3033} INFO - Sync 1 DAGs
[2024-01-03T02:34:41.911+0000] {logging_mixin.py:188} INFO - [2024-01-03T02:34:41.911+0000] {dag.py:3820} INFO - Setting next_dagrun for example_branch_labels to 2024-01-02T00:00:00+00:00, run_after=2024-01-03T00:00:00+00:00
[2024-01-03T02:34:41.924+0000] {processor.py:183} INFO - Processing /home/airflow/.local/lib/python3.8/site-packages/airflow/example_dags/example_branch_labels.py took 0.051 seconds
[2024-01-03T02:35:12.713+0000] {processor.py:161} INFO - Started process (PID=1831) to work on /home/airflow/.local/lib/python3.8/site-packages/airflow/example_dags/example_branch_labels.py
[2024-01-03T02:35:12.713+0000] {processor.py:830} INFO - Processing file /home/airflow/.local/lib/python3.8/site-packages/airflow/example_dags/example_branch_labels.py for tasks to queue
[2024-01-03T02:35:12.715+0000] {logging_mixin.py:188} INFO - [2024-01-03T02:35:12.715+0000] {dagbag.py:538} INFO - Filling up the DagBag from /home/airflow/.local/lib/python3.8/site-packages/airflow/example_dags/example_branch_labels.py
[2024-01-03T02:35:12.720+0000] {processor.py:840} INFO - DAG(s) 'example_branch_labels' retrieved from /home/airflow/.local/lib/python3.8/site-packages/airflow/example_dags/example_branch_labels.py
[2024-01-03T02:35:12.733+0000] {logging_mixin.py:188} INFO - [2024-01-03T02:35:12.733+0000] {dag.py:3033} INFO - Sync 1 DAGs
[2024-01-03T02:35:12.749+0000] {logging_mixin.py:188} INFO - [2024-01-03T02:35:12.749+0000] {dag.py:3820} INFO - Setting next_dagrun for example_branch_labels to 2024-01-02T00:00:00+00:00, run_after=2024-01-03T00:00:00+00:00
[2024-01-03T02:35:12.763+0000] {processor.py:183} INFO - Processing /home/airflow/.local/lib/python3.8/site-packages/airflow/example_dags/example_branch_labels.py took 0.052 seconds
[2024-01-03T02:35:43.600+0000] {processor.py:161} INFO - Started process (PID=1886) to work on /home/airflow/.local/lib/python3.8/site-packages/airflow/example_dags/example_branch_labels.py
[2024-01-03T02:35:43.601+0000] {processor.py:830} INFO - Processing file /home/airflow/.local/lib/python3.8/site-packages/airflow/example_dags/example_branch_labels.py for tasks to queue
[2024-01-03T02:35:43.603+0000] {logging_mixin.py:188} INFO - [2024-01-03T02:35:43.603+0000] {dagbag.py:538} INFO - Filling up the DagBag from /home/airflow/.local/lib/python3.8/site-packages/airflow/example_dags/example_branch_labels.py
[2024-01-03T02:35:43.607+0000] {processor.py:840} INFO - DAG(s) 'example_branch_labels' retrieved from /home/airflow/.local/lib/python3.8/site-packages/airflow/example_dags/example_branch_labels.py
[2024-01-03T02:35:43.621+0000] {logging_mixin.py:188} INFO - [2024-01-03T02:35:43.621+0000] {dag.py:3033} INFO - Sync 1 DAGs
[2024-01-03T02:35:43.639+0000] {logging_mixin.py:188} INFO - [2024-01-03T02:35:43.639+0000] {dag.py:3820} INFO - Setting next_dagrun for example_branch_labels to 2024-01-02T00:00:00+00:00, run_after=2024-01-03T00:00:00+00:00
[2024-01-03T02:35:43.652+0000] {processor.py:183} INFO - Processing /home/airflow/.local/lib/python3.8/site-packages/airflow/example_dags/example_branch_labels.py took 0.053 seconds
[2024-01-03T02:36:14.433+0000] {processor.py:161} INFO - Started process (PID=1941) to work on /home/airflow/.local/lib/python3.8/site-packages/airflow/example_dags/example_branch_labels.py
[2024-01-03T02:36:14.434+0000] {processor.py:830} INFO - Processing file /home/airflow/.local/lib/python3.8/site-packages/airflow/example_dags/example_branch_labels.py for tasks to queue
[2024-01-03T02:36:14.436+0000] {logging_mixin.py:188} INFO - [2024-01-03T02:36:14.436+0000] {dagbag.py:538} INFO - Filling up the DagBag from /home/airflow/.local/lib/python3.8/site-packages/airflow/example_dags/example_branch_labels.py
[2024-01-03T02:36:14.441+0000] {processor.py:840} INFO - DAG(s) 'example_branch_labels' retrieved from /home/airflow/.local/lib/python3.8/site-packages/airflow/example_dags/example_branch_labels.py
[2024-01-03T02:36:14.455+0000] {logging_mixin.py:188} INFO - [2024-01-03T02:36:14.455+0000] {dag.py:3033} INFO - Sync 1 DAGs
[2024-01-03T02:36:14.472+0000] {logging_mixin.py:188} INFO - [2024-01-03T02:36:14.472+0000] {dag.py:3820} INFO - Setting next_dagrun for example_branch_labels to 2024-01-02T00:00:00+00:00, run_after=2024-01-03T00:00:00+00:00
[2024-01-03T02:36:14.486+0000] {processor.py:183} INFO - Processing /home/airflow/.local/lib/python3.8/site-packages/airflow/example_dags/example_branch_labels.py took 0.055 seconds
[2024-01-03T02:36:44.568+0000] {processor.py:161} INFO - Started process (PID=1996) to work on /home/airflow/.local/lib/python3.8/site-packages/airflow/example_dags/example_branch_labels.py
[2024-01-03T02:36:44.569+0000] {processor.py:830} INFO - Processing file /home/airflow/.local/lib/python3.8/site-packages/airflow/example_dags/example_branch_labels.py for tasks to queue
[2024-01-03T02:36:44.571+0000] {logging_mixin.py:188} INFO - [2024-01-03T02:36:44.571+0000] {dagbag.py:538} INFO - Filling up the DagBag from /home/airflow/.local/lib/python3.8/site-packages/airflow/example_dags/example_branch_labels.py
[2024-01-03T02:36:44.576+0000] {processor.py:840} INFO - DAG(s) 'example_branch_labels' retrieved from /home/airflow/.local/lib/python3.8/site-packages/airflow/example_dags/example_branch_labels.py
[2024-01-03T02:36:44.591+0000] {logging_mixin.py:188} INFO - [2024-01-03T02:36:44.591+0000] {dag.py:3033} INFO - Sync 1 DAGs
[2024-01-03T02:36:44.611+0000] {logging_mixin.py:188} INFO - [2024-01-03T02:36:44.611+0000] {dag.py:3820} INFO - Setting next_dagrun for example_branch_labels to 2024-01-02T00:00:00+00:00, run_after=2024-01-03T00:00:00+00:00
[2024-01-03T02:36:44.628+0000] {processor.py:183} INFO - Processing /home/airflow/.local/lib/python3.8/site-packages/airflow/example_dags/example_branch_labels.py took 0.061 seconds
[2024-01-03T02:41:32.986+0000] {processor.py:161} INFO - Started process (PID=2057) to work on /home/airflow/.local/lib/python3.8/site-packages/airflow/example_dags/example_branch_labels.py
[2024-01-03T02:41:32.987+0000] {processor.py:830} INFO - Processing file /home/airflow/.local/lib/python3.8/site-packages/airflow/example_dags/example_branch_labels.py for tasks to queue
[2024-01-03T02:41:32.990+0000] {logging_mixin.py:188} INFO - [2024-01-03T02:41:32.989+0000] {dagbag.py:538} INFO - Filling up the DagBag from /home/airflow/.local/lib/python3.8/site-packages/airflow/example_dags/example_branch_labels.py
[2024-01-03T02:41:32.995+0000] {processor.py:840} INFO - DAG(s) 'example_branch_labels' retrieved from /home/airflow/.local/lib/python3.8/site-packages/airflow/example_dags/example_branch_labels.py
[2024-01-03T02:41:33.014+0000] {logging_mixin.py:188} INFO - [2024-01-03T02:41:33.013+0000] {dag.py:3033} INFO - Sync 1 DAGs
[2024-01-03T02:41:33.037+0000] {logging_mixin.py:188} INFO - [2024-01-03T02:41:33.037+0000] {dag.py:3820} INFO - Setting next_dagrun for example_branch_labels to 2024-01-02T00:00:00+00:00, run_after=2024-01-03T00:00:00+00:00
[2024-01-03T02:41:33.053+0000] {processor.py:183} INFO - Processing /home/airflow/.local/lib/python3.8/site-packages/airflow/example_dags/example_branch_labels.py took 0.069 seconds
[2024-01-03T02:42:03.645+0000] {processor.py:161} INFO - Started process (PID=2112) to work on /home/airflow/.local/lib/python3.8/site-packages/airflow/example_dags/example_branch_labels.py
[2024-01-03T02:42:03.646+0000] {processor.py:830} INFO - Processing file /home/airflow/.local/lib/python3.8/site-packages/airflow/example_dags/example_branch_labels.py for tasks to queue
[2024-01-03T02:42:03.647+0000] {logging_mixin.py:188} INFO - [2024-01-03T02:42:03.647+0000] {dagbag.py:538} INFO - Filling up the DagBag from /home/airflow/.local/lib/python3.8/site-packages/airflow/example_dags/example_branch_labels.py
[2024-01-03T02:42:03.652+0000] {processor.py:840} INFO - DAG(s) 'example_branch_labels' retrieved from /home/airflow/.local/lib/python3.8/site-packages/airflow/example_dags/example_branch_labels.py
[2024-01-03T02:42:03.666+0000] {logging_mixin.py:188} INFO - [2024-01-03T02:42:03.666+0000] {dag.py:3033} INFO - Sync 1 DAGs
[2024-01-03T02:42:03.683+0000] {logging_mixin.py:188} INFO - [2024-01-03T02:42:03.683+0000] {dag.py:3820} INFO - Setting next_dagrun for example_branch_labels to 2024-01-02T00:00:00+00:00, run_after=2024-01-03T00:00:00+00:00
[2024-01-03T02:42:03.698+0000] {processor.py:183} INFO - Processing /home/airflow/.local/lib/python3.8/site-packages/airflow/example_dags/example_branch_labels.py took 0.055 seconds
[2024-01-03T02:42:33.926+0000] {processor.py:161} INFO - Started process (PID=2167) to work on /home/airflow/.local/lib/python3.8/site-packages/airflow/example_dags/example_branch_labels.py
[2024-01-03T02:42:33.927+0000] {processor.py:830} INFO - Processing file /home/airflow/.local/lib/python3.8/site-packages/airflow/example_dags/example_branch_labels.py for tasks to queue
[2024-01-03T02:42:33.929+0000] {logging_mixin.py:188} INFO - [2024-01-03T02:42:33.928+0000] {dagbag.py:538} INFO - Filling up the DagBag from /home/airflow/.local/lib/python3.8/site-packages/airflow/example_dags/example_branch_labels.py
[2024-01-03T02:42:33.935+0000] {processor.py:840} INFO - DAG(s) 'example_branch_labels' retrieved from /home/airflow/.local/lib/python3.8/site-packages/airflow/example_dags/example_branch_labels.py
[2024-01-03T02:42:33.953+0000] {logging_mixin.py:188} INFO - [2024-01-03T02:42:33.953+0000] {dag.py:3033} INFO - Sync 1 DAGs
[2024-01-03T02:42:33.976+0000] {logging_mixin.py:188} INFO - [2024-01-03T02:42:33.975+0000] {dag.py:3820} INFO - Setting next_dagrun for example_branch_labels to 2024-01-02T00:00:00+00:00, run_after=2024-01-03T00:00:00+00:00
[2024-01-03T02:42:33.993+0000] {processor.py:183} INFO - Processing /home/airflow/.local/lib/python3.8/site-packages/airflow/example_dags/example_branch_labels.py took 0.070 seconds
[2024-01-03T02:43:04.172+0000] {processor.py:161} INFO - Started process (PID=2222) to work on /home/airflow/.local/lib/python3.8/site-packages/airflow/example_dags/example_branch_labels.py
[2024-01-03T02:43:04.173+0000] {processor.py:830} INFO - Processing file /home/airflow/.local/lib/python3.8/site-packages/airflow/example_dags/example_branch_labels.py for tasks to queue
[2024-01-03T02:43:04.174+0000] {logging_mixin.py:188} INFO - [2024-01-03T02:43:04.174+0000] {dagbag.py:538} INFO - Filling up the DagBag from /home/airflow/.local/lib/python3.8/site-packages/airflow/example_dags/example_branch_labels.py
[2024-01-03T02:43:04.179+0000] {processor.py:840} INFO - DAG(s) 'example_branch_labels' retrieved from /home/airflow/.local/lib/python3.8/site-packages/airflow/example_dags/example_branch_labels.py
[2024-01-03T02:43:04.194+0000] {logging_mixin.py:188} INFO - [2024-01-03T02:43:04.194+0000] {dag.py:3033} INFO - Sync 1 DAGs
[2024-01-03T02:43:04.210+0000] {logging_mixin.py:188} INFO - [2024-01-03T02:43:04.210+0000] {dag.py:3820} INFO - Setting next_dagrun for example_branch_labels to 2024-01-02T00:00:00+00:00, run_after=2024-01-03T00:00:00+00:00
[2024-01-03T02:43:04.221+0000] {processor.py:183} INFO - Processing /home/airflow/.local/lib/python3.8/site-packages/airflow/example_dags/example_branch_labels.py took 0.051 seconds
[2024-01-03T02:43:35.258+0000] {processor.py:161} INFO - Started process (PID=2277) to work on /home/airflow/.local/lib/python3.8/site-packages/airflow/example_dags/example_branch_labels.py
[2024-01-03T02:43:35.258+0000] {processor.py:830} INFO - Processing file /home/airflow/.local/lib/python3.8/site-packages/airflow/example_dags/example_branch_labels.py for tasks to queue
[2024-01-03T02:43:35.260+0000] {logging_mixin.py:188} INFO - [2024-01-03T02:43:35.260+0000] {dagbag.py:538} INFO - Filling up the DagBag from /home/airflow/.local/lib/python3.8/site-packages/airflow/example_dags/example_branch_labels.py
[2024-01-03T02:43:35.265+0000] {processor.py:840} INFO - DAG(s) 'example_branch_labels' retrieved from /home/airflow/.local/lib/python3.8/site-packages/airflow/example_dags/example_branch_labels.py
[2024-01-03T02:43:35.279+0000] {logging_mixin.py:188} INFO - [2024-01-03T02:43:35.279+0000] {dag.py:3033} INFO - Sync 1 DAGs
[2024-01-03T02:43:35.294+0000] {logging_mixin.py:188} INFO - [2024-01-03T02:43:35.294+0000] {dag.py:3820} INFO - Setting next_dagrun for example_branch_labels to 2024-01-02T00:00:00+00:00, run_after=2024-01-03T00:00:00+00:00
[2024-01-03T02:43:35.306+0000] {processor.py:183} INFO - Processing /home/airflow/.local/lib/python3.8/site-packages/airflow/example_dags/example_branch_labels.py took 0.051 seconds
[2024-01-03T02:44:06.054+0000] {processor.py:161} INFO - Started process (PID=2332) to work on /home/airflow/.local/lib/python3.8/site-packages/airflow/example_dags/example_branch_labels.py
[2024-01-03T02:44:06.054+0000] {processor.py:830} INFO - Processing file /home/airflow/.local/lib/python3.8/site-packages/airflow/example_dags/example_branch_labels.py for tasks to queue
[2024-01-03T02:44:06.056+0000] {logging_mixin.py:188} INFO - [2024-01-03T02:44:06.056+0000] {dagbag.py:538} INFO - Filling up the DagBag from /home/airflow/.local/lib/python3.8/site-packages/airflow/example_dags/example_branch_labels.py
[2024-01-03T02:44:06.061+0000] {processor.py:840} INFO - DAG(s) 'example_branch_labels' retrieved from /home/airflow/.local/lib/python3.8/site-packages/airflow/example_dags/example_branch_labels.py
[2024-01-03T02:44:06.074+0000] {logging_mixin.py:188} INFO - [2024-01-03T02:44:06.074+0000] {dag.py:3033} INFO - Sync 1 DAGs
[2024-01-03T02:44:06.091+0000] {logging_mixin.py:188} INFO - [2024-01-03T02:44:06.091+0000] {dag.py:3820} INFO - Setting next_dagrun for example_branch_labels to 2024-01-02T00:00:00+00:00, run_after=2024-01-03T00:00:00+00:00
[2024-01-03T02:44:06.103+0000] {processor.py:183} INFO - Processing /home/airflow/.local/lib/python3.8/site-packages/airflow/example_dags/example_branch_labels.py took 0.052 seconds
[2024-01-03T02:44:37.196+0000] {processor.py:161} INFO - Started process (PID=2387) to work on /home/airflow/.local/lib/python3.8/site-packages/airflow/example_dags/example_branch_labels.py
[2024-01-03T02:44:37.197+0000] {processor.py:830} INFO - Processing file /home/airflow/.local/lib/python3.8/site-packages/airflow/example_dags/example_branch_labels.py for tasks to queue
[2024-01-03T02:44:37.199+0000] {logging_mixin.py:188} INFO - [2024-01-03T02:44:37.198+0000] {dagbag.py:538} INFO - Filling up the DagBag from /home/airflow/.local/lib/python3.8/site-packages/airflow/example_dags/example_branch_labels.py
[2024-01-03T02:44:37.204+0000] {processor.py:840} INFO - DAG(s) 'example_branch_labels' retrieved from /home/airflow/.local/lib/python3.8/site-packages/airflow/example_dags/example_branch_labels.py
[2024-01-03T02:44:37.217+0000] {logging_mixin.py:188} INFO - [2024-01-03T02:44:37.217+0000] {dag.py:3033} INFO - Sync 1 DAGs
[2024-01-03T02:44:37.332+0000] {logging_mixin.py:188} INFO - [2024-01-03T02:44:37.332+0000] {dag.py:3820} INFO - Setting next_dagrun for example_branch_labels to 2024-01-02T00:00:00+00:00, run_after=2024-01-03T00:00:00+00:00
[2024-01-03T02:44:37.344+0000] {processor.py:183} INFO - Processing /home/airflow/.local/lib/python3.8/site-packages/airflow/example_dags/example_branch_labels.py took 0.150 seconds
[2024-01-03T02:45:07.485+0000] {processor.py:161} INFO - Started process (PID=2442) to work on /home/airflow/.local/lib/python3.8/site-packages/airflow/example_dags/example_branch_labels.py
[2024-01-03T02:45:07.486+0000] {processor.py:830} INFO - Processing file /home/airflow/.local/lib/python3.8/site-packages/airflow/example_dags/example_branch_labels.py for tasks to queue
[2024-01-03T02:45:07.488+0000] {logging_mixin.py:188} INFO - [2024-01-03T02:45:07.488+0000] {dagbag.py:538} INFO - Filling up the DagBag from /home/airflow/.local/lib/python3.8/site-packages/airflow/example_dags/example_branch_labels.py
[2024-01-03T02:45:07.493+0000] {processor.py:840} INFO - DAG(s) 'example_branch_labels' retrieved from /home/airflow/.local/lib/python3.8/site-packages/airflow/example_dags/example_branch_labels.py
[2024-01-03T02:45:07.506+0000] {logging_mixin.py:188} INFO - [2024-01-03T02:45:07.506+0000] {dag.py:3033} INFO - Sync 1 DAGs
[2024-01-03T02:45:07.522+0000] {logging_mixin.py:188} INFO - [2024-01-03T02:45:07.522+0000] {dag.py:3820} INFO - Setting next_dagrun for example_branch_labels to 2024-01-02T00:00:00+00:00, run_after=2024-01-03T00:00:00+00:00
[2024-01-03T02:45:07.629+0000] {processor.py:183} INFO - Processing /home/airflow/.local/lib/python3.8/site-packages/airflow/example_dags/example_branch_labels.py took 0.146 seconds
[2024-01-03T02:45:38.170+0000] {processor.py:161} INFO - Started process (PID=2497) to work on /home/airflow/.local/lib/python3.8/site-packages/airflow/example_dags/example_branch_labels.py
[2024-01-03T02:45:38.171+0000] {processor.py:830} INFO - Processing file /home/airflow/.local/lib/python3.8/site-packages/airflow/example_dags/example_branch_labels.py for tasks to queue
[2024-01-03T02:45:38.172+0000] {logging_mixin.py:188} INFO - [2024-01-03T02:45:38.172+0000] {dagbag.py:538} INFO - Filling up the DagBag from /home/airflow/.local/lib/python3.8/site-packages/airflow/example_dags/example_branch_labels.py
[2024-01-03T02:45:38.177+0000] {processor.py:840} INFO - DAG(s) 'example_branch_labels' retrieved from /home/airflow/.local/lib/python3.8/site-packages/airflow/example_dags/example_branch_labels.py
[2024-01-03T02:45:38.191+0000] {logging_mixin.py:188} INFO - [2024-01-03T02:45:38.191+0000] {dag.py:3033} INFO - Sync 1 DAGs
[2024-01-03T02:45:38.207+0000] {logging_mixin.py:188} INFO - [2024-01-03T02:45:38.207+0000] {dag.py:3820} INFO - Setting next_dagrun for example_branch_labels to 2024-01-02T00:00:00+00:00, run_after=2024-01-03T00:00:00+00:00
[2024-01-03T02:45:38.220+0000] {processor.py:183} INFO - Processing /home/airflow/.local/lib/python3.8/site-packages/airflow/example_dags/example_branch_labels.py took 0.052 seconds
[2024-01-03T02:46:08.488+0000] {processor.py:161} INFO - Started process (PID=2552) to work on /home/airflow/.local/lib/python3.8/site-packages/airflow/example_dags/example_branch_labels.py
[2024-01-03T02:46:08.489+0000] {processor.py:830} INFO - Processing file /home/airflow/.local/lib/python3.8/site-packages/airflow/example_dags/example_branch_labels.py for tasks to queue
[2024-01-03T02:46:08.491+0000] {logging_mixin.py:188} INFO - [2024-01-03T02:46:08.491+0000] {dagbag.py:538} INFO - Filling up the DagBag from /home/airflow/.local/lib/python3.8/site-packages/airflow/example_dags/example_branch_labels.py
[2024-01-03T02:46:08.498+0000] {processor.py:840} INFO - DAG(s) 'example_branch_labels' retrieved from /home/airflow/.local/lib/python3.8/site-packages/airflow/example_dags/example_branch_labels.py
[2024-01-03T02:46:08.513+0000] {logging_mixin.py:188} INFO - [2024-01-03T02:46:08.513+0000] {dag.py:3033} INFO - Sync 1 DAGs
[2024-01-03T02:46:08.530+0000] {logging_mixin.py:188} INFO - [2024-01-03T02:46:08.529+0000] {dag.py:3820} INFO - Setting next_dagrun for example_branch_labels to 2024-01-02T00:00:00+00:00, run_after=2024-01-03T00:00:00+00:00
[2024-01-03T02:46:08.544+0000] {processor.py:183} INFO - Processing /home/airflow/.local/lib/python3.8/site-packages/airflow/example_dags/example_branch_labels.py took 0.059 seconds
[2024-01-03T02:46:39.748+0000] {processor.py:161} INFO - Started process (PID=2607) to work on /home/airflow/.local/lib/python3.8/site-packages/airflow/example_dags/example_branch_labels.py
[2024-01-03T02:46:39.748+0000] {processor.py:830} INFO - Processing file /home/airflow/.local/lib/python3.8/site-packages/airflow/example_dags/example_branch_labels.py for tasks to queue
[2024-01-03T02:46:39.750+0000] {logging_mixin.py:188} INFO - [2024-01-03T02:46:39.750+0000] {dagbag.py:538} INFO - Filling up the DagBag from /home/airflow/.local/lib/python3.8/site-packages/airflow/example_dags/example_branch_labels.py
[2024-01-03T02:46:39.755+0000] {processor.py:840} INFO - DAG(s) 'example_branch_labels' retrieved from /home/airflow/.local/lib/python3.8/site-packages/airflow/example_dags/example_branch_labels.py
[2024-01-03T02:46:39.865+0000] {logging_mixin.py:188} INFO - [2024-01-03T02:46:39.865+0000] {dag.py:3033} INFO - Sync 1 DAGs
[2024-01-03T02:46:39.880+0000] {logging_mixin.py:188} INFO - [2024-01-03T02:46:39.880+0000] {dag.py:3820} INFO - Setting next_dagrun for example_branch_labels to 2024-01-02T00:00:00+00:00, run_after=2024-01-03T00:00:00+00:00
[2024-01-03T02:46:39.893+0000] {processor.py:183} INFO - Processing /home/airflow/.local/lib/python3.8/site-packages/airflow/example_dags/example_branch_labels.py took 0.147 seconds
[2024-01-03T02:47:10.576+0000] {processor.py:161} INFO - Started process (PID=2661) to work on /home/airflow/.local/lib/python3.8/site-packages/airflow/example_dags/example_branch_labels.py
[2024-01-03T02:47:10.577+0000] {processor.py:830} INFO - Processing file /home/airflow/.local/lib/python3.8/site-packages/airflow/example_dags/example_branch_labels.py for tasks to queue
[2024-01-03T02:47:10.579+0000] {logging_mixin.py:188} INFO - [2024-01-03T02:47:10.578+0000] {dagbag.py:538} INFO - Filling up the DagBag from /home/airflow/.local/lib/python3.8/site-packages/airflow/example_dags/example_branch_labels.py
[2024-01-03T02:47:10.584+0000] {processor.py:840} INFO - DAG(s) 'example_branch_labels' retrieved from /home/airflow/.local/lib/python3.8/site-packages/airflow/example_dags/example_branch_labels.py
[2024-01-03T02:47:10.600+0000] {logging_mixin.py:188} INFO - [2024-01-03T02:47:10.600+0000] {dag.py:3033} INFO - Sync 1 DAGs
[2024-01-03T02:47:10.621+0000] {logging_mixin.py:188} INFO - [2024-01-03T02:47:10.621+0000] {dag.py:3820} INFO - Setting next_dagrun for example_branch_labels to 2024-01-02T00:00:00+00:00, run_after=2024-01-03T00:00:00+00:00
[2024-01-03T02:47:10.635+0000] {processor.py:183} INFO - Processing /home/airflow/.local/lib/python3.8/site-packages/airflow/example_dags/example_branch_labels.py took 0.061 seconds
