[2024-01-03T02:15:03.099+0000] {processor.py:161} INFO - Started process (PID=68) to work on /home/airflow/.local/lib/python3.8/site-packages/airflow/example_dags/example_task_group.py
[2024-01-03T02:15:03.100+0000] {processor.py:830} INFO - Processing file /home/airflow/.local/lib/python3.8/site-packages/airflow/example_dags/example_task_group.py for tasks to queue
[2024-01-03T02:15:03.103+0000] {logging_mixin.py:188} INFO - [2024-01-03T02:15:03.101+0000] {dagbag.py:538} INFO - Filling up the DagBag from /home/airflow/.local/lib/python3.8/site-packages/airflow/example_dags/example_task_group.py
[2024-01-03T02:15:03.138+0000] {processor.py:840} INFO - DAG(s) 'example_task_group' retrieved from /home/airflow/.local/lib/python3.8/site-packages/airflow/example_dags/example_task_group.py
[2024-01-03T02:16:09.637+0000] {processor.py:186} ERROR - Got an exception! Propagating...
Traceback (most recent call last):
  File "/home/airflow/.local/lib/python3.8/site-packages/sqlalchemy/engine/base.py", line 3371, in _wrap_pool_connect
    return fn()
  File "/home/airflow/.local/lib/python3.8/site-packages/sqlalchemy/pool/base.py", line 327, in connect
    return _ConnectionFairy._checkout(self)
  File "/home/airflow/.local/lib/python3.8/site-packages/sqlalchemy/pool/base.py", line 894, in _checkout
    fairy = _ConnectionRecord.checkout(pool)
  File "/home/airflow/.local/lib/python3.8/site-packages/sqlalchemy/pool/base.py", line 493, in checkout
    rec = pool._do_get()
  File "/home/airflow/.local/lib/python3.8/site-packages/sqlalchemy/pool/impl.py", line 146, in _do_get
    self._dec_overflow()
  File "/home/airflow/.local/lib/python3.8/site-packages/sqlalchemy/util/langhelpers.py", line 70, in __exit__
    compat.raise_(
  File "/home/airflow/.local/lib/python3.8/site-packages/sqlalchemy/util/compat.py", line 211, in raise_
    raise exception
  File "/home/airflow/.local/lib/python3.8/site-packages/sqlalchemy/pool/impl.py", line 143, in _do_get
    return self._create_connection()
  File "/home/airflow/.local/lib/python3.8/site-packages/sqlalchemy/pool/base.py", line 273, in _create_connection
    return _ConnectionRecord(self)
  File "/home/airflow/.local/lib/python3.8/site-packages/sqlalchemy/pool/base.py", line 388, in __init__
    self.__connect()
  File "/home/airflow/.local/lib/python3.8/site-packages/sqlalchemy/pool/base.py", line 691, in __connect
    pool.logger.debug("Error on connect(): %s", e)
  File "/home/airflow/.local/lib/python3.8/site-packages/sqlalchemy/util/langhelpers.py", line 70, in __exit__
    compat.raise_(
  File "/home/airflow/.local/lib/python3.8/site-packages/sqlalchemy/util/compat.py", line 211, in raise_
    raise exception
  File "/home/airflow/.local/lib/python3.8/site-packages/sqlalchemy/pool/base.py", line 686, in __connect
    self.dbapi_connection = connection = pool._invoke_creator(self)
  File "/home/airflow/.local/lib/python3.8/site-packages/sqlalchemy/engine/create.py", line 574, in connect
    return dialect.connect(*cargs, **cparams)
  File "/home/airflow/.local/lib/python3.8/site-packages/sqlalchemy/engine/default.py", line 598, in connect
    return self.dbapi.connect(*cargs, **cparams)
  File "/home/airflow/.local/lib/python3.8/site-packages/psycopg2/__init__.py", line 122, in connect
    conn = _connect(dsn, connection_factory=connection_factory, **kwasync)
psycopg2.OperationalError: could not translate host name "postgres" to address: Temporary failure in name resolution


The above exception was the direct cause of the following exception:

Traceback (most recent call last):
  File "/home/airflow/.local/lib/python3.8/site-packages/airflow/dag_processing/processor.py", line 182, in _run_file_processor
    _handle_dag_file_processing()
  File "/home/airflow/.local/lib/python3.8/site-packages/airflow/dag_processing/processor.py", line 163, in _handle_dag_file_processing
    result: tuple[int, int] = dag_file_processor.process_file(
  File "/home/airflow/.local/lib/python3.8/site-packages/airflow/utils/session.py", line 79, in wrapper
    return func(*args, session=session, **kwargs)
  File "/home/airflow/.local/lib/python3.8/site-packages/airflow/dag_processing/processor.py", line 859, in process_file
    serialize_errors = DagFileProcessor.save_dag_to_db(
  File "/home/airflow/.local/lib/python3.8/site-packages/airflow/api_internal/internal_api_call.py", line 114, in wrapper
    return func(*args, **kwargs)
  File "/home/airflow/.local/lib/python3.8/site-packages/airflow/utils/session.py", line 79, in wrapper
    return func(*args, session=session, **kwargs)
  File "/home/airflow/.local/lib/python3.8/site-packages/airflow/dag_processing/processor.py", line 895, in save_dag_to_db
    import_errors = DagBag._sync_to_db(dags=dags, processor_subdir=dag_directory, session=session)
  File "/home/airflow/.local/lib/python3.8/site-packages/airflow/utils/session.py", line 76, in wrapper
    return func(*args, **kwargs)
  File "/home/airflow/.local/lib/python3.8/site-packages/airflow/models/dagbag.py", line 657, in _sync_to_db
    for attempt in run_with_db_retries(logger=log):
  File "/home/airflow/.local/lib/python3.8/site-packages/tenacity/__init__.py", line 347, in __iter__
    do = self.iter(retry_state=retry_state)
  File "/home/airflow/.local/lib/python3.8/site-packages/tenacity/__init__.py", line 325, in iter
    raise retry_exc.reraise()
  File "/home/airflow/.local/lib/python3.8/site-packages/tenacity/__init__.py", line 158, in reraise
    raise self.last_attempt.result()
  File "/usr/local/lib/python3.8/concurrent/futures/_base.py", line 437, in result
    return self.__get_result()
  File "/usr/local/lib/python3.8/concurrent/futures/_base.py", line 389, in __get_result
    raise self._exception
  File "/home/airflow/.local/lib/python3.8/site-packages/airflow/models/dagbag.py", line 670, in _sync_to_db
    _serialize_dag_capturing_errors(dag, session, processor_subdir)
  File "/home/airflow/.local/lib/python3.8/site-packages/airflow/models/dagbag.py", line 635, in _serialize_dag_capturing_errors
    dag_was_updated = SerializedDagModel.write_dag(
  File "/home/airflow/.local/lib/python3.8/site-packages/airflow/utils/session.py", line 76, in wrapper
    return func(*args, **kwargs)
  File "/home/airflow/.local/lib/python3.8/site-packages/airflow/models/serialized_dag.py", line 157, in write_dag
    if session.scalar(
  File "/home/airflow/.local/lib/python3.8/site-packages/sqlalchemy/orm/session.py", line 1747, in scalar
    return self.execute(
  File "/home/airflow/.local/lib/python3.8/site-packages/sqlalchemy/orm/session.py", line 1716, in execute
    conn = self._connection_for_bind(bind)
  File "/home/airflow/.local/lib/python3.8/site-packages/sqlalchemy/orm/session.py", line 1555, in _connection_for_bind
    return self._transaction._connection_for_bind(
  File "/home/airflow/.local/lib/python3.8/site-packages/sqlalchemy/orm/session.py", line 750, in _connection_for_bind
    conn = bind.connect()
  File "/home/airflow/.local/lib/python3.8/site-packages/sqlalchemy/future/engine.py", line 406, in connect
    return super(Engine, self).connect()
  File "/home/airflow/.local/lib/python3.8/site-packages/sqlalchemy/engine/base.py", line 3325, in connect
    return self._connection_cls(self, close_with_result=close_with_result)
  File "/home/airflow/.local/lib/python3.8/site-packages/sqlalchemy/engine/base.py", line 96, in __init__
    else engine.raw_connection()
  File "/home/airflow/.local/lib/python3.8/site-packages/sqlalchemy/engine/base.py", line 3404, in raw_connection
    return self._wrap_pool_connect(self.pool.connect, _connection)
  File "/home/airflow/.local/lib/python3.8/site-packages/sqlalchemy/engine/base.py", line 3374, in _wrap_pool_connect
    Connection._handle_dbapi_exception_noconnection(
  File "/home/airflow/.local/lib/python3.8/site-packages/sqlalchemy/engine/base.py", line 2208, in _handle_dbapi_exception_noconnection
    util.raise_(
  File "/home/airflow/.local/lib/python3.8/site-packages/sqlalchemy/util/compat.py", line 211, in raise_
    raise exception
  File "/home/airflow/.local/lib/python3.8/site-packages/sqlalchemy/engine/base.py", line 3371, in _wrap_pool_connect
    return fn()
  File "/home/airflow/.local/lib/python3.8/site-packages/sqlalchemy/pool/base.py", line 327, in connect
    return _ConnectionFairy._checkout(self)
  File "/home/airflow/.local/lib/python3.8/site-packages/sqlalchemy/pool/base.py", line 894, in _checkout
    fairy = _ConnectionRecord.checkout(pool)
  File "/home/airflow/.local/lib/python3.8/site-packages/sqlalchemy/pool/base.py", line 493, in checkout
    rec = pool._do_get()
  File "/home/airflow/.local/lib/python3.8/site-packages/sqlalchemy/pool/impl.py", line 146, in _do_get
    self._dec_overflow()
  File "/home/airflow/.local/lib/python3.8/site-packages/sqlalchemy/util/langhelpers.py", line 70, in __exit__
    compat.raise_(
  File "/home/airflow/.local/lib/python3.8/site-packages/sqlalchemy/util/compat.py", line 211, in raise_
    raise exception
  File "/home/airflow/.local/lib/python3.8/site-packages/sqlalchemy/pool/impl.py", line 143, in _do_get
    return self._create_connection()
  File "/home/airflow/.local/lib/python3.8/site-packages/sqlalchemy/pool/base.py", line 273, in _create_connection
    return _ConnectionRecord(self)
  File "/home/airflow/.local/lib/python3.8/site-packages/sqlalchemy/pool/base.py", line 388, in __init__
    self.__connect()
  File "/home/airflow/.local/lib/python3.8/site-packages/sqlalchemy/pool/base.py", line 691, in __connect
    pool.logger.debug("Error on connect(): %s", e)
  File "/home/airflow/.local/lib/python3.8/site-packages/sqlalchemy/util/langhelpers.py", line 70, in __exit__
    compat.raise_(
  File "/home/airflow/.local/lib/python3.8/site-packages/sqlalchemy/util/compat.py", line 211, in raise_
    raise exception
  File "/home/airflow/.local/lib/python3.8/site-packages/sqlalchemy/pool/base.py", line 686, in __connect
    self.dbapi_connection = connection = pool._invoke_creator(self)
  File "/home/airflow/.local/lib/python3.8/site-packages/sqlalchemy/engine/create.py", line 574, in connect
    return dialect.connect(*cargs, **cparams)
  File "/home/airflow/.local/lib/python3.8/site-packages/sqlalchemy/engine/default.py", line 598, in connect
    return self.dbapi.connect(*cargs, **cparams)
  File "/home/airflow/.local/lib/python3.8/site-packages/psycopg2/__init__.py", line 122, in connect
    conn = _connect(dsn, connection_factory=connection_factory, **kwasync)
sqlalchemy.exc.OperationalError: (psycopg2.OperationalError) could not translate host name "postgres" to address: Temporary failure in name resolution

(Background on this error at: https://sqlalche.me/e/14/e3q8)
[2024-01-03T02:18:55.464+0000] {processor.py:161} INFO - Started process (PID=61) to work on /home/airflow/.local/lib/python3.8/site-packages/airflow/example_dags/example_task_group.py
[2024-01-03T02:18:55.465+0000] {processor.py:830} INFO - Processing file /home/airflow/.local/lib/python3.8/site-packages/airflow/example_dags/example_task_group.py for tasks to queue
[2024-01-03T02:18:55.466+0000] {logging_mixin.py:188} INFO - [2024-01-03T02:18:55.466+0000] {dagbag.py:538} INFO - Filling up the DagBag from /home/airflow/.local/lib/python3.8/site-packages/airflow/example_dags/example_task_group.py
[2024-01-03T02:18:55.471+0000] {processor.py:840} INFO - DAG(s) 'example_task_group' retrieved from /home/airflow/.local/lib/python3.8/site-packages/airflow/example_dags/example_task_group.py
[2024-01-03T02:18:55.546+0000] {logging_mixin.py:188} INFO - [2024-01-03T02:18:55.546+0000] {dag.py:3033} INFO - Sync 1 DAGs
[2024-01-03T02:18:55.562+0000] {logging_mixin.py:188} INFO - [2024-01-03T02:18:55.562+0000] {dag.py:3820} INFO - Setting next_dagrun for example_task_group to 2024-01-02T00:00:00+00:00, run_after=2024-01-03T00:00:00+00:00
[2024-01-03T02:18:55.575+0000] {processor.py:183} INFO - Processing /home/airflow/.local/lib/python3.8/site-packages/airflow/example_dags/example_task_group.py took 0.113 seconds
[2024-01-03T02:19:25.845+0000] {processor.py:161} INFO - Started process (PID=116) to work on /home/airflow/.local/lib/python3.8/site-packages/airflow/example_dags/example_task_group.py
[2024-01-03T02:19:25.846+0000] {processor.py:830} INFO - Processing file /home/airflow/.local/lib/python3.8/site-packages/airflow/example_dags/example_task_group.py for tasks to queue
[2024-01-03T02:19:25.847+0000] {logging_mixin.py:188} INFO - [2024-01-03T02:19:25.847+0000] {dagbag.py:538} INFO - Filling up the DagBag from /home/airflow/.local/lib/python3.8/site-packages/airflow/example_dags/example_task_group.py
[2024-01-03T02:19:25.852+0000] {processor.py:840} INFO - DAG(s) 'example_task_group' retrieved from /home/airflow/.local/lib/python3.8/site-packages/airflow/example_dags/example_task_group.py
[2024-01-03T02:19:25.866+0000] {logging_mixin.py:188} INFO - [2024-01-03T02:19:25.865+0000] {dag.py:3033} INFO - Sync 1 DAGs
[2024-01-03T02:19:25.881+0000] {logging_mixin.py:188} INFO - [2024-01-03T02:19:25.881+0000] {dag.py:3820} INFO - Setting next_dagrun for example_task_group to 2024-01-02T00:00:00+00:00, run_after=2024-01-03T00:00:00+00:00
[2024-01-03T02:19:25.895+0000] {processor.py:183} INFO - Processing /home/airflow/.local/lib/python3.8/site-packages/airflow/example_dags/example_task_group.py took 0.052 seconds
[2024-01-03T02:19:56.055+0000] {processor.py:161} INFO - Started process (PID=171) to work on /home/airflow/.local/lib/python3.8/site-packages/airflow/example_dags/example_task_group.py
[2024-01-03T02:19:56.056+0000] {processor.py:830} INFO - Processing file /home/airflow/.local/lib/python3.8/site-packages/airflow/example_dags/example_task_group.py for tasks to queue
[2024-01-03T02:19:56.058+0000] {logging_mixin.py:188} INFO - [2024-01-03T02:19:56.057+0000] {dagbag.py:538} INFO - Filling up the DagBag from /home/airflow/.local/lib/python3.8/site-packages/airflow/example_dags/example_task_group.py
[2024-01-03T02:19:56.062+0000] {processor.py:840} INFO - DAG(s) 'example_task_group' retrieved from /home/airflow/.local/lib/python3.8/site-packages/airflow/example_dags/example_task_group.py
[2024-01-03T02:19:56.077+0000] {logging_mixin.py:188} INFO - [2024-01-03T02:19:56.077+0000] {dag.py:3033} INFO - Sync 1 DAGs
[2024-01-03T02:19:56.092+0000] {logging_mixin.py:188} INFO - [2024-01-03T02:19:56.092+0000] {dag.py:3820} INFO - Setting next_dagrun for example_task_group to 2024-01-02T00:00:00+00:00, run_after=2024-01-03T00:00:00+00:00
[2024-01-03T02:19:56.105+0000] {processor.py:183} INFO - Processing /home/airflow/.local/lib/python3.8/site-packages/airflow/example_dags/example_task_group.py took 0.051 seconds
[2024-01-03T02:20:26.153+0000] {processor.py:161} INFO - Started process (PID=226) to work on /home/airflow/.local/lib/python3.8/site-packages/airflow/example_dags/example_task_group.py
[2024-01-03T02:20:26.154+0000] {processor.py:830} INFO - Processing file /home/airflow/.local/lib/python3.8/site-packages/airflow/example_dags/example_task_group.py for tasks to queue
[2024-01-03T02:20:26.155+0000] {logging_mixin.py:188} INFO - [2024-01-03T02:20:26.155+0000] {dagbag.py:538} INFO - Filling up the DagBag from /home/airflow/.local/lib/python3.8/site-packages/airflow/example_dags/example_task_group.py
[2024-01-03T02:20:26.160+0000] {processor.py:840} INFO - DAG(s) 'example_task_group' retrieved from /home/airflow/.local/lib/python3.8/site-packages/airflow/example_dags/example_task_group.py
[2024-01-03T02:20:26.168+0000] {logging_mixin.py:188} INFO - [2024-01-03T02:20:26.168+0000] {dag.py:3033} INFO - Sync 1 DAGs
[2024-01-03T02:20:26.187+0000] {logging_mixin.py:188} INFO - [2024-01-03T02:20:26.187+0000] {dag.py:3820} INFO - Setting next_dagrun for example_task_group to 2024-01-02T00:00:00+00:00, run_after=2024-01-03T00:00:00+00:00
[2024-01-03T02:20:26.200+0000] {processor.py:183} INFO - Processing /home/airflow/.local/lib/python3.8/site-packages/airflow/example_dags/example_task_group.py took 0.049 seconds
[2024-01-03T02:20:56.838+0000] {processor.py:161} INFO - Started process (PID=281) to work on /home/airflow/.local/lib/python3.8/site-packages/airflow/example_dags/example_task_group.py
[2024-01-03T02:20:56.839+0000] {processor.py:830} INFO - Processing file /home/airflow/.local/lib/python3.8/site-packages/airflow/example_dags/example_task_group.py for tasks to queue
[2024-01-03T02:20:56.841+0000] {logging_mixin.py:188} INFO - [2024-01-03T02:20:56.840+0000] {dagbag.py:538} INFO - Filling up the DagBag from /home/airflow/.local/lib/python3.8/site-packages/airflow/example_dags/example_task_group.py
[2024-01-03T02:20:56.846+0000] {processor.py:840} INFO - DAG(s) 'example_task_group' retrieved from /home/airflow/.local/lib/python3.8/site-packages/airflow/example_dags/example_task_group.py
[2024-01-03T02:20:56.854+0000] {logging_mixin.py:188} INFO - [2024-01-03T02:20:56.854+0000] {dag.py:3033} INFO - Sync 1 DAGs
[2024-01-03T02:20:56.871+0000] {logging_mixin.py:188} INFO - [2024-01-03T02:20:56.870+0000] {dag.py:3820} INFO - Setting next_dagrun for example_task_group to 2024-01-02T00:00:00+00:00, run_after=2024-01-03T00:00:00+00:00
[2024-01-03T02:20:56.883+0000] {processor.py:183} INFO - Processing /home/airflow/.local/lib/python3.8/site-packages/airflow/example_dags/example_task_group.py took 0.047 seconds
[2024-01-03T02:21:28.248+0000] {processor.py:161} INFO - Started process (PID=336) to work on /home/airflow/.local/lib/python3.8/site-packages/airflow/example_dags/example_task_group.py
[2024-01-03T02:21:28.249+0000] {processor.py:830} INFO - Processing file /home/airflow/.local/lib/python3.8/site-packages/airflow/example_dags/example_task_group.py for tasks to queue
[2024-01-03T02:21:28.250+0000] {logging_mixin.py:188} INFO - [2024-01-03T02:21:28.250+0000] {dagbag.py:538} INFO - Filling up the DagBag from /home/airflow/.local/lib/python3.8/site-packages/airflow/example_dags/example_task_group.py
[2024-01-03T02:21:28.255+0000] {processor.py:840} INFO - DAG(s) 'example_task_group' retrieved from /home/airflow/.local/lib/python3.8/site-packages/airflow/example_dags/example_task_group.py
[2024-01-03T02:21:28.323+0000] {logging_mixin.py:188} INFO - [2024-01-03T02:21:28.323+0000] {dag.py:3033} INFO - Sync 1 DAGs
[2024-01-03T02:21:28.338+0000] {logging_mixin.py:188} INFO - [2024-01-03T02:21:28.338+0000] {dag.py:3820} INFO - Setting next_dagrun for example_task_group to 2024-01-02T00:00:00+00:00, run_after=2024-01-03T00:00:00+00:00
[2024-01-03T02:21:28.351+0000] {processor.py:183} INFO - Processing /home/airflow/.local/lib/python3.8/site-packages/airflow/example_dags/example_task_group.py took 0.105 seconds
[2024-01-03T02:21:58.753+0000] {processor.py:161} INFO - Started process (PID=391) to work on /home/airflow/.local/lib/python3.8/site-packages/airflow/example_dags/example_task_group.py
[2024-01-03T02:21:58.754+0000] {processor.py:830} INFO - Processing file /home/airflow/.local/lib/python3.8/site-packages/airflow/example_dags/example_task_group.py for tasks to queue
[2024-01-03T02:21:58.756+0000] {logging_mixin.py:188} INFO - [2024-01-03T02:21:58.755+0000] {dagbag.py:538} INFO - Filling up the DagBag from /home/airflow/.local/lib/python3.8/site-packages/airflow/example_dags/example_task_group.py
[2024-01-03T02:21:58.761+0000] {processor.py:840} INFO - DAG(s) 'example_task_group' retrieved from /home/airflow/.local/lib/python3.8/site-packages/airflow/example_dags/example_task_group.py
[2024-01-03T02:21:58.776+0000] {logging_mixin.py:188} INFO - [2024-01-03T02:21:58.776+0000] {dag.py:3033} INFO - Sync 1 DAGs
[2024-01-03T02:21:58.792+0000] {logging_mixin.py:188} INFO - [2024-01-03T02:21:58.792+0000] {dag.py:3820} INFO - Setting next_dagrun for example_task_group to 2024-01-02T00:00:00+00:00, run_after=2024-01-03T00:00:00+00:00
[2024-01-03T02:21:58.805+0000] {processor.py:183} INFO - Processing /home/airflow/.local/lib/python3.8/site-packages/airflow/example_dags/example_task_group.py took 0.054 seconds
[2024-01-03T02:22:29.043+0000] {processor.py:161} INFO - Started process (PID=446) to work on /home/airflow/.local/lib/python3.8/site-packages/airflow/example_dags/example_task_group.py
[2024-01-03T02:22:29.044+0000] {processor.py:830} INFO - Processing file /home/airflow/.local/lib/python3.8/site-packages/airflow/example_dags/example_task_group.py for tasks to queue
[2024-01-03T02:22:29.046+0000] {logging_mixin.py:188} INFO - [2024-01-03T02:22:29.046+0000] {dagbag.py:538} INFO - Filling up the DagBag from /home/airflow/.local/lib/python3.8/site-packages/airflow/example_dags/example_task_group.py
[2024-01-03T02:22:29.052+0000] {processor.py:840} INFO - DAG(s) 'example_task_group' retrieved from /home/airflow/.local/lib/python3.8/site-packages/airflow/example_dags/example_task_group.py
[2024-01-03T02:22:29.067+0000] {logging_mixin.py:188} INFO - [2024-01-03T02:22:29.066+0000] {dag.py:3033} INFO - Sync 1 DAGs
[2024-01-03T02:22:29.082+0000] {logging_mixin.py:188} INFO - [2024-01-03T02:22:29.082+0000] {dag.py:3820} INFO - Setting next_dagrun for example_task_group to 2024-01-02T00:00:00+00:00, run_after=2024-01-03T00:00:00+00:00
[2024-01-03T02:22:29.094+0000] {processor.py:183} INFO - Processing /home/airflow/.local/lib/python3.8/site-packages/airflow/example_dags/example_task_group.py took 0.053 seconds
[2024-01-03T02:22:59.300+0000] {processor.py:161} INFO - Started process (PID=501) to work on /home/airflow/.local/lib/python3.8/site-packages/airflow/example_dags/example_task_group.py
[2024-01-03T02:22:59.301+0000] {processor.py:830} INFO - Processing file /home/airflow/.local/lib/python3.8/site-packages/airflow/example_dags/example_task_group.py for tasks to queue
[2024-01-03T02:22:59.302+0000] {logging_mixin.py:188} INFO - [2024-01-03T02:22:59.302+0000] {dagbag.py:538} INFO - Filling up the DagBag from /home/airflow/.local/lib/python3.8/site-packages/airflow/example_dags/example_task_group.py
[2024-01-03T02:22:59.306+0000] {processor.py:840} INFO - DAG(s) 'example_task_group' retrieved from /home/airflow/.local/lib/python3.8/site-packages/airflow/example_dags/example_task_group.py
[2024-01-03T02:22:59.320+0000] {logging_mixin.py:188} INFO - [2024-01-03T02:22:59.320+0000] {dag.py:3033} INFO - Sync 1 DAGs
[2024-01-03T02:22:59.333+0000] {logging_mixin.py:188} INFO - [2024-01-03T02:22:59.333+0000] {dag.py:3820} INFO - Setting next_dagrun for example_task_group to 2024-01-02T00:00:00+00:00, run_after=2024-01-03T00:00:00+00:00
[2024-01-03T02:22:59.344+0000] {processor.py:183} INFO - Processing /home/airflow/.local/lib/python3.8/site-packages/airflow/example_dags/example_task_group.py took 0.046 seconds
[2024-01-03T02:23:29.586+0000] {processor.py:161} INFO - Started process (PID=556) to work on /home/airflow/.local/lib/python3.8/site-packages/airflow/example_dags/example_task_group.py
[2024-01-03T02:23:29.587+0000] {processor.py:830} INFO - Processing file /home/airflow/.local/lib/python3.8/site-packages/airflow/example_dags/example_task_group.py for tasks to queue
[2024-01-03T02:23:29.589+0000] {logging_mixin.py:188} INFO - [2024-01-03T02:23:29.588+0000] {dagbag.py:538} INFO - Filling up the DagBag from /home/airflow/.local/lib/python3.8/site-packages/airflow/example_dags/example_task_group.py
[2024-01-03T02:23:29.593+0000] {processor.py:840} INFO - DAG(s) 'example_task_group' retrieved from /home/airflow/.local/lib/python3.8/site-packages/airflow/example_dags/example_task_group.py
[2024-01-03T02:23:29.608+0000] {logging_mixin.py:188} INFO - [2024-01-03T02:23:29.608+0000] {dag.py:3033} INFO - Sync 1 DAGs
[2024-01-03T02:23:29.623+0000] {logging_mixin.py:188} INFO - [2024-01-03T02:23:29.623+0000] {dag.py:3820} INFO - Setting next_dagrun for example_task_group to 2024-01-02T00:00:00+00:00, run_after=2024-01-03T00:00:00+00:00
[2024-01-03T02:23:29.635+0000] {processor.py:183} INFO - Processing /home/airflow/.local/lib/python3.8/site-packages/airflow/example_dags/example_task_group.py took 0.051 seconds
[2024-01-03T02:23:59.815+0000] {processor.py:161} INFO - Started process (PID=611) to work on /home/airflow/.local/lib/python3.8/site-packages/airflow/example_dags/example_task_group.py
[2024-01-03T02:23:59.816+0000] {processor.py:830} INFO - Processing file /home/airflow/.local/lib/python3.8/site-packages/airflow/example_dags/example_task_group.py for tasks to queue
[2024-01-03T02:23:59.817+0000] {logging_mixin.py:188} INFO - [2024-01-03T02:23:59.817+0000] {dagbag.py:538} INFO - Filling up the DagBag from /home/airflow/.local/lib/python3.8/site-packages/airflow/example_dags/example_task_group.py
[2024-01-03T02:23:59.822+0000] {processor.py:840} INFO - DAG(s) 'example_task_group' retrieved from /home/airflow/.local/lib/python3.8/site-packages/airflow/example_dags/example_task_group.py
[2024-01-03T02:23:59.837+0000] {logging_mixin.py:188} INFO - [2024-01-03T02:23:59.837+0000] {dag.py:3033} INFO - Sync 1 DAGs
[2024-01-03T02:23:59.853+0000] {logging_mixin.py:188} INFO - [2024-01-03T02:23:59.853+0000] {dag.py:3820} INFO - Setting next_dagrun for example_task_group to 2024-01-02T00:00:00+00:00, run_after=2024-01-03T00:00:00+00:00
[2024-01-03T02:23:59.868+0000] {processor.py:183} INFO - Processing /home/airflow/.local/lib/python3.8/site-packages/airflow/example_dags/example_task_group.py took 0.055 seconds
[2024-01-03T02:24:30.681+0000] {processor.py:161} INFO - Started process (PID=666) to work on /home/airflow/.local/lib/python3.8/site-packages/airflow/example_dags/example_task_group.py
[2024-01-03T02:24:30.682+0000] {processor.py:830} INFO - Processing file /home/airflow/.local/lib/python3.8/site-packages/airflow/example_dags/example_task_group.py for tasks to queue
[2024-01-03T02:24:30.683+0000] {logging_mixin.py:188} INFO - [2024-01-03T02:24:30.683+0000] {dagbag.py:538} INFO - Filling up the DagBag from /home/airflow/.local/lib/python3.8/site-packages/airflow/example_dags/example_task_group.py
[2024-01-03T02:24:30.688+0000] {processor.py:840} INFO - DAG(s) 'example_task_group' retrieved from /home/airflow/.local/lib/python3.8/site-packages/airflow/example_dags/example_task_group.py
[2024-01-03T02:24:30.702+0000] {logging_mixin.py:188} INFO - [2024-01-03T02:24:30.702+0000] {dag.py:3033} INFO - Sync 1 DAGs
[2024-01-03T02:24:30.716+0000] {logging_mixin.py:188} INFO - [2024-01-03T02:24:30.716+0000] {dag.py:3820} INFO - Setting next_dagrun for example_task_group to 2024-01-02T00:00:00+00:00, run_after=2024-01-03T00:00:00+00:00
[2024-01-03T02:24:30.727+0000] {processor.py:183} INFO - Processing /home/airflow/.local/lib/python3.8/site-packages/airflow/example_dags/example_task_group.py took 0.048 seconds
[2024-01-03T02:25:01.493+0000] {processor.py:161} INFO - Started process (PID=721) to work on /home/airflow/.local/lib/python3.8/site-packages/airflow/example_dags/example_task_group.py
[2024-01-03T02:25:01.494+0000] {processor.py:830} INFO - Processing file /home/airflow/.local/lib/python3.8/site-packages/airflow/example_dags/example_task_group.py for tasks to queue
[2024-01-03T02:25:01.495+0000] {logging_mixin.py:188} INFO - [2024-01-03T02:25:01.495+0000] {dagbag.py:538} INFO - Filling up the DagBag from /home/airflow/.local/lib/python3.8/site-packages/airflow/example_dags/example_task_group.py
[2024-01-03T02:25:01.500+0000] {processor.py:840} INFO - DAG(s) 'example_task_group' retrieved from /home/airflow/.local/lib/python3.8/site-packages/airflow/example_dags/example_task_group.py
[2024-01-03T02:25:01.514+0000] {logging_mixin.py:188} INFO - [2024-01-03T02:25:01.514+0000] {dag.py:3033} INFO - Sync 1 DAGs
[2024-01-03T02:25:01.529+0000] {logging_mixin.py:188} INFO - [2024-01-03T02:25:01.529+0000] {dag.py:3820} INFO - Setting next_dagrun for example_task_group to 2024-01-02T00:00:00+00:00, run_after=2024-01-03T00:00:00+00:00
[2024-01-03T02:25:01.541+0000] {processor.py:183} INFO - Processing /home/airflow/.local/lib/python3.8/site-packages/airflow/example_dags/example_task_group.py took 0.050 seconds
[2024-01-03T02:25:31.626+0000] {processor.py:161} INFO - Started process (PID=776) to work on /home/airflow/.local/lib/python3.8/site-packages/airflow/example_dags/example_task_group.py
[2024-01-03T02:25:31.627+0000] {processor.py:830} INFO - Processing file /home/airflow/.local/lib/python3.8/site-packages/airflow/example_dags/example_task_group.py for tasks to queue
[2024-01-03T02:25:31.628+0000] {logging_mixin.py:188} INFO - [2024-01-03T02:25:31.628+0000] {dagbag.py:538} INFO - Filling up the DagBag from /home/airflow/.local/lib/python3.8/site-packages/airflow/example_dags/example_task_group.py
[2024-01-03T02:25:31.633+0000] {processor.py:840} INFO - DAG(s) 'example_task_group' retrieved from /home/airflow/.local/lib/python3.8/site-packages/airflow/example_dags/example_task_group.py
[2024-01-03T02:25:31.647+0000] {logging_mixin.py:188} INFO - [2024-01-03T02:25:31.646+0000] {dag.py:3033} INFO - Sync 1 DAGs
[2024-01-03T02:25:31.661+0000] {logging_mixin.py:188} INFO - [2024-01-03T02:25:31.661+0000] {dag.py:3820} INFO - Setting next_dagrun for example_task_group to 2024-01-02T00:00:00+00:00, run_after=2024-01-03T00:00:00+00:00
[2024-01-03T02:25:31.673+0000] {processor.py:183} INFO - Processing /home/airflow/.local/lib/python3.8/site-packages/airflow/example_dags/example_task_group.py took 0.049 seconds
[2024-01-03T02:26:01.893+0000] {processor.py:161} INFO - Started process (PID=831) to work on /home/airflow/.local/lib/python3.8/site-packages/airflow/example_dags/example_task_group.py
[2024-01-03T02:26:01.894+0000] {processor.py:830} INFO - Processing file /home/airflow/.local/lib/python3.8/site-packages/airflow/example_dags/example_task_group.py for tasks to queue
[2024-01-03T02:26:01.895+0000] {logging_mixin.py:188} INFO - [2024-01-03T02:26:01.895+0000] {dagbag.py:538} INFO - Filling up the DagBag from /home/airflow/.local/lib/python3.8/site-packages/airflow/example_dags/example_task_group.py
[2024-01-03T02:26:01.900+0000] {processor.py:840} INFO - DAG(s) 'example_task_group' retrieved from /home/airflow/.local/lib/python3.8/site-packages/airflow/example_dags/example_task_group.py
[2024-01-03T02:26:01.913+0000] {logging_mixin.py:188} INFO - [2024-01-03T02:26:01.913+0000] {dag.py:3033} INFO - Sync 1 DAGs
[2024-01-03T02:26:01.929+0000] {logging_mixin.py:188} INFO - [2024-01-03T02:26:01.929+0000] {dag.py:3820} INFO - Setting next_dagrun for example_task_group to 2024-01-02T00:00:00+00:00, run_after=2024-01-03T00:00:00+00:00
[2024-01-03T02:26:01.942+0000] {processor.py:183} INFO - Processing /home/airflow/.local/lib/python3.8/site-packages/airflow/example_dags/example_task_group.py took 0.050 seconds
[2024-01-03T02:26:31.989+0000] {processor.py:161} INFO - Started process (PID=886) to work on /home/airflow/.local/lib/python3.8/site-packages/airflow/example_dags/example_task_group.py
[2024-01-03T02:26:31.990+0000] {processor.py:830} INFO - Processing file /home/airflow/.local/lib/python3.8/site-packages/airflow/example_dags/example_task_group.py for tasks to queue
[2024-01-03T02:26:31.991+0000] {logging_mixin.py:188} INFO - [2024-01-03T02:26:31.991+0000] {dagbag.py:538} INFO - Filling up the DagBag from /home/airflow/.local/lib/python3.8/site-packages/airflow/example_dags/example_task_group.py
[2024-01-03T02:26:31.996+0000] {processor.py:840} INFO - DAG(s) 'example_task_group' retrieved from /home/airflow/.local/lib/python3.8/site-packages/airflow/example_dags/example_task_group.py
[2024-01-03T02:26:32.011+0000] {logging_mixin.py:188} INFO - [2024-01-03T02:26:32.011+0000] {dag.py:3033} INFO - Sync 1 DAGs
[2024-01-03T02:26:32.029+0000] {logging_mixin.py:188} INFO - [2024-01-03T02:26:32.029+0000] {dag.py:3820} INFO - Setting next_dagrun for example_task_group to 2024-01-02T00:00:00+00:00, run_after=2024-01-03T00:00:00+00:00
[2024-01-03T02:26:32.043+0000] {processor.py:183} INFO - Processing /home/airflow/.local/lib/python3.8/site-packages/airflow/example_dags/example_task_group.py took 0.056 seconds
[2024-01-03T02:27:02.729+0000] {processor.py:161} INFO - Started process (PID=941) to work on /home/airflow/.local/lib/python3.8/site-packages/airflow/example_dags/example_task_group.py
[2024-01-03T02:27:02.730+0000] {processor.py:830} INFO - Processing file /home/airflow/.local/lib/python3.8/site-packages/airflow/example_dags/example_task_group.py for tasks to queue
[2024-01-03T02:27:02.732+0000] {logging_mixin.py:188} INFO - [2024-01-03T02:27:02.731+0000] {dagbag.py:538} INFO - Filling up the DagBag from /home/airflow/.local/lib/python3.8/site-packages/airflow/example_dags/example_task_group.py
[2024-01-03T02:27:02.736+0000] {processor.py:840} INFO - DAG(s) 'example_task_group' retrieved from /home/airflow/.local/lib/python3.8/site-packages/airflow/example_dags/example_task_group.py
[2024-01-03T02:27:02.750+0000] {logging_mixin.py:188} INFO - [2024-01-03T02:27:02.750+0000] {dag.py:3033} INFO - Sync 1 DAGs
[2024-01-03T02:27:02.766+0000] {logging_mixin.py:188} INFO - [2024-01-03T02:27:02.765+0000] {dag.py:3820} INFO - Setting next_dagrun for example_task_group to 2024-01-02T00:00:00+00:00, run_after=2024-01-03T00:00:00+00:00
[2024-01-03T02:27:02.778+0000] {processor.py:183} INFO - Processing /home/airflow/.local/lib/python3.8/site-packages/airflow/example_dags/example_task_group.py took 0.051 seconds
[2024-01-03T02:27:33.578+0000] {processor.py:161} INFO - Started process (PID=996) to work on /home/airflow/.local/lib/python3.8/site-packages/airflow/example_dags/example_task_group.py
[2024-01-03T02:27:33.579+0000] {processor.py:830} INFO - Processing file /home/airflow/.local/lib/python3.8/site-packages/airflow/example_dags/example_task_group.py for tasks to queue
[2024-01-03T02:27:33.580+0000] {logging_mixin.py:188} INFO - [2024-01-03T02:27:33.580+0000] {dagbag.py:538} INFO - Filling up the DagBag from /home/airflow/.local/lib/python3.8/site-packages/airflow/example_dags/example_task_group.py
[2024-01-03T02:27:33.585+0000] {processor.py:840} INFO - DAG(s) 'example_task_group' retrieved from /home/airflow/.local/lib/python3.8/site-packages/airflow/example_dags/example_task_group.py
[2024-01-03T02:27:33.598+0000] {logging_mixin.py:188} INFO - [2024-01-03T02:27:33.598+0000] {dag.py:3033} INFO - Sync 1 DAGs
[2024-01-03T02:27:33.612+0000] {logging_mixin.py:188} INFO - [2024-01-03T02:27:33.612+0000] {dag.py:3820} INFO - Setting next_dagrun for example_task_group to 2024-01-02T00:00:00+00:00, run_after=2024-01-03T00:00:00+00:00
[2024-01-03T02:27:33.624+0000] {processor.py:183} INFO - Processing /home/airflow/.local/lib/python3.8/site-packages/airflow/example_dags/example_task_group.py took 0.047 seconds
[2024-01-03T02:28:04.409+0000] {processor.py:161} INFO - Started process (PID=1051) to work on /home/airflow/.local/lib/python3.8/site-packages/airflow/example_dags/example_task_group.py
[2024-01-03T02:28:04.410+0000] {processor.py:830} INFO - Processing file /home/airflow/.local/lib/python3.8/site-packages/airflow/example_dags/example_task_group.py for tasks to queue
[2024-01-03T02:28:04.411+0000] {logging_mixin.py:188} INFO - [2024-01-03T02:28:04.411+0000] {dagbag.py:538} INFO - Filling up the DagBag from /home/airflow/.local/lib/python3.8/site-packages/airflow/example_dags/example_task_group.py
[2024-01-03T02:28:04.416+0000] {processor.py:840} INFO - DAG(s) 'example_task_group' retrieved from /home/airflow/.local/lib/python3.8/site-packages/airflow/example_dags/example_task_group.py
[2024-01-03T02:28:04.429+0000] {logging_mixin.py:188} INFO - [2024-01-03T02:28:04.429+0000] {dag.py:3033} INFO - Sync 1 DAGs
[2024-01-03T02:28:04.444+0000] {logging_mixin.py:188} INFO - [2024-01-03T02:28:04.444+0000] {dag.py:3820} INFO - Setting next_dagrun for example_task_group to 2024-01-02T00:00:00+00:00, run_after=2024-01-03T00:00:00+00:00
[2024-01-03T02:28:04.455+0000] {processor.py:183} INFO - Processing /home/airflow/.local/lib/python3.8/site-packages/airflow/example_dags/example_task_group.py took 0.048 seconds
[2024-01-03T02:28:35.206+0000] {processor.py:161} INFO - Started process (PID=1106) to work on /home/airflow/.local/lib/python3.8/site-packages/airflow/example_dags/example_task_group.py
[2024-01-03T02:28:35.207+0000] {processor.py:830} INFO - Processing file /home/airflow/.local/lib/python3.8/site-packages/airflow/example_dags/example_task_group.py for tasks to queue
[2024-01-03T02:28:35.209+0000] {logging_mixin.py:188} INFO - [2024-01-03T02:28:35.208+0000] {dagbag.py:538} INFO - Filling up the DagBag from /home/airflow/.local/lib/python3.8/site-packages/airflow/example_dags/example_task_group.py
[2024-01-03T02:28:35.213+0000] {processor.py:840} INFO - DAG(s) 'example_task_group' retrieved from /home/airflow/.local/lib/python3.8/site-packages/airflow/example_dags/example_task_group.py
[2024-01-03T02:28:35.226+0000] {logging_mixin.py:188} INFO - [2024-01-03T02:28:35.226+0000] {dag.py:3033} INFO - Sync 1 DAGs
[2024-01-03T02:28:35.241+0000] {logging_mixin.py:188} INFO - [2024-01-03T02:28:35.241+0000] {dag.py:3820} INFO - Setting next_dagrun for example_task_group to 2024-01-02T00:00:00+00:00, run_after=2024-01-03T00:00:00+00:00
[2024-01-03T02:28:35.253+0000] {processor.py:183} INFO - Processing /home/airflow/.local/lib/python3.8/site-packages/airflow/example_dags/example_task_group.py took 0.048 seconds
[2024-01-03T02:29:06.025+0000] {processor.py:161} INFO - Started process (PID=1161) to work on /home/airflow/.local/lib/python3.8/site-packages/airflow/example_dags/example_task_group.py
[2024-01-03T02:29:06.025+0000] {processor.py:830} INFO - Processing file /home/airflow/.local/lib/python3.8/site-packages/airflow/example_dags/example_task_group.py for tasks to queue
[2024-01-03T02:29:06.027+0000] {logging_mixin.py:188} INFO - [2024-01-03T02:29:06.027+0000] {dagbag.py:538} INFO - Filling up the DagBag from /home/airflow/.local/lib/python3.8/site-packages/airflow/example_dags/example_task_group.py
[2024-01-03T02:29:06.031+0000] {processor.py:840} INFO - DAG(s) 'example_task_group' retrieved from /home/airflow/.local/lib/python3.8/site-packages/airflow/example_dags/example_task_group.py
[2024-01-03T02:29:06.047+0000] {logging_mixin.py:188} INFO - [2024-01-03T02:29:06.047+0000] {dag.py:3033} INFO - Sync 1 DAGs
[2024-01-03T02:29:06.063+0000] {logging_mixin.py:188} INFO - [2024-01-03T02:29:06.063+0000] {dag.py:3820} INFO - Setting next_dagrun for example_task_group to 2024-01-02T00:00:00+00:00, run_after=2024-01-03T00:00:00+00:00
[2024-01-03T02:29:06.078+0000] {processor.py:183} INFO - Processing /home/airflow/.local/lib/python3.8/site-packages/airflow/example_dags/example_task_group.py took 0.055 seconds
[2024-01-03T02:29:36.793+0000] {processor.py:161} INFO - Started process (PID=1216) to work on /home/airflow/.local/lib/python3.8/site-packages/airflow/example_dags/example_task_group.py
[2024-01-03T02:29:36.794+0000] {processor.py:830} INFO - Processing file /home/airflow/.local/lib/python3.8/site-packages/airflow/example_dags/example_task_group.py for tasks to queue
[2024-01-03T02:29:36.795+0000] {logging_mixin.py:188} INFO - [2024-01-03T02:29:36.795+0000] {dagbag.py:538} INFO - Filling up the DagBag from /home/airflow/.local/lib/python3.8/site-packages/airflow/example_dags/example_task_group.py
[2024-01-03T02:29:36.800+0000] {processor.py:840} INFO - DAG(s) 'example_task_group' retrieved from /home/airflow/.local/lib/python3.8/site-packages/airflow/example_dags/example_task_group.py
[2024-01-03T02:29:36.813+0000] {logging_mixin.py:188} INFO - [2024-01-03T02:29:36.812+0000] {dag.py:3033} INFO - Sync 1 DAGs
[2024-01-03T02:29:36.826+0000] {logging_mixin.py:188} INFO - [2024-01-03T02:29:36.826+0000] {dag.py:3820} INFO - Setting next_dagrun for example_task_group to 2024-01-02T00:00:00+00:00, run_after=2024-01-03T00:00:00+00:00
[2024-01-03T02:29:36.837+0000] {processor.py:183} INFO - Processing /home/airflow/.local/lib/python3.8/site-packages/airflow/example_dags/example_task_group.py took 0.047 seconds
[2024-01-03T02:30:07.871+0000] {processor.py:161} INFO - Started process (PID=1271) to work on /home/airflow/.local/lib/python3.8/site-packages/airflow/example_dags/example_task_group.py
[2024-01-03T02:30:07.872+0000] {processor.py:830} INFO - Processing file /home/airflow/.local/lib/python3.8/site-packages/airflow/example_dags/example_task_group.py for tasks to queue
[2024-01-03T02:30:07.873+0000] {logging_mixin.py:188} INFO - [2024-01-03T02:30:07.873+0000] {dagbag.py:538} INFO - Filling up the DagBag from /home/airflow/.local/lib/python3.8/site-packages/airflow/example_dags/example_task_group.py
[2024-01-03T02:30:07.878+0000] {processor.py:840} INFO - DAG(s) 'example_task_group' retrieved from /home/airflow/.local/lib/python3.8/site-packages/airflow/example_dags/example_task_group.py
[2024-01-03T02:30:07.891+0000] {logging_mixin.py:188} INFO - [2024-01-03T02:30:07.891+0000] {dag.py:3033} INFO - Sync 1 DAGs
[2024-01-03T02:30:07.905+0000] {logging_mixin.py:188} INFO - [2024-01-03T02:30:07.905+0000] {dag.py:3820} INFO - Setting next_dagrun for example_task_group to 2024-01-02T00:00:00+00:00, run_after=2024-01-03T00:00:00+00:00
[2024-01-03T02:30:07.916+0000] {processor.py:183} INFO - Processing /home/airflow/.local/lib/python3.8/site-packages/airflow/example_dags/example_task_group.py took 0.046 seconds
[2024-01-03T02:30:38.882+0000] {processor.py:161} INFO - Started process (PID=1326) to work on /home/airflow/.local/lib/python3.8/site-packages/airflow/example_dags/example_task_group.py
[2024-01-03T02:30:38.883+0000] {processor.py:830} INFO - Processing file /home/airflow/.local/lib/python3.8/site-packages/airflow/example_dags/example_task_group.py for tasks to queue
[2024-01-03T02:30:38.884+0000] {logging_mixin.py:188} INFO - [2024-01-03T02:30:38.884+0000] {dagbag.py:538} INFO - Filling up the DagBag from /home/airflow/.local/lib/python3.8/site-packages/airflow/example_dags/example_task_group.py
[2024-01-03T02:30:38.889+0000] {processor.py:840} INFO - DAG(s) 'example_task_group' retrieved from /home/airflow/.local/lib/python3.8/site-packages/airflow/example_dags/example_task_group.py
[2024-01-03T02:30:38.903+0000] {logging_mixin.py:188} INFO - [2024-01-03T02:30:38.903+0000] {dag.py:3033} INFO - Sync 1 DAGs
[2024-01-03T02:30:38.917+0000] {logging_mixin.py:188} INFO - [2024-01-03T02:30:38.917+0000] {dag.py:3820} INFO - Setting next_dagrun for example_task_group to 2024-01-02T00:00:00+00:00, run_after=2024-01-03T00:00:00+00:00
[2024-01-03T02:30:38.930+0000] {processor.py:183} INFO - Processing /home/airflow/.local/lib/python3.8/site-packages/airflow/example_dags/example_task_group.py took 0.050 seconds
[2024-01-03T02:31:09.190+0000] {processor.py:161} INFO - Started process (PID=1381) to work on /home/airflow/.local/lib/python3.8/site-packages/airflow/example_dags/example_task_group.py
[2024-01-03T02:31:09.191+0000] {processor.py:830} INFO - Processing file /home/airflow/.local/lib/python3.8/site-packages/airflow/example_dags/example_task_group.py for tasks to queue
[2024-01-03T02:31:09.193+0000] {logging_mixin.py:188} INFO - [2024-01-03T02:31:09.193+0000] {dagbag.py:538} INFO - Filling up the DagBag from /home/airflow/.local/lib/python3.8/site-packages/airflow/example_dags/example_task_group.py
[2024-01-03T02:31:09.198+0000] {processor.py:840} INFO - DAG(s) 'example_task_group' retrieved from /home/airflow/.local/lib/python3.8/site-packages/airflow/example_dags/example_task_group.py
[2024-01-03T02:31:09.213+0000] {logging_mixin.py:188} INFO - [2024-01-03T02:31:09.213+0000] {dag.py:3033} INFO - Sync 1 DAGs
[2024-01-03T02:31:09.229+0000] {logging_mixin.py:188} INFO - [2024-01-03T02:31:09.229+0000] {dag.py:3820} INFO - Setting next_dagrun for example_task_group to 2024-01-02T00:00:00+00:00, run_after=2024-01-03T00:00:00+00:00
[2024-01-03T02:31:09.243+0000] {processor.py:183} INFO - Processing /home/airflow/.local/lib/python3.8/site-packages/airflow/example_dags/example_task_group.py took 0.055 seconds
[2024-01-03T02:31:39.414+0000] {processor.py:161} INFO - Started process (PID=1436) to work on /home/airflow/.local/lib/python3.8/site-packages/airflow/example_dags/example_task_group.py
[2024-01-03T02:31:39.415+0000] {processor.py:830} INFO - Processing file /home/airflow/.local/lib/python3.8/site-packages/airflow/example_dags/example_task_group.py for tasks to queue
[2024-01-03T02:31:39.416+0000] {logging_mixin.py:188} INFO - [2024-01-03T02:31:39.416+0000] {dagbag.py:538} INFO - Filling up the DagBag from /home/airflow/.local/lib/python3.8/site-packages/airflow/example_dags/example_task_group.py
[2024-01-03T02:31:39.421+0000] {processor.py:840} INFO - DAG(s) 'example_task_group' retrieved from /home/airflow/.local/lib/python3.8/site-packages/airflow/example_dags/example_task_group.py
[2024-01-03T02:31:39.435+0000] {logging_mixin.py:188} INFO - [2024-01-03T02:31:39.435+0000] {dag.py:3033} INFO - Sync 1 DAGs
[2024-01-03T02:31:39.450+0000] {logging_mixin.py:188} INFO - [2024-01-03T02:31:39.450+0000] {dag.py:3820} INFO - Setting next_dagrun for example_task_group to 2024-01-02T00:00:00+00:00, run_after=2024-01-03T00:00:00+00:00
[2024-01-03T02:31:39.462+0000] {processor.py:183} INFO - Processing /home/airflow/.local/lib/python3.8/site-packages/airflow/example_dags/example_task_group.py took 0.050 seconds
[2024-01-03T02:32:09.587+0000] {processor.py:161} INFO - Started process (PID=1491) to work on /home/airflow/.local/lib/python3.8/site-packages/airflow/example_dags/example_task_group.py
[2024-01-03T02:32:09.588+0000] {processor.py:830} INFO - Processing file /home/airflow/.local/lib/python3.8/site-packages/airflow/example_dags/example_task_group.py for tasks to queue
[2024-01-03T02:32:09.590+0000] {logging_mixin.py:188} INFO - [2024-01-03T02:32:09.589+0000] {dagbag.py:538} INFO - Filling up the DagBag from /home/airflow/.local/lib/python3.8/site-packages/airflow/example_dags/example_task_group.py
[2024-01-03T02:32:09.594+0000] {processor.py:840} INFO - DAG(s) 'example_task_group' retrieved from /home/airflow/.local/lib/python3.8/site-packages/airflow/example_dags/example_task_group.py
[2024-01-03T02:32:09.609+0000] {logging_mixin.py:188} INFO - [2024-01-03T02:32:09.609+0000] {dag.py:3033} INFO - Sync 1 DAGs
[2024-01-03T02:32:09.626+0000] {logging_mixin.py:188} INFO - [2024-01-03T02:32:09.626+0000] {dag.py:3820} INFO - Setting next_dagrun for example_task_group to 2024-01-02T00:00:00+00:00, run_after=2024-01-03T00:00:00+00:00
[2024-01-03T02:32:09.640+0000] {processor.py:183} INFO - Processing /home/airflow/.local/lib/python3.8/site-packages/airflow/example_dags/example_task_group.py took 0.054 seconds
[2024-01-03T02:32:39.685+0000] {processor.py:161} INFO - Started process (PID=1546) to work on /home/airflow/.local/lib/python3.8/site-packages/airflow/example_dags/example_task_group.py
[2024-01-03T02:32:39.686+0000] {processor.py:830} INFO - Processing file /home/airflow/.local/lib/python3.8/site-packages/airflow/example_dags/example_task_group.py for tasks to queue
[2024-01-03T02:32:39.688+0000] {logging_mixin.py:188} INFO - [2024-01-03T02:32:39.687+0000] {dagbag.py:538} INFO - Filling up the DagBag from /home/airflow/.local/lib/python3.8/site-packages/airflow/example_dags/example_task_group.py
[2024-01-03T02:32:39.692+0000] {processor.py:840} INFO - DAG(s) 'example_task_group' retrieved from /home/airflow/.local/lib/python3.8/site-packages/airflow/example_dags/example_task_group.py
[2024-01-03T02:32:39.706+0000] {logging_mixin.py:188} INFO - [2024-01-03T02:32:39.706+0000] {dag.py:3033} INFO - Sync 1 DAGs
[2024-01-03T02:32:39.721+0000] {logging_mixin.py:188} INFO - [2024-01-03T02:32:39.721+0000] {dag.py:3820} INFO - Setting next_dagrun for example_task_group to 2024-01-02T00:00:00+00:00, run_after=2024-01-03T00:00:00+00:00
[2024-01-03T02:32:39.733+0000] {processor.py:183} INFO - Processing /home/airflow/.local/lib/python3.8/site-packages/airflow/example_dags/example_task_group.py took 0.049 seconds
[2024-01-03T02:33:09.798+0000] {processor.py:161} INFO - Started process (PID=1601) to work on /home/airflow/.local/lib/python3.8/site-packages/airflow/example_dags/example_task_group.py
[2024-01-03T02:33:09.798+0000] {processor.py:830} INFO - Processing file /home/airflow/.local/lib/python3.8/site-packages/airflow/example_dags/example_task_group.py for tasks to queue
[2024-01-03T02:33:09.800+0000] {logging_mixin.py:188} INFO - [2024-01-03T02:33:09.800+0000] {dagbag.py:538} INFO - Filling up the DagBag from /home/airflow/.local/lib/python3.8/site-packages/airflow/example_dags/example_task_group.py
[2024-01-03T02:33:09.805+0000] {processor.py:840} INFO - DAG(s) 'example_task_group' retrieved from /home/airflow/.local/lib/python3.8/site-packages/airflow/example_dags/example_task_group.py
[2024-01-03T02:33:09.819+0000] {logging_mixin.py:188} INFO - [2024-01-03T02:33:09.819+0000] {dag.py:3033} INFO - Sync 1 DAGs
[2024-01-03T02:33:09.836+0000] {logging_mixin.py:188} INFO - [2024-01-03T02:33:09.836+0000] {dag.py:3820} INFO - Setting next_dagrun for example_task_group to 2024-01-02T00:00:00+00:00, run_after=2024-01-03T00:00:00+00:00
[2024-01-03T02:33:09.849+0000] {processor.py:183} INFO - Processing /home/airflow/.local/lib/python3.8/site-packages/airflow/example_dags/example_task_group.py took 0.054 seconds
[2024-01-03T02:33:39.953+0000] {processor.py:161} INFO - Started process (PID=1656) to work on /home/airflow/.local/lib/python3.8/site-packages/airflow/example_dags/example_task_group.py
[2024-01-03T02:33:39.954+0000] {processor.py:830} INFO - Processing file /home/airflow/.local/lib/python3.8/site-packages/airflow/example_dags/example_task_group.py for tasks to queue
[2024-01-03T02:33:39.955+0000] {logging_mixin.py:188} INFO - [2024-01-03T02:33:39.955+0000] {dagbag.py:538} INFO - Filling up the DagBag from /home/airflow/.local/lib/python3.8/site-packages/airflow/example_dags/example_task_group.py
[2024-01-03T02:33:39.960+0000] {processor.py:840} INFO - DAG(s) 'example_task_group' retrieved from /home/airflow/.local/lib/python3.8/site-packages/airflow/example_dags/example_task_group.py
[2024-01-03T02:33:39.974+0000] {logging_mixin.py:188} INFO - [2024-01-03T02:33:39.974+0000] {dag.py:3033} INFO - Sync 1 DAGs
[2024-01-03T02:33:39.988+0000] {logging_mixin.py:188} INFO - [2024-01-03T02:33:39.988+0000] {dag.py:3820} INFO - Setting next_dagrun for example_task_group to 2024-01-02T00:00:00+00:00, run_after=2024-01-03T00:00:00+00:00
[2024-01-03T02:33:40.002+0000] {processor.py:183} INFO - Processing /home/airflow/.local/lib/python3.8/site-packages/airflow/example_dags/example_task_group.py took 0.050 seconds
[2024-01-03T02:34:10.876+0000] {processor.py:161} INFO - Started process (PID=1711) to work on /home/airflow/.local/lib/python3.8/site-packages/airflow/example_dags/example_task_group.py
[2024-01-03T02:34:10.877+0000] {processor.py:830} INFO - Processing file /home/airflow/.local/lib/python3.8/site-packages/airflow/example_dags/example_task_group.py for tasks to queue
[2024-01-03T02:34:10.878+0000] {logging_mixin.py:188} INFO - [2024-01-03T02:34:10.878+0000] {dagbag.py:538} INFO - Filling up the DagBag from /home/airflow/.local/lib/python3.8/site-packages/airflow/example_dags/example_task_group.py
[2024-01-03T02:34:10.882+0000] {processor.py:840} INFO - DAG(s) 'example_task_group' retrieved from /home/airflow/.local/lib/python3.8/site-packages/airflow/example_dags/example_task_group.py
[2024-01-03T02:34:10.895+0000] {logging_mixin.py:188} INFO - [2024-01-03T02:34:10.894+0000] {dag.py:3033} INFO - Sync 1 DAGs
[2024-01-03T02:34:10.909+0000] {logging_mixin.py:188} INFO - [2024-01-03T02:34:10.909+0000] {dag.py:3820} INFO - Setting next_dagrun for example_task_group to 2024-01-02T00:00:00+00:00, run_after=2024-01-03T00:00:00+00:00
[2024-01-03T02:34:10.921+0000] {processor.py:183} INFO - Processing /home/airflow/.local/lib/python3.8/site-packages/airflow/example_dags/example_task_group.py took 0.047 seconds
[2024-01-03T02:34:41.562+0000] {processor.py:161} INFO - Started process (PID=1767) to work on /home/airflow/.local/lib/python3.8/site-packages/airflow/example_dags/example_task_group.py
[2024-01-03T02:34:41.563+0000] {processor.py:830} INFO - Processing file /home/airflow/.local/lib/python3.8/site-packages/airflow/example_dags/example_task_group.py for tasks to queue
[2024-01-03T02:34:41.564+0000] {logging_mixin.py:188} INFO - [2024-01-03T02:34:41.564+0000] {dagbag.py:538} INFO - Filling up the DagBag from /home/airflow/.local/lib/python3.8/site-packages/airflow/example_dags/example_task_group.py
[2024-01-03T02:34:41.568+0000] {processor.py:840} INFO - DAG(s) 'example_task_group' retrieved from /home/airflow/.local/lib/python3.8/site-packages/airflow/example_dags/example_task_group.py
[2024-01-03T02:34:41.581+0000] {logging_mixin.py:188} INFO - [2024-01-03T02:34:41.581+0000] {dag.py:3033} INFO - Sync 1 DAGs
[2024-01-03T02:34:41.596+0000] {logging_mixin.py:188} INFO - [2024-01-03T02:34:41.596+0000] {dag.py:3820} INFO - Setting next_dagrun for example_task_group to 2024-01-02T00:00:00+00:00, run_after=2024-01-03T00:00:00+00:00
[2024-01-03T02:34:41.608+0000] {processor.py:183} INFO - Processing /home/airflow/.local/lib/python3.8/site-packages/airflow/example_dags/example_task_group.py took 0.048 seconds
[2024-01-03T02:35:12.400+0000] {processor.py:161} INFO - Started process (PID=1822) to work on /home/airflow/.local/lib/python3.8/site-packages/airflow/example_dags/example_task_group.py
[2024-01-03T02:35:12.401+0000] {processor.py:830} INFO - Processing file /home/airflow/.local/lib/python3.8/site-packages/airflow/example_dags/example_task_group.py for tasks to queue
[2024-01-03T02:35:12.402+0000] {logging_mixin.py:188} INFO - [2024-01-03T02:35:12.402+0000] {dagbag.py:538} INFO - Filling up the DagBag from /home/airflow/.local/lib/python3.8/site-packages/airflow/example_dags/example_task_group.py
[2024-01-03T02:35:12.407+0000] {processor.py:840} INFO - DAG(s) 'example_task_group' retrieved from /home/airflow/.local/lib/python3.8/site-packages/airflow/example_dags/example_task_group.py
[2024-01-03T02:35:12.419+0000] {logging_mixin.py:188} INFO - [2024-01-03T02:35:12.419+0000] {dag.py:3033} INFO - Sync 1 DAGs
[2024-01-03T02:35:12.434+0000] {logging_mixin.py:188} INFO - [2024-01-03T02:35:12.433+0000] {dag.py:3820} INFO - Setting next_dagrun for example_task_group to 2024-01-02T00:00:00+00:00, run_after=2024-01-03T00:00:00+00:00
[2024-01-03T02:35:12.446+0000] {processor.py:183} INFO - Processing /home/airflow/.local/lib/python3.8/site-packages/airflow/example_dags/example_task_group.py took 0.048 seconds
[2024-01-03T02:35:43.286+0000] {processor.py:161} INFO - Started process (PID=1877) to work on /home/airflow/.local/lib/python3.8/site-packages/airflow/example_dags/example_task_group.py
[2024-01-03T02:35:43.286+0000] {processor.py:830} INFO - Processing file /home/airflow/.local/lib/python3.8/site-packages/airflow/example_dags/example_task_group.py for tasks to queue
[2024-01-03T02:35:43.288+0000] {logging_mixin.py:188} INFO - [2024-01-03T02:35:43.288+0000] {dagbag.py:538} INFO - Filling up the DagBag from /home/airflow/.local/lib/python3.8/site-packages/airflow/example_dags/example_task_group.py
[2024-01-03T02:35:43.292+0000] {processor.py:840} INFO - DAG(s) 'example_task_group' retrieved from /home/airflow/.local/lib/python3.8/site-packages/airflow/example_dags/example_task_group.py
[2024-01-03T02:35:43.305+0000] {logging_mixin.py:188} INFO - [2024-01-03T02:35:43.305+0000] {dag.py:3033} INFO - Sync 1 DAGs
[2024-01-03T02:35:43.320+0000] {logging_mixin.py:188} INFO - [2024-01-03T02:35:43.319+0000] {dag.py:3820} INFO - Setting next_dagrun for example_task_group to 2024-01-02T00:00:00+00:00, run_after=2024-01-03T00:00:00+00:00
[2024-01-03T02:35:43.332+0000] {processor.py:183} INFO - Processing /home/airflow/.local/lib/python3.8/site-packages/airflow/example_dags/example_task_group.py took 0.048 seconds
[2024-01-03T02:36:14.089+0000] {processor.py:161} INFO - Started process (PID=1932) to work on /home/airflow/.local/lib/python3.8/site-packages/airflow/example_dags/example_task_group.py
[2024-01-03T02:36:14.090+0000] {processor.py:830} INFO - Processing file /home/airflow/.local/lib/python3.8/site-packages/airflow/example_dags/example_task_group.py for tasks to queue
[2024-01-03T02:36:14.091+0000] {logging_mixin.py:188} INFO - [2024-01-03T02:36:14.091+0000] {dagbag.py:538} INFO - Filling up the DagBag from /home/airflow/.local/lib/python3.8/site-packages/airflow/example_dags/example_task_group.py
[2024-01-03T02:36:14.096+0000] {processor.py:840} INFO - DAG(s) 'example_task_group' retrieved from /home/airflow/.local/lib/python3.8/site-packages/airflow/example_dags/example_task_group.py
[2024-01-03T02:36:14.109+0000] {logging_mixin.py:188} INFO - [2024-01-03T02:36:14.109+0000] {dag.py:3033} INFO - Sync 1 DAGs
[2024-01-03T02:36:14.125+0000] {logging_mixin.py:188} INFO - [2024-01-03T02:36:14.125+0000] {dag.py:3820} INFO - Setting next_dagrun for example_task_group to 2024-01-02T00:00:00+00:00, run_after=2024-01-03T00:00:00+00:00
[2024-01-03T02:36:14.139+0000] {processor.py:183} INFO - Processing /home/airflow/.local/lib/python3.8/site-packages/airflow/example_dags/example_task_group.py took 0.052 seconds
[2024-01-03T02:36:44.254+0000] {processor.py:161} INFO - Started process (PID=1987) to work on /home/airflow/.local/lib/python3.8/site-packages/airflow/example_dags/example_task_group.py
[2024-01-03T02:36:44.254+0000] {processor.py:830} INFO - Processing file /home/airflow/.local/lib/python3.8/site-packages/airflow/example_dags/example_task_group.py for tasks to queue
[2024-01-03T02:36:44.256+0000] {logging_mixin.py:188} INFO - [2024-01-03T02:36:44.256+0000] {dagbag.py:538} INFO - Filling up the DagBag from /home/airflow/.local/lib/python3.8/site-packages/airflow/example_dags/example_task_group.py
[2024-01-03T02:36:44.261+0000] {processor.py:840} INFO - DAG(s) 'example_task_group' retrieved from /home/airflow/.local/lib/python3.8/site-packages/airflow/example_dags/example_task_group.py
[2024-01-03T02:36:44.273+0000] {logging_mixin.py:188} INFO - [2024-01-03T02:36:44.273+0000] {dag.py:3033} INFO - Sync 1 DAGs
[2024-01-03T02:36:44.288+0000] {logging_mixin.py:188} INFO - [2024-01-03T02:36:44.288+0000] {dag.py:3820} INFO - Setting next_dagrun for example_task_group to 2024-01-02T00:00:00+00:00, run_after=2024-01-03T00:00:00+00:00
[2024-01-03T02:36:44.299+0000] {processor.py:183} INFO - Processing /home/airflow/.local/lib/python3.8/site-packages/airflow/example_dags/example_task_group.py took 0.047 seconds
[2024-01-03T02:41:32.578+0000] {processor.py:161} INFO - Started process (PID=2048) to work on /home/airflow/.local/lib/python3.8/site-packages/airflow/example_dags/example_task_group.py
[2024-01-03T02:41:32.579+0000] {processor.py:830} INFO - Processing file /home/airflow/.local/lib/python3.8/site-packages/airflow/example_dags/example_task_group.py for tasks to queue
[2024-01-03T02:41:32.581+0000] {logging_mixin.py:188} INFO - [2024-01-03T02:41:32.580+0000] {dagbag.py:538} INFO - Filling up the DagBag from /home/airflow/.local/lib/python3.8/site-packages/airflow/example_dags/example_task_group.py
[2024-01-03T02:41:32.586+0000] {processor.py:840} INFO - DAG(s) 'example_task_group' retrieved from /home/airflow/.local/lib/python3.8/site-packages/airflow/example_dags/example_task_group.py
[2024-01-03T02:41:32.602+0000] {logging_mixin.py:188} INFO - [2024-01-03T02:41:32.601+0000] {dag.py:3033} INFO - Sync 1 DAGs
[2024-01-03T02:41:32.622+0000] {logging_mixin.py:188} INFO - [2024-01-03T02:41:32.621+0000] {dag.py:3820} INFO - Setting next_dagrun for example_task_group to 2024-01-02T00:00:00+00:00, run_after=2024-01-03T00:00:00+00:00
[2024-01-03T02:41:32.636+0000] {processor.py:183} INFO - Processing /home/airflow/.local/lib/python3.8/site-packages/airflow/example_dags/example_task_group.py took 0.060 seconds
[2024-01-03T02:42:03.251+0000] {processor.py:161} INFO - Started process (PID=2103) to work on /home/airflow/.local/lib/python3.8/site-packages/airflow/example_dags/example_task_group.py
[2024-01-03T02:42:03.252+0000] {processor.py:830} INFO - Processing file /home/airflow/.local/lib/python3.8/site-packages/airflow/example_dags/example_task_group.py for tasks to queue
[2024-01-03T02:42:03.254+0000] {logging_mixin.py:188} INFO - [2024-01-03T02:42:03.254+0000] {dagbag.py:538} INFO - Filling up the DagBag from /home/airflow/.local/lib/python3.8/site-packages/airflow/example_dags/example_task_group.py
[2024-01-03T02:42:03.259+0000] {processor.py:840} INFO - DAG(s) 'example_task_group' retrieved from /home/airflow/.local/lib/python3.8/site-packages/airflow/example_dags/example_task_group.py
[2024-01-03T02:42:03.274+0000] {logging_mixin.py:188} INFO - [2024-01-03T02:42:03.273+0000] {dag.py:3033} INFO - Sync 1 DAGs
[2024-01-03T02:42:03.290+0000] {logging_mixin.py:188} INFO - [2024-01-03T02:42:03.290+0000] {dag.py:3820} INFO - Setting next_dagrun for example_task_group to 2024-01-02T00:00:00+00:00, run_after=2024-01-03T00:00:00+00:00
[2024-01-03T02:42:03.303+0000] {processor.py:183} INFO - Processing /home/airflow/.local/lib/python3.8/site-packages/airflow/example_dags/example_task_group.py took 0.054 seconds
[2024-01-03T02:42:33.571+0000] {processor.py:161} INFO - Started process (PID=2158) to work on /home/airflow/.local/lib/python3.8/site-packages/airflow/example_dags/example_task_group.py
[2024-01-03T02:42:33.572+0000] {processor.py:830} INFO - Processing file /home/airflow/.local/lib/python3.8/site-packages/airflow/example_dags/example_task_group.py for tasks to queue
[2024-01-03T02:42:33.574+0000] {logging_mixin.py:188} INFO - [2024-01-03T02:42:33.574+0000] {dagbag.py:538} INFO - Filling up the DagBag from /home/airflow/.local/lib/python3.8/site-packages/airflow/example_dags/example_task_group.py
[2024-01-03T02:42:33.579+0000] {processor.py:840} INFO - DAG(s) 'example_task_group' retrieved from /home/airflow/.local/lib/python3.8/site-packages/airflow/example_dags/example_task_group.py
[2024-01-03T02:42:33.593+0000] {logging_mixin.py:188} INFO - [2024-01-03T02:42:33.593+0000] {dag.py:3033} INFO - Sync 1 DAGs
[2024-01-03T02:42:33.608+0000] {logging_mixin.py:188} INFO - [2024-01-03T02:42:33.608+0000] {dag.py:3820} INFO - Setting next_dagrun for example_task_group to 2024-01-02T00:00:00+00:00, run_after=2024-01-03T00:00:00+00:00
[2024-01-03T02:42:33.620+0000] {processor.py:183} INFO - Processing /home/airflow/.local/lib/python3.8/site-packages/airflow/example_dags/example_task_group.py took 0.051 seconds
[2024-01-03T02:43:03.838+0000] {processor.py:161} INFO - Started process (PID=2213) to work on /home/airflow/.local/lib/python3.8/site-packages/airflow/example_dags/example_task_group.py
[2024-01-03T02:43:03.839+0000] {processor.py:830} INFO - Processing file /home/airflow/.local/lib/python3.8/site-packages/airflow/example_dags/example_task_group.py for tasks to queue
[2024-01-03T02:43:03.841+0000] {logging_mixin.py:188} INFO - [2024-01-03T02:43:03.840+0000] {dagbag.py:538} INFO - Filling up the DagBag from /home/airflow/.local/lib/python3.8/site-packages/airflow/example_dags/example_task_group.py
[2024-01-03T02:43:03.845+0000] {processor.py:840} INFO - DAG(s) 'example_task_group' retrieved from /home/airflow/.local/lib/python3.8/site-packages/airflow/example_dags/example_task_group.py
[2024-01-03T02:43:03.861+0000] {logging_mixin.py:188} INFO - [2024-01-03T02:43:03.861+0000] {dag.py:3033} INFO - Sync 1 DAGs
[2024-01-03T02:43:03.877+0000] {logging_mixin.py:188} INFO - [2024-01-03T02:43:03.877+0000] {dag.py:3820} INFO - Setting next_dagrun for example_task_group to 2024-01-02T00:00:00+00:00, run_after=2024-01-03T00:00:00+00:00
[2024-01-03T02:43:03.890+0000] {processor.py:183} INFO - Processing /home/airflow/.local/lib/python3.8/site-packages/airflow/example_dags/example_task_group.py took 0.053 seconds
[2024-01-03T02:43:34.934+0000] {processor.py:161} INFO - Started process (PID=2268) to work on /home/airflow/.local/lib/python3.8/site-packages/airflow/example_dags/example_task_group.py
[2024-01-03T02:43:34.935+0000] {processor.py:830} INFO - Processing file /home/airflow/.local/lib/python3.8/site-packages/airflow/example_dags/example_task_group.py for tasks to queue
[2024-01-03T02:43:34.936+0000] {logging_mixin.py:188} INFO - [2024-01-03T02:43:34.936+0000] {dagbag.py:538} INFO - Filling up the DagBag from /home/airflow/.local/lib/python3.8/site-packages/airflow/example_dags/example_task_group.py
[2024-01-03T02:43:34.941+0000] {processor.py:840} INFO - DAG(s) 'example_task_group' retrieved from /home/airflow/.local/lib/python3.8/site-packages/airflow/example_dags/example_task_group.py
[2024-01-03T02:43:34.956+0000] {logging_mixin.py:188} INFO - [2024-01-03T02:43:34.955+0000] {dag.py:3033} INFO - Sync 1 DAGs
[2024-01-03T02:43:34.971+0000] {logging_mixin.py:188} INFO - [2024-01-03T02:43:34.970+0000] {dag.py:3820} INFO - Setting next_dagrun for example_task_group to 2024-01-02T00:00:00+00:00, run_after=2024-01-03T00:00:00+00:00
[2024-01-03T02:43:34.983+0000] {processor.py:183} INFO - Processing /home/airflow/.local/lib/python3.8/site-packages/airflow/example_dags/example_task_group.py took 0.051 seconds
[2024-01-03T02:44:05.733+0000] {processor.py:161} INFO - Started process (PID=2323) to work on /home/airflow/.local/lib/python3.8/site-packages/airflow/example_dags/example_task_group.py
[2024-01-03T02:44:05.733+0000] {processor.py:830} INFO - Processing file /home/airflow/.local/lib/python3.8/site-packages/airflow/example_dags/example_task_group.py for tasks to queue
[2024-01-03T02:44:05.735+0000] {logging_mixin.py:188} INFO - [2024-01-03T02:44:05.735+0000] {dagbag.py:538} INFO - Filling up the DagBag from /home/airflow/.local/lib/python3.8/site-packages/airflow/example_dags/example_task_group.py
[2024-01-03T02:44:05.740+0000] {processor.py:840} INFO - DAG(s) 'example_task_group' retrieved from /home/airflow/.local/lib/python3.8/site-packages/airflow/example_dags/example_task_group.py
[2024-01-03T02:44:05.754+0000] {logging_mixin.py:188} INFO - [2024-01-03T02:44:05.754+0000] {dag.py:3033} INFO - Sync 1 DAGs
[2024-01-03T02:44:05.769+0000] {logging_mixin.py:188} INFO - [2024-01-03T02:44:05.769+0000] {dag.py:3820} INFO - Setting next_dagrun for example_task_group to 2024-01-02T00:00:00+00:00, run_after=2024-01-03T00:00:00+00:00
[2024-01-03T02:44:05.780+0000] {processor.py:183} INFO - Processing /home/airflow/.local/lib/python3.8/site-packages/airflow/example_dags/example_task_group.py took 0.050 seconds
[2024-01-03T02:44:36.309+0000] {processor.py:161} INFO - Started process (PID=2378) to work on /home/airflow/.local/lib/python3.8/site-packages/airflow/example_dags/example_task_group.py
[2024-01-03T02:44:36.309+0000] {processor.py:830} INFO - Processing file /home/airflow/.local/lib/python3.8/site-packages/airflow/example_dags/example_task_group.py for tasks to queue
[2024-01-03T02:44:36.311+0000] {logging_mixin.py:188} INFO - [2024-01-03T02:44:36.311+0000] {dagbag.py:538} INFO - Filling up the DagBag from /home/airflow/.local/lib/python3.8/site-packages/airflow/example_dags/example_task_group.py
[2024-01-03T02:44:36.316+0000] {processor.py:840} INFO - DAG(s) 'example_task_group' retrieved from /home/airflow/.local/lib/python3.8/site-packages/airflow/example_dags/example_task_group.py
[2024-01-03T02:44:36.332+0000] {logging_mixin.py:188} INFO - [2024-01-03T02:44:36.331+0000] {dag.py:3033} INFO - Sync 1 DAGs
[2024-01-03T02:44:36.466+0000] {logging_mixin.py:188} INFO - [2024-01-03T02:44:36.466+0000] {dag.py:3820} INFO - Setting next_dagrun for example_task_group to 2024-01-02T00:00:00+00:00, run_after=2024-01-03T00:00:00+00:00
[2024-01-03T02:44:36.478+0000] {processor.py:183} INFO - Processing /home/airflow/.local/lib/python3.8/site-packages/airflow/example_dags/example_task_group.py took 0.172 seconds
[2024-01-03T02:45:06.573+0000] {processor.py:161} INFO - Started process (PID=2433) to work on /home/airflow/.local/lib/python3.8/site-packages/airflow/example_dags/example_task_group.py
[2024-01-03T02:45:06.574+0000] {processor.py:830} INFO - Processing file /home/airflow/.local/lib/python3.8/site-packages/airflow/example_dags/example_task_group.py for tasks to queue
[2024-01-03T02:45:06.575+0000] {logging_mixin.py:188} INFO - [2024-01-03T02:45:06.575+0000] {dagbag.py:538} INFO - Filling up the DagBag from /home/airflow/.local/lib/python3.8/site-packages/airflow/example_dags/example_task_group.py
[2024-01-03T02:45:06.580+0000] {processor.py:840} INFO - DAG(s) 'example_task_group' retrieved from /home/airflow/.local/lib/python3.8/site-packages/airflow/example_dags/example_task_group.py
[2024-01-03T02:45:06.594+0000] {logging_mixin.py:188} INFO - [2024-01-03T02:45:06.594+0000] {dag.py:3033} INFO - Sync 1 DAGs
[2024-01-03T02:45:06.609+0000] {logging_mixin.py:188} INFO - [2024-01-03T02:45:06.609+0000] {dag.py:3820} INFO - Setting next_dagrun for example_task_group to 2024-01-02T00:00:00+00:00, run_after=2024-01-03T00:00:00+00:00
[2024-01-03T02:45:06.720+0000] {processor.py:183} INFO - Processing /home/airflow/.local/lib/python3.8/site-packages/airflow/example_dags/example_task_group.py took 0.149 seconds
[2024-01-03T02:45:36.894+0000] {processor.py:161} INFO - Started process (PID=2489) to work on /home/airflow/.local/lib/python3.8/site-packages/airflow/example_dags/example_task_group.py
[2024-01-03T02:45:36.895+0000] {processor.py:830} INFO - Processing file /home/airflow/.local/lib/python3.8/site-packages/airflow/example_dags/example_task_group.py for tasks to queue
[2024-01-03T02:45:36.897+0000] {logging_mixin.py:188} INFO - [2024-01-03T02:45:36.897+0000] {dagbag.py:538} INFO - Filling up the DagBag from /home/airflow/.local/lib/python3.8/site-packages/airflow/example_dags/example_task_group.py
[2024-01-03T02:45:36.901+0000] {processor.py:840} INFO - DAG(s) 'example_task_group' retrieved from /home/airflow/.local/lib/python3.8/site-packages/airflow/example_dags/example_task_group.py
[2024-01-03T02:45:36.915+0000] {logging_mixin.py:188} INFO - [2024-01-03T02:45:36.915+0000] {dag.py:3033} INFO - Sync 1 DAGs
[2024-01-03T02:45:36.929+0000] {logging_mixin.py:188} INFO - [2024-01-03T02:45:36.929+0000] {dag.py:3820} INFO - Setting next_dagrun for example_task_group to 2024-01-02T00:00:00+00:00, run_after=2024-01-03T00:00:00+00:00
[2024-01-03T02:45:36.941+0000] {processor.py:183} INFO - Processing /home/airflow/.local/lib/python3.8/site-packages/airflow/example_dags/example_task_group.py took 0.049 seconds
[2024-01-03T02:46:08.113+0000] {processor.py:161} INFO - Started process (PID=2543) to work on /home/airflow/.local/lib/python3.8/site-packages/airflow/example_dags/example_task_group.py
[2024-01-03T02:46:08.114+0000] {processor.py:830} INFO - Processing file /home/airflow/.local/lib/python3.8/site-packages/airflow/example_dags/example_task_group.py for tasks to queue
[2024-01-03T02:46:08.116+0000] {logging_mixin.py:188} INFO - [2024-01-03T02:46:08.116+0000] {dagbag.py:538} INFO - Filling up the DagBag from /home/airflow/.local/lib/python3.8/site-packages/airflow/example_dags/example_task_group.py
[2024-01-03T02:46:08.120+0000] {processor.py:840} INFO - DAG(s) 'example_task_group' retrieved from /home/airflow/.local/lib/python3.8/site-packages/airflow/example_dags/example_task_group.py
[2024-01-03T02:46:08.136+0000] {logging_mixin.py:188} INFO - [2024-01-03T02:46:08.136+0000] {dag.py:3033} INFO - Sync 1 DAGs
[2024-01-03T02:46:08.153+0000] {logging_mixin.py:188} INFO - [2024-01-03T02:46:08.153+0000] {dag.py:3820} INFO - Setting next_dagrun for example_task_group to 2024-01-02T00:00:00+00:00, run_after=2024-01-03T00:00:00+00:00
[2024-01-03T02:46:08.167+0000] {processor.py:183} INFO - Processing /home/airflow/.local/lib/python3.8/site-packages/airflow/example_dags/example_task_group.py took 0.056 seconds
[2024-01-03T02:46:38.881+0000] {processor.py:161} INFO - Started process (PID=2598) to work on /home/airflow/.local/lib/python3.8/site-packages/airflow/example_dags/example_task_group.py
[2024-01-03T02:46:38.881+0000] {processor.py:830} INFO - Processing file /home/airflow/.local/lib/python3.8/site-packages/airflow/example_dags/example_task_group.py for tasks to queue
[2024-01-03T02:46:38.883+0000] {logging_mixin.py:188} INFO - [2024-01-03T02:46:38.883+0000] {dagbag.py:538} INFO - Filling up the DagBag from /home/airflow/.local/lib/python3.8/site-packages/airflow/example_dags/example_task_group.py
[2024-01-03T02:46:38.888+0000] {processor.py:840} INFO - DAG(s) 'example_task_group' retrieved from /home/airflow/.local/lib/python3.8/site-packages/airflow/example_dags/example_task_group.py
[2024-01-03T02:46:39.009+0000] {logging_mixin.py:188} INFO - [2024-01-03T02:46:39.009+0000] {dag.py:3033} INFO - Sync 1 DAGs
[2024-01-03T02:46:39.023+0000] {logging_mixin.py:188} INFO - [2024-01-03T02:46:39.023+0000] {dag.py:3820} INFO - Setting next_dagrun for example_task_group to 2024-01-02T00:00:00+00:00, run_after=2024-01-03T00:00:00+00:00
[2024-01-03T02:46:39.035+0000] {processor.py:183} INFO - Processing /home/airflow/.local/lib/python3.8/site-packages/airflow/example_dags/example_task_group.py took 0.157 seconds
[2024-01-03T02:47:09.229+0000] {processor.py:161} INFO - Started process (PID=2652) to work on /home/airflow/.local/lib/python3.8/site-packages/airflow/example_dags/example_task_group.py
[2024-01-03T02:47:09.230+0000] {processor.py:830} INFO - Processing file /home/airflow/.local/lib/python3.8/site-packages/airflow/example_dags/example_task_group.py for tasks to queue
[2024-01-03T02:47:09.232+0000] {logging_mixin.py:188} INFO - [2024-01-03T02:47:09.231+0000] {dagbag.py:538} INFO - Filling up the DagBag from /home/airflow/.local/lib/python3.8/site-packages/airflow/example_dags/example_task_group.py
[2024-01-03T02:47:09.237+0000] {processor.py:840} INFO - DAG(s) 'example_task_group' retrieved from /home/airflow/.local/lib/python3.8/site-packages/airflow/example_dags/example_task_group.py
[2024-01-03T02:47:09.252+0000] {logging_mixin.py:188} INFO - [2024-01-03T02:47:09.252+0000] {dag.py:3033} INFO - Sync 1 DAGs
[2024-01-03T02:47:09.270+0000] {logging_mixin.py:188} INFO - [2024-01-03T02:47:09.270+0000] {dag.py:3820} INFO - Setting next_dagrun for example_task_group to 2024-01-02T00:00:00+00:00, run_after=2024-01-03T00:00:00+00:00
[2024-01-03T02:47:09.285+0000] {processor.py:183} INFO - Processing /home/airflow/.local/lib/python3.8/site-packages/airflow/example_dags/example_task_group.py took 0.058 seconds
