[2024-01-03T02:12:51.616+0000] {processor.py:161} INFO - Started process (PID=39) to work on /home/airflow/.local/lib/python3.8/site-packages/airflow/example_dags/example_skip_dag.py
[2024-01-03T02:12:51.618+0000] {processor.py:830} INFO - Processing file /home/airflow/.local/lib/python3.8/site-packages/airflow/example_dags/example_skip_dag.py for tasks to queue
[2024-01-03T02:12:51.620+0000] {logging_mixin.py:188} INFO - [2024-01-03T02:12:51.620+0000] {dagbag.py:538} INFO - Filling up the DagBag from /home/airflow/.local/lib/python3.8/site-packages/airflow/example_dags/example_skip_dag.py
[2024-01-03T02:12:51.633+0000] {processor.py:840} INFO - DAG(s) 'example_skip_dag' retrieved from /home/airflow/.local/lib/python3.8/site-packages/airflow/example_dags/example_skip_dag.py
[2024-01-03T02:12:51.659+0000] {logging_mixin.py:188} INFO - [2024-01-03T02:12:51.659+0000] {dag.py:3033} INFO - Sync 1 DAGs
[2024-01-03T02:12:51.709+0000] {logging_mixin.py:188} INFO - [2024-01-03T02:12:51.709+0000] {dag.py:3820} INFO - Setting next_dagrun for example_skip_dag to 2024-01-02T00:00:00+00:00, run_after=2024-01-03T00:00:00+00:00
[2024-01-03T02:12:51.727+0000] {processor.py:183} INFO - Processing /home/airflow/.local/lib/python3.8/site-packages/airflow/example_dags/example_skip_dag.py took 0.113 seconds
[2024-01-03T02:18:53.575+0000] {processor.py:161} INFO - Started process (PID=38) to work on /home/airflow/.local/lib/python3.8/site-packages/airflow/example_dags/example_skip_dag.py
[2024-01-03T02:18:53.576+0000] {processor.py:830} INFO - Processing file /home/airflow/.local/lib/python3.8/site-packages/airflow/example_dags/example_skip_dag.py for tasks to queue
[2024-01-03T02:18:53.577+0000] {logging_mixin.py:188} INFO - [2024-01-03T02:18:53.577+0000] {dagbag.py:538} INFO - Filling up the DagBag from /home/airflow/.local/lib/python3.8/site-packages/airflow/example_dags/example_skip_dag.py
[2024-01-03T02:18:53.587+0000] {processor.py:840} INFO - DAG(s) 'example_skip_dag' retrieved from /home/airflow/.local/lib/python3.8/site-packages/airflow/example_dags/example_skip_dag.py
[2024-01-03T02:18:53.706+0000] {logging_mixin.py:188} INFO - [2024-01-03T02:18:53.706+0000] {dag.py:3033} INFO - Sync 1 DAGs
[2024-01-03T02:18:53.724+0000] {logging_mixin.py:188} INFO - [2024-01-03T02:18:53.724+0000] {dag.py:3820} INFO - Setting next_dagrun for example_skip_dag to 2024-01-02T00:00:00+00:00, run_after=2024-01-03T00:00:00+00:00
[2024-01-03T02:18:53.741+0000] {processor.py:183} INFO - Processing /home/airflow/.local/lib/python3.8/site-packages/airflow/example_dags/example_skip_dag.py took 0.168 seconds
[2024-01-03T02:19:23.912+0000] {processor.py:161} INFO - Started process (PID=93) to work on /home/airflow/.local/lib/python3.8/site-packages/airflow/example_dags/example_skip_dag.py
[2024-01-03T02:19:23.913+0000] {processor.py:830} INFO - Processing file /home/airflow/.local/lib/python3.8/site-packages/airflow/example_dags/example_skip_dag.py for tasks to queue
[2024-01-03T02:19:23.914+0000] {logging_mixin.py:188} INFO - [2024-01-03T02:19:23.914+0000] {dagbag.py:538} INFO - Filling up the DagBag from /home/airflow/.local/lib/python3.8/site-packages/airflow/example_dags/example_skip_dag.py
[2024-01-03T02:19:23.919+0000] {processor.py:840} INFO - DAG(s) 'example_skip_dag' retrieved from /home/airflow/.local/lib/python3.8/site-packages/airflow/example_dags/example_skip_dag.py
[2024-01-03T02:19:23.935+0000] {logging_mixin.py:188} INFO - [2024-01-03T02:19:23.935+0000] {dag.py:3033} INFO - Sync 1 DAGs
[2024-01-03T02:19:23.970+0000] {logging_mixin.py:188} INFO - [2024-01-03T02:19:23.970+0000] {dag.py:3820} INFO - Setting next_dagrun for example_skip_dag to 2024-01-02T00:00:00+00:00, run_after=2024-01-03T00:00:00+00:00
[2024-01-03T02:19:23.987+0000] {processor.py:183} INFO - Processing /home/airflow/.local/lib/python3.8/site-packages/airflow/example_dags/example_skip_dag.py took 0.077 seconds
[2024-01-03T02:19:54.192+0000] {processor.py:161} INFO - Started process (PID=148) to work on /home/airflow/.local/lib/python3.8/site-packages/airflow/example_dags/example_skip_dag.py
[2024-01-03T02:19:54.192+0000] {processor.py:830} INFO - Processing file /home/airflow/.local/lib/python3.8/site-packages/airflow/example_dags/example_skip_dag.py for tasks to queue
[2024-01-03T02:19:54.194+0000] {logging_mixin.py:188} INFO - [2024-01-03T02:19:54.194+0000] {dagbag.py:538} INFO - Filling up the DagBag from /home/airflow/.local/lib/python3.8/site-packages/airflow/example_dags/example_skip_dag.py
[2024-01-03T02:19:54.199+0000] {processor.py:840} INFO - DAG(s) 'example_skip_dag' retrieved from /home/airflow/.local/lib/python3.8/site-packages/airflow/example_dags/example_skip_dag.py
[2024-01-03T02:19:54.212+0000] {logging_mixin.py:188} INFO - [2024-01-03T02:19:54.212+0000] {dag.py:3033} INFO - Sync 1 DAGs
[2024-01-03T02:19:54.231+0000] {logging_mixin.py:188} INFO - [2024-01-03T02:19:54.230+0000] {dag.py:3820} INFO - Setting next_dagrun for example_skip_dag to 2024-01-02T00:00:00+00:00, run_after=2024-01-03T00:00:00+00:00
[2024-01-03T02:19:54.243+0000] {processor.py:183} INFO - Processing /home/airflow/.local/lib/python3.8/site-packages/airflow/example_dags/example_skip_dag.py took 0.053 seconds
[2024-01-03T02:20:24.341+0000] {processor.py:161} INFO - Started process (PID=203) to work on /home/airflow/.local/lib/python3.8/site-packages/airflow/example_dags/example_skip_dag.py
[2024-01-03T02:20:24.342+0000] {processor.py:830} INFO - Processing file /home/airflow/.local/lib/python3.8/site-packages/airflow/example_dags/example_skip_dag.py for tasks to queue
[2024-01-03T02:20:24.343+0000] {logging_mixin.py:188} INFO - [2024-01-03T02:20:24.343+0000] {dagbag.py:538} INFO - Filling up the DagBag from /home/airflow/.local/lib/python3.8/site-packages/airflow/example_dags/example_skip_dag.py
[2024-01-03T02:20:24.348+0000] {processor.py:840} INFO - DAG(s) 'example_skip_dag' retrieved from /home/airflow/.local/lib/python3.8/site-packages/airflow/example_dags/example_skip_dag.py
[2024-01-03T02:20:24.356+0000] {logging_mixin.py:188} INFO - [2024-01-03T02:20:24.356+0000] {dag.py:3033} INFO - Sync 1 DAGs
[2024-01-03T02:20:24.378+0000] {logging_mixin.py:188} INFO - [2024-01-03T02:20:24.378+0000] {dag.py:3820} INFO - Setting next_dagrun for example_skip_dag to 2024-01-02T00:00:00+00:00, run_after=2024-01-03T00:00:00+00:00
[2024-01-03T02:20:24.393+0000] {processor.py:183} INFO - Processing /home/airflow/.local/lib/python3.8/site-packages/airflow/example_dags/example_skip_dag.py took 0.053 seconds
[2024-01-03T02:20:55.067+0000] {processor.py:161} INFO - Started process (PID=258) to work on /home/airflow/.local/lib/python3.8/site-packages/airflow/example_dags/example_skip_dag.py
[2024-01-03T02:20:55.068+0000] {processor.py:830} INFO - Processing file /home/airflow/.local/lib/python3.8/site-packages/airflow/example_dags/example_skip_dag.py for tasks to queue
[2024-01-03T02:20:55.070+0000] {logging_mixin.py:188} INFO - [2024-01-03T02:20:55.069+0000] {dagbag.py:538} INFO - Filling up the DagBag from /home/airflow/.local/lib/python3.8/site-packages/airflow/example_dags/example_skip_dag.py
[2024-01-03T02:20:55.073+0000] {processor.py:840} INFO - DAG(s) 'example_skip_dag' retrieved from /home/airflow/.local/lib/python3.8/site-packages/airflow/example_dags/example_skip_dag.py
[2024-01-03T02:20:55.081+0000] {logging_mixin.py:188} INFO - [2024-01-03T02:20:55.081+0000] {dag.py:3033} INFO - Sync 1 DAGs
[2024-01-03T02:20:55.096+0000] {logging_mixin.py:188} INFO - [2024-01-03T02:20:55.096+0000] {dag.py:3820} INFO - Setting next_dagrun for example_skip_dag to 2024-01-02T00:00:00+00:00, run_after=2024-01-03T00:00:00+00:00
[2024-01-03T02:20:55.108+0000] {processor.py:183} INFO - Processing /home/airflow/.local/lib/python3.8/site-packages/airflow/example_dags/example_skip_dag.py took 0.042 seconds
[2024-01-03T02:21:25.735+0000] {processor.py:161} INFO - Started process (PID=313) to work on /home/airflow/.local/lib/python3.8/site-packages/airflow/example_dags/example_skip_dag.py
[2024-01-03T02:21:25.736+0000] {processor.py:830} INFO - Processing file /home/airflow/.local/lib/python3.8/site-packages/airflow/example_dags/example_skip_dag.py for tasks to queue
[2024-01-03T02:21:25.737+0000] {logging_mixin.py:188} INFO - [2024-01-03T02:21:25.737+0000] {dagbag.py:538} INFO - Filling up the DagBag from /home/airflow/.local/lib/python3.8/site-packages/airflow/example_dags/example_skip_dag.py
[2024-01-03T02:21:25.742+0000] {processor.py:840} INFO - DAG(s) 'example_skip_dag' retrieved from /home/airflow/.local/lib/python3.8/site-packages/airflow/example_dags/example_skip_dag.py
[2024-01-03T02:21:25.807+0000] {logging_mixin.py:188} INFO - [2024-01-03T02:21:25.807+0000] {dag.py:3033} INFO - Sync 1 DAGs
[2024-01-03T02:21:25.820+0000] {logging_mixin.py:188} INFO - [2024-01-03T02:21:25.820+0000] {dag.py:3820} INFO - Setting next_dagrun for example_skip_dag to 2024-01-02T00:00:00+00:00, run_after=2024-01-03T00:00:00+00:00
[2024-01-03T02:21:25.833+0000] {processor.py:183} INFO - Processing /home/airflow/.local/lib/python3.8/site-packages/airflow/example_dags/example_skip_dag.py took 0.100 seconds
[2024-01-03T02:21:55.962+0000] {processor.py:161} INFO - Started process (PID=368) to work on /home/airflow/.local/lib/python3.8/site-packages/airflow/example_dags/example_skip_dag.py
[2024-01-03T02:21:55.962+0000] {processor.py:830} INFO - Processing file /home/airflow/.local/lib/python3.8/site-packages/airflow/example_dags/example_skip_dag.py for tasks to queue
[2024-01-03T02:21:55.964+0000] {logging_mixin.py:188} INFO - [2024-01-03T02:21:55.964+0000] {dagbag.py:538} INFO - Filling up the DagBag from /home/airflow/.local/lib/python3.8/site-packages/airflow/example_dags/example_skip_dag.py
[2024-01-03T02:21:55.969+0000] {processor.py:840} INFO - DAG(s) 'example_skip_dag' retrieved from /home/airflow/.local/lib/python3.8/site-packages/airflow/example_dags/example_skip_dag.py
[2024-01-03T02:21:55.984+0000] {logging_mixin.py:188} INFO - [2024-01-03T02:21:55.984+0000] {dag.py:3033} INFO - Sync 1 DAGs
[2024-01-03T02:21:56.000+0000] {logging_mixin.py:188} INFO - [2024-01-03T02:21:55.999+0000] {dag.py:3820} INFO - Setting next_dagrun for example_skip_dag to 2024-01-02T00:00:00+00:00, run_after=2024-01-03T00:00:00+00:00
[2024-01-03T02:21:56.012+0000] {processor.py:183} INFO - Processing /home/airflow/.local/lib/python3.8/site-packages/airflow/example_dags/example_skip_dag.py took 0.053 seconds
[2024-01-03T02:22:26.107+0000] {processor.py:161} INFO - Started process (PID=423) to work on /home/airflow/.local/lib/python3.8/site-packages/airflow/example_dags/example_skip_dag.py
[2024-01-03T02:22:26.108+0000] {processor.py:830} INFO - Processing file /home/airflow/.local/lib/python3.8/site-packages/airflow/example_dags/example_skip_dag.py for tasks to queue
[2024-01-03T02:22:26.109+0000] {logging_mixin.py:188} INFO - [2024-01-03T02:22:26.109+0000] {dagbag.py:538} INFO - Filling up the DagBag from /home/airflow/.local/lib/python3.8/site-packages/airflow/example_dags/example_skip_dag.py
[2024-01-03T02:22:26.114+0000] {processor.py:840} INFO - DAG(s) 'example_skip_dag' retrieved from /home/airflow/.local/lib/python3.8/site-packages/airflow/example_dags/example_skip_dag.py
[2024-01-03T02:22:26.130+0000] {logging_mixin.py:188} INFO - [2024-01-03T02:22:26.129+0000] {dag.py:3033} INFO - Sync 1 DAGs
[2024-01-03T02:22:26.146+0000] {logging_mixin.py:188} INFO - [2024-01-03T02:22:26.146+0000] {dag.py:3820} INFO - Setting next_dagrun for example_skip_dag to 2024-01-02T00:00:00+00:00, run_after=2024-01-03T00:00:00+00:00
[2024-01-03T02:22:26.163+0000] {processor.py:183} INFO - Processing /home/airflow/.local/lib/python3.8/site-packages/airflow/example_dags/example_skip_dag.py took 0.058 seconds
[2024-01-03T02:22:56.406+0000] {processor.py:161} INFO - Started process (PID=478) to work on /home/airflow/.local/lib/python3.8/site-packages/airflow/example_dags/example_skip_dag.py
[2024-01-03T02:22:56.407+0000] {processor.py:830} INFO - Processing file /home/airflow/.local/lib/python3.8/site-packages/airflow/example_dags/example_skip_dag.py for tasks to queue
[2024-01-03T02:22:56.409+0000] {logging_mixin.py:188} INFO - [2024-01-03T02:22:56.409+0000] {dagbag.py:538} INFO - Filling up the DagBag from /home/airflow/.local/lib/python3.8/site-packages/airflow/example_dags/example_skip_dag.py
[2024-01-03T02:22:56.415+0000] {processor.py:840} INFO - DAG(s) 'example_skip_dag' retrieved from /home/airflow/.local/lib/python3.8/site-packages/airflow/example_dags/example_skip_dag.py
[2024-01-03T02:22:56.428+0000] {logging_mixin.py:188} INFO - [2024-01-03T02:22:56.428+0000] {dag.py:3033} INFO - Sync 1 DAGs
[2024-01-03T02:22:56.443+0000] {logging_mixin.py:188} INFO - [2024-01-03T02:22:56.443+0000] {dag.py:3820} INFO - Setting next_dagrun for example_skip_dag to 2024-01-02T00:00:00+00:00, run_after=2024-01-03T00:00:00+00:00
[2024-01-03T02:22:56.456+0000] {processor.py:183} INFO - Processing /home/airflow/.local/lib/python3.8/site-packages/airflow/example_dags/example_skip_dag.py took 0.051 seconds
[2024-01-03T02:23:26.612+0000] {processor.py:161} INFO - Started process (PID=533) to work on /home/airflow/.local/lib/python3.8/site-packages/airflow/example_dags/example_skip_dag.py
[2024-01-03T02:23:26.613+0000] {processor.py:830} INFO - Processing file /home/airflow/.local/lib/python3.8/site-packages/airflow/example_dags/example_skip_dag.py for tasks to queue
[2024-01-03T02:23:26.616+0000] {logging_mixin.py:188} INFO - [2024-01-03T02:23:26.616+0000] {dagbag.py:538} INFO - Filling up the DagBag from /home/airflow/.local/lib/python3.8/site-packages/airflow/example_dags/example_skip_dag.py
[2024-01-03T02:23:26.622+0000] {processor.py:840} INFO - DAG(s) 'example_skip_dag' retrieved from /home/airflow/.local/lib/python3.8/site-packages/airflow/example_dags/example_skip_dag.py
[2024-01-03T02:23:26.638+0000] {logging_mixin.py:188} INFO - [2024-01-03T02:23:26.638+0000] {dag.py:3033} INFO - Sync 1 DAGs
[2024-01-03T02:23:26.655+0000] {logging_mixin.py:188} INFO - [2024-01-03T02:23:26.654+0000] {dag.py:3820} INFO - Setting next_dagrun for example_skip_dag to 2024-01-02T00:00:00+00:00, run_after=2024-01-03T00:00:00+00:00
[2024-01-03T02:23:26.669+0000] {processor.py:183} INFO - Processing /home/airflow/.local/lib/python3.8/site-packages/airflow/example_dags/example_skip_dag.py took 0.060 seconds
[2024-01-03T02:23:56.787+0000] {processor.py:161} INFO - Started process (PID=588) to work on /home/airflow/.local/lib/python3.8/site-packages/airflow/example_dags/example_skip_dag.py
[2024-01-03T02:23:56.788+0000] {processor.py:830} INFO - Processing file /home/airflow/.local/lib/python3.8/site-packages/airflow/example_dags/example_skip_dag.py for tasks to queue
[2024-01-03T02:23:56.789+0000] {logging_mixin.py:188} INFO - [2024-01-03T02:23:56.789+0000] {dagbag.py:538} INFO - Filling up the DagBag from /home/airflow/.local/lib/python3.8/site-packages/airflow/example_dags/example_skip_dag.py
[2024-01-03T02:23:56.793+0000] {processor.py:840} INFO - DAG(s) 'example_skip_dag' retrieved from /home/airflow/.local/lib/python3.8/site-packages/airflow/example_dags/example_skip_dag.py
[2024-01-03T02:23:56.808+0000] {logging_mixin.py:188} INFO - [2024-01-03T02:23:56.808+0000] {dag.py:3033} INFO - Sync 1 DAGs
[2024-01-03T02:23:56.825+0000] {logging_mixin.py:188} INFO - [2024-01-03T02:23:56.825+0000] {dag.py:3820} INFO - Setting next_dagrun for example_skip_dag to 2024-01-02T00:00:00+00:00, run_after=2024-01-03T00:00:00+00:00
[2024-01-03T02:23:56.838+0000] {processor.py:183} INFO - Processing /home/airflow/.local/lib/python3.8/site-packages/airflow/example_dags/example_skip_dag.py took 0.053 seconds
[2024-01-03T02:24:26.868+0000] {processor.py:161} INFO - Started process (PID=643) to work on /home/airflow/.local/lib/python3.8/site-packages/airflow/example_dags/example_skip_dag.py
[2024-01-03T02:24:26.868+0000] {processor.py:830} INFO - Processing file /home/airflow/.local/lib/python3.8/site-packages/airflow/example_dags/example_skip_dag.py for tasks to queue
[2024-01-03T02:24:26.870+0000] {logging_mixin.py:188} INFO - [2024-01-03T02:24:26.870+0000] {dagbag.py:538} INFO - Filling up the DagBag from /home/airflow/.local/lib/python3.8/site-packages/airflow/example_dags/example_skip_dag.py
[2024-01-03T02:24:26.874+0000] {processor.py:840} INFO - DAG(s) 'example_skip_dag' retrieved from /home/airflow/.local/lib/python3.8/site-packages/airflow/example_dags/example_skip_dag.py
[2024-01-03T02:24:26.887+0000] {logging_mixin.py:188} INFO - [2024-01-03T02:24:26.887+0000] {dag.py:3033} INFO - Sync 1 DAGs
[2024-01-03T02:24:26.902+0000] {logging_mixin.py:188} INFO - [2024-01-03T02:24:26.902+0000] {dag.py:3820} INFO - Setting next_dagrun for example_skip_dag to 2024-01-02T00:00:00+00:00, run_after=2024-01-03T00:00:00+00:00
[2024-01-03T02:24:26.914+0000] {processor.py:183} INFO - Processing /home/airflow/.local/lib/python3.8/site-packages/airflow/example_dags/example_skip_dag.py took 0.048 seconds
[2024-01-03T02:24:57.630+0000] {processor.py:161} INFO - Started process (PID=698) to work on /home/airflow/.local/lib/python3.8/site-packages/airflow/example_dags/example_skip_dag.py
[2024-01-03T02:24:57.631+0000] {processor.py:830} INFO - Processing file /home/airflow/.local/lib/python3.8/site-packages/airflow/example_dags/example_skip_dag.py for tasks to queue
[2024-01-03T02:24:57.633+0000] {logging_mixin.py:188} INFO - [2024-01-03T02:24:57.632+0000] {dagbag.py:538} INFO - Filling up the DagBag from /home/airflow/.local/lib/python3.8/site-packages/airflow/example_dags/example_skip_dag.py
[2024-01-03T02:24:57.637+0000] {processor.py:840} INFO - DAG(s) 'example_skip_dag' retrieved from /home/airflow/.local/lib/python3.8/site-packages/airflow/example_dags/example_skip_dag.py
[2024-01-03T02:24:57.651+0000] {logging_mixin.py:188} INFO - [2024-01-03T02:24:57.651+0000] {dag.py:3033} INFO - Sync 1 DAGs
[2024-01-03T02:24:57.666+0000] {logging_mixin.py:188} INFO - [2024-01-03T02:24:57.666+0000] {dag.py:3820} INFO - Setting next_dagrun for example_skip_dag to 2024-01-02T00:00:00+00:00, run_after=2024-01-03T00:00:00+00:00
[2024-01-03T02:24:57.678+0000] {processor.py:183} INFO - Processing /home/airflow/.local/lib/python3.8/site-packages/airflow/example_dags/example_skip_dag.py took 0.050 seconds
[2024-01-03T02:25:27.760+0000] {processor.py:161} INFO - Started process (PID=753) to work on /home/airflow/.local/lib/python3.8/site-packages/airflow/example_dags/example_skip_dag.py
[2024-01-03T02:25:27.761+0000] {processor.py:830} INFO - Processing file /home/airflow/.local/lib/python3.8/site-packages/airflow/example_dags/example_skip_dag.py for tasks to queue
[2024-01-03T02:25:27.762+0000] {logging_mixin.py:188} INFO - [2024-01-03T02:25:27.762+0000] {dagbag.py:538} INFO - Filling up the DagBag from /home/airflow/.local/lib/python3.8/site-packages/airflow/example_dags/example_skip_dag.py
[2024-01-03T02:25:27.766+0000] {processor.py:840} INFO - DAG(s) 'example_skip_dag' retrieved from /home/airflow/.local/lib/python3.8/site-packages/airflow/example_dags/example_skip_dag.py
[2024-01-03T02:25:27.779+0000] {logging_mixin.py:188} INFO - [2024-01-03T02:25:27.779+0000] {dag.py:3033} INFO - Sync 1 DAGs
[2024-01-03T02:25:27.793+0000] {logging_mixin.py:188} INFO - [2024-01-03T02:25:27.793+0000] {dag.py:3820} INFO - Setting next_dagrun for example_skip_dag to 2024-01-02T00:00:00+00:00, run_after=2024-01-03T00:00:00+00:00
[2024-01-03T02:25:27.805+0000] {processor.py:183} INFO - Processing /home/airflow/.local/lib/python3.8/site-packages/airflow/example_dags/example_skip_dag.py took 0.047 seconds
[2024-01-03T02:25:57.910+0000] {processor.py:161} INFO - Started process (PID=808) to work on /home/airflow/.local/lib/python3.8/site-packages/airflow/example_dags/example_skip_dag.py
[2024-01-03T02:25:57.911+0000] {processor.py:830} INFO - Processing file /home/airflow/.local/lib/python3.8/site-packages/airflow/example_dags/example_skip_dag.py for tasks to queue
[2024-01-03T02:25:57.912+0000] {logging_mixin.py:188} INFO - [2024-01-03T02:25:57.912+0000] {dagbag.py:538} INFO - Filling up the DagBag from /home/airflow/.local/lib/python3.8/site-packages/airflow/example_dags/example_skip_dag.py
[2024-01-03T02:25:57.916+0000] {processor.py:840} INFO - DAG(s) 'example_skip_dag' retrieved from /home/airflow/.local/lib/python3.8/site-packages/airflow/example_dags/example_skip_dag.py
[2024-01-03T02:25:57.930+0000] {logging_mixin.py:188} INFO - [2024-01-03T02:25:57.930+0000] {dag.py:3033} INFO - Sync 1 DAGs
[2024-01-03T02:25:57.945+0000] {logging_mixin.py:188} INFO - [2024-01-03T02:25:57.945+0000] {dag.py:3820} INFO - Setting next_dagrun for example_skip_dag to 2024-01-02T00:00:00+00:00, run_after=2024-01-03T00:00:00+00:00
[2024-01-03T02:25:57.957+0000] {processor.py:183} INFO - Processing /home/airflow/.local/lib/python3.8/site-packages/airflow/example_dags/example_skip_dag.py took 0.049 seconds
[2024-01-03T02:26:28.106+0000] {processor.py:161} INFO - Started process (PID=863) to work on /home/airflow/.local/lib/python3.8/site-packages/airflow/example_dags/example_skip_dag.py
[2024-01-03T02:26:28.107+0000] {processor.py:830} INFO - Processing file /home/airflow/.local/lib/python3.8/site-packages/airflow/example_dags/example_skip_dag.py for tasks to queue
[2024-01-03T02:26:28.108+0000] {logging_mixin.py:188} INFO - [2024-01-03T02:26:28.108+0000] {dagbag.py:538} INFO - Filling up the DagBag from /home/airflow/.local/lib/python3.8/site-packages/airflow/example_dags/example_skip_dag.py
[2024-01-03T02:26:28.113+0000] {processor.py:840} INFO - DAG(s) 'example_skip_dag' retrieved from /home/airflow/.local/lib/python3.8/site-packages/airflow/example_dags/example_skip_dag.py
[2024-01-03T02:26:28.127+0000] {logging_mixin.py:188} INFO - [2024-01-03T02:26:28.127+0000] {dag.py:3033} INFO - Sync 1 DAGs
[2024-01-03T02:26:28.145+0000] {logging_mixin.py:188} INFO - [2024-01-03T02:26:28.145+0000] {dag.py:3820} INFO - Setting next_dagrun for example_skip_dag to 2024-01-02T00:00:00+00:00, run_after=2024-01-03T00:00:00+00:00
[2024-01-03T02:26:28.158+0000] {processor.py:183} INFO - Processing /home/airflow/.local/lib/python3.8/site-packages/airflow/example_dags/example_skip_dag.py took 0.054 seconds
[2024-01-03T02:26:58.915+0000] {processor.py:161} INFO - Started process (PID=918) to work on /home/airflow/.local/lib/python3.8/site-packages/airflow/example_dags/example_skip_dag.py
[2024-01-03T02:26:58.916+0000] {processor.py:830} INFO - Processing file /home/airflow/.local/lib/python3.8/site-packages/airflow/example_dags/example_skip_dag.py for tasks to queue
[2024-01-03T02:26:58.917+0000] {logging_mixin.py:188} INFO - [2024-01-03T02:26:58.917+0000] {dagbag.py:538} INFO - Filling up the DagBag from /home/airflow/.local/lib/python3.8/site-packages/airflow/example_dags/example_skip_dag.py
[2024-01-03T02:26:58.921+0000] {processor.py:840} INFO - DAG(s) 'example_skip_dag' retrieved from /home/airflow/.local/lib/python3.8/site-packages/airflow/example_dags/example_skip_dag.py
[2024-01-03T02:26:58.935+0000] {logging_mixin.py:188} INFO - [2024-01-03T02:26:58.935+0000] {dag.py:3033} INFO - Sync 1 DAGs
[2024-01-03T02:26:58.950+0000] {logging_mixin.py:188} INFO - [2024-01-03T02:26:58.950+0000] {dag.py:3820} INFO - Setting next_dagrun for example_skip_dag to 2024-01-02T00:00:00+00:00, run_after=2024-01-03T00:00:00+00:00
[2024-01-03T02:26:58.962+0000] {processor.py:183} INFO - Processing /home/airflow/.local/lib/python3.8/site-packages/airflow/example_dags/example_skip_dag.py took 0.049 seconds
[2024-01-03T02:27:29.690+0000] {processor.py:161} INFO - Started process (PID=973) to work on /home/airflow/.local/lib/python3.8/site-packages/airflow/example_dags/example_skip_dag.py
[2024-01-03T02:27:29.691+0000] {processor.py:830} INFO - Processing file /home/airflow/.local/lib/python3.8/site-packages/airflow/example_dags/example_skip_dag.py for tasks to queue
[2024-01-03T02:27:29.692+0000] {logging_mixin.py:188} INFO - [2024-01-03T02:27:29.692+0000] {dagbag.py:538} INFO - Filling up the DagBag from /home/airflow/.local/lib/python3.8/site-packages/airflow/example_dags/example_skip_dag.py
[2024-01-03T02:27:29.696+0000] {processor.py:840} INFO - DAG(s) 'example_skip_dag' retrieved from /home/airflow/.local/lib/python3.8/site-packages/airflow/example_dags/example_skip_dag.py
[2024-01-03T02:27:29.710+0000] {logging_mixin.py:188} INFO - [2024-01-03T02:27:29.710+0000] {dag.py:3033} INFO - Sync 1 DAGs
[2024-01-03T02:27:29.726+0000] {logging_mixin.py:188} INFO - [2024-01-03T02:27:29.726+0000] {dag.py:3820} INFO - Setting next_dagrun for example_skip_dag to 2024-01-02T00:00:00+00:00, run_after=2024-01-03T00:00:00+00:00
[2024-01-03T02:27:29.739+0000] {processor.py:183} INFO - Processing /home/airflow/.local/lib/python3.8/site-packages/airflow/example_dags/example_skip_dag.py took 0.051 seconds
[2024-01-03T02:28:00.601+0000] {processor.py:161} INFO - Started process (PID=1028) to work on /home/airflow/.local/lib/python3.8/site-packages/airflow/example_dags/example_skip_dag.py
[2024-01-03T02:28:00.601+0000] {processor.py:830} INFO - Processing file /home/airflow/.local/lib/python3.8/site-packages/airflow/example_dags/example_skip_dag.py for tasks to queue
[2024-01-03T02:28:00.603+0000] {logging_mixin.py:188} INFO - [2024-01-03T02:28:00.602+0000] {dagbag.py:538} INFO - Filling up the DagBag from /home/airflow/.local/lib/python3.8/site-packages/airflow/example_dags/example_skip_dag.py
[2024-01-03T02:28:00.607+0000] {processor.py:840} INFO - DAG(s) 'example_skip_dag' retrieved from /home/airflow/.local/lib/python3.8/site-packages/airflow/example_dags/example_skip_dag.py
[2024-01-03T02:28:00.620+0000] {logging_mixin.py:188} INFO - [2024-01-03T02:28:00.620+0000] {dag.py:3033} INFO - Sync 1 DAGs
[2024-01-03T02:28:00.635+0000] {logging_mixin.py:188} INFO - [2024-01-03T02:28:00.635+0000] {dag.py:3820} INFO - Setting next_dagrun for example_skip_dag to 2024-01-02T00:00:00+00:00, run_after=2024-01-03T00:00:00+00:00
[2024-01-03T02:28:00.646+0000] {processor.py:183} INFO - Processing /home/airflow/.local/lib/python3.8/site-packages/airflow/example_dags/example_skip_dag.py took 0.048 seconds
[2024-01-03T02:28:31.430+0000] {processor.py:161} INFO - Started process (PID=1083) to work on /home/airflow/.local/lib/python3.8/site-packages/airflow/example_dags/example_skip_dag.py
[2024-01-03T02:28:31.431+0000] {processor.py:830} INFO - Processing file /home/airflow/.local/lib/python3.8/site-packages/airflow/example_dags/example_skip_dag.py for tasks to queue
[2024-01-03T02:28:31.433+0000] {logging_mixin.py:188} INFO - [2024-01-03T02:28:31.433+0000] {dagbag.py:538} INFO - Filling up the DagBag from /home/airflow/.local/lib/python3.8/site-packages/airflow/example_dags/example_skip_dag.py
[2024-01-03T02:28:31.438+0000] {processor.py:840} INFO - DAG(s) 'example_skip_dag' retrieved from /home/airflow/.local/lib/python3.8/site-packages/airflow/example_dags/example_skip_dag.py
[2024-01-03T02:28:31.454+0000] {logging_mixin.py:188} INFO - [2024-01-03T02:28:31.454+0000] {dag.py:3033} INFO - Sync 1 DAGs
[2024-01-03T02:28:31.471+0000] {logging_mixin.py:188} INFO - [2024-01-03T02:28:31.471+0000] {dag.py:3820} INFO - Setting next_dagrun for example_skip_dag to 2024-01-02T00:00:00+00:00, run_after=2024-01-03T00:00:00+00:00
[2024-01-03T02:28:31.485+0000] {processor.py:183} INFO - Processing /home/airflow/.local/lib/python3.8/site-packages/airflow/example_dags/example_skip_dag.py took 0.058 seconds
[2024-01-03T02:29:02.144+0000] {processor.py:161} INFO - Started process (PID=1138) to work on /home/airflow/.local/lib/python3.8/site-packages/airflow/example_dags/example_skip_dag.py
[2024-01-03T02:29:02.145+0000] {processor.py:830} INFO - Processing file /home/airflow/.local/lib/python3.8/site-packages/airflow/example_dags/example_skip_dag.py for tasks to queue
[2024-01-03T02:29:02.147+0000] {logging_mixin.py:188} INFO - [2024-01-03T02:29:02.147+0000] {dagbag.py:538} INFO - Filling up the DagBag from /home/airflow/.local/lib/python3.8/site-packages/airflow/example_dags/example_skip_dag.py
[2024-01-03T02:29:02.151+0000] {processor.py:840} INFO - DAG(s) 'example_skip_dag' retrieved from /home/airflow/.local/lib/python3.8/site-packages/airflow/example_dags/example_skip_dag.py
[2024-01-03T02:29:02.164+0000] {logging_mixin.py:188} INFO - [2024-01-03T02:29:02.164+0000] {dag.py:3033} INFO - Sync 1 DAGs
[2024-01-03T02:29:02.178+0000] {logging_mixin.py:188} INFO - [2024-01-03T02:29:02.178+0000] {dag.py:3820} INFO - Setting next_dagrun for example_skip_dag to 2024-01-02T00:00:00+00:00, run_after=2024-01-03T00:00:00+00:00
[2024-01-03T02:29:02.190+0000] {processor.py:183} INFO - Processing /home/airflow/.local/lib/python3.8/site-packages/airflow/example_dags/example_skip_dag.py took 0.048 seconds
[2024-01-03T02:29:32.888+0000] {processor.py:161} INFO - Started process (PID=1193) to work on /home/airflow/.local/lib/python3.8/site-packages/airflow/example_dags/example_skip_dag.py
[2024-01-03T02:29:32.888+0000] {processor.py:830} INFO - Processing file /home/airflow/.local/lib/python3.8/site-packages/airflow/example_dags/example_skip_dag.py for tasks to queue
[2024-01-03T02:29:32.890+0000] {logging_mixin.py:188} INFO - [2024-01-03T02:29:32.890+0000] {dagbag.py:538} INFO - Filling up the DagBag from /home/airflow/.local/lib/python3.8/site-packages/airflow/example_dags/example_skip_dag.py
[2024-01-03T02:29:32.894+0000] {processor.py:840} INFO - DAG(s) 'example_skip_dag' retrieved from /home/airflow/.local/lib/python3.8/site-packages/airflow/example_dags/example_skip_dag.py
[2024-01-03T02:29:32.907+0000] {logging_mixin.py:188} INFO - [2024-01-03T02:29:32.907+0000] {dag.py:3033} INFO - Sync 1 DAGs
[2024-01-03T02:29:32.921+0000] {logging_mixin.py:188} INFO - [2024-01-03T02:29:32.921+0000] {dag.py:3820} INFO - Setting next_dagrun for example_skip_dag to 2024-01-02T00:00:00+00:00, run_after=2024-01-03T00:00:00+00:00
[2024-01-03T02:29:32.934+0000] {processor.py:183} INFO - Processing /home/airflow/.local/lib/python3.8/site-packages/airflow/example_dags/example_skip_dag.py took 0.048 seconds
[2024-01-03T02:30:02.980+0000] {processor.py:161} INFO - Started process (PID=1248) to work on /home/airflow/.local/lib/python3.8/site-packages/airflow/example_dags/example_skip_dag.py
[2024-01-03T02:30:02.981+0000] {processor.py:830} INFO - Processing file /home/airflow/.local/lib/python3.8/site-packages/airflow/example_dags/example_skip_dag.py for tasks to queue
[2024-01-03T02:30:02.983+0000] {logging_mixin.py:188} INFO - [2024-01-03T02:30:02.982+0000] {dagbag.py:538} INFO - Filling up the DagBag from /home/airflow/.local/lib/python3.8/site-packages/airflow/example_dags/example_skip_dag.py
[2024-01-03T02:30:02.987+0000] {processor.py:840} INFO - DAG(s) 'example_skip_dag' retrieved from /home/airflow/.local/lib/python3.8/site-packages/airflow/example_dags/example_skip_dag.py
[2024-01-03T02:30:03.000+0000] {logging_mixin.py:188} INFO - [2024-01-03T02:30:03.000+0000] {dag.py:3033} INFO - Sync 1 DAGs
[2024-01-03T02:30:03.014+0000] {logging_mixin.py:188} INFO - [2024-01-03T02:30:03.014+0000] {dag.py:3820} INFO - Setting next_dagrun for example_skip_dag to 2024-01-02T00:00:00+00:00, run_after=2024-01-03T00:00:00+00:00
[2024-01-03T02:30:03.027+0000] {processor.py:183} INFO - Processing /home/airflow/.local/lib/python3.8/site-packages/airflow/example_dags/example_skip_dag.py took 0.048 seconds
[2024-01-03T02:30:33.985+0000] {processor.py:161} INFO - Started process (PID=1303) to work on /home/airflow/.local/lib/python3.8/site-packages/airflow/example_dags/example_skip_dag.py
[2024-01-03T02:30:33.986+0000] {processor.py:830} INFO - Processing file /home/airflow/.local/lib/python3.8/site-packages/airflow/example_dags/example_skip_dag.py for tasks to queue
[2024-01-03T02:30:33.987+0000] {logging_mixin.py:188} INFO - [2024-01-03T02:30:33.987+0000] {dagbag.py:538} INFO - Filling up the DagBag from /home/airflow/.local/lib/python3.8/site-packages/airflow/example_dags/example_skip_dag.py
[2024-01-03T02:30:33.992+0000] {processor.py:840} INFO - DAG(s) 'example_skip_dag' retrieved from /home/airflow/.local/lib/python3.8/site-packages/airflow/example_dags/example_skip_dag.py
[2024-01-03T02:30:34.007+0000] {logging_mixin.py:188} INFO - [2024-01-03T02:30:34.007+0000] {dag.py:3033} INFO - Sync 1 DAGs
[2024-01-03T02:30:34.023+0000] {logging_mixin.py:188} INFO - [2024-01-03T02:30:34.023+0000] {dag.py:3820} INFO - Setting next_dagrun for example_skip_dag to 2024-01-02T00:00:00+00:00, run_after=2024-01-03T00:00:00+00:00
[2024-01-03T02:30:34.037+0000] {processor.py:183} INFO - Processing /home/airflow/.local/lib/python3.8/site-packages/airflow/example_dags/example_skip_dag.py took 0.054 seconds
[2024-01-03T02:31:04.075+0000] {processor.py:161} INFO - Started process (PID=1358) to work on /home/airflow/.local/lib/python3.8/site-packages/airflow/example_dags/example_skip_dag.py
[2024-01-03T02:31:04.076+0000] {processor.py:830} INFO - Processing file /home/airflow/.local/lib/python3.8/site-packages/airflow/example_dags/example_skip_dag.py for tasks to queue
[2024-01-03T02:31:04.077+0000] {logging_mixin.py:188} INFO - [2024-01-03T02:31:04.077+0000] {dagbag.py:538} INFO - Filling up the DagBag from /home/airflow/.local/lib/python3.8/site-packages/airflow/example_dags/example_skip_dag.py
[2024-01-03T02:31:04.081+0000] {processor.py:840} INFO - DAG(s) 'example_skip_dag' retrieved from /home/airflow/.local/lib/python3.8/site-packages/airflow/example_dags/example_skip_dag.py
[2024-01-03T02:31:04.094+0000] {logging_mixin.py:188} INFO - [2024-01-03T02:31:04.094+0000] {dag.py:3033} INFO - Sync 1 DAGs
[2024-01-03T02:31:04.109+0000] {logging_mixin.py:188} INFO - [2024-01-03T02:31:04.109+0000] {dag.py:3820} INFO - Setting next_dagrun for example_skip_dag to 2024-01-02T00:00:00+00:00, run_after=2024-01-03T00:00:00+00:00
[2024-01-03T02:31:04.121+0000] {processor.py:183} INFO - Processing /home/airflow/.local/lib/python3.8/site-packages/airflow/example_dags/example_skip_dag.py took 0.048 seconds
[2024-01-03T02:31:34.388+0000] {processor.py:161} INFO - Started process (PID=1413) to work on /home/airflow/.local/lib/python3.8/site-packages/airflow/example_dags/example_skip_dag.py
[2024-01-03T02:31:34.389+0000] {processor.py:830} INFO - Processing file /home/airflow/.local/lib/python3.8/site-packages/airflow/example_dags/example_skip_dag.py for tasks to queue
[2024-01-03T02:31:34.390+0000] {logging_mixin.py:188} INFO - [2024-01-03T02:31:34.390+0000] {dagbag.py:538} INFO - Filling up the DagBag from /home/airflow/.local/lib/python3.8/site-packages/airflow/example_dags/example_skip_dag.py
[2024-01-03T02:31:34.394+0000] {processor.py:840} INFO - DAG(s) 'example_skip_dag' retrieved from /home/airflow/.local/lib/python3.8/site-packages/airflow/example_dags/example_skip_dag.py
[2024-01-03T02:31:34.408+0000] {logging_mixin.py:188} INFO - [2024-01-03T02:31:34.408+0000] {dag.py:3033} INFO - Sync 1 DAGs
[2024-01-03T02:31:34.422+0000] {logging_mixin.py:188} INFO - [2024-01-03T02:31:34.422+0000] {dag.py:3820} INFO - Setting next_dagrun for example_skip_dag to 2024-01-02T00:00:00+00:00, run_after=2024-01-03T00:00:00+00:00
[2024-01-03T02:31:34.434+0000] {processor.py:183} INFO - Processing /home/airflow/.local/lib/python3.8/site-packages/airflow/example_dags/example_skip_dag.py took 0.048 seconds
[2024-01-03T02:32:04.518+0000] {processor.py:161} INFO - Started process (PID=1468) to work on /home/airflow/.local/lib/python3.8/site-packages/airflow/example_dags/example_skip_dag.py
[2024-01-03T02:32:04.519+0000] {processor.py:830} INFO - Processing file /home/airflow/.local/lib/python3.8/site-packages/airflow/example_dags/example_skip_dag.py for tasks to queue
[2024-01-03T02:32:04.520+0000] {logging_mixin.py:188} INFO - [2024-01-03T02:32:04.520+0000] {dagbag.py:538} INFO - Filling up the DagBag from /home/airflow/.local/lib/python3.8/site-packages/airflow/example_dags/example_skip_dag.py
[2024-01-03T02:32:04.524+0000] {processor.py:840} INFO - DAG(s) 'example_skip_dag' retrieved from /home/airflow/.local/lib/python3.8/site-packages/airflow/example_dags/example_skip_dag.py
[2024-01-03T02:32:04.537+0000] {logging_mixin.py:188} INFO - [2024-01-03T02:32:04.537+0000] {dag.py:3033} INFO - Sync 1 DAGs
[2024-01-03T02:32:04.552+0000] {logging_mixin.py:188} INFO - [2024-01-03T02:32:04.552+0000] {dag.py:3820} INFO - Setting next_dagrun for example_skip_dag to 2024-01-02T00:00:00+00:00, run_after=2024-01-03T00:00:00+00:00
[2024-01-03T02:32:04.564+0000] {processor.py:183} INFO - Processing /home/airflow/.local/lib/python3.8/site-packages/airflow/example_dags/example_skip_dag.py took 0.048 seconds
[2024-01-03T02:32:34.705+0000] {processor.py:161} INFO - Started process (PID=1523) to work on /home/airflow/.local/lib/python3.8/site-packages/airflow/example_dags/example_skip_dag.py
[2024-01-03T02:32:34.706+0000] {processor.py:830} INFO - Processing file /home/airflow/.local/lib/python3.8/site-packages/airflow/example_dags/example_skip_dag.py for tasks to queue
[2024-01-03T02:32:34.707+0000] {logging_mixin.py:188} INFO - [2024-01-03T02:32:34.707+0000] {dagbag.py:538} INFO - Filling up the DagBag from /home/airflow/.local/lib/python3.8/site-packages/airflow/example_dags/example_skip_dag.py
[2024-01-03T02:32:34.712+0000] {processor.py:840} INFO - DAG(s) 'example_skip_dag' retrieved from /home/airflow/.local/lib/python3.8/site-packages/airflow/example_dags/example_skip_dag.py
[2024-01-03T02:32:34.726+0000] {logging_mixin.py:188} INFO - [2024-01-03T02:32:34.726+0000] {dag.py:3033} INFO - Sync 1 DAGs
[2024-01-03T02:32:34.742+0000] {logging_mixin.py:188} INFO - [2024-01-03T02:32:34.742+0000] {dag.py:3820} INFO - Setting next_dagrun for example_skip_dag to 2024-01-02T00:00:00+00:00, run_after=2024-01-03T00:00:00+00:00
[2024-01-03T02:32:34.755+0000] {processor.py:183} INFO - Processing /home/airflow/.local/lib/python3.8/site-packages/airflow/example_dags/example_skip_dag.py took 0.053 seconds
[2024-01-03T02:33:04.783+0000] {processor.py:161} INFO - Started process (PID=1578) to work on /home/airflow/.local/lib/python3.8/site-packages/airflow/example_dags/example_skip_dag.py
[2024-01-03T02:33:04.784+0000] {processor.py:830} INFO - Processing file /home/airflow/.local/lib/python3.8/site-packages/airflow/example_dags/example_skip_dag.py for tasks to queue
[2024-01-03T02:33:04.785+0000] {logging_mixin.py:188} INFO - [2024-01-03T02:33:04.785+0000] {dagbag.py:538} INFO - Filling up the DagBag from /home/airflow/.local/lib/python3.8/site-packages/airflow/example_dags/example_skip_dag.py
[2024-01-03T02:33:04.790+0000] {processor.py:840} INFO - DAG(s) 'example_skip_dag' retrieved from /home/airflow/.local/lib/python3.8/site-packages/airflow/example_dags/example_skip_dag.py
[2024-01-03T02:33:04.803+0000] {logging_mixin.py:188} INFO - [2024-01-03T02:33:04.803+0000] {dag.py:3033} INFO - Sync 1 DAGs
[2024-01-03T02:33:04.817+0000] {logging_mixin.py:188} INFO - [2024-01-03T02:33:04.817+0000] {dag.py:3820} INFO - Setting next_dagrun for example_skip_dag to 2024-01-02T00:00:00+00:00, run_after=2024-01-03T00:00:00+00:00
[2024-01-03T02:33:04.829+0000] {processor.py:183} INFO - Processing /home/airflow/.local/lib/python3.8/site-packages/airflow/example_dags/example_skip_dag.py took 0.048 seconds
[2024-01-03T02:33:34.932+0000] {processor.py:161} INFO - Started process (PID=1633) to work on /home/airflow/.local/lib/python3.8/site-packages/airflow/example_dags/example_skip_dag.py
[2024-01-03T02:33:34.933+0000] {processor.py:830} INFO - Processing file /home/airflow/.local/lib/python3.8/site-packages/airflow/example_dags/example_skip_dag.py for tasks to queue
[2024-01-03T02:33:34.934+0000] {logging_mixin.py:188} INFO - [2024-01-03T02:33:34.934+0000] {dagbag.py:538} INFO - Filling up the DagBag from /home/airflow/.local/lib/python3.8/site-packages/airflow/example_dags/example_skip_dag.py
[2024-01-03T02:33:34.938+0000] {processor.py:840} INFO - DAG(s) 'example_skip_dag' retrieved from /home/airflow/.local/lib/python3.8/site-packages/airflow/example_dags/example_skip_dag.py
[2024-01-03T02:33:34.951+0000] {logging_mixin.py:188} INFO - [2024-01-03T02:33:34.951+0000] {dag.py:3033} INFO - Sync 1 DAGs
[2024-01-03T02:33:34.966+0000] {logging_mixin.py:188} INFO - [2024-01-03T02:33:34.966+0000] {dag.py:3820} INFO - Setting next_dagrun for example_skip_dag to 2024-01-02T00:00:00+00:00, run_after=2024-01-03T00:00:00+00:00
[2024-01-03T02:33:34.978+0000] {processor.py:183} INFO - Processing /home/airflow/.local/lib/python3.8/site-packages/airflow/example_dags/example_skip_dag.py took 0.049 seconds
[2024-01-03T02:34:05.080+0000] {processor.py:161} INFO - Started process (PID=1688) to work on /home/airflow/.local/lib/python3.8/site-packages/airflow/example_dags/example_skip_dag.py
[2024-01-03T02:34:05.081+0000] {processor.py:830} INFO - Processing file /home/airflow/.local/lib/python3.8/site-packages/airflow/example_dags/example_skip_dag.py for tasks to queue
[2024-01-03T02:34:05.082+0000] {logging_mixin.py:188} INFO - [2024-01-03T02:34:05.082+0000] {dagbag.py:538} INFO - Filling up the DagBag from /home/airflow/.local/lib/python3.8/site-packages/airflow/example_dags/example_skip_dag.py
[2024-01-03T02:34:05.087+0000] {processor.py:840} INFO - DAG(s) 'example_skip_dag' retrieved from /home/airflow/.local/lib/python3.8/site-packages/airflow/example_dags/example_skip_dag.py
[2024-01-03T02:34:05.103+0000] {logging_mixin.py:188} INFO - [2024-01-03T02:34:05.103+0000] {dag.py:3033} INFO - Sync 1 DAGs
[2024-01-03T02:34:05.120+0000] {logging_mixin.py:188} INFO - [2024-01-03T02:34:05.120+0000] {dag.py:3820} INFO - Setting next_dagrun for example_skip_dag to 2024-01-02T00:00:00+00:00, run_after=2024-01-03T00:00:00+00:00
[2024-01-03T02:34:05.134+0000] {processor.py:183} INFO - Processing /home/airflow/.local/lib/python3.8/site-packages/airflow/example_dags/example_skip_dag.py took 0.057 seconds
[2024-01-03T02:34:35.830+0000] {processor.py:161} INFO - Started process (PID=1744) to work on /home/airflow/.local/lib/python3.8/site-packages/airflow/example_dags/example_skip_dag.py
[2024-01-03T02:34:35.831+0000] {processor.py:830} INFO - Processing file /home/airflow/.local/lib/python3.8/site-packages/airflow/example_dags/example_skip_dag.py for tasks to queue
[2024-01-03T02:34:35.833+0000] {logging_mixin.py:188} INFO - [2024-01-03T02:34:35.832+0000] {dagbag.py:538} INFO - Filling up the DagBag from /home/airflow/.local/lib/python3.8/site-packages/airflow/example_dags/example_skip_dag.py
[2024-01-03T02:34:35.837+0000] {processor.py:840} INFO - DAG(s) 'example_skip_dag' retrieved from /home/airflow/.local/lib/python3.8/site-packages/airflow/example_dags/example_skip_dag.py
[2024-01-03T02:34:35.851+0000] {logging_mixin.py:188} INFO - [2024-01-03T02:34:35.851+0000] {dag.py:3033} INFO - Sync 1 DAGs
[2024-01-03T02:34:35.868+0000] {logging_mixin.py:188} INFO - [2024-01-03T02:34:35.868+0000] {dag.py:3820} INFO - Setting next_dagrun for example_skip_dag to 2024-01-02T00:00:00+00:00, run_after=2024-01-03T00:00:00+00:00
[2024-01-03T02:34:35.881+0000] {processor.py:183} INFO - Processing /home/airflow/.local/lib/python3.8/site-packages/airflow/example_dags/example_skip_dag.py took 0.052 seconds
[2024-01-03T02:35:06.596+0000] {processor.py:161} INFO - Started process (PID=1799) to work on /home/airflow/.local/lib/python3.8/site-packages/airflow/example_dags/example_skip_dag.py
[2024-01-03T02:35:06.597+0000] {processor.py:830} INFO - Processing file /home/airflow/.local/lib/python3.8/site-packages/airflow/example_dags/example_skip_dag.py for tasks to queue
[2024-01-03T02:35:06.598+0000] {logging_mixin.py:188} INFO - [2024-01-03T02:35:06.598+0000] {dagbag.py:538} INFO - Filling up the DagBag from /home/airflow/.local/lib/python3.8/site-packages/airflow/example_dags/example_skip_dag.py
[2024-01-03T02:35:06.602+0000] {processor.py:840} INFO - DAG(s) 'example_skip_dag' retrieved from /home/airflow/.local/lib/python3.8/site-packages/airflow/example_dags/example_skip_dag.py
[2024-01-03T02:35:06.616+0000] {logging_mixin.py:188} INFO - [2024-01-03T02:35:06.616+0000] {dag.py:3033} INFO - Sync 1 DAGs
[2024-01-03T02:35:06.632+0000] {logging_mixin.py:188} INFO - [2024-01-03T02:35:06.632+0000] {dag.py:3820} INFO - Setting next_dagrun for example_skip_dag to 2024-01-02T00:00:00+00:00, run_after=2024-01-03T00:00:00+00:00
[2024-01-03T02:35:06.646+0000] {processor.py:183} INFO - Processing /home/airflow/.local/lib/python3.8/site-packages/airflow/example_dags/example_skip_dag.py took 0.052 seconds
[2024-01-03T02:35:37.440+0000] {processor.py:161} INFO - Started process (PID=1854) to work on /home/airflow/.local/lib/python3.8/site-packages/airflow/example_dags/example_skip_dag.py
[2024-01-03T02:35:37.441+0000] {processor.py:830} INFO - Processing file /home/airflow/.local/lib/python3.8/site-packages/airflow/example_dags/example_skip_dag.py for tasks to queue
[2024-01-03T02:35:37.442+0000] {logging_mixin.py:188} INFO - [2024-01-03T02:35:37.442+0000] {dagbag.py:538} INFO - Filling up the DagBag from /home/airflow/.local/lib/python3.8/site-packages/airflow/example_dags/example_skip_dag.py
[2024-01-03T02:35:37.446+0000] {processor.py:840} INFO - DAG(s) 'example_skip_dag' retrieved from /home/airflow/.local/lib/python3.8/site-packages/airflow/example_dags/example_skip_dag.py
[2024-01-03T02:35:37.460+0000] {logging_mixin.py:188} INFO - [2024-01-03T02:35:37.460+0000] {dag.py:3033} INFO - Sync 1 DAGs
[2024-01-03T02:35:37.474+0000] {logging_mixin.py:188} INFO - [2024-01-03T02:35:37.474+0000] {dag.py:3820} INFO - Setting next_dagrun for example_skip_dag to 2024-01-02T00:00:00+00:00, run_after=2024-01-03T00:00:00+00:00
[2024-01-03T02:35:37.487+0000] {processor.py:183} INFO - Processing /home/airflow/.local/lib/python3.8/site-packages/airflow/example_dags/example_skip_dag.py took 0.049 seconds
[2024-01-03T02:36:08.228+0000] {processor.py:161} INFO - Started process (PID=1909) to work on /home/airflow/.local/lib/python3.8/site-packages/airflow/example_dags/example_skip_dag.py
[2024-01-03T02:36:08.229+0000] {processor.py:830} INFO - Processing file /home/airflow/.local/lib/python3.8/site-packages/airflow/example_dags/example_skip_dag.py for tasks to queue
[2024-01-03T02:36:08.231+0000] {logging_mixin.py:188} INFO - [2024-01-03T02:36:08.230+0000] {dagbag.py:538} INFO - Filling up the DagBag from /home/airflow/.local/lib/python3.8/site-packages/airflow/example_dags/example_skip_dag.py
[2024-01-03T02:36:08.235+0000] {processor.py:840} INFO - DAG(s) 'example_skip_dag' retrieved from /home/airflow/.local/lib/python3.8/site-packages/airflow/example_dags/example_skip_dag.py
[2024-01-03T02:36:08.248+0000] {logging_mixin.py:188} INFO - [2024-01-03T02:36:08.248+0000] {dag.py:3033} INFO - Sync 1 DAGs
[2024-01-03T02:36:08.263+0000] {logging_mixin.py:188} INFO - [2024-01-03T02:36:08.263+0000] {dag.py:3820} INFO - Setting next_dagrun for example_skip_dag to 2024-01-02T00:00:00+00:00, run_after=2024-01-03T00:00:00+00:00
[2024-01-03T02:36:08.276+0000] {processor.py:183} INFO - Processing /home/airflow/.local/lib/python3.8/site-packages/airflow/example_dags/example_skip_dag.py took 0.049 seconds
[2024-01-03T02:36:38.318+0000] {processor.py:161} INFO - Started process (PID=1964) to work on /home/airflow/.local/lib/python3.8/site-packages/airflow/example_dags/example_skip_dag.py
[2024-01-03T02:36:38.318+0000] {processor.py:830} INFO - Processing file /home/airflow/.local/lib/python3.8/site-packages/airflow/example_dags/example_skip_dag.py for tasks to queue
[2024-01-03T02:36:38.320+0000] {logging_mixin.py:188} INFO - [2024-01-03T02:36:38.320+0000] {dagbag.py:538} INFO - Filling up the DagBag from /home/airflow/.local/lib/python3.8/site-packages/airflow/example_dags/example_skip_dag.py
[2024-01-03T02:36:38.324+0000] {processor.py:840} INFO - DAG(s) 'example_skip_dag' retrieved from /home/airflow/.local/lib/python3.8/site-packages/airflow/example_dags/example_skip_dag.py
[2024-01-03T02:36:38.337+0000] {logging_mixin.py:188} INFO - [2024-01-03T02:36:38.337+0000] {dag.py:3033} INFO - Sync 1 DAGs
[2024-01-03T02:36:38.352+0000] {logging_mixin.py:188} INFO - [2024-01-03T02:36:38.351+0000] {dag.py:3820} INFO - Setting next_dagrun for example_skip_dag to 2024-01-02T00:00:00+00:00, run_after=2024-01-03T00:00:00+00:00
[2024-01-03T02:36:38.363+0000] {processor.py:183} INFO - Processing /home/airflow/.local/lib/python3.8/site-packages/airflow/example_dags/example_skip_dag.py took 0.048 seconds
[2024-01-03T02:41:31.087+0000] {processor.py:161} INFO - Started process (PID=2025) to work on /home/airflow/.local/lib/python3.8/site-packages/airflow/example_dags/example_skip_dag.py
[2024-01-03T02:41:31.089+0000] {processor.py:830} INFO - Processing file /home/airflow/.local/lib/python3.8/site-packages/airflow/example_dags/example_skip_dag.py for tasks to queue
[2024-01-03T02:41:31.095+0000] {logging_mixin.py:188} INFO - [2024-01-03T02:41:31.094+0000] {dagbag.py:538} INFO - Filling up the DagBag from /home/airflow/.local/lib/python3.8/site-packages/airflow/example_dags/example_skip_dag.py
[2024-01-03T02:41:31.115+0000] {processor.py:840} INFO - DAG(s) 'example_skip_dag' retrieved from /home/airflow/.local/lib/python3.8/site-packages/airflow/example_dags/example_skip_dag.py
[2024-01-03T02:41:31.173+0000] {logging_mixin.py:188} INFO - [2024-01-03T02:41:31.172+0000] {dag.py:3033} INFO - Sync 1 DAGs
[2024-01-03T02:41:31.225+0000] {logging_mixin.py:188} INFO - [2024-01-03T02:41:31.225+0000] {dag.py:3820} INFO - Setting next_dagrun for example_skip_dag to 2024-01-02T00:00:00+00:00, run_after=2024-01-03T00:00:00+00:00
[2024-01-03T02:41:31.252+0000] {processor.py:183} INFO - Processing /home/airflow/.local/lib/python3.8/site-packages/airflow/example_dags/example_skip_dag.py took 0.170 seconds
[2024-01-03T02:42:01.426+0000] {processor.py:161} INFO - Started process (PID=2080) to work on /home/airflow/.local/lib/python3.8/site-packages/airflow/example_dags/example_skip_dag.py
[2024-01-03T02:42:01.426+0000] {processor.py:830} INFO - Processing file /home/airflow/.local/lib/python3.8/site-packages/airflow/example_dags/example_skip_dag.py for tasks to queue
[2024-01-03T02:42:01.428+0000] {logging_mixin.py:188} INFO - [2024-01-03T02:42:01.428+0000] {dagbag.py:538} INFO - Filling up the DagBag from /home/airflow/.local/lib/python3.8/site-packages/airflow/example_dags/example_skip_dag.py
[2024-01-03T02:42:01.432+0000] {processor.py:840} INFO - DAG(s) 'example_skip_dag' retrieved from /home/airflow/.local/lib/python3.8/site-packages/airflow/example_dags/example_skip_dag.py
[2024-01-03T02:42:01.446+0000] {logging_mixin.py:188} INFO - [2024-01-03T02:42:01.446+0000] {dag.py:3033} INFO - Sync 1 DAGs
[2024-01-03T02:42:01.462+0000] {logging_mixin.py:188} INFO - [2024-01-03T02:42:01.462+0000] {dag.py:3820} INFO - Setting next_dagrun for example_skip_dag to 2024-01-02T00:00:00+00:00, run_after=2024-01-03T00:00:00+00:00
[2024-01-03T02:42:01.474+0000] {processor.py:183} INFO - Processing /home/airflow/.local/lib/python3.8/site-packages/airflow/example_dags/example_skip_dag.py took 0.051 seconds
[2024-01-03T02:42:31.625+0000] {processor.py:161} INFO - Started process (PID=2135) to work on /home/airflow/.local/lib/python3.8/site-packages/airflow/example_dags/example_skip_dag.py
[2024-01-03T02:42:31.626+0000] {processor.py:830} INFO - Processing file /home/airflow/.local/lib/python3.8/site-packages/airflow/example_dags/example_skip_dag.py for tasks to queue
[2024-01-03T02:42:31.627+0000] {logging_mixin.py:188} INFO - [2024-01-03T02:42:31.627+0000] {dagbag.py:538} INFO - Filling up the DagBag from /home/airflow/.local/lib/python3.8/site-packages/airflow/example_dags/example_skip_dag.py
[2024-01-03T02:42:31.632+0000] {processor.py:840} INFO - DAG(s) 'example_skip_dag' retrieved from /home/airflow/.local/lib/python3.8/site-packages/airflow/example_dags/example_skip_dag.py
[2024-01-03T02:42:31.646+0000] {logging_mixin.py:188} INFO - [2024-01-03T02:42:31.646+0000] {dag.py:3033} INFO - Sync 1 DAGs
[2024-01-03T02:42:31.662+0000] {logging_mixin.py:188} INFO - [2024-01-03T02:42:31.662+0000] {dag.py:3820} INFO - Setting next_dagrun for example_skip_dag to 2024-01-02T00:00:00+00:00, run_after=2024-01-03T00:00:00+00:00
[2024-01-03T02:42:31.676+0000] {processor.py:183} INFO - Processing /home/airflow/.local/lib/python3.8/site-packages/airflow/example_dags/example_skip_dag.py took 0.053 seconds
[2024-01-03T02:43:01.934+0000] {processor.py:161} INFO - Started process (PID=2190) to work on /home/airflow/.local/lib/python3.8/site-packages/airflow/example_dags/example_skip_dag.py
[2024-01-03T02:43:01.935+0000] {processor.py:830} INFO - Processing file /home/airflow/.local/lib/python3.8/site-packages/airflow/example_dags/example_skip_dag.py for tasks to queue
[2024-01-03T02:43:01.936+0000] {logging_mixin.py:188} INFO - [2024-01-03T02:43:01.936+0000] {dagbag.py:538} INFO - Filling up the DagBag from /home/airflow/.local/lib/python3.8/site-packages/airflow/example_dags/example_skip_dag.py
[2024-01-03T02:43:01.941+0000] {processor.py:840} INFO - DAG(s) 'example_skip_dag' retrieved from /home/airflow/.local/lib/python3.8/site-packages/airflow/example_dags/example_skip_dag.py
[2024-01-03T02:43:01.955+0000] {logging_mixin.py:188} INFO - [2024-01-03T02:43:01.955+0000] {dag.py:3033} INFO - Sync 1 DAGs
[2024-01-03T02:43:01.972+0000] {logging_mixin.py:188} INFO - [2024-01-03T02:43:01.972+0000] {dag.py:3820} INFO - Setting next_dagrun for example_skip_dag to 2024-01-02T00:00:00+00:00, run_after=2024-01-03T00:00:00+00:00
[2024-01-03T02:43:01.986+0000] {processor.py:183} INFO - Processing /home/airflow/.local/lib/python3.8/site-packages/airflow/example_dags/example_skip_dag.py took 0.053 seconds
[2024-01-03T02:43:32.174+0000] {processor.py:161} INFO - Started process (PID=2245) to work on /home/airflow/.local/lib/python3.8/site-packages/airflow/example_dags/example_skip_dag.py
[2024-01-03T02:43:32.175+0000] {processor.py:830} INFO - Processing file /home/airflow/.local/lib/python3.8/site-packages/airflow/example_dags/example_skip_dag.py for tasks to queue
[2024-01-03T02:43:32.177+0000] {logging_mixin.py:188} INFO - [2024-01-03T02:43:32.176+0000] {dagbag.py:538} INFO - Filling up the DagBag from /home/airflow/.local/lib/python3.8/site-packages/airflow/example_dags/example_skip_dag.py
[2024-01-03T02:43:32.181+0000] {processor.py:840} INFO - DAG(s) 'example_skip_dag' retrieved from /home/airflow/.local/lib/python3.8/site-packages/airflow/example_dags/example_skip_dag.py
[2024-01-03T02:43:32.195+0000] {logging_mixin.py:188} INFO - [2024-01-03T02:43:32.195+0000] {dag.py:3033} INFO - Sync 1 DAGs
[2024-01-03T02:43:32.210+0000] {logging_mixin.py:188} INFO - [2024-01-03T02:43:32.210+0000] {dag.py:3820} INFO - Setting next_dagrun for example_skip_dag to 2024-01-02T00:00:00+00:00, run_after=2024-01-03T00:00:00+00:00
[2024-01-03T02:43:32.328+0000] {processor.py:183} INFO - Processing /home/airflow/.local/lib/python3.8/site-packages/airflow/example_dags/example_skip_dag.py took 0.157 seconds
[2024-01-03T02:44:03.090+0000] {processor.py:161} INFO - Started process (PID=2300) to work on /home/airflow/.local/lib/python3.8/site-packages/airflow/example_dags/example_skip_dag.py
[2024-01-03T02:44:03.090+0000] {processor.py:830} INFO - Processing file /home/airflow/.local/lib/python3.8/site-packages/airflow/example_dags/example_skip_dag.py for tasks to queue
[2024-01-03T02:44:03.092+0000] {logging_mixin.py:188} INFO - [2024-01-03T02:44:03.091+0000] {dagbag.py:538} INFO - Filling up the DagBag from /home/airflow/.local/lib/python3.8/site-packages/airflow/example_dags/example_skip_dag.py
[2024-01-03T02:44:03.096+0000] {processor.py:840} INFO - DAG(s) 'example_skip_dag' retrieved from /home/airflow/.local/lib/python3.8/site-packages/airflow/example_dags/example_skip_dag.py
[2024-01-03T02:44:03.109+0000] {logging_mixin.py:188} INFO - [2024-01-03T02:44:03.109+0000] {dag.py:3033} INFO - Sync 1 DAGs
[2024-01-03T02:44:03.124+0000] {logging_mixin.py:188} INFO - [2024-01-03T02:44:03.124+0000] {dag.py:3820} INFO - Setting next_dagrun for example_skip_dag to 2024-01-02T00:00:00+00:00, run_after=2024-01-03T00:00:00+00:00
[2024-01-03T02:44:03.136+0000] {processor.py:183} INFO - Processing /home/airflow/.local/lib/python3.8/site-packages/airflow/example_dags/example_skip_dag.py took 0.048 seconds
[2024-01-03T02:44:33.845+0000] {processor.py:161} INFO - Started process (PID=2355) to work on /home/airflow/.local/lib/python3.8/site-packages/airflow/example_dags/example_skip_dag.py
[2024-01-03T02:44:33.845+0000] {processor.py:830} INFO - Processing file /home/airflow/.local/lib/python3.8/site-packages/airflow/example_dags/example_skip_dag.py for tasks to queue
[2024-01-03T02:44:33.847+0000] {logging_mixin.py:188} INFO - [2024-01-03T02:44:33.847+0000] {dagbag.py:538} INFO - Filling up the DagBag from /home/airflow/.local/lib/python3.8/site-packages/airflow/example_dags/example_skip_dag.py
[2024-01-03T02:44:33.851+0000] {processor.py:840} INFO - DAG(s) 'example_skip_dag' retrieved from /home/airflow/.local/lib/python3.8/site-packages/airflow/example_dags/example_skip_dag.py
[2024-01-03T02:44:33.864+0000] {logging_mixin.py:188} INFO - [2024-01-03T02:44:33.864+0000] {dag.py:3033} INFO - Sync 1 DAGs
[2024-01-03T02:44:33.879+0000] {logging_mixin.py:188} INFO - [2024-01-03T02:44:33.879+0000] {dag.py:3820} INFO - Setting next_dagrun for example_skip_dag to 2024-01-02T00:00:00+00:00, run_after=2024-01-03T00:00:00+00:00
[2024-01-03T02:44:33.891+0000] {processor.py:183} INFO - Processing /home/airflow/.local/lib/python3.8/site-packages/airflow/example_dags/example_skip_dag.py took 0.049 seconds
[2024-01-03T02:45:04.567+0000] {processor.py:161} INFO - Started process (PID=2410) to work on /home/airflow/.local/lib/python3.8/site-packages/airflow/example_dags/example_skip_dag.py
[2024-01-03T02:45:04.568+0000] {processor.py:830} INFO - Processing file /home/airflow/.local/lib/python3.8/site-packages/airflow/example_dags/example_skip_dag.py for tasks to queue
[2024-01-03T02:45:04.570+0000] {logging_mixin.py:188} INFO - [2024-01-03T02:45:04.569+0000] {dagbag.py:538} INFO - Filling up the DagBag from /home/airflow/.local/lib/python3.8/site-packages/airflow/example_dags/example_skip_dag.py
[2024-01-03T02:45:04.574+0000] {processor.py:840} INFO - DAG(s) 'example_skip_dag' retrieved from /home/airflow/.local/lib/python3.8/site-packages/airflow/example_dags/example_skip_dag.py
[2024-01-03T02:45:04.590+0000] {logging_mixin.py:188} INFO - [2024-01-03T02:45:04.590+0000] {dag.py:3033} INFO - Sync 1 DAGs
[2024-01-03T02:45:04.606+0000] {logging_mixin.py:188} INFO - [2024-01-03T02:45:04.606+0000] {dag.py:3820} INFO - Setting next_dagrun for example_skip_dag to 2024-01-02T00:00:00+00:00, run_after=2024-01-03T00:00:00+00:00
[2024-01-03T02:45:04.619+0000] {processor.py:183} INFO - Processing /home/airflow/.local/lib/python3.8/site-packages/airflow/example_dags/example_skip_dag.py took 0.054 seconds
[2024-01-03T02:45:34.960+0000] {processor.py:161} INFO - Started process (PID=2465) to work on /home/airflow/.local/lib/python3.8/site-packages/airflow/example_dags/example_skip_dag.py
[2024-01-03T02:45:34.961+0000] {processor.py:830} INFO - Processing file /home/airflow/.local/lib/python3.8/site-packages/airflow/example_dags/example_skip_dag.py for tasks to queue
[2024-01-03T02:45:34.963+0000] {logging_mixin.py:188} INFO - [2024-01-03T02:45:34.963+0000] {dagbag.py:538} INFO - Filling up the DagBag from /home/airflow/.local/lib/python3.8/site-packages/airflow/example_dags/example_skip_dag.py
[2024-01-03T02:45:34.969+0000] {processor.py:840} INFO - DAG(s) 'example_skip_dag' retrieved from /home/airflow/.local/lib/python3.8/site-packages/airflow/example_dags/example_skip_dag.py
[2024-01-03T02:45:34.987+0000] {logging_mixin.py:188} INFO - [2024-01-03T02:45:34.987+0000] {dag.py:3033} INFO - Sync 1 DAGs
[2024-01-03T02:45:35.003+0000] {logging_mixin.py:188} INFO - [2024-01-03T02:45:35.003+0000] {dag.py:3820} INFO - Setting next_dagrun for example_skip_dag to 2024-01-02T00:00:00+00:00, run_after=2024-01-03T00:00:00+00:00
[2024-01-03T02:45:35.015+0000] {processor.py:183} INFO - Processing /home/airflow/.local/lib/python3.8/site-packages/airflow/example_dags/example_skip_dag.py took 0.057 seconds
[2024-01-03T02:46:05.192+0000] {processor.py:161} INFO - Started process (PID=2520) to work on /home/airflow/.local/lib/python3.8/site-packages/airflow/example_dags/example_skip_dag.py
[2024-01-03T02:46:05.193+0000] {processor.py:830} INFO - Processing file /home/airflow/.local/lib/python3.8/site-packages/airflow/example_dags/example_skip_dag.py for tasks to queue
[2024-01-03T02:46:05.195+0000] {logging_mixin.py:188} INFO - [2024-01-03T02:46:05.195+0000] {dagbag.py:538} INFO - Filling up the DagBag from /home/airflow/.local/lib/python3.8/site-packages/airflow/example_dags/example_skip_dag.py
[2024-01-03T02:46:05.200+0000] {processor.py:840} INFO - DAG(s) 'example_skip_dag' retrieved from /home/airflow/.local/lib/python3.8/site-packages/airflow/example_dags/example_skip_dag.py
[2024-01-03T02:46:05.216+0000] {logging_mixin.py:188} INFO - [2024-01-03T02:46:05.216+0000] {dag.py:3033} INFO - Sync 1 DAGs
[2024-01-03T02:46:05.343+0000] {logging_mixin.py:188} INFO - [2024-01-03T02:46:05.343+0000] {dag.py:3820} INFO - Setting next_dagrun for example_skip_dag to 2024-01-02T00:00:00+00:00, run_after=2024-01-03T00:00:00+00:00
[2024-01-03T02:46:05.355+0000] {processor.py:183} INFO - Processing /home/airflow/.local/lib/python3.8/site-packages/airflow/example_dags/example_skip_dag.py took 0.166 seconds
[2024-01-03T02:46:35.386+0000] {processor.py:161} INFO - Started process (PID=2575) to work on /home/airflow/.local/lib/python3.8/site-packages/airflow/example_dags/example_skip_dag.py
[2024-01-03T02:46:35.387+0000] {processor.py:830} INFO - Processing file /home/airflow/.local/lib/python3.8/site-packages/airflow/example_dags/example_skip_dag.py for tasks to queue
[2024-01-03T02:46:35.389+0000] {logging_mixin.py:188} INFO - [2024-01-03T02:46:35.389+0000] {dagbag.py:538} INFO - Filling up the DagBag from /home/airflow/.local/lib/python3.8/site-packages/airflow/example_dags/example_skip_dag.py
[2024-01-03T02:46:35.396+0000] {processor.py:840} INFO - DAG(s) 'example_skip_dag' retrieved from /home/airflow/.local/lib/python3.8/site-packages/airflow/example_dags/example_skip_dag.py
[2024-01-03T02:46:35.415+0000] {logging_mixin.py:188} INFO - [2024-01-03T02:46:35.415+0000] {dag.py:3033} INFO - Sync 1 DAGs
[2024-01-03T02:46:35.537+0000] {logging_mixin.py:188} INFO - [2024-01-03T02:46:35.537+0000] {dag.py:3820} INFO - Setting next_dagrun for example_skip_dag to 2024-01-02T00:00:00+00:00, run_after=2024-01-03T00:00:00+00:00
[2024-01-03T02:46:35.550+0000] {processor.py:183} INFO - Processing /home/airflow/.local/lib/python3.8/site-packages/airflow/example_dags/example_skip_dag.py took 0.166 seconds
[2024-01-03T02:47:06.348+0000] {processor.py:161} INFO - Started process (PID=2629) to work on /home/airflow/.local/lib/python3.8/site-packages/airflow/example_dags/example_skip_dag.py
[2024-01-03T02:47:06.349+0000] {processor.py:830} INFO - Processing file /home/airflow/.local/lib/python3.8/site-packages/airflow/example_dags/example_skip_dag.py for tasks to queue
[2024-01-03T02:47:06.351+0000] {logging_mixin.py:188} INFO - [2024-01-03T02:47:06.351+0000] {dagbag.py:538} INFO - Filling up the DagBag from /home/airflow/.local/lib/python3.8/site-packages/airflow/example_dags/example_skip_dag.py
[2024-01-03T02:47:06.357+0000] {processor.py:840} INFO - DAG(s) 'example_skip_dag' retrieved from /home/airflow/.local/lib/python3.8/site-packages/airflow/example_dags/example_skip_dag.py
[2024-01-03T02:47:06.374+0000] {logging_mixin.py:188} INFO - [2024-01-03T02:47:06.374+0000] {dag.py:3033} INFO - Sync 1 DAGs
[2024-01-03T02:47:06.392+0000] {logging_mixin.py:188} INFO - [2024-01-03T02:47:06.392+0000] {dag.py:3820} INFO - Setting next_dagrun for example_skip_dag to 2024-01-02T00:00:00+00:00, run_after=2024-01-03T00:00:00+00:00
[2024-01-03T02:47:06.408+0000] {processor.py:183} INFO - Processing /home/airflow/.local/lib/python3.8/site-packages/airflow/example_dags/example_skip_dag.py took 0.062 seconds
