[2024-01-03T02:12:52.115+0000] {processor.py:161} INFO - Started process (PID=48) to work on /home/airflow/.local/lib/python3.8/site-packages/airflow/example_dags/example_python_operator.py
[2024-01-03T02:12:52.116+0000] {processor.py:830} INFO - Processing file /home/airflow/.local/lib/python3.8/site-packages/airflow/example_dags/example_python_operator.py for tasks to queue
[2024-01-03T02:12:52.118+0000] {logging_mixin.py:188} INFO - [2024-01-03T02:12:52.118+0000] {dagbag.py:538} INFO - Filling up the DagBag from /home/airflow/.local/lib/python3.8/site-packages/airflow/example_dags/example_python_operator.py
[2024-01-03T02:12:52.135+0000] {processor.py:840} INFO - DAG(s) 'example_python_operator' retrieved from /home/airflow/.local/lib/python3.8/site-packages/airflow/example_dags/example_python_operator.py
[2024-01-03T02:12:52.144+0000] {logging_mixin.py:188} INFO - [2024-01-03T02:12:52.144+0000] {dag.py:3033} INFO - Sync 1 DAGs
[2024-01-03T02:12:52.157+0000] {logging_mixin.py:188} INFO - [2024-01-03T02:12:52.157+0000] {dag.py:3820} INFO - Setting next_dagrun for example_python_operator to None, run_after=None
[2024-01-03T02:12:52.189+0000] {processor.py:183} INFO - Processing /home/airflow/.local/lib/python3.8/site-packages/airflow/example_dags/example_python_operator.py took 0.076 seconds
[2024-01-03T02:18:54.362+0000] {processor.py:161} INFO - Started process (PID=47) to work on /home/airflow/.local/lib/python3.8/site-packages/airflow/example_dags/example_python_operator.py
[2024-01-03T02:18:54.363+0000] {processor.py:830} INFO - Processing file /home/airflow/.local/lib/python3.8/site-packages/airflow/example_dags/example_python_operator.py for tasks to queue
[2024-01-03T02:18:54.365+0000] {logging_mixin.py:188} INFO - [2024-01-03T02:18:54.365+0000] {dagbag.py:538} INFO - Filling up the DagBag from /home/airflow/.local/lib/python3.8/site-packages/airflow/example_dags/example_python_operator.py
[2024-01-03T02:18:54.372+0000] {processor.py:840} INFO - DAG(s) 'example_python_operator' retrieved from /home/airflow/.local/lib/python3.8/site-packages/airflow/example_dags/example_python_operator.py
[2024-01-03T02:18:54.454+0000] {logging_mixin.py:188} INFO - [2024-01-03T02:18:54.454+0000] {dag.py:3033} INFO - Sync 1 DAGs
[2024-01-03T02:18:54.463+0000] {logging_mixin.py:188} INFO - [2024-01-03T02:18:54.463+0000] {dag.py:3820} INFO - Setting next_dagrun for example_python_operator to None, run_after=None
[2024-01-03T02:18:54.477+0000] {processor.py:183} INFO - Processing /home/airflow/.local/lib/python3.8/site-packages/airflow/example_dags/example_python_operator.py took 0.116 seconds
[2024-01-03T02:19:25.252+0000] {processor.py:161} INFO - Started process (PID=102) to work on /home/airflow/.local/lib/python3.8/site-packages/airflow/example_dags/example_python_operator.py
[2024-01-03T02:19:25.253+0000] {processor.py:830} INFO - Processing file /home/airflow/.local/lib/python3.8/site-packages/airflow/example_dags/example_python_operator.py for tasks to queue
[2024-01-03T02:19:25.256+0000] {logging_mixin.py:188} INFO - [2024-01-03T02:19:25.256+0000] {dagbag.py:538} INFO - Filling up the DagBag from /home/airflow/.local/lib/python3.8/site-packages/airflow/example_dags/example_python_operator.py
[2024-01-03T02:19:25.267+0000] {processor.py:840} INFO - DAG(s) 'example_python_operator' retrieved from /home/airflow/.local/lib/python3.8/site-packages/airflow/example_dags/example_python_operator.py
[2024-01-03T02:19:25.283+0000] {logging_mixin.py:188} INFO - [2024-01-03T02:19:25.283+0000] {dag.py:3033} INFO - Sync 1 DAGs
[2024-01-03T02:19:25.295+0000] {logging_mixin.py:188} INFO - [2024-01-03T02:19:25.295+0000] {dag.py:3820} INFO - Setting next_dagrun for example_python_operator to None, run_after=None
[2024-01-03T02:19:25.309+0000] {processor.py:183} INFO - Processing /home/airflow/.local/lib/python3.8/site-packages/airflow/example_dags/example_python_operator.py took 0.060 seconds
[2024-01-03T02:19:55.485+0000] {processor.py:161} INFO - Started process (PID=157) to work on /home/airflow/.local/lib/python3.8/site-packages/airflow/example_dags/example_python_operator.py
[2024-01-03T02:19:55.486+0000] {processor.py:830} INFO - Processing file /home/airflow/.local/lib/python3.8/site-packages/airflow/example_dags/example_python_operator.py for tasks to queue
[2024-01-03T02:19:55.487+0000] {logging_mixin.py:188} INFO - [2024-01-03T02:19:55.487+0000] {dagbag.py:538} INFO - Filling up the DagBag from /home/airflow/.local/lib/python3.8/site-packages/airflow/example_dags/example_python_operator.py
[2024-01-03T02:19:55.494+0000] {processor.py:840} INFO - DAG(s) 'example_python_operator' retrieved from /home/airflow/.local/lib/python3.8/site-packages/airflow/example_dags/example_python_operator.py
[2024-01-03T02:19:55.508+0000] {logging_mixin.py:188} INFO - [2024-01-03T02:19:55.508+0000] {dag.py:3033} INFO - Sync 1 DAGs
[2024-01-03T02:19:55.516+0000] {logging_mixin.py:188} INFO - [2024-01-03T02:19:55.516+0000] {dag.py:3820} INFO - Setting next_dagrun for example_python_operator to None, run_after=None
[2024-01-03T02:19:55.530+0000] {processor.py:183} INFO - Processing /home/airflow/.local/lib/python3.8/site-packages/airflow/example_dags/example_python_operator.py took 0.047 seconds
[2024-01-03T02:20:25.615+0000] {processor.py:161} INFO - Started process (PID=212) to work on /home/airflow/.local/lib/python3.8/site-packages/airflow/example_dags/example_python_operator.py
[2024-01-03T02:20:25.615+0000] {processor.py:830} INFO - Processing file /home/airflow/.local/lib/python3.8/site-packages/airflow/example_dags/example_python_operator.py for tasks to queue
[2024-01-03T02:20:25.616+0000] {logging_mixin.py:188} INFO - [2024-01-03T02:20:25.616+0000] {dagbag.py:538} INFO - Filling up the DagBag from /home/airflow/.local/lib/python3.8/site-packages/airflow/example_dags/example_python_operator.py
[2024-01-03T02:20:25.623+0000] {processor.py:840} INFO - DAG(s) 'example_python_operator' retrieved from /home/airflow/.local/lib/python3.8/site-packages/airflow/example_dags/example_python_operator.py
[2024-01-03T02:20:25.630+0000] {logging_mixin.py:188} INFO - [2024-01-03T02:20:25.630+0000] {dag.py:3033} INFO - Sync 1 DAGs
[2024-01-03T02:20:25.638+0000] {logging_mixin.py:188} INFO - [2024-01-03T02:20:25.638+0000] {dag.py:3820} INFO - Setting next_dagrun for example_python_operator to None, run_after=None
[2024-01-03T02:20:25.650+0000] {processor.py:183} INFO - Processing /home/airflow/.local/lib/python3.8/site-packages/airflow/example_dags/example_python_operator.py took 0.037 seconds
[2024-01-03T02:20:56.343+0000] {processor.py:161} INFO - Started process (PID=267) to work on /home/airflow/.local/lib/python3.8/site-packages/airflow/example_dags/example_python_operator.py
[2024-01-03T02:20:56.344+0000] {processor.py:830} INFO - Processing file /home/airflow/.local/lib/python3.8/site-packages/airflow/example_dags/example_python_operator.py for tasks to queue
[2024-01-03T02:20:56.346+0000] {logging_mixin.py:188} INFO - [2024-01-03T02:20:56.345+0000] {dagbag.py:538} INFO - Filling up the DagBag from /home/airflow/.local/lib/python3.8/site-packages/airflow/example_dags/example_python_operator.py
[2024-01-03T02:20:56.352+0000] {processor.py:840} INFO - DAG(s) 'example_python_operator' retrieved from /home/airflow/.local/lib/python3.8/site-packages/airflow/example_dags/example_python_operator.py
[2024-01-03T02:20:56.360+0000] {logging_mixin.py:188} INFO - [2024-01-03T02:20:56.360+0000] {dag.py:3033} INFO - Sync 1 DAGs
[2024-01-03T02:20:56.369+0000] {logging_mixin.py:188} INFO - [2024-01-03T02:20:56.369+0000] {dag.py:3820} INFO - Setting next_dagrun for example_python_operator to None, run_after=None
[2024-01-03T02:20:56.382+0000] {processor.py:183} INFO - Processing /home/airflow/.local/lib/python3.8/site-packages/airflow/example_dags/example_python_operator.py took 0.040 seconds
[2024-01-03T02:21:27.333+0000] {processor.py:161} INFO - Started process (PID=322) to work on /home/airflow/.local/lib/python3.8/site-packages/airflow/example_dags/example_python_operator.py
[2024-01-03T02:21:27.334+0000] {processor.py:830} INFO - Processing file /home/airflow/.local/lib/python3.8/site-packages/airflow/example_dags/example_python_operator.py for tasks to queue
[2024-01-03T02:21:27.335+0000] {logging_mixin.py:188} INFO - [2024-01-03T02:21:27.335+0000] {dagbag.py:538} INFO - Filling up the DagBag from /home/airflow/.local/lib/python3.8/site-packages/airflow/example_dags/example_python_operator.py
[2024-01-03T02:21:27.342+0000] {processor.py:840} INFO - DAG(s) 'example_python_operator' retrieved from /home/airflow/.local/lib/python3.8/site-packages/airflow/example_dags/example_python_operator.py
[2024-01-03T02:21:27.405+0000] {logging_mixin.py:188} INFO - [2024-01-03T02:21:27.404+0000] {dag.py:3033} INFO - Sync 1 DAGs
[2024-01-03T02:21:27.412+0000] {logging_mixin.py:188} INFO - [2024-01-03T02:21:27.412+0000] {dag.py:3820} INFO - Setting next_dagrun for example_python_operator to None, run_after=None
[2024-01-03T02:21:27.425+0000] {processor.py:183} INFO - Processing /home/airflow/.local/lib/python3.8/site-packages/airflow/example_dags/example_python_operator.py took 0.094 seconds
[2024-01-03T02:21:58.249+0000] {processor.py:161} INFO - Started process (PID=377) to work on /home/airflow/.local/lib/python3.8/site-packages/airflow/example_dags/example_python_operator.py
[2024-01-03T02:21:58.250+0000] {processor.py:830} INFO - Processing file /home/airflow/.local/lib/python3.8/site-packages/airflow/example_dags/example_python_operator.py for tasks to queue
[2024-01-03T02:21:58.252+0000] {logging_mixin.py:188} INFO - [2024-01-03T02:21:58.251+0000] {dagbag.py:538} INFO - Filling up the DagBag from /home/airflow/.local/lib/python3.8/site-packages/airflow/example_dags/example_python_operator.py
[2024-01-03T02:21:58.258+0000] {processor.py:840} INFO - DAG(s) 'example_python_operator' retrieved from /home/airflow/.local/lib/python3.8/site-packages/airflow/example_dags/example_python_operator.py
[2024-01-03T02:21:58.271+0000] {logging_mixin.py:188} INFO - [2024-01-03T02:21:58.271+0000] {dag.py:3033} INFO - Sync 1 DAGs
[2024-01-03T02:21:58.279+0000] {logging_mixin.py:188} INFO - [2024-01-03T02:21:58.279+0000] {dag.py:3820} INFO - Setting next_dagrun for example_python_operator to None, run_after=None
[2024-01-03T02:21:58.290+0000] {processor.py:183} INFO - Processing /home/airflow/.local/lib/python3.8/site-packages/airflow/example_dags/example_python_operator.py took 0.043 seconds
[2024-01-03T02:22:28.416+0000] {processor.py:161} INFO - Started process (PID=432) to work on /home/airflow/.local/lib/python3.8/site-packages/airflow/example_dags/example_python_operator.py
[2024-01-03T02:22:28.417+0000] {processor.py:830} INFO - Processing file /home/airflow/.local/lib/python3.8/site-packages/airflow/example_dags/example_python_operator.py for tasks to queue
[2024-01-03T02:22:28.418+0000] {logging_mixin.py:188} INFO - [2024-01-03T02:22:28.418+0000] {dagbag.py:538} INFO - Filling up the DagBag from /home/airflow/.local/lib/python3.8/site-packages/airflow/example_dags/example_python_operator.py
[2024-01-03T02:22:28.424+0000] {processor.py:840} INFO - DAG(s) 'example_python_operator' retrieved from /home/airflow/.local/lib/python3.8/site-packages/airflow/example_dags/example_python_operator.py
[2024-01-03T02:22:28.438+0000] {logging_mixin.py:188} INFO - [2024-01-03T02:22:28.438+0000] {dag.py:3033} INFO - Sync 1 DAGs
[2024-01-03T02:22:28.446+0000] {logging_mixin.py:188} INFO - [2024-01-03T02:22:28.446+0000] {dag.py:3820} INFO - Setting next_dagrun for example_python_operator to None, run_after=None
[2024-01-03T02:22:28.459+0000] {processor.py:183} INFO - Processing /home/airflow/.local/lib/python3.8/site-packages/airflow/example_dags/example_python_operator.py took 0.045 seconds
[2024-01-03T02:22:58.708+0000] {processor.py:161} INFO - Started process (PID=487) to work on /home/airflow/.local/lib/python3.8/site-packages/airflow/example_dags/example_python_operator.py
[2024-01-03T02:22:58.709+0000] {processor.py:830} INFO - Processing file /home/airflow/.local/lib/python3.8/site-packages/airflow/example_dags/example_python_operator.py for tasks to queue
[2024-01-03T02:22:58.710+0000] {logging_mixin.py:188} INFO - [2024-01-03T02:22:58.710+0000] {dagbag.py:538} INFO - Filling up the DagBag from /home/airflow/.local/lib/python3.8/site-packages/airflow/example_dags/example_python_operator.py
[2024-01-03T02:22:58.716+0000] {processor.py:840} INFO - DAG(s) 'example_python_operator' retrieved from /home/airflow/.local/lib/python3.8/site-packages/airflow/example_dags/example_python_operator.py
[2024-01-03T02:22:58.731+0000] {logging_mixin.py:188} INFO - [2024-01-03T02:22:58.731+0000] {dag.py:3033} INFO - Sync 1 DAGs
[2024-01-03T02:22:58.739+0000] {logging_mixin.py:188} INFO - [2024-01-03T02:22:58.738+0000] {dag.py:3820} INFO - Setting next_dagrun for example_python_operator to None, run_after=None
[2024-01-03T02:22:58.751+0000] {processor.py:183} INFO - Processing /home/airflow/.local/lib/python3.8/site-packages/airflow/example_dags/example_python_operator.py took 0.046 seconds
[2024-01-03T02:23:29.010+0000] {processor.py:161} INFO - Started process (PID=542) to work on /home/airflow/.local/lib/python3.8/site-packages/airflow/example_dags/example_python_operator.py
[2024-01-03T02:23:29.012+0000] {processor.py:830} INFO - Processing file /home/airflow/.local/lib/python3.8/site-packages/airflow/example_dags/example_python_operator.py for tasks to queue
[2024-01-03T02:23:29.013+0000] {logging_mixin.py:188} INFO - [2024-01-03T02:23:29.013+0000] {dagbag.py:538} INFO - Filling up the DagBag from /home/airflow/.local/lib/python3.8/site-packages/airflow/example_dags/example_python_operator.py
[2024-01-03T02:23:29.022+0000] {processor.py:840} INFO - DAG(s) 'example_python_operator' retrieved from /home/airflow/.local/lib/python3.8/site-packages/airflow/example_dags/example_python_operator.py
[2024-01-03T02:23:29.037+0000] {logging_mixin.py:188} INFO - [2024-01-03T02:23:29.037+0000] {dag.py:3033} INFO - Sync 1 DAGs
[2024-01-03T02:23:29.051+0000] {logging_mixin.py:188} INFO - [2024-01-03T02:23:29.050+0000] {dag.py:3820} INFO - Setting next_dagrun for example_python_operator to None, run_after=None
[2024-01-03T02:23:29.065+0000] {processor.py:183} INFO - Processing /home/airflow/.local/lib/python3.8/site-packages/airflow/example_dags/example_python_operator.py took 0.056 seconds
[2024-01-03T02:23:59.229+0000] {processor.py:161} INFO - Started process (PID=597) to work on /home/airflow/.local/lib/python3.8/site-packages/airflow/example_dags/example_python_operator.py
[2024-01-03T02:23:59.230+0000] {processor.py:830} INFO - Processing file /home/airflow/.local/lib/python3.8/site-packages/airflow/example_dags/example_python_operator.py for tasks to queue
[2024-01-03T02:23:59.231+0000] {logging_mixin.py:188} INFO - [2024-01-03T02:23:59.231+0000] {dagbag.py:538} INFO - Filling up the DagBag from /home/airflow/.local/lib/python3.8/site-packages/airflow/example_dags/example_python_operator.py
[2024-01-03T02:23:59.238+0000] {processor.py:840} INFO - DAG(s) 'example_python_operator' retrieved from /home/airflow/.local/lib/python3.8/site-packages/airflow/example_dags/example_python_operator.py
[2024-01-03T02:23:59.253+0000] {logging_mixin.py:188} INFO - [2024-01-03T02:23:59.253+0000] {dag.py:3033} INFO - Sync 1 DAGs
[2024-01-03T02:23:59.262+0000] {logging_mixin.py:188} INFO - [2024-01-03T02:23:59.262+0000] {dag.py:3820} INFO - Setting next_dagrun for example_python_operator to None, run_after=None
[2024-01-03T02:23:59.277+0000] {processor.py:183} INFO - Processing /home/airflow/.local/lib/python3.8/site-packages/airflow/example_dags/example_python_operator.py took 0.050 seconds
[2024-01-03T02:24:30.201+0000] {processor.py:161} INFO - Started process (PID=652) to work on /home/airflow/.local/lib/python3.8/site-packages/airflow/example_dags/example_python_operator.py
[2024-01-03T02:24:30.202+0000] {processor.py:830} INFO - Processing file /home/airflow/.local/lib/python3.8/site-packages/airflow/example_dags/example_python_operator.py for tasks to queue
[2024-01-03T02:24:30.204+0000] {logging_mixin.py:188} INFO - [2024-01-03T02:24:30.203+0000] {dagbag.py:538} INFO - Filling up the DagBag from /home/airflow/.local/lib/python3.8/site-packages/airflow/example_dags/example_python_operator.py
[2024-01-03T02:24:30.210+0000] {processor.py:840} INFO - DAG(s) 'example_python_operator' retrieved from /home/airflow/.local/lib/python3.8/site-packages/airflow/example_dags/example_python_operator.py
[2024-01-03T02:24:30.224+0000] {logging_mixin.py:188} INFO - [2024-01-03T02:24:30.224+0000] {dag.py:3033} INFO - Sync 1 DAGs
[2024-01-03T02:24:30.232+0000] {logging_mixin.py:188} INFO - [2024-01-03T02:24:30.232+0000] {dag.py:3820} INFO - Setting next_dagrun for example_python_operator to None, run_after=None
[2024-01-03T02:24:30.245+0000] {processor.py:183} INFO - Processing /home/airflow/.local/lib/python3.8/site-packages/airflow/example_dags/example_python_operator.py took 0.045 seconds
[2024-01-03T02:25:00.975+0000] {processor.py:161} INFO - Started process (PID=707) to work on /home/airflow/.local/lib/python3.8/site-packages/airflow/example_dags/example_python_operator.py
[2024-01-03T02:25:00.976+0000] {processor.py:830} INFO - Processing file /home/airflow/.local/lib/python3.8/site-packages/airflow/example_dags/example_python_operator.py for tasks to queue
[2024-01-03T02:25:00.977+0000] {logging_mixin.py:188} INFO - [2024-01-03T02:25:00.977+0000] {dagbag.py:538} INFO - Filling up the DagBag from /home/airflow/.local/lib/python3.8/site-packages/airflow/example_dags/example_python_operator.py
[2024-01-03T02:25:00.984+0000] {processor.py:840} INFO - DAG(s) 'example_python_operator' retrieved from /home/airflow/.local/lib/python3.8/site-packages/airflow/example_dags/example_python_operator.py
[2024-01-03T02:25:00.996+0000] {logging_mixin.py:188} INFO - [2024-01-03T02:25:00.996+0000] {dag.py:3033} INFO - Sync 1 DAGs
[2024-01-03T02:25:01.004+0000] {logging_mixin.py:188} INFO - [2024-01-03T02:25:01.004+0000] {dag.py:3820} INFO - Setting next_dagrun for example_python_operator to None, run_after=None
[2024-01-03T02:25:01.015+0000] {processor.py:183} INFO - Processing /home/airflow/.local/lib/python3.8/site-packages/airflow/example_dags/example_python_operator.py took 0.042 seconds
[2024-01-03T02:25:31.124+0000] {processor.py:161} INFO - Started process (PID=762) to work on /home/airflow/.local/lib/python3.8/site-packages/airflow/example_dags/example_python_operator.py
[2024-01-03T02:25:31.125+0000] {processor.py:830} INFO - Processing file /home/airflow/.local/lib/python3.8/site-packages/airflow/example_dags/example_python_operator.py for tasks to queue
[2024-01-03T02:25:31.127+0000] {logging_mixin.py:188} INFO - [2024-01-03T02:25:31.127+0000] {dagbag.py:538} INFO - Filling up the DagBag from /home/airflow/.local/lib/python3.8/site-packages/airflow/example_dags/example_python_operator.py
[2024-01-03T02:25:31.135+0000] {processor.py:840} INFO - DAG(s) 'example_python_operator' retrieved from /home/airflow/.local/lib/python3.8/site-packages/airflow/example_dags/example_python_operator.py
[2024-01-03T02:25:31.151+0000] {logging_mixin.py:188} INFO - [2024-01-03T02:25:31.151+0000] {dag.py:3033} INFO - Sync 1 DAGs
[2024-01-03T02:25:31.161+0000] {logging_mixin.py:188} INFO - [2024-01-03T02:25:31.161+0000] {dag.py:3820} INFO - Setting next_dagrun for example_python_operator to None, run_after=None
[2024-01-03T02:25:31.175+0000] {processor.py:183} INFO - Processing /home/airflow/.local/lib/python3.8/site-packages/airflow/example_dags/example_python_operator.py took 0.053 seconds
[2024-01-03T02:26:01.313+0000] {processor.py:161} INFO - Started process (PID=817) to work on /home/airflow/.local/lib/python3.8/site-packages/airflow/example_dags/example_python_operator.py
[2024-01-03T02:26:01.313+0000] {processor.py:830} INFO - Processing file /home/airflow/.local/lib/python3.8/site-packages/airflow/example_dags/example_python_operator.py for tasks to queue
[2024-01-03T02:26:01.315+0000] {logging_mixin.py:188} INFO - [2024-01-03T02:26:01.315+0000] {dagbag.py:538} INFO - Filling up the DagBag from /home/airflow/.local/lib/python3.8/site-packages/airflow/example_dags/example_python_operator.py
[2024-01-03T02:26:01.322+0000] {processor.py:840} INFO - DAG(s) 'example_python_operator' retrieved from /home/airflow/.local/lib/python3.8/site-packages/airflow/example_dags/example_python_operator.py
[2024-01-03T02:26:01.340+0000] {logging_mixin.py:188} INFO - [2024-01-03T02:26:01.340+0000] {dag.py:3033} INFO - Sync 1 DAGs
[2024-01-03T02:26:01.352+0000] {logging_mixin.py:188} INFO - [2024-01-03T02:26:01.352+0000] {dag.py:3820} INFO - Setting next_dagrun for example_python_operator to None, run_after=None
[2024-01-03T02:26:01.364+0000] {processor.py:183} INFO - Processing /home/airflow/.local/lib/python3.8/site-packages/airflow/example_dags/example_python_operator.py took 0.054 seconds
[2024-01-03T02:26:31.414+0000] {processor.py:161} INFO - Started process (PID=872) to work on /home/airflow/.local/lib/python3.8/site-packages/airflow/example_dags/example_python_operator.py
[2024-01-03T02:26:31.415+0000] {processor.py:830} INFO - Processing file /home/airflow/.local/lib/python3.8/site-packages/airflow/example_dags/example_python_operator.py for tasks to queue
[2024-01-03T02:26:31.416+0000] {logging_mixin.py:188} INFO - [2024-01-03T02:26:31.416+0000] {dagbag.py:538} INFO - Filling up the DagBag from /home/airflow/.local/lib/python3.8/site-packages/airflow/example_dags/example_python_operator.py
[2024-01-03T02:26:31.423+0000] {processor.py:840} INFO - DAG(s) 'example_python_operator' retrieved from /home/airflow/.local/lib/python3.8/site-packages/airflow/example_dags/example_python_operator.py
[2024-01-03T02:26:31.437+0000] {logging_mixin.py:188} INFO - [2024-01-03T02:26:31.437+0000] {dag.py:3033} INFO - Sync 1 DAGs
[2024-01-03T02:26:31.446+0000] {logging_mixin.py:188} INFO - [2024-01-03T02:26:31.446+0000] {dag.py:3820} INFO - Setting next_dagrun for example_python_operator to None, run_after=None
[2024-01-03T02:26:31.460+0000] {processor.py:183} INFO - Processing /home/airflow/.local/lib/python3.8/site-packages/airflow/example_dags/example_python_operator.py took 0.048 seconds
[2024-01-03T02:27:02.249+0000] {processor.py:161} INFO - Started process (PID=927) to work on /home/airflow/.local/lib/python3.8/site-packages/airflow/example_dags/example_python_operator.py
[2024-01-03T02:27:02.250+0000] {processor.py:830} INFO - Processing file /home/airflow/.local/lib/python3.8/site-packages/airflow/example_dags/example_python_operator.py for tasks to queue
[2024-01-03T02:27:02.252+0000] {logging_mixin.py:188} INFO - [2024-01-03T02:27:02.252+0000] {dagbag.py:538} INFO - Filling up the DagBag from /home/airflow/.local/lib/python3.8/site-packages/airflow/example_dags/example_python_operator.py
[2024-01-03T02:27:02.258+0000] {processor.py:840} INFO - DAG(s) 'example_python_operator' retrieved from /home/airflow/.local/lib/python3.8/site-packages/airflow/example_dags/example_python_operator.py
[2024-01-03T02:27:02.272+0000] {logging_mixin.py:188} INFO - [2024-01-03T02:27:02.272+0000] {dag.py:3033} INFO - Sync 1 DAGs
[2024-01-03T02:27:02.281+0000] {logging_mixin.py:188} INFO - [2024-01-03T02:27:02.281+0000] {dag.py:3820} INFO - Setting next_dagrun for example_python_operator to None, run_after=None
[2024-01-03T02:27:02.294+0000] {processor.py:183} INFO - Processing /home/airflow/.local/lib/python3.8/site-packages/airflow/example_dags/example_python_operator.py took 0.047 seconds
[2024-01-03T02:27:33.037+0000] {processor.py:161} INFO - Started process (PID=982) to work on /home/airflow/.local/lib/python3.8/site-packages/airflow/example_dags/example_python_operator.py
[2024-01-03T02:27:33.038+0000] {processor.py:830} INFO - Processing file /home/airflow/.local/lib/python3.8/site-packages/airflow/example_dags/example_python_operator.py for tasks to queue
[2024-01-03T02:27:33.039+0000] {logging_mixin.py:188} INFO - [2024-01-03T02:27:33.039+0000] {dagbag.py:538} INFO - Filling up the DagBag from /home/airflow/.local/lib/python3.8/site-packages/airflow/example_dags/example_python_operator.py
[2024-01-03T02:27:33.046+0000] {processor.py:840} INFO - DAG(s) 'example_python_operator' retrieved from /home/airflow/.local/lib/python3.8/site-packages/airflow/example_dags/example_python_operator.py
[2024-01-03T02:27:33.060+0000] {logging_mixin.py:188} INFO - [2024-01-03T02:27:33.060+0000] {dag.py:3033} INFO - Sync 1 DAGs
[2024-01-03T02:27:33.069+0000] {logging_mixin.py:188} INFO - [2024-01-03T02:27:33.069+0000] {dag.py:3820} INFO - Setting next_dagrun for example_python_operator to None, run_after=None
[2024-01-03T02:27:33.081+0000] {processor.py:183} INFO - Processing /home/airflow/.local/lib/python3.8/site-packages/airflow/example_dags/example_python_operator.py took 0.045 seconds
[2024-01-03T02:28:03.883+0000] {processor.py:161} INFO - Started process (PID=1037) to work on /home/airflow/.local/lib/python3.8/site-packages/airflow/example_dags/example_python_operator.py
[2024-01-03T02:28:03.884+0000] {processor.py:830} INFO - Processing file /home/airflow/.local/lib/python3.8/site-packages/airflow/example_dags/example_python_operator.py for tasks to queue
[2024-01-03T02:28:03.885+0000] {logging_mixin.py:188} INFO - [2024-01-03T02:28:03.885+0000] {dagbag.py:538} INFO - Filling up the DagBag from /home/airflow/.local/lib/python3.8/site-packages/airflow/example_dags/example_python_operator.py
[2024-01-03T02:28:03.891+0000] {processor.py:840} INFO - DAG(s) 'example_python_operator' retrieved from /home/airflow/.local/lib/python3.8/site-packages/airflow/example_dags/example_python_operator.py
[2024-01-03T02:28:03.905+0000] {logging_mixin.py:188} INFO - [2024-01-03T02:28:03.905+0000] {dag.py:3033} INFO - Sync 1 DAGs
[2024-01-03T02:28:03.913+0000] {logging_mixin.py:188} INFO - [2024-01-03T02:28:03.913+0000] {dag.py:3820} INFO - Setting next_dagrun for example_python_operator to None, run_after=None
[2024-01-03T02:28:03.924+0000] {processor.py:183} INFO - Processing /home/airflow/.local/lib/python3.8/site-packages/airflow/example_dags/example_python_operator.py took 0.043 seconds
[2024-01-03T02:28:34.674+0000] {processor.py:161} INFO - Started process (PID=1092) to work on /home/airflow/.local/lib/python3.8/site-packages/airflow/example_dags/example_python_operator.py
[2024-01-03T02:28:34.675+0000] {processor.py:830} INFO - Processing file /home/airflow/.local/lib/python3.8/site-packages/airflow/example_dags/example_python_operator.py for tasks to queue
[2024-01-03T02:28:34.676+0000] {logging_mixin.py:188} INFO - [2024-01-03T02:28:34.676+0000] {dagbag.py:538} INFO - Filling up the DagBag from /home/airflow/.local/lib/python3.8/site-packages/airflow/example_dags/example_python_operator.py
[2024-01-03T02:28:34.682+0000] {processor.py:840} INFO - DAG(s) 'example_python_operator' retrieved from /home/airflow/.local/lib/python3.8/site-packages/airflow/example_dags/example_python_operator.py
[2024-01-03T02:28:34.695+0000] {logging_mixin.py:188} INFO - [2024-01-03T02:28:34.695+0000] {dag.py:3033} INFO - Sync 1 DAGs
[2024-01-03T02:28:34.703+0000] {logging_mixin.py:188} INFO - [2024-01-03T02:28:34.703+0000] {dag.py:3820} INFO - Setting next_dagrun for example_python_operator to None, run_after=None
[2024-01-03T02:28:34.715+0000] {processor.py:183} INFO - Processing /home/airflow/.local/lib/python3.8/site-packages/airflow/example_dags/example_python_operator.py took 0.043 seconds
[2024-01-03T02:29:05.483+0000] {processor.py:161} INFO - Started process (PID=1147) to work on /home/airflow/.local/lib/python3.8/site-packages/airflow/example_dags/example_python_operator.py
[2024-01-03T02:29:05.484+0000] {processor.py:830} INFO - Processing file /home/airflow/.local/lib/python3.8/site-packages/airflow/example_dags/example_python_operator.py for tasks to queue
[2024-01-03T02:29:05.485+0000] {logging_mixin.py:188} INFO - [2024-01-03T02:29:05.485+0000] {dagbag.py:538} INFO - Filling up the DagBag from /home/airflow/.local/lib/python3.8/site-packages/airflow/example_dags/example_python_operator.py
[2024-01-03T02:29:05.491+0000] {processor.py:840} INFO - DAG(s) 'example_python_operator' retrieved from /home/airflow/.local/lib/python3.8/site-packages/airflow/example_dags/example_python_operator.py
[2024-01-03T02:29:05.504+0000] {logging_mixin.py:188} INFO - [2024-01-03T02:29:05.504+0000] {dag.py:3033} INFO - Sync 1 DAGs
[2024-01-03T02:29:05.512+0000] {logging_mixin.py:188} INFO - [2024-01-03T02:29:05.512+0000] {dag.py:3820} INFO - Setting next_dagrun for example_python_operator to None, run_after=None
[2024-01-03T02:29:05.524+0000] {processor.py:183} INFO - Processing /home/airflow/.local/lib/python3.8/site-packages/airflow/example_dags/example_python_operator.py took 0.043 seconds
[2024-01-03T02:29:36.254+0000] {processor.py:161} INFO - Started process (PID=1202) to work on /home/airflow/.local/lib/python3.8/site-packages/airflow/example_dags/example_python_operator.py
[2024-01-03T02:29:36.254+0000] {processor.py:830} INFO - Processing file /home/airflow/.local/lib/python3.8/site-packages/airflow/example_dags/example_python_operator.py for tasks to queue
[2024-01-03T02:29:36.256+0000] {logging_mixin.py:188} INFO - [2024-01-03T02:29:36.255+0000] {dagbag.py:538} INFO - Filling up the DagBag from /home/airflow/.local/lib/python3.8/site-packages/airflow/example_dags/example_python_operator.py
[2024-01-03T02:29:36.262+0000] {processor.py:840} INFO - DAG(s) 'example_python_operator' retrieved from /home/airflow/.local/lib/python3.8/site-packages/airflow/example_dags/example_python_operator.py
[2024-01-03T02:29:36.275+0000] {logging_mixin.py:188} INFO - [2024-01-03T02:29:36.275+0000] {dag.py:3033} INFO - Sync 1 DAGs
[2024-01-03T02:29:36.283+0000] {logging_mixin.py:188} INFO - [2024-01-03T02:29:36.282+0000] {dag.py:3820} INFO - Setting next_dagrun for example_python_operator to None, run_after=None
[2024-01-03T02:29:36.295+0000] {processor.py:183} INFO - Processing /home/airflow/.local/lib/python3.8/site-packages/airflow/example_dags/example_python_operator.py took 0.043 seconds
[2024-01-03T02:30:07.326+0000] {processor.py:161} INFO - Started process (PID=1257) to work on /home/airflow/.local/lib/python3.8/site-packages/airflow/example_dags/example_python_operator.py
[2024-01-03T02:30:07.327+0000] {processor.py:830} INFO - Processing file /home/airflow/.local/lib/python3.8/site-packages/airflow/example_dags/example_python_operator.py for tasks to queue
[2024-01-03T02:30:07.328+0000] {logging_mixin.py:188} INFO - [2024-01-03T02:30:07.328+0000] {dagbag.py:538} INFO - Filling up the DagBag from /home/airflow/.local/lib/python3.8/site-packages/airflow/example_dags/example_python_operator.py
[2024-01-03T02:30:07.334+0000] {processor.py:840} INFO - DAG(s) 'example_python_operator' retrieved from /home/airflow/.local/lib/python3.8/site-packages/airflow/example_dags/example_python_operator.py
[2024-01-03T02:30:07.348+0000] {logging_mixin.py:188} INFO - [2024-01-03T02:30:07.347+0000] {dag.py:3033} INFO - Sync 1 DAGs
[2024-01-03T02:30:07.356+0000] {logging_mixin.py:188} INFO - [2024-01-03T02:30:07.356+0000] {dag.py:3820} INFO - Setting next_dagrun for example_python_operator to None, run_after=None
[2024-01-03T02:30:07.367+0000] {processor.py:183} INFO - Processing /home/airflow/.local/lib/python3.8/site-packages/airflow/example_dags/example_python_operator.py took 0.043 seconds
[2024-01-03T02:30:38.306+0000] {processor.py:161} INFO - Started process (PID=1312) to work on /home/airflow/.local/lib/python3.8/site-packages/airflow/example_dags/example_python_operator.py
[2024-01-03T02:30:38.307+0000] {processor.py:830} INFO - Processing file /home/airflow/.local/lib/python3.8/site-packages/airflow/example_dags/example_python_operator.py for tasks to queue
[2024-01-03T02:30:38.309+0000] {logging_mixin.py:188} INFO - [2024-01-03T02:30:38.309+0000] {dagbag.py:538} INFO - Filling up the DagBag from /home/airflow/.local/lib/python3.8/site-packages/airflow/example_dags/example_python_operator.py
[2024-01-03T02:30:38.316+0000] {processor.py:840} INFO - DAG(s) 'example_python_operator' retrieved from /home/airflow/.local/lib/python3.8/site-packages/airflow/example_dags/example_python_operator.py
[2024-01-03T02:30:38.332+0000] {logging_mixin.py:188} INFO - [2024-01-03T02:30:38.331+0000] {dag.py:3033} INFO - Sync 1 DAGs
[2024-01-03T02:30:38.341+0000] {logging_mixin.py:188} INFO - [2024-01-03T02:30:38.341+0000] {dag.py:3820} INFO - Setting next_dagrun for example_python_operator to None, run_after=None
[2024-01-03T02:30:38.356+0000] {processor.py:183} INFO - Processing /home/airflow/.local/lib/python3.8/site-packages/airflow/example_dags/example_python_operator.py took 0.052 seconds
[2024-01-03T02:31:08.496+0000] {processor.py:161} INFO - Started process (PID=1367) to work on /home/airflow/.local/lib/python3.8/site-packages/airflow/example_dags/example_python_operator.py
[2024-01-03T02:31:08.497+0000] {processor.py:830} INFO - Processing file /home/airflow/.local/lib/python3.8/site-packages/airflow/example_dags/example_python_operator.py for tasks to queue
[2024-01-03T02:31:08.498+0000] {logging_mixin.py:188} INFO - [2024-01-03T02:31:08.498+0000] {dagbag.py:538} INFO - Filling up the DagBag from /home/airflow/.local/lib/python3.8/site-packages/airflow/example_dags/example_python_operator.py
[2024-01-03T02:31:08.505+0000] {processor.py:840} INFO - DAG(s) 'example_python_operator' retrieved from /home/airflow/.local/lib/python3.8/site-packages/airflow/example_dags/example_python_operator.py
[2024-01-03T02:31:08.522+0000] {logging_mixin.py:188} INFO - [2024-01-03T02:31:08.522+0000] {dag.py:3033} INFO - Sync 1 DAGs
[2024-01-03T02:31:08.530+0000] {logging_mixin.py:188} INFO - [2024-01-03T02:31:08.530+0000] {dag.py:3820} INFO - Setting next_dagrun for example_python_operator to None, run_after=None
[2024-01-03T02:31:08.543+0000] {processor.py:183} INFO - Processing /home/airflow/.local/lib/python3.8/site-packages/airflow/example_dags/example_python_operator.py took 0.049 seconds
[2024-01-03T02:31:38.744+0000] {processor.py:161} INFO - Started process (PID=1422) to work on /home/airflow/.local/lib/python3.8/site-packages/airflow/example_dags/example_python_operator.py
[2024-01-03T02:31:38.745+0000] {processor.py:830} INFO - Processing file /home/airflow/.local/lib/python3.8/site-packages/airflow/example_dags/example_python_operator.py for tasks to queue
[2024-01-03T02:31:38.747+0000] {logging_mixin.py:188} INFO - [2024-01-03T02:31:38.746+0000] {dagbag.py:538} INFO - Filling up the DagBag from /home/airflow/.local/lib/python3.8/site-packages/airflow/example_dags/example_python_operator.py
[2024-01-03T02:31:38.754+0000] {processor.py:840} INFO - DAG(s) 'example_python_operator' retrieved from /home/airflow/.local/lib/python3.8/site-packages/airflow/example_dags/example_python_operator.py
[2024-01-03T02:31:38.767+0000] {logging_mixin.py:188} INFO - [2024-01-03T02:31:38.767+0000] {dag.py:3033} INFO - Sync 1 DAGs
[2024-01-03T02:31:38.775+0000] {logging_mixin.py:188} INFO - [2024-01-03T02:31:38.775+0000] {dag.py:3820} INFO - Setting next_dagrun for example_python_operator to None, run_after=None
[2024-01-03T02:31:38.787+0000] {processor.py:183} INFO - Processing /home/airflow/.local/lib/python3.8/site-packages/airflow/example_dags/example_python_operator.py took 0.045 seconds
[2024-01-03T02:32:08.816+0000] {processor.py:161} INFO - Started process (PID=1477) to work on /home/airflow/.local/lib/python3.8/site-packages/airflow/example_dags/example_python_operator.py
[2024-01-03T02:32:08.817+0000] {processor.py:830} INFO - Processing file /home/airflow/.local/lib/python3.8/site-packages/airflow/example_dags/example_python_operator.py for tasks to queue
[2024-01-03T02:32:08.819+0000] {logging_mixin.py:188} INFO - [2024-01-03T02:32:08.818+0000] {dagbag.py:538} INFO - Filling up the DagBag from /home/airflow/.local/lib/python3.8/site-packages/airflow/example_dags/example_python_operator.py
[2024-01-03T02:32:08.825+0000] {processor.py:840} INFO - DAG(s) 'example_python_operator' retrieved from /home/airflow/.local/lib/python3.8/site-packages/airflow/example_dags/example_python_operator.py
[2024-01-03T02:32:08.842+0000] {logging_mixin.py:188} INFO - [2024-01-03T02:32:08.841+0000] {dag.py:3033} INFO - Sync 1 DAGs
[2024-01-03T02:32:08.851+0000] {logging_mixin.py:188} INFO - [2024-01-03T02:32:08.851+0000] {dag.py:3820} INFO - Setting next_dagrun for example_python_operator to None, run_after=None
[2024-01-03T02:32:08.865+0000] {processor.py:183} INFO - Processing /home/airflow/.local/lib/python3.8/site-packages/airflow/example_dags/example_python_operator.py took 0.051 seconds
[2024-01-03T02:32:39.011+0000] {processor.py:161} INFO - Started process (PID=1532) to work on /home/airflow/.local/lib/python3.8/site-packages/airflow/example_dags/example_python_operator.py
[2024-01-03T02:32:39.012+0000] {processor.py:830} INFO - Processing file /home/airflow/.local/lib/python3.8/site-packages/airflow/example_dags/example_python_operator.py for tasks to queue
[2024-01-03T02:32:39.013+0000] {logging_mixin.py:188} INFO - [2024-01-03T02:32:39.013+0000] {dagbag.py:538} INFO - Filling up the DagBag from /home/airflow/.local/lib/python3.8/site-packages/airflow/example_dags/example_python_operator.py
[2024-01-03T02:32:39.019+0000] {processor.py:840} INFO - DAG(s) 'example_python_operator' retrieved from /home/airflow/.local/lib/python3.8/site-packages/airflow/example_dags/example_python_operator.py
[2024-01-03T02:32:39.034+0000] {logging_mixin.py:188} INFO - [2024-01-03T02:32:39.034+0000] {dag.py:3033} INFO - Sync 1 DAGs
[2024-01-03T02:32:39.042+0000] {logging_mixin.py:188} INFO - [2024-01-03T02:32:39.042+0000] {dag.py:3820} INFO - Setting next_dagrun for example_python_operator to None, run_after=None
[2024-01-03T02:32:39.054+0000] {processor.py:183} INFO - Processing /home/airflow/.local/lib/python3.8/site-packages/airflow/example_dags/example_python_operator.py took 0.045 seconds
[2024-01-03T02:33:09.135+0000] {processor.py:161} INFO - Started process (PID=1587) to work on /home/airflow/.local/lib/python3.8/site-packages/airflow/example_dags/example_python_operator.py
[2024-01-03T02:33:09.136+0000] {processor.py:830} INFO - Processing file /home/airflow/.local/lib/python3.8/site-packages/airflow/example_dags/example_python_operator.py for tasks to queue
[2024-01-03T02:33:09.137+0000] {logging_mixin.py:188} INFO - [2024-01-03T02:33:09.137+0000] {dagbag.py:538} INFO - Filling up the DagBag from /home/airflow/.local/lib/python3.8/site-packages/airflow/example_dags/example_python_operator.py
[2024-01-03T02:33:09.144+0000] {processor.py:840} INFO - DAG(s) 'example_python_operator' retrieved from /home/airflow/.local/lib/python3.8/site-packages/airflow/example_dags/example_python_operator.py
[2024-01-03T02:33:09.157+0000] {logging_mixin.py:188} INFO - [2024-01-03T02:33:09.156+0000] {dag.py:3033} INFO - Sync 1 DAGs
[2024-01-03T02:33:09.164+0000] {logging_mixin.py:188} INFO - [2024-01-03T02:33:09.164+0000] {dag.py:3820} INFO - Setting next_dagrun for example_python_operator to None, run_after=None
[2024-01-03T02:33:09.177+0000] {processor.py:183} INFO - Processing /home/airflow/.local/lib/python3.8/site-packages/airflow/example_dags/example_python_operator.py took 0.044 seconds
[2024-01-03T02:33:39.294+0000] {processor.py:161} INFO - Started process (PID=1642) to work on /home/airflow/.local/lib/python3.8/site-packages/airflow/example_dags/example_python_operator.py
[2024-01-03T02:33:39.295+0000] {processor.py:830} INFO - Processing file /home/airflow/.local/lib/python3.8/site-packages/airflow/example_dags/example_python_operator.py for tasks to queue
[2024-01-03T02:33:39.297+0000] {logging_mixin.py:188} INFO - [2024-01-03T02:33:39.297+0000] {dagbag.py:538} INFO - Filling up the DagBag from /home/airflow/.local/lib/python3.8/site-packages/airflow/example_dags/example_python_operator.py
[2024-01-03T02:33:39.303+0000] {processor.py:840} INFO - DAG(s) 'example_python_operator' retrieved from /home/airflow/.local/lib/python3.8/site-packages/airflow/example_dags/example_python_operator.py
[2024-01-03T02:33:39.317+0000] {logging_mixin.py:188} INFO - [2024-01-03T02:33:39.316+0000] {dag.py:3033} INFO - Sync 1 DAGs
[2024-01-03T02:33:39.325+0000] {logging_mixin.py:188} INFO - [2024-01-03T02:33:39.325+0000] {dag.py:3820} INFO - Setting next_dagrun for example_python_operator to None, run_after=None
[2024-01-03T02:33:39.336+0000] {processor.py:183} INFO - Processing /home/airflow/.local/lib/python3.8/site-packages/airflow/example_dags/example_python_operator.py took 0.044 seconds
[2024-01-03T02:34:09.390+0000] {processor.py:161} INFO - Started process (PID=1697) to work on /home/airflow/.local/lib/python3.8/site-packages/airflow/example_dags/example_python_operator.py
[2024-01-03T02:34:09.391+0000] {processor.py:830} INFO - Processing file /home/airflow/.local/lib/python3.8/site-packages/airflow/example_dags/example_python_operator.py for tasks to queue
[2024-01-03T02:34:09.392+0000] {logging_mixin.py:188} INFO - [2024-01-03T02:34:09.392+0000] {dagbag.py:538} INFO - Filling up the DagBag from /home/airflow/.local/lib/python3.8/site-packages/airflow/example_dags/example_python_operator.py
[2024-01-03T02:34:09.399+0000] {processor.py:840} INFO - DAG(s) 'example_python_operator' retrieved from /home/airflow/.local/lib/python3.8/site-packages/airflow/example_dags/example_python_operator.py
[2024-01-03T02:34:09.412+0000] {logging_mixin.py:188} INFO - [2024-01-03T02:34:09.412+0000] {dag.py:3033} INFO - Sync 1 DAGs
[2024-01-03T02:34:09.420+0000] {logging_mixin.py:188} INFO - [2024-01-03T02:34:09.420+0000] {dag.py:3820} INFO - Setting next_dagrun for example_python_operator to None, run_after=None
[2024-01-03T02:34:09.432+0000] {processor.py:183} INFO - Processing /home/airflow/.local/lib/python3.8/site-packages/airflow/example_dags/example_python_operator.py took 0.043 seconds
[2024-01-03T02:34:40.068+0000] {processor.py:161} INFO - Started process (PID=1753) to work on /home/airflow/.local/lib/python3.8/site-packages/airflow/example_dags/example_python_operator.py
[2024-01-03T02:34:40.069+0000] {processor.py:830} INFO - Processing file /home/airflow/.local/lib/python3.8/site-packages/airflow/example_dags/example_python_operator.py for tasks to queue
[2024-01-03T02:34:40.070+0000] {logging_mixin.py:188} INFO - [2024-01-03T02:34:40.070+0000] {dagbag.py:538} INFO - Filling up the DagBag from /home/airflow/.local/lib/python3.8/site-packages/airflow/example_dags/example_python_operator.py
[2024-01-03T02:34:40.076+0000] {processor.py:840} INFO - DAG(s) 'example_python_operator' retrieved from /home/airflow/.local/lib/python3.8/site-packages/airflow/example_dags/example_python_operator.py
[2024-01-03T02:34:40.090+0000] {logging_mixin.py:188} INFO - [2024-01-03T02:34:40.090+0000] {dag.py:3033} INFO - Sync 1 DAGs
[2024-01-03T02:34:40.099+0000] {logging_mixin.py:188} INFO - [2024-01-03T02:34:40.098+0000] {dag.py:3820} INFO - Setting next_dagrun for example_python_operator to None, run_after=None
[2024-01-03T02:34:40.111+0000] {processor.py:183} INFO - Processing /home/airflow/.local/lib/python3.8/site-packages/airflow/example_dags/example_python_operator.py took 0.044 seconds
[2024-01-03T02:35:10.903+0000] {processor.py:161} INFO - Started process (PID=1808) to work on /home/airflow/.local/lib/python3.8/site-packages/airflow/example_dags/example_python_operator.py
[2024-01-03T02:35:10.904+0000] {processor.py:830} INFO - Processing file /home/airflow/.local/lib/python3.8/site-packages/airflow/example_dags/example_python_operator.py for tasks to queue
[2024-01-03T02:35:10.905+0000] {logging_mixin.py:188} INFO - [2024-01-03T02:35:10.905+0000] {dagbag.py:538} INFO - Filling up the DagBag from /home/airflow/.local/lib/python3.8/site-packages/airflow/example_dags/example_python_operator.py
[2024-01-03T02:35:10.913+0000] {processor.py:840} INFO - DAG(s) 'example_python_operator' retrieved from /home/airflow/.local/lib/python3.8/site-packages/airflow/example_dags/example_python_operator.py
[2024-01-03T02:35:10.927+0000] {logging_mixin.py:188} INFO - [2024-01-03T02:35:10.926+0000] {dag.py:3033} INFO - Sync 1 DAGs
[2024-01-03T02:35:10.935+0000] {logging_mixin.py:188} INFO - [2024-01-03T02:35:10.935+0000] {dag.py:3820} INFO - Setting next_dagrun for example_python_operator to None, run_after=None
[2024-01-03T02:35:10.949+0000] {processor.py:183} INFO - Processing /home/airflow/.local/lib/python3.8/site-packages/airflow/example_dags/example_python_operator.py took 0.048 seconds
[2024-01-03T02:35:41.791+0000] {processor.py:161} INFO - Started process (PID=1863) to work on /home/airflow/.local/lib/python3.8/site-packages/airflow/example_dags/example_python_operator.py
[2024-01-03T02:35:41.792+0000] {processor.py:830} INFO - Processing file /home/airflow/.local/lib/python3.8/site-packages/airflow/example_dags/example_python_operator.py for tasks to queue
[2024-01-03T02:35:41.794+0000] {logging_mixin.py:188} INFO - [2024-01-03T02:35:41.793+0000] {dagbag.py:538} INFO - Filling up the DagBag from /home/airflow/.local/lib/python3.8/site-packages/airflow/example_dags/example_python_operator.py
[2024-01-03T02:35:41.800+0000] {processor.py:840} INFO - DAG(s) 'example_python_operator' retrieved from /home/airflow/.local/lib/python3.8/site-packages/airflow/example_dags/example_python_operator.py
[2024-01-03T02:35:41.814+0000] {logging_mixin.py:188} INFO - [2024-01-03T02:35:41.814+0000] {dag.py:3033} INFO - Sync 1 DAGs
[2024-01-03T02:35:41.822+0000] {logging_mixin.py:188} INFO - [2024-01-03T02:35:41.822+0000] {dag.py:3820} INFO - Setting next_dagrun for example_python_operator to None, run_after=None
[2024-01-03T02:35:41.834+0000] {processor.py:183} INFO - Processing /home/airflow/.local/lib/python3.8/site-packages/airflow/example_dags/example_python_operator.py took 0.045 seconds
[2024-01-03T02:36:12.594+0000] {processor.py:161} INFO - Started process (PID=1918) to work on /home/airflow/.local/lib/python3.8/site-packages/airflow/example_dags/example_python_operator.py
[2024-01-03T02:36:12.595+0000] {processor.py:830} INFO - Processing file /home/airflow/.local/lib/python3.8/site-packages/airflow/example_dags/example_python_operator.py for tasks to queue
[2024-01-03T02:36:12.596+0000] {logging_mixin.py:188} INFO - [2024-01-03T02:36:12.596+0000] {dagbag.py:538} INFO - Filling up the DagBag from /home/airflow/.local/lib/python3.8/site-packages/airflow/example_dags/example_python_operator.py
[2024-01-03T02:36:12.603+0000] {processor.py:840} INFO - DAG(s) 'example_python_operator' retrieved from /home/airflow/.local/lib/python3.8/site-packages/airflow/example_dags/example_python_operator.py
[2024-01-03T02:36:12.618+0000] {logging_mixin.py:188} INFO - [2024-01-03T02:36:12.618+0000] {dag.py:3033} INFO - Sync 1 DAGs
[2024-01-03T02:36:12.628+0000] {logging_mixin.py:188} INFO - [2024-01-03T02:36:12.628+0000] {dag.py:3820} INFO - Setting next_dagrun for example_python_operator to None, run_after=None
[2024-01-03T02:36:12.641+0000] {processor.py:183} INFO - Processing /home/airflow/.local/lib/python3.8/site-packages/airflow/example_dags/example_python_operator.py took 0.050 seconds
[2024-01-03T02:36:42.720+0000] {processor.py:161} INFO - Started process (PID=1973) to work on /home/airflow/.local/lib/python3.8/site-packages/airflow/example_dags/example_python_operator.py
[2024-01-03T02:36:42.721+0000] {processor.py:830} INFO - Processing file /home/airflow/.local/lib/python3.8/site-packages/airflow/example_dags/example_python_operator.py for tasks to queue
[2024-01-03T02:36:42.722+0000] {logging_mixin.py:188} INFO - [2024-01-03T02:36:42.722+0000] {dagbag.py:538} INFO - Filling up the DagBag from /home/airflow/.local/lib/python3.8/site-packages/airflow/example_dags/example_python_operator.py
[2024-01-03T02:36:42.729+0000] {processor.py:840} INFO - DAG(s) 'example_python_operator' retrieved from /home/airflow/.local/lib/python3.8/site-packages/airflow/example_dags/example_python_operator.py
[2024-01-03T02:36:42.742+0000] {logging_mixin.py:188} INFO - [2024-01-03T02:36:42.742+0000] {dag.py:3033} INFO - Sync 1 DAGs
[2024-01-03T02:36:42.750+0000] {logging_mixin.py:188} INFO - [2024-01-03T02:36:42.750+0000] {dag.py:3820} INFO - Setting next_dagrun for example_python_operator to None, run_after=None
[2024-01-03T02:36:42.763+0000] {processor.py:183} INFO - Processing /home/airflow/.local/lib/python3.8/site-packages/airflow/example_dags/example_python_operator.py took 0.045 seconds
[2024-01-03T02:41:31.789+0000] {processor.py:161} INFO - Started process (PID=2034) to work on /home/airflow/.local/lib/python3.8/site-packages/airflow/example_dags/example_python_operator.py
[2024-01-03T02:41:31.791+0000] {processor.py:830} INFO - Processing file /home/airflow/.local/lib/python3.8/site-packages/airflow/example_dags/example_python_operator.py for tasks to queue
[2024-01-03T02:41:31.794+0000] {logging_mixin.py:188} INFO - [2024-01-03T02:41:31.794+0000] {dagbag.py:538} INFO - Filling up the DagBag from /home/airflow/.local/lib/python3.8/site-packages/airflow/example_dags/example_python_operator.py
[2024-01-03T02:41:31.807+0000] {processor.py:840} INFO - DAG(s) 'example_python_operator' retrieved from /home/airflow/.local/lib/python3.8/site-packages/airflow/example_dags/example_python_operator.py
[2024-01-03T02:41:31.838+0000] {logging_mixin.py:188} INFO - [2024-01-03T02:41:31.837+0000] {dag.py:3033} INFO - Sync 1 DAGs
[2024-01-03T02:41:31.854+0000] {logging_mixin.py:188} INFO - [2024-01-03T02:41:31.853+0000] {dag.py:3820} INFO - Setting next_dagrun for example_python_operator to None, run_after=None
[2024-01-03T02:41:31.881+0000] {processor.py:183} INFO - Processing /home/airflow/.local/lib/python3.8/site-packages/airflow/example_dags/example_python_operator.py took 0.095 seconds
[2024-01-03T02:42:02.716+0000] {processor.py:161} INFO - Started process (PID=2089) to work on /home/airflow/.local/lib/python3.8/site-packages/airflow/example_dags/example_python_operator.py
[2024-01-03T02:42:02.717+0000] {processor.py:830} INFO - Processing file /home/airflow/.local/lib/python3.8/site-packages/airflow/example_dags/example_python_operator.py for tasks to queue
[2024-01-03T02:42:02.719+0000] {logging_mixin.py:188} INFO - [2024-01-03T02:42:02.718+0000] {dagbag.py:538} INFO - Filling up the DagBag from /home/airflow/.local/lib/python3.8/site-packages/airflow/example_dags/example_python_operator.py
[2024-01-03T02:42:02.726+0000] {processor.py:840} INFO - DAG(s) 'example_python_operator' retrieved from /home/airflow/.local/lib/python3.8/site-packages/airflow/example_dags/example_python_operator.py
[2024-01-03T02:42:02.740+0000] {logging_mixin.py:188} INFO - [2024-01-03T02:42:02.740+0000] {dag.py:3033} INFO - Sync 1 DAGs
[2024-01-03T02:42:02.749+0000] {logging_mixin.py:188} INFO - [2024-01-03T02:42:02.749+0000] {dag.py:3820} INFO - Setting next_dagrun for example_python_operator to None, run_after=None
[2024-01-03T02:42:02.762+0000] {processor.py:183} INFO - Processing /home/airflow/.local/lib/python3.8/site-packages/airflow/example_dags/example_python_operator.py took 0.048 seconds
[2024-01-03T02:42:32.936+0000] {processor.py:161} INFO - Started process (PID=2144) to work on /home/airflow/.local/lib/python3.8/site-packages/airflow/example_dags/example_python_operator.py
[2024-01-03T02:42:32.937+0000] {processor.py:830} INFO - Processing file /home/airflow/.local/lib/python3.8/site-packages/airflow/example_dags/example_python_operator.py for tasks to queue
[2024-01-03T02:42:32.938+0000] {logging_mixin.py:188} INFO - [2024-01-03T02:42:32.938+0000] {dagbag.py:538} INFO - Filling up the DagBag from /home/airflow/.local/lib/python3.8/site-packages/airflow/example_dags/example_python_operator.py
[2024-01-03T02:42:32.945+0000] {processor.py:840} INFO - DAG(s) 'example_python_operator' retrieved from /home/airflow/.local/lib/python3.8/site-packages/airflow/example_dags/example_python_operator.py
[2024-01-03T02:42:32.959+0000] {logging_mixin.py:188} INFO - [2024-01-03T02:42:32.959+0000] {dag.py:3033} INFO - Sync 1 DAGs
[2024-01-03T02:42:32.968+0000] {logging_mixin.py:188} INFO - [2024-01-03T02:42:32.967+0000] {dag.py:3820} INFO - Setting next_dagrun for example_python_operator to None, run_after=None
[2024-01-03T02:42:32.981+0000] {processor.py:183} INFO - Processing /home/airflow/.local/lib/python3.8/site-packages/airflow/example_dags/example_python_operator.py took 0.047 seconds
[2024-01-03T02:43:03.247+0000] {processor.py:161} INFO - Started process (PID=2199) to work on /home/airflow/.local/lib/python3.8/site-packages/airflow/example_dags/example_python_operator.py
[2024-01-03T02:43:03.248+0000] {processor.py:830} INFO - Processing file /home/airflow/.local/lib/python3.8/site-packages/airflow/example_dags/example_python_operator.py for tasks to queue
[2024-01-03T02:43:03.250+0000] {logging_mixin.py:188} INFO - [2024-01-03T02:43:03.249+0000] {dagbag.py:538} INFO - Filling up the DagBag from /home/airflow/.local/lib/python3.8/site-packages/airflow/example_dags/example_python_operator.py
[2024-01-03T02:43:03.256+0000] {processor.py:840} INFO - DAG(s) 'example_python_operator' retrieved from /home/airflow/.local/lib/python3.8/site-packages/airflow/example_dags/example_python_operator.py
[2024-01-03T02:43:03.271+0000] {logging_mixin.py:188} INFO - [2024-01-03T02:43:03.271+0000] {dag.py:3033} INFO - Sync 1 DAGs
[2024-01-03T02:43:03.279+0000] {logging_mixin.py:188} INFO - [2024-01-03T02:43:03.279+0000] {dag.py:3820} INFO - Setting next_dagrun for example_python_operator to None, run_after=None
[2024-01-03T02:43:03.291+0000] {processor.py:183} INFO - Processing /home/airflow/.local/lib/python3.8/site-packages/airflow/example_dags/example_python_operator.py took 0.047 seconds
[2024-01-03T02:43:33.954+0000] {processor.py:161} INFO - Started process (PID=2254) to work on /home/airflow/.local/lib/python3.8/site-packages/airflow/example_dags/example_python_operator.py
[2024-01-03T02:43:33.955+0000] {processor.py:830} INFO - Processing file /home/airflow/.local/lib/python3.8/site-packages/airflow/example_dags/example_python_operator.py for tasks to queue
[2024-01-03T02:43:33.956+0000] {logging_mixin.py:188} INFO - [2024-01-03T02:43:33.956+0000] {dagbag.py:538} INFO - Filling up the DagBag from /home/airflow/.local/lib/python3.8/site-packages/airflow/example_dags/example_python_operator.py
[2024-01-03T02:43:33.963+0000] {processor.py:840} INFO - DAG(s) 'example_python_operator' retrieved from /home/airflow/.local/lib/python3.8/site-packages/airflow/example_dags/example_python_operator.py
[2024-01-03T02:43:33.977+0000] {logging_mixin.py:188} INFO - [2024-01-03T02:43:33.976+0000] {dag.py:3033} INFO - Sync 1 DAGs
[2024-01-03T02:43:33.985+0000] {logging_mixin.py:188} INFO - [2024-01-03T02:43:33.985+0000] {dag.py:3820} INFO - Setting next_dagrun for example_python_operator to None, run_after=None
[2024-01-03T02:43:34.101+0000] {processor.py:183} INFO - Processing /home/airflow/.local/lib/python3.8/site-packages/airflow/example_dags/example_python_operator.py took 0.149 seconds
[2024-01-03T02:44:04.646+0000] {processor.py:161} INFO - Started process (PID=2309) to work on /home/airflow/.local/lib/python3.8/site-packages/airflow/example_dags/example_python_operator.py
[2024-01-03T02:44:04.646+0000] {processor.py:830} INFO - Processing file /home/airflow/.local/lib/python3.8/site-packages/airflow/example_dags/example_python_operator.py for tasks to queue
[2024-01-03T02:44:04.648+0000] {logging_mixin.py:188} INFO - [2024-01-03T02:44:04.648+0000] {dagbag.py:538} INFO - Filling up the DagBag from /home/airflow/.local/lib/python3.8/site-packages/airflow/example_dags/example_python_operator.py
[2024-01-03T02:44:04.654+0000] {processor.py:840} INFO - DAG(s) 'example_python_operator' retrieved from /home/airflow/.local/lib/python3.8/site-packages/airflow/example_dags/example_python_operator.py
[2024-01-03T02:44:04.668+0000] {logging_mixin.py:188} INFO - [2024-01-03T02:44:04.668+0000] {dag.py:3033} INFO - Sync 1 DAGs
[2024-01-03T02:44:04.677+0000] {logging_mixin.py:188} INFO - [2024-01-03T02:44:04.676+0000] {dag.py:3820} INFO - Setting next_dagrun for example_python_operator to None, run_after=None
[2024-01-03T02:44:04.798+0000] {processor.py:183} INFO - Processing /home/airflow/.local/lib/python3.8/site-packages/airflow/example_dags/example_python_operator.py took 0.154 seconds
[2024-01-03T02:44:35.182+0000] {processor.py:161} INFO - Started process (PID=2364) to work on /home/airflow/.local/lib/python3.8/site-packages/airflow/example_dags/example_python_operator.py
[2024-01-03T02:44:35.183+0000] {processor.py:830} INFO - Processing file /home/airflow/.local/lib/python3.8/site-packages/airflow/example_dags/example_python_operator.py for tasks to queue
[2024-01-03T02:44:35.185+0000] {logging_mixin.py:188} INFO - [2024-01-03T02:44:35.185+0000] {dagbag.py:538} INFO - Filling up the DagBag from /home/airflow/.local/lib/python3.8/site-packages/airflow/example_dags/example_python_operator.py
[2024-01-03T02:44:35.192+0000] {processor.py:840} INFO - DAG(s) 'example_python_operator' retrieved from /home/airflow/.local/lib/python3.8/site-packages/airflow/example_dags/example_python_operator.py
[2024-01-03T02:44:35.208+0000] {logging_mixin.py:188} INFO - [2024-01-03T02:44:35.208+0000] {dag.py:3033} INFO - Sync 1 DAGs
[2024-01-03T02:44:35.217+0000] {logging_mixin.py:188} INFO - [2024-01-03T02:44:35.217+0000] {dag.py:3820} INFO - Setting next_dagrun for example_python_operator to None, run_after=None
[2024-01-03T02:44:35.231+0000] {processor.py:183} INFO - Processing /home/airflow/.local/lib/python3.8/site-packages/airflow/example_dags/example_python_operator.py took 0.051 seconds
[2024-01-03T02:45:05.857+0000] {processor.py:161} INFO - Started process (PID=2419) to work on /home/airflow/.local/lib/python3.8/site-packages/airflow/example_dags/example_python_operator.py
[2024-01-03T02:45:05.858+0000] {processor.py:830} INFO - Processing file /home/airflow/.local/lib/python3.8/site-packages/airflow/example_dags/example_python_operator.py for tasks to queue
[2024-01-03T02:45:05.859+0000] {logging_mixin.py:188} INFO - [2024-01-03T02:45:05.859+0000] {dagbag.py:538} INFO - Filling up the DagBag from /home/airflow/.local/lib/python3.8/site-packages/airflow/example_dags/example_python_operator.py
[2024-01-03T02:45:05.865+0000] {processor.py:840} INFO - DAG(s) 'example_python_operator' retrieved from /home/airflow/.local/lib/python3.8/site-packages/airflow/example_dags/example_python_operator.py
[2024-01-03T02:45:05.879+0000] {logging_mixin.py:188} INFO - [2024-01-03T02:45:05.879+0000] {dag.py:3033} INFO - Sync 1 DAGs
[2024-01-03T02:45:05.888+0000] {logging_mixin.py:188} INFO - [2024-01-03T02:45:05.887+0000] {dag.py:3820} INFO - Setting next_dagrun for example_python_operator to None, run_after=None
[2024-01-03T02:45:05.900+0000] {processor.py:183} INFO - Processing /home/airflow/.local/lib/python3.8/site-packages/airflow/example_dags/example_python_operator.py took 0.045 seconds
[2024-01-03T02:45:36.252+0000] {processor.py:161} INFO - Started process (PID=2474) to work on /home/airflow/.local/lib/python3.8/site-packages/airflow/example_dags/example_python_operator.py
[2024-01-03T02:45:36.252+0000] {processor.py:830} INFO - Processing file /home/airflow/.local/lib/python3.8/site-packages/airflow/example_dags/example_python_operator.py for tasks to queue
[2024-01-03T02:45:36.254+0000] {logging_mixin.py:188} INFO - [2024-01-03T02:45:36.254+0000] {dagbag.py:538} INFO - Filling up the DagBag from /home/airflow/.local/lib/python3.8/site-packages/airflow/example_dags/example_python_operator.py
[2024-01-03T02:45:36.261+0000] {processor.py:840} INFO - DAG(s) 'example_python_operator' retrieved from /home/airflow/.local/lib/python3.8/site-packages/airflow/example_dags/example_python_operator.py
[2024-01-03T02:45:36.275+0000] {logging_mixin.py:188} INFO - [2024-01-03T02:45:36.275+0000] {dag.py:3033} INFO - Sync 1 DAGs
[2024-01-03T02:45:36.284+0000] {logging_mixin.py:188} INFO - [2024-01-03T02:45:36.283+0000] {dag.py:3820} INFO - Setting next_dagrun for example_python_operator to None, run_after=None
[2024-01-03T02:45:36.296+0000] {processor.py:183} INFO - Processing /home/airflow/.local/lib/python3.8/site-packages/airflow/example_dags/example_python_operator.py took 0.046 seconds
[2024-01-03T02:46:06.992+0000] {processor.py:161} INFO - Started process (PID=2529) to work on /home/airflow/.local/lib/python3.8/site-packages/airflow/example_dags/example_python_operator.py
[2024-01-03T02:46:06.993+0000] {processor.py:830} INFO - Processing file /home/airflow/.local/lib/python3.8/site-packages/airflow/example_dags/example_python_operator.py for tasks to queue
[2024-01-03T02:46:06.995+0000] {logging_mixin.py:188} INFO - [2024-01-03T02:46:06.995+0000] {dagbag.py:538} INFO - Filling up the DagBag from /home/airflow/.local/lib/python3.8/site-packages/airflow/example_dags/example_python_operator.py
[2024-01-03T02:46:07.003+0000] {processor.py:840} INFO - DAG(s) 'example_python_operator' retrieved from /home/airflow/.local/lib/python3.8/site-packages/airflow/example_dags/example_python_operator.py
[2024-01-03T02:46:07.147+0000] {logging_mixin.py:188} INFO - [2024-01-03T02:46:07.147+0000] {dag.py:3033} INFO - Sync 1 DAGs
[2024-01-03T02:46:07.157+0000] {logging_mixin.py:188} INFO - [2024-01-03T02:46:07.157+0000] {dag.py:3820} INFO - Setting next_dagrun for example_python_operator to None, run_after=None
[2024-01-03T02:46:07.172+0000] {processor.py:183} INFO - Processing /home/airflow/.local/lib/python3.8/site-packages/airflow/example_dags/example_python_operator.py took 0.182 seconds
[2024-01-03T02:46:37.273+0000] {processor.py:161} INFO - Started process (PID=2584) to work on /home/airflow/.local/lib/python3.8/site-packages/airflow/example_dags/example_python_operator.py
[2024-01-03T02:46:37.274+0000] {processor.py:830} INFO - Processing file /home/airflow/.local/lib/python3.8/site-packages/airflow/example_dags/example_python_operator.py for tasks to queue
[2024-01-03T02:46:37.275+0000] {logging_mixin.py:188} INFO - [2024-01-03T02:46:37.275+0000] {dagbag.py:538} INFO - Filling up the DagBag from /home/airflow/.local/lib/python3.8/site-packages/airflow/example_dags/example_python_operator.py
[2024-01-03T02:46:37.282+0000] {processor.py:840} INFO - DAG(s) 'example_python_operator' retrieved from /home/airflow/.local/lib/python3.8/site-packages/airflow/example_dags/example_python_operator.py
[2024-01-03T02:46:37.296+0000] {logging_mixin.py:188} INFO - [2024-01-03T02:46:37.296+0000] {dag.py:3033} INFO - Sync 1 DAGs
[2024-01-03T02:46:37.421+0000] {logging_mixin.py:188} INFO - [2024-01-03T02:46:37.421+0000] {dag.py:3820} INFO - Setting next_dagrun for example_python_operator to None, run_after=None
[2024-01-03T02:46:37.433+0000] {processor.py:183} INFO - Processing /home/airflow/.local/lib/python3.8/site-packages/airflow/example_dags/example_python_operator.py took 0.162 seconds
[2024-01-03T02:47:07.656+0000] {processor.py:161} INFO - Started process (PID=2638) to work on /home/airflow/.local/lib/python3.8/site-packages/airflow/example_dags/example_python_operator.py
[2024-01-03T02:47:07.656+0000] {processor.py:830} INFO - Processing file /home/airflow/.local/lib/python3.8/site-packages/airflow/example_dags/example_python_operator.py for tasks to queue
[2024-01-03T02:47:07.658+0000] {logging_mixin.py:188} INFO - [2024-01-03T02:47:07.658+0000] {dagbag.py:538} INFO - Filling up the DagBag from /home/airflow/.local/lib/python3.8/site-packages/airflow/example_dags/example_python_operator.py
[2024-01-03T02:47:07.665+0000] {processor.py:840} INFO - DAG(s) 'example_python_operator' retrieved from /home/airflow/.local/lib/python3.8/site-packages/airflow/example_dags/example_python_operator.py
[2024-01-03T02:47:07.680+0000] {logging_mixin.py:188} INFO - [2024-01-03T02:47:07.680+0000] {dag.py:3033} INFO - Sync 1 DAGs
[2024-01-03T02:47:07.689+0000] {logging_mixin.py:188} INFO - [2024-01-03T02:47:07.688+0000] {dag.py:3820} INFO - Setting next_dagrun for example_python_operator to None, run_after=None
[2024-01-03T02:47:07.703+0000] {processor.py:183} INFO - Processing /home/airflow/.local/lib/python3.8/site-packages/airflow/example_dags/example_python_operator.py took 0.049 seconds
