[2024-01-03T02:18:56.406+0000] {processor.py:161} INFO - Started process (PID=75) to work on /home/airflow/.local/lib/python3.8/site-packages/airflow/example_dags/tutorial_dag.py
[2024-01-03T02:18:56.407+0000] {processor.py:830} INFO - Processing file /home/airflow/.local/lib/python3.8/site-packages/airflow/example_dags/tutorial_dag.py for tasks to queue
[2024-01-03T02:18:56.409+0000] {logging_mixin.py:188} INFO - [2024-01-03T02:18:56.409+0000] {dagbag.py:538} INFO - Filling up the DagBag from /home/airflow/.local/lib/python3.8/site-packages/airflow/example_dags/tutorial_dag.py
[2024-01-03T02:18:56.414+0000] {processor.py:840} INFO - DAG(s) 'tutorial_dag' retrieved from /home/airflow/.local/lib/python3.8/site-packages/airflow/example_dags/tutorial_dag.py
[2024-01-03T02:18:56.478+0000] {logging_mixin.py:188} INFO - [2024-01-03T02:18:56.478+0000] {dag.py:3033} INFO - Sync 1 DAGs
[2024-01-03T02:18:56.487+0000] {logging_mixin.py:188} INFO - [2024-01-03T02:18:56.487+0000] {dag.py:3820} INFO - Setting next_dagrun for tutorial_dag to None, run_after=None
[2024-01-03T02:18:56.501+0000] {processor.py:183} INFO - Processing /home/airflow/.local/lib/python3.8/site-packages/airflow/example_dags/tutorial_dag.py took 0.096 seconds
[2024-01-03T02:19:27.366+0000] {processor.py:161} INFO - Started process (PID=130) to work on /home/airflow/.local/lib/python3.8/site-packages/airflow/example_dags/tutorial_dag.py
[2024-01-03T02:19:27.367+0000] {processor.py:830} INFO - Processing file /home/airflow/.local/lib/python3.8/site-packages/airflow/example_dags/tutorial_dag.py for tasks to queue
[2024-01-03T02:19:27.369+0000] {logging_mixin.py:188} INFO - [2024-01-03T02:19:27.369+0000] {dagbag.py:538} INFO - Filling up the DagBag from /home/airflow/.local/lib/python3.8/site-packages/airflow/example_dags/tutorial_dag.py
[2024-01-03T02:19:27.372+0000] {processor.py:840} INFO - DAG(s) 'tutorial_dag' retrieved from /home/airflow/.local/lib/python3.8/site-packages/airflow/example_dags/tutorial_dag.py
[2024-01-03T02:19:27.385+0000] {logging_mixin.py:188} INFO - [2024-01-03T02:19:27.385+0000] {dag.py:3033} INFO - Sync 1 DAGs
[2024-01-03T02:19:27.394+0000] {logging_mixin.py:188} INFO - [2024-01-03T02:19:27.394+0000] {dag.py:3820} INFO - Setting next_dagrun for tutorial_dag to None, run_after=None
[2024-01-03T02:19:27.406+0000] {processor.py:183} INFO - Processing /home/airflow/.local/lib/python3.8/site-packages/airflow/example_dags/tutorial_dag.py took 0.042 seconds
[2024-01-03T02:19:57.476+0000] {processor.py:161} INFO - Started process (PID=184) to work on /home/airflow/.local/lib/python3.8/site-packages/airflow/example_dags/tutorial_dag.py
[2024-01-03T02:19:57.476+0000] {processor.py:830} INFO - Processing file /home/airflow/.local/lib/python3.8/site-packages/airflow/example_dags/tutorial_dag.py for tasks to queue
[2024-01-03T02:19:57.478+0000] {logging_mixin.py:188} INFO - [2024-01-03T02:19:57.478+0000] {dagbag.py:538} INFO - Filling up the DagBag from /home/airflow/.local/lib/python3.8/site-packages/airflow/example_dags/tutorial_dag.py
[2024-01-03T02:19:57.481+0000] {processor.py:840} INFO - DAG(s) 'tutorial_dag' retrieved from /home/airflow/.local/lib/python3.8/site-packages/airflow/example_dags/tutorial_dag.py
[2024-01-03T02:19:57.492+0000] {logging_mixin.py:188} INFO - [2024-01-03T02:19:57.492+0000] {dag.py:3033} INFO - Sync 1 DAGs
[2024-01-03T02:19:57.499+0000] {logging_mixin.py:188} INFO - [2024-01-03T02:19:57.499+0000] {dag.py:3820} INFO - Setting next_dagrun for tutorial_dag to None, run_after=None
[2024-01-03T02:19:57.511+0000] {processor.py:183} INFO - Processing /home/airflow/.local/lib/python3.8/site-packages/airflow/example_dags/tutorial_dag.py took 0.038 seconds
[2024-01-03T02:20:27.585+0000] {processor.py:161} INFO - Started process (PID=239) to work on /home/airflow/.local/lib/python3.8/site-packages/airflow/example_dags/tutorial_dag.py
[2024-01-03T02:20:27.585+0000] {processor.py:830} INFO - Processing file /home/airflow/.local/lib/python3.8/site-packages/airflow/example_dags/tutorial_dag.py for tasks to queue
[2024-01-03T02:20:27.587+0000] {logging_mixin.py:188} INFO - [2024-01-03T02:20:27.587+0000] {dagbag.py:538} INFO - Filling up the DagBag from /home/airflow/.local/lib/python3.8/site-packages/airflow/example_dags/tutorial_dag.py
[2024-01-03T02:20:27.591+0000] {processor.py:840} INFO - DAG(s) 'tutorial_dag' retrieved from /home/airflow/.local/lib/python3.8/site-packages/airflow/example_dags/tutorial_dag.py
[2024-01-03T02:20:27.598+0000] {logging_mixin.py:188} INFO - [2024-01-03T02:20:27.598+0000] {dag.py:3033} INFO - Sync 1 DAGs
[2024-01-03T02:20:27.608+0000] {logging_mixin.py:188} INFO - [2024-01-03T02:20:27.608+0000] {dag.py:3820} INFO - Setting next_dagrun for tutorial_dag to None, run_after=None
[2024-01-03T02:20:27.621+0000] {processor.py:183} INFO - Processing /home/airflow/.local/lib/python3.8/site-packages/airflow/example_dags/tutorial_dag.py took 0.038 seconds
[2024-01-03T02:20:58.268+0000] {processor.py:161} INFO - Started process (PID=294) to work on /home/airflow/.local/lib/python3.8/site-packages/airflow/example_dags/tutorial_dag.py
[2024-01-03T02:20:58.269+0000] {processor.py:830} INFO - Processing file /home/airflow/.local/lib/python3.8/site-packages/airflow/example_dags/tutorial_dag.py for tasks to queue
[2024-01-03T02:20:58.270+0000] {logging_mixin.py:188} INFO - [2024-01-03T02:20:58.270+0000] {dagbag.py:538} INFO - Filling up the DagBag from /home/airflow/.local/lib/python3.8/site-packages/airflow/example_dags/tutorial_dag.py
[2024-01-03T02:20:58.274+0000] {processor.py:840} INFO - DAG(s) 'tutorial_dag' retrieved from /home/airflow/.local/lib/python3.8/site-packages/airflow/example_dags/tutorial_dag.py
[2024-01-03T02:20:58.281+0000] {logging_mixin.py:188} INFO - [2024-01-03T02:20:58.281+0000] {dag.py:3033} INFO - Sync 1 DAGs
[2024-01-03T02:20:58.290+0000] {logging_mixin.py:188} INFO - [2024-01-03T02:20:58.290+0000] {dag.py:3820} INFO - Setting next_dagrun for tutorial_dag to None, run_after=None
[2024-01-03T02:20:58.303+0000] {processor.py:183} INFO - Processing /home/airflow/.local/lib/python3.8/site-packages/airflow/example_dags/tutorial_dag.py took 0.037 seconds
[2024-01-03T02:21:28.987+0000] {processor.py:161} INFO - Started process (PID=349) to work on /home/airflow/.local/lib/python3.8/site-packages/airflow/example_dags/tutorial_dag.py
[2024-01-03T02:21:28.988+0000] {processor.py:830} INFO - Processing file /home/airflow/.local/lib/python3.8/site-packages/airflow/example_dags/tutorial_dag.py for tasks to queue
[2024-01-03T02:21:28.989+0000] {logging_mixin.py:188} INFO - [2024-01-03T02:21:28.989+0000] {dagbag.py:538} INFO - Filling up the DagBag from /home/airflow/.local/lib/python3.8/site-packages/airflow/example_dags/tutorial_dag.py
[2024-01-03T02:21:28.992+0000] {processor.py:840} INFO - DAG(s) 'tutorial_dag' retrieved from /home/airflow/.local/lib/python3.8/site-packages/airflow/example_dags/tutorial_dag.py
[2024-01-03T02:21:29.056+0000] {logging_mixin.py:188} INFO - [2024-01-03T02:21:29.056+0000] {dag.py:3033} INFO - Sync 1 DAGs
[2024-01-03T02:21:29.064+0000] {logging_mixin.py:188} INFO - [2024-01-03T02:21:29.064+0000] {dag.py:3820} INFO - Setting next_dagrun for tutorial_dag to None, run_after=None
[2024-01-03T02:21:29.079+0000] {processor.py:183} INFO - Processing /home/airflow/.local/lib/python3.8/site-packages/airflow/example_dags/tutorial_dag.py took 0.094 seconds
[2024-01-03T02:21:59.281+0000] {processor.py:161} INFO - Started process (PID=404) to work on /home/airflow/.local/lib/python3.8/site-packages/airflow/example_dags/tutorial_dag.py
[2024-01-03T02:21:59.282+0000] {processor.py:830} INFO - Processing file /home/airflow/.local/lib/python3.8/site-packages/airflow/example_dags/tutorial_dag.py for tasks to queue
[2024-01-03T02:21:59.283+0000] {logging_mixin.py:188} INFO - [2024-01-03T02:21:59.283+0000] {dagbag.py:538} INFO - Filling up the DagBag from /home/airflow/.local/lib/python3.8/site-packages/airflow/example_dags/tutorial_dag.py
[2024-01-03T02:21:59.286+0000] {processor.py:840} INFO - DAG(s) 'tutorial_dag' retrieved from /home/airflow/.local/lib/python3.8/site-packages/airflow/example_dags/tutorial_dag.py
[2024-01-03T02:21:59.299+0000] {logging_mixin.py:188} INFO - [2024-01-03T02:21:59.299+0000] {dag.py:3033} INFO - Sync 1 DAGs
[2024-01-03T02:21:59.307+0000] {logging_mixin.py:188} INFO - [2024-01-03T02:21:59.307+0000] {dag.py:3820} INFO - Setting next_dagrun for tutorial_dag to None, run_after=None
[2024-01-03T02:21:59.319+0000] {processor.py:183} INFO - Processing /home/airflow/.local/lib/python3.8/site-packages/airflow/example_dags/tutorial_dag.py took 0.041 seconds
[2024-01-03T02:22:29.585+0000] {processor.py:161} INFO - Started process (PID=459) to work on /home/airflow/.local/lib/python3.8/site-packages/airflow/example_dags/tutorial_dag.py
[2024-01-03T02:22:29.586+0000] {processor.py:830} INFO - Processing file /home/airflow/.local/lib/python3.8/site-packages/airflow/example_dags/tutorial_dag.py for tasks to queue
[2024-01-03T02:22:29.587+0000] {logging_mixin.py:188} INFO - [2024-01-03T02:22:29.587+0000] {dagbag.py:538} INFO - Filling up the DagBag from /home/airflow/.local/lib/python3.8/site-packages/airflow/example_dags/tutorial_dag.py
[2024-01-03T02:22:29.591+0000] {processor.py:840} INFO - DAG(s) 'tutorial_dag' retrieved from /home/airflow/.local/lib/python3.8/site-packages/airflow/example_dags/tutorial_dag.py
[2024-01-03T02:22:29.605+0000] {logging_mixin.py:188} INFO - [2024-01-03T02:22:29.605+0000] {dag.py:3033} INFO - Sync 1 DAGs
[2024-01-03T02:22:29.614+0000] {logging_mixin.py:188} INFO - [2024-01-03T02:22:29.614+0000] {dag.py:3820} INFO - Setting next_dagrun for tutorial_dag to None, run_after=None
[2024-01-03T02:22:29.629+0000] {processor.py:183} INFO - Processing /home/airflow/.local/lib/python3.8/site-packages/airflow/example_dags/tutorial_dag.py took 0.046 seconds
[2024-01-03T02:22:59.745+0000] {processor.py:161} INFO - Started process (PID=514) to work on /home/airflow/.local/lib/python3.8/site-packages/airflow/example_dags/tutorial_dag.py
[2024-01-03T02:22:59.746+0000] {processor.py:830} INFO - Processing file /home/airflow/.local/lib/python3.8/site-packages/airflow/example_dags/tutorial_dag.py for tasks to queue
[2024-01-03T02:22:59.747+0000] {logging_mixin.py:188} INFO - [2024-01-03T02:22:59.747+0000] {dagbag.py:538} INFO - Filling up the DagBag from /home/airflow/.local/lib/python3.8/site-packages/airflow/example_dags/tutorial_dag.py
[2024-01-03T02:22:59.750+0000] {processor.py:840} INFO - DAG(s) 'tutorial_dag' retrieved from /home/airflow/.local/lib/python3.8/site-packages/airflow/example_dags/tutorial_dag.py
[2024-01-03T02:22:59.763+0000] {logging_mixin.py:188} INFO - [2024-01-03T02:22:59.763+0000] {dag.py:3033} INFO - Sync 1 DAGs
[2024-01-03T02:22:59.772+0000] {logging_mixin.py:188} INFO - [2024-01-03T02:22:59.772+0000] {dag.py:3820} INFO - Setting next_dagrun for tutorial_dag to None, run_after=None
[2024-01-03T02:22:59.785+0000] {processor.py:183} INFO - Processing /home/airflow/.local/lib/python3.8/site-packages/airflow/example_dags/tutorial_dag.py took 0.042 seconds
[2024-01-03T02:23:30.063+0000] {processor.py:161} INFO - Started process (PID=569) to work on /home/airflow/.local/lib/python3.8/site-packages/airflow/example_dags/tutorial_dag.py
[2024-01-03T02:23:30.064+0000] {processor.py:830} INFO - Processing file /home/airflow/.local/lib/python3.8/site-packages/airflow/example_dags/tutorial_dag.py for tasks to queue
[2024-01-03T02:23:30.065+0000] {logging_mixin.py:188} INFO - [2024-01-03T02:23:30.065+0000] {dagbag.py:538} INFO - Filling up the DagBag from /home/airflow/.local/lib/python3.8/site-packages/airflow/example_dags/tutorial_dag.py
[2024-01-03T02:23:30.068+0000] {processor.py:840} INFO - DAG(s) 'tutorial_dag' retrieved from /home/airflow/.local/lib/python3.8/site-packages/airflow/example_dags/tutorial_dag.py
[2024-01-03T02:23:30.081+0000] {logging_mixin.py:188} INFO - [2024-01-03T02:23:30.081+0000] {dag.py:3033} INFO - Sync 1 DAGs
[2024-01-03T02:23:30.090+0000] {logging_mixin.py:188} INFO - [2024-01-03T02:23:30.090+0000] {dag.py:3820} INFO - Setting next_dagrun for tutorial_dag to None, run_after=None
[2024-01-03T02:23:30.102+0000] {processor.py:183} INFO - Processing /home/airflow/.local/lib/python3.8/site-packages/airflow/example_dags/tutorial_dag.py took 0.042 seconds
[2024-01-03T02:24:00.362+0000] {processor.py:161} INFO - Started process (PID=624) to work on /home/airflow/.local/lib/python3.8/site-packages/airflow/example_dags/tutorial_dag.py
[2024-01-03T02:24:00.363+0000] {processor.py:830} INFO - Processing file /home/airflow/.local/lib/python3.8/site-packages/airflow/example_dags/tutorial_dag.py for tasks to queue
[2024-01-03T02:24:00.365+0000] {logging_mixin.py:188} INFO - [2024-01-03T02:24:00.365+0000] {dagbag.py:538} INFO - Filling up the DagBag from /home/airflow/.local/lib/python3.8/site-packages/airflow/example_dags/tutorial_dag.py
[2024-01-03T02:24:00.368+0000] {processor.py:840} INFO - DAG(s) 'tutorial_dag' retrieved from /home/airflow/.local/lib/python3.8/site-packages/airflow/example_dags/tutorial_dag.py
[2024-01-03T02:24:00.383+0000] {logging_mixin.py:188} INFO - [2024-01-03T02:24:00.383+0000] {dag.py:3033} INFO - Sync 1 DAGs
[2024-01-03T02:24:00.394+0000] {logging_mixin.py:188} INFO - [2024-01-03T02:24:00.394+0000] {dag.py:3820} INFO - Setting next_dagrun for tutorial_dag to None, run_after=None
[2024-01-03T02:24:00.409+0000] {processor.py:183} INFO - Processing /home/airflow/.local/lib/python3.8/site-packages/airflow/example_dags/tutorial_dag.py took 0.049 seconds
[2024-01-03T02:24:31.135+0000] {processor.py:161} INFO - Started process (PID=679) to work on /home/airflow/.local/lib/python3.8/site-packages/airflow/example_dags/tutorial_dag.py
[2024-01-03T02:24:31.136+0000] {processor.py:830} INFO - Processing file /home/airflow/.local/lib/python3.8/site-packages/airflow/example_dags/tutorial_dag.py for tasks to queue
[2024-01-03T02:24:31.137+0000] {logging_mixin.py:188} INFO - [2024-01-03T02:24:31.137+0000] {dagbag.py:538} INFO - Filling up the DagBag from /home/airflow/.local/lib/python3.8/site-packages/airflow/example_dags/tutorial_dag.py
[2024-01-03T02:24:31.141+0000] {processor.py:840} INFO - DAG(s) 'tutorial_dag' retrieved from /home/airflow/.local/lib/python3.8/site-packages/airflow/example_dags/tutorial_dag.py
[2024-01-03T02:24:31.154+0000] {logging_mixin.py:188} INFO - [2024-01-03T02:24:31.154+0000] {dag.py:3033} INFO - Sync 1 DAGs
[2024-01-03T02:24:31.163+0000] {logging_mixin.py:188} INFO - [2024-01-03T02:24:31.163+0000] {dag.py:3820} INFO - Setting next_dagrun for tutorial_dag to None, run_after=None
[2024-01-03T02:24:31.176+0000] {processor.py:183} INFO - Processing /home/airflow/.local/lib/python3.8/site-packages/airflow/example_dags/tutorial_dag.py took 0.044 seconds
[2024-01-03T02:25:01.964+0000] {processor.py:161} INFO - Started process (PID=734) to work on /home/airflow/.local/lib/python3.8/site-packages/airflow/example_dags/tutorial_dag.py
[2024-01-03T02:25:01.964+0000] {processor.py:830} INFO - Processing file /home/airflow/.local/lib/python3.8/site-packages/airflow/example_dags/tutorial_dag.py for tasks to queue
[2024-01-03T02:25:01.966+0000] {logging_mixin.py:188} INFO - [2024-01-03T02:25:01.966+0000] {dagbag.py:538} INFO - Filling up the DagBag from /home/airflow/.local/lib/python3.8/site-packages/airflow/example_dags/tutorial_dag.py
[2024-01-03T02:25:01.969+0000] {processor.py:840} INFO - DAG(s) 'tutorial_dag' retrieved from /home/airflow/.local/lib/python3.8/site-packages/airflow/example_dags/tutorial_dag.py
[2024-01-03T02:25:01.981+0000] {logging_mixin.py:188} INFO - [2024-01-03T02:25:01.981+0000] {dag.py:3033} INFO - Sync 1 DAGs
[2024-01-03T02:25:01.989+0000] {logging_mixin.py:188} INFO - [2024-01-03T02:25:01.989+0000] {dag.py:3820} INFO - Setting next_dagrun for tutorial_dag to None, run_after=None
[2024-01-03T02:25:02.002+0000] {processor.py:183} INFO - Processing /home/airflow/.local/lib/python3.8/site-packages/airflow/example_dags/tutorial_dag.py took 0.041 seconds
[2024-01-03T02:25:32.176+0000] {processor.py:161} INFO - Started process (PID=789) to work on /home/airflow/.local/lib/python3.8/site-packages/airflow/example_dags/tutorial_dag.py
[2024-01-03T02:25:32.177+0000] {processor.py:830} INFO - Processing file /home/airflow/.local/lib/python3.8/site-packages/airflow/example_dags/tutorial_dag.py for tasks to queue
[2024-01-03T02:25:32.179+0000] {logging_mixin.py:188} INFO - [2024-01-03T02:25:32.179+0000] {dagbag.py:538} INFO - Filling up the DagBag from /home/airflow/.local/lib/python3.8/site-packages/airflow/example_dags/tutorial_dag.py
[2024-01-03T02:25:32.182+0000] {processor.py:840} INFO - DAG(s) 'tutorial_dag' retrieved from /home/airflow/.local/lib/python3.8/site-packages/airflow/example_dags/tutorial_dag.py
[2024-01-03T02:25:32.195+0000] {logging_mixin.py:188} INFO - [2024-01-03T02:25:32.195+0000] {dag.py:3033} INFO - Sync 1 DAGs
[2024-01-03T02:25:32.203+0000] {logging_mixin.py:188} INFO - [2024-01-03T02:25:32.203+0000] {dag.py:3820} INFO - Setting next_dagrun for tutorial_dag to None, run_after=None
[2024-01-03T02:25:32.216+0000] {processor.py:183} INFO - Processing /home/airflow/.local/lib/python3.8/site-packages/airflow/example_dags/tutorial_dag.py took 0.041 seconds
[2024-01-03T02:26:02.350+0000] {processor.py:161} INFO - Started process (PID=844) to work on /home/airflow/.local/lib/python3.8/site-packages/airflow/example_dags/tutorial_dag.py
[2024-01-03T02:26:02.350+0000] {processor.py:830} INFO - Processing file /home/airflow/.local/lib/python3.8/site-packages/airflow/example_dags/tutorial_dag.py for tasks to queue
[2024-01-03T02:26:02.352+0000] {logging_mixin.py:188} INFO - [2024-01-03T02:26:02.352+0000] {dagbag.py:538} INFO - Filling up the DagBag from /home/airflow/.local/lib/python3.8/site-packages/airflow/example_dags/tutorial_dag.py
[2024-01-03T02:26:02.355+0000] {processor.py:840} INFO - DAG(s) 'tutorial_dag' retrieved from /home/airflow/.local/lib/python3.8/site-packages/airflow/example_dags/tutorial_dag.py
[2024-01-03T02:26:02.367+0000] {logging_mixin.py:188} INFO - [2024-01-03T02:26:02.367+0000] {dag.py:3033} INFO - Sync 1 DAGs
[2024-01-03T02:26:02.376+0000] {logging_mixin.py:188} INFO - [2024-01-03T02:26:02.376+0000] {dag.py:3820} INFO - Setting next_dagrun for tutorial_dag to None, run_after=None
[2024-01-03T02:26:02.387+0000] {processor.py:183} INFO - Processing /home/airflow/.local/lib/python3.8/site-packages/airflow/example_dags/tutorial_dag.py took 0.039 seconds
[2024-01-03T02:26:32.434+0000] {processor.py:161} INFO - Started process (PID=899) to work on /home/airflow/.local/lib/python3.8/site-packages/airflow/example_dags/tutorial_dag.py
[2024-01-03T02:26:32.435+0000] {processor.py:830} INFO - Processing file /home/airflow/.local/lib/python3.8/site-packages/airflow/example_dags/tutorial_dag.py for tasks to queue
[2024-01-03T02:26:32.436+0000] {logging_mixin.py:188} INFO - [2024-01-03T02:26:32.436+0000] {dagbag.py:538} INFO - Filling up the DagBag from /home/airflow/.local/lib/python3.8/site-packages/airflow/example_dags/tutorial_dag.py
[2024-01-03T02:26:32.439+0000] {processor.py:840} INFO - DAG(s) 'tutorial_dag' retrieved from /home/airflow/.local/lib/python3.8/site-packages/airflow/example_dags/tutorial_dag.py
[2024-01-03T02:26:32.452+0000] {logging_mixin.py:188} INFO - [2024-01-03T02:26:32.452+0000] {dag.py:3033} INFO - Sync 1 DAGs
[2024-01-03T02:26:32.460+0000] {logging_mixin.py:188} INFO - [2024-01-03T02:26:32.460+0000] {dag.py:3820} INFO - Setting next_dagrun for tutorial_dag to None, run_after=None
[2024-01-03T02:26:32.472+0000] {processor.py:183} INFO - Processing /home/airflow/.local/lib/python3.8/site-packages/airflow/example_dags/tutorial_dag.py took 0.040 seconds
[2024-01-03T02:27:03.188+0000] {processor.py:161} INFO - Started process (PID=954) to work on /home/airflow/.local/lib/python3.8/site-packages/airflow/example_dags/tutorial_dag.py
[2024-01-03T02:27:03.189+0000] {processor.py:830} INFO - Processing file /home/airflow/.local/lib/python3.8/site-packages/airflow/example_dags/tutorial_dag.py for tasks to queue
[2024-01-03T02:27:03.190+0000] {logging_mixin.py:188} INFO - [2024-01-03T02:27:03.190+0000] {dagbag.py:538} INFO - Filling up the DagBag from /home/airflow/.local/lib/python3.8/site-packages/airflow/example_dags/tutorial_dag.py
[2024-01-03T02:27:03.193+0000] {processor.py:840} INFO - DAG(s) 'tutorial_dag' retrieved from /home/airflow/.local/lib/python3.8/site-packages/airflow/example_dags/tutorial_dag.py
[2024-01-03T02:27:03.206+0000] {logging_mixin.py:188} INFO - [2024-01-03T02:27:03.206+0000] {dag.py:3033} INFO - Sync 1 DAGs
[2024-01-03T02:27:03.214+0000] {logging_mixin.py:188} INFO - [2024-01-03T02:27:03.214+0000] {dag.py:3820} INFO - Setting next_dagrun for tutorial_dag to None, run_after=None
[2024-01-03T02:27:03.227+0000] {processor.py:183} INFO - Processing /home/airflow/.local/lib/python3.8/site-packages/airflow/example_dags/tutorial_dag.py took 0.041 seconds
[2024-01-03T02:27:34.029+0000] {processor.py:161} INFO - Started process (PID=1009) to work on /home/airflow/.local/lib/python3.8/site-packages/airflow/example_dags/tutorial_dag.py
[2024-01-03T02:27:34.030+0000] {processor.py:830} INFO - Processing file /home/airflow/.local/lib/python3.8/site-packages/airflow/example_dags/tutorial_dag.py for tasks to queue
[2024-01-03T02:27:34.031+0000] {logging_mixin.py:188} INFO - [2024-01-03T02:27:34.031+0000] {dagbag.py:538} INFO - Filling up the DagBag from /home/airflow/.local/lib/python3.8/site-packages/airflow/example_dags/tutorial_dag.py
[2024-01-03T02:27:34.035+0000] {processor.py:840} INFO - DAG(s) 'tutorial_dag' retrieved from /home/airflow/.local/lib/python3.8/site-packages/airflow/example_dags/tutorial_dag.py
[2024-01-03T02:27:34.047+0000] {logging_mixin.py:188} INFO - [2024-01-03T02:27:34.047+0000] {dag.py:3033} INFO - Sync 1 DAGs
[2024-01-03T02:27:34.055+0000] {logging_mixin.py:188} INFO - [2024-01-03T02:27:34.055+0000] {dag.py:3820} INFO - Setting next_dagrun for tutorial_dag to None, run_after=None
[2024-01-03T02:27:34.067+0000] {processor.py:183} INFO - Processing /home/airflow/.local/lib/python3.8/site-packages/airflow/example_dags/tutorial_dag.py took 0.040 seconds
[2024-01-03T02:28:04.858+0000] {processor.py:161} INFO - Started process (PID=1064) to work on /home/airflow/.local/lib/python3.8/site-packages/airflow/example_dags/tutorial_dag.py
[2024-01-03T02:28:04.859+0000] {processor.py:830} INFO - Processing file /home/airflow/.local/lib/python3.8/site-packages/airflow/example_dags/tutorial_dag.py for tasks to queue
[2024-01-03T02:28:04.860+0000] {logging_mixin.py:188} INFO - [2024-01-03T02:28:04.860+0000] {dagbag.py:538} INFO - Filling up the DagBag from /home/airflow/.local/lib/python3.8/site-packages/airflow/example_dags/tutorial_dag.py
[2024-01-03T02:28:04.864+0000] {processor.py:840} INFO - DAG(s) 'tutorial_dag' retrieved from /home/airflow/.local/lib/python3.8/site-packages/airflow/example_dags/tutorial_dag.py
[2024-01-03T02:28:04.876+0000] {logging_mixin.py:188} INFO - [2024-01-03T02:28:04.876+0000] {dag.py:3033} INFO - Sync 1 DAGs
[2024-01-03T02:28:04.885+0000] {logging_mixin.py:188} INFO - [2024-01-03T02:28:04.885+0000] {dag.py:3820} INFO - Setting next_dagrun for tutorial_dag to None, run_after=None
[2024-01-03T02:28:04.897+0000] {processor.py:183} INFO - Processing /home/airflow/.local/lib/python3.8/site-packages/airflow/example_dags/tutorial_dag.py took 0.042 seconds
[2024-01-03T02:28:35.654+0000] {processor.py:161} INFO - Started process (PID=1119) to work on /home/airflow/.local/lib/python3.8/site-packages/airflow/example_dags/tutorial_dag.py
[2024-01-03T02:28:35.655+0000] {processor.py:830} INFO - Processing file /home/airflow/.local/lib/python3.8/site-packages/airflow/example_dags/tutorial_dag.py for tasks to queue
[2024-01-03T02:28:35.656+0000] {logging_mixin.py:188} INFO - [2024-01-03T02:28:35.656+0000] {dagbag.py:538} INFO - Filling up the DagBag from /home/airflow/.local/lib/python3.8/site-packages/airflow/example_dags/tutorial_dag.py
[2024-01-03T02:28:35.660+0000] {processor.py:840} INFO - DAG(s) 'tutorial_dag' retrieved from /home/airflow/.local/lib/python3.8/site-packages/airflow/example_dags/tutorial_dag.py
[2024-01-03T02:28:35.672+0000] {logging_mixin.py:188} INFO - [2024-01-03T02:28:35.672+0000] {dag.py:3033} INFO - Sync 1 DAGs
[2024-01-03T02:28:35.680+0000] {logging_mixin.py:188} INFO - [2024-01-03T02:28:35.680+0000] {dag.py:3820} INFO - Setting next_dagrun for tutorial_dag to None, run_after=None
[2024-01-03T02:28:35.692+0000] {processor.py:183} INFO - Processing /home/airflow/.local/lib/python3.8/site-packages/airflow/example_dags/tutorial_dag.py took 0.040 seconds
[2024-01-03T02:29:06.472+0000] {processor.py:161} INFO - Started process (PID=1174) to work on /home/airflow/.local/lib/python3.8/site-packages/airflow/example_dags/tutorial_dag.py
[2024-01-03T02:29:06.472+0000] {processor.py:830} INFO - Processing file /home/airflow/.local/lib/python3.8/site-packages/airflow/example_dags/tutorial_dag.py for tasks to queue
[2024-01-03T02:29:06.474+0000] {logging_mixin.py:188} INFO - [2024-01-03T02:29:06.474+0000] {dagbag.py:538} INFO - Filling up the DagBag from /home/airflow/.local/lib/python3.8/site-packages/airflow/example_dags/tutorial_dag.py
[2024-01-03T02:29:06.477+0000] {processor.py:840} INFO - DAG(s) 'tutorial_dag' retrieved from /home/airflow/.local/lib/python3.8/site-packages/airflow/example_dags/tutorial_dag.py
[2024-01-03T02:29:06.490+0000] {logging_mixin.py:188} INFO - [2024-01-03T02:29:06.490+0000] {dag.py:3033} INFO - Sync 1 DAGs
[2024-01-03T02:29:06.498+0000] {logging_mixin.py:188} INFO - [2024-01-03T02:29:06.498+0000] {dag.py:3820} INFO - Setting next_dagrun for tutorial_dag to None, run_after=None
[2024-01-03T02:29:06.510+0000] {processor.py:183} INFO - Processing /home/airflow/.local/lib/python3.8/site-packages/airflow/example_dags/tutorial_dag.py took 0.041 seconds
[2024-01-03T02:29:37.259+0000] {processor.py:161} INFO - Started process (PID=1229) to work on /home/airflow/.local/lib/python3.8/site-packages/airflow/example_dags/tutorial_dag.py
[2024-01-03T02:29:37.260+0000] {processor.py:830} INFO - Processing file /home/airflow/.local/lib/python3.8/site-packages/airflow/example_dags/tutorial_dag.py for tasks to queue
[2024-01-03T02:29:37.262+0000] {logging_mixin.py:188} INFO - [2024-01-03T02:29:37.262+0000] {dagbag.py:538} INFO - Filling up the DagBag from /home/airflow/.local/lib/python3.8/site-packages/airflow/example_dags/tutorial_dag.py
[2024-01-03T02:29:37.266+0000] {processor.py:840} INFO - DAG(s) 'tutorial_dag' retrieved from /home/airflow/.local/lib/python3.8/site-packages/airflow/example_dags/tutorial_dag.py
[2024-01-03T02:29:37.279+0000] {logging_mixin.py:188} INFO - [2024-01-03T02:29:37.279+0000] {dag.py:3033} INFO - Sync 1 DAGs
[2024-01-03T02:29:37.288+0000] {logging_mixin.py:188} INFO - [2024-01-03T02:29:37.288+0000] {dag.py:3820} INFO - Setting next_dagrun for tutorial_dag to None, run_after=None
[2024-01-03T02:29:37.300+0000] {processor.py:183} INFO - Processing /home/airflow/.local/lib/python3.8/site-packages/airflow/example_dags/tutorial_dag.py took 0.043 seconds
[2024-01-03T02:30:08.316+0000] {processor.py:161} INFO - Started process (PID=1284) to work on /home/airflow/.local/lib/python3.8/site-packages/airflow/example_dags/tutorial_dag.py
[2024-01-03T02:30:08.316+0000] {processor.py:830} INFO - Processing file /home/airflow/.local/lib/python3.8/site-packages/airflow/example_dags/tutorial_dag.py for tasks to queue
[2024-01-03T02:30:08.318+0000] {logging_mixin.py:188} INFO - [2024-01-03T02:30:08.317+0000] {dagbag.py:538} INFO - Filling up the DagBag from /home/airflow/.local/lib/python3.8/site-packages/airflow/example_dags/tutorial_dag.py
[2024-01-03T02:30:08.321+0000] {processor.py:840} INFO - DAG(s) 'tutorial_dag' retrieved from /home/airflow/.local/lib/python3.8/site-packages/airflow/example_dags/tutorial_dag.py
[2024-01-03T02:30:08.334+0000] {logging_mixin.py:188} INFO - [2024-01-03T02:30:08.333+0000] {dag.py:3033} INFO - Sync 1 DAGs
[2024-01-03T02:30:08.342+0000] {logging_mixin.py:188} INFO - [2024-01-03T02:30:08.342+0000] {dag.py:3820} INFO - Setting next_dagrun for tutorial_dag to None, run_after=None
[2024-01-03T02:30:08.354+0000] {processor.py:183} INFO - Processing /home/airflow/.local/lib/python3.8/site-packages/airflow/example_dags/tutorial_dag.py took 0.040 seconds
[2024-01-03T02:30:39.358+0000] {processor.py:161} INFO - Started process (PID=1339) to work on /home/airflow/.local/lib/python3.8/site-packages/airflow/example_dags/tutorial_dag.py
[2024-01-03T02:30:39.359+0000] {processor.py:830} INFO - Processing file /home/airflow/.local/lib/python3.8/site-packages/airflow/example_dags/tutorial_dag.py for tasks to queue
[2024-01-03T02:30:39.361+0000] {logging_mixin.py:188} INFO - [2024-01-03T02:30:39.361+0000] {dagbag.py:538} INFO - Filling up the DagBag from /home/airflow/.local/lib/python3.8/site-packages/airflow/example_dags/tutorial_dag.py
[2024-01-03T02:30:39.365+0000] {processor.py:840} INFO - DAG(s) 'tutorial_dag' retrieved from /home/airflow/.local/lib/python3.8/site-packages/airflow/example_dags/tutorial_dag.py
[2024-01-03T02:30:39.382+0000] {logging_mixin.py:188} INFO - [2024-01-03T02:30:39.382+0000] {dag.py:3033} INFO - Sync 1 DAGs
[2024-01-03T02:30:39.392+0000] {logging_mixin.py:188} INFO - [2024-01-03T02:30:39.392+0000] {dag.py:3820} INFO - Setting next_dagrun for tutorial_dag to None, run_after=None
[2024-01-03T02:30:39.408+0000] {processor.py:183} INFO - Processing /home/airflow/.local/lib/python3.8/site-packages/airflow/example_dags/tutorial_dag.py took 0.053 seconds
[2024-01-03T02:31:09.678+0000] {processor.py:161} INFO - Started process (PID=1394) to work on /home/airflow/.local/lib/python3.8/site-packages/airflow/example_dags/tutorial_dag.py
[2024-01-03T02:31:09.679+0000] {processor.py:830} INFO - Processing file /home/airflow/.local/lib/python3.8/site-packages/airflow/example_dags/tutorial_dag.py for tasks to queue
[2024-01-03T02:31:09.681+0000] {logging_mixin.py:188} INFO - [2024-01-03T02:31:09.681+0000] {dagbag.py:538} INFO - Filling up the DagBag from /home/airflow/.local/lib/python3.8/site-packages/airflow/example_dags/tutorial_dag.py
[2024-01-03T02:31:09.684+0000] {processor.py:840} INFO - DAG(s) 'tutorial_dag' retrieved from /home/airflow/.local/lib/python3.8/site-packages/airflow/example_dags/tutorial_dag.py
[2024-01-03T02:31:09.698+0000] {logging_mixin.py:188} INFO - [2024-01-03T02:31:09.698+0000] {dag.py:3033} INFO - Sync 1 DAGs
[2024-01-03T02:31:09.707+0000] {logging_mixin.py:188} INFO - [2024-01-03T02:31:09.706+0000] {dag.py:3820} INFO - Setting next_dagrun for tutorial_dag to None, run_after=None
[2024-01-03T02:31:09.720+0000] {processor.py:183} INFO - Processing /home/airflow/.local/lib/python3.8/site-packages/airflow/example_dags/tutorial_dag.py took 0.043 seconds
[2024-01-03T02:31:39.868+0000] {processor.py:161} INFO - Started process (PID=1449) to work on /home/airflow/.local/lib/python3.8/site-packages/airflow/example_dags/tutorial_dag.py
[2024-01-03T02:31:39.869+0000] {processor.py:830} INFO - Processing file /home/airflow/.local/lib/python3.8/site-packages/airflow/example_dags/tutorial_dag.py for tasks to queue
[2024-01-03T02:31:39.870+0000] {logging_mixin.py:188} INFO - [2024-01-03T02:31:39.870+0000] {dagbag.py:538} INFO - Filling up the DagBag from /home/airflow/.local/lib/python3.8/site-packages/airflow/example_dags/tutorial_dag.py
[2024-01-03T02:31:39.873+0000] {processor.py:840} INFO - DAG(s) 'tutorial_dag' retrieved from /home/airflow/.local/lib/python3.8/site-packages/airflow/example_dags/tutorial_dag.py
[2024-01-03T02:31:39.886+0000] {logging_mixin.py:188} INFO - [2024-01-03T02:31:39.885+0000] {dag.py:3033} INFO - Sync 1 DAGs
[2024-01-03T02:31:39.894+0000] {logging_mixin.py:188} INFO - [2024-01-03T02:31:39.894+0000] {dag.py:3820} INFO - Setting next_dagrun for tutorial_dag to None, run_after=None
[2024-01-03T02:31:39.908+0000] {processor.py:183} INFO - Processing /home/airflow/.local/lib/python3.8/site-packages/airflow/example_dags/tutorial_dag.py took 0.042 seconds
[2024-01-03T02:32:10.011+0000] {processor.py:161} INFO - Started process (PID=1504) to work on /home/airflow/.local/lib/python3.8/site-packages/airflow/example_dags/tutorial_dag.py
[2024-01-03T02:32:10.012+0000] {processor.py:830} INFO - Processing file /home/airflow/.local/lib/python3.8/site-packages/airflow/example_dags/tutorial_dag.py for tasks to queue
[2024-01-03T02:32:10.013+0000] {logging_mixin.py:188} INFO - [2024-01-03T02:32:10.013+0000] {dagbag.py:538} INFO - Filling up the DagBag from /home/airflow/.local/lib/python3.8/site-packages/airflow/example_dags/tutorial_dag.py
[2024-01-03T02:32:10.017+0000] {processor.py:840} INFO - DAG(s) 'tutorial_dag' retrieved from /home/airflow/.local/lib/python3.8/site-packages/airflow/example_dags/tutorial_dag.py
[2024-01-03T02:32:10.029+0000] {logging_mixin.py:188} INFO - [2024-01-03T02:32:10.029+0000] {dag.py:3033} INFO - Sync 1 DAGs
[2024-01-03T02:32:10.037+0000] {logging_mixin.py:188} INFO - [2024-01-03T02:32:10.037+0000] {dag.py:3820} INFO - Setting next_dagrun for tutorial_dag to None, run_after=None
[2024-01-03T02:32:10.050+0000] {processor.py:183} INFO - Processing /home/airflow/.local/lib/python3.8/site-packages/airflow/example_dags/tutorial_dag.py took 0.041 seconds
[2024-01-03T02:32:40.097+0000] {processor.py:161} INFO - Started process (PID=1559) to work on /home/airflow/.local/lib/python3.8/site-packages/airflow/example_dags/tutorial_dag.py
[2024-01-03T02:32:40.098+0000] {processor.py:830} INFO - Processing file /home/airflow/.local/lib/python3.8/site-packages/airflow/example_dags/tutorial_dag.py for tasks to queue
[2024-01-03T02:32:40.099+0000] {logging_mixin.py:188} INFO - [2024-01-03T02:32:40.099+0000] {dagbag.py:538} INFO - Filling up the DagBag from /home/airflow/.local/lib/python3.8/site-packages/airflow/example_dags/tutorial_dag.py
[2024-01-03T02:32:40.102+0000] {processor.py:840} INFO - DAG(s) 'tutorial_dag' retrieved from /home/airflow/.local/lib/python3.8/site-packages/airflow/example_dags/tutorial_dag.py
[2024-01-03T02:32:40.114+0000] {logging_mixin.py:188} INFO - [2024-01-03T02:32:40.114+0000] {dag.py:3033} INFO - Sync 1 DAGs
[2024-01-03T02:32:40.124+0000] {logging_mixin.py:188} INFO - [2024-01-03T02:32:40.123+0000] {dag.py:3820} INFO - Setting next_dagrun for tutorial_dag to None, run_after=None
[2024-01-03T02:32:40.136+0000] {processor.py:183} INFO - Processing /home/airflow/.local/lib/python3.8/site-packages/airflow/example_dags/tutorial_dag.py took 0.041 seconds
[2024-01-03T02:33:10.261+0000] {processor.py:161} INFO - Started process (PID=1614) to work on /home/airflow/.local/lib/python3.8/site-packages/airflow/example_dags/tutorial_dag.py
[2024-01-03T02:33:10.262+0000] {processor.py:830} INFO - Processing file /home/airflow/.local/lib/python3.8/site-packages/airflow/example_dags/tutorial_dag.py for tasks to queue
[2024-01-03T02:33:10.263+0000] {logging_mixin.py:188} INFO - [2024-01-03T02:33:10.263+0000] {dagbag.py:538} INFO - Filling up the DagBag from /home/airflow/.local/lib/python3.8/site-packages/airflow/example_dags/tutorial_dag.py
[2024-01-03T02:33:10.267+0000] {processor.py:840} INFO - DAG(s) 'tutorial_dag' retrieved from /home/airflow/.local/lib/python3.8/site-packages/airflow/example_dags/tutorial_dag.py
[2024-01-03T02:33:10.280+0000] {logging_mixin.py:188} INFO - [2024-01-03T02:33:10.279+0000] {dag.py:3033} INFO - Sync 1 DAGs
[2024-01-03T02:33:10.289+0000] {logging_mixin.py:188} INFO - [2024-01-03T02:33:10.289+0000] {dag.py:3820} INFO - Setting next_dagrun for tutorial_dag to None, run_after=None
[2024-01-03T02:33:10.303+0000] {processor.py:183} INFO - Processing /home/airflow/.local/lib/python3.8/site-packages/airflow/example_dags/tutorial_dag.py took 0.044 seconds
[2024-01-03T02:33:40.422+0000] {processor.py:161} INFO - Started process (PID=1669) to work on /home/airflow/.local/lib/python3.8/site-packages/airflow/example_dags/tutorial_dag.py
[2024-01-03T02:33:40.423+0000] {processor.py:830} INFO - Processing file /home/airflow/.local/lib/python3.8/site-packages/airflow/example_dags/tutorial_dag.py for tasks to queue
[2024-01-03T02:33:40.425+0000] {logging_mixin.py:188} INFO - [2024-01-03T02:33:40.424+0000] {dagbag.py:538} INFO - Filling up the DagBag from /home/airflow/.local/lib/python3.8/site-packages/airflow/example_dags/tutorial_dag.py
[2024-01-03T02:33:40.428+0000] {processor.py:840} INFO - DAG(s) 'tutorial_dag' retrieved from /home/airflow/.local/lib/python3.8/site-packages/airflow/example_dags/tutorial_dag.py
[2024-01-03T02:33:40.441+0000] {logging_mixin.py:188} INFO - [2024-01-03T02:33:40.441+0000] {dag.py:3033} INFO - Sync 1 DAGs
[2024-01-03T02:33:40.450+0000] {logging_mixin.py:188} INFO - [2024-01-03T02:33:40.450+0000] {dag.py:3820} INFO - Setting next_dagrun for tutorial_dag to None, run_after=None
[2024-01-03T02:33:40.464+0000] {processor.py:183} INFO - Processing /home/airflow/.local/lib/python3.8/site-packages/airflow/example_dags/tutorial_dag.py took 0.044 seconds
[2024-01-03T02:34:11.334+0000] {processor.py:161} INFO - Started process (PID=1724) to work on /home/airflow/.local/lib/python3.8/site-packages/airflow/example_dags/tutorial_dag.py
[2024-01-03T02:34:11.335+0000] {processor.py:830} INFO - Processing file /home/airflow/.local/lib/python3.8/site-packages/airflow/example_dags/tutorial_dag.py for tasks to queue
[2024-01-03T02:34:11.337+0000] {logging_mixin.py:188} INFO - [2024-01-03T02:34:11.337+0000] {dagbag.py:538} INFO - Filling up the DagBag from /home/airflow/.local/lib/python3.8/site-packages/airflow/example_dags/tutorial_dag.py
[2024-01-03T02:34:11.340+0000] {processor.py:840} INFO - DAG(s) 'tutorial_dag' retrieved from /home/airflow/.local/lib/python3.8/site-packages/airflow/example_dags/tutorial_dag.py
[2024-01-03T02:34:11.353+0000] {logging_mixin.py:188} INFO - [2024-01-03T02:34:11.353+0000] {dag.py:3033} INFO - Sync 1 DAGs
[2024-01-03T02:34:11.362+0000] {logging_mixin.py:188} INFO - [2024-01-03T02:34:11.362+0000] {dag.py:3820} INFO - Setting next_dagrun for tutorial_dag to None, run_after=None
[2024-01-03T02:34:11.377+0000] {processor.py:183} INFO - Processing /home/airflow/.local/lib/python3.8/site-packages/airflow/example_dags/tutorial_dag.py took 0.044 seconds
[2024-01-03T02:34:42.014+0000] {processor.py:161} INFO - Started process (PID=1780) to work on /home/airflow/.local/lib/python3.8/site-packages/airflow/example_dags/tutorial_dag.py
[2024-01-03T02:34:42.014+0000] {processor.py:830} INFO - Processing file /home/airflow/.local/lib/python3.8/site-packages/airflow/example_dags/tutorial_dag.py for tasks to queue
[2024-01-03T02:34:42.016+0000] {logging_mixin.py:188} INFO - [2024-01-03T02:34:42.016+0000] {dagbag.py:538} INFO - Filling up the DagBag from /home/airflow/.local/lib/python3.8/site-packages/airflow/example_dags/tutorial_dag.py
[2024-01-03T02:34:42.019+0000] {processor.py:840} INFO - DAG(s) 'tutorial_dag' retrieved from /home/airflow/.local/lib/python3.8/site-packages/airflow/example_dags/tutorial_dag.py
[2024-01-03T02:34:42.032+0000] {logging_mixin.py:188} INFO - [2024-01-03T02:34:42.031+0000] {dag.py:3033} INFO - Sync 1 DAGs
[2024-01-03T02:34:42.041+0000] {logging_mixin.py:188} INFO - [2024-01-03T02:34:42.041+0000] {dag.py:3820} INFO - Setting next_dagrun for tutorial_dag to None, run_after=None
[2024-01-03T02:34:42.054+0000] {processor.py:183} INFO - Processing /home/airflow/.local/lib/python3.8/site-packages/airflow/example_dags/tutorial_dag.py took 0.042 seconds
[2024-01-03T02:35:12.858+0000] {processor.py:161} INFO - Started process (PID=1835) to work on /home/airflow/.local/lib/python3.8/site-packages/airflow/example_dags/tutorial_dag.py
[2024-01-03T02:35:12.858+0000] {processor.py:830} INFO - Processing file /home/airflow/.local/lib/python3.8/site-packages/airflow/example_dags/tutorial_dag.py for tasks to queue
[2024-01-03T02:35:12.860+0000] {logging_mixin.py:188} INFO - [2024-01-03T02:35:12.860+0000] {dagbag.py:538} INFO - Filling up the DagBag from /home/airflow/.local/lib/python3.8/site-packages/airflow/example_dags/tutorial_dag.py
[2024-01-03T02:35:12.863+0000] {processor.py:840} INFO - DAG(s) 'tutorial_dag' retrieved from /home/airflow/.local/lib/python3.8/site-packages/airflow/example_dags/tutorial_dag.py
[2024-01-03T02:35:12.876+0000] {logging_mixin.py:188} INFO - [2024-01-03T02:35:12.875+0000] {dag.py:3033} INFO - Sync 1 DAGs
[2024-01-03T02:35:12.885+0000] {logging_mixin.py:188} INFO - [2024-01-03T02:35:12.885+0000] {dag.py:3820} INFO - Setting next_dagrun for tutorial_dag to None, run_after=None
[2024-01-03T02:35:12.897+0000] {processor.py:183} INFO - Processing /home/airflow/.local/lib/python3.8/site-packages/airflow/example_dags/tutorial_dag.py took 0.042 seconds
[2024-01-03T02:35:43.741+0000] {processor.py:161} INFO - Started process (PID=1890) to work on /home/airflow/.local/lib/python3.8/site-packages/airflow/example_dags/tutorial_dag.py
[2024-01-03T02:35:43.742+0000] {processor.py:830} INFO - Processing file /home/airflow/.local/lib/python3.8/site-packages/airflow/example_dags/tutorial_dag.py for tasks to queue
[2024-01-03T02:35:43.744+0000] {logging_mixin.py:188} INFO - [2024-01-03T02:35:43.744+0000] {dagbag.py:538} INFO - Filling up the DagBag from /home/airflow/.local/lib/python3.8/site-packages/airflow/example_dags/tutorial_dag.py
[2024-01-03T02:35:43.747+0000] {processor.py:840} INFO - DAG(s) 'tutorial_dag' retrieved from /home/airflow/.local/lib/python3.8/site-packages/airflow/example_dags/tutorial_dag.py
[2024-01-03T02:35:43.760+0000] {logging_mixin.py:188} INFO - [2024-01-03T02:35:43.760+0000] {dag.py:3033} INFO - Sync 1 DAGs
[2024-01-03T02:35:43.770+0000] {logging_mixin.py:188} INFO - [2024-01-03T02:35:43.770+0000] {dag.py:3820} INFO - Setting next_dagrun for tutorial_dag to None, run_after=None
[2024-01-03T02:35:43.783+0000] {processor.py:183} INFO - Processing /home/airflow/.local/lib/python3.8/site-packages/airflow/example_dags/tutorial_dag.py took 0.044 seconds
[2024-01-03T02:36:14.578+0000] {processor.py:161} INFO - Started process (PID=1945) to work on /home/airflow/.local/lib/python3.8/site-packages/airflow/example_dags/tutorial_dag.py
[2024-01-03T02:36:14.579+0000] {processor.py:830} INFO - Processing file /home/airflow/.local/lib/python3.8/site-packages/airflow/example_dags/tutorial_dag.py for tasks to queue
[2024-01-03T02:36:14.580+0000] {logging_mixin.py:188} INFO - [2024-01-03T02:36:14.580+0000] {dagbag.py:538} INFO - Filling up the DagBag from /home/airflow/.local/lib/python3.8/site-packages/airflow/example_dags/tutorial_dag.py
[2024-01-03T02:36:14.584+0000] {processor.py:840} INFO - DAG(s) 'tutorial_dag' retrieved from /home/airflow/.local/lib/python3.8/site-packages/airflow/example_dags/tutorial_dag.py
[2024-01-03T02:36:14.598+0000] {logging_mixin.py:188} INFO - [2024-01-03T02:36:14.598+0000] {dag.py:3033} INFO - Sync 1 DAGs
[2024-01-03T02:36:14.608+0000] {logging_mixin.py:188} INFO - [2024-01-03T02:36:14.608+0000] {dag.py:3820} INFO - Setting next_dagrun for tutorial_dag to None, run_after=None
[2024-01-03T02:36:14.623+0000] {processor.py:183} INFO - Processing /home/airflow/.local/lib/python3.8/site-packages/airflow/example_dags/tutorial_dag.py took 0.047 seconds
[2024-01-03T02:36:44.738+0000] {processor.py:161} INFO - Started process (PID=2000) to work on /home/airflow/.local/lib/python3.8/site-packages/airflow/example_dags/tutorial_dag.py
[2024-01-03T02:36:44.740+0000] {processor.py:830} INFO - Processing file /home/airflow/.local/lib/python3.8/site-packages/airflow/example_dags/tutorial_dag.py for tasks to queue
[2024-01-03T02:36:44.742+0000] {logging_mixin.py:188} INFO - [2024-01-03T02:36:44.742+0000] {dagbag.py:538} INFO - Filling up the DagBag from /home/airflow/.local/lib/python3.8/site-packages/airflow/example_dags/tutorial_dag.py
[2024-01-03T02:36:44.746+0000] {processor.py:840} INFO - DAG(s) 'tutorial_dag' retrieved from /home/airflow/.local/lib/python3.8/site-packages/airflow/example_dags/tutorial_dag.py
[2024-01-03T02:36:44.763+0000] {logging_mixin.py:188} INFO - [2024-01-03T02:36:44.763+0000] {dag.py:3033} INFO - Sync 1 DAGs
[2024-01-03T02:36:44.775+0000] {logging_mixin.py:188} INFO - [2024-01-03T02:36:44.775+0000] {dag.py:3820} INFO - Setting next_dagrun for tutorial_dag to None, run_after=None
[2024-01-03T02:36:44.793+0000] {processor.py:183} INFO - Processing /home/airflow/.local/lib/python3.8/site-packages/airflow/example_dags/tutorial_dag.py took 0.057 seconds
[2024-01-03T02:41:33.266+0000] {processor.py:161} INFO - Started process (PID=2062) to work on /home/airflow/.local/lib/python3.8/site-packages/airflow/example_dags/tutorial_dag.py
[2024-01-03T02:41:33.267+0000] {processor.py:830} INFO - Processing file /home/airflow/.local/lib/python3.8/site-packages/airflow/example_dags/tutorial_dag.py for tasks to queue
[2024-01-03T02:41:33.269+0000] {logging_mixin.py:188} INFO - [2024-01-03T02:41:33.268+0000] {dagbag.py:538} INFO - Filling up the DagBag from /home/airflow/.local/lib/python3.8/site-packages/airflow/example_dags/tutorial_dag.py
[2024-01-03T02:41:33.274+0000] {processor.py:840} INFO - DAG(s) 'tutorial_dag' retrieved from /home/airflow/.local/lib/python3.8/site-packages/airflow/example_dags/tutorial_dag.py
[2024-01-03T02:41:33.290+0000] {logging_mixin.py:188} INFO - [2024-01-03T02:41:33.290+0000] {dag.py:3033} INFO - Sync 1 DAGs
[2024-01-03T02:41:33.302+0000] {logging_mixin.py:188} INFO - [2024-01-03T02:41:33.302+0000] {dag.py:3820} INFO - Setting next_dagrun for tutorial_dag to None, run_after=None
[2024-01-03T02:41:33.318+0000] {processor.py:183} INFO - Processing /home/airflow/.local/lib/python3.8/site-packages/airflow/example_dags/tutorial_dag.py took 0.054 seconds
[2024-01-03T02:42:03.812+0000] {processor.py:161} INFO - Started process (PID=2116) to work on /home/airflow/.local/lib/python3.8/site-packages/airflow/example_dags/tutorial_dag.py
[2024-01-03T02:42:03.812+0000] {processor.py:830} INFO - Processing file /home/airflow/.local/lib/python3.8/site-packages/airflow/example_dags/tutorial_dag.py for tasks to queue
[2024-01-03T02:42:03.814+0000] {logging_mixin.py:188} INFO - [2024-01-03T02:42:03.814+0000] {dagbag.py:538} INFO - Filling up the DagBag from /home/airflow/.local/lib/python3.8/site-packages/airflow/example_dags/tutorial_dag.py
[2024-01-03T02:42:03.817+0000] {processor.py:840} INFO - DAG(s) 'tutorial_dag' retrieved from /home/airflow/.local/lib/python3.8/site-packages/airflow/example_dags/tutorial_dag.py
[2024-01-03T02:42:03.832+0000] {logging_mixin.py:188} INFO - [2024-01-03T02:42:03.832+0000] {dag.py:3033} INFO - Sync 1 DAGs
[2024-01-03T02:42:03.842+0000] {logging_mixin.py:188} INFO - [2024-01-03T02:42:03.842+0000] {dag.py:3820} INFO - Setting next_dagrun for tutorial_dag to None, run_after=None
[2024-01-03T02:42:03.856+0000] {processor.py:183} INFO - Processing /home/airflow/.local/lib/python3.8/site-packages/airflow/example_dags/tutorial_dag.py took 0.047 seconds
[2024-01-03T02:42:34.099+0000] {processor.py:161} INFO - Started process (PID=2171) to work on /home/airflow/.local/lib/python3.8/site-packages/airflow/example_dags/tutorial_dag.py
[2024-01-03T02:42:34.100+0000] {processor.py:830} INFO - Processing file /home/airflow/.local/lib/python3.8/site-packages/airflow/example_dags/tutorial_dag.py for tasks to queue
[2024-01-03T02:42:34.102+0000] {logging_mixin.py:188} INFO - [2024-01-03T02:42:34.102+0000] {dagbag.py:538} INFO - Filling up the DagBag from /home/airflow/.local/lib/python3.8/site-packages/airflow/example_dags/tutorial_dag.py
[2024-01-03T02:42:34.107+0000] {processor.py:840} INFO - DAG(s) 'tutorial_dag' retrieved from /home/airflow/.local/lib/python3.8/site-packages/airflow/example_dags/tutorial_dag.py
[2024-01-03T02:42:34.122+0000] {logging_mixin.py:188} INFO - [2024-01-03T02:42:34.122+0000] {dag.py:3033} INFO - Sync 1 DAGs
[2024-01-03T02:42:34.132+0000] {logging_mixin.py:188} INFO - [2024-01-03T02:42:34.132+0000] {dag.py:3820} INFO - Setting next_dagrun for tutorial_dag to None, run_after=None
[2024-01-03T02:42:34.147+0000] {processor.py:183} INFO - Processing /home/airflow/.local/lib/python3.8/site-packages/airflow/example_dags/tutorial_dag.py took 0.050 seconds
[2024-01-03T02:43:04.384+0000] {processor.py:161} INFO - Started process (PID=2226) to work on /home/airflow/.local/lib/python3.8/site-packages/airflow/example_dags/tutorial_dag.py
[2024-01-03T02:43:04.385+0000] {processor.py:830} INFO - Processing file /home/airflow/.local/lib/python3.8/site-packages/airflow/example_dags/tutorial_dag.py for tasks to queue
[2024-01-03T02:43:04.387+0000] {logging_mixin.py:188} INFO - [2024-01-03T02:43:04.387+0000] {dagbag.py:538} INFO - Filling up the DagBag from /home/airflow/.local/lib/python3.8/site-packages/airflow/example_dags/tutorial_dag.py
[2024-01-03T02:43:04.390+0000] {processor.py:840} INFO - DAG(s) 'tutorial_dag' retrieved from /home/airflow/.local/lib/python3.8/site-packages/airflow/example_dags/tutorial_dag.py
[2024-01-03T02:43:04.405+0000] {logging_mixin.py:188} INFO - [2024-01-03T02:43:04.405+0000] {dag.py:3033} INFO - Sync 1 DAGs
[2024-01-03T02:43:04.415+0000] {logging_mixin.py:188} INFO - [2024-01-03T02:43:04.414+0000] {dag.py:3820} INFO - Setting next_dagrun for tutorial_dag to None, run_after=None
[2024-01-03T02:43:04.429+0000] {processor.py:183} INFO - Processing /home/airflow/.local/lib/python3.8/site-packages/airflow/example_dags/tutorial_dag.py took 0.047 seconds
[2024-01-03T02:43:35.392+0000] {processor.py:161} INFO - Started process (PID=2281) to work on /home/airflow/.local/lib/python3.8/site-packages/airflow/example_dags/tutorial_dag.py
[2024-01-03T02:43:35.393+0000] {processor.py:830} INFO - Processing file /home/airflow/.local/lib/python3.8/site-packages/airflow/example_dags/tutorial_dag.py for tasks to queue
[2024-01-03T02:43:35.394+0000] {logging_mixin.py:188} INFO - [2024-01-03T02:43:35.394+0000] {dagbag.py:538} INFO - Filling up the DagBag from /home/airflow/.local/lib/python3.8/site-packages/airflow/example_dags/tutorial_dag.py
[2024-01-03T02:43:35.398+0000] {processor.py:840} INFO - DAG(s) 'tutorial_dag' retrieved from /home/airflow/.local/lib/python3.8/site-packages/airflow/example_dags/tutorial_dag.py
[2024-01-03T02:43:35.410+0000] {logging_mixin.py:188} INFO - [2024-01-03T02:43:35.410+0000] {dag.py:3033} INFO - Sync 1 DAGs
[2024-01-03T02:43:35.418+0000] {logging_mixin.py:188} INFO - [2024-01-03T02:43:35.418+0000] {dag.py:3820} INFO - Setting next_dagrun for tutorial_dag to None, run_after=None
[2024-01-03T02:43:35.429+0000] {processor.py:183} INFO - Processing /home/airflow/.local/lib/python3.8/site-packages/airflow/example_dags/tutorial_dag.py took 0.039 seconds
[2024-01-03T02:44:06.195+0000] {processor.py:161} INFO - Started process (PID=2336) to work on /home/airflow/.local/lib/python3.8/site-packages/airflow/example_dags/tutorial_dag.py
[2024-01-03T02:44:06.196+0000] {processor.py:830} INFO - Processing file /home/airflow/.local/lib/python3.8/site-packages/airflow/example_dags/tutorial_dag.py for tasks to queue
[2024-01-03T02:44:06.198+0000] {logging_mixin.py:188} INFO - [2024-01-03T02:44:06.197+0000] {dagbag.py:538} INFO - Filling up the DagBag from /home/airflow/.local/lib/python3.8/site-packages/airflow/example_dags/tutorial_dag.py
[2024-01-03T02:44:06.201+0000] {processor.py:840} INFO - DAG(s) 'tutorial_dag' retrieved from /home/airflow/.local/lib/python3.8/site-packages/airflow/example_dags/tutorial_dag.py
[2024-01-03T02:44:06.213+0000] {logging_mixin.py:188} INFO - [2024-01-03T02:44:06.213+0000] {dag.py:3033} INFO - Sync 1 DAGs
[2024-01-03T02:44:06.222+0000] {logging_mixin.py:188} INFO - [2024-01-03T02:44:06.222+0000] {dag.py:3820} INFO - Setting next_dagrun for tutorial_dag to None, run_after=None
[2024-01-03T02:44:06.235+0000] {processor.py:183} INFO - Processing /home/airflow/.local/lib/python3.8/site-packages/airflow/example_dags/tutorial_dag.py took 0.041 seconds
[2024-01-03T02:44:37.559+0000] {processor.py:161} INFO - Started process (PID=2391) to work on /home/airflow/.local/lib/python3.8/site-packages/airflow/example_dags/tutorial_dag.py
[2024-01-03T02:44:37.560+0000] {processor.py:830} INFO - Processing file /home/airflow/.local/lib/python3.8/site-packages/airflow/example_dags/tutorial_dag.py for tasks to queue
[2024-01-03T02:44:37.562+0000] {logging_mixin.py:188} INFO - [2024-01-03T02:44:37.561+0000] {dagbag.py:538} INFO - Filling up the DagBag from /home/airflow/.local/lib/python3.8/site-packages/airflow/example_dags/tutorial_dag.py
[2024-01-03T02:44:37.565+0000] {processor.py:840} INFO - DAG(s) 'tutorial_dag' retrieved from /home/airflow/.local/lib/python3.8/site-packages/airflow/example_dags/tutorial_dag.py
[2024-01-03T02:44:37.580+0000] {logging_mixin.py:188} INFO - [2024-01-03T02:44:37.580+0000] {dag.py:3033} INFO - Sync 1 DAGs
[2024-01-03T02:44:37.695+0000] {logging_mixin.py:188} INFO - [2024-01-03T02:44:37.695+0000] {dag.py:3820} INFO - Setting next_dagrun for tutorial_dag to None, run_after=None
[2024-01-03T02:44:37.707+0000] {processor.py:183} INFO - Processing /home/airflow/.local/lib/python3.8/site-packages/airflow/example_dags/tutorial_dag.py took 0.150 seconds
[2024-01-03T02:45:07.881+0000] {processor.py:161} INFO - Started process (PID=2446) to work on /home/airflow/.local/lib/python3.8/site-packages/airflow/example_dags/tutorial_dag.py
[2024-01-03T02:45:07.882+0000] {processor.py:830} INFO - Processing file /home/airflow/.local/lib/python3.8/site-packages/airflow/example_dags/tutorial_dag.py for tasks to queue
[2024-01-03T02:45:07.884+0000] {logging_mixin.py:188} INFO - [2024-01-03T02:45:07.884+0000] {dagbag.py:538} INFO - Filling up the DagBag from /home/airflow/.local/lib/python3.8/site-packages/airflow/example_dags/tutorial_dag.py
[2024-01-03T02:45:07.887+0000] {processor.py:840} INFO - DAG(s) 'tutorial_dag' retrieved from /home/airflow/.local/lib/python3.8/site-packages/airflow/example_dags/tutorial_dag.py
[2024-01-03T02:45:07.900+0000] {logging_mixin.py:188} INFO - [2024-01-03T02:45:07.900+0000] {dag.py:3033} INFO - Sync 1 DAGs
[2024-01-03T02:45:07.910+0000] {logging_mixin.py:188} INFO - [2024-01-03T02:45:07.909+0000] {dag.py:3820} INFO - Setting next_dagrun for tutorial_dag to None, run_after=None
[2024-01-03T02:45:08.017+0000] {processor.py:183} INFO - Processing /home/airflow/.local/lib/python3.8/site-packages/airflow/example_dags/tutorial_dag.py took 0.138 seconds
[2024-01-03T02:45:38.314+0000] {processor.py:161} INFO - Started process (PID=2501) to work on /home/airflow/.local/lib/python3.8/site-packages/airflow/example_dags/tutorial_dag.py
[2024-01-03T02:45:38.314+0000] {processor.py:830} INFO - Processing file /home/airflow/.local/lib/python3.8/site-packages/airflow/example_dags/tutorial_dag.py for tasks to queue
[2024-01-03T02:45:38.316+0000] {logging_mixin.py:188} INFO - [2024-01-03T02:45:38.316+0000] {dagbag.py:538} INFO - Filling up the DagBag from /home/airflow/.local/lib/python3.8/site-packages/airflow/example_dags/tutorial_dag.py
[2024-01-03T02:45:38.319+0000] {processor.py:840} INFO - DAG(s) 'tutorial_dag' retrieved from /home/airflow/.local/lib/python3.8/site-packages/airflow/example_dags/tutorial_dag.py
[2024-01-03T02:45:38.333+0000] {logging_mixin.py:188} INFO - [2024-01-03T02:45:38.333+0000] {dag.py:3033} INFO - Sync 1 DAGs
[2024-01-03T02:45:38.342+0000] {logging_mixin.py:188} INFO - [2024-01-03T02:45:38.341+0000] {dag.py:3820} INFO - Setting next_dagrun for tutorial_dag to None, run_after=None
[2024-01-03T02:45:38.355+0000] {processor.py:183} INFO - Processing /home/airflow/.local/lib/python3.8/site-packages/airflow/example_dags/tutorial_dag.py took 0.043 seconds
[2024-01-03T02:46:08.639+0000] {processor.py:161} INFO - Started process (PID=2556) to work on /home/airflow/.local/lib/python3.8/site-packages/airflow/example_dags/tutorial_dag.py
[2024-01-03T02:46:08.640+0000] {processor.py:830} INFO - Processing file /home/airflow/.local/lib/python3.8/site-packages/airflow/example_dags/tutorial_dag.py for tasks to queue
[2024-01-03T02:46:08.641+0000] {logging_mixin.py:188} INFO - [2024-01-03T02:46:08.641+0000] {dagbag.py:538} INFO - Filling up the DagBag from /home/airflow/.local/lib/python3.8/site-packages/airflow/example_dags/tutorial_dag.py
[2024-01-03T02:46:08.644+0000] {processor.py:840} INFO - DAG(s) 'tutorial_dag' retrieved from /home/airflow/.local/lib/python3.8/site-packages/airflow/example_dags/tutorial_dag.py
[2024-01-03T02:46:08.657+0000] {logging_mixin.py:188} INFO - [2024-01-03T02:46:08.657+0000] {dag.py:3033} INFO - Sync 1 DAGs
[2024-01-03T02:46:08.666+0000] {logging_mixin.py:188} INFO - [2024-01-03T02:46:08.666+0000] {dag.py:3820} INFO - Setting next_dagrun for tutorial_dag to None, run_after=None
[2024-01-03T02:46:08.680+0000] {processor.py:183} INFO - Processing /home/airflow/.local/lib/python3.8/site-packages/airflow/example_dags/tutorial_dag.py took 0.044 seconds
[2024-01-03T02:46:40.098+0000] {processor.py:161} INFO - Started process (PID=2611) to work on /home/airflow/.local/lib/python3.8/site-packages/airflow/example_dags/tutorial_dag.py
[2024-01-03T02:46:40.099+0000] {processor.py:830} INFO - Processing file /home/airflow/.local/lib/python3.8/site-packages/airflow/example_dags/tutorial_dag.py for tasks to queue
[2024-01-03T02:46:40.100+0000] {logging_mixin.py:188} INFO - [2024-01-03T02:46:40.100+0000] {dagbag.py:538} INFO - Filling up the DagBag from /home/airflow/.local/lib/python3.8/site-packages/airflow/example_dags/tutorial_dag.py
[2024-01-03T02:46:40.104+0000] {processor.py:840} INFO - DAG(s) 'tutorial_dag' retrieved from /home/airflow/.local/lib/python3.8/site-packages/airflow/example_dags/tutorial_dag.py
[2024-01-03T02:46:40.219+0000] {logging_mixin.py:188} INFO - [2024-01-03T02:46:40.219+0000] {dag.py:3033} INFO - Sync 1 DAGs
[2024-01-03T02:46:40.227+0000] {logging_mixin.py:188} INFO - [2024-01-03T02:46:40.227+0000] {dag.py:3820} INFO - Setting next_dagrun for tutorial_dag to None, run_after=None
[2024-01-03T02:46:40.239+0000] {processor.py:183} INFO - Processing /home/airflow/.local/lib/python3.8/site-packages/airflow/example_dags/tutorial_dag.py took 0.143 seconds
[2024-01-03T02:47:10.732+0000] {processor.py:161} INFO - Started process (PID=2665) to work on /home/airflow/.local/lib/python3.8/site-packages/airflow/example_dags/tutorial_dag.py
[2024-01-03T02:47:10.733+0000] {processor.py:830} INFO - Processing file /home/airflow/.local/lib/python3.8/site-packages/airflow/example_dags/tutorial_dag.py for tasks to queue
[2024-01-03T02:47:10.734+0000] {logging_mixin.py:188} INFO - [2024-01-03T02:47:10.734+0000] {dagbag.py:538} INFO - Filling up the DagBag from /home/airflow/.local/lib/python3.8/site-packages/airflow/example_dags/tutorial_dag.py
[2024-01-03T02:47:10.738+0000] {processor.py:840} INFO - DAG(s) 'tutorial_dag' retrieved from /home/airflow/.local/lib/python3.8/site-packages/airflow/example_dags/tutorial_dag.py
[2024-01-03T02:47:10.752+0000] {logging_mixin.py:188} INFO - [2024-01-03T02:47:10.752+0000] {dag.py:3033} INFO - Sync 1 DAGs
[2024-01-03T02:47:10.763+0000] {logging_mixin.py:188} INFO - [2024-01-03T02:47:10.762+0000] {dag.py:3820} INFO - Setting next_dagrun for tutorial_dag to None, run_after=None
[2024-01-03T02:47:10.780+0000] {processor.py:183} INFO - Processing /home/airflow/.local/lib/python3.8/site-packages/airflow/example_dags/tutorial_dag.py took 0.050 seconds
