[2024-01-03T02:12:51.854+0000] {processor.py:161} INFO - Started process (PID=42) to work on /home/airflow/.local/lib/python3.8/site-packages/airflow/example_dags/tutorial.py
[2024-01-03T02:12:51.855+0000] {processor.py:830} INFO - Processing file /home/airflow/.local/lib/python3.8/site-packages/airflow/example_dags/tutorial.py for tasks to queue
[2024-01-03T02:12:51.856+0000] {logging_mixin.py:188} INFO - [2024-01-03T02:12:51.856+0000] {dagbag.py:538} INFO - Filling up the DagBag from /home/airflow/.local/lib/python3.8/site-packages/airflow/example_dags/tutorial.py
[2024-01-03T02:12:51.862+0000] {processor.py:840} INFO - DAG(s) 'tutorial' retrieved from /home/airflow/.local/lib/python3.8/site-packages/airflow/example_dags/tutorial.py
[2024-01-03T02:12:51.871+0000] {logging_mixin.py:188} INFO - [2024-01-03T02:12:51.871+0000] {dag.py:3033} INFO - Sync 1 DAGs
[2024-01-03T02:12:51.891+0000] {logging_mixin.py:188} INFO - [2024-01-03T02:12:51.891+0000] {dag.py:3820} INFO - Setting next_dagrun for tutorial to 2024-01-02T00:00:00+00:00, run_after=2024-01-03T00:00:00+00:00
[2024-01-03T02:12:51.925+0000] {processor.py:183} INFO - Processing /home/airflow/.local/lib/python3.8/site-packages/airflow/example_dags/tutorial.py took 0.074 seconds
[2024-01-03T02:18:53.898+0000] {processor.py:161} INFO - Started process (PID=41) to work on /home/airflow/.local/lib/python3.8/site-packages/airflow/example_dags/tutorial.py
[2024-01-03T02:18:53.899+0000] {processor.py:830} INFO - Processing file /home/airflow/.local/lib/python3.8/site-packages/airflow/example_dags/tutorial.py for tasks to queue
[2024-01-03T02:18:53.901+0000] {logging_mixin.py:188} INFO - [2024-01-03T02:18:53.900+0000] {dagbag.py:538} INFO - Filling up the DagBag from /home/airflow/.local/lib/python3.8/site-packages/airflow/example_dags/tutorial.py
[2024-01-03T02:18:53.907+0000] {processor.py:840} INFO - DAG(s) 'tutorial' retrieved from /home/airflow/.local/lib/python3.8/site-packages/airflow/example_dags/tutorial.py
[2024-01-03T02:18:53.985+0000] {logging_mixin.py:188} INFO - [2024-01-03T02:18:53.985+0000] {dag.py:3033} INFO - Sync 1 DAGs
[2024-01-03T02:18:54.001+0000] {logging_mixin.py:188} INFO - [2024-01-03T02:18:54.001+0000] {dag.py:3820} INFO - Setting next_dagrun for tutorial to 2024-01-02T00:00:00+00:00, run_after=2024-01-03T00:00:00+00:00
[2024-01-03T02:18:54.016+0000] {processor.py:183} INFO - Processing /home/airflow/.local/lib/python3.8/site-packages/airflow/example_dags/tutorial.py took 0.121 seconds
[2024-01-03T02:19:24.086+0000] {processor.py:161} INFO - Started process (PID=96) to work on /home/airflow/.local/lib/python3.8/site-packages/airflow/example_dags/tutorial.py
[2024-01-03T02:19:24.087+0000] {processor.py:830} INFO - Processing file /home/airflow/.local/lib/python3.8/site-packages/airflow/example_dags/tutorial.py for tasks to queue
[2024-01-03T02:19:24.089+0000] {logging_mixin.py:188} INFO - [2024-01-03T02:19:24.088+0000] {dagbag.py:538} INFO - Filling up the DagBag from /home/airflow/.local/lib/python3.8/site-packages/airflow/example_dags/tutorial.py
[2024-01-03T02:19:24.093+0000] {processor.py:840} INFO - DAG(s) 'tutorial' retrieved from /home/airflow/.local/lib/python3.8/site-packages/airflow/example_dags/tutorial.py
[2024-01-03T02:19:24.110+0000] {logging_mixin.py:188} INFO - [2024-01-03T02:19:24.109+0000] {dag.py:3033} INFO - Sync 1 DAGs
[2024-01-03T02:19:24.127+0000] {logging_mixin.py:188} INFO - [2024-01-03T02:19:24.127+0000] {dag.py:3820} INFO - Setting next_dagrun for tutorial to 2024-01-02T00:00:00+00:00, run_after=2024-01-03T00:00:00+00:00
[2024-01-03T02:19:24.141+0000] {processor.py:183} INFO - Processing /home/airflow/.local/lib/python3.8/site-packages/airflow/example_dags/tutorial.py took 0.057 seconds
[2024-01-03T02:19:54.327+0000] {processor.py:161} INFO - Started process (PID=151) to work on /home/airflow/.local/lib/python3.8/site-packages/airflow/example_dags/tutorial.py
[2024-01-03T02:19:54.328+0000] {processor.py:830} INFO - Processing file /home/airflow/.local/lib/python3.8/site-packages/airflow/example_dags/tutorial.py for tasks to queue
[2024-01-03T02:19:54.330+0000] {logging_mixin.py:188} INFO - [2024-01-03T02:19:54.329+0000] {dagbag.py:538} INFO - Filling up the DagBag from /home/airflow/.local/lib/python3.8/site-packages/airflow/example_dags/tutorial.py
[2024-01-03T02:19:54.334+0000] {processor.py:840} INFO - DAG(s) 'tutorial' retrieved from /home/airflow/.local/lib/python3.8/site-packages/airflow/example_dags/tutorial.py
[2024-01-03T02:19:54.348+0000] {logging_mixin.py:188} INFO - [2024-01-03T02:19:54.348+0000] {dag.py:3033} INFO - Sync 1 DAGs
[2024-01-03T02:19:54.368+0000] {logging_mixin.py:188} INFO - [2024-01-03T02:19:54.368+0000] {dag.py:3820} INFO - Setting next_dagrun for tutorial to 2024-01-02T00:00:00+00:00, run_after=2024-01-03T00:00:00+00:00
[2024-01-03T02:19:54.380+0000] {processor.py:183} INFO - Processing /home/airflow/.local/lib/python3.8/site-packages/airflow/example_dags/tutorial.py took 0.056 seconds
[2024-01-03T02:20:24.475+0000] {processor.py:161} INFO - Started process (PID=206) to work on /home/airflow/.local/lib/python3.8/site-packages/airflow/example_dags/tutorial.py
[2024-01-03T02:20:24.475+0000] {processor.py:830} INFO - Processing file /home/airflow/.local/lib/python3.8/site-packages/airflow/example_dags/tutorial.py for tasks to queue
[2024-01-03T02:20:24.477+0000] {logging_mixin.py:188} INFO - [2024-01-03T02:20:24.477+0000] {dagbag.py:538} INFO - Filling up the DagBag from /home/airflow/.local/lib/python3.8/site-packages/airflow/example_dags/tutorial.py
[2024-01-03T02:20:24.481+0000] {processor.py:840} INFO - DAG(s) 'tutorial' retrieved from /home/airflow/.local/lib/python3.8/site-packages/airflow/example_dags/tutorial.py
[2024-01-03T02:20:24.489+0000] {logging_mixin.py:188} INFO - [2024-01-03T02:20:24.489+0000] {dag.py:3033} INFO - Sync 1 DAGs
[2024-01-03T02:20:24.505+0000] {logging_mixin.py:188} INFO - [2024-01-03T02:20:24.505+0000] {dag.py:3820} INFO - Setting next_dagrun for tutorial to 2024-01-02T00:00:00+00:00, run_after=2024-01-03T00:00:00+00:00
[2024-01-03T02:20:24.517+0000] {processor.py:183} INFO - Processing /home/airflow/.local/lib/python3.8/site-packages/airflow/example_dags/tutorial.py took 0.044 seconds
[2024-01-03T02:20:55.133+0000] {processor.py:161} INFO - Started process (PID=261) to work on /home/airflow/.local/lib/python3.8/site-packages/airflow/example_dags/tutorial.py
[2024-01-03T02:20:55.133+0000] {processor.py:830} INFO - Processing file /home/airflow/.local/lib/python3.8/site-packages/airflow/example_dags/tutorial.py for tasks to queue
[2024-01-03T02:20:55.135+0000] {logging_mixin.py:188} INFO - [2024-01-03T02:20:55.135+0000] {dagbag.py:538} INFO - Filling up the DagBag from /home/airflow/.local/lib/python3.8/site-packages/airflow/example_dags/tutorial.py
[2024-01-03T02:20:55.139+0000] {processor.py:840} INFO - DAG(s) 'tutorial' retrieved from /home/airflow/.local/lib/python3.8/site-packages/airflow/example_dags/tutorial.py
[2024-01-03T02:20:55.146+0000] {logging_mixin.py:188} INFO - [2024-01-03T02:20:55.146+0000] {dag.py:3033} INFO - Sync 1 DAGs
[2024-01-03T02:20:55.162+0000] {logging_mixin.py:188} INFO - [2024-01-03T02:20:55.162+0000] {dag.py:3820} INFO - Setting next_dagrun for tutorial to 2024-01-02T00:00:00+00:00, run_after=2024-01-03T00:00:00+00:00
[2024-01-03T02:20:55.176+0000] {processor.py:183} INFO - Processing /home/airflow/.local/lib/python3.8/site-packages/airflow/example_dags/tutorial.py took 0.045 seconds
[2024-01-03T02:21:25.963+0000] {processor.py:161} INFO - Started process (PID=316) to work on /home/airflow/.local/lib/python3.8/site-packages/airflow/example_dags/tutorial.py
[2024-01-03T02:21:25.964+0000] {processor.py:830} INFO - Processing file /home/airflow/.local/lib/python3.8/site-packages/airflow/example_dags/tutorial.py for tasks to queue
[2024-01-03T02:21:25.965+0000] {logging_mixin.py:188} INFO - [2024-01-03T02:21:25.965+0000] {dagbag.py:538} INFO - Filling up the DagBag from /home/airflow/.local/lib/python3.8/site-packages/airflow/example_dags/tutorial.py
[2024-01-03T02:21:25.969+0000] {processor.py:840} INFO - DAG(s) 'tutorial' retrieved from /home/airflow/.local/lib/python3.8/site-packages/airflow/example_dags/tutorial.py
[2024-01-03T02:21:26.035+0000] {logging_mixin.py:188} INFO - [2024-01-03T02:21:26.035+0000] {dag.py:3033} INFO - Sync 1 DAGs
[2024-01-03T02:21:26.048+0000] {logging_mixin.py:188} INFO - [2024-01-03T02:21:26.048+0000] {dag.py:3820} INFO - Setting next_dagrun for tutorial to 2024-01-02T00:00:00+00:00, run_after=2024-01-03T00:00:00+00:00
[2024-01-03T02:21:26.061+0000] {processor.py:183} INFO - Processing /home/airflow/.local/lib/python3.8/site-packages/airflow/example_dags/tutorial.py took 0.099 seconds
[2024-01-03T02:21:56.094+0000] {processor.py:161} INFO - Started process (PID=371) to work on /home/airflow/.local/lib/python3.8/site-packages/airflow/example_dags/tutorial.py
[2024-01-03T02:21:56.094+0000] {processor.py:830} INFO - Processing file /home/airflow/.local/lib/python3.8/site-packages/airflow/example_dags/tutorial.py for tasks to queue
[2024-01-03T02:21:56.096+0000] {logging_mixin.py:188} INFO - [2024-01-03T02:21:56.096+0000] {dagbag.py:538} INFO - Filling up the DagBag from /home/airflow/.local/lib/python3.8/site-packages/airflow/example_dags/tutorial.py
[2024-01-03T02:21:56.100+0000] {processor.py:840} INFO - DAG(s) 'tutorial' retrieved from /home/airflow/.local/lib/python3.8/site-packages/airflow/example_dags/tutorial.py
[2024-01-03T02:21:56.114+0000] {logging_mixin.py:188} INFO - [2024-01-03T02:21:56.114+0000] {dag.py:3033} INFO - Sync 1 DAGs
[2024-01-03T02:21:56.130+0000] {logging_mixin.py:188} INFO - [2024-01-03T02:21:56.130+0000] {dag.py:3820} INFO - Setting next_dagrun for tutorial to 2024-01-02T00:00:00+00:00, run_after=2024-01-03T00:00:00+00:00
[2024-01-03T02:21:56.142+0000] {processor.py:183} INFO - Processing /home/airflow/.local/lib/python3.8/site-packages/airflow/example_dags/tutorial.py took 0.051 seconds
[2024-01-03T02:22:26.257+0000] {processor.py:161} INFO - Started process (PID=426) to work on /home/airflow/.local/lib/python3.8/site-packages/airflow/example_dags/tutorial.py
[2024-01-03T02:22:26.258+0000] {processor.py:830} INFO - Processing file /home/airflow/.local/lib/python3.8/site-packages/airflow/example_dags/tutorial.py for tasks to queue
[2024-01-03T02:22:26.260+0000] {logging_mixin.py:188} INFO - [2024-01-03T02:22:26.260+0000] {dagbag.py:538} INFO - Filling up the DagBag from /home/airflow/.local/lib/python3.8/site-packages/airflow/example_dags/tutorial.py
[2024-01-03T02:22:26.265+0000] {processor.py:840} INFO - DAG(s) 'tutorial' retrieved from /home/airflow/.local/lib/python3.8/site-packages/airflow/example_dags/tutorial.py
[2024-01-03T02:22:26.283+0000] {logging_mixin.py:188} INFO - [2024-01-03T02:22:26.283+0000] {dag.py:3033} INFO - Sync 1 DAGs
[2024-01-03T02:22:26.301+0000] {logging_mixin.py:188} INFO - [2024-01-03T02:22:26.301+0000] {dag.py:3820} INFO - Setting next_dagrun for tutorial to 2024-01-02T00:00:00+00:00, run_after=2024-01-03T00:00:00+00:00
[2024-01-03T02:22:26.316+0000] {processor.py:183} INFO - Processing /home/airflow/.local/lib/python3.8/site-packages/airflow/example_dags/tutorial.py took 0.062 seconds
[2024-01-03T02:22:56.540+0000] {processor.py:161} INFO - Started process (PID=481) to work on /home/airflow/.local/lib/python3.8/site-packages/airflow/example_dags/tutorial.py
[2024-01-03T02:22:56.541+0000] {processor.py:830} INFO - Processing file /home/airflow/.local/lib/python3.8/site-packages/airflow/example_dags/tutorial.py for tasks to queue
[2024-01-03T02:22:56.542+0000] {logging_mixin.py:188} INFO - [2024-01-03T02:22:56.542+0000] {dagbag.py:538} INFO - Filling up the DagBag from /home/airflow/.local/lib/python3.8/site-packages/airflow/example_dags/tutorial.py
[2024-01-03T02:22:56.546+0000] {processor.py:840} INFO - DAG(s) 'tutorial' retrieved from /home/airflow/.local/lib/python3.8/site-packages/airflow/example_dags/tutorial.py
[2024-01-03T02:22:56.560+0000] {logging_mixin.py:188} INFO - [2024-01-03T02:22:56.560+0000] {dag.py:3033} INFO - Sync 1 DAGs
[2024-01-03T02:22:56.576+0000] {logging_mixin.py:188} INFO - [2024-01-03T02:22:56.576+0000] {dag.py:3820} INFO - Setting next_dagrun for tutorial to 2024-01-02T00:00:00+00:00, run_after=2024-01-03T00:00:00+00:00
[2024-01-03T02:22:56.588+0000] {processor.py:183} INFO - Processing /home/airflow/.local/lib/python3.8/site-packages/airflow/example_dags/tutorial.py took 0.050 seconds
[2024-01-03T02:23:26.772+0000] {processor.py:161} INFO - Started process (PID=537) to work on /home/airflow/.local/lib/python3.8/site-packages/airflow/example_dags/tutorial.py
[2024-01-03T02:23:26.773+0000] {processor.py:830} INFO - Processing file /home/airflow/.local/lib/python3.8/site-packages/airflow/example_dags/tutorial.py for tasks to queue
[2024-01-03T02:23:26.775+0000] {logging_mixin.py:188} INFO - [2024-01-03T02:23:26.775+0000] {dagbag.py:538} INFO - Filling up the DagBag from /home/airflow/.local/lib/python3.8/site-packages/airflow/example_dags/tutorial.py
[2024-01-03T02:23:26.780+0000] {processor.py:840} INFO - DAG(s) 'tutorial' retrieved from /home/airflow/.local/lib/python3.8/site-packages/airflow/example_dags/tutorial.py
[2024-01-03T02:23:26.795+0000] {logging_mixin.py:188} INFO - [2024-01-03T02:23:26.795+0000] {dag.py:3033} INFO - Sync 1 DAGs
[2024-01-03T02:23:26.811+0000] {logging_mixin.py:188} INFO - [2024-01-03T02:23:26.811+0000] {dag.py:3820} INFO - Setting next_dagrun for tutorial to 2024-01-02T00:00:00+00:00, run_after=2024-01-03T00:00:00+00:00
[2024-01-03T02:23:26.823+0000] {processor.py:183} INFO - Processing /home/airflow/.local/lib/python3.8/site-packages/airflow/example_dags/tutorial.py took 0.053 seconds
[2024-01-03T02:23:56.990+0000] {processor.py:161} INFO - Started process (PID=592) to work on /home/airflow/.local/lib/python3.8/site-packages/airflow/example_dags/tutorial.py
[2024-01-03T02:23:56.991+0000] {processor.py:830} INFO - Processing file /home/airflow/.local/lib/python3.8/site-packages/airflow/example_dags/tutorial.py for tasks to queue
[2024-01-03T02:23:56.993+0000] {logging_mixin.py:188} INFO - [2024-01-03T02:23:56.992+0000] {dagbag.py:538} INFO - Filling up the DagBag from /home/airflow/.local/lib/python3.8/site-packages/airflow/example_dags/tutorial.py
[2024-01-03T02:23:56.996+0000] {processor.py:840} INFO - DAG(s) 'tutorial' retrieved from /home/airflow/.local/lib/python3.8/site-packages/airflow/example_dags/tutorial.py
[2024-01-03T02:23:57.010+0000] {logging_mixin.py:188} INFO - [2024-01-03T02:23:57.010+0000] {dag.py:3033} INFO - Sync 1 DAGs
[2024-01-03T02:23:57.026+0000] {logging_mixin.py:188} INFO - [2024-01-03T02:23:57.026+0000] {dag.py:3820} INFO - Setting next_dagrun for tutorial to 2024-01-02T00:00:00+00:00, run_after=2024-01-03T00:00:00+00:00
[2024-01-03T02:23:57.040+0000] {processor.py:183} INFO - Processing /home/airflow/.local/lib/python3.8/site-packages/airflow/example_dags/tutorial.py took 0.052 seconds
[2024-01-03T02:24:28.003+0000] {processor.py:161} INFO - Started process (PID=647) to work on /home/airflow/.local/lib/python3.8/site-packages/airflow/example_dags/tutorial.py
[2024-01-03T02:24:28.003+0000] {processor.py:830} INFO - Processing file /home/airflow/.local/lib/python3.8/site-packages/airflow/example_dags/tutorial.py for tasks to queue
[2024-01-03T02:24:28.005+0000] {logging_mixin.py:188} INFO - [2024-01-03T02:24:28.005+0000] {dagbag.py:538} INFO - Filling up the DagBag from /home/airflow/.local/lib/python3.8/site-packages/airflow/example_dags/tutorial.py
[2024-01-03T02:24:28.008+0000] {processor.py:840} INFO - DAG(s) 'tutorial' retrieved from /home/airflow/.local/lib/python3.8/site-packages/airflow/example_dags/tutorial.py
[2024-01-03T02:24:28.020+0000] {logging_mixin.py:188} INFO - [2024-01-03T02:24:28.020+0000] {dag.py:3033} INFO - Sync 1 DAGs
[2024-01-03T02:24:28.034+0000] {logging_mixin.py:188} INFO - [2024-01-03T02:24:28.034+0000] {dag.py:3820} INFO - Setting next_dagrun for tutorial to 2024-01-02T00:00:00+00:00, run_after=2024-01-03T00:00:00+00:00
[2024-01-03T02:24:28.046+0000] {processor.py:183} INFO - Processing /home/airflow/.local/lib/python3.8/site-packages/airflow/example_dags/tutorial.py took 0.045 seconds
[2024-01-03T02:24:58.766+0000] {processor.py:161} INFO - Started process (PID=702) to work on /home/airflow/.local/lib/python3.8/site-packages/airflow/example_dags/tutorial.py
[2024-01-03T02:24:58.767+0000] {processor.py:830} INFO - Processing file /home/airflow/.local/lib/python3.8/site-packages/airflow/example_dags/tutorial.py for tasks to queue
[2024-01-03T02:24:58.769+0000] {logging_mixin.py:188} INFO - [2024-01-03T02:24:58.768+0000] {dagbag.py:538} INFO - Filling up the DagBag from /home/airflow/.local/lib/python3.8/site-packages/airflow/example_dags/tutorial.py
[2024-01-03T02:24:58.772+0000] {processor.py:840} INFO - DAG(s) 'tutorial' retrieved from /home/airflow/.local/lib/python3.8/site-packages/airflow/example_dags/tutorial.py
[2024-01-03T02:24:58.785+0000] {logging_mixin.py:188} INFO - [2024-01-03T02:24:58.785+0000] {dag.py:3033} INFO - Sync 1 DAGs
[2024-01-03T02:24:58.800+0000] {logging_mixin.py:188} INFO - [2024-01-03T02:24:58.800+0000] {dag.py:3820} INFO - Setting next_dagrun for tutorial to 2024-01-02T00:00:00+00:00, run_after=2024-01-03T00:00:00+00:00
[2024-01-03T02:24:58.813+0000] {processor.py:183} INFO - Processing /home/airflow/.local/lib/python3.8/site-packages/airflow/example_dags/tutorial.py took 0.049 seconds
[2024-01-03T02:25:28.890+0000] {processor.py:161} INFO - Started process (PID=757) to work on /home/airflow/.local/lib/python3.8/site-packages/airflow/example_dags/tutorial.py
[2024-01-03T02:25:28.891+0000] {processor.py:830} INFO - Processing file /home/airflow/.local/lib/python3.8/site-packages/airflow/example_dags/tutorial.py for tasks to queue
[2024-01-03T02:25:28.893+0000] {logging_mixin.py:188} INFO - [2024-01-03T02:25:28.892+0000] {dagbag.py:538} INFO - Filling up the DagBag from /home/airflow/.local/lib/python3.8/site-packages/airflow/example_dags/tutorial.py
[2024-01-03T02:25:28.896+0000] {processor.py:840} INFO - DAG(s) 'tutorial' retrieved from /home/airflow/.local/lib/python3.8/site-packages/airflow/example_dags/tutorial.py
[2024-01-03T02:25:28.908+0000] {logging_mixin.py:188} INFO - [2024-01-03T02:25:28.908+0000] {dag.py:3033} INFO - Sync 1 DAGs
[2024-01-03T02:25:28.922+0000] {logging_mixin.py:188} INFO - [2024-01-03T02:25:28.922+0000] {dag.py:3820} INFO - Setting next_dagrun for tutorial to 2024-01-02T00:00:00+00:00, run_after=2024-01-03T00:00:00+00:00
[2024-01-03T02:25:28.934+0000] {processor.py:183} INFO - Processing /home/airflow/.local/lib/python3.8/site-packages/airflow/example_dags/tutorial.py took 0.046 seconds
[2024-01-03T02:25:59.044+0000] {processor.py:161} INFO - Started process (PID=812) to work on /home/airflow/.local/lib/python3.8/site-packages/airflow/example_dags/tutorial.py
[2024-01-03T02:25:59.045+0000] {processor.py:830} INFO - Processing file /home/airflow/.local/lib/python3.8/site-packages/airflow/example_dags/tutorial.py for tasks to queue
[2024-01-03T02:25:59.048+0000] {logging_mixin.py:188} INFO - [2024-01-03T02:25:59.047+0000] {dagbag.py:538} INFO - Filling up the DagBag from /home/airflow/.local/lib/python3.8/site-packages/airflow/example_dags/tutorial.py
[2024-01-03T02:25:59.051+0000] {processor.py:840} INFO - DAG(s) 'tutorial' retrieved from /home/airflow/.local/lib/python3.8/site-packages/airflow/example_dags/tutorial.py
[2024-01-03T02:25:59.063+0000] {logging_mixin.py:188} INFO - [2024-01-03T02:25:59.063+0000] {dag.py:3033} INFO - Sync 1 DAGs
[2024-01-03T02:25:59.077+0000] {logging_mixin.py:188} INFO - [2024-01-03T02:25:59.077+0000] {dag.py:3820} INFO - Setting next_dagrun for tutorial to 2024-01-02T00:00:00+00:00, run_after=2024-01-03T00:00:00+00:00
[2024-01-03T02:25:59.088+0000] {processor.py:183} INFO - Processing /home/airflow/.local/lib/python3.8/site-packages/airflow/example_dags/tutorial.py took 0.046 seconds
[2024-01-03T02:26:29.191+0000] {processor.py:161} INFO - Started process (PID=867) to work on /home/airflow/.local/lib/python3.8/site-packages/airflow/example_dags/tutorial.py
[2024-01-03T02:26:29.191+0000] {processor.py:830} INFO - Processing file /home/airflow/.local/lib/python3.8/site-packages/airflow/example_dags/tutorial.py for tasks to queue
[2024-01-03T02:26:29.193+0000] {logging_mixin.py:188} INFO - [2024-01-03T02:26:29.193+0000] {dagbag.py:538} INFO - Filling up the DagBag from /home/airflow/.local/lib/python3.8/site-packages/airflow/example_dags/tutorial.py
[2024-01-03T02:26:29.197+0000] {processor.py:840} INFO - DAG(s) 'tutorial' retrieved from /home/airflow/.local/lib/python3.8/site-packages/airflow/example_dags/tutorial.py
[2024-01-03T02:26:29.209+0000] {logging_mixin.py:188} INFO - [2024-01-03T02:26:29.209+0000] {dag.py:3033} INFO - Sync 1 DAGs
[2024-01-03T02:26:29.223+0000] {logging_mixin.py:188} INFO - [2024-01-03T02:26:29.223+0000] {dag.py:3820} INFO - Setting next_dagrun for tutorial to 2024-01-02T00:00:00+00:00, run_after=2024-01-03T00:00:00+00:00
[2024-01-03T02:26:29.234+0000] {processor.py:183} INFO - Processing /home/airflow/.local/lib/python3.8/site-packages/airflow/example_dags/tutorial.py took 0.046 seconds
[2024-01-03T02:27:00.050+0000] {processor.py:161} INFO - Started process (PID=922) to work on /home/airflow/.local/lib/python3.8/site-packages/airflow/example_dags/tutorial.py
[2024-01-03T02:27:00.050+0000] {processor.py:830} INFO - Processing file /home/airflow/.local/lib/python3.8/site-packages/airflow/example_dags/tutorial.py for tasks to queue
[2024-01-03T02:27:00.052+0000] {logging_mixin.py:188} INFO - [2024-01-03T02:27:00.052+0000] {dagbag.py:538} INFO - Filling up the DagBag from /home/airflow/.local/lib/python3.8/site-packages/airflow/example_dags/tutorial.py
[2024-01-03T02:27:00.056+0000] {processor.py:840} INFO - DAG(s) 'tutorial' retrieved from /home/airflow/.local/lib/python3.8/site-packages/airflow/example_dags/tutorial.py
[2024-01-03T02:27:00.067+0000] {logging_mixin.py:188} INFO - [2024-01-03T02:27:00.067+0000] {dag.py:3033} INFO - Sync 1 DAGs
[2024-01-03T02:27:00.081+0000] {logging_mixin.py:188} INFO - [2024-01-03T02:27:00.081+0000] {dag.py:3820} INFO - Setting next_dagrun for tutorial to 2024-01-02T00:00:00+00:00, run_after=2024-01-03T00:00:00+00:00
[2024-01-03T02:27:00.092+0000] {processor.py:183} INFO - Processing /home/airflow/.local/lib/python3.8/site-packages/airflow/example_dags/tutorial.py took 0.045 seconds
[2024-01-03T02:27:30.827+0000] {processor.py:161} INFO - Started process (PID=977) to work on /home/airflow/.local/lib/python3.8/site-packages/airflow/example_dags/tutorial.py
[2024-01-03T02:27:30.828+0000] {processor.py:830} INFO - Processing file /home/airflow/.local/lib/python3.8/site-packages/airflow/example_dags/tutorial.py for tasks to queue
[2024-01-03T02:27:30.829+0000] {logging_mixin.py:188} INFO - [2024-01-03T02:27:30.829+0000] {dagbag.py:538} INFO - Filling up the DagBag from /home/airflow/.local/lib/python3.8/site-packages/airflow/example_dags/tutorial.py
[2024-01-03T02:27:30.833+0000] {processor.py:840} INFO - DAG(s) 'tutorial' retrieved from /home/airflow/.local/lib/python3.8/site-packages/airflow/example_dags/tutorial.py
[2024-01-03T02:27:30.845+0000] {logging_mixin.py:188} INFO - [2024-01-03T02:27:30.845+0000] {dag.py:3033} INFO - Sync 1 DAGs
[2024-01-03T02:27:30.859+0000] {logging_mixin.py:188} INFO - [2024-01-03T02:27:30.859+0000] {dag.py:3820} INFO - Setting next_dagrun for tutorial to 2024-01-02T00:00:00+00:00, run_after=2024-01-03T00:00:00+00:00
[2024-01-03T02:27:30.871+0000] {processor.py:183} INFO - Processing /home/airflow/.local/lib/python3.8/site-packages/airflow/example_dags/tutorial.py took 0.046 seconds
[2024-01-03T02:28:01.677+0000] {processor.py:161} INFO - Started process (PID=1032) to work on /home/airflow/.local/lib/python3.8/site-packages/airflow/example_dags/tutorial.py
[2024-01-03T02:28:01.678+0000] {processor.py:830} INFO - Processing file /home/airflow/.local/lib/python3.8/site-packages/airflow/example_dags/tutorial.py for tasks to queue
[2024-01-03T02:28:01.679+0000] {logging_mixin.py:188} INFO - [2024-01-03T02:28:01.679+0000] {dagbag.py:538} INFO - Filling up the DagBag from /home/airflow/.local/lib/python3.8/site-packages/airflow/example_dags/tutorial.py
[2024-01-03T02:28:01.683+0000] {processor.py:840} INFO - DAG(s) 'tutorial' retrieved from /home/airflow/.local/lib/python3.8/site-packages/airflow/example_dags/tutorial.py
[2024-01-03T02:28:01.695+0000] {logging_mixin.py:188} INFO - [2024-01-03T02:28:01.694+0000] {dag.py:3033} INFO - Sync 1 DAGs
[2024-01-03T02:28:01.709+0000] {logging_mixin.py:188} INFO - [2024-01-03T02:28:01.709+0000] {dag.py:3820} INFO - Setting next_dagrun for tutorial to 2024-01-02T00:00:00+00:00, run_after=2024-01-03T00:00:00+00:00
[2024-01-03T02:28:01.720+0000] {processor.py:183} INFO - Processing /home/airflow/.local/lib/python3.8/site-packages/airflow/example_dags/tutorial.py took 0.045 seconds
[2024-01-03T02:28:32.518+0000] {processor.py:161} INFO - Started process (PID=1087) to work on /home/airflow/.local/lib/python3.8/site-packages/airflow/example_dags/tutorial.py
[2024-01-03T02:28:32.519+0000] {processor.py:830} INFO - Processing file /home/airflow/.local/lib/python3.8/site-packages/airflow/example_dags/tutorial.py for tasks to queue
[2024-01-03T02:28:32.520+0000] {logging_mixin.py:188} INFO - [2024-01-03T02:28:32.520+0000] {dagbag.py:538} INFO - Filling up the DagBag from /home/airflow/.local/lib/python3.8/site-packages/airflow/example_dags/tutorial.py
[2024-01-03T02:28:32.524+0000] {processor.py:840} INFO - DAG(s) 'tutorial' retrieved from /home/airflow/.local/lib/python3.8/site-packages/airflow/example_dags/tutorial.py
[2024-01-03T02:28:32.537+0000] {logging_mixin.py:188} INFO - [2024-01-03T02:28:32.537+0000] {dag.py:3033} INFO - Sync 1 DAGs
[2024-01-03T02:28:32.551+0000] {logging_mixin.py:188} INFO - [2024-01-03T02:28:32.551+0000] {dag.py:3820} INFO - Setting next_dagrun for tutorial to 2024-01-02T00:00:00+00:00, run_after=2024-01-03T00:00:00+00:00
[2024-01-03T02:28:32.563+0000] {processor.py:183} INFO - Processing /home/airflow/.local/lib/python3.8/site-packages/airflow/example_dags/tutorial.py took 0.047 seconds
[2024-01-03T02:29:03.279+0000] {processor.py:161} INFO - Started process (PID=1142) to work on /home/airflow/.local/lib/python3.8/site-packages/airflow/example_dags/tutorial.py
[2024-01-03T02:29:03.280+0000] {processor.py:830} INFO - Processing file /home/airflow/.local/lib/python3.8/site-packages/airflow/example_dags/tutorial.py for tasks to queue
[2024-01-03T02:29:03.281+0000] {logging_mixin.py:188} INFO - [2024-01-03T02:29:03.281+0000] {dagbag.py:538} INFO - Filling up the DagBag from /home/airflow/.local/lib/python3.8/site-packages/airflow/example_dags/tutorial.py
[2024-01-03T02:29:03.285+0000] {processor.py:840} INFO - DAG(s) 'tutorial' retrieved from /home/airflow/.local/lib/python3.8/site-packages/airflow/example_dags/tutorial.py
[2024-01-03T02:29:03.297+0000] {logging_mixin.py:188} INFO - [2024-01-03T02:29:03.296+0000] {dag.py:3033} INFO - Sync 1 DAGs
[2024-01-03T02:29:03.311+0000] {logging_mixin.py:188} INFO - [2024-01-03T02:29:03.311+0000] {dag.py:3820} INFO - Setting next_dagrun for tutorial to 2024-01-02T00:00:00+00:00, run_after=2024-01-03T00:00:00+00:00
[2024-01-03T02:29:03.322+0000] {processor.py:183} INFO - Processing /home/airflow/.local/lib/python3.8/site-packages/airflow/example_dags/tutorial.py took 0.045 seconds
[2024-01-03T02:29:34.022+0000] {processor.py:161} INFO - Started process (PID=1197) to work on /home/airflow/.local/lib/python3.8/site-packages/airflow/example_dags/tutorial.py
[2024-01-03T02:29:34.023+0000] {processor.py:830} INFO - Processing file /home/airflow/.local/lib/python3.8/site-packages/airflow/example_dags/tutorial.py for tasks to queue
[2024-01-03T02:29:34.024+0000] {logging_mixin.py:188} INFO - [2024-01-03T02:29:34.024+0000] {dagbag.py:538} INFO - Filling up the DagBag from /home/airflow/.local/lib/python3.8/site-packages/airflow/example_dags/tutorial.py
[2024-01-03T02:29:34.028+0000] {processor.py:840} INFO - DAG(s) 'tutorial' retrieved from /home/airflow/.local/lib/python3.8/site-packages/airflow/example_dags/tutorial.py
[2024-01-03T02:29:34.040+0000] {logging_mixin.py:188} INFO - [2024-01-03T02:29:34.040+0000] {dag.py:3033} INFO - Sync 1 DAGs
[2024-01-03T02:29:34.054+0000] {logging_mixin.py:188} INFO - [2024-01-03T02:29:34.054+0000] {dag.py:3820} INFO - Setting next_dagrun for tutorial to 2024-01-02T00:00:00+00:00, run_after=2024-01-03T00:00:00+00:00
[2024-01-03T02:29:34.066+0000] {processor.py:183} INFO - Processing /home/airflow/.local/lib/python3.8/site-packages/airflow/example_dags/tutorial.py took 0.046 seconds
[2024-01-03T02:30:04.115+0000] {processor.py:161} INFO - Started process (PID=1252) to work on /home/airflow/.local/lib/python3.8/site-packages/airflow/example_dags/tutorial.py
[2024-01-03T02:30:04.116+0000] {processor.py:830} INFO - Processing file /home/airflow/.local/lib/python3.8/site-packages/airflow/example_dags/tutorial.py for tasks to queue
[2024-01-03T02:30:04.118+0000] {logging_mixin.py:188} INFO - [2024-01-03T02:30:04.117+0000] {dagbag.py:538} INFO - Filling up the DagBag from /home/airflow/.local/lib/python3.8/site-packages/airflow/example_dags/tutorial.py
[2024-01-03T02:30:04.121+0000] {processor.py:840} INFO - DAG(s) 'tutorial' retrieved from /home/airflow/.local/lib/python3.8/site-packages/airflow/example_dags/tutorial.py
[2024-01-03T02:30:04.133+0000] {logging_mixin.py:188} INFO - [2024-01-03T02:30:04.133+0000] {dag.py:3033} INFO - Sync 1 DAGs
[2024-01-03T02:30:04.147+0000] {logging_mixin.py:188} INFO - [2024-01-03T02:30:04.147+0000] {dag.py:3820} INFO - Setting next_dagrun for tutorial to 2024-01-02T00:00:00+00:00, run_after=2024-01-03T00:00:00+00:00
[2024-01-03T02:30:04.158+0000] {processor.py:183} INFO - Processing /home/airflow/.local/lib/python3.8/site-packages/airflow/example_dags/tutorial.py took 0.045 seconds
[2024-01-03T02:30:35.132+0000] {processor.py:161} INFO - Started process (PID=1307) to work on /home/airflow/.local/lib/python3.8/site-packages/airflow/example_dags/tutorial.py
[2024-01-03T02:30:35.133+0000] {processor.py:830} INFO - Processing file /home/airflow/.local/lib/python3.8/site-packages/airflow/example_dags/tutorial.py for tasks to queue
[2024-01-03T02:30:35.134+0000] {logging_mixin.py:188} INFO - [2024-01-03T02:30:35.134+0000] {dagbag.py:538} INFO - Filling up the DagBag from /home/airflow/.local/lib/python3.8/site-packages/airflow/example_dags/tutorial.py
[2024-01-03T02:30:35.138+0000] {processor.py:840} INFO - DAG(s) 'tutorial' retrieved from /home/airflow/.local/lib/python3.8/site-packages/airflow/example_dags/tutorial.py
[2024-01-03T02:30:35.150+0000] {logging_mixin.py:188} INFO - [2024-01-03T02:30:35.150+0000] {dag.py:3033} INFO - Sync 1 DAGs
[2024-01-03T02:30:35.164+0000] {logging_mixin.py:188} INFO - [2024-01-03T02:30:35.164+0000] {dag.py:3820} INFO - Setting next_dagrun for tutorial to 2024-01-02T00:00:00+00:00, run_after=2024-01-03T00:00:00+00:00
[2024-01-03T02:30:35.175+0000] {processor.py:183} INFO - Processing /home/airflow/.local/lib/python3.8/site-packages/airflow/example_dags/tutorial.py took 0.045 seconds
[2024-01-03T02:31:05.206+0000] {processor.py:161} INFO - Started process (PID=1362) to work on /home/airflow/.local/lib/python3.8/site-packages/airflow/example_dags/tutorial.py
[2024-01-03T02:31:05.207+0000] {processor.py:830} INFO - Processing file /home/airflow/.local/lib/python3.8/site-packages/airflow/example_dags/tutorial.py for tasks to queue
[2024-01-03T02:31:05.208+0000] {logging_mixin.py:188} INFO - [2024-01-03T02:31:05.208+0000] {dagbag.py:538} INFO - Filling up the DagBag from /home/airflow/.local/lib/python3.8/site-packages/airflow/example_dags/tutorial.py
[2024-01-03T02:31:05.212+0000] {processor.py:840} INFO - DAG(s) 'tutorial' retrieved from /home/airflow/.local/lib/python3.8/site-packages/airflow/example_dags/tutorial.py
[2024-01-03T02:31:05.226+0000] {logging_mixin.py:188} INFO - [2024-01-03T02:31:05.226+0000] {dag.py:3033} INFO - Sync 1 DAGs
[2024-01-03T02:31:05.241+0000] {logging_mixin.py:188} INFO - [2024-01-03T02:31:05.241+0000] {dag.py:3820} INFO - Setting next_dagrun for tutorial to 2024-01-02T00:00:00+00:00, run_after=2024-01-03T00:00:00+00:00
[2024-01-03T02:31:05.255+0000] {processor.py:183} INFO - Processing /home/airflow/.local/lib/python3.8/site-packages/airflow/example_dags/tutorial.py took 0.051 seconds
[2024-01-03T02:31:35.464+0000] {processor.py:161} INFO - Started process (PID=1417) to work on /home/airflow/.local/lib/python3.8/site-packages/airflow/example_dags/tutorial.py
[2024-01-03T02:31:35.465+0000] {processor.py:830} INFO - Processing file /home/airflow/.local/lib/python3.8/site-packages/airflow/example_dags/tutorial.py for tasks to queue
[2024-01-03T02:31:35.466+0000] {logging_mixin.py:188} INFO - [2024-01-03T02:31:35.466+0000] {dagbag.py:538} INFO - Filling up the DagBag from /home/airflow/.local/lib/python3.8/site-packages/airflow/example_dags/tutorial.py
[2024-01-03T02:31:35.470+0000] {processor.py:840} INFO - DAG(s) 'tutorial' retrieved from /home/airflow/.local/lib/python3.8/site-packages/airflow/example_dags/tutorial.py
[2024-01-03T02:31:35.482+0000] {logging_mixin.py:188} INFO - [2024-01-03T02:31:35.482+0000] {dag.py:3033} INFO - Sync 1 DAGs
[2024-01-03T02:31:35.496+0000] {logging_mixin.py:188} INFO - [2024-01-03T02:31:35.496+0000] {dag.py:3820} INFO - Setting next_dagrun for tutorial to 2024-01-02T00:00:00+00:00, run_after=2024-01-03T00:00:00+00:00
[2024-01-03T02:31:35.507+0000] {processor.py:183} INFO - Processing /home/airflow/.local/lib/python3.8/site-packages/airflow/example_dags/tutorial.py took 0.045 seconds
[2024-01-03T02:32:05.596+0000] {processor.py:161} INFO - Started process (PID=1472) to work on /home/airflow/.local/lib/python3.8/site-packages/airflow/example_dags/tutorial.py
[2024-01-03T02:32:05.596+0000] {processor.py:830} INFO - Processing file /home/airflow/.local/lib/python3.8/site-packages/airflow/example_dags/tutorial.py for tasks to queue
[2024-01-03T02:32:05.598+0000] {logging_mixin.py:188} INFO - [2024-01-03T02:32:05.598+0000] {dagbag.py:538} INFO - Filling up the DagBag from /home/airflow/.local/lib/python3.8/site-packages/airflow/example_dags/tutorial.py
[2024-01-03T02:32:05.602+0000] {processor.py:840} INFO - DAG(s) 'tutorial' retrieved from /home/airflow/.local/lib/python3.8/site-packages/airflow/example_dags/tutorial.py
[2024-01-03T02:32:05.615+0000] {logging_mixin.py:188} INFO - [2024-01-03T02:32:05.615+0000] {dag.py:3033} INFO - Sync 1 DAGs
[2024-01-03T02:32:05.632+0000] {logging_mixin.py:188} INFO - [2024-01-03T02:32:05.632+0000] {dag.py:3820} INFO - Setting next_dagrun for tutorial to 2024-01-02T00:00:00+00:00, run_after=2024-01-03T00:00:00+00:00
[2024-01-03T02:32:05.646+0000] {processor.py:183} INFO - Processing /home/airflow/.local/lib/python3.8/site-packages/airflow/example_dags/tutorial.py took 0.053 seconds
[2024-01-03T02:32:35.790+0000] {processor.py:161} INFO - Started process (PID=1527) to work on /home/airflow/.local/lib/python3.8/site-packages/airflow/example_dags/tutorial.py
[2024-01-03T02:32:35.791+0000] {processor.py:830} INFO - Processing file /home/airflow/.local/lib/python3.8/site-packages/airflow/example_dags/tutorial.py for tasks to queue
[2024-01-03T02:32:35.792+0000] {logging_mixin.py:188} INFO - [2024-01-03T02:32:35.792+0000] {dagbag.py:538} INFO - Filling up the DagBag from /home/airflow/.local/lib/python3.8/site-packages/airflow/example_dags/tutorial.py
[2024-01-03T02:32:35.796+0000] {processor.py:840} INFO - DAG(s) 'tutorial' retrieved from /home/airflow/.local/lib/python3.8/site-packages/airflow/example_dags/tutorial.py
[2024-01-03T02:32:35.809+0000] {logging_mixin.py:188} INFO - [2024-01-03T02:32:35.809+0000] {dag.py:3033} INFO - Sync 1 DAGs
[2024-01-03T02:32:35.825+0000] {logging_mixin.py:188} INFO - [2024-01-03T02:32:35.824+0000] {dag.py:3820} INFO - Setting next_dagrun for tutorial to 2024-01-02T00:00:00+00:00, run_after=2024-01-03T00:00:00+00:00
[2024-01-03T02:32:35.837+0000] {processor.py:183} INFO - Processing /home/airflow/.local/lib/python3.8/site-packages/airflow/example_dags/tutorial.py took 0.050 seconds
[2024-01-03T02:33:05.919+0000] {processor.py:161} INFO - Started process (PID=1582) to work on /home/airflow/.local/lib/python3.8/site-packages/airflow/example_dags/tutorial.py
[2024-01-03T02:33:05.919+0000] {processor.py:830} INFO - Processing file /home/airflow/.local/lib/python3.8/site-packages/airflow/example_dags/tutorial.py for tasks to queue
[2024-01-03T02:33:05.921+0000] {logging_mixin.py:188} INFO - [2024-01-03T02:33:05.921+0000] {dagbag.py:538} INFO - Filling up the DagBag from /home/airflow/.local/lib/python3.8/site-packages/airflow/example_dags/tutorial.py
[2024-01-03T02:33:05.925+0000] {processor.py:840} INFO - DAG(s) 'tutorial' retrieved from /home/airflow/.local/lib/python3.8/site-packages/airflow/example_dags/tutorial.py
[2024-01-03T02:33:05.937+0000] {logging_mixin.py:188} INFO - [2024-01-03T02:33:05.936+0000] {dag.py:3033} INFO - Sync 1 DAGs
[2024-01-03T02:33:05.951+0000] {logging_mixin.py:188} INFO - [2024-01-03T02:33:05.951+0000] {dag.py:3820} INFO - Setting next_dagrun for tutorial to 2024-01-02T00:00:00+00:00, run_after=2024-01-03T00:00:00+00:00
[2024-01-03T02:33:05.962+0000] {processor.py:183} INFO - Processing /home/airflow/.local/lib/python3.8/site-packages/airflow/example_dags/tutorial.py took 0.046 seconds
[2024-01-03T02:33:36.065+0000] {processor.py:161} INFO - Started process (PID=1637) to work on /home/airflow/.local/lib/python3.8/site-packages/airflow/example_dags/tutorial.py
[2024-01-03T02:33:36.065+0000] {processor.py:830} INFO - Processing file /home/airflow/.local/lib/python3.8/site-packages/airflow/example_dags/tutorial.py for tasks to queue
[2024-01-03T02:33:36.067+0000] {logging_mixin.py:188} INFO - [2024-01-03T02:33:36.066+0000] {dagbag.py:538} INFO - Filling up the DagBag from /home/airflow/.local/lib/python3.8/site-packages/airflow/example_dags/tutorial.py
[2024-01-03T02:33:36.070+0000] {processor.py:840} INFO - DAG(s) 'tutorial' retrieved from /home/airflow/.local/lib/python3.8/site-packages/airflow/example_dags/tutorial.py
[2024-01-03T02:33:36.083+0000] {logging_mixin.py:188} INFO - [2024-01-03T02:33:36.082+0000] {dag.py:3033} INFO - Sync 1 DAGs
[2024-01-03T02:33:36.097+0000] {logging_mixin.py:188} INFO - [2024-01-03T02:33:36.096+0000] {dag.py:3820} INFO - Setting next_dagrun for tutorial to 2024-01-02T00:00:00+00:00, run_after=2024-01-03T00:00:00+00:00
[2024-01-03T02:33:36.108+0000] {processor.py:183} INFO - Processing /home/airflow/.local/lib/python3.8/site-packages/airflow/example_dags/tutorial.py took 0.045 seconds
[2024-01-03T02:34:06.169+0000] {processor.py:161} INFO - Started process (PID=1692) to work on /home/airflow/.local/lib/python3.8/site-packages/airflow/example_dags/tutorial.py
[2024-01-03T02:34:06.170+0000] {processor.py:830} INFO - Processing file /home/airflow/.local/lib/python3.8/site-packages/airflow/example_dags/tutorial.py for tasks to queue
[2024-01-03T02:34:06.171+0000] {logging_mixin.py:188} INFO - [2024-01-03T02:34:06.171+0000] {dagbag.py:538} INFO - Filling up the DagBag from /home/airflow/.local/lib/python3.8/site-packages/airflow/example_dags/tutorial.py
[2024-01-03T02:34:06.176+0000] {processor.py:840} INFO - DAG(s) 'tutorial' retrieved from /home/airflow/.local/lib/python3.8/site-packages/airflow/example_dags/tutorial.py
[2024-01-03T02:34:06.195+0000] {logging_mixin.py:188} INFO - [2024-01-03T02:34:06.195+0000] {dag.py:3033} INFO - Sync 1 DAGs
[2024-01-03T02:34:06.218+0000] {logging_mixin.py:188} INFO - [2024-01-03T02:34:06.218+0000] {dag.py:3820} INFO - Setting next_dagrun for tutorial to 2024-01-02T00:00:00+00:00, run_after=2024-01-03T00:00:00+00:00
[2024-01-03T02:34:06.233+0000] {processor.py:183} INFO - Processing /home/airflow/.local/lib/python3.8/site-packages/airflow/example_dags/tutorial.py took 0.066 seconds
[2024-01-03T02:34:36.910+0000] {processor.py:161} INFO - Started process (PID=1748) to work on /home/airflow/.local/lib/python3.8/site-packages/airflow/example_dags/tutorial.py
[2024-01-03T02:34:36.911+0000] {processor.py:830} INFO - Processing file /home/airflow/.local/lib/python3.8/site-packages/airflow/example_dags/tutorial.py for tasks to queue
[2024-01-03T02:34:36.912+0000] {logging_mixin.py:188} INFO - [2024-01-03T02:34:36.912+0000] {dagbag.py:538} INFO - Filling up the DagBag from /home/airflow/.local/lib/python3.8/site-packages/airflow/example_dags/tutorial.py
[2024-01-03T02:34:36.916+0000] {processor.py:840} INFO - DAG(s) 'tutorial' retrieved from /home/airflow/.local/lib/python3.8/site-packages/airflow/example_dags/tutorial.py
[2024-01-03T02:34:36.928+0000] {logging_mixin.py:188} INFO - [2024-01-03T02:34:36.928+0000] {dag.py:3033} INFO - Sync 1 DAGs
[2024-01-03T02:34:36.941+0000] {logging_mixin.py:188} INFO - [2024-01-03T02:34:36.941+0000] {dag.py:3820} INFO - Setting next_dagrun for tutorial to 2024-01-02T00:00:00+00:00, run_after=2024-01-03T00:00:00+00:00
[2024-01-03T02:34:36.954+0000] {processor.py:183} INFO - Processing /home/airflow/.local/lib/python3.8/site-packages/airflow/example_dags/tutorial.py took 0.046 seconds
[2024-01-03T02:35:07.677+0000] {processor.py:161} INFO - Started process (PID=1803) to work on /home/airflow/.local/lib/python3.8/site-packages/airflow/example_dags/tutorial.py
[2024-01-03T02:35:07.678+0000] {processor.py:830} INFO - Processing file /home/airflow/.local/lib/python3.8/site-packages/airflow/example_dags/tutorial.py for tasks to queue
[2024-01-03T02:35:07.679+0000] {logging_mixin.py:188} INFO - [2024-01-03T02:35:07.679+0000] {dagbag.py:538} INFO - Filling up the DagBag from /home/airflow/.local/lib/python3.8/site-packages/airflow/example_dags/tutorial.py
[2024-01-03T02:35:07.684+0000] {processor.py:840} INFO - DAG(s) 'tutorial' retrieved from /home/airflow/.local/lib/python3.8/site-packages/airflow/example_dags/tutorial.py
[2024-01-03T02:35:07.697+0000] {logging_mixin.py:188} INFO - [2024-01-03T02:35:07.697+0000] {dag.py:3033} INFO - Sync 1 DAGs
[2024-01-03T02:35:07.713+0000] {logging_mixin.py:188} INFO - [2024-01-03T02:35:07.713+0000] {dag.py:3820} INFO - Setting next_dagrun for tutorial to 2024-01-02T00:00:00+00:00, run_after=2024-01-03T00:00:00+00:00
[2024-01-03T02:35:07.726+0000] {processor.py:183} INFO - Processing /home/airflow/.local/lib/python3.8/site-packages/airflow/example_dags/tutorial.py took 0.051 seconds
[2024-01-03T02:35:38.577+0000] {processor.py:161} INFO - Started process (PID=1858) to work on /home/airflow/.local/lib/python3.8/site-packages/airflow/example_dags/tutorial.py
[2024-01-03T02:35:38.578+0000] {processor.py:830} INFO - Processing file /home/airflow/.local/lib/python3.8/site-packages/airflow/example_dags/tutorial.py for tasks to queue
[2024-01-03T02:35:38.580+0000] {logging_mixin.py:188} INFO - [2024-01-03T02:35:38.580+0000] {dagbag.py:538} INFO - Filling up the DagBag from /home/airflow/.local/lib/python3.8/site-packages/airflow/example_dags/tutorial.py
[2024-01-03T02:35:38.585+0000] {processor.py:840} INFO - DAG(s) 'tutorial' retrieved from /home/airflow/.local/lib/python3.8/site-packages/airflow/example_dags/tutorial.py
[2024-01-03T02:35:38.597+0000] {logging_mixin.py:188} INFO - [2024-01-03T02:35:38.597+0000] {dag.py:3033} INFO - Sync 1 DAGs
[2024-01-03T02:35:38.612+0000] {logging_mixin.py:188} INFO - [2024-01-03T02:35:38.611+0000] {dag.py:3820} INFO - Setting next_dagrun for tutorial to 2024-01-02T00:00:00+00:00, run_after=2024-01-03T00:00:00+00:00
[2024-01-03T02:35:38.624+0000] {processor.py:183} INFO - Processing /home/airflow/.local/lib/python3.8/site-packages/airflow/example_dags/tutorial.py took 0.048 seconds
[2024-01-03T02:36:09.362+0000] {processor.py:161} INFO - Started process (PID=1913) to work on /home/airflow/.local/lib/python3.8/site-packages/airflow/example_dags/tutorial.py
[2024-01-03T02:36:09.363+0000] {processor.py:830} INFO - Processing file /home/airflow/.local/lib/python3.8/site-packages/airflow/example_dags/tutorial.py for tasks to queue
[2024-01-03T02:36:09.364+0000] {logging_mixin.py:188} INFO - [2024-01-03T02:36:09.364+0000] {dagbag.py:538} INFO - Filling up the DagBag from /home/airflow/.local/lib/python3.8/site-packages/airflow/example_dags/tutorial.py
[2024-01-03T02:36:09.368+0000] {processor.py:840} INFO - DAG(s) 'tutorial' retrieved from /home/airflow/.local/lib/python3.8/site-packages/airflow/example_dags/tutorial.py
[2024-01-03T02:36:09.382+0000] {logging_mixin.py:188} INFO - [2024-01-03T02:36:09.382+0000] {dag.py:3033} INFO - Sync 1 DAGs
[2024-01-03T02:36:09.397+0000] {logging_mixin.py:188} INFO - [2024-01-03T02:36:09.396+0000] {dag.py:3820} INFO - Setting next_dagrun for tutorial to 2024-01-02T00:00:00+00:00, run_after=2024-01-03T00:00:00+00:00
[2024-01-03T02:36:09.408+0000] {processor.py:183} INFO - Processing /home/airflow/.local/lib/python3.8/site-packages/airflow/example_dags/tutorial.py took 0.048 seconds
[2024-01-03T02:36:39.450+0000] {processor.py:161} INFO - Started process (PID=1968) to work on /home/airflow/.local/lib/python3.8/site-packages/airflow/example_dags/tutorial.py
[2024-01-03T02:36:39.451+0000] {processor.py:830} INFO - Processing file /home/airflow/.local/lib/python3.8/site-packages/airflow/example_dags/tutorial.py for tasks to queue
[2024-01-03T02:36:39.452+0000] {logging_mixin.py:188} INFO - [2024-01-03T02:36:39.452+0000] {dagbag.py:538} INFO - Filling up the DagBag from /home/airflow/.local/lib/python3.8/site-packages/airflow/example_dags/tutorial.py
[2024-01-03T02:36:39.456+0000] {processor.py:840} INFO - DAG(s) 'tutorial' retrieved from /home/airflow/.local/lib/python3.8/site-packages/airflow/example_dags/tutorial.py
[2024-01-03T02:36:39.468+0000] {logging_mixin.py:188} INFO - [2024-01-03T02:36:39.467+0000] {dag.py:3033} INFO - Sync 1 DAGs
[2024-01-03T02:36:39.485+0000] {logging_mixin.py:188} INFO - [2024-01-03T02:36:39.485+0000] {dag.py:3820} INFO - Setting next_dagrun for tutorial to 2024-01-02T00:00:00+00:00, run_after=2024-01-03T00:00:00+00:00
[2024-01-03T02:36:39.497+0000] {processor.py:183} INFO - Processing /home/airflow/.local/lib/python3.8/site-packages/airflow/example_dags/tutorial.py took 0.049 seconds
[2024-01-03T02:41:31.306+0000] {processor.py:161} INFO - Started process (PID=2028) to work on /home/airflow/.local/lib/python3.8/site-packages/airflow/example_dags/tutorial.py
[2024-01-03T02:41:31.308+0000] {processor.py:830} INFO - Processing file /home/airflow/.local/lib/python3.8/site-packages/airflow/example_dags/tutorial.py for tasks to queue
[2024-01-03T02:41:31.311+0000] {logging_mixin.py:188} INFO - [2024-01-03T02:41:31.310+0000] {dagbag.py:538} INFO - Filling up the DagBag from /home/airflow/.local/lib/python3.8/site-packages/airflow/example_dags/tutorial.py
[2024-01-03T02:41:31.321+0000] {processor.py:840} INFO - DAG(s) 'tutorial' retrieved from /home/airflow/.local/lib/python3.8/site-packages/airflow/example_dags/tutorial.py
[2024-01-03T02:41:31.356+0000] {logging_mixin.py:188} INFO - [2024-01-03T02:41:31.356+0000] {dag.py:3033} INFO - Sync 1 DAGs
[2024-01-03T02:41:31.383+0000] {logging_mixin.py:188} INFO - [2024-01-03T02:41:31.383+0000] {dag.py:3820} INFO - Setting next_dagrun for tutorial to 2024-01-02T00:00:00+00:00, run_after=2024-01-03T00:00:00+00:00
[2024-01-03T02:41:31.404+0000] {processor.py:183} INFO - Processing /home/airflow/.local/lib/python3.8/site-packages/airflow/example_dags/tutorial.py took 0.102 seconds
[2024-01-03T02:42:01.558+0000] {processor.py:161} INFO - Started process (PID=2083) to work on /home/airflow/.local/lib/python3.8/site-packages/airflow/example_dags/tutorial.py
[2024-01-03T02:42:01.559+0000] {processor.py:830} INFO - Processing file /home/airflow/.local/lib/python3.8/site-packages/airflow/example_dags/tutorial.py for tasks to queue
[2024-01-03T02:42:01.560+0000] {logging_mixin.py:188} INFO - [2024-01-03T02:42:01.560+0000] {dagbag.py:538} INFO - Filling up the DagBag from /home/airflow/.local/lib/python3.8/site-packages/airflow/example_dags/tutorial.py
[2024-01-03T02:42:01.564+0000] {processor.py:840} INFO - DAG(s) 'tutorial' retrieved from /home/airflow/.local/lib/python3.8/site-packages/airflow/example_dags/tutorial.py
[2024-01-03T02:42:01.578+0000] {logging_mixin.py:188} INFO - [2024-01-03T02:42:01.578+0000] {dag.py:3033} INFO - Sync 1 DAGs
[2024-01-03T02:42:01.593+0000] {logging_mixin.py:188} INFO - [2024-01-03T02:42:01.592+0000] {dag.py:3820} INFO - Setting next_dagrun for tutorial to 2024-01-02T00:00:00+00:00, run_after=2024-01-03T00:00:00+00:00
[2024-01-03T02:42:01.605+0000] {processor.py:183} INFO - Processing /home/airflow/.local/lib/python3.8/site-packages/airflow/example_dags/tutorial.py took 0.049 seconds
[2024-01-03T02:42:31.704+0000] {processor.py:161} INFO - Started process (PID=2138) to work on /home/airflow/.local/lib/python3.8/site-packages/airflow/example_dags/tutorial.py
[2024-01-03T02:42:31.704+0000] {processor.py:830} INFO - Processing file /home/airflow/.local/lib/python3.8/site-packages/airflow/example_dags/tutorial.py for tasks to queue
[2024-01-03T02:42:31.707+0000] {logging_mixin.py:188} INFO - [2024-01-03T02:42:31.706+0000] {dagbag.py:538} INFO - Filling up the DagBag from /home/airflow/.local/lib/python3.8/site-packages/airflow/example_dags/tutorial.py
[2024-01-03T02:42:31.710+0000] {processor.py:840} INFO - DAG(s) 'tutorial' retrieved from /home/airflow/.local/lib/python3.8/site-packages/airflow/example_dags/tutorial.py
[2024-01-03T02:42:31.725+0000] {logging_mixin.py:188} INFO - [2024-01-03T02:42:31.724+0000] {dag.py:3033} INFO - Sync 1 DAGs
[2024-01-03T02:42:31.743+0000] {logging_mixin.py:188} INFO - [2024-01-03T02:42:31.743+0000] {dag.py:3820} INFO - Setting next_dagrun for tutorial to 2024-01-02T00:00:00+00:00, run_after=2024-01-03T00:00:00+00:00
[2024-01-03T02:42:31.758+0000] {processor.py:183} INFO - Processing /home/airflow/.local/lib/python3.8/site-packages/airflow/example_dags/tutorial.py took 0.057 seconds
[2024-01-03T02:43:02.013+0000] {processor.py:161} INFO - Started process (PID=2193) to work on /home/airflow/.local/lib/python3.8/site-packages/airflow/example_dags/tutorial.py
[2024-01-03T02:43:02.014+0000] {processor.py:830} INFO - Processing file /home/airflow/.local/lib/python3.8/site-packages/airflow/example_dags/tutorial.py for tasks to queue
[2024-01-03T02:43:02.015+0000] {logging_mixin.py:188} INFO - [2024-01-03T02:43:02.015+0000] {dagbag.py:538} INFO - Filling up the DagBag from /home/airflow/.local/lib/python3.8/site-packages/airflow/example_dags/tutorial.py
[2024-01-03T02:43:02.020+0000] {processor.py:840} INFO - DAG(s) 'tutorial' retrieved from /home/airflow/.local/lib/python3.8/site-packages/airflow/example_dags/tutorial.py
[2024-01-03T02:43:02.033+0000] {logging_mixin.py:188} INFO - [2024-01-03T02:43:02.033+0000] {dag.py:3033} INFO - Sync 1 DAGs
[2024-01-03T02:43:02.049+0000] {logging_mixin.py:188} INFO - [2024-01-03T02:43:02.049+0000] {dag.py:3820} INFO - Setting next_dagrun for tutorial to 2024-01-02T00:00:00+00:00, run_after=2024-01-03T00:00:00+00:00
[2024-01-03T02:43:02.062+0000] {processor.py:183} INFO - Processing /home/airflow/.local/lib/python3.8/site-packages/airflow/example_dags/tutorial.py took 0.051 seconds
[2024-01-03T02:43:32.511+0000] {processor.py:161} INFO - Started process (PID=2248) to work on /home/airflow/.local/lib/python3.8/site-packages/airflow/example_dags/tutorial.py
[2024-01-03T02:43:32.512+0000] {processor.py:830} INFO - Processing file /home/airflow/.local/lib/python3.8/site-packages/airflow/example_dags/tutorial.py for tasks to queue
[2024-01-03T02:43:32.513+0000] {logging_mixin.py:188} INFO - [2024-01-03T02:43:32.513+0000] {dagbag.py:538} INFO - Filling up the DagBag from /home/airflow/.local/lib/python3.8/site-packages/airflow/example_dags/tutorial.py
[2024-01-03T02:43:32.517+0000] {processor.py:840} INFO - DAG(s) 'tutorial' retrieved from /home/airflow/.local/lib/python3.8/site-packages/airflow/example_dags/tutorial.py
[2024-01-03T02:43:32.530+0000] {logging_mixin.py:188} INFO - [2024-01-03T02:43:32.530+0000] {dag.py:3033} INFO - Sync 1 DAGs
[2024-01-03T02:43:32.545+0000] {logging_mixin.py:188} INFO - [2024-01-03T02:43:32.545+0000] {dag.py:3820} INFO - Setting next_dagrun for tutorial to 2024-01-02T00:00:00+00:00, run_after=2024-01-03T00:00:00+00:00
[2024-01-03T02:43:32.665+0000] {processor.py:183} INFO - Processing /home/airflow/.local/lib/python3.8/site-packages/airflow/example_dags/tutorial.py took 0.155 seconds
[2024-01-03T02:44:03.160+0000] {processor.py:161} INFO - Started process (PID=2303) to work on /home/airflow/.local/lib/python3.8/site-packages/airflow/example_dags/tutorial.py
[2024-01-03T02:44:03.160+0000] {processor.py:830} INFO - Processing file /home/airflow/.local/lib/python3.8/site-packages/airflow/example_dags/tutorial.py for tasks to queue
[2024-01-03T02:44:03.162+0000] {logging_mixin.py:188} INFO - [2024-01-03T02:44:03.162+0000] {dagbag.py:538} INFO - Filling up the DagBag from /home/airflow/.local/lib/python3.8/site-packages/airflow/example_dags/tutorial.py
[2024-01-03T02:44:03.165+0000] {processor.py:840} INFO - DAG(s) 'tutorial' retrieved from /home/airflow/.local/lib/python3.8/site-packages/airflow/example_dags/tutorial.py
[2024-01-03T02:44:03.179+0000] {logging_mixin.py:188} INFO - [2024-01-03T02:44:03.179+0000] {dag.py:3033} INFO - Sync 1 DAGs
[2024-01-03T02:44:03.195+0000] {logging_mixin.py:188} INFO - [2024-01-03T02:44:03.195+0000] {dag.py:3820} INFO - Setting next_dagrun for tutorial to 2024-01-02T00:00:00+00:00, run_after=2024-01-03T00:00:00+00:00
[2024-01-03T02:44:03.312+0000] {processor.py:183} INFO - Processing /home/airflow/.local/lib/python3.8/site-packages/airflow/example_dags/tutorial.py took 0.154 seconds
[2024-01-03T02:44:33.972+0000] {processor.py:161} INFO - Started process (PID=2358) to work on /home/airflow/.local/lib/python3.8/site-packages/airflow/example_dags/tutorial.py
[2024-01-03T02:44:33.973+0000] {processor.py:830} INFO - Processing file /home/airflow/.local/lib/python3.8/site-packages/airflow/example_dags/tutorial.py for tasks to queue
[2024-01-03T02:44:33.974+0000] {logging_mixin.py:188} INFO - [2024-01-03T02:44:33.974+0000] {dagbag.py:538} INFO - Filling up the DagBag from /home/airflow/.local/lib/python3.8/site-packages/airflow/example_dags/tutorial.py
[2024-01-03T02:44:33.978+0000] {processor.py:840} INFO - DAG(s) 'tutorial' retrieved from /home/airflow/.local/lib/python3.8/site-packages/airflow/example_dags/tutorial.py
[2024-01-03T02:44:33.993+0000] {logging_mixin.py:188} INFO - [2024-01-03T02:44:33.992+0000] {dag.py:3033} INFO - Sync 1 DAGs
[2024-01-03T02:44:34.008+0000] {logging_mixin.py:188} INFO - [2024-01-03T02:44:34.008+0000] {dag.py:3820} INFO - Setting next_dagrun for tutorial to 2024-01-02T00:00:00+00:00, run_after=2024-01-03T00:00:00+00:00
[2024-01-03T02:44:34.022+0000] {processor.py:183} INFO - Processing /home/airflow/.local/lib/python3.8/site-packages/airflow/example_dags/tutorial.py took 0.052 seconds
[2024-01-03T02:45:04.704+0000] {processor.py:161} INFO - Started process (PID=2413) to work on /home/airflow/.local/lib/python3.8/site-packages/airflow/example_dags/tutorial.py
[2024-01-03T02:45:04.704+0000] {processor.py:830} INFO - Processing file /home/airflow/.local/lib/python3.8/site-packages/airflow/example_dags/tutorial.py for tasks to queue
[2024-01-03T02:45:04.706+0000] {logging_mixin.py:188} INFO - [2024-01-03T02:45:04.706+0000] {dagbag.py:538} INFO - Filling up the DagBag from /home/airflow/.local/lib/python3.8/site-packages/airflow/example_dags/tutorial.py
[2024-01-03T02:45:04.709+0000] {processor.py:840} INFO - DAG(s) 'tutorial' retrieved from /home/airflow/.local/lib/python3.8/site-packages/airflow/example_dags/tutorial.py
[2024-01-03T02:45:04.722+0000] {logging_mixin.py:188} INFO - [2024-01-03T02:45:04.722+0000] {dag.py:3033} INFO - Sync 1 DAGs
[2024-01-03T02:45:04.737+0000] {logging_mixin.py:188} INFO - [2024-01-03T02:45:04.737+0000] {dag.py:3820} INFO - Setting next_dagrun for tutorial to 2024-01-02T00:00:00+00:00, run_after=2024-01-03T00:00:00+00:00
[2024-01-03T02:45:04.749+0000] {processor.py:183} INFO - Processing /home/airflow/.local/lib/python3.8/site-packages/airflow/example_dags/tutorial.py took 0.047 seconds
[2024-01-03T02:45:35.038+0000] {processor.py:161} INFO - Started process (PID=2468) to work on /home/airflow/.local/lib/python3.8/site-packages/airflow/example_dags/tutorial.py
[2024-01-03T02:45:35.039+0000] {processor.py:830} INFO - Processing file /home/airflow/.local/lib/python3.8/site-packages/airflow/example_dags/tutorial.py for tasks to queue
[2024-01-03T02:45:35.040+0000] {logging_mixin.py:188} INFO - [2024-01-03T02:45:35.040+0000] {dagbag.py:538} INFO - Filling up the DagBag from /home/airflow/.local/lib/python3.8/site-packages/airflow/example_dags/tutorial.py
[2024-01-03T02:45:35.044+0000] {processor.py:840} INFO - DAG(s) 'tutorial' retrieved from /home/airflow/.local/lib/python3.8/site-packages/airflow/example_dags/tutorial.py
[2024-01-03T02:45:35.057+0000] {logging_mixin.py:188} INFO - [2024-01-03T02:45:35.057+0000] {dag.py:3033} INFO - Sync 1 DAGs
[2024-01-03T02:45:35.071+0000] {logging_mixin.py:188} INFO - [2024-01-03T02:45:35.071+0000] {dag.py:3820} INFO - Setting next_dagrun for tutorial to 2024-01-02T00:00:00+00:00, run_after=2024-01-03T00:00:00+00:00
[2024-01-03T02:45:35.083+0000] {processor.py:183} INFO - Processing /home/airflow/.local/lib/python3.8/site-packages/airflow/example_dags/tutorial.py took 0.047 seconds
[2024-01-03T02:46:05.384+0000] {processor.py:161} INFO - Started process (PID=2523) to work on /home/airflow/.local/lib/python3.8/site-packages/airflow/example_dags/tutorial.py
[2024-01-03T02:46:05.385+0000] {processor.py:830} INFO - Processing file /home/airflow/.local/lib/python3.8/site-packages/airflow/example_dags/tutorial.py for tasks to queue
[2024-01-03T02:46:05.386+0000] {logging_mixin.py:188} INFO - [2024-01-03T02:46:05.386+0000] {dagbag.py:538} INFO - Filling up the DagBag from /home/airflow/.local/lib/python3.8/site-packages/airflow/example_dags/tutorial.py
[2024-01-03T02:46:05.390+0000] {processor.py:840} INFO - DAG(s) 'tutorial' retrieved from /home/airflow/.local/lib/python3.8/site-packages/airflow/example_dags/tutorial.py
[2024-01-03T02:46:05.405+0000] {logging_mixin.py:188} INFO - [2024-01-03T02:46:05.405+0000] {dag.py:3033} INFO - Sync 1 DAGs
[2024-01-03T02:46:05.543+0000] {logging_mixin.py:188} INFO - [2024-01-03T02:46:05.543+0000] {dag.py:3820} INFO - Setting next_dagrun for tutorial to 2024-01-02T00:00:00+00:00, run_after=2024-01-03T00:00:00+00:00
[2024-01-03T02:46:05.559+0000] {processor.py:183} INFO - Processing /home/airflow/.local/lib/python3.8/site-packages/airflow/example_dags/tutorial.py took 0.178 seconds
[2024-01-03T02:46:36.577+0000] {processor.py:161} INFO - Started process (PID=2578) to work on /home/airflow/.local/lib/python3.8/site-packages/airflow/example_dags/tutorial.py
[2024-01-03T02:46:36.578+0000] {processor.py:830} INFO - Processing file /home/airflow/.local/lib/python3.8/site-packages/airflow/example_dags/tutorial.py for tasks to queue
[2024-01-03T02:46:36.580+0000] {logging_mixin.py:188} INFO - [2024-01-03T02:46:36.580+0000] {dagbag.py:538} INFO - Filling up the DagBag from /home/airflow/.local/lib/python3.8/site-packages/airflow/example_dags/tutorial.py
[2024-01-03T02:46:36.583+0000] {processor.py:840} INFO - DAG(s) 'tutorial' retrieved from /home/airflow/.local/lib/python3.8/site-packages/airflow/example_dags/tutorial.py
[2024-01-03T02:46:36.597+0000] {logging_mixin.py:188} INFO - [2024-01-03T02:46:36.596+0000] {dag.py:3033} INFO - Sync 1 DAGs
[2024-01-03T02:46:36.718+0000] {logging_mixin.py:188} INFO - [2024-01-03T02:46:36.718+0000] {dag.py:3820} INFO - Setting next_dagrun for tutorial to 2024-01-02T00:00:00+00:00, run_after=2024-01-03T00:00:00+00:00
[2024-01-03T02:46:36.730+0000] {processor.py:183} INFO - Processing /home/airflow/.local/lib/python3.8/site-packages/airflow/example_dags/tutorial.py took 0.154 seconds
[2024-01-03T02:47:07.432+0000] {processor.py:161} INFO - Started process (PID=2632) to work on /home/airflow/.local/lib/python3.8/site-packages/airflow/example_dags/tutorial.py
[2024-01-03T02:47:07.432+0000] {processor.py:830} INFO - Processing file /home/airflow/.local/lib/python3.8/site-packages/airflow/example_dags/tutorial.py for tasks to queue
[2024-01-03T02:47:07.434+0000] {logging_mixin.py:188} INFO - [2024-01-03T02:47:07.434+0000] {dagbag.py:538} INFO - Filling up the DagBag from /home/airflow/.local/lib/python3.8/site-packages/airflow/example_dags/tutorial.py
[2024-01-03T02:47:07.438+0000] {processor.py:840} INFO - DAG(s) 'tutorial' retrieved from /home/airflow/.local/lib/python3.8/site-packages/airflow/example_dags/tutorial.py
[2024-01-03T02:47:07.451+0000] {logging_mixin.py:188} INFO - [2024-01-03T02:47:07.451+0000] {dag.py:3033} INFO - Sync 1 DAGs
[2024-01-03T02:47:07.466+0000] {logging_mixin.py:188} INFO - [2024-01-03T02:47:07.466+0000] {dag.py:3820} INFO - Setting next_dagrun for tutorial to 2024-01-02T00:00:00+00:00, run_after=2024-01-03T00:00:00+00:00
[2024-01-03T02:47:07.479+0000] {processor.py:183} INFO - Processing /home/airflow/.local/lib/python3.8/site-packages/airflow/example_dags/tutorial.py took 0.049 seconds
