[2024-01-03T02:14:46.212+0000] {processor.py:161} INFO - Started process (PID=59) to work on /home/airflow/.local/lib/python3.8/site-packages/airflow/example_dags/tutorial_objectstorage.py
[2024-01-03T02:14:46.346+0000] {processor.py:830} INFO - Processing file /home/airflow/.local/lib/python3.8/site-packages/airflow/example_dags/tutorial_objectstorage.py for tasks to queue
[2024-01-03T02:14:46.955+0000] {logging_mixin.py:188} INFO - [2024-01-03T02:14:46.947+0000] {dagbag.py:538} INFO - Filling up the DagBag from /home/airflow/.local/lib/python3.8/site-packages/airflow/example_dags/tutorial_objectstorage.py
[2024-01-03T02:14:47.180+0000] {processor.py:840} INFO - DAG(s) 'tutorial_objectstorage' retrieved from /home/airflow/.local/lib/python3.8/site-packages/airflow/example_dags/tutorial_objectstorage.py
[2024-01-03T02:14:55.623+0000] {logging_mixin.py:188} INFO - [2024-01-03T02:14:55.615+0000] {dag.py:3033} INFO - Sync 1 DAGs
[2024-01-03T02:14:56.340+0000] {logging_mixin.py:188} INFO - [2024-01-03T02:14:56.340+0000] {dag.py:3820} INFO - Setting next_dagrun for tutorial_objectstorage to None, run_after=None
[2024-01-03T02:14:58.054+0000] {processor.py:183} INFO - Processing /home/airflow/.local/lib/python3.8/site-packages/airflow/example_dags/tutorial_objectstorage.py took 11.843 seconds
[2024-01-03T02:18:55.281+0000] {processor.py:161} INFO - Started process (PID=58) to work on /home/airflow/.local/lib/python3.8/site-packages/airflow/example_dags/tutorial_objectstorage.py
[2024-01-03T02:18:55.282+0000] {processor.py:830} INFO - Processing file /home/airflow/.local/lib/python3.8/site-packages/airflow/example_dags/tutorial_objectstorage.py for tasks to queue
[2024-01-03T02:18:55.285+0000] {logging_mixin.py:188} INFO - [2024-01-03T02:18:55.284+0000] {dagbag.py:538} INFO - Filling up the DagBag from /home/airflow/.local/lib/python3.8/site-packages/airflow/example_dags/tutorial_objectstorage.py
[2024-01-03T02:18:55.291+0000] {processor.py:840} INFO - DAG(s) 'tutorial_objectstorage' retrieved from /home/airflow/.local/lib/python3.8/site-packages/airflow/example_dags/tutorial_objectstorage.py
[2024-01-03T02:18:55.308+0000] {logging_mixin.py:188} INFO - [2024-01-03T02:18:55.308+0000] {dag.py:3033} INFO - Sync 1 DAGs
[2024-01-03T02:18:55.319+0000] {logging_mixin.py:188} INFO - [2024-01-03T02:18:55.319+0000] {dag.py:3820} INFO - Setting next_dagrun for tutorial_objectstorage to None, run_after=None
[2024-01-03T02:18:55.334+0000] {processor.py:183} INFO - Processing /home/airflow/.local/lib/python3.8/site-packages/airflow/example_dags/tutorial_objectstorage.py took 0.055 seconds
[2024-01-03T02:19:25.748+0000] {processor.py:161} INFO - Started process (PID=113) to work on /home/airflow/.local/lib/python3.8/site-packages/airflow/example_dags/tutorial_objectstorage.py
[2024-01-03T02:19:25.748+0000] {processor.py:830} INFO - Processing file /home/airflow/.local/lib/python3.8/site-packages/airflow/example_dags/tutorial_objectstorage.py for tasks to queue
[2024-01-03T02:19:25.750+0000] {logging_mixin.py:188} INFO - [2024-01-03T02:19:25.750+0000] {dagbag.py:538} INFO - Filling up the DagBag from /home/airflow/.local/lib/python3.8/site-packages/airflow/example_dags/tutorial_objectstorage.py
[2024-01-03T02:19:25.755+0000] {processor.py:840} INFO - DAG(s) 'tutorial_objectstorage' retrieved from /home/airflow/.local/lib/python3.8/site-packages/airflow/example_dags/tutorial_objectstorage.py
[2024-01-03T02:19:25.768+0000] {logging_mixin.py:188} INFO - [2024-01-03T02:19:25.768+0000] {dag.py:3033} INFO - Sync 1 DAGs
[2024-01-03T02:19:25.776+0000] {logging_mixin.py:188} INFO - [2024-01-03T02:19:25.776+0000] {dag.py:3820} INFO - Setting next_dagrun for tutorial_objectstorage to None, run_after=None
[2024-01-03T02:19:25.789+0000] {processor.py:183} INFO - Processing /home/airflow/.local/lib/python3.8/site-packages/airflow/example_dags/tutorial_objectstorage.py took 0.043 seconds
[2024-01-03T02:19:55.956+0000] {processor.py:161} INFO - Started process (PID=168) to work on /home/airflow/.local/lib/python3.8/site-packages/airflow/example_dags/tutorial_objectstorage.py
[2024-01-03T02:19:55.957+0000] {processor.py:830} INFO - Processing file /home/airflow/.local/lib/python3.8/site-packages/airflow/example_dags/tutorial_objectstorage.py for tasks to queue
[2024-01-03T02:19:55.958+0000] {logging_mixin.py:188} INFO - [2024-01-03T02:19:55.958+0000] {dagbag.py:538} INFO - Filling up the DagBag from /home/airflow/.local/lib/python3.8/site-packages/airflow/example_dags/tutorial_objectstorage.py
[2024-01-03T02:19:55.962+0000] {processor.py:840} INFO - DAG(s) 'tutorial_objectstorage' retrieved from /home/airflow/.local/lib/python3.8/site-packages/airflow/example_dags/tutorial_objectstorage.py
[2024-01-03T02:19:55.975+0000] {logging_mixin.py:188} INFO - [2024-01-03T02:19:55.975+0000] {dag.py:3033} INFO - Sync 1 DAGs
[2024-01-03T02:19:55.984+0000] {logging_mixin.py:188} INFO - [2024-01-03T02:19:55.984+0000] {dag.py:3820} INFO - Setting next_dagrun for tutorial_objectstorage to None, run_after=None
[2024-01-03T02:19:55.997+0000] {processor.py:183} INFO - Processing /home/airflow/.local/lib/python3.8/site-packages/airflow/example_dags/tutorial_objectstorage.py took 0.043 seconds
[2024-01-03T02:20:26.032+0000] {processor.py:161} INFO - Started process (PID=223) to work on /home/airflow/.local/lib/python3.8/site-packages/airflow/example_dags/tutorial_objectstorage.py
[2024-01-03T02:20:26.033+0000] {processor.py:830} INFO - Processing file /home/airflow/.local/lib/python3.8/site-packages/airflow/example_dags/tutorial_objectstorage.py for tasks to queue
[2024-01-03T02:20:26.034+0000] {logging_mixin.py:188} INFO - [2024-01-03T02:20:26.034+0000] {dagbag.py:538} INFO - Filling up the DagBag from /home/airflow/.local/lib/python3.8/site-packages/airflow/example_dags/tutorial_objectstorage.py
[2024-01-03T02:20:26.038+0000] {processor.py:840} INFO - DAG(s) 'tutorial_objectstorage' retrieved from /home/airflow/.local/lib/python3.8/site-packages/airflow/example_dags/tutorial_objectstorage.py
[2024-01-03T02:20:26.046+0000] {logging_mixin.py:188} INFO - [2024-01-03T02:20:26.046+0000] {dag.py:3033} INFO - Sync 1 DAGs
[2024-01-03T02:20:26.057+0000] {logging_mixin.py:188} INFO - [2024-01-03T02:20:26.057+0000] {dag.py:3820} INFO - Setting next_dagrun for tutorial_objectstorage to None, run_after=None
[2024-01-03T02:20:26.071+0000] {processor.py:183} INFO - Processing /home/airflow/.local/lib/python3.8/site-packages/airflow/example_dags/tutorial_objectstorage.py took 0.042 seconds
[2024-01-03T02:20:56.721+0000] {processor.py:161} INFO - Started process (PID=278) to work on /home/airflow/.local/lib/python3.8/site-packages/airflow/example_dags/tutorial_objectstorage.py
[2024-01-03T02:20:56.722+0000] {processor.py:830} INFO - Processing file /home/airflow/.local/lib/python3.8/site-packages/airflow/example_dags/tutorial_objectstorage.py for tasks to queue
[2024-01-03T02:20:56.724+0000] {logging_mixin.py:188} INFO - [2024-01-03T02:20:56.724+0000] {dagbag.py:538} INFO - Filling up the DagBag from /home/airflow/.local/lib/python3.8/site-packages/airflow/example_dags/tutorial_objectstorage.py
[2024-01-03T02:20:56.729+0000] {processor.py:840} INFO - DAG(s) 'tutorial_objectstorage' retrieved from /home/airflow/.local/lib/python3.8/site-packages/airflow/example_dags/tutorial_objectstorage.py
[2024-01-03T02:20:56.737+0000] {logging_mixin.py:188} INFO - [2024-01-03T02:20:56.737+0000] {dag.py:3033} INFO - Sync 1 DAGs
[2024-01-03T02:20:56.747+0000] {logging_mixin.py:188} INFO - [2024-01-03T02:20:56.746+0000] {dag.py:3820} INFO - Setting next_dagrun for tutorial_objectstorage to None, run_after=None
[2024-01-03T02:20:56.761+0000] {processor.py:183} INFO - Processing /home/airflow/.local/lib/python3.8/site-packages/airflow/example_dags/tutorial_objectstorage.py took 0.041 seconds
[2024-01-03T02:21:28.056+0000] {processor.py:161} INFO - Started process (PID=333) to work on /home/airflow/.local/lib/python3.8/site-packages/airflow/example_dags/tutorial_objectstorage.py
[2024-01-03T02:21:28.057+0000] {processor.py:830} INFO - Processing file /home/airflow/.local/lib/python3.8/site-packages/airflow/example_dags/tutorial_objectstorage.py for tasks to queue
[2024-01-03T02:21:28.059+0000] {logging_mixin.py:188} INFO - [2024-01-03T02:21:28.058+0000] {dagbag.py:538} INFO - Filling up the DagBag from /home/airflow/.local/lib/python3.8/site-packages/airflow/example_dags/tutorial_objectstorage.py
[2024-01-03T02:21:28.063+0000] {processor.py:840} INFO - DAG(s) 'tutorial_objectstorage' retrieved from /home/airflow/.local/lib/python3.8/site-packages/airflow/example_dags/tutorial_objectstorage.py
[2024-01-03T02:21:28.126+0000] {logging_mixin.py:188} INFO - [2024-01-03T02:21:28.126+0000] {dag.py:3033} INFO - Sync 1 DAGs
[2024-01-03T02:21:28.134+0000] {logging_mixin.py:188} INFO - [2024-01-03T02:21:28.134+0000] {dag.py:3820} INFO - Setting next_dagrun for tutorial_objectstorage to None, run_after=None
[2024-01-03T02:21:28.146+0000] {processor.py:183} INFO - Processing /home/airflow/.local/lib/python3.8/site-packages/airflow/example_dags/tutorial_objectstorage.py took 0.092 seconds
[2024-01-03T02:21:58.648+0000] {processor.py:161} INFO - Started process (PID=388) to work on /home/airflow/.local/lib/python3.8/site-packages/airflow/example_dags/tutorial_objectstorage.py
[2024-01-03T02:21:58.649+0000] {processor.py:830} INFO - Processing file /home/airflow/.local/lib/python3.8/site-packages/airflow/example_dags/tutorial_objectstorage.py for tasks to queue
[2024-01-03T02:21:58.651+0000] {logging_mixin.py:188} INFO - [2024-01-03T02:21:58.650+0000] {dagbag.py:538} INFO - Filling up the DagBag from /home/airflow/.local/lib/python3.8/site-packages/airflow/example_dags/tutorial_objectstorage.py
[2024-01-03T02:21:58.655+0000] {processor.py:840} INFO - DAG(s) 'tutorial_objectstorage' retrieved from /home/airflow/.local/lib/python3.8/site-packages/airflow/example_dags/tutorial_objectstorage.py
[2024-01-03T02:21:58.667+0000] {logging_mixin.py:188} INFO - [2024-01-03T02:21:58.667+0000] {dag.py:3033} INFO - Sync 1 DAGs
[2024-01-03T02:21:58.676+0000] {logging_mixin.py:188} INFO - [2024-01-03T02:21:58.676+0000] {dag.py:3820} INFO - Setting next_dagrun for tutorial_objectstorage to None, run_after=None
[2024-01-03T02:21:58.690+0000] {processor.py:183} INFO - Processing /home/airflow/.local/lib/python3.8/site-packages/airflow/example_dags/tutorial_objectstorage.py took 0.044 seconds
[2024-01-03T02:22:28.883+0000] {processor.py:161} INFO - Started process (PID=443) to work on /home/airflow/.local/lib/python3.8/site-packages/airflow/example_dags/tutorial_objectstorage.py
[2024-01-03T02:22:28.885+0000] {processor.py:830} INFO - Processing file /home/airflow/.local/lib/python3.8/site-packages/airflow/example_dags/tutorial_objectstorage.py for tasks to queue
[2024-01-03T02:22:28.887+0000] {logging_mixin.py:188} INFO - [2024-01-03T02:22:28.887+0000] {dagbag.py:538} INFO - Filling up the DagBag from /home/airflow/.local/lib/python3.8/site-packages/airflow/example_dags/tutorial_objectstorage.py
[2024-01-03T02:22:28.893+0000] {processor.py:840} INFO - DAG(s) 'tutorial_objectstorage' retrieved from /home/airflow/.local/lib/python3.8/site-packages/airflow/example_dags/tutorial_objectstorage.py
[2024-01-03T02:22:28.915+0000] {logging_mixin.py:188} INFO - [2024-01-03T02:22:28.915+0000] {dag.py:3033} INFO - Sync 1 DAGs
[2024-01-03T02:22:28.932+0000] {logging_mixin.py:188} INFO - [2024-01-03T02:22:28.932+0000] {dag.py:3820} INFO - Setting next_dagrun for tutorial_objectstorage to None, run_after=None
[2024-01-03T02:22:28.954+0000] {processor.py:183} INFO - Processing /home/airflow/.local/lib/python3.8/site-packages/airflow/example_dags/tutorial_objectstorage.py took 0.075 seconds
[2024-01-03T02:22:59.177+0000] {processor.py:161} INFO - Started process (PID=498) to work on /home/airflow/.local/lib/python3.8/site-packages/airflow/example_dags/tutorial_objectstorage.py
[2024-01-03T02:22:59.178+0000] {processor.py:830} INFO - Processing file /home/airflow/.local/lib/python3.8/site-packages/airflow/example_dags/tutorial_objectstorage.py for tasks to queue
[2024-01-03T02:22:59.181+0000] {logging_mixin.py:188} INFO - [2024-01-03T02:22:59.180+0000] {dagbag.py:538} INFO - Filling up the DagBag from /home/airflow/.local/lib/python3.8/site-packages/airflow/example_dags/tutorial_objectstorage.py
[2024-01-03T02:22:59.186+0000] {processor.py:840} INFO - DAG(s) 'tutorial_objectstorage' retrieved from /home/airflow/.local/lib/python3.8/site-packages/airflow/example_dags/tutorial_objectstorage.py
[2024-01-03T02:22:59.199+0000] {logging_mixin.py:188} INFO - [2024-01-03T02:22:59.199+0000] {dag.py:3033} INFO - Sync 1 DAGs
[2024-01-03T02:22:59.209+0000] {logging_mixin.py:188} INFO - [2024-01-03T02:22:59.209+0000] {dag.py:3820} INFO - Setting next_dagrun for tutorial_objectstorage to None, run_after=None
[2024-01-03T02:22:59.222+0000] {processor.py:183} INFO - Processing /home/airflow/.local/lib/python3.8/site-packages/airflow/example_dags/tutorial_objectstorage.py took 0.047 seconds
[2024-01-03T02:23:29.468+0000] {processor.py:161} INFO - Started process (PID=553) to work on /home/airflow/.local/lib/python3.8/site-packages/airflow/example_dags/tutorial_objectstorage.py
[2024-01-03T02:23:29.469+0000] {processor.py:830} INFO - Processing file /home/airflow/.local/lib/python3.8/site-packages/airflow/example_dags/tutorial_objectstorage.py for tasks to queue
[2024-01-03T02:23:29.471+0000] {logging_mixin.py:188} INFO - [2024-01-03T02:23:29.470+0000] {dagbag.py:538} INFO - Filling up the DagBag from /home/airflow/.local/lib/python3.8/site-packages/airflow/example_dags/tutorial_objectstorage.py
[2024-01-03T02:23:29.475+0000] {processor.py:840} INFO - DAG(s) 'tutorial_objectstorage' retrieved from /home/airflow/.local/lib/python3.8/site-packages/airflow/example_dags/tutorial_objectstorage.py
[2024-01-03T02:23:29.490+0000] {logging_mixin.py:188} INFO - [2024-01-03T02:23:29.489+0000] {dag.py:3033} INFO - Sync 1 DAGs
[2024-01-03T02:23:29.499+0000] {logging_mixin.py:188} INFO - [2024-01-03T02:23:29.499+0000] {dag.py:3820} INFO - Setting next_dagrun for tutorial_objectstorage to None, run_after=None
[2024-01-03T02:23:29.512+0000] {processor.py:183} INFO - Processing /home/airflow/.local/lib/python3.8/site-packages/airflow/example_dags/tutorial_objectstorage.py took 0.047 seconds
[2024-01-03T02:23:59.673+0000] {processor.py:161} INFO - Started process (PID=608) to work on /home/airflow/.local/lib/python3.8/site-packages/airflow/example_dags/tutorial_objectstorage.py
[2024-01-03T02:23:59.674+0000] {processor.py:830} INFO - Processing file /home/airflow/.local/lib/python3.8/site-packages/airflow/example_dags/tutorial_objectstorage.py for tasks to queue
[2024-01-03T02:23:59.676+0000] {logging_mixin.py:188} INFO - [2024-01-03T02:23:59.676+0000] {dagbag.py:538} INFO - Filling up the DagBag from /home/airflow/.local/lib/python3.8/site-packages/airflow/example_dags/tutorial_objectstorage.py
[2024-01-03T02:23:59.681+0000] {processor.py:840} INFO - DAG(s) 'tutorial_objectstorage' retrieved from /home/airflow/.local/lib/python3.8/site-packages/airflow/example_dags/tutorial_objectstorage.py
[2024-01-03T02:23:59.697+0000] {logging_mixin.py:188} INFO - [2024-01-03T02:23:59.697+0000] {dag.py:3033} INFO - Sync 1 DAGs
[2024-01-03T02:23:59.707+0000] {logging_mixin.py:188} INFO - [2024-01-03T02:23:59.707+0000] {dag.py:3820} INFO - Setting next_dagrun for tutorial_objectstorage to None, run_after=None
[2024-01-03T02:23:59.724+0000] {processor.py:183} INFO - Processing /home/airflow/.local/lib/python3.8/site-packages/airflow/example_dags/tutorial_objectstorage.py took 0.053 seconds
[2024-01-03T02:24:30.562+0000] {processor.py:161} INFO - Started process (PID=663) to work on /home/airflow/.local/lib/python3.8/site-packages/airflow/example_dags/tutorial_objectstorage.py
[2024-01-03T02:24:30.563+0000] {processor.py:830} INFO - Processing file /home/airflow/.local/lib/python3.8/site-packages/airflow/example_dags/tutorial_objectstorage.py for tasks to queue
[2024-01-03T02:24:30.564+0000] {logging_mixin.py:188} INFO - [2024-01-03T02:24:30.564+0000] {dagbag.py:538} INFO - Filling up the DagBag from /home/airflow/.local/lib/python3.8/site-packages/airflow/example_dags/tutorial_objectstorage.py
[2024-01-03T02:24:30.568+0000] {processor.py:840} INFO - DAG(s) 'tutorial_objectstorage' retrieved from /home/airflow/.local/lib/python3.8/site-packages/airflow/example_dags/tutorial_objectstorage.py
[2024-01-03T02:24:30.581+0000] {logging_mixin.py:188} INFO - [2024-01-03T02:24:30.580+0000] {dag.py:3033} INFO - Sync 1 DAGs
[2024-01-03T02:24:30.590+0000] {logging_mixin.py:188} INFO - [2024-01-03T02:24:30.590+0000] {dag.py:3820} INFO - Setting next_dagrun for tutorial_objectstorage to None, run_after=None
[2024-01-03T02:24:30.603+0000] {processor.py:183} INFO - Processing /home/airflow/.local/lib/python3.8/site-packages/airflow/example_dags/tutorial_objectstorage.py took 0.043 seconds
[2024-01-03T02:25:01.373+0000] {processor.py:161} INFO - Started process (PID=718) to work on /home/airflow/.local/lib/python3.8/site-packages/airflow/example_dags/tutorial_objectstorage.py
[2024-01-03T02:25:01.373+0000] {processor.py:830} INFO - Processing file /home/airflow/.local/lib/python3.8/site-packages/airflow/example_dags/tutorial_objectstorage.py for tasks to queue
[2024-01-03T02:25:01.374+0000] {logging_mixin.py:188} INFO - [2024-01-03T02:25:01.374+0000] {dagbag.py:538} INFO - Filling up the DagBag from /home/airflow/.local/lib/python3.8/site-packages/airflow/example_dags/tutorial_objectstorage.py
[2024-01-03T02:25:01.379+0000] {processor.py:840} INFO - DAG(s) 'tutorial_objectstorage' retrieved from /home/airflow/.local/lib/python3.8/site-packages/airflow/example_dags/tutorial_objectstorage.py
[2024-01-03T02:25:01.390+0000] {logging_mixin.py:188} INFO - [2024-01-03T02:25:01.390+0000] {dag.py:3033} INFO - Sync 1 DAGs
[2024-01-03T02:25:01.398+0000] {logging_mixin.py:188} INFO - [2024-01-03T02:25:01.398+0000] {dag.py:3820} INFO - Setting next_dagrun for tutorial_objectstorage to None, run_after=None
[2024-01-03T02:25:01.410+0000] {processor.py:183} INFO - Processing /home/airflow/.local/lib/python3.8/site-packages/airflow/example_dags/tutorial_objectstorage.py took 0.039 seconds
[2024-01-03T02:25:31.505+0000] {processor.py:161} INFO - Started process (PID=773) to work on /home/airflow/.local/lib/python3.8/site-packages/airflow/example_dags/tutorial_objectstorage.py
[2024-01-03T02:25:31.506+0000] {processor.py:830} INFO - Processing file /home/airflow/.local/lib/python3.8/site-packages/airflow/example_dags/tutorial_objectstorage.py for tasks to queue
[2024-01-03T02:25:31.507+0000] {logging_mixin.py:188} INFO - [2024-01-03T02:25:31.507+0000] {dagbag.py:538} INFO - Filling up the DagBag from /home/airflow/.local/lib/python3.8/site-packages/airflow/example_dags/tutorial_objectstorage.py
[2024-01-03T02:25:31.511+0000] {processor.py:840} INFO - DAG(s) 'tutorial_objectstorage' retrieved from /home/airflow/.local/lib/python3.8/site-packages/airflow/example_dags/tutorial_objectstorage.py
[2024-01-03T02:25:31.523+0000] {logging_mixin.py:188} INFO - [2024-01-03T02:25:31.523+0000] {dag.py:3033} INFO - Sync 1 DAGs
[2024-01-03T02:25:31.532+0000] {logging_mixin.py:188} INFO - [2024-01-03T02:25:31.532+0000] {dag.py:3820} INFO - Setting next_dagrun for tutorial_objectstorage to None, run_after=None
[2024-01-03T02:25:31.546+0000] {processor.py:183} INFO - Processing /home/airflow/.local/lib/python3.8/site-packages/airflow/example_dags/tutorial_objectstorage.py took 0.042 seconds
[2024-01-03T02:26:01.778+0000] {processor.py:161} INFO - Started process (PID=828) to work on /home/airflow/.local/lib/python3.8/site-packages/airflow/example_dags/tutorial_objectstorage.py
[2024-01-03T02:26:01.778+0000] {processor.py:830} INFO - Processing file /home/airflow/.local/lib/python3.8/site-packages/airflow/example_dags/tutorial_objectstorage.py for tasks to queue
[2024-01-03T02:26:01.780+0000] {logging_mixin.py:188} INFO - [2024-01-03T02:26:01.780+0000] {dagbag.py:538} INFO - Filling up the DagBag from /home/airflow/.local/lib/python3.8/site-packages/airflow/example_dags/tutorial_objectstorage.py
[2024-01-03T02:26:01.784+0000] {processor.py:840} INFO - DAG(s) 'tutorial_objectstorage' retrieved from /home/airflow/.local/lib/python3.8/site-packages/airflow/example_dags/tutorial_objectstorage.py
[2024-01-03T02:26:01.797+0000] {logging_mixin.py:188} INFO - [2024-01-03T02:26:01.797+0000] {dag.py:3033} INFO - Sync 1 DAGs
[2024-01-03T02:26:01.806+0000] {logging_mixin.py:188} INFO - [2024-01-03T02:26:01.806+0000] {dag.py:3820} INFO - Setting next_dagrun for tutorial_objectstorage to None, run_after=None
[2024-01-03T02:26:01.818+0000] {processor.py:183} INFO - Processing /home/airflow/.local/lib/python3.8/site-packages/airflow/example_dags/tutorial_objectstorage.py took 0.042 seconds
[2024-01-03T02:26:31.867+0000] {processor.py:161} INFO - Started process (PID=883) to work on /home/airflow/.local/lib/python3.8/site-packages/airflow/example_dags/tutorial_objectstorage.py
[2024-01-03T02:26:31.868+0000] {processor.py:830} INFO - Processing file /home/airflow/.local/lib/python3.8/site-packages/airflow/example_dags/tutorial_objectstorage.py for tasks to queue
[2024-01-03T02:26:31.869+0000] {logging_mixin.py:188} INFO - [2024-01-03T02:26:31.869+0000] {dagbag.py:538} INFO - Filling up the DagBag from /home/airflow/.local/lib/python3.8/site-packages/airflow/example_dags/tutorial_objectstorage.py
[2024-01-03T02:26:31.873+0000] {processor.py:840} INFO - DAG(s) 'tutorial_objectstorage' retrieved from /home/airflow/.local/lib/python3.8/site-packages/airflow/example_dags/tutorial_objectstorage.py
[2024-01-03T02:26:31.886+0000] {logging_mixin.py:188} INFO - [2024-01-03T02:26:31.885+0000] {dag.py:3033} INFO - Sync 1 DAGs
[2024-01-03T02:26:31.894+0000] {logging_mixin.py:188} INFO - [2024-01-03T02:26:31.894+0000] {dag.py:3820} INFO - Setting next_dagrun for tutorial_objectstorage to None, run_after=None
[2024-01-03T02:26:31.906+0000] {processor.py:183} INFO - Processing /home/airflow/.local/lib/python3.8/site-packages/airflow/example_dags/tutorial_objectstorage.py took 0.040 seconds
[2024-01-03T02:27:02.609+0000] {processor.py:161} INFO - Started process (PID=938) to work on /home/airflow/.local/lib/python3.8/site-packages/airflow/example_dags/tutorial_objectstorage.py
[2024-01-03T02:27:02.610+0000] {processor.py:830} INFO - Processing file /home/airflow/.local/lib/python3.8/site-packages/airflow/example_dags/tutorial_objectstorage.py for tasks to queue
[2024-01-03T02:27:02.612+0000] {logging_mixin.py:188} INFO - [2024-01-03T02:27:02.611+0000] {dagbag.py:538} INFO - Filling up the DagBag from /home/airflow/.local/lib/python3.8/site-packages/airflow/example_dags/tutorial_objectstorage.py
[2024-01-03T02:27:02.617+0000] {processor.py:840} INFO - DAG(s) 'tutorial_objectstorage' retrieved from /home/airflow/.local/lib/python3.8/site-packages/airflow/example_dags/tutorial_objectstorage.py
[2024-01-03T02:27:02.628+0000] {logging_mixin.py:188} INFO - [2024-01-03T02:27:02.628+0000] {dag.py:3033} INFO - Sync 1 DAGs
[2024-01-03T02:27:02.638+0000] {logging_mixin.py:188} INFO - [2024-01-03T02:27:02.638+0000] {dag.py:3820} INFO - Setting next_dagrun for tutorial_objectstorage to None, run_after=None
[2024-01-03T02:27:02.651+0000] {processor.py:183} INFO - Processing /home/airflow/.local/lib/python3.8/site-packages/airflow/example_dags/tutorial_objectstorage.py took 0.044 seconds
[2024-01-03T02:27:33.459+0000] {processor.py:161} INFO - Started process (PID=993) to work on /home/airflow/.local/lib/python3.8/site-packages/airflow/example_dags/tutorial_objectstorage.py
[2024-01-03T02:27:33.460+0000] {processor.py:830} INFO - Processing file /home/airflow/.local/lib/python3.8/site-packages/airflow/example_dags/tutorial_objectstorage.py for tasks to queue
[2024-01-03T02:27:33.461+0000] {logging_mixin.py:188} INFO - [2024-01-03T02:27:33.461+0000] {dagbag.py:538} INFO - Filling up the DagBag from /home/airflow/.local/lib/python3.8/site-packages/airflow/example_dags/tutorial_objectstorage.py
[2024-01-03T02:27:33.465+0000] {processor.py:840} INFO - DAG(s) 'tutorial_objectstorage' retrieved from /home/airflow/.local/lib/python3.8/site-packages/airflow/example_dags/tutorial_objectstorage.py
[2024-01-03T02:27:33.478+0000] {logging_mixin.py:188} INFO - [2024-01-03T02:27:33.478+0000] {dag.py:3033} INFO - Sync 1 DAGs
[2024-01-03T02:27:33.487+0000] {logging_mixin.py:188} INFO - [2024-01-03T02:27:33.487+0000] {dag.py:3820} INFO - Setting next_dagrun for tutorial_objectstorage to None, run_after=None
[2024-01-03T02:27:33.500+0000] {processor.py:183} INFO - Processing /home/airflow/.local/lib/python3.8/site-packages/airflow/example_dags/tutorial_objectstorage.py took 0.043 seconds
[2024-01-03T02:28:04.292+0000] {processor.py:161} INFO - Started process (PID=1048) to work on /home/airflow/.local/lib/python3.8/site-packages/airflow/example_dags/tutorial_objectstorage.py
[2024-01-03T02:28:04.293+0000] {processor.py:830} INFO - Processing file /home/airflow/.local/lib/python3.8/site-packages/airflow/example_dags/tutorial_objectstorage.py for tasks to queue
[2024-01-03T02:28:04.295+0000] {logging_mixin.py:188} INFO - [2024-01-03T02:28:04.294+0000] {dagbag.py:538} INFO - Filling up the DagBag from /home/airflow/.local/lib/python3.8/site-packages/airflow/example_dags/tutorial_objectstorage.py
[2024-01-03T02:28:04.299+0000] {processor.py:840} INFO - DAG(s) 'tutorial_objectstorage' retrieved from /home/airflow/.local/lib/python3.8/site-packages/airflow/example_dags/tutorial_objectstorage.py
[2024-01-03T02:28:04.311+0000] {logging_mixin.py:188} INFO - [2024-01-03T02:28:04.311+0000] {dag.py:3033} INFO - Sync 1 DAGs
[2024-01-03T02:28:04.320+0000] {logging_mixin.py:188} INFO - [2024-01-03T02:28:04.320+0000] {dag.py:3820} INFO - Setting next_dagrun for tutorial_objectstorage to None, run_after=None
[2024-01-03T02:28:04.333+0000] {processor.py:183} INFO - Processing /home/airflow/.local/lib/python3.8/site-packages/airflow/example_dags/tutorial_objectstorage.py took 0.042 seconds
[2024-01-03T02:28:35.089+0000] {processor.py:161} INFO - Started process (PID=1103) to work on /home/airflow/.local/lib/python3.8/site-packages/airflow/example_dags/tutorial_objectstorage.py
[2024-01-03T02:28:35.090+0000] {processor.py:830} INFO - Processing file /home/airflow/.local/lib/python3.8/site-packages/airflow/example_dags/tutorial_objectstorage.py for tasks to queue
[2024-01-03T02:28:35.091+0000] {logging_mixin.py:188} INFO - [2024-01-03T02:28:35.091+0000] {dagbag.py:538} INFO - Filling up the DagBag from /home/airflow/.local/lib/python3.8/site-packages/airflow/example_dags/tutorial_objectstorage.py
[2024-01-03T02:28:35.095+0000] {processor.py:840} INFO - DAG(s) 'tutorial_objectstorage' retrieved from /home/airflow/.local/lib/python3.8/site-packages/airflow/example_dags/tutorial_objectstorage.py
[2024-01-03T02:28:35.108+0000] {logging_mixin.py:188} INFO - [2024-01-03T02:28:35.108+0000] {dag.py:3033} INFO - Sync 1 DAGs
[2024-01-03T02:28:35.117+0000] {logging_mixin.py:188} INFO - [2024-01-03T02:28:35.117+0000] {dag.py:3820} INFO - Setting next_dagrun for tutorial_objectstorage to None, run_after=None
[2024-01-03T02:28:35.129+0000] {processor.py:183} INFO - Processing /home/airflow/.local/lib/python3.8/site-packages/airflow/example_dags/tutorial_objectstorage.py took 0.042 seconds
[2024-01-03T02:29:05.880+0000] {processor.py:161} INFO - Started process (PID=1158) to work on /home/airflow/.local/lib/python3.8/site-packages/airflow/example_dags/tutorial_objectstorage.py
[2024-01-03T02:29:05.880+0000] {processor.py:830} INFO - Processing file /home/airflow/.local/lib/python3.8/site-packages/airflow/example_dags/tutorial_objectstorage.py for tasks to queue
[2024-01-03T02:29:05.882+0000] {logging_mixin.py:188} INFO - [2024-01-03T02:29:05.882+0000] {dagbag.py:538} INFO - Filling up the DagBag from /home/airflow/.local/lib/python3.8/site-packages/airflow/example_dags/tutorial_objectstorage.py
[2024-01-03T02:29:05.886+0000] {processor.py:840} INFO - DAG(s) 'tutorial_objectstorage' retrieved from /home/airflow/.local/lib/python3.8/site-packages/airflow/example_dags/tutorial_objectstorage.py
[2024-01-03T02:29:05.898+0000] {logging_mixin.py:188} INFO - [2024-01-03T02:29:05.897+0000] {dag.py:3033} INFO - Sync 1 DAGs
[2024-01-03T02:29:05.906+0000] {logging_mixin.py:188} INFO - [2024-01-03T02:29:05.906+0000] {dag.py:3820} INFO - Setting next_dagrun for tutorial_objectstorage to None, run_after=None
[2024-01-03T02:29:05.918+0000] {processor.py:183} INFO - Processing /home/airflow/.local/lib/python3.8/site-packages/airflow/example_dags/tutorial_objectstorage.py took 0.040 seconds
[2024-01-03T02:29:36.672+0000] {processor.py:161} INFO - Started process (PID=1213) to work on /home/airflow/.local/lib/python3.8/site-packages/airflow/example_dags/tutorial_objectstorage.py
[2024-01-03T02:29:36.673+0000] {processor.py:830} INFO - Processing file /home/airflow/.local/lib/python3.8/site-packages/airflow/example_dags/tutorial_objectstorage.py for tasks to queue
[2024-01-03T02:29:36.674+0000] {logging_mixin.py:188} INFO - [2024-01-03T02:29:36.674+0000] {dagbag.py:538} INFO - Filling up the DagBag from /home/airflow/.local/lib/python3.8/site-packages/airflow/example_dags/tutorial_objectstorage.py
[2024-01-03T02:29:36.678+0000] {processor.py:840} INFO - DAG(s) 'tutorial_objectstorage' retrieved from /home/airflow/.local/lib/python3.8/site-packages/airflow/example_dags/tutorial_objectstorage.py
[2024-01-03T02:29:36.691+0000] {logging_mixin.py:188} INFO - [2024-01-03T02:29:36.691+0000] {dag.py:3033} INFO - Sync 1 DAGs
[2024-01-03T02:29:36.700+0000] {logging_mixin.py:188} INFO - [2024-01-03T02:29:36.700+0000] {dag.py:3820} INFO - Setting next_dagrun for tutorial_objectstorage to None, run_after=None
[2024-01-03T02:29:36.712+0000] {processor.py:183} INFO - Processing /home/airflow/.local/lib/python3.8/site-packages/airflow/example_dags/tutorial_objectstorage.py took 0.042 seconds
[2024-01-03T02:30:07.753+0000] {processor.py:161} INFO - Started process (PID=1268) to work on /home/airflow/.local/lib/python3.8/site-packages/airflow/example_dags/tutorial_objectstorage.py
[2024-01-03T02:30:07.754+0000] {processor.py:830} INFO - Processing file /home/airflow/.local/lib/python3.8/site-packages/airflow/example_dags/tutorial_objectstorage.py for tasks to queue
[2024-01-03T02:30:07.755+0000] {logging_mixin.py:188} INFO - [2024-01-03T02:30:07.755+0000] {dagbag.py:538} INFO - Filling up the DagBag from /home/airflow/.local/lib/python3.8/site-packages/airflow/example_dags/tutorial_objectstorage.py
[2024-01-03T02:30:07.759+0000] {processor.py:840} INFO - DAG(s) 'tutorial_objectstorage' retrieved from /home/airflow/.local/lib/python3.8/site-packages/airflow/example_dags/tutorial_objectstorage.py
[2024-01-03T02:30:07.771+0000] {logging_mixin.py:188} INFO - [2024-01-03T02:30:07.771+0000] {dag.py:3033} INFO - Sync 1 DAGs
[2024-01-03T02:30:07.780+0000] {logging_mixin.py:188} INFO - [2024-01-03T02:30:07.780+0000] {dag.py:3820} INFO - Setting next_dagrun for tutorial_objectstorage to None, run_after=None
[2024-01-03T02:30:07.793+0000] {processor.py:183} INFO - Processing /home/airflow/.local/lib/python3.8/site-packages/airflow/example_dags/tutorial_objectstorage.py took 0.042 seconds
[2024-01-03T02:30:38.764+0000] {processor.py:161} INFO - Started process (PID=1323) to work on /home/airflow/.local/lib/python3.8/site-packages/airflow/example_dags/tutorial_objectstorage.py
[2024-01-03T02:30:38.765+0000] {processor.py:830} INFO - Processing file /home/airflow/.local/lib/python3.8/site-packages/airflow/example_dags/tutorial_objectstorage.py for tasks to queue
[2024-01-03T02:30:38.766+0000] {logging_mixin.py:188} INFO - [2024-01-03T02:30:38.766+0000] {dagbag.py:538} INFO - Filling up the DagBag from /home/airflow/.local/lib/python3.8/site-packages/airflow/example_dags/tutorial_objectstorage.py
[2024-01-03T02:30:38.770+0000] {processor.py:840} INFO - DAG(s) 'tutorial_objectstorage' retrieved from /home/airflow/.local/lib/python3.8/site-packages/airflow/example_dags/tutorial_objectstorage.py
[2024-01-03T02:30:38.783+0000] {logging_mixin.py:188} INFO - [2024-01-03T02:30:38.783+0000] {dag.py:3033} INFO - Sync 1 DAGs
[2024-01-03T02:30:38.792+0000] {logging_mixin.py:188} INFO - [2024-01-03T02:30:38.792+0000] {dag.py:3820} INFO - Setting next_dagrun for tutorial_objectstorage to None, run_after=None
[2024-01-03T02:30:38.805+0000] {processor.py:183} INFO - Processing /home/airflow/.local/lib/python3.8/site-packages/airflow/example_dags/tutorial_objectstorage.py took 0.043 seconds
[2024-01-03T02:31:09.085+0000] {processor.py:161} INFO - Started process (PID=1378) to work on /home/airflow/.local/lib/python3.8/site-packages/airflow/example_dags/tutorial_objectstorage.py
[2024-01-03T02:31:09.086+0000] {processor.py:830} INFO - Processing file /home/airflow/.local/lib/python3.8/site-packages/airflow/example_dags/tutorial_objectstorage.py for tasks to queue
[2024-01-03T02:31:09.088+0000] {logging_mixin.py:188} INFO - [2024-01-03T02:31:09.088+0000] {dagbag.py:538} INFO - Filling up the DagBag from /home/airflow/.local/lib/python3.8/site-packages/airflow/example_dags/tutorial_objectstorage.py
[2024-01-03T02:31:09.092+0000] {processor.py:840} INFO - DAG(s) 'tutorial_objectstorage' retrieved from /home/airflow/.local/lib/python3.8/site-packages/airflow/example_dags/tutorial_objectstorage.py
[2024-01-03T02:31:09.106+0000] {logging_mixin.py:188} INFO - [2024-01-03T02:31:09.106+0000] {dag.py:3033} INFO - Sync 1 DAGs
[2024-01-03T02:31:09.116+0000] {logging_mixin.py:188} INFO - [2024-01-03T02:31:09.116+0000] {dag.py:3820} INFO - Setting next_dagrun for tutorial_objectstorage to None, run_after=None
[2024-01-03T02:31:09.129+0000] {processor.py:183} INFO - Processing /home/airflow/.local/lib/python3.8/site-packages/airflow/example_dags/tutorial_objectstorage.py took 0.046 seconds
[2024-01-03T02:31:39.320+0000] {processor.py:161} INFO - Started process (PID=1433) to work on /home/airflow/.local/lib/python3.8/site-packages/airflow/example_dags/tutorial_objectstorage.py
[2024-01-03T02:31:39.321+0000] {processor.py:830} INFO - Processing file /home/airflow/.local/lib/python3.8/site-packages/airflow/example_dags/tutorial_objectstorage.py for tasks to queue
[2024-01-03T02:31:39.322+0000] {logging_mixin.py:188} INFO - [2024-01-03T02:31:39.322+0000] {dagbag.py:538} INFO - Filling up the DagBag from /home/airflow/.local/lib/python3.8/site-packages/airflow/example_dags/tutorial_objectstorage.py
[2024-01-03T02:31:39.327+0000] {processor.py:840} INFO - DAG(s) 'tutorial_objectstorage' retrieved from /home/airflow/.local/lib/python3.8/site-packages/airflow/example_dags/tutorial_objectstorage.py
[2024-01-03T02:31:39.339+0000] {logging_mixin.py:188} INFO - [2024-01-03T02:31:39.339+0000] {dag.py:3033} INFO - Sync 1 DAGs
[2024-01-03T02:31:39.348+0000] {logging_mixin.py:188} INFO - [2024-01-03T02:31:39.348+0000] {dag.py:3820} INFO - Setting next_dagrun for tutorial_objectstorage to None, run_after=None
[2024-01-03T02:31:39.361+0000] {processor.py:183} INFO - Processing /home/airflow/.local/lib/python3.8/site-packages/airflow/example_dags/tutorial_objectstorage.py took 0.042 seconds
[2024-01-03T02:32:09.456+0000] {processor.py:161} INFO - Started process (PID=1488) to work on /home/airflow/.local/lib/python3.8/site-packages/airflow/example_dags/tutorial_objectstorage.py
[2024-01-03T02:32:09.457+0000] {processor.py:830} INFO - Processing file /home/airflow/.local/lib/python3.8/site-packages/airflow/example_dags/tutorial_objectstorage.py for tasks to queue
[2024-01-03T02:32:09.458+0000] {logging_mixin.py:188} INFO - [2024-01-03T02:32:09.458+0000] {dagbag.py:538} INFO - Filling up the DagBag from /home/airflow/.local/lib/python3.8/site-packages/airflow/example_dags/tutorial_objectstorage.py
[2024-01-03T02:32:09.462+0000] {processor.py:840} INFO - DAG(s) 'tutorial_objectstorage' retrieved from /home/airflow/.local/lib/python3.8/site-packages/airflow/example_dags/tutorial_objectstorage.py
[2024-01-03T02:32:09.476+0000] {logging_mixin.py:188} INFO - [2024-01-03T02:32:09.476+0000] {dag.py:3033} INFO - Sync 1 DAGs
[2024-01-03T02:32:09.485+0000] {logging_mixin.py:188} INFO - [2024-01-03T02:32:09.485+0000] {dag.py:3820} INFO - Setting next_dagrun for tutorial_objectstorage to None, run_after=None
[2024-01-03T02:32:09.500+0000] {processor.py:183} INFO - Processing /home/airflow/.local/lib/python3.8/site-packages/airflow/example_dags/tutorial_objectstorage.py took 0.046 seconds
[2024-01-03T02:32:39.564+0000] {processor.py:161} INFO - Started process (PID=1543) to work on /home/airflow/.local/lib/python3.8/site-packages/airflow/example_dags/tutorial_objectstorage.py
[2024-01-03T02:32:39.565+0000] {processor.py:830} INFO - Processing file /home/airflow/.local/lib/python3.8/site-packages/airflow/example_dags/tutorial_objectstorage.py for tasks to queue
[2024-01-03T02:32:39.567+0000] {logging_mixin.py:188} INFO - [2024-01-03T02:32:39.566+0000] {dagbag.py:538} INFO - Filling up the DagBag from /home/airflow/.local/lib/python3.8/site-packages/airflow/example_dags/tutorial_objectstorage.py
[2024-01-03T02:32:39.571+0000] {processor.py:840} INFO - DAG(s) 'tutorial_objectstorage' retrieved from /home/airflow/.local/lib/python3.8/site-packages/airflow/example_dags/tutorial_objectstorage.py
[2024-01-03T02:32:39.583+0000] {logging_mixin.py:188} INFO - [2024-01-03T02:32:39.583+0000] {dag.py:3033} INFO - Sync 1 DAGs
[2024-01-03T02:32:39.592+0000] {logging_mixin.py:188} INFO - [2024-01-03T02:32:39.592+0000] {dag.py:3820} INFO - Setting next_dagrun for tutorial_objectstorage to None, run_after=None
[2024-01-03T02:32:39.604+0000] {processor.py:183} INFO - Processing /home/airflow/.local/lib/python3.8/site-packages/airflow/example_dags/tutorial_objectstorage.py took 0.042 seconds
[2024-01-03T02:33:09.663+0000] {processor.py:161} INFO - Started process (PID=1598) to work on /home/airflow/.local/lib/python3.8/site-packages/airflow/example_dags/tutorial_objectstorage.py
[2024-01-03T02:33:09.663+0000] {processor.py:830} INFO - Processing file /home/airflow/.local/lib/python3.8/site-packages/airflow/example_dags/tutorial_objectstorage.py for tasks to queue
[2024-01-03T02:33:09.665+0000] {logging_mixin.py:188} INFO - [2024-01-03T02:33:09.665+0000] {dagbag.py:538} INFO - Filling up the DagBag from /home/airflow/.local/lib/python3.8/site-packages/airflow/example_dags/tutorial_objectstorage.py
[2024-01-03T02:33:09.669+0000] {processor.py:840} INFO - DAG(s) 'tutorial_objectstorage' retrieved from /home/airflow/.local/lib/python3.8/site-packages/airflow/example_dags/tutorial_objectstorage.py
[2024-01-03T02:33:09.682+0000] {logging_mixin.py:188} INFO - [2024-01-03T02:33:09.682+0000] {dag.py:3033} INFO - Sync 1 DAGs
[2024-01-03T02:33:09.696+0000] {logging_mixin.py:188} INFO - [2024-01-03T02:33:09.695+0000] {dag.py:3820} INFO - Setting next_dagrun for tutorial_objectstorage to None, run_after=None
[2024-01-03T02:33:09.712+0000] {processor.py:183} INFO - Processing /home/airflow/.local/lib/python3.8/site-packages/airflow/example_dags/tutorial_objectstorage.py took 0.051 seconds
[2024-01-03T02:33:39.744+0000] {processor.py:161} INFO - Started process (PID=1653) to work on /home/airflow/.local/lib/python3.8/site-packages/airflow/example_dags/tutorial_objectstorage.py
[2024-01-03T02:33:39.745+0000] {processor.py:830} INFO - Processing file /home/airflow/.local/lib/python3.8/site-packages/airflow/example_dags/tutorial_objectstorage.py for tasks to queue
[2024-01-03T02:33:39.746+0000] {logging_mixin.py:188} INFO - [2024-01-03T02:33:39.746+0000] {dagbag.py:538} INFO - Filling up the DagBag from /home/airflow/.local/lib/python3.8/site-packages/airflow/example_dags/tutorial_objectstorage.py
[2024-01-03T02:33:39.750+0000] {processor.py:840} INFO - DAG(s) 'tutorial_objectstorage' retrieved from /home/airflow/.local/lib/python3.8/site-packages/airflow/example_dags/tutorial_objectstorage.py
[2024-01-03T02:33:39.762+0000] {logging_mixin.py:188} INFO - [2024-01-03T02:33:39.762+0000] {dag.py:3033} INFO - Sync 1 DAGs
[2024-01-03T02:33:39.771+0000] {logging_mixin.py:188} INFO - [2024-01-03T02:33:39.771+0000] {dag.py:3820} INFO - Setting next_dagrun for tutorial_objectstorage to None, run_after=None
[2024-01-03T02:33:39.784+0000] {processor.py:183} INFO - Processing /home/airflow/.local/lib/python3.8/site-packages/airflow/example_dags/tutorial_objectstorage.py took 0.041 seconds
[2024-01-03T02:34:09.811+0000] {processor.py:161} INFO - Started process (PID=1708) to work on /home/airflow/.local/lib/python3.8/site-packages/airflow/example_dags/tutorial_objectstorage.py
[2024-01-03T02:34:09.812+0000] {processor.py:830} INFO - Processing file /home/airflow/.local/lib/python3.8/site-packages/airflow/example_dags/tutorial_objectstorage.py for tasks to queue
[2024-01-03T02:34:09.813+0000] {logging_mixin.py:188} INFO - [2024-01-03T02:34:09.813+0000] {dagbag.py:538} INFO - Filling up the DagBag from /home/airflow/.local/lib/python3.8/site-packages/airflow/example_dags/tutorial_objectstorage.py
[2024-01-03T02:34:09.817+0000] {processor.py:840} INFO - DAG(s) 'tutorial_objectstorage' retrieved from /home/airflow/.local/lib/python3.8/site-packages/airflow/example_dags/tutorial_objectstorage.py
[2024-01-03T02:34:09.830+0000] {logging_mixin.py:188} INFO - [2024-01-03T02:34:09.830+0000] {dag.py:3033} INFO - Sync 1 DAGs
[2024-01-03T02:34:09.838+0000] {logging_mixin.py:188} INFO - [2024-01-03T02:34:09.838+0000] {dag.py:3820} INFO - Setting next_dagrun for tutorial_objectstorage to None, run_after=None
[2024-01-03T02:34:09.849+0000] {processor.py:183} INFO - Processing /home/airflow/.local/lib/python3.8/site-packages/airflow/example_dags/tutorial_objectstorage.py took 0.040 seconds
[2024-01-03T02:34:40.494+0000] {processor.py:161} INFO - Started process (PID=1764) to work on /home/airflow/.local/lib/python3.8/site-packages/airflow/example_dags/tutorial_objectstorage.py
[2024-01-03T02:34:40.494+0000] {processor.py:830} INFO - Processing file /home/airflow/.local/lib/python3.8/site-packages/airflow/example_dags/tutorial_objectstorage.py for tasks to queue
[2024-01-03T02:34:40.496+0000] {logging_mixin.py:188} INFO - [2024-01-03T02:34:40.496+0000] {dagbag.py:538} INFO - Filling up the DagBag from /home/airflow/.local/lib/python3.8/site-packages/airflow/example_dags/tutorial_objectstorage.py
[2024-01-03T02:34:40.500+0000] {processor.py:840} INFO - DAG(s) 'tutorial_objectstorage' retrieved from /home/airflow/.local/lib/python3.8/site-packages/airflow/example_dags/tutorial_objectstorage.py
[2024-01-03T02:34:40.514+0000] {logging_mixin.py:188} INFO - [2024-01-03T02:34:40.514+0000] {dag.py:3033} INFO - Sync 1 DAGs
[2024-01-03T02:34:40.524+0000] {logging_mixin.py:188} INFO - [2024-01-03T02:34:40.524+0000] {dag.py:3820} INFO - Setting next_dagrun for tutorial_objectstorage to None, run_after=None
[2024-01-03T02:34:40.538+0000] {processor.py:183} INFO - Processing /home/airflow/.local/lib/python3.8/site-packages/airflow/example_dags/tutorial_objectstorage.py took 0.047 seconds
[2024-01-03T02:35:11.334+0000] {processor.py:161} INFO - Started process (PID=1819) to work on /home/airflow/.local/lib/python3.8/site-packages/airflow/example_dags/tutorial_objectstorage.py
[2024-01-03T02:35:11.335+0000] {processor.py:830} INFO - Processing file /home/airflow/.local/lib/python3.8/site-packages/airflow/example_dags/tutorial_objectstorage.py for tasks to queue
[2024-01-03T02:35:11.336+0000] {logging_mixin.py:188} INFO - [2024-01-03T02:35:11.336+0000] {dagbag.py:538} INFO - Filling up the DagBag from /home/airflow/.local/lib/python3.8/site-packages/airflow/example_dags/tutorial_objectstorage.py
[2024-01-03T02:35:11.340+0000] {processor.py:840} INFO - DAG(s) 'tutorial_objectstorage' retrieved from /home/airflow/.local/lib/python3.8/site-packages/airflow/example_dags/tutorial_objectstorage.py
[2024-01-03T02:35:11.353+0000] {logging_mixin.py:188} INFO - [2024-01-03T02:35:11.353+0000] {dag.py:3033} INFO - Sync 1 DAGs
[2024-01-03T02:35:11.362+0000] {logging_mixin.py:188} INFO - [2024-01-03T02:35:11.361+0000] {dag.py:3820} INFO - Setting next_dagrun for tutorial_objectstorage to None, run_after=None
[2024-01-03T02:35:11.374+0000] {processor.py:183} INFO - Processing /home/airflow/.local/lib/python3.8/site-packages/airflow/example_dags/tutorial_objectstorage.py took 0.042 seconds
[2024-01-03T02:35:42.220+0000] {processor.py:161} INFO - Started process (PID=1874) to work on /home/airflow/.local/lib/python3.8/site-packages/airflow/example_dags/tutorial_objectstorage.py
[2024-01-03T02:35:42.221+0000] {processor.py:830} INFO - Processing file /home/airflow/.local/lib/python3.8/site-packages/airflow/example_dags/tutorial_objectstorage.py for tasks to queue
[2024-01-03T02:35:42.223+0000] {logging_mixin.py:188} INFO - [2024-01-03T02:35:42.222+0000] {dagbag.py:538} INFO - Filling up the DagBag from /home/airflow/.local/lib/python3.8/site-packages/airflow/example_dags/tutorial_objectstorage.py
[2024-01-03T02:35:42.227+0000] {processor.py:840} INFO - DAG(s) 'tutorial_objectstorage' retrieved from /home/airflow/.local/lib/python3.8/site-packages/airflow/example_dags/tutorial_objectstorage.py
[2024-01-03T02:35:42.242+0000] {logging_mixin.py:188} INFO - [2024-01-03T02:35:42.241+0000] {dag.py:3033} INFO - Sync 1 DAGs
[2024-01-03T02:35:42.250+0000] {logging_mixin.py:188} INFO - [2024-01-03T02:35:42.250+0000] {dag.py:3820} INFO - Setting next_dagrun for tutorial_objectstorage to None, run_after=None
[2024-01-03T02:35:42.262+0000] {processor.py:183} INFO - Processing /home/airflow/.local/lib/python3.8/site-packages/airflow/example_dags/tutorial_objectstorage.py took 0.044 seconds
[2024-01-03T02:36:13.023+0000] {processor.py:161} INFO - Started process (PID=1929) to work on /home/airflow/.local/lib/python3.8/site-packages/airflow/example_dags/tutorial_objectstorage.py
[2024-01-03T02:36:13.024+0000] {processor.py:830} INFO - Processing file /home/airflow/.local/lib/python3.8/site-packages/airflow/example_dags/tutorial_objectstorage.py for tasks to queue
[2024-01-03T02:36:13.025+0000] {logging_mixin.py:188} INFO - [2024-01-03T02:36:13.025+0000] {dagbag.py:538} INFO - Filling up the DagBag from /home/airflow/.local/lib/python3.8/site-packages/airflow/example_dags/tutorial_objectstorage.py
[2024-01-03T02:36:13.029+0000] {processor.py:840} INFO - DAG(s) 'tutorial_objectstorage' retrieved from /home/airflow/.local/lib/python3.8/site-packages/airflow/example_dags/tutorial_objectstorage.py
[2024-01-03T02:36:13.042+0000] {logging_mixin.py:188} INFO - [2024-01-03T02:36:13.041+0000] {dag.py:3033} INFO - Sync 1 DAGs
[2024-01-03T02:36:13.052+0000] {logging_mixin.py:188} INFO - [2024-01-03T02:36:13.052+0000] {dag.py:3820} INFO - Setting next_dagrun for tutorial_objectstorage to None, run_after=None
[2024-01-03T02:36:13.065+0000] {processor.py:183} INFO - Processing /home/airflow/.local/lib/python3.8/site-packages/airflow/example_dags/tutorial_objectstorage.py took 0.044 seconds
[2024-01-03T02:36:43.187+0000] {processor.py:161} INFO - Started process (PID=1984) to work on /home/airflow/.local/lib/python3.8/site-packages/airflow/example_dags/tutorial_objectstorage.py
[2024-01-03T02:36:43.188+0000] {processor.py:830} INFO - Processing file /home/airflow/.local/lib/python3.8/site-packages/airflow/example_dags/tutorial_objectstorage.py for tasks to queue
[2024-01-03T02:36:43.189+0000] {logging_mixin.py:188} INFO - [2024-01-03T02:36:43.189+0000] {dagbag.py:538} INFO - Filling up the DagBag from /home/airflow/.local/lib/python3.8/site-packages/airflow/example_dags/tutorial_objectstorage.py
[2024-01-03T02:36:43.194+0000] {processor.py:840} INFO - DAG(s) 'tutorial_objectstorage' retrieved from /home/airflow/.local/lib/python3.8/site-packages/airflow/example_dags/tutorial_objectstorage.py
[2024-01-03T02:36:43.207+0000] {logging_mixin.py:188} INFO - [2024-01-03T02:36:43.206+0000] {dag.py:3033} INFO - Sync 1 DAGs
[2024-01-03T02:36:43.217+0000] {logging_mixin.py:188} INFO - [2024-01-03T02:36:43.216+0000] {dag.py:3820} INFO - Setting next_dagrun for tutorial_objectstorage to None, run_after=None
[2024-01-03T02:36:43.229+0000] {processor.py:183} INFO - Processing /home/airflow/.local/lib/python3.8/site-packages/airflow/example_dags/tutorial_objectstorage.py took 0.044 seconds
[2024-01-03T02:41:32.425+0000] {processor.py:161} INFO - Started process (PID=2045) to work on /home/airflow/.local/lib/python3.8/site-packages/airflow/example_dags/tutorial_objectstorage.py
[2024-01-03T02:41:32.426+0000] {processor.py:830} INFO - Processing file /home/airflow/.local/lib/python3.8/site-packages/airflow/example_dags/tutorial_objectstorage.py for tasks to queue
[2024-01-03T02:41:32.429+0000] {logging_mixin.py:188} INFO - [2024-01-03T02:41:32.428+0000] {dagbag.py:538} INFO - Filling up the DagBag from /home/airflow/.local/lib/python3.8/site-packages/airflow/example_dags/tutorial_objectstorage.py
[2024-01-03T02:41:32.434+0000] {processor.py:840} INFO - DAG(s) 'tutorial_objectstorage' retrieved from /home/airflow/.local/lib/python3.8/site-packages/airflow/example_dags/tutorial_objectstorage.py
[2024-01-03T02:41:32.452+0000] {logging_mixin.py:188} INFO - [2024-01-03T02:41:32.452+0000] {dag.py:3033} INFO - Sync 1 DAGs
[2024-01-03T02:41:32.466+0000] {logging_mixin.py:188} INFO - [2024-01-03T02:41:32.465+0000] {dag.py:3820} INFO - Setting next_dagrun for tutorial_objectstorage to None, run_after=None
[2024-01-03T02:41:32.482+0000] {processor.py:183} INFO - Processing /home/airflow/.local/lib/python3.8/site-packages/airflow/example_dags/tutorial_objectstorage.py took 0.060 seconds
[2024-01-03T02:42:03.125+0000] {processor.py:161} INFO - Started process (PID=2100) to work on /home/airflow/.local/lib/python3.8/site-packages/airflow/example_dags/tutorial_objectstorage.py
[2024-01-03T02:42:03.126+0000] {processor.py:830} INFO - Processing file /home/airflow/.local/lib/python3.8/site-packages/airflow/example_dags/tutorial_objectstorage.py for tasks to queue
[2024-01-03T02:42:03.127+0000] {logging_mixin.py:188} INFO - [2024-01-03T02:42:03.127+0000] {dagbag.py:538} INFO - Filling up the DagBag from /home/airflow/.local/lib/python3.8/site-packages/airflow/example_dags/tutorial_objectstorage.py
[2024-01-03T02:42:03.131+0000] {processor.py:840} INFO - DAG(s) 'tutorial_objectstorage' retrieved from /home/airflow/.local/lib/python3.8/site-packages/airflow/example_dags/tutorial_objectstorage.py
[2024-01-03T02:42:03.145+0000] {logging_mixin.py:188} INFO - [2024-01-03T02:42:03.144+0000] {dag.py:3033} INFO - Sync 1 DAGs
[2024-01-03T02:42:03.154+0000] {logging_mixin.py:188} INFO - [2024-01-03T02:42:03.154+0000] {dag.py:3820} INFO - Setting next_dagrun for tutorial_objectstorage to None, run_after=None
[2024-01-03T02:42:03.167+0000] {processor.py:183} INFO - Processing /home/airflow/.local/lib/python3.8/site-packages/airflow/example_dags/tutorial_objectstorage.py took 0.044 seconds
[2024-01-03T02:42:33.444+0000] {processor.py:161} INFO - Started process (PID=2155) to work on /home/airflow/.local/lib/python3.8/site-packages/airflow/example_dags/tutorial_objectstorage.py
[2024-01-03T02:42:33.445+0000] {processor.py:830} INFO - Processing file /home/airflow/.local/lib/python3.8/site-packages/airflow/example_dags/tutorial_objectstorage.py for tasks to queue
[2024-01-03T02:42:33.447+0000] {logging_mixin.py:188} INFO - [2024-01-03T02:42:33.447+0000] {dagbag.py:538} INFO - Filling up the DagBag from /home/airflow/.local/lib/python3.8/site-packages/airflow/example_dags/tutorial_objectstorage.py
[2024-01-03T02:42:33.452+0000] {processor.py:840} INFO - DAG(s) 'tutorial_objectstorage' retrieved from /home/airflow/.local/lib/python3.8/site-packages/airflow/example_dags/tutorial_objectstorage.py
[2024-01-03T02:42:33.465+0000] {logging_mixin.py:188} INFO - [2024-01-03T02:42:33.465+0000] {dag.py:3033} INFO - Sync 1 DAGs
[2024-01-03T02:42:33.475+0000] {logging_mixin.py:188} INFO - [2024-01-03T02:42:33.475+0000] {dag.py:3820} INFO - Setting next_dagrun for tutorial_objectstorage to None, run_after=None
[2024-01-03T02:42:33.489+0000] {processor.py:183} INFO - Processing /home/airflow/.local/lib/python3.8/site-packages/airflow/example_dags/tutorial_objectstorage.py took 0.047 seconds
[2024-01-03T02:43:03.703+0000] {processor.py:161} INFO - Started process (PID=2210) to work on /home/airflow/.local/lib/python3.8/site-packages/airflow/example_dags/tutorial_objectstorage.py
[2024-01-03T02:43:03.704+0000] {processor.py:830} INFO - Processing file /home/airflow/.local/lib/python3.8/site-packages/airflow/example_dags/tutorial_objectstorage.py for tasks to queue
[2024-01-03T02:43:03.705+0000] {logging_mixin.py:188} INFO - [2024-01-03T02:43:03.705+0000] {dagbag.py:538} INFO - Filling up the DagBag from /home/airflow/.local/lib/python3.8/site-packages/airflow/example_dags/tutorial_objectstorage.py
[2024-01-03T02:43:03.710+0000] {processor.py:840} INFO - DAG(s) 'tutorial_objectstorage' retrieved from /home/airflow/.local/lib/python3.8/site-packages/airflow/example_dags/tutorial_objectstorage.py
[2024-01-03T02:43:03.724+0000] {logging_mixin.py:188} INFO - [2024-01-03T02:43:03.724+0000] {dag.py:3033} INFO - Sync 1 DAGs
[2024-01-03T02:43:03.734+0000] {logging_mixin.py:188} INFO - [2024-01-03T02:43:03.734+0000] {dag.py:3820} INFO - Setting next_dagrun for tutorial_objectstorage to None, run_after=None
[2024-01-03T02:43:03.749+0000] {processor.py:183} INFO - Processing /home/airflow/.local/lib/python3.8/site-packages/airflow/example_dags/tutorial_objectstorage.py took 0.048 seconds
[2024-01-03T02:43:34.827+0000] {processor.py:161} INFO - Started process (PID=2265) to work on /home/airflow/.local/lib/python3.8/site-packages/airflow/example_dags/tutorial_objectstorage.py
[2024-01-03T02:43:34.828+0000] {processor.py:830} INFO - Processing file /home/airflow/.local/lib/python3.8/site-packages/airflow/example_dags/tutorial_objectstorage.py for tasks to queue
[2024-01-03T02:43:34.829+0000] {logging_mixin.py:188} INFO - [2024-01-03T02:43:34.829+0000] {dagbag.py:538} INFO - Filling up the DagBag from /home/airflow/.local/lib/python3.8/site-packages/airflow/example_dags/tutorial_objectstorage.py
[2024-01-03T02:43:34.833+0000] {processor.py:840} INFO - DAG(s) 'tutorial_objectstorage' retrieved from /home/airflow/.local/lib/python3.8/site-packages/airflow/example_dags/tutorial_objectstorage.py
[2024-01-03T02:43:34.846+0000] {logging_mixin.py:188} INFO - [2024-01-03T02:43:34.846+0000] {dag.py:3033} INFO - Sync 1 DAGs
[2024-01-03T02:43:34.855+0000] {logging_mixin.py:188} INFO - [2024-01-03T02:43:34.855+0000] {dag.py:3820} INFO - Setting next_dagrun for tutorial_objectstorage to None, run_after=None
[2024-01-03T02:43:34.868+0000] {processor.py:183} INFO - Processing /home/airflow/.local/lib/python3.8/site-packages/airflow/example_dags/tutorial_objectstorage.py took 0.044 seconds
[2024-01-03T02:44:05.587+0000] {processor.py:161} INFO - Started process (PID=2320) to work on /home/airflow/.local/lib/python3.8/site-packages/airflow/example_dags/tutorial_objectstorage.py
[2024-01-03T02:44:05.588+0000] {processor.py:830} INFO - Processing file /home/airflow/.local/lib/python3.8/site-packages/airflow/example_dags/tutorial_objectstorage.py for tasks to queue
[2024-01-03T02:44:05.590+0000] {logging_mixin.py:188} INFO - [2024-01-03T02:44:05.589+0000] {dagbag.py:538} INFO - Filling up the DagBag from /home/airflow/.local/lib/python3.8/site-packages/airflow/example_dags/tutorial_objectstorage.py
[2024-01-03T02:44:05.594+0000] {processor.py:840} INFO - DAG(s) 'tutorial_objectstorage' retrieved from /home/airflow/.local/lib/python3.8/site-packages/airflow/example_dags/tutorial_objectstorage.py
[2024-01-03T02:44:05.606+0000] {logging_mixin.py:188} INFO - [2024-01-03T02:44:05.606+0000] {dag.py:3033} INFO - Sync 1 DAGs
[2024-01-03T02:44:05.615+0000] {logging_mixin.py:188} INFO - [2024-01-03T02:44:05.615+0000] {dag.py:3820} INFO - Setting next_dagrun for tutorial_objectstorage to None, run_after=None
[2024-01-03T02:44:05.627+0000] {processor.py:183} INFO - Processing /home/airflow/.local/lib/python3.8/site-packages/airflow/example_dags/tutorial_objectstorage.py took 0.042 seconds
[2024-01-03T02:44:35.961+0000] {processor.py:161} INFO - Started process (PID=2375) to work on /home/airflow/.local/lib/python3.8/site-packages/airflow/example_dags/tutorial_objectstorage.py
[2024-01-03T02:44:35.962+0000] {processor.py:830} INFO - Processing file /home/airflow/.local/lib/python3.8/site-packages/airflow/example_dags/tutorial_objectstorage.py for tasks to queue
[2024-01-03T02:44:35.963+0000] {logging_mixin.py:188} INFO - [2024-01-03T02:44:35.963+0000] {dagbag.py:538} INFO - Filling up the DagBag from /home/airflow/.local/lib/python3.8/site-packages/airflow/example_dags/tutorial_objectstorage.py
[2024-01-03T02:44:35.967+0000] {processor.py:840} INFO - DAG(s) 'tutorial_objectstorage' retrieved from /home/airflow/.local/lib/python3.8/site-packages/airflow/example_dags/tutorial_objectstorage.py
[2024-01-03T02:44:35.980+0000] {logging_mixin.py:188} INFO - [2024-01-03T02:44:35.980+0000] {dag.py:3033} INFO - Sync 1 DAGs
[2024-01-03T02:44:36.093+0000] {logging_mixin.py:188} INFO - [2024-01-03T02:44:36.093+0000] {dag.py:3820} INFO - Setting next_dagrun for tutorial_objectstorage to None, run_after=None
[2024-01-03T02:44:36.107+0000] {processor.py:183} INFO - Processing /home/airflow/.local/lib/python3.8/site-packages/airflow/example_dags/tutorial_objectstorage.py took 0.148 seconds
[2024-01-03T02:45:06.261+0000] {processor.py:161} INFO - Started process (PID=2430) to work on /home/airflow/.local/lib/python3.8/site-packages/airflow/example_dags/tutorial_objectstorage.py
[2024-01-03T02:45:06.262+0000] {processor.py:830} INFO - Processing file /home/airflow/.local/lib/python3.8/site-packages/airflow/example_dags/tutorial_objectstorage.py for tasks to queue
[2024-01-03T02:45:06.263+0000] {logging_mixin.py:188} INFO - [2024-01-03T02:45:06.263+0000] {dagbag.py:538} INFO - Filling up the DagBag from /home/airflow/.local/lib/python3.8/site-packages/airflow/example_dags/tutorial_objectstorage.py
[2024-01-03T02:45:06.268+0000] {processor.py:840} INFO - DAG(s) 'tutorial_objectstorage' retrieved from /home/airflow/.local/lib/python3.8/site-packages/airflow/example_dags/tutorial_objectstorage.py
[2024-01-03T02:45:06.281+0000] {logging_mixin.py:188} INFO - [2024-01-03T02:45:06.280+0000] {dag.py:3033} INFO - Sync 1 DAGs
[2024-01-03T02:45:06.289+0000] {logging_mixin.py:188} INFO - [2024-01-03T02:45:06.289+0000] {dag.py:3820} INFO - Setting next_dagrun for tutorial_objectstorage to None, run_after=None
[2024-01-03T02:45:06.302+0000] {processor.py:183} INFO - Processing /home/airflow/.local/lib/python3.8/site-packages/airflow/example_dags/tutorial_objectstorage.py took 0.044 seconds
[2024-01-03T02:45:36.704+0000] {processor.py:161} INFO - Started process (PID=2485) to work on /home/airflow/.local/lib/python3.8/site-packages/airflow/example_dags/tutorial_objectstorage.py
[2024-01-03T02:45:36.705+0000] {processor.py:830} INFO - Processing file /home/airflow/.local/lib/python3.8/site-packages/airflow/example_dags/tutorial_objectstorage.py for tasks to queue
[2024-01-03T02:45:36.707+0000] {logging_mixin.py:188} INFO - [2024-01-03T02:45:36.707+0000] {dagbag.py:538} INFO - Filling up the DagBag from /home/airflow/.local/lib/python3.8/site-packages/airflow/example_dags/tutorial_objectstorage.py
[2024-01-03T02:45:36.711+0000] {processor.py:840} INFO - DAG(s) 'tutorial_objectstorage' retrieved from /home/airflow/.local/lib/python3.8/site-packages/airflow/example_dags/tutorial_objectstorage.py
[2024-01-03T02:45:36.725+0000] {logging_mixin.py:188} INFO - [2024-01-03T02:45:36.725+0000] {dag.py:3033} INFO - Sync 1 DAGs
[2024-01-03T02:45:36.736+0000] {logging_mixin.py:188} INFO - [2024-01-03T02:45:36.736+0000] {dag.py:3820} INFO - Setting next_dagrun for tutorial_objectstorage to None, run_after=None
[2024-01-03T02:45:36.750+0000] {processor.py:183} INFO - Processing /home/airflow/.local/lib/python3.8/site-packages/airflow/example_dags/tutorial_objectstorage.py took 0.048 seconds
[2024-01-03T02:46:07.997+0000] {processor.py:161} INFO - Started process (PID=2540) to work on /home/airflow/.local/lib/python3.8/site-packages/airflow/example_dags/tutorial_objectstorage.py
[2024-01-03T02:46:07.998+0000] {processor.py:830} INFO - Processing file /home/airflow/.local/lib/python3.8/site-packages/airflow/example_dags/tutorial_objectstorage.py for tasks to queue
[2024-01-03T02:46:08.000+0000] {logging_mixin.py:188} INFO - [2024-01-03T02:46:08.000+0000] {dagbag.py:538} INFO - Filling up the DagBag from /home/airflow/.local/lib/python3.8/site-packages/airflow/example_dags/tutorial_objectstorage.py
[2024-01-03T02:46:08.006+0000] {processor.py:840} INFO - DAG(s) 'tutorial_objectstorage' retrieved from /home/airflow/.local/lib/python3.8/site-packages/airflow/example_dags/tutorial_objectstorage.py
[2024-01-03T02:46:08.019+0000] {logging_mixin.py:188} INFO - [2024-01-03T02:46:08.019+0000] {dag.py:3033} INFO - Sync 1 DAGs
[2024-01-03T02:46:08.029+0000] {logging_mixin.py:188} INFO - [2024-01-03T02:46:08.029+0000] {dag.py:3820} INFO - Setting next_dagrun for tutorial_objectstorage to None, run_after=None
[2024-01-03T02:46:08.042+0000] {processor.py:183} INFO - Processing /home/airflow/.local/lib/python3.8/site-packages/airflow/example_dags/tutorial_objectstorage.py took 0.048 seconds
[2024-01-03T02:46:38.539+0000] {processor.py:161} INFO - Started process (PID=2595) to work on /home/airflow/.local/lib/python3.8/site-packages/airflow/example_dags/tutorial_objectstorage.py
[2024-01-03T02:46:38.540+0000] {processor.py:830} INFO - Processing file /home/airflow/.local/lib/python3.8/site-packages/airflow/example_dags/tutorial_objectstorage.py for tasks to queue
[2024-01-03T02:46:38.542+0000] {logging_mixin.py:188} INFO - [2024-01-03T02:46:38.541+0000] {dagbag.py:538} INFO - Filling up the DagBag from /home/airflow/.local/lib/python3.8/site-packages/airflow/example_dags/tutorial_objectstorage.py
[2024-01-03T02:46:38.545+0000] {processor.py:840} INFO - DAG(s) 'tutorial_objectstorage' retrieved from /home/airflow/.local/lib/python3.8/site-packages/airflow/example_dags/tutorial_objectstorage.py
[2024-01-03T02:46:38.660+0000] {logging_mixin.py:188} INFO - [2024-01-03T02:46:38.659+0000] {dag.py:3033} INFO - Sync 1 DAGs
[2024-01-03T02:46:38.668+0000] {logging_mixin.py:188} INFO - [2024-01-03T02:46:38.668+0000] {dag.py:3820} INFO - Setting next_dagrun for tutorial_objectstorage to None, run_after=None
[2024-01-03T02:46:38.680+0000] {processor.py:183} INFO - Processing /home/airflow/.local/lib/python3.8/site-packages/airflow/example_dags/tutorial_objectstorage.py took 0.143 seconds
[2024-01-03T02:47:09.079+0000] {processor.py:161} INFO - Started process (PID=2649) to work on /home/airflow/.local/lib/python3.8/site-packages/airflow/example_dags/tutorial_objectstorage.py
[2024-01-03T02:47:09.080+0000] {processor.py:830} INFO - Processing file /home/airflow/.local/lib/python3.8/site-packages/airflow/example_dags/tutorial_objectstorage.py for tasks to queue
[2024-01-03T02:47:09.082+0000] {logging_mixin.py:188} INFO - [2024-01-03T02:47:09.081+0000] {dagbag.py:538} INFO - Filling up the DagBag from /home/airflow/.local/lib/python3.8/site-packages/airflow/example_dags/tutorial_objectstorage.py
[2024-01-03T02:47:09.090+0000] {processor.py:840} INFO - DAG(s) 'tutorial_objectstorage' retrieved from /home/airflow/.local/lib/python3.8/site-packages/airflow/example_dags/tutorial_objectstorage.py
[2024-01-03T02:47:09.107+0000] {logging_mixin.py:188} INFO - [2024-01-03T02:47:09.107+0000] {dag.py:3033} INFO - Sync 1 DAGs
[2024-01-03T02:47:09.120+0000] {logging_mixin.py:188} INFO - [2024-01-03T02:47:09.119+0000] {dag.py:3820} INFO - Setting next_dagrun for tutorial_objectstorage to None, run_after=None
[2024-01-03T02:47:09.136+0000] {processor.py:183} INFO - Processing /home/airflow/.local/lib/python3.8/site-packages/airflow/example_dags/tutorial_objectstorage.py took 0.060 seconds
